https://stackoverflow.com/questions/5304245/good-books-and-resources-on-data-parallel-programming-and-algorithms
https://stackoverflow.com/questions/1249465/data-structures-and-algorithms-e-books
https://stackoverflow.com/questions/10168686/image-processing-algorithm-improvement-for-coca-cola-can-recognition
https://stackoverflow.com/questions/24410912/books-ways-to-learn-data-structures-and-algorithms
https://stackoverflow.com/questions/5085729/data-structures-and-algorithms-book-for-the-practitioner-not-for-the-academic
https://stackoverflow.com/questions/2657504/choice-of-programming-language-for-learning-data-structures-and-algorithms
https://stackoverflow.com/questions/4756022/best-books-sites-blogs-to-learn-datastructures-and-algorithms-as-a-starting-leve
https://stackoverflow.com/questions/73018129/what-is-the-best-book-to-prepare-for-data-structures-and-algorithms-from-scratch
https://stackoverflow.com/questions/54018929/running-old-java-applets-from-book-data-structures-and-algorithms-in-java
https://stackoverflow.com/questions/2438251/which-data-structures-and-algorithms-book-should-i-buy
https://stackoverflow.com/questions/53098111/questions-regarding-code-in-a-data-structures-and-algorithms-book
https://stackoverflow.com/questions/63959491/dequeue-implementation-in-queue-class-from-book-data-structure-and-algorithms-i
https://stackoverflow.com/questions/4664926/data-structures-and-algorithm-book-for-c
https://stackoverflow.com/questions/455627/head-first-style-data-structures-algorithms-book
https://stackoverflow.com/questions/58888145/any-good-resources-on-data-structures-and-algorithms-in-haskell
https://stackoverflow.com/questions/70372161/linkedlist-c-sharp-data-structures-and-algorithms-using-c-sharp-michael-mcmilla
https://stackoverflow.com/questions/4348406/special-effects-algorithm-library-and-books
https://stackoverflow.com/questions/12305848/algorithm-to-assign-library-books-to-members-such-that-maximum-members-are-satis
https://stackoverflow.com/questions/45016210/can-i-add-a-new-header-in-a-circular-doubly-linked-list
https://stackoverflow.com/questions/58273906/how-do-you-approach-solving-data-structures-and-algorithms-problems
https://stackoverflow.com/questions/31993547/skip-list-explanation-data-structures-and-algorithms-in-c-by-adam-drozdek
https://stackoverflow.com/questions/1218782/data-mining-statistics-collective-intelligence-and-ai-algorithms-books-and-pro
https://stackoverflow.com/questions/51687777/strategies-to-learn-data-structures-especially-the-code-part
https://stackoverflow.com/questions/1276987/is-algorithm-design-manual-a-good-book-for-a-beginner-in-algorithms
https://stackoverflow.com/questions/64185781/what-is-the-right-time-complexity-of-this-function
https://stackoverflow.com/questions/1823975/dsp-algorithms-book
https://stackoverflow.com/questions/9877699/any-data-structures-algorithms-books-w-examples-in-objective-c-or-other-keywo
https://stackoverflow.com/questions/26181785/is-data-structure-and-algorithm-same-for-all-programming-languages
https://stackoverflow.com/questions/59161988/how-can-i-fix-this-textbook-program-to-add-polynomials-in-c
https://stackoverflow.com/questions/43009074/explanation-of-a-function-definition-in-logic-gate-code-in-problems-in-data-stru
https://stackoverflow.com/questions/2813401/books-on-string-algorithms
https://stackoverflow.com/questions/9935027/cout-does-not-name-a-type
https://stackoverflow.com/questions/31304947/how-does-this-delete-an-element-from-an-array
https://stackoverflow.com/questions/46017343/why-this-is-a-bad-bubble-sort-algorithm
https://stackoverflow.com/questions/58258764/algo-getnodebyid-unknown-function-graph-algorithms-book
https://stackoverflow.com/questions/76657365/merge-sorti-believe-code-in-the-book-is-wrong
https://stackoverflow.com/questions/34744597/a-hotel-booking-algorithm
https://stackoverflow.com/questions/22446693/transforms-begin-s-end-s-begin-tolower-cant-be-compiled-in-xcode-5
