/questions/109023/count-the-number-of-set-bits-in-a-32-bit-integer
/questions/10168686/image-processing-algorithm-improvement-for-coca-cola-can-recognition
/questions/600293/how-to-check-if-a-number-is-a-power-of-2
/questions/3819977/what-are-the-differences-between-genetic-algorithms-and-genetic-programming
/questions/28833375/bellman-ford-algorithms-and-number-of-steps
/questions/453793/which-is-the-fastest-algorithm-to-find-prime-numbers
/questions/52252206/what-is-the-fastest-search-algorithm-for-a-list-with-names-and-numbers
/questions/110344/algorithm-to-calculate-the-number-of-divisors-of-a-given-number
/questions/3956478/understanding-randomness
/questions/23287/algorithm-to-find-largest-prime-factor-of-a-number
/questions/12011289/2-way-encryption-algorithm-that-for-both-ruby-node-js-that-only-encrypts-to-le
/questions/18519270/hash-function-which-returns-not-just-lowercase-letters-and-numbers-but-also-sym
/questions/20800449/php-combinations-of-letters-and-numbers-algorithm-and-start-from-x-position
/questions/58585917/get-special-characters-and-numbers-in-output-file-using-rot-13
/questions/295579/fastest-way-to-determine-if-an-integers-square-root-is-an-integer
/questions/66629180/how-to-restrict-the-user-to-input-only-letters-and-numbers-in-python-3
/questions/75922800/question-about-algorithms-and-the-fibonacci-number-in-pascal-abs
/questions/42772275/dpll-algorithm-and-number-of-visited-nodes
/questions/37612396/siftdown-algorithm-number-of-comparisons
/questions/36213100/generate-a-random-length-is-12-string-that-is-comprised-uppercase-and-lowercase
/questions/61837799/does-the-number-of-comparisons-in-an-algorithm-differ-from-its-complexity-if-so
/questions/29703403/what-algorithms-and-tools-should-i-be-using-to-create-a-css-specificity-calculat
/questions/48664066/how-can-i-sort-three-more-arrays-according-to-one-strings-and-numbers
/questions/35447494/algorithm-print-the-nth-consecutive-prime-number
/questions/59888352/how-to-split-a-string-into-words-and-numbers
/questions/1374011/looking-for-space-efficient-algorithms-and-data-structures
/questions/1506078/fast-permutation-number-permutation-mapping-algorithms
/questions/34677665/how-to-replace-all-available-special-character-and-numbers-in-php-using-regular
/questions/69352918/algorithms-task-about-finding-not-unique-number-in-array
/questions/68885837/which-metaheuristic-algorithm-should-i-use-in-this-situation
/questions/25747499/java-8-difference-between-two-localdatetime-in-multiple-units
/questions/55948275/algorithms-and-run-time-analysis
/questions/61313887/divide-and-conquer-algorithm-max-number-in-array
/questions/742013/how-do-i-create-a-url-shortener
/questions/74550887/algorithms-and-techniques-for-string-search-across-multiple-gib-of-text-files
/questions/63867796/difference-between-ranges-algorithms-and-std-algorithms
/questions/53711311/how-to-sort-odd-number-list-using-only-merge-sort-algorithm-and-also-even-numbe
/questions/18205073/what-is-the-core-difference-between-strings-and-numbers-in-common-lisp
/questions/15946419/unknown-error-in-number-prediction-algorithm
/questions/49307089/find-common-numbers-in-array-algorithm-efficiency-in-javascript
/questions/68263140/is-there-a-known-algorithm-for-simplifying-a-boolean-expression-with-number-comp
/questions/5356502/algorithms-based-on-number-base-systems
/questions/2603692/what-is-the-difference-between-tree-depth-and-height
/questions/67961323/how-to-write-an-efficient-algorithm-that-generates-a-list-of-unique-random-numbe
/questions/68300337/python-algorithms-and-big-o
/questions/27430092/what-is-a-possible-use-case-of-bigintegers-isprobableprime
/questions/57341339/structuring-swi-prolog-code-into-modules-for-unit-testing-of-multiple-algorithms
/questions/61702626/assistance-with-quick-sort-algorithm-to-work-with-letter-and-number-char-values
/questions/62221848/why-the-if-else-statement-is-not-working-properly
/questions/54105827/a-page-replacement-algorithm-should-minimize-the-number-of-page-faults
/questions/3302857/algorithm-to-get-the-excel-like-column-name-of-a-number
/questions/10096443/what-is-the-algorithm-to-determine-optimal-work-group-size-and-number-of-workgro
/questions/35425116/number-of-comparisons-for-different-lists-in-sorting-algorithms
/questions/4637550/go-and-a-bad-prime-number-algorithm
/questions/22434644/two-arrays-and-number-best-algorithm
/questions/2068372/fastest-way-to-list-all-primes-below-n
/questions/17588132/algorithms-for-formatting-floating-point-to-decimal-number
/questions/6695343/how-to-use-alphanum-py
/questions/56633718/bubble-sort-algorithm-has-a-bug-where-some-numbered-lists-dont-sort-correctly-i
/questions/69293600/how-to-count-the-number-of-comparisons-in-this-algorithm
/questions/9208535/how-to-handle-a-variable-number-of-algorithms-in-a-kernel
/questions/23910110/c-algorithm-about-returning-a-number
/questions/23910110/c-algorithm-about-returning-a-number
/questions/42136471/algorithm-to-divide-array-of-length-n-containing-numbers-from-1-to-n-no-repetit
/questions/33070990/how-to-concatenate-tokens-and-strings-and-numbers-in-java
/questions/42725751/sort-algorithm-and-distance-between-number
/questions/22487619/or-of-pairwise-xor
/questions/14540373/how-to-create-generate-permutation-of-characters-and-numbers-with-length-contr
/questions/26952477/number-pyramid-algorithm
/questions/7761371/genetic-algorithm-and-tetris
/questions/37929829/what-is-the-id-number-for-brotli-compression-inside-a-zip-archive
/questions/16509204/converting-numbers-by-euclidean-algorithm-and-the-horners-method
/questions/23812721/whats-the-ideal-population-size-and-number-of-iterations-for-genetic-algorithm
/questions/52797089/find-the-number-of-instructions-of-an-algorithm
/questions/37703202/winding-number-algorithm-and-point-on-boundary-edge-of-convex
/questions/7694978/how-to-approach-a-number-guessing-game-with-a-twist-algorithm
/questions/30094377/prime-number-search-algorithm-two-different-algorithm-and-use-of-prime-tables
/questions/11541434/algorithm-for-mixing-a-number-of-variables
/questions/28549854/algorithm-for-finding-if-theres-a-common-number
/questions/75042385/advanced-algorithms-problems-nice-triangle-prime-number-pyramid-where-every
/questions/642213/how-to-implement-a-natural-sort-algorithm-in-c
/questions/9368205/given-a-number-find-the-next-higher-number-which-has-the-exact-same-set-of-digi
/questions/28811874/how-to-encrypt-data-with-no-meta-character-in-result-using-symmetric-key-algorit
/questions/439870/why-are-primes-important-in-cryptography
/questions/42321420/how-can-i-make-my-program-finish-when-there-is-no-more-std-input-in-c
/questions/33448923/encryption-algorithm-and-bitwise-parity
/questions/43119744/python-generate-all-possible-strings-of-length-n
/questions/40642383/is-this-a-good-algorithm-for-listing-prime-numbers
/questions/25894354/algorithm-for-getting-a-special-list-of-numbers
/questions/22157295/questions-on-the-concepts-of-sorting-algorithms
/questions/11983147/given-a-rng-algorithm-and-a-series-of-numbers-is-it-possible-to-determine-what-s
/questions/17388543/how-to-find-number-of-factors-of-product-of-numbers
/questions/49376391/is-there-maximum-number-of-noise-outliers-in-dbscan-algorithm
/questions/37101353/problems-with-recursive-algorithms-and-spark-dataframes
/questions/57260319/stuck-on-project-euler-10
/questions/29717933/suggesting-implementation-of-an-algorithm-on-fpga
/questions/19576430/finding-a-nonzero-integer-x-where-x-x
/questions/66289336/python-cluster-connnected-elements-with-n-to-m-relationship
/questions/53996423/number-theory-transform-recursive-algorithm
/questions/31102697/modelica-algorithm-and-equation-number-of-variables-and-equations
/questions/1418223/efficiency-of-sort-algorithms
/questions/33586183/c-heapsort-function-outputting-wrong-numbers
/questions/3420937/algorithm-to-find-which-number-in-a-list-sum-up-to-a-certain-number
/questions/9018614/algorithm-to-find-lucky-numbers
/questions/25861232/quick-find-union-on-n-elements
/questions/5263187/print-an-integer-in-binary-format-in-java
/questions/23290188/project-euler-10
/questions/63812044/explain-the-algorithm-and-check-whether-the-number-is-a-prime-number-or-not
/questions/64383544/test-for-n-digits-in-a-string
/questions/51706364/java-over-represented-candidates-in-random-number-generator
/questions/67269978/how-to-find-number-of-comparisons-and-complexity-of-a-given-algorithm
/questions/4801242/algorithm-to-calculate-number-of-intersecting-discs
/questions/4809051/prime-number-algorithm
/questions/25690175/bucket-sort-faster-than-quicksort
/questions/44205956/c-getting-prime-numbers-using-this-algorithm
/questions/31446342/the-smallest-free-number-divide-and-conquer-algorithm
/questions/30535193/generating-unique-numbers-that-pass-luhn-algorithm-verification
/questions/4801242/algorithm-to-calculate-number-of-intersecting-discs
/questions/23195883/how-to-sort-strings-in-dictionary-order
/questions/233850/tetris-piece-rotation-algorithm
/questions/54437835/how-to-split-a-string-without-spaces-into-an-array-of-words
/questions/65748742/occurrence-of-number-in-array-with-complexity-log-n-algorithm-and-c
/questions/73891148/any-useful-mathematical-function-algorithm-to-break-down-big-numbers
/questions/56367356/greedy-algorithms-and-time-complexity-2
/questions/23165398/minesweeper-clearing-algorithm
/questions/20741267/fast-algorithm-to-find-and-element-in-a-string
/questions/59029105/how-to-generate-32-bit-integers-random-number-using-marsenne-twister-algorithm
/questions/24856104/correct-hashing-algorithm-function
/questions/29220152/what-are-relevant-operations-in-analysis-of-algorithms
/questions/33798227/topological-sort-algorithm-and-implementation
/questions/71153259/sum-of-2-elements-in-array-algorithm-javascript
/questions/16628088/euclidean-algorithm-gcd-with-multiple-numbers
/questions/17782370/how-to-draw-a-precision-recall-diagram
/questions/63758702/read-integers-from-a-string
/questions/59723732/openmp-speed-up-loss
/questions/9942228/kadane-algorithm-negative-numbers
/questions/26167558/insertion-sort-c
/questions/667802/what-is-the-algorithm-to-convert-an-excel-column-letter-into-its-number
/questions/73967852/algorithm-to-solve-5-x-5-number-game
/questions/33199443/division-and-remainder-algorithm-in-ntl
/questions/6566835/algorithm-to-check-if-a-number-if-a-perfect-number
/questions/21611430/analyzing-iterative-algorithms-basic-operations-number-of-basic-operations-ex
/questions/2926336/i-need-an-algorithm-to-get-the-chromatic-number-of-a-graph
/questions/9765567/mergesort-implementation-counting-number-of-inversions-in-an-array
/questions/36473456/huge-fibonacci-number
/questions/12694756/why-cant-i-set-the-index-value-of-the-loop-algorithm
/questions/61554582/maximize-size-of-bucket-such-that-product-is-not-cube
/questions/12965463/humanized-or-natural-number-sorting-of-mixed-word-and-number-strings
/questions/25057500/efficient-algorithm-for-finding-number-of-almost-sorted-intervals
/questions/70868052/javascript-multiply-algorithm
/questions/49964405/out-of-memory-allocated-908066816-tried-to-allocate-805306376-bytes-php-erro
/questions/4536986/unicode-unknown-character-detection-in-php
/questions/14703151/number-algorithm-for-barcodes
/questions/59433930/max-number-in-array-algorithm-when-arrays-size-is-power-of-2
/questions/17626301/algorithm-for-obtaining-a-sum-with-minimum-number-of-terms
/questions/71776246/python-algorithm-to-match-similar-numbers-on-array
/questions/15047116/an-iterative-algorithm-for-fibonacci-numbers
/questions/31296857/unsorted-matrix-search-algorithm
/questions/8034252/bell-numbers-algorithm
/questions/55773705/python-find-prime-number-algorithm
/questions/3078472/using-a-part-of-counting-sort-algorithm-for-returning-the-numbers-of-elements-be
/questions/23157994/number-of-executions-in-an-algorithm
/questions/2484892/fastest-algorithm-to-check-if-a-number-is-pandigital
/questions/69894260/java-algorithm-to-create-own-unique-key
/questions/51573225/sort-array-to-k-sorted-parts-of-unsorted-element
/questions/33184843/reverse-a-number-algorithm
/questions/9647066/algorithm-in-securerandom-number
/questions/75960633/comparing-greedy-pricing-algorithm-and-lp-based-rounding-for-vertex-cover-prob
/questions/41432180/the-algorithm-inverse-number
/questions/11883466/need-help-on-calculating-operational-complexity-of-this-algorithm
/questions/54330189/how-to-reverse-a-string-with-numbers-but-dont-reverse-1-and-0
/questions/17736053/algorithm-for-good-number
/questions/14846937/algorithm-for-incrementing-numbers-in-each-position-in-an-array
/questions/13287686/number-aligning-algorithm
/questions/11314077/algorithm-for-exclusion-of-numbers
/questions/2587766/how-is-a-crc32-checksum-calculated
/questions/4158264/algorithm-to-calculate-the-number-of-1s-for-a-range-of-numbers-in-binary
/questions/6560140/optimal-bubble-sorting-algorithm-for-an-array-of-arrays-of-numbers
/questions/10308114/smallest-number-algorithm
/questions/8861994/algorithm-for-finding-smallest-number-with-given-number-of-factors
/questions/28643730/rsa-encryption-safety
/questions/56273942/removing-duplicates-using-collections-in-java-when-merging-two-sorted-arrays
/questions/61195121/the-odd-number-algorithm
/questions/4964004/quicksort-sorts-larger-numbers-faster
/questions/50092094/recursion-don%c2%b4t-go-to-the-step-back-when-finishing-the-last-step
/questions/12627131/specific-algorithm-sorting-n-elements-with-m-distinct-values
/questions/8631824/recursive-algorithm-to-select-ascending-noncontiguous-numbers-from-a-list
/questions/31824045/random-numbers-algorithm
/questions/42768622/algorithm-translate-a-number-to-string
/questions/35855799/javascript-improving-algorithm-for-finding-square-roots-of-perfect-squares-wit
/questions/879069/compression-algorithms-for-numbers-only
/questions/51321987/freecodecamp-counting-cards
/questions/27026430/why-this-simple-algorithm-for-finding-the-maximum-number-among-3-numbers-cant
/questions/4424709/randomized-quick-sort-crashes-on-some-inputs
/questions/879069/compression-algorithms-for-numbers-only
/questions/20584176/algorithm-about-number-theory
/questions/36673127/algorithm-to-find-minimal-number-of-subsets-of-a-set-of-given-conditions
/questions/20666655/genetic-algorithm-with-numbers
/questions/59863453/definition-of-twos-complement-in-a-simple-language
/questions/73281861/finding-the-gcd-without-lists-code-not-returning-the-desired-output
/questions/60824914/hex-to-number-algorithm
/questions/5323941/algorithm-to-sort-pairs-of-numbers
/questions/18185060/algorithm-for-number-similarity
/questions/63161019/screen-scrape-alphanumeric-chars-from-picture
/questions/54670348/fastest-way-to-find-the-nearest-element-in-the-array-of-real-numbers
/questions/19325144/gnuplot-chart-drawing-for-each-text-file
/questions/26370287/how-modern-x86-processors-actually-compute-multiplications
/questions/28767043/number-increment-algorithm-efficiency
/questions/75278804/genetic-algorithm-in-r-specify-number-of-1s-in-binary-chromosomes
/questions/62150130/algorithm-of-checking-if-the-number-is-prime
/questions/47832359/algorithm-that-receives-a-number-and-a-digit-and-checks-how-many-times-the-digit
/questions/48515565/sparse-matrix-multiplication-complexity
/questions/29927439/algorithms-how-do-divide-and-conquer-and-time-complexity-onlogn-relate
/questions/31050960/random-number-generation-algorithm
/questions/59080925/is-my-declared-array-size-interring-with-my-search
/questions/68554113/sum-all-numbers-in-a-range
/questions/56710004/i-need-help-solving-this-javascript-challenge
/questions/46803068/algorithm-for-finding-coefficients-in-linear-combination-of-two-numbers-which-is
/questions/5847705/what-does-logn-actually-mean
/questions/9121151/count-number-of-comparisons-of-a-sorting-algorithm-and-add-it-to-an-array-list-i
/questions/5847705/what-does-logn-actually-mean
/questions/7867437/can-flex-4-or-actionscript-access-shared-c-or-c-library
/questions/4722403/algorithm-to-find-the-next-number-in-a-sequence-of-numbers
/questions/50959870/coalesce-columns-in-spark-dataframe
/questions/9253902/generating-a-10-digit-security-token
/questions/2259692/show-a-guid-in-36-letters-format
/questions/15823106/weekly-group-assignment-algorithm-with-odd-number-of-participants
/questions/192/floating-point-number-parsing-is-there-a-catch-all-algorithm
/questions/28747189/java-havel-hakimi-algorithm-algorithm-for-determing-whether-the-sequence-of-nu
/questions/319524/algorithm-for-generating-a-random-number
/questions/50375987/how-should-i-hash-this-data-in-c
/questions/27995829/brute-force-password-with-words-and-numbers
/questions/33801290/why-result-of-not-equal-to
/questions/50375987/how-should-i-hash-this-data-in-c
/questions/40326112/need-an-algorithm-to-print-a-list-of-unique-words-and-number-of-occurences
/questions/69966898/iterating-through-list-with-count-resetting-on-0
/questions/8108550/general-approach-to-developing-an-image-classification-algorithm-for-dilbert-car
/questions/29918092/random-data-generator-applet-returns-0x6f00
/questions/28987055/next-prime-number-algorithm
/questions/72897473/can-i-separately-train-a-classifier-e-g-svm-with-two-different-types-of-featu
/questions/76462443/masking-and-unmasking-a-string-in-python
/questions/58928980/a-algorithm-to-track-the-status-of-a-number
/questions/21232174/improve-number-compression-algorithm
/questions/18326240/unique-random-number-algorithm
/questions/61407801/how-can-i-improve-my-countdown-numbers-solver-algorithm-to-find-more-solutions
/questions/300907/sort-numbers-by-sum-algorithm
/questions/73857950/what-counts-as-an-operation-in-algorithms
/questions/62563289/greedy-algorithm-number-list
/questions/72867748/building-a-number-compression-algorithm
/questions/21232174/improve-number-compression-algorithm
/questions/44960559/prime-numbers-algorithm-efficiency
/questions/22387257/optimal-algorithm-for-happy-numbers
/questions/25671313/count-number-of-operations-in-algorithm
/questions/34801377/array-with-consecutive-numbers-algorithm
/questions/20198615/separating-numbers-and-alphabets-in-an-array
/questions/35135118/algorithm-for-grouping-consecutive-numbers
/questions/39913021/compute-average-for-numbers-from-a-to-b-using-repetition
/questions/8334292/algorithm-to-partition-a-number
/questions/23297879/algorithm-for-subtraction-of-binary-numbers
/questions/398945/collect-lowest-numbers-algorithm
/questions/2884172/algorithm-for-dividing-very-large-numbers
/questions/74630707/algorithm-to-count-natural-numbers
/questions/14484004/how-accurate-is-googles-libphonenumber
/questions/28310859/better-algorithm-on-prime-numbers
/questions/59599432/get-missing-number-from-array-with-an-efficient-algorithm
/questions/20502869/run-two-algorithms-side-by-side-on-the-same-input-iterator-range
/questions/14201284/heterogeneous-data-logging-and-analysis
/questions/52833689/algorithm-for-random-numbers-generation
/questions/64073300/how-to-find-a-name-from-a-phonebook-string-in-ologn
/questions/8260971/random-number-generator-algorithm
/questions/44179176/uniformly-distribute-n-items-into-c-bins
/questions/26703818/a-number-in-the-mirror-algorithm-in-c
/questions/4210466/latex-change-the-numbering-style-for-algorithms
/questions/27364034/algorithm-to-check-sequence-numbers
/questions/49518019/armstrong-numbers-algorithm-in-java
/questions/70049037/how-to-fill-array-with-random-numbers-in-counting-sort-algorithm-in-c
/questions/20730053/algorithm-to-find-nth-root-of-a-number
/questions/60846606/happy-number-algorithm-in-python
/questions/54238493/what-is-the-search-prediction-time-complexity-of-logistic-regression
/questions/30793896/in-a-nxn-matrix-what-algorithm-finds-the-shortest-path-between-two-nodes
/questions/49329324/pygmo2-archipelago-using-simulated-annealing-only-evolves-the-initial-champion
/questions/4201292/on-algorithm-to-find-the-median-of-n%c2%b2-implicit-numbers
/questions/18429988/algorithm-to-represent-a-sequence-of-numbers
/questions/19040775/algorithm-to-calculate-number-pair-sequence
/questions/10774963/unique-number-generation-algorithm
/questions/17198419/transform-string-from-a1b2c3d4-to-abcd1234
/questions/36619173/an-algorithm-computing-the-number-of-vertices
/questions/61165485/inserter-iterator-to-insert-in-different-container-depending-on-predicate
/questions/67216212/how-do-i-use-jest-to-make-sure-i-am-only-using-two-arguments
/questions/4320460/fedex-checksum-algorithm-for-tracking-numbers
/questions/4320460/fedex-checksum-algorithm-for-tracking-numbers
/questions/24417865/fast-algorithm-to-count-the-number-of-1-for-binary-number
/questions/50305861/keep-statistic-about-sorting-algorithms
/questions/4164362/credit-card-number-validation-algorithm
/questions/75713668/number-of-communities-in-leiden-algorithm
/questions/75778524/inversions-number-on-mergesort-algorithm
/questions/17802357/an-algorithm-to-find-number-of-numbers-in-a-given-limit-l-0-l-1016-wi
/questions/32673276/generalizng-the-babylonian-square-root-algorithm-to-nth-roots
/questions/28307305/consecutive-negative-number-algorithm
/questions/49918625/algorithm-factorialize-a-number-douts
/questions/54759750/algorithm-number-of-inversions-python
/questions/20838547/modulo-algorithm-for-prime-numbers
/questions/34618462/arrange-numbers-to-form-largest-number-proof-of-algorithm
/questions/1033501/enumerating-all-strings-meeting-given-restrictions
/questions/21081326/void-function-bubble-sort-doesnt-sort-arrays
/questions/23484711/merge-sort-algorithm-counting-inversions
/questions/21081326/void-function-bubble-sort-doesnt-sort-arrays
/questions/41063543/karatsuba-algorithm-working-for-small-numbers-but-not-for-big-ones-cant-see-wh
/questions/65379393/what-is-the-complexity-of-2-loops-with-the-inside-loop-starting-at-the-first-one
/questions/67542033/luhn-algorithm-id-number
/questions/9574815/understanding-a-median-selection-algorithm
/questions/26433405/process-allocation-algorithm
/questions/20708811/5-million-records-sort-txt-file-not-using-any-technique
/questions/35572168/prime-number-algorithm-not-working
/questions/46049566/optimizing-dfs-in-python
/questions/73431452/why-are-the-imported-libraries-in-python-so-much-faster-than-code-manually-writt
/questions/715251/out-of-curiosity-how-are-serial-numbers-generated-hints-algorithms
/questions/23791086/pretty-number-formatting-algorithm
/questions/9456790/why-are-composite-numbers-bad-for-hashing-by-division
/questions/59116786/algorithm-to-count-the-number-of-partitionings
/questions/59116786/algorithm-to-count-the-number-of-partitionings
/questions/2755431/minimum-number-of-training-examples-for-find-s-candidate-elimination-algorithms
/questions/30836966/should-checking-loop-conditions-be-counted-towards-total-number-of-comparisons
/questions/40577095/algorithm-to-solve-recurrence-number
/questions/19370236/on-algorithm-to-find-the-odd-number-out-in-array-of-consecutive-integers-from
/questions/59638170/number-filtration-algorithm-bug
/questions/1523393/permutations-of-letters-and-numbers-in-a-phone-number
/questions/47728187/what-sort-of-time-complexity-would-be-required-to-solve-the-rsa-factoring-challe
/questions/14091124/functional-algorithm-to-reverse-a-number
/questions/13008655/number-game-algorithm
/questions/52222756/algorithm-of-finding-numbers
/questions/24232890/efficient-algorithm-for-finding-the-same-number
/questions/27658209/seeking-the-algorithm-to-generate-this-table-of-numbers
/questions/40888988/is-there-a-better-algorithm-to-assign-numbers-to-combinations
/questions/66074687/is-there-a-limit-for-inserting-number-of-images-in-google-sheets
/questions/7751466/need-an-algorithm-to-split-a-series-of-numbers
/questions/3229459/algorithm-to-cover-maximal-number-of-points-with-one-circle-of-given-radius
/questions/1823864/a-good-algorithm-for-generating-an-order-number
/questions/19273070/algorithm-for-checking-if-number-is-factorable-into-a-set-of-prime-numbers
/questions/29536203/pyramid-number-algorithm
/questions/3339248/numbering-issues-of-using-algorithms-package
/questions/37644542/crossing-number-algorithm-in-android
/questions/72174209/testing-implementation-details-for-automated-assessment-of-sorting-algorithms
/questions/27938842/python-algorithm-for-prime-numbers
/questions/20592751/algorithm-for-product-of-n-numbers
/questions/21535586/log-log-plot-graph-of-algorithm-time-complexity
/questions/139811/algorithm-to-score-similarness-of-sets-of-numbers
/questions/34594870/for-a-string-that-consists-of-a-number-algorithm
/questions/55149624/algorithm-for-check-a-civil-number
/questions/36335941/comparing-numbers-algorithm
/questions/40043219/openssl-speed-benchmark-test
/questions/46572238/unexpected-segmentation-fault-working-with-small-numbers-in-an-algorithm
/questions/54943299/how-to-extract-sentences-between-point-and-brackets-with-r
/questions/60780722/java-program-runs-infinitely-with-no-cause-no-stackoverflow-but-program-never-t
/questions/15863658/a-algorithm-and-games
/questions/30052316/find-next-prime-number-algorithm
/questions/37532805/determining-the-number-of-steps-in-an-algorithm
/questions/7129855/algorithm-in-c-playing-with-numbers-number-with-3-in-units-place
/questions/20476848/fibonacci-numbers-algorithm
/questions/6064462/manipulate-a-number-algorithm
/questions/59109982/what-is-the-difference-between-lda-and-ntm-in-amazon-sagemaker-for-topic-modelin
/questions/20833644/finding-number-c-of-key-comparisons-and-number-m-of-moves
/questions/3025616/sort-algorithm-with-fewest-number-of-operations
/questions/32467571/is-there-any-other-algorithms-to-find-that-a-number-is-a-prime-number-or-not
/questions/59109982/what-is-the-difference-between-lda-and-ntm-in-amazon-sagemaker-for-topic-modelin
/questions/6064462/manipulate-a-number-algorithm
/questions/3025616/sort-algorithm-with-fewest-number-of-operations
/questions/12877639/optimization-algorithm-with-numbers
/questions/24341845/algorithm-to-sort-numbers
/questions/39676949/tau-numbers-algorithm
/questions/742566/number-combination-algorithm
/questions/42678358/whats-the-faster-algorithm-to-rearrange-given-array-of-numbers
/questions/67853041/quicksort-went-wrong-added-some-duplicates
/questions/18165989/generalizing-parallel-algorithms-on-the-number-of-threads
/questions/148003/algorithm-for-finding-the-maximum-difference-in-an-array-of-numbers
/questions/58141109/algorithm-to-represent-a-number
/questions/65847415/algorithm-for-number-series-row-and-column
/questions/53677919/algorithm-to-sum-all-the-numbers-in-the-string
/questions/2894325/an-algorithm-for-converting-a-base-10-number-to-a-base-n-number
/questions/5163136/compression-of-small-string
/questions/47970442/number-encryption-algorithm
/questions/11607908/algorithm-for-random-numbers
/questions/26186665/encrypt-in-coldfusion-and-decrypt-in-c-sharp
/questions/58141109/algorithm-to-represent-a-number
/questions/68376929/best-way-to-perform-uint32-additions-in-vb-net-that-are-supposed-to-overflow
/questions/65751685/reverse-the-number-algorithm
/questions/11580971/how-to-remove-duplicates-from-a-file
/questions/3808171/fast-algorithm-for-finding-prime-numbers
/questions/61533787/how-can-i-change-my-reduce-to-sum-numbers-until-i-get-the-number-which-was-ask
/questions/43511761/an-algorithm-with-time-complexity-onlogr-to-find-first-kj-1-%e2%89%a4-j-%e2%89%a4-r-smallest
/questions/53575135/testing-sorting-algorithms-with-different-sizes-of-number-sets
/questions/39799253/algorithm-of-number-conversion
/questions/61533787/how-can-i-change-my-reduce-to-sum-numbers-until-i-get-the-number-which-was-ask
/questions/23463126/random-number-algorithm-implementation-in-java
/questions/67443673/algorithm-to-find-2-consecutive-numbers
/questions/7396570/what-is-an-efficient-algorithm-for-counting-the-number-of-triangles-in-a-graph
/questions/6150046/extract-algorithm-from-number-distribution
/questions/26962789/count-elements-using-stdaccumulate-algorithm-and-lambda-expressions
/questions/8096575/algorithm-for-pick-the-number-up-game
/questions/61841008/how-to-find-all-combinations-of-numbers-summing-up-to-a-certain-number
/questions/58493/algorithm-to-find-a-common-multiplier-to-convert-decimal-numbers-to-whole-number
/questions/39890443/genetic-algorithm-framework-in-net-gaf-connection-between-population-and-nu
/questions/15877322/algorithm-for-continuous-number-arrangement-javascript
/questions/50404221/algorithm-for-distributing-a-number-between-certain-number-of-chunks
/questions/7780400/garwicks-algorithm-for-dealing-with-stack-overflows
/questions/12519535/extended-euclidean-algorithm-and-the-concept-of-multiplicative-inverse
/questions/22827876/optimizing-a-prime-number-factorization-algorithm
/questions/8475118/when-l1-misses-are-a-lot-different-than-l2-accesses-tlb-related
/questions/40076590/count-number-of-0-with-floodfill-algorithm
/questions/50096637/recursive-algorithm-to-add-consecutive-numbers
/questions/3887090/reading-and-writing-bits-to-text-files-in-java
/questions/25856777/shortest-path-algorithm-in-line-follower-robot-maze-solving
/questions/15991689/python-genetic-algorithm-for-binary-number
/questions/38345273/javascript-algorithm-converting-to-roman-numbers
/questions/56775358/backtracking-algorithm-that-finds-solutions-for-sudoku
/questions/5380568/algorithm-to-find-k-smallest-numbers-in-array-of-n-items
/questions/4229870/c-algorithm-to-calculate-least-common-multiple-for-multiple-numbers
/questions/913624/sorting-algorithm-where-pairwise-comparison-can-return-more-information-than-1
/questions/13964948/match-schedule-algorithm-each-team-play-specific-number-of-matches
/questions/7485295/how-to-convert-a-float-number-to-a-binary-string-and-vice-versa-with-ruby
/questions/29884663/calculating-the-time-complexity-of-nested-loop
/questions/17226205/calculating-the-strahler-number-minimum-of-registers-needed-to-evaluate-an-e
/questions/22085048/algorithm-for-adding-subtracting-numbers-to-find-if-number-can-be-made
/questions/56263569/prime-numbers-implementation
/questions/37247587/how-can-i-choose-5-of-my-twitter-friends-in-a-way-that-maximizes-the-number-of-d
/questions/31900119/java-execution-run-time-of-bubble-vs-selection-sort
/questions/51103656/i-cant-figure-out-a-sum-and-numbers-solution
/questions/13717312/number-of-addition-and-multiplication-operators-in-this-algorithm
/questions/70709755/analyze-algorithm-of-finding-maximum-number-in-array-with-n-number
/questions/14797620/calculating-pi-number-with-chudnovsky-algorithm
/questions/36357764/some-sort-of-number-allocation-algorithm
/questions/6087288/understanding-algorithm-for-finding-a-random-number
/questions/68979724/algorithm-for-prioritize-list-of-number-balloting
/questions/3339492/algorithm-to-count-the-number-of-valid-blocks-in-a-permutation
/questions/2844703/algorithm-to-find-the-factors-of-a-given-number-shortest-method
/questions/2179707/algorithm-to-find-a-number-and-its-square-in-an-array
/questions/109023/count-the-number-of-set-bits-in-a-32-bit-integer
/questions/10168686/image-processing-algorithm-improvement-for-coca-cola-can-recognition
/questions/600293/how-to-check-if-a-number-is-a-power-of-2
/questions/3819977/what-are-the-differences-between-genetic-algorithms-and-genetic-programming
/questions/28833375/bellman-ford-algorithms-and-number-of-steps
/questions/453793/which-is-the-fastest-algorithm-to-find-prime-numbers
/questions/52252206/what-is-the-fastest-search-algorithm-for-a-list-with-names-and-numbers
/questions/110344/algorithm-to-calculate-the-number-of-divisors-of-a-given-number
/questions/3956478/understanding-randomness
/questions/23287/algorithm-to-find-largest-prime-factor-of-a-number
/questions/12011289/2-way-encryption-algorithm-that-for-both-ruby-node-js-that-only-encrypts-to-le
/questions/18519270/hash-function-which-returns-not-just-lowercase-letters-and-numbers-but-also-sym
/questions/20800449/php-combinations-of-letters-and-numbers-algorithm-and-start-from-x-position
/questions/58585917/get-special-characters-and-numbers-in-output-file-using-rot-13
/questions/295579/fastest-way-to-determine-if-an-integers-square-root-is-an-integer
/questions/66629180/how-to-restrict-the-user-to-input-only-letters-and-numbers-in-python-3
/questions/75922800/question-about-algorithms-and-the-fibonacci-number-in-pascal-abs
/questions/42772275/dpll-algorithm-and-number-of-visited-nodes
/questions/37612396/siftdown-algorithm-number-of-comparisons
/questions/36213100/generate-a-random-length-is-12-string-that-is-comprised-uppercase-and-lowercase
/questions/61837799/does-the-number-of-comparisons-in-an-algorithm-differ-from-its-complexity-if-so
/questions/29703403/what-algorithms-and-tools-should-i-be-using-to-create-a-css-specificity-calculat
/questions/48664066/how-can-i-sort-three-more-arrays-according-to-one-strings-and-numbers
/questions/35447494/algorithm-print-the-nth-consecutive-prime-number
/questions/59888352/how-to-split-a-string-into-words-and-numbers
/questions/1374011/looking-for-space-efficient-algorithms-and-data-structures
/questions/1506078/fast-permutation-number-permutation-mapping-algorithms
/questions/34677665/how-to-replace-all-available-special-character-and-numbers-in-php-using-regular
/questions/69352918/algorithms-task-about-finding-not-unique-number-in-array
/questions/68885837/which-metaheuristic-algorithm-should-i-use-in-this-situation
/questions/25747499/java-8-difference-between-two-localdatetime-in-multiple-units
/questions/55948275/algorithms-and-run-time-analysis
/questions/61313887/divide-and-conquer-algorithm-max-number-in-array
/questions/742013/how-do-i-create-a-url-shortener
/questions/74550887/algorithms-and-techniques-for-string-search-across-multiple-gib-of-text-files
/questions/63867796/difference-between-ranges-algorithms-and-std-algorithms
/questions/53711311/how-to-sort-odd-number-list-using-only-merge-sort-algorithm-and-also-even-numbe
/questions/18205073/what-is-the-core-difference-between-strings-and-numbers-in-common-lisp
/questions/15946419/unknown-error-in-number-prediction-algorithm
/questions/49307089/find-common-numbers-in-array-algorithm-efficiency-in-javascript
/questions/68263140/is-there-a-known-algorithm-for-simplifying-a-boolean-expression-with-number-comp
/questions/5356502/algorithms-based-on-number-base-systems
/questions/2603692/what-is-the-difference-between-tree-depth-and-height
/questions/67961323/how-to-write-an-efficient-algorithm-that-generates-a-list-of-unique-random-numbe
/questions/68300337/python-algorithms-and-big-o
/questions/27430092/what-is-a-possible-use-case-of-bigintegers-isprobableprime
/questions/57341339/structuring-swi-prolog-code-into-modules-for-unit-testing-of-multiple-algorithms
/questions/61702626/assistance-with-quick-sort-algorithm-to-work-with-letter-and-number-char-values
/questions/62221848/why-the-if-else-statement-is-not-working-properly
/questions/54105827/a-page-replacement-algorithm-should-minimize-the-number-of-page-faults
/questions/3302857/algorithm-to-get-the-excel-like-column-name-of-a-number
/questions/10096443/what-is-the-algorithm-to-determine-optimal-work-group-size-and-number-of-workgro
/questions/35425116/number-of-comparisons-for-different-lists-in-sorting-algorithms
/questions/4637550/go-and-a-bad-prime-number-algorithm
/questions/22434644/two-arrays-and-number-best-algorithm
/questions/2068372/fastest-way-to-list-all-primes-below-n
/questions/17588132/algorithms-for-formatting-floating-point-to-decimal-number
/questions/6695343/how-to-use-alphanum-py
/questions/56633718/bubble-sort-algorithm-has-a-bug-where-some-numbered-lists-dont-sort-correctly-i
/questions/69293600/how-to-count-the-number-of-comparisons-in-this-algorithm
/questions/9208535/how-to-handle-a-variable-number-of-algorithms-in-a-kernel
/questions/23910110/c-algorithm-about-returning-a-number
/questions/23910110/c-algorithm-about-returning-a-number
/questions/42136471/algorithm-to-divide-array-of-length-n-containing-numbers-from-1-to-n-no-repetit
/questions/33070990/how-to-concatenate-tokens-and-strings-and-numbers-in-java
/questions/42725751/sort-algorithm-and-distance-between-number
/questions/22487619/or-of-pairwise-xor
/questions/14540373/how-to-create-generate-permutation-of-characters-and-numbers-with-length-contr
/questions/26952477/number-pyramid-algorithm
/questions/7761371/genetic-algorithm-and-tetris
/questions/37929829/what-is-the-id-number-for-brotli-compression-inside-a-zip-archive
/questions/16509204/converting-numbers-by-euclidean-algorithm-and-the-horners-method
/questions/23812721/whats-the-ideal-population-size-and-number-of-iterations-for-genetic-algorithm
/questions/52797089/find-the-number-of-instructions-of-an-algorithm
/questions/37703202/winding-number-algorithm-and-point-on-boundary-edge-of-convex
/questions/7694978/how-to-approach-a-number-guessing-game-with-a-twist-algorithm
/questions/30094377/prime-number-search-algorithm-two-different-algorithm-and-use-of-prime-tables
/questions/11541434/algorithm-for-mixing-a-number-of-variables
/questions/28549854/algorithm-for-finding-if-theres-a-common-number
/questions/75042385/advanced-algorithms-problems-nice-triangle-prime-number-pyramid-where-every
/questions/642213/how-to-implement-a-natural-sort-algorithm-in-c
/questions/9368205/given-a-number-find-the-next-higher-number-which-has-the-exact-same-set-of-digi
/questions/28811874/how-to-encrypt-data-with-no-meta-character-in-result-using-symmetric-key-algorit
/questions/439870/why-are-primes-important-in-cryptography
/questions/42321420/how-can-i-make-my-program-finish-when-there-is-no-more-std-input-in-c
/questions/33448923/encryption-algorithm-and-bitwise-parity
/questions/43119744/python-generate-all-possible-strings-of-length-n
/questions/40642383/is-this-a-good-algorithm-for-listing-prime-numbers
/questions/25894354/algorithm-for-getting-a-special-list-of-numbers
/questions/22157295/questions-on-the-concepts-of-sorting-algorithms
/questions/11983147/given-a-rng-algorithm-and-a-series-of-numbers-is-it-possible-to-determine-what-s
/questions/17388543/how-to-find-number-of-factors-of-product-of-numbers
/questions/49376391/is-there-maximum-number-of-noise-outliers-in-dbscan-algorithm
/questions/37101353/problems-with-recursive-algorithms-and-spark-dataframes
/questions/57260319/stuck-on-project-euler-10
/questions/29717933/suggesting-implementation-of-an-algorithm-on-fpga
/questions/19576430/finding-a-nonzero-integer-x-where-x-x
/questions/66289336/python-cluster-connnected-elements-with-n-to-m-relationship
/questions/53996423/number-theory-transform-recursive-algorithm
/questions/31102697/modelica-algorithm-and-equation-number-of-variables-and-equations
/questions/1418223/efficiency-of-sort-algorithms
/questions/33586183/c-heapsort-function-outputting-wrong-numbers
/questions/3420937/algorithm-to-find-which-number-in-a-list-sum-up-to-a-certain-number
/questions/9018614/algorithm-to-find-lucky-numbers
/questions/25861232/quick-find-union-on-n-elements
/questions/5263187/print-an-integer-in-binary-format-in-java
/questions/23290188/project-euler-10
/questions/63812044/explain-the-algorithm-and-check-whether-the-number-is-a-prime-number-or-not
/questions/64383544/test-for-n-digits-in-a-string
/questions/51706364/java-over-represented-candidates-in-random-number-generator
/questions/67269978/how-to-find-number-of-comparisons-and-complexity-of-a-given-algorithm
/questions/4801242/algorithm-to-calculate-number-of-intersecting-discs
/questions/4809051/prime-number-algorithm
/questions/25690175/bucket-sort-faster-than-quicksort
/questions/44205956/c-getting-prime-numbers-using-this-algorithm
/questions/31446342/the-smallest-free-number-divide-and-conquer-algorithm
/questions/30535193/generating-unique-numbers-that-pass-luhn-algorithm-verification
/questions/4801242/algorithm-to-calculate-number-of-intersecting-discs
/questions/23195883/how-to-sort-strings-in-dictionary-order
/questions/233850/tetris-piece-rotation-algorithm
/questions/54437835/how-to-split-a-string-without-spaces-into-an-array-of-words
/questions/65748742/occurrence-of-number-in-array-with-complexity-log-n-algorithm-and-c
/questions/73891148/any-useful-mathematical-function-algorithm-to-break-down-big-numbers
/questions/56367356/greedy-algorithms-and-time-complexity-2
/questions/23165398/minesweeper-clearing-algorithm
/questions/20741267/fast-algorithm-to-find-and-element-in-a-string
/questions/59029105/how-to-generate-32-bit-integers-random-number-using-marsenne-twister-algorithm
/questions/24856104/correct-hashing-algorithm-function
/questions/29220152/what-are-relevant-operations-in-analysis-of-algorithms
/questions/33798227/topological-sort-algorithm-and-implementation
/questions/71153259/sum-of-2-elements-in-array-algorithm-javascript
/questions/16628088/euclidean-algorithm-gcd-with-multiple-numbers
/questions/17782370/how-to-draw-a-precision-recall-diagram
/questions/63758702/read-integers-from-a-string
/questions/59723732/openmp-speed-up-loss
/questions/9942228/kadane-algorithm-negative-numbers
/questions/26167558/insertion-sort-c
/questions/667802/what-is-the-algorithm-to-convert-an-excel-column-letter-into-its-number
/questions/73967852/algorithm-to-solve-5-x-5-number-game
/questions/33199443/division-and-remainder-algorithm-in-ntl
/questions/6566835/algorithm-to-check-if-a-number-if-a-perfect-number
/questions/21611430/analyzing-iterative-algorithms-basic-operations-number-of-basic-operations-ex
/questions/2926336/i-need-an-algorithm-to-get-the-chromatic-number-of-a-graph
/questions/9765567/mergesort-implementation-counting-number-of-inversions-in-an-array
/questions/36473456/huge-fibonacci-number
/questions/12694756/why-cant-i-set-the-index-value-of-the-loop-algorithm
/questions/61554582/maximize-size-of-bucket-such-that-product-is-not-cube
/questions/12965463/humanized-or-natural-number-sorting-of-mixed-word-and-number-strings
/questions/25057500/efficient-algorithm-for-finding-number-of-almost-sorted-intervals
/questions/70868052/javascript-multiply-algorithm
/questions/49964405/out-of-memory-allocated-908066816-tried-to-allocate-805306376-bytes-php-erro
/questions/4536986/unicode-unknown-character-detection-in-php
/questions/14703151/number-algorithm-for-barcodes
/questions/59433930/max-number-in-array-algorithm-when-arrays-size-is-power-of-2
/questions/17626301/algorithm-for-obtaining-a-sum-with-minimum-number-of-terms
/questions/71776246/python-algorithm-to-match-similar-numbers-on-array
/questions/15047116/an-iterative-algorithm-for-fibonacci-numbers
/questions/31296857/unsorted-matrix-search-algorithm
/questions/8034252/bell-numbers-algorithm
/questions/55773705/python-find-prime-number-algorithm
/questions/3078472/using-a-part-of-counting-sort-algorithm-for-returning-the-numbers-of-elements-be
/questions/23157994/number-of-executions-in-an-algorithm
/questions/2484892/fastest-algorithm-to-check-if-a-number-is-pandigital
/questions/69894260/java-algorithm-to-create-own-unique-key
/questions/51573225/sort-array-to-k-sorted-parts-of-unsorted-element
/questions/33184843/reverse-a-number-algorithm
/questions/9647066/algorithm-in-securerandom-number
/questions/75960633/comparing-greedy-pricing-algorithm-and-lp-based-rounding-for-vertex-cover-prob
/questions/41432180/the-algorithm-inverse-number
/questions/11883466/need-help-on-calculating-operational-complexity-of-this-algorithm
/questions/54330189/how-to-reverse-a-string-with-numbers-but-dont-reverse-1-and-0
/questions/17736053/algorithm-for-good-number
/questions/14846937/algorithm-for-incrementing-numbers-in-each-position-in-an-array
/questions/13287686/number-aligning-algorithm
/questions/11314077/algorithm-for-exclusion-of-numbers
/questions/2587766/how-is-a-crc32-checksum-calculated
/questions/4158264/algorithm-to-calculate-the-number-of-1s-for-a-range-of-numbers-in-binary
/questions/6560140/optimal-bubble-sorting-algorithm-for-an-array-of-arrays-of-numbers
/questions/10308114/smallest-number-algorithm
/questions/8861994/algorithm-for-finding-smallest-number-with-given-number-of-factors
/questions/28643730/rsa-encryption-safety
/questions/56273942/removing-duplicates-using-collections-in-java-when-merging-two-sorted-arrays
/questions/61195121/the-odd-number-algorithm
/questions/4964004/quicksort-sorts-larger-numbers-faster
/questions/50092094/recursion-don%c2%b4t-go-to-the-step-back-when-finishing-the-last-step
/questions/12627131/specific-algorithm-sorting-n-elements-with-m-distinct-values
/questions/8631824/recursive-algorithm-to-select-ascending-noncontiguous-numbers-from-a-list
/questions/31824045/random-numbers-algorithm
/questions/42768622/algorithm-translate-a-number-to-string
/questions/35855799/javascript-improving-algorithm-for-finding-square-roots-of-perfect-squares-wit
/questions/879069/compression-algorithms-for-numbers-only
/questions/51321987/freecodecamp-counting-cards
/questions/27026430/why-this-simple-algorithm-for-finding-the-maximum-number-among-3-numbers-cant
/questions/4424709/randomized-quick-sort-crashes-on-some-inputs
/questions/879069/compression-algorithms-for-numbers-only
/questions/20584176/algorithm-about-number-theory
/questions/36673127/algorithm-to-find-minimal-number-of-subsets-of-a-set-of-given-conditions
/questions/20666655/genetic-algorithm-with-numbers
/questions/59863453/definition-of-twos-complement-in-a-simple-language
/questions/73281861/finding-the-gcd-without-lists-code-not-returning-the-desired-output
/questions/60824914/hex-to-number-algorithm
/questions/5323941/algorithm-to-sort-pairs-of-numbers
/questions/18185060/algorithm-for-number-similarity
/questions/63161019/screen-scrape-alphanumeric-chars-from-picture
/questions/54670348/fastest-way-to-find-the-nearest-element-in-the-array-of-real-numbers
/questions/19325144/gnuplot-chart-drawing-for-each-text-file
/questions/26370287/how-modern-x86-processors-actually-compute-multiplications
/questions/28767043/number-increment-algorithm-efficiency
/questions/75278804/genetic-algorithm-in-r-specify-number-of-1s-in-binary-chromosomes
/questions/62150130/algorithm-of-checking-if-the-number-is-prime
/questions/47832359/algorithm-that-receives-a-number-and-a-digit-and-checks-how-many-times-the-digit
/questions/48515565/sparse-matrix-multiplication-complexity
/questions/29927439/algorithms-how-do-divide-and-conquer-and-time-complexity-onlogn-relate
/questions/31050960/random-number-generation-algorithm
/questions/59080925/is-my-declared-array-size-interring-with-my-search
/questions/68554113/sum-all-numbers-in-a-range
/questions/56710004/i-need-help-solving-this-javascript-challenge
/questions/46803068/algorithm-for-finding-coefficients-in-linear-combination-of-two-numbers-which-is
/questions/5847705/what-does-logn-actually-mean
/questions/9121151/count-number-of-comparisons-of-a-sorting-algorithm-and-add-it-to-an-array-list-i
/questions/5847705/what-does-logn-actually-mean
/questions/7867437/can-flex-4-or-actionscript-access-shared-c-or-c-library
/questions/4722403/algorithm-to-find-the-next-number-in-a-sequence-of-numbers
/questions/50959870/coalesce-columns-in-spark-dataframe
/questions/9253902/generating-a-10-digit-security-token
/questions/2259692/show-a-guid-in-36-letters-format
/questions/15823106/weekly-group-assignment-algorithm-with-odd-number-of-participants
/questions/192/floating-point-number-parsing-is-there-a-catch-all-algorithm
/questions/28747189/java-havel-hakimi-algorithm-algorithm-for-determing-whether-the-sequence-of-nu
/questions/319524/algorithm-for-generating-a-random-number
/questions/50375987/how-should-i-hash-this-data-in-c
/questions/27995829/brute-force-password-with-words-and-numbers
/questions/33801290/why-result-of-not-equal-to
/questions/50375987/how-should-i-hash-this-data-in-c
/questions/40326112/need-an-algorithm-to-print-a-list-of-unique-words-and-number-of-occurences
/questions/69966898/iterating-through-list-with-count-resetting-on-0
/questions/8108550/general-approach-to-developing-an-image-classification-algorithm-for-dilbert-car
/questions/29918092/random-data-generator-applet-returns-0x6f00
/questions/28987055/next-prime-number-algorithm
/questions/72897473/can-i-separately-train-a-classifier-e-g-svm-with-two-different-types-of-featu
/questions/76462443/masking-and-unmasking-a-string-in-python
/questions/58928980/a-algorithm-to-track-the-status-of-a-number
/questions/21232174/improve-number-compression-algorithm
/questions/18326240/unique-random-number-algorithm
/questions/61407801/how-can-i-improve-my-countdown-numbers-solver-algorithm-to-find-more-solutions
/questions/300907/sort-numbers-by-sum-algorithm
/questions/73857950/what-counts-as-an-operation-in-algorithms
/questions/62563289/greedy-algorithm-number-list
/questions/72867748/building-a-number-compression-algorithm
/questions/21232174/improve-number-compression-algorithm
/questions/44960559/prime-numbers-algorithm-efficiency
/questions/22387257/optimal-algorithm-for-happy-numbers
/questions/25671313/count-number-of-operations-in-algorithm
/questions/34801377/array-with-consecutive-numbers-algorithm
/questions/20198615/separating-numbers-and-alphabets-in-an-array
/questions/35135118/algorithm-for-grouping-consecutive-numbers
/questions/39913021/compute-average-for-numbers-from-a-to-b-using-repetition
/questions/8334292/algorithm-to-partition-a-number
/questions/23297879/algorithm-for-subtraction-of-binary-numbers
/questions/398945/collect-lowest-numbers-algorithm
/questions/2884172/algorithm-for-dividing-very-large-numbers
/questions/74630707/algorithm-to-count-natural-numbers
/questions/14484004/how-accurate-is-googles-libphonenumber
/questions/28310859/better-algorithm-on-prime-numbers
/questions/59599432/get-missing-number-from-array-with-an-efficient-algorithm
/questions/20502869/run-two-algorithms-side-by-side-on-the-same-input-iterator-range
/questions/14201284/heterogeneous-data-logging-and-analysis
/questions/52833689/algorithm-for-random-numbers-generation
/questions/64073300/how-to-find-a-name-from-a-phonebook-string-in-ologn
/questions/8260971/random-number-generator-algorithm
/questions/44179176/uniformly-distribute-n-items-into-c-bins
/questions/26703818/a-number-in-the-mirror-algorithm-in-c
/questions/4210466/latex-change-the-numbering-style-for-algorithms
/questions/27364034/algorithm-to-check-sequence-numbers
/questions/49518019/armstrong-numbers-algorithm-in-java
/questions/70049037/how-to-fill-array-with-random-numbers-in-counting-sort-algorithm-in-c
/questions/20730053/algorithm-to-find-nth-root-of-a-number
/questions/60846606/happy-number-algorithm-in-python
/questions/54238493/what-is-the-search-prediction-time-complexity-of-logistic-regression
/questions/30793896/in-a-nxn-matrix-what-algorithm-finds-the-shortest-path-between-two-nodes
/questions/49329324/pygmo2-archipelago-using-simulated-annealing-only-evolves-the-initial-champion
/questions/4201292/on-algorithm-to-find-the-median-of-n%c2%b2-implicit-numbers
/questions/18429988/algorithm-to-represent-a-sequence-of-numbers
/questions/19040775/algorithm-to-calculate-number-pair-sequence
/questions/10774963/unique-number-generation-algorithm
/questions/17198419/transform-string-from-a1b2c3d4-to-abcd1234
/questions/36619173/an-algorithm-computing-the-number-of-vertices
/questions/61165485/inserter-iterator-to-insert-in-different-container-depending-on-predicate
/questions/67216212/how-do-i-use-jest-to-make-sure-i-am-only-using-two-arguments
/questions/4320460/fedex-checksum-algorithm-for-tracking-numbers
/questions/4320460/fedex-checksum-algorithm-for-tracking-numbers
/questions/24417865/fast-algorithm-to-count-the-number-of-1-for-binary-number
/questions/50305861/keep-statistic-about-sorting-algorithms
/questions/4164362/credit-card-number-validation-algorithm
/questions/75713668/number-of-communities-in-leiden-algorithm
/questions/75778524/inversions-number-on-mergesort-algorithm
/questions/17802357/an-algorithm-to-find-number-of-numbers-in-a-given-limit-l-0-l-1016-wi
/questions/32673276/generalizng-the-babylonian-square-root-algorithm-to-nth-roots
/questions/28307305/consecutive-negative-number-algorithm
/questions/49918625/algorithm-factorialize-a-number-douts
/questions/54759750/algorithm-number-of-inversions-python
/questions/20838547/modulo-algorithm-for-prime-numbers
/questions/34618462/arrange-numbers-to-form-largest-number-proof-of-algorithm
/questions/1033501/enumerating-all-strings-meeting-given-restrictions
/questions/21081326/void-function-bubble-sort-doesnt-sort-arrays
/questions/23484711/merge-sort-algorithm-counting-inversions
/questions/21081326/void-function-bubble-sort-doesnt-sort-arrays
/questions/41063543/karatsuba-algorithm-working-for-small-numbers-but-not-for-big-ones-cant-see-wh
/questions/65379393/what-is-the-complexity-of-2-loops-with-the-inside-loop-starting-at-the-first-one
/questions/67542033/luhn-algorithm-id-number
/questions/9574815/understanding-a-median-selection-algorithm
/questions/26433405/process-allocation-algorithm
/questions/20708811/5-million-records-sort-txt-file-not-using-any-technique
/questions/35572168/prime-number-algorithm-not-working
/questions/46049566/optimizing-dfs-in-python
/questions/73431452/why-are-the-imported-libraries-in-python-so-much-faster-than-code-manually-writt
/questions/715251/out-of-curiosity-how-are-serial-numbers-generated-hints-algorithms
/questions/23791086/pretty-number-formatting-algorithm
/questions/9456790/why-are-composite-numbers-bad-for-hashing-by-division
/questions/59116786/algorithm-to-count-the-number-of-partitionings
/questions/59116786/algorithm-to-count-the-number-of-partitionings
/questions/2755431/minimum-number-of-training-examples-for-find-s-candidate-elimination-algorithms
/questions/30836966/should-checking-loop-conditions-be-counted-towards-total-number-of-comparisons
/questions/40577095/algorithm-to-solve-recurrence-number
/questions/19370236/on-algorithm-to-find-the-odd-number-out-in-array-of-consecutive-integers-from
/questions/59638170/number-filtration-algorithm-bug
/questions/1523393/permutations-of-letters-and-numbers-in-a-phone-number
/questions/47728187/what-sort-of-time-complexity-would-be-required-to-solve-the-rsa-factoring-challe
/questions/14091124/functional-algorithm-to-reverse-a-number
/questions/13008655/number-game-algorithm
/questions/52222756/algorithm-of-finding-numbers
/questions/24232890/efficient-algorithm-for-finding-the-same-number
/questions/27658209/seeking-the-algorithm-to-generate-this-table-of-numbers
/questions/40888988/is-there-a-better-algorithm-to-assign-numbers-to-combinations
/questions/66074687/is-there-a-limit-for-inserting-number-of-images-in-google-sheets
/questions/7751466/need-an-algorithm-to-split-a-series-of-numbers
/questions/3229459/algorithm-to-cover-maximal-number-of-points-with-one-circle-of-given-radius
/questions/1823864/a-good-algorithm-for-generating-an-order-number
/questions/19273070/algorithm-for-checking-if-number-is-factorable-into-a-set-of-prime-numbers
/questions/29536203/pyramid-number-algorithm
/questions/3339248/numbering-issues-of-using-algorithms-package
/questions/37644542/crossing-number-algorithm-in-android
/questions/72174209/testing-implementation-details-for-automated-assessment-of-sorting-algorithms
/questions/27938842/python-algorithm-for-prime-numbers
/questions/20592751/algorithm-for-product-of-n-numbers
/questions/21535586/log-log-plot-graph-of-algorithm-time-complexity
/questions/139811/algorithm-to-score-similarness-of-sets-of-numbers
/questions/34594870/for-a-string-that-consists-of-a-number-algorithm
/questions/55149624/algorithm-for-check-a-civil-number
/questions/36335941/comparing-numbers-algorithm
/questions/40043219/openssl-speed-benchmark-test
/questions/46572238/unexpected-segmentation-fault-working-with-small-numbers-in-an-algorithm
/questions/54943299/how-to-extract-sentences-between-point-and-brackets-with-r
/questions/60780722/java-program-runs-infinitely-with-no-cause-no-stackoverflow-but-program-never-t
/questions/15863658/a-algorithm-and-games
/questions/30052316/find-next-prime-number-algorithm
/questions/37532805/determining-the-number-of-steps-in-an-algorithm
/questions/7129855/algorithm-in-c-playing-with-numbers-number-with-3-in-units-place
/questions/20476848/fibonacci-numbers-algorithm
/questions/6064462/manipulate-a-number-algorithm
/questions/59109982/what-is-the-difference-between-lda-and-ntm-in-amazon-sagemaker-for-topic-modelin
/questions/20833644/finding-number-c-of-key-comparisons-and-number-m-of-moves
/questions/3025616/sort-algorithm-with-fewest-number-of-operations
/questions/32467571/is-there-any-other-algorithms-to-find-that-a-number-is-a-prime-number-or-not
/questions/59109982/what-is-the-difference-between-lda-and-ntm-in-amazon-sagemaker-for-topic-modelin
/questions/6064462/manipulate-a-number-algorithm
/questions/3025616/sort-algorithm-with-fewest-number-of-operations
/questions/12877639/optimization-algorithm-with-numbers
/questions/24341845/algorithm-to-sort-numbers
/questions/39676949/tau-numbers-algorithm
/questions/742566/number-combination-algorithm
/questions/42678358/whats-the-faster-algorithm-to-rearrange-given-array-of-numbers
/questions/67853041/quicksort-went-wrong-added-some-duplicates
/questions/18165989/generalizing-parallel-algorithms-on-the-number-of-threads
/questions/148003/algorithm-for-finding-the-maximum-difference-in-an-array-of-numbers
/questions/58141109/algorithm-to-represent-a-number
/questions/65847415/algorithm-for-number-series-row-and-column
/questions/53677919/algorithm-to-sum-all-the-numbers-in-the-string
/questions/2894325/an-algorithm-for-converting-a-base-10-number-to-a-base-n-number
/questions/5163136/compression-of-small-string
/questions/47970442/number-encryption-algorithm
/questions/11607908/algorithm-for-random-numbers
/questions/26186665/encrypt-in-coldfusion-and-decrypt-in-c-sharp
/questions/58141109/algorithm-to-represent-a-number
/questions/68376929/best-way-to-perform-uint32-additions-in-vb-net-that-are-supposed-to-overflow
/questions/65751685/reverse-the-number-algorithm
/questions/11580971/how-to-remove-duplicates-from-a-file
/questions/3808171/fast-algorithm-for-finding-prime-numbers
/questions/61533787/how-can-i-change-my-reduce-to-sum-numbers-until-i-get-the-number-which-was-ask
/questions/43511761/an-algorithm-with-time-complexity-onlogr-to-find-first-kj-1-%e2%89%a4-j-%e2%89%a4-r-smallest
/questions/53575135/testing-sorting-algorithms-with-different-sizes-of-number-sets
/questions/39799253/algorithm-of-number-conversion
/questions/61533787/how-can-i-change-my-reduce-to-sum-numbers-until-i-get-the-number-which-was-ask
/questions/23463126/random-number-algorithm-implementation-in-java
/questions/67443673/algorithm-to-find-2-consecutive-numbers
/questions/7396570/what-is-an-efficient-algorithm-for-counting-the-number-of-triangles-in-a-graph
/questions/6150046/extract-algorithm-from-number-distribution
/questions/26962789/count-elements-using-stdaccumulate-algorithm-and-lambda-expressions
/questions/8096575/algorithm-for-pick-the-number-up-game
/questions/61841008/how-to-find-all-combinations-of-numbers-summing-up-to-a-certain-number
/questions/58493/algorithm-to-find-a-common-multiplier-to-convert-decimal-numbers-to-whole-number
/questions/39890443/genetic-algorithm-framework-in-net-gaf-connection-between-population-and-nu
/questions/15877322/algorithm-for-continuous-number-arrangement-javascript
/questions/50404221/algorithm-for-distributing-a-number-between-certain-number-of-chunks
/questions/7780400/garwicks-algorithm-for-dealing-with-stack-overflows
/questions/12519535/extended-euclidean-algorithm-and-the-concept-of-multiplicative-inverse
/questions/22827876/optimizing-a-prime-number-factorization-algorithm
/questions/8475118/when-l1-misses-are-a-lot-different-than-l2-accesses-tlb-related
/questions/40076590/count-number-of-0-with-floodfill-algorithm
/questions/50096637/recursive-algorithm-to-add-consecutive-numbers
/questions/3887090/reading-and-writing-bits-to-text-files-in-java
/questions/25856777/shortest-path-algorithm-in-line-follower-robot-maze-solving
/questions/15991689/python-genetic-algorithm-for-binary-number
/questions/38345273/javascript-algorithm-converting-to-roman-numbers
/questions/56775358/backtracking-algorithm-that-finds-solutions-for-sudoku
/questions/5380568/algorithm-to-find-k-smallest-numbers-in-array-of-n-items
/questions/4229870/c-algorithm-to-calculate-least-common-multiple-for-multiple-numbers
/questions/913624/sorting-algorithm-where-pairwise-comparison-can-return-more-information-than-1
/questions/13964948/match-schedule-algorithm-each-team-play-specific-number-of-matches
/questions/7485295/how-to-convert-a-float-number-to-a-binary-string-and-vice-versa-with-ruby
/questions/29884663/calculating-the-time-complexity-of-nested-loop
/questions/17226205/calculating-the-strahler-number-minimum-of-registers-needed-to-evaluate-an-e
/questions/22085048/algorithm-for-adding-subtracting-numbers-to-find-if-number-can-be-made
/questions/56263569/prime-numbers-implementation
/questions/37247587/how-can-i-choose-5-of-my-twitter-friends-in-a-way-that-maximizes-the-number-of-d
/questions/31900119/java-execution-run-time-of-bubble-vs-selection-sort
/questions/51103656/i-cant-figure-out-a-sum-and-numbers-solution
/questions/13717312/number-of-addition-and-multiplication-operators-in-this-algorithm
/questions/70709755/analyze-algorithm-of-finding-maximum-number-in-array-with-n-number
/questions/14797620/calculating-pi-number-with-chudnovsky-algorithm
/questions/36357764/some-sort-of-number-allocation-algorithm
/questions/6087288/understanding-algorithm-for-finding-a-random-number
/questions/68979724/algorithm-for-prioritize-list-of-number-balloting
/questions/3339492/algorithm-to-count-the-number-of-valid-blocks-in-a-permutation
/questions/2844703/algorithm-to-find-the-factors-of-a-given-number-shortest-method
/questions/2179707/algorithm-to-find-a-number-and-its-square-in-an-array
