/questions/3255/big-o-how-do-you-calculate-approximate-it
/questions/7391287/unit-testing-approximation-algorithms
/questions/14962699/0-1-integer-linear-programming-approximation-algorithms
/questions/4545556/traveling-salesman-library-using-approximation-algorithm
/questions/50323625/difference-between-heuristic-and-approximation-algorithm-in-bin-packing
/questions/43270349/approximation-algorithm-for-vertex-cover
/questions/29874638/approximation-algorithm-using-expectation
/questions/12340127/approximation-algorithms-for-maximum-weight-independent-set-when-vertexs-weight
/questions/68809273/what-are-the-knownpolynomial-approximation-algorithms-to-get-mipmixed-integer
/questions/63727096/druid-default-distinct-approximation-algorithm
/questions/27752677/approximation-algorithm-for-optimization-version-of-partitioning
/questions/28508423/vogels-approximation-algorithm-in-javascript
/questions/9236458/rectangle-approximation-algorithm
/questions/19433724/approximation-algorithm-in-broadcasting
/questions/3522900/kolmogorov-complexity-approximation-algorithm
/questions/4853749/a-2-approximation-algorithm-for-vertex-cover-problem-using-spanning-tree
/questions/12069494/rgb-similar-color-approximation-algorithm
/questions/2220779/longest-path-approximation-algorithm-from-a-given-node
/questions/58562439/understanding-curve-global-approximation-algorithm
/questions/9918536/approximation-algorithm-for-constrained-maximum-spanning-sub-tree-for-directed-g
/questions/34095890/when-does-mst-based-approximation-algorithm-not-return-optimal-solution-to-tsp
/questions/23413840/approximation-algorithm-between-two-np-compete-problems
/questions/5203894/a-good-approximation-algorithm-for-the-maximum-weight-perfect-match-in-non-bipar
/questions/42537957/fast-accurate-atan-arctan-approximation-algorithm
/questions/4813611/graph-algorithm-approximation-algorithm
/questions/64579651/3-approximation-algorithmrandomised-or-deterministic
/questions/56341794/non-existence-of-approximation-algorithm-for-the-knapsack-problem
/questions/14420632/approximation-algorithm-how-to-find-shortest-cycle-that-gains-x-points
/questions/13560922/debugging-polygon-approximation-algorithm-code-c
/questions/49263/approximate-string-matching-algorithms
/questions/12050125/approximate-algorithm-for-top-k-query-in-hive
/questions/54558936/logarithm-function-approximation-algorithm
/questions/54150550/which-approximation-algorithm-is-used-for-sin-by-compilers
/questions/41943572/hitting-set-algorithm-approximation
/questions/23166306/understanding-polynomial-time-approximation-scheme
/questions/30145701/show-that-2-times-optimal-approximation-algorithm-for-traveling-salesman-tsp-d
/questions/39412141/finding-approximation-ratio-of-an-algorithm
/questions/914129/which-sorting-algorithms-give-near-approximate-sort-sooner
/questions/34091165/wsclock-algorithm-as-approximation
/questions/9233125/approximation-for-set-cover
/questions/38483248/how-to-quickcheck-an-approximative-algorithm
/questions/30823577/error-bound-in-function-approximation-algorithm
/questions/70070011/why-in-max-cut-weigthted-graph-we-cant-do-an-approximation-lower-than-1-2
/questions/2669163/an-approximate-algorithm-for-finding-steiner-forest
/questions/41785903/how-does-this-division-approximation-algorithm-work
/questions/64527856/problem-nesting-approximation-search-algorithm
/questions/34323033/generality-of-approximation-for-np-hard-problems
/questions/30409247/why-does-an-iterative-approximation-algorithm-sometime-have-fewer-iterations-des
/questions/73861370/trying-to-establish-a-simple-closest-approximation-algorithm
/questions/31080969/approximation-algorithm-for-non-intersecting-paths-in-a-grid
/questions/26677278/matlab-newton-algorithm-two-sided-approximation-of-jacobian-matrix
/questions/28497630/approximate-string-matching-algorithms-state-of-the-art
/questions/45170789/approximate-string-matching-algorithms-for-names
/questions/10358463/approximation-algorithm-for-tsp-variant-fixed-start-and-end-anywhere-but-starti
/questions/54954890/what-approximate-tsp-algorithm-does-google-or-tools-use
/questions/14461513/finding-path-between-all-points-using-approximation-algorithm
/questions/51356862/why-the-outcome-of-approximation-algorithm-more-precise-then-the-minimum-step
/questions/32337135/fuzzy-search-algorithm-approximate-string-matching-algorithm
/questions/3513723/algorithm-approximation-for-combined-independent-set-hamming-distance
/questions/18359697/translate-approximate-algorithm-for-subset-sum-into-php-code
/questions/29174162/fast-approximate-algorithm-for-rgb-lab-conversion
/questions/19889744/successive-approximation-in-python
/questions/31462988/c-sharp-dictionary-with-key-being-string-and-value-being-a-counter-approximatio
/questions/65469391/how-to-justify-the-approximation-ratio-of-this-deterministic-algorithm-weighted
/questions/43392149/fast-algorithms-to-approximate-distance-between-two-strings
/questions/71717052/how-can-i-use-the-approximate-algorithm-in-this-problem
/questions/6234964/factorial-time-algorithms-and-p-np
/questions/30985633/what-is-an-approximation-factor
/questions/33854542/runtime-approximation-of-a-given-algorithm
/questions/40917676/fast-arcsin-implementation-or-approximation-in-c-sharp
/questions/42664165/in-python-speeding-up-a-data-stream-word-counting-approximation-algorithm
/questions/65356449/convergence-guarantee-of-policy-gradient-with-function-approximation
/questions/16395957/can-1-approximation-algorithm-be-used-for-multiple-np-hard-problems
/questions/5453145/approximate-algorithm-for-minimum-raggedness-word-wrap
/questions/13646493/different-output-with-c-pi-approximation
/questions/2042803/problem-with-implementing-successive-approximation-algorithm-in-c-with-visual
/questions/38668855/clarksons-2-approximation-weighted-vertex-cover-algorithm-runtime-analysis
/questions/37629899/fast-approximate-algorithm-for-cardinality-of-sets-intersection
/questions/49999003/how-to-find-optimal-integer-ratio-of-different-precision
/questions/14319288/bezier-curve-approximation-for-large-amount-of-points
/questions/37025236/are-there-algorithms-to-approximately-sort-data-that-can-change
/questions/67512670/hitting-objects-algorithm
/questions/6356891/find-distorted-rectangle-in-image-opencv
/questions/40599551/how-can-i-generate-and-run-random-lambda-expressions
/questions/23513274/optimal-approximated-path-algorithm-distance-priority
/questions/33608396/approximate-sorting-algorithm
/questions/16351641/algorithms-for-fast-string-approximate-matching
/questions/74105605/what-does-no1-%ce%b5-means
/questions/64952079/approximated-algorithm-of-union-two-non-disjoint-sets
/questions/59816568/any-python-library-for-bezier-curve-approximation-with-biarcs
/questions/36184394/approximate-optimization-using-gurobi-attributes-in-python
/questions/44911527/are-there-algorithms-that-are-only-feasible-in-a-recursive-manner
/questions/36160248/q-learning-with-linear-function-approximation
/questions/20794090/approximated-closest-pair-algorithm
/questions/70142697/rational-approximation-of-double-using-int-numerator-and-denominator-in-c
/questions/40807143/difference-between-function-approximator-and-optimization-algorithm
/questions/2040394/fuzzy-approximate-checking-of-solutions-from-algorithms
/questions/57971053/approximation-of-growth-of-a-function
/questions/3777154/algorithm-for-online-approximation-of-a-slowly-changing-real-valued-function
/questions/46449547/simple-algorithm-for-approximation-image-contour-for-line-segment
/questions/30513294/algorithm-for-approximate-social-security-number-match-search
/questions/2140164/algorithm-for-approximate-search-in-sorted-integer-list
/questions/20124305/is-there-a-function-or-package-in-r-that-can-get-lambda-of-poisson-distribution
/questions/13336966/vertices-that-are-k-away
/questions/26692859/best-machine-optimized-polynomial-minimax-approximation-to-arctangent-on-1-1
/questions/7688344/approximate-function-with-genetic-algorithm
/questions/62476435/deterministic-solutions-to-minimal-vertex-cover-problems-np-complete-is-fine
/questions/37128810/algorithm-for-finding-approximate-area-of-the-ground-via-elevation-grid
/questions/11942554/quickcheck-for-non-boolean-tests
/questions/47704150/is-there-a-decent-algorithm-to-find-the-approximate-wasted-space-in-a-packing-sc
/questions/66513948/brute-force-exact-algorithm-for-vertex-cover
/questions/13560272/fastest-approximate-counting-algorithm
/questions/30984698/seeking-approximate-algorithm-to-find-largest-clear-circle-in-an-area
/questions/64012231/find-the-best-approximation-of-a-subset-for-a-value
/questions/24641919/approximating-pi-in-java-using-gauss-legendre-algorithm
/questions/70326547/what-would-p-np-tell-us-for-a-proof
/questions/6871682/approximate-incremental-nearest-neighbour-algorithm-for-moving-bodies
/questions/5255767/opencv-multilevel-b-spline-approximation
/questions/68537375/approximative-sorting-algorithm
/questions/13592502/vastly-different-output-c-monte-carlo-approximation
/questions/57082463/approximation-fitting-method-for-an-unknown-function
/questions/13215620/affine-transformation-approximation-of-two-triangles-using-eigen-svd
/questions/44112075/algorithmsmax-k-cut-in-a-graph
/questions/53399383/incremental-price-graph-approximation
/questions/71821689/mesh-approximation-with-fixed-size-irregular-shapes
/questions/73247279/how-to-make-faster-approximation-of-data-by-sinusoids
/questions/34813006/increase-approximation-probability-in-approxpolydp-in-opencv
/questions/57922870/can-you-please-give-me-time-approximationlike-n2-n2-nlogn-of-this-new-se
/questions/22794740/singular-value-decomposition-and-low-rank-tensorial-approximation
/questions/41965931/what-is-the-name-of-a-decision-algorithm-answering-yes-or-maybe
/questions/36114068/implementing-the-alon-matias-szegedy-algorithm-for-the-second-moment-stream-appr
/questions/39936290/game-tree-algorithms-progressive-deepening-how-to-approximate-an-answer-witho
/questions/37515011/tight-example-for-mst-heuristic-for-metric-tsp
/questions/46269213/approximating-an-unknown-value-in-python
/questions/31621502/approximating-a-conical-frustum-with-binary-search-algorithm
/questions/2813401/books-on-string-algorithms
/questions/25790144/modify-this-algorithm-for-nearest-neighbour-search-nns-to-perform-approximate
/questions/9656430/spline-surface-interpolation
/questions/27008226/reinforcement-learning-algorithms-for-continuous-states-discrete-actions
/questions/55087010/efficient-approximate-algorithm-to-determine-the-presence-of-k-sized-cycle-in-gr
/questions/69511450/is-a-grid-approximation-with-a-search-of-a-continuous-motion-planning-problem-r
/questions/53157256/scipy-expm-for-sparse-matrices
/questions/63918873/approximating-cosine-on-0-pi-using-only-single-precision-floating-point
/questions/62430965/how-to-find-max-average-and-lowest-value-in-knapsack-problem
/questions/67252683/approximation-ratios
/questions/11622864/how-to-find-all-edge-disjoint-equi-cost-paths-in-an-undirected-graph-between-a-p
/questions/67252683/approximation-ratios
/questions/55299912/php-int-parse-weird-result-explanation
/questions/75835872/algorithm-for-finding-approximate-minimum-tree-that-spans-a-given-subset-of-vert
/questions/32614611/floating-point-reciprocal-approximation-using-softfloat-library
/questions/15464592/finding-spanning-tree-with-maximum-minimum-degree
/questions/9956218/decimal-to-irrational-fraction-approximation
/questions/58716986/algorithm-longest-approximate-interval
/questions/58528421/n-dimensional-space-search-algorithms
/questions/14681788/greedy-set-coverage-algorithm-built-by-removing-sets
/questions/51620951/algorithm-for-approximate-number-finding
/questions/75156134/approximate-counting-algorithm-with-limited-updates-writes
/questions/75419787/looking-for-an-algorithm-example-implementation-for-curve-made-out-of-arcs-with
/questions/45192790/set-cover-a-couple-different-versions
/questions/33048401/algorithm-for-approximating-the-2d-look-up-table
/questions/14798238/neural-network-ffw-bp-function-approximation
/questions/61145578/need-help-fixing-an-algorithm-that-approximates-pi
/questions/70284403/approximation-for-random-coloring-graph-with-2-colors
/questions/3272157/selecting-k-sub-posets
/questions/72933798/steiner-tree-for-directed-graphs
/questions/41807596/fast-algorithm-for-approximate-lookup-on-multiple-keys
/questions/62318665/do-randomized-algorithms-always-give-an-approximate-result-why-why-not
/questions/40748412/minimum-area-geometric-cover-for-a-set-of-line-segments
/questions/27776560/how-to-prove-my-approximation-ratio
/questions/39184257/set-cover-approximation-in-r
/questions/28202429/dynamic-t-sql-approach-for-combinatorics-knapsack
/questions/36117266/how-were-these-coefficients-in-a-polynomial-approximation-for-sine-determined
/questions/55459091/find-maximal-subgraph-containing-only-nodes-of-degree-2-and-3
/questions/22127706/implementing-bin-fus-approximate-sum-algorithm
/questions/2177836/algorithm-for-creating-a-school-timetable
/questions/36500836/implementing-the-square-root-method-through-successive-approximation
/questions/49533349/reinforcement-learning-function-approximation-with-neural-networks
/questions/27271353/algorithm-to-approximate-an-optimal-solution-for-an-integer-allocation-problem
/questions/64818388/what-is-the-algorithm-used-for-approximating-trigonometric-functions-in-rstudio
/questions/19921602/bound-principle-for-integer-linear-programming-and-linear-programming
/questions/23508184/approximate-nearest-neighbor-algorithm-for-octrees
/questions/51298648/algorithm-to-approximate-non-linear-equation-system-solution
/questions/10791168/concrete-algorithm-code-for-approximate-string-matching
/questions/8729028/two-dimensional-curve-approximation
/questions/55653676/square-root-by-approximation
/questions/68811483/how-do-i-select-the-node-that-minimizes-the-maximum-shortest-distance-to-the-oth
/questions/16188021/calculating-lower-bound-with-stirlings-approximation
/questions/72823827/exploring-an-algorithm-to-approximate-minimum-n-concentration-of-an-area
/questions/31031223/fast-approximate-float-division
/questions/7758932/appengine-approximate-partial-string-matching-algorithm
/questions/48362643/using-linear-approximation-to-perform-addition-and-subtraction-error-barrier
/questions/53166122/infinite-series-approximation-of-pi-in-c-not-terminating
/questions/12996302/terrain-triangulation-algorithm
/questions/56030571/an-example-of-an-input-to-the-set-cover-problem-which-does-not-provide-a-2-appro
/questions/13887597/real-time-cpu-data-for-algorithms-of-different-complexity-classes
/questions/42240463/finding-graph-partitions-with-minimum-edges-crossing-partitions
/questions/55111775/how-to-map-sax-symbolic-aggregrate-approximation-back-to-time-series
/questions/59191786/algorithm-to-approximate-a-unknown-function-with-a-given-functional-form
/questions/1002697/what-is-the-difference-between-a-combinatorial-algorithm-and-a-linear-algorit
/questions/15699714/find-all-maximal-complete-bipartite-subgraph-from-given-bipartite-graph
/questions/6475373/optimizations-for-pow-with-const-non-integer-exponent
/questions/45223489/features-of-segmented-regions-of-the-approximation-matrix-in-matlab
/questions/42713733/divide-an-array-of-numbers-into-the-least-number-of-arrays-whose-sum-is-less-tha
/questions/15434271/is-there-a-way-to-approximate-the-laplacian-matrix-eigenvalues-by-using-random-w
/questions/23593732/algorithms-for-the-error-function-and-its-friends-erf-erfc-etc
/questions/16590181/approximately-evaluate-the-time-needed-for-running-an-algorithm-by-cpu-frequency
/questions/10882599/dominating-set-greedy-approximation-worst-case-example
/questions/71274706/optimizing-an-algorithm-that-approximates-the-euler-number-e-in-c
/questions/54661131/log2-approximation-in-fixed-point
/questions/38094927/how-do-you-normalize-weights-q-learning-with-linear-function-approximation
/questions/14790588/what-is-twitters-interest-in-abstract-algebra
/questions/8681648/shortest-paths-with-resource-constraints
/questions/5459347/c-graph-vertex-coloring-library-or-source-code
/questions/1270778/need-algorithm-to-group-files-of-varying-sizes-into-approximately-equal-blocks
/questions/10887881/c-sharp-fast-chart-approximate-comparison-algorithm
/questions/25676076/effective-multi-search-algorithms
/questions/26283291/suitable-approximate-string-matching-algorithm-for-name-and-addresses
/questions/29334595/error-in-%cf%80-approximation-causing-divergence-on-29th-digit
/questions/49285529/amdapproximate-minimum-degree-algorithm-in-r
/questions/67754978/computing-an-approximate-median-pseudo-median-algorithm
/questions/26539579/js-how-make-that-function-could-not-be-start-earlier-than-10-seconds-after-the-p
/questions/29792516/spline-approximation-with-specified-number-of-intervals
/questions/67028299/piecewise-linear-approximation
/questions/39058991/how-to-approximate-time-series-data
/questions/2383752/net-framework-per-application-overhead
/questions/43886814/function-approximation-by-ann
/questions/19850580/maximum-non-overlapping-intervals-in-a-interval-tree
/questions/28950859/approximate-histogram-for-streaming-string-values-card-catalog-algorithm
/questions/61054851/networkx-dijkstra-shortest-path-exists-but-is-way-too-long-algorithm-that-give
/questions/29508863/approximation-of-n-points-to-the-curve-with-the-best-fit
/questions/17197204/comparing-matlab-ar-model-algorithms
/questions/55656498/rational-approximation-of-rational-exponentiation-root-with-error-control
/questions/65244113/is-there-a-clustering-algorithm-in-spark-where-the-resulting-clusters-are-approx
/questions/27804926/in-r-is-there-an-algorithm-to-create-approximately-equal-sized-clusters
/questions/17134555/partitionproblem-variation-fixed-size-of-subsets
/questions/38081462/how-to-show-metric-tsp-in-apx-set-of-algorithms
/questions/50867042/matching-algorithm-with-liking-function
/questions/38988582/q-learning-vs-dynamic-programming
/questions/836661/performance-testing-for-calculation-heavy-programs
/questions/13507550/finding-top-left-and-bottom-right-points-c
/questions/13098182/objective-c-vs-c-for-applied-math-algorithms
/questions/34562006/why-is-my-shortest-hamiltonian-path-algorithm-suboptimal
/questions/41205312/genetic-algorithm-approximating-images-with-polygons-fitness-calculating
/questions/52450591/is-there-an-accepted-current-industry-standard-best-of-stochastic-optimization
/questions/33577827/how-could-i-optimize-this-algorithm-for-approximating-pi
/questions/4753251/how-to-go-about-formatting-1200-to-1-2k-in-java
/questions/65218524/sarsa-implementation-with-tensorflow
/questions/13644372/approximate-minimum-feedback-arc-set-implementation-in-java
/questions/48064613/minimum-axis-parallel-bounding-box-in-linear-time
/questions/41904461/is-it-possible-to-find-the-closest-point-to-all-points-in-subquadratic-time
/questions/41904461/is-it-possible-to-find-the-closest-point-to-all-points-in-subquadratic-time
/questions/240473/how-to-determine-path-from-noisy-x-y-data
/questions/22733578/halleys-method-in-c-or-octave
/questions/36017603/solve-bulb-toggling-puzzle-in-non-exponential-time
/questions/11649024/bin-packing-with-overlapping-objects
/questions/4323061/how-does-photoshops-magnetic-lasso-work
/questions/20161346/approximation-of-arcsin-in-c
/questions/72180554/how-to-find-the-approximate-color-of-any-color-in-a-given-palette
/questions/70569263/algorithm-to-convert-a-straight-skeleton-of-an-orthogonal-poygon-into-an-orthogo
/questions/10073857/load-balancing-and-stirling-numbers-of-the-second-kind-applied
/questions/29879316/how-can-i-intercept-this-approximation-error-in-my-matlab-script
/questions/68036667/approximate-number-of-colors-in-bitmap
/questions/56752643/finding-maximum-weight-subgraph
/questions/6091455/algorithm-to-get-approximate-equation-of-a-graph-based-on-a-set-of-points
/questions/15206036/program-an-iteration-which-will-be-stopped-when-the-mentioned-circumstance-is-me
/questions/19368962/approximate-substring-matching-using-a-suffix-tree
/questions/58151752/maximizing-overlap-of-high-low-set
/questions/11261170/c-and-maths-fast-approximation-of-a-trigonometric-function
/questions/66331410/preserving-shape-local-convexity-concavity-with-matlab-interpolation
/questions/14313828/finding-a-polygonal-approximation-of-a-closed-path
/questions/13535246/opengl-displaying-two-arrays
/questions/46973354/is-there-an-algorithm-to-reduce-the-sides-of-a-polygon-while-keeping-all-points
/questions/21731324/bicubic-interpolation-artifacts-image-upscale
/questions/5202667/algorithm-for-partitioning-set-of-sets-into-approximately-equal-sized-chunks
/questions/26520764/k-center-algorithm-in-one-dimensional-space
/questions/42470922/find-closest-approximation-of-pi-for-given-range-of-denominators
/questions/3260653/algorithm-to-find-top-10-search-terms
/questions/60171858/why-machine-learning-algorithms-focus-on-speed-and-not-accuracy
/questions/3260653/algorithm-to-find-top-10-search-terms
/questions/60171858/why-machine-learning-algorithms-focus-on-speed-and-not-accuracy
/questions/5048306/probabilistic-selection-algorithm
/questions/16398162/how-to-use-an-approximate-string-matching-algorithm-in-android-sqlite
/questions/69751332/normalize-two-arrays-with-second-array-the-base-for-normalizing-first-array
/questions/51069307/hamiltonian-path-functional-way
/questions/60126567/any-known-linear-algorithm-to-approximate-a-function-with-line-segments
/questions/6444915/algorithm-to-get-an-approximate-depth-map-from-an-embossed-relief-image
/questions/6823992/algorithms-for-reporting-the-progress-of-asynchronous-function-calls
/questions/9210664/approximation-of-a-common-divisor-closest-to-some-value
/questions/68167524/why-branch-and-bound-is-approximate-and-not-exact
/questions/67543688/bundling-neighbouring-roads-of-a-vector-map
/questions/68300337/python-algorithms-and-big-o
/questions/15617432/calculating-the-difference-in-percentage-of-two-html-files
/questions/41306173/max-3-color-algorithm
/questions/67317662/how-to-iterate-over-grapheme-clusters-in-crystal
/questions/51669436/spanning-tree-on-grid-with-minimum-number-of-turns
/questions/8180336/histogram-approximation-for-streaming-data
/questions/11656784/graph-partitioning-based-on-nodes-and-edges-weights
/questions/43953138/significant-error-when-approximating-elliptical-arcs-with-bezier-curves-on-canva
/questions/40373380/optimization-algorithms-for-piecewise-constant-and-similar-ill-defined-functions
/questions/2759512/pseudo-lru-tree-algorithm
/questions/63985972/if-i-relax-some-constraints-can-i-get-an-algorithmic-shortcut-on-approximate-ne
/questions/22472732/polynomial-time-algorithm-for-travelling-salesman-in-a-grid
/questions/15016832/block-layout-algorithm
/questions/11686393/optimization-when-objective-function-can-only-be-approximately-computed
/questions/70187066/gauss-jacobi-iteration-method
/questions/29634120/color-approximation
/questions/59110247/allocation-minimum-cost-with-quantity-constraint-in-python
/questions/66583285/how-to-partition-undirected-graph-into-balanced-partition
/questions/24268579/algorithm-for-maximal-hypervolume-simplex
/questions/62863935/evaluating-time-complexity-for-the-binomial-coefficient
/questions/3789997/how-do-printf-and-scanf-handle-floating-point-precision-formats
/questions/2626123/how-to-calculate-order-big-o-for-more-complex-algorithms-eg-quicksort
/questions/8994778/dynamic-programming-approximation
/questions/46292908/stack-overflow-during-evaluation-in-ocaml
/questions/65912561/python-algorithm-to-approximate-closest-parallel-equivalence-of-resistors-from-a
/questions/27544190/algorithm-to-find-a-node-with-particular-properties-in-a-tree-given-a-starting-n
/questions/32113199/trying-to-create-an-algorithm-similar-to-an-approximate-subset-sum-table-in-php
/questions/5043635/fastest-algorithm-of-getting-precise-answer-not-approximated-when-square-rooti
/questions/17569749/finding-very-close-points-on-plane-approximate-clustering-algorithm-needed
/questions/45626088/does-atan-provide-any-computational-advantage-over-pnorm-in-r
/questions/75399059/fault-tolerant-k-median-problem-on-an-undirected-graph
/questions/75399059/fault-tolerant-k-median-problem-on-an-undirected-graph
/questions/28403251/finding-the-constant-c-in-the-time-complexity-of-certain-algorithms
/questions/4626370/number-approximation-in-python
/questions/53586276/pca-in-large-pn-big-data-sets-in-r
/questions/2272179/a-simple-algorithm-for-polygon-intersection
/questions/66732081/how-to-tell-cvxpy-that-xt-x-is-sdp
/questions/3639571/non-monotonic-time-complexity-algorithm
/questions/26056154/understanding-matlab-linsolve
/questions/55192325/what-is-the-simplest-easiest-algorithm-for-finding-emst-of-a-complete-graph-of
/questions/63585683/is-there-a-more-efficient-way-to-find-the-smallest-vector3-combination-from-a-si
/questions/76248178/dummy-node-for-tsp-and-finding-shortest-hamiltonian-path
/questions/28555630/cover-a-polygon-with-k-rectangles-minimizing-the-rectangles-area
/questions/60178351/integral-approximation-python
/questions/3043033/load-balancing-and-scheduling-algorithms
/questions/1944621/is-there-any-method-for-multiplying-matrices-having-on-complexity
/questions/42182081/more-work-like-judea-pearls-heuristics
/questions/4034727/algorithm-for-splitting-a-connected-graph-into-two-components
/questions/35533178/how-to-get-approximate-time-when-an-algorithm-takes-zero-second-milli-second-ti
/questions/4716168/efficient-minimal-spanning-tree-in-metric-space
/questions/43237043/smoothing-spline-de-boors-approach
/questions/59306527/newton-root-finding-function-does-not-work-with-sqrtx-in-r
/questions/9285983/fast-equivalent-to-sin-for-dsp-referenced-in-stk
/questions/3846825/general-purpose-algorithm-for-triangulating-an-undirected-graph
/questions/69903606/lbfgs-accuracy-of-hessian-approximation
/questions/9418837/fuzzy-autocomplete-textbox-control-in-asp-net
/questions/20933871/library-for-solving-knapsack-prblminteger-programming
/questions/6150046/extract-algorithm-from-number-distribution
/questions/6077600/algorithms-to-normalize-finger-touch-data-reduce-the-number-of-points
/questions/25836734/my-bisection-code-in-python-doesnt-return-the-root
/questions/46321226/preorder-tree-walk-of-a-minimum-spanning-tree-generated-by-prims-algorithm
/questions/12244810/string-approximation-fetching-the-nearest-matched-string-from-dictionary
/questions/26643695/converting-a-floating-point-decimal-value-to-a-fraction
/questions/66050790/initial-value-for-newton-raphson-division-algorithm-when-input-is-close-to-0
/questions/3255/big-o-how-do-you-calculate-approximate-it
/questions/7391287/unit-testing-approximation-algorithms
/questions/14962699/0-1-integer-linear-programming-approximation-algorithms
/questions/4545556/traveling-salesman-library-using-approximation-algorithm
/questions/50323625/difference-between-heuristic-and-approximation-algorithm-in-bin-packing
/questions/43270349/approximation-algorithm-for-vertex-cover
/questions/29874638/approximation-algorithm-using-expectation
/questions/12340127/approximation-algorithms-for-maximum-weight-independent-set-when-vertexs-weight
/questions/68809273/what-are-the-knownpolynomial-approximation-algorithms-to-get-mipmixed-integer
/questions/63727096/druid-default-distinct-approximation-algorithm
/questions/27752677/approximation-algorithm-for-optimization-version-of-partitioning
/questions/28508423/vogels-approximation-algorithm-in-javascript
/questions/9236458/rectangle-approximation-algorithm
/questions/19433724/approximation-algorithm-in-broadcasting
/questions/3522900/kolmogorov-complexity-approximation-algorithm
/questions/4853749/a-2-approximation-algorithm-for-vertex-cover-problem-using-spanning-tree
/questions/12069494/rgb-similar-color-approximation-algorithm
/questions/2220779/longest-path-approximation-algorithm-from-a-given-node
/questions/58562439/understanding-curve-global-approximation-algorithm
/questions/9918536/approximation-algorithm-for-constrained-maximum-spanning-sub-tree-for-directed-g
/questions/34095890/when-does-mst-based-approximation-algorithm-not-return-optimal-solution-to-tsp
/questions/23413840/approximation-algorithm-between-two-np-compete-problems
/questions/5203894/a-good-approximation-algorithm-for-the-maximum-weight-perfect-match-in-non-bipar
/questions/42537957/fast-accurate-atan-arctan-approximation-algorithm
/questions/4813611/graph-algorithm-approximation-algorithm
/questions/64579651/3-approximation-algorithmrandomised-or-deterministic
/questions/56341794/non-existence-of-approximation-algorithm-for-the-knapsack-problem
/questions/14420632/approximation-algorithm-how-to-find-shortest-cycle-that-gains-x-points
/questions/13560922/debugging-polygon-approximation-algorithm-code-c
/questions/49263/approximate-string-matching-algorithms
/questions/12050125/approximate-algorithm-for-top-k-query-in-hive
/questions/54558936/logarithm-function-approximation-algorithm
/questions/54150550/which-approximation-algorithm-is-used-for-sin-by-compilers
/questions/41943572/hitting-set-algorithm-approximation
/questions/23166306/understanding-polynomial-time-approximation-scheme
/questions/30145701/show-that-2-times-optimal-approximation-algorithm-for-traveling-salesman-tsp-d
/questions/39412141/finding-approximation-ratio-of-an-algorithm
/questions/914129/which-sorting-algorithms-give-near-approximate-sort-sooner
/questions/34091165/wsclock-algorithm-as-approximation
/questions/9233125/approximation-for-set-cover
/questions/38483248/how-to-quickcheck-an-approximative-algorithm
/questions/30823577/error-bound-in-function-approximation-algorithm
/questions/70070011/why-in-max-cut-weigthted-graph-we-cant-do-an-approximation-lower-than-1-2
/questions/2669163/an-approximate-algorithm-for-finding-steiner-forest
/questions/41785903/how-does-this-division-approximation-algorithm-work
/questions/64527856/problem-nesting-approximation-search-algorithm
/questions/34323033/generality-of-approximation-for-np-hard-problems
/questions/30409247/why-does-an-iterative-approximation-algorithm-sometime-have-fewer-iterations-des
/questions/73861370/trying-to-establish-a-simple-closest-approximation-algorithm
/questions/31080969/approximation-algorithm-for-non-intersecting-paths-in-a-grid
/questions/26677278/matlab-newton-algorithm-two-sided-approximation-of-jacobian-matrix
/questions/28497630/approximate-string-matching-algorithms-state-of-the-art
/questions/45170789/approximate-string-matching-algorithms-for-names
/questions/10358463/approximation-algorithm-for-tsp-variant-fixed-start-and-end-anywhere-but-starti
/questions/54954890/what-approximate-tsp-algorithm-does-google-or-tools-use
/questions/14461513/finding-path-between-all-points-using-approximation-algorithm
/questions/51356862/why-the-outcome-of-approximation-algorithm-more-precise-then-the-minimum-step
/questions/32337135/fuzzy-search-algorithm-approximate-string-matching-algorithm
/questions/3513723/algorithm-approximation-for-combined-independent-set-hamming-distance
/questions/18359697/translate-approximate-algorithm-for-subset-sum-into-php-code
/questions/29174162/fast-approximate-algorithm-for-rgb-lab-conversion
/questions/19889744/successive-approximation-in-python
/questions/31462988/c-sharp-dictionary-with-key-being-string-and-value-being-a-counter-approximatio
/questions/65469391/how-to-justify-the-approximation-ratio-of-this-deterministic-algorithm-weighted
/questions/43392149/fast-algorithms-to-approximate-distance-between-two-strings
/questions/71717052/how-can-i-use-the-approximate-algorithm-in-this-problem
/questions/6234964/factorial-time-algorithms-and-p-np
/questions/30985633/what-is-an-approximation-factor
/questions/33854542/runtime-approximation-of-a-given-algorithm
/questions/40917676/fast-arcsin-implementation-or-approximation-in-c-sharp
/questions/42664165/in-python-speeding-up-a-data-stream-word-counting-approximation-algorithm
/questions/65356449/convergence-guarantee-of-policy-gradient-with-function-approximation
/questions/16395957/can-1-approximation-algorithm-be-used-for-multiple-np-hard-problems
/questions/5453145/approximate-algorithm-for-minimum-raggedness-word-wrap
/questions/13646493/different-output-with-c-pi-approximation
/questions/2042803/problem-with-implementing-successive-approximation-algorithm-in-c-with-visual
/questions/38668855/clarksons-2-approximation-weighted-vertex-cover-algorithm-runtime-analysis
/questions/37629899/fast-approximate-algorithm-for-cardinality-of-sets-intersection
/questions/49999003/how-to-find-optimal-integer-ratio-of-different-precision
/questions/14319288/bezier-curve-approximation-for-large-amount-of-points
/questions/37025236/are-there-algorithms-to-approximately-sort-data-that-can-change
/questions/67512670/hitting-objects-algorithm
/questions/6356891/find-distorted-rectangle-in-image-opencv
/questions/40599551/how-can-i-generate-and-run-random-lambda-expressions
/questions/23513274/optimal-approximated-path-algorithm-distance-priority
/questions/33608396/approximate-sorting-algorithm
/questions/16351641/algorithms-for-fast-string-approximate-matching
/questions/74105605/what-does-no1-%ce%b5-means
/questions/64952079/approximated-algorithm-of-union-two-non-disjoint-sets
/questions/59816568/any-python-library-for-bezier-curve-approximation-with-biarcs
/questions/36184394/approximate-optimization-using-gurobi-attributes-in-python
/questions/44911527/are-there-algorithms-that-are-only-feasible-in-a-recursive-manner
/questions/36160248/q-learning-with-linear-function-approximation
/questions/20794090/approximated-closest-pair-algorithm
/questions/70142697/rational-approximation-of-double-using-int-numerator-and-denominator-in-c
/questions/40807143/difference-between-function-approximator-and-optimization-algorithm
/questions/2040394/fuzzy-approximate-checking-of-solutions-from-algorithms
/questions/57971053/approximation-of-growth-of-a-function
/questions/3777154/algorithm-for-online-approximation-of-a-slowly-changing-real-valued-function
/questions/46449547/simple-algorithm-for-approximation-image-contour-for-line-segment
/questions/30513294/algorithm-for-approximate-social-security-number-match-search
/questions/2140164/algorithm-for-approximate-search-in-sorted-integer-list
/questions/20124305/is-there-a-function-or-package-in-r-that-can-get-lambda-of-poisson-distribution
/questions/13336966/vertices-that-are-k-away
/questions/26692859/best-machine-optimized-polynomial-minimax-approximation-to-arctangent-on-1-1
/questions/7688344/approximate-function-with-genetic-algorithm
/questions/62476435/deterministic-solutions-to-minimal-vertex-cover-problems-np-complete-is-fine
/questions/37128810/algorithm-for-finding-approximate-area-of-the-ground-via-elevation-grid
/questions/11942554/quickcheck-for-non-boolean-tests
/questions/47704150/is-there-a-decent-algorithm-to-find-the-approximate-wasted-space-in-a-packing-sc
/questions/66513948/brute-force-exact-algorithm-for-vertex-cover
/questions/13560272/fastest-approximate-counting-algorithm
/questions/30984698/seeking-approximate-algorithm-to-find-largest-clear-circle-in-an-area
/questions/64012231/find-the-best-approximation-of-a-subset-for-a-value
/questions/24641919/approximating-pi-in-java-using-gauss-legendre-algorithm
/questions/70326547/what-would-p-np-tell-us-for-a-proof
/questions/6871682/approximate-incremental-nearest-neighbour-algorithm-for-moving-bodies
/questions/5255767/opencv-multilevel-b-spline-approximation
/questions/68537375/approximative-sorting-algorithm
/questions/13592502/vastly-different-output-c-monte-carlo-approximation
/questions/57082463/approximation-fitting-method-for-an-unknown-function
/questions/13215620/affine-transformation-approximation-of-two-triangles-using-eigen-svd
/questions/44112075/algorithmsmax-k-cut-in-a-graph
/questions/53399383/incremental-price-graph-approximation
/questions/71821689/mesh-approximation-with-fixed-size-irregular-shapes
/questions/73247279/how-to-make-faster-approximation-of-data-by-sinusoids
/questions/34813006/increase-approximation-probability-in-approxpolydp-in-opencv
/questions/57922870/can-you-please-give-me-time-approximationlike-n2-n2-nlogn-of-this-new-se
/questions/22794740/singular-value-decomposition-and-low-rank-tensorial-approximation
/questions/41965931/what-is-the-name-of-a-decision-algorithm-answering-yes-or-maybe
/questions/36114068/implementing-the-alon-matias-szegedy-algorithm-for-the-second-moment-stream-appr
/questions/39936290/game-tree-algorithms-progressive-deepening-how-to-approximate-an-answer-witho
/questions/37515011/tight-example-for-mst-heuristic-for-metric-tsp
/questions/46269213/approximating-an-unknown-value-in-python
/questions/31621502/approximating-a-conical-frustum-with-binary-search-algorithm
/questions/2813401/books-on-string-algorithms
/questions/25790144/modify-this-algorithm-for-nearest-neighbour-search-nns-to-perform-approximate
/questions/9656430/spline-surface-interpolation
/questions/27008226/reinforcement-learning-algorithms-for-continuous-states-discrete-actions
/questions/55087010/efficient-approximate-algorithm-to-determine-the-presence-of-k-sized-cycle-in-gr
/questions/69511450/is-a-grid-approximation-with-a-search-of-a-continuous-motion-planning-problem-r
/questions/53157256/scipy-expm-for-sparse-matrices
/questions/63918873/approximating-cosine-on-0-pi-using-only-single-precision-floating-point
/questions/62430965/how-to-find-max-average-and-lowest-value-in-knapsack-problem
/questions/67252683/approximation-ratios
/questions/11622864/how-to-find-all-edge-disjoint-equi-cost-paths-in-an-undirected-graph-between-a-p
/questions/67252683/approximation-ratios
/questions/55299912/php-int-parse-weird-result-explanation
/questions/75835872/algorithm-for-finding-approximate-minimum-tree-that-spans-a-given-subset-of-vert
/questions/32614611/floating-point-reciprocal-approximation-using-softfloat-library
/questions/15464592/finding-spanning-tree-with-maximum-minimum-degree
/questions/9956218/decimal-to-irrational-fraction-approximation
/questions/58716986/algorithm-longest-approximate-interval
/questions/58528421/n-dimensional-space-search-algorithms
/questions/14681788/greedy-set-coverage-algorithm-built-by-removing-sets
/questions/51620951/algorithm-for-approximate-number-finding
/questions/75156134/approximate-counting-algorithm-with-limited-updates-writes
/questions/75419787/looking-for-an-algorithm-example-implementation-for-curve-made-out-of-arcs-with
/questions/45192790/set-cover-a-couple-different-versions
/questions/33048401/algorithm-for-approximating-the-2d-look-up-table
/questions/14798238/neural-network-ffw-bp-function-approximation
/questions/61145578/need-help-fixing-an-algorithm-that-approximates-pi
/questions/70284403/approximation-for-random-coloring-graph-with-2-colors
/questions/3272157/selecting-k-sub-posets
/questions/72933798/steiner-tree-for-directed-graphs
/questions/41807596/fast-algorithm-for-approximate-lookup-on-multiple-keys
/questions/62318665/do-randomized-algorithms-always-give-an-approximate-result-why-why-not
/questions/40748412/minimum-area-geometric-cover-for-a-set-of-line-segments
/questions/27776560/how-to-prove-my-approximation-ratio
/questions/39184257/set-cover-approximation-in-r
/questions/28202429/dynamic-t-sql-approach-for-combinatorics-knapsack
/questions/36117266/how-were-these-coefficients-in-a-polynomial-approximation-for-sine-determined
/questions/55459091/find-maximal-subgraph-containing-only-nodes-of-degree-2-and-3
/questions/22127706/implementing-bin-fus-approximate-sum-algorithm
/questions/2177836/algorithm-for-creating-a-school-timetable
/questions/36500836/implementing-the-square-root-method-through-successive-approximation
/questions/49533349/reinforcement-learning-function-approximation-with-neural-networks
/questions/27271353/algorithm-to-approximate-an-optimal-solution-for-an-integer-allocation-problem
/questions/64818388/what-is-the-algorithm-used-for-approximating-trigonometric-functions-in-rstudio
/questions/19921602/bound-principle-for-integer-linear-programming-and-linear-programming
/questions/23508184/approximate-nearest-neighbor-algorithm-for-octrees
/questions/51298648/algorithm-to-approximate-non-linear-equation-system-solution
/questions/10791168/concrete-algorithm-code-for-approximate-string-matching
/questions/8729028/two-dimensional-curve-approximation
/questions/55653676/square-root-by-approximation
/questions/68811483/how-do-i-select-the-node-that-minimizes-the-maximum-shortest-distance-to-the-oth
/questions/16188021/calculating-lower-bound-with-stirlings-approximation
/questions/72823827/exploring-an-algorithm-to-approximate-minimum-n-concentration-of-an-area
/questions/31031223/fast-approximate-float-division
/questions/7758932/appengine-approximate-partial-string-matching-algorithm
/questions/48362643/using-linear-approximation-to-perform-addition-and-subtraction-error-barrier
/questions/53166122/infinite-series-approximation-of-pi-in-c-not-terminating
/questions/12996302/terrain-triangulation-algorithm
/questions/56030571/an-example-of-an-input-to-the-set-cover-problem-which-does-not-provide-a-2-appro
/questions/13887597/real-time-cpu-data-for-algorithms-of-different-complexity-classes
/questions/42240463/finding-graph-partitions-with-minimum-edges-crossing-partitions
/questions/55111775/how-to-map-sax-symbolic-aggregrate-approximation-back-to-time-series
/questions/59191786/algorithm-to-approximate-a-unknown-function-with-a-given-functional-form
/questions/1002697/what-is-the-difference-between-a-combinatorial-algorithm-and-a-linear-algorit
/questions/15699714/find-all-maximal-complete-bipartite-subgraph-from-given-bipartite-graph
/questions/6475373/optimizations-for-pow-with-const-non-integer-exponent
/questions/45223489/features-of-segmented-regions-of-the-approximation-matrix-in-matlab
/questions/42713733/divide-an-array-of-numbers-into-the-least-number-of-arrays-whose-sum-is-less-tha
/questions/15434271/is-there-a-way-to-approximate-the-laplacian-matrix-eigenvalues-by-using-random-w
/questions/23593732/algorithms-for-the-error-function-and-its-friends-erf-erfc-etc
/questions/16590181/approximately-evaluate-the-time-needed-for-running-an-algorithm-by-cpu-frequency
/questions/10882599/dominating-set-greedy-approximation-worst-case-example
/questions/71274706/optimizing-an-algorithm-that-approximates-the-euler-number-e-in-c
/questions/54661131/log2-approximation-in-fixed-point
/questions/38094927/how-do-you-normalize-weights-q-learning-with-linear-function-approximation
/questions/14790588/what-is-twitters-interest-in-abstract-algebra
/questions/8681648/shortest-paths-with-resource-constraints
/questions/5459347/c-graph-vertex-coloring-library-or-source-code
/questions/1270778/need-algorithm-to-group-files-of-varying-sizes-into-approximately-equal-blocks
/questions/10887881/c-sharp-fast-chart-approximate-comparison-algorithm
/questions/25676076/effective-multi-search-algorithms
/questions/26283291/suitable-approximate-string-matching-algorithm-for-name-and-addresses
/questions/29334595/error-in-%cf%80-approximation-causing-divergence-on-29th-digit
/questions/49285529/amdapproximate-minimum-degree-algorithm-in-r
/questions/67754978/computing-an-approximate-median-pseudo-median-algorithm
/questions/26539579/js-how-make-that-function-could-not-be-start-earlier-than-10-seconds-after-the-p
/questions/29792516/spline-approximation-with-specified-number-of-intervals
/questions/67028299/piecewise-linear-approximation
/questions/39058991/how-to-approximate-time-series-data
/questions/2383752/net-framework-per-application-overhead
/questions/43886814/function-approximation-by-ann
/questions/19850580/maximum-non-overlapping-intervals-in-a-interval-tree
/questions/28950859/approximate-histogram-for-streaming-string-values-card-catalog-algorithm
/questions/61054851/networkx-dijkstra-shortest-path-exists-but-is-way-too-long-algorithm-that-give
/questions/29508863/approximation-of-n-points-to-the-curve-with-the-best-fit
/questions/17197204/comparing-matlab-ar-model-algorithms
/questions/55656498/rational-approximation-of-rational-exponentiation-root-with-error-control
/questions/65244113/is-there-a-clustering-algorithm-in-spark-where-the-resulting-clusters-are-approx
/questions/27804926/in-r-is-there-an-algorithm-to-create-approximately-equal-sized-clusters
/questions/17134555/partitionproblem-variation-fixed-size-of-subsets
/questions/38081462/how-to-show-metric-tsp-in-apx-set-of-algorithms
/questions/50867042/matching-algorithm-with-liking-function
/questions/38988582/q-learning-vs-dynamic-programming
/questions/836661/performance-testing-for-calculation-heavy-programs
/questions/13507550/finding-top-left-and-bottom-right-points-c
/questions/13098182/objective-c-vs-c-for-applied-math-algorithms
/questions/34562006/why-is-my-shortest-hamiltonian-path-algorithm-suboptimal
/questions/41205312/genetic-algorithm-approximating-images-with-polygons-fitness-calculating
/questions/52450591/is-there-an-accepted-current-industry-standard-best-of-stochastic-optimization
/questions/33577827/how-could-i-optimize-this-algorithm-for-approximating-pi
/questions/4753251/how-to-go-about-formatting-1200-to-1-2k-in-java
/questions/65218524/sarsa-implementation-with-tensorflow
/questions/13644372/approximate-minimum-feedback-arc-set-implementation-in-java
/questions/48064613/minimum-axis-parallel-bounding-box-in-linear-time
/questions/41904461/is-it-possible-to-find-the-closest-point-to-all-points-in-subquadratic-time
/questions/41904461/is-it-possible-to-find-the-closest-point-to-all-points-in-subquadratic-time
/questions/240473/how-to-determine-path-from-noisy-x-y-data
/questions/22733578/halleys-method-in-c-or-octave
/questions/36017603/solve-bulb-toggling-puzzle-in-non-exponential-time
/questions/11649024/bin-packing-with-overlapping-objects
/questions/4323061/how-does-photoshops-magnetic-lasso-work
/questions/20161346/approximation-of-arcsin-in-c
/questions/72180554/how-to-find-the-approximate-color-of-any-color-in-a-given-palette
/questions/70569263/algorithm-to-convert-a-straight-skeleton-of-an-orthogonal-poygon-into-an-orthogo
/questions/10073857/load-balancing-and-stirling-numbers-of-the-second-kind-applied
/questions/29879316/how-can-i-intercept-this-approximation-error-in-my-matlab-script
/questions/68036667/approximate-number-of-colors-in-bitmap
/questions/56752643/finding-maximum-weight-subgraph
/questions/6091455/algorithm-to-get-approximate-equation-of-a-graph-based-on-a-set-of-points
/questions/15206036/program-an-iteration-which-will-be-stopped-when-the-mentioned-circumstance-is-me
/questions/19368962/approximate-substring-matching-using-a-suffix-tree
/questions/58151752/maximizing-overlap-of-high-low-set
/questions/11261170/c-and-maths-fast-approximation-of-a-trigonometric-function
/questions/66331410/preserving-shape-local-convexity-concavity-with-matlab-interpolation
/questions/14313828/finding-a-polygonal-approximation-of-a-closed-path
/questions/13535246/opengl-displaying-two-arrays
/questions/46973354/is-there-an-algorithm-to-reduce-the-sides-of-a-polygon-while-keeping-all-points
/questions/21731324/bicubic-interpolation-artifacts-image-upscale
/questions/5202667/algorithm-for-partitioning-set-of-sets-into-approximately-equal-sized-chunks
/questions/26520764/k-center-algorithm-in-one-dimensional-space
/questions/42470922/find-closest-approximation-of-pi-for-given-range-of-denominators
/questions/3260653/algorithm-to-find-top-10-search-terms
/questions/60171858/why-machine-learning-algorithms-focus-on-speed-and-not-accuracy
/questions/3260653/algorithm-to-find-top-10-search-terms
/questions/60171858/why-machine-learning-algorithms-focus-on-speed-and-not-accuracy
/questions/5048306/probabilistic-selection-algorithm
/questions/16398162/how-to-use-an-approximate-string-matching-algorithm-in-android-sqlite
/questions/69751332/normalize-two-arrays-with-second-array-the-base-for-normalizing-first-array
/questions/51069307/hamiltonian-path-functional-way
/questions/60126567/any-known-linear-algorithm-to-approximate-a-function-with-line-segments
/questions/6444915/algorithm-to-get-an-approximate-depth-map-from-an-embossed-relief-image
/questions/6823992/algorithms-for-reporting-the-progress-of-asynchronous-function-calls
/questions/9210664/approximation-of-a-common-divisor-closest-to-some-value
/questions/68167524/why-branch-and-bound-is-approximate-and-not-exact
/questions/67543688/bundling-neighbouring-roads-of-a-vector-map
/questions/68300337/python-algorithms-and-big-o
/questions/15617432/calculating-the-difference-in-percentage-of-two-html-files
/questions/41306173/max-3-color-algorithm
/questions/67317662/how-to-iterate-over-grapheme-clusters-in-crystal
/questions/51669436/spanning-tree-on-grid-with-minimum-number-of-turns
/questions/8180336/histogram-approximation-for-streaming-data
/questions/11656784/graph-partitioning-based-on-nodes-and-edges-weights
/questions/43953138/significant-error-when-approximating-elliptical-arcs-with-bezier-curves-on-canva
/questions/40373380/optimization-algorithms-for-piecewise-constant-and-similar-ill-defined-functions
/questions/2759512/pseudo-lru-tree-algorithm
/questions/63985972/if-i-relax-some-constraints-can-i-get-an-algorithmic-shortcut-on-approximate-ne
/questions/22472732/polynomial-time-algorithm-for-travelling-salesman-in-a-grid
/questions/15016832/block-layout-algorithm
/questions/11686393/optimization-when-objective-function-can-only-be-approximately-computed
/questions/70187066/gauss-jacobi-iteration-method
/questions/29634120/color-approximation
/questions/59110247/allocation-minimum-cost-with-quantity-constraint-in-python
/questions/66583285/how-to-partition-undirected-graph-into-balanced-partition
/questions/24268579/algorithm-for-maximal-hypervolume-simplex
/questions/62863935/evaluating-time-complexity-for-the-binomial-coefficient
/questions/3789997/how-do-printf-and-scanf-handle-floating-point-precision-formats
/questions/2626123/how-to-calculate-order-big-o-for-more-complex-algorithms-eg-quicksort
/questions/8994778/dynamic-programming-approximation
/questions/46292908/stack-overflow-during-evaluation-in-ocaml
/questions/65912561/python-algorithm-to-approximate-closest-parallel-equivalence-of-resistors-from-a
/questions/27544190/algorithm-to-find-a-node-with-particular-properties-in-a-tree-given-a-starting-n
/questions/32113199/trying-to-create-an-algorithm-similar-to-an-approximate-subset-sum-table-in-php
/questions/5043635/fastest-algorithm-of-getting-precise-answer-not-approximated-when-square-rooti
/questions/17569749/finding-very-close-points-on-plane-approximate-clustering-algorithm-needed
/questions/45626088/does-atan-provide-any-computational-advantage-over-pnorm-in-r
/questions/75399059/fault-tolerant-k-median-problem-on-an-undirected-graph
/questions/75399059/fault-tolerant-k-median-problem-on-an-undirected-graph
/questions/28403251/finding-the-constant-c-in-the-time-complexity-of-certain-algorithms
/questions/4626370/number-approximation-in-python
/questions/53586276/pca-in-large-pn-big-data-sets-in-r
/questions/2272179/a-simple-algorithm-for-polygon-intersection
/questions/66732081/how-to-tell-cvxpy-that-xt-x-is-sdp
/questions/3639571/non-monotonic-time-complexity-algorithm
/questions/26056154/understanding-matlab-linsolve
/questions/55192325/what-is-the-simplest-easiest-algorithm-for-finding-emst-of-a-complete-graph-of
/questions/63585683/is-there-a-more-efficient-way-to-find-the-smallest-vector3-combination-from-a-si
/questions/76248178/dummy-node-for-tsp-and-finding-shortest-hamiltonian-path
/questions/28555630/cover-a-polygon-with-k-rectangles-minimizing-the-rectangles-area
/questions/60178351/integral-approximation-python
/questions/3043033/load-balancing-and-scheduling-algorithms
/questions/1944621/is-there-any-method-for-multiplying-matrices-having-on-complexity
/questions/42182081/more-work-like-judea-pearls-heuristics
/questions/4034727/algorithm-for-splitting-a-connected-graph-into-two-components
/questions/35533178/how-to-get-approximate-time-when-an-algorithm-takes-zero-second-milli-second-ti
/questions/4716168/efficient-minimal-spanning-tree-in-metric-space
/questions/43237043/smoothing-spline-de-boors-approach
/questions/59306527/newton-root-finding-function-does-not-work-with-sqrtx-in-r
/questions/9285983/fast-equivalent-to-sin-for-dsp-referenced-in-stk
/questions/3846825/general-purpose-algorithm-for-triangulating-an-undirected-graph
/questions/69903606/lbfgs-accuracy-of-hessian-approximation
/questions/9418837/fuzzy-autocomplete-textbox-control-in-asp-net
/questions/20933871/library-for-solving-knapsack-prblminteger-programming
/questions/6150046/extract-algorithm-from-number-distribution
/questions/6077600/algorithms-to-normalize-finger-touch-data-reduce-the-number-of-points
/questions/25836734/my-bisection-code-in-python-doesnt-return-the-root
/questions/46321226/preorder-tree-walk-of-a-minimum-spanning-tree-generated-by-prims-algorithm
/questions/12244810/string-approximation-fetching-the-nearest-matched-string-from-dictionary
/questions/26643695/converting-a-floating-point-decimal-value-to-a-fraction
/questions/66050790/initial-value-for-newton-raphson-division-algorithm-when-input-is-close-to-0
