/questions/4769907/is-the-problem-of-finding-the-chromatic-number-of-this-modified-interval-graph-n
/questions/72069299/is-it-np-complete-to-find-a-sub-maximal-clique-which-is-at-least-max-clique-size
/questions/62476435/deterministic-solutions-to-minimal-vertex-cover-problems-np-complete-is-fine
/questions/42455469/implementation-of-graph-coloring-algorithms
/questions/10446586/sortedhashtable-in-c-sharp
/questions/4853749/a-2-approximation-algorithm-for-vertex-cover-problem-using-spanning-tree
/questions/2696029/ideas-for-student-parallel-programming-project
/questions/43108481/maximum-common-subgraph-in-a-directed-graph
/questions/2527129/polygon-packing-2d
/questions/29247004/finding-the-maximum-sum-that-can-be-formed-from-a-set-by-partitioning-it-into-t
/questions/3739248/reducing-planning-to-quantified-boolean-formulae
/questions/57640251/real-weights-knapsack-in-polynomialtime
/questions/46982300/select-k-numbers-from-each-category-without-duplicates-and-maximize-the-selectio
/questions/76444734/get-all-subsets-of-fairly-large-set-of-elements-1-2-3-254-255-that-sum-u
/questions/51860815/given-a-bipartite-graph-how-to-find-the-largest-complete-bipartite-biclique-sub
/questions/12367801/finding-all-cycles-in-undirected-graphs
/questions/67387255/return-the-all-possible-key-combinations-where-the-cumulative-sum-is-equal-to-in
/questions/8023113/packing-items-into-fixed-number-of-bins
/questions/60776249/how-to-divide-a-list-of-negative-and-positive-numbers-into-the-largest-number-of
/questions/45593629/how-to-optimize-search-of-rows-x-columns-combination-in-a-matrix
/questions/50138415/simultaneous-subset-sums
/questions/45924314/unordered-tree-pattern-matching-algorithm
/questions/69406187/algorithm-for-finding-optimal-multiple-partitionings-based-on-some-costs
/questions/8681648/shortest-paths-with-resource-constraints
/questions/28555630/cover-a-polygon-with-k-rectangles-minimizing-the-rectangles-area
/questions/52896307/dividing-the-image-into-colored-rectangular-regions
/questions/56586170/how-to-optimize-makespan-of-worker-labor-to-maximum-time-usage-given-a-set-of-po
/questions/31160517/how-to-find-bicliques-with-fuzziness
/questions/56042774/subset-with-smallest-sum-greater-or-equal-to-k
/questions/25714874/hamiltonian-path-of-an-obstructed-grid-and-python-recursion-limts
/questions/1701136/determining-the-best-k-for-a-k-nearest-neighbour
/questions/17628025/selecting-an-integer-from-each-of-the-given-n-sets-of-integers-such-that-the-sum
/questions/44606961/solving-crosswords-efficiently
/questions/46806141/improving-scalability-when-using-z3py-for-passive-learning
/questions/43787729/time-complexity-of-tsp
/questions/39681988/optaplanner-large-datasets-with-millions-of-rows
/questions/17189483/sort-resource-access-schedule-for-multiple-threads-so-the-number-of-writing-conf
/questions/14005942/this-puzzle-subset-sum
/questions/18432759/subset-sum-for-large-sums
/questions/17135218/suggest-scikit-learn-algorithms-for-spam-detection-like-image-classification-tas
/questions/31586199/university-timetable-scheduling-project-using-genetic-algorithm-java
/questions/4701887/find-the-set-of-largest-contiguous-rectangles-to-cover-multiple-areas
/questions/2766237/how-to-tackle-this-combinatorial-algorithm-problem
/questions/41170348/guided-mining-of-common-substructures-in-large-set-of-graphs
/questions/28727490/flavor-of-a-traveling-salesmantsp-using-boostgraph
/questions/41209962/minimum-cost-for-colouring-the-house
/questions/25734536/metaheuristic-shuffle
/questions/7592156/simplifying-logical-expressions
/questions/3130897/minimum-set-cover-php
/questions/29568584/heavily-stuck-on-a-graph-task
/questions/16114877/on-call-night-scheduling-algorithm
/questions/18634701/assigning-worker-tasks
/questions/27351359/as3-conversion-to-gbk-charset
/questions/68523087/puzzled-by-this-interview-problem-schedule-a-computation-graph-on-a-single-proc
/questions/45900206/lightweight-decompression-algorithm-for-embedded-use
/questions/4697135/sorting-a-list-of-numbers-with-modified-cost
/questions/67051873/devising-optimzed-algorithms-for-restricted-range-partition-problem
/questions/74978707/optimizing-a-puzzle-solver
/questions/33589921/best-possible-implementation-of-the-travelling-salesman-vehicle-routing-use-ca
/questions/6897982/questions-about-converting-a-mixed-encoding-file-to-utf8-in-perl
/questions/1960888/register-allocation-and-spilling-the-easy-way
/questions/65379349/dynamic-programming-subproblems-transition
/questions/75035582/grouping-subgrouping-a-list-of-objects-based-on-the-object-attributes
/questions/468117/how-can-i-predict-the-size-of-an-iso-9660-filesystem
/questions/1796668/java-comparing-memory-heap-dumps-in-netbeans
/questions/64621525/assign-or-sign-to-the-first-n-natural-numbers-to-get-the-given-value
/questions/63843563/tinkerpop-gremlin-how-to-aggregate-variables-into-traversal-independant-collec
/questions/10416077/clean-text-coming-from-pdfs
