/questions/4421706/what-are-the-basic-rules-and-idioms-for-operator-overloading
/questions/14125843/basic-arithmetic-operations-on-int-java
/questions/10424119/storing-basic-arithmetic-operators-in-variables
/questions/2387229/big-o-complexity-of-the-basic-arithmetic-operations
/questions/46943742/callback-issue-for-a-basic-arithmetic-funciton
/questions/10530337/are-basic-arithmetic-operations-in-c-sharp-atomic
/questions/38170728/can-regex-do-basic-arithmetic
/questions/27359237/ssrs-basic-arithmetic-failures
/questions/21719014/basic-arithmetic-coding
/questions/26803059/antlr4-grammar-with-basic-arithmetic-and-signed-expressions
/questions/31302909/boolean-circuit-using-basic-arithmetic
/questions/50554152/python-basic-arithmetic-variable-names
/questions/14046209/using-a-generic-class-to-perform-basic-arithmetic-operations
/questions/14764807/implementing-the-exponential-function-with-basic-arithmetic-operations
/questions/36102527/prolog-some-basic-arithmetic-operations-implementation
/questions/8708064/basic-arithmetic-with-passed-url-variables-via-php
/questions/320532/how-can-i-simplify-a-basic-arithmetic-expression
/questions/14821469/javascript-basic-arithmetic
/questions/35140830/implementing-equality-function-with-basic-arithmetic-operations
/questions/47775303/implementing-basic-arithmetic-in-s4-class-object
/questions/73298818/basic-arithmetic-grammar-handling-parentheses
/questions/9613663/storing-a-number-of-100-digits-in-c-for-basic-arithmetic-functions
/questions/60378262/how-to-keep-the-dimensions-when-using-the-basic-arithmetic-operations-with-numpy
/questions/8995596/time-specify-x-seconds-minutes-and-basic-arithmetic
/questions/69764119/how-to-do-basic-arithmetic-in-truffle-testing-using-web3-js
/questions/8435884/emit-il-for-basic-arithmetic-ops
/questions/65492353/how-to-use-a-csv-file-as-input-for-basic-arithmetic-operations-in-bash
/questions/73433143/how-to-design-a-dfa-that-accepts-basic-arithmetic-expressions
/questions/53354360/how-to-get-the-integer-part-of-a-real-number-that-is-positive-using-only-basic-a
/questions/19639110/basic-arithmetic-with-prepared-statements
/questions/33330339/calculating-a-month-in-julian-counting-year-starts-with-march-with-basic-arith
/questions/33816202/unable-to-perform-basic-arithmetic
/questions/16355132/show-basic-arithmetic-functions-as-string
/questions/53926623/basic-arithmetic-on-variables
/questions/4514838/should-be-basic-arithmetic
/questions/3070274/basic-arithmetic-in-gwt-cssresource
/questions/18937071/python-3-basic-arithmetic-operations
/questions/63657861/what-does-really-big-int-mean-in-terms-of-time-complexity-and-basic-arithmetic
/questions/56331844/proving-basic-arithmetic-properties
/questions/4484489/using-basic-arithmetics-for-calculating-pi-with-arbitary-precision
/questions/47112616/perform-basic-arithmetic-in-single-text-box
/questions/52693171/program-for-basic-arithmetic-operations
/questions/43221792/basic-arithmetic-within-a-function-not-working
/questions/62668438/calculator-wont-perform-basic-arithmetic-calculations
/questions/19358287/problems-with-basic-arithmetic-in-a-function-matlab
/questions/51236747/basic-arithmetic-giving-strange-value
/questions/43189442/elisp-what-is-the-time-complexity-for-basic-arithmetic-operations-using-calc-fu
/questions/22803278/php-floating-point-error-with-basic-arithmetic-operation
/questions/46505827/what-are-the-relative-cycle-times-for-the-6-basic-arithmetic-operations
/questions/53361044/basic-arithmetic-from-user-input-in-bash
/questions/36408949/java-basic-arithmetic-and-data-type
/questions/17747247/enum-with-hex-value-basic-arithmetic
/questions/62089260/why-is-one-basic-arithmetic-operation-in-for-loop-body-executed-slower-than-two
/questions/36304274/performing-basic-arithmetic-in-php-array
/questions/44701113/ambiguity-in-basic-arithmetic-operations-python
/questions/54903960/basic-arithmetic-operations-with-user-input
/questions/35373178/are-the-basic-arithmetic-operations-not-available-in-relational-algebra
/questions/67665971/how-to-simplify-basic-arithmetic-in-more-complex-goals
/questions/53609453/ufunc-vs-basic-arithmetic-operators-in-numpy
/questions/53609453/ufunc-vs-basic-arithmetic-operators-in-numpy
/questions/11756926/basic-arithmetic-in-ios-glsl-fragment-shader
/questions/31920386/modular-arithmetic-basic-cofusion
/questions/24021582/basic-arithmetic-on-two-byte-arrays-in-java-without-biginteger
/questions/61820196/hints-on-getting-basic-arithmetic-expressions-to-be-parsed-in-swift
/questions/33916420/check-if-a-number-is-an-integer-with-basic-arithmetic
/questions/62679508/how-does-the-result-of-this-basic-arithmetic-calculation-turns-out-like-this
/questions/62374663/regexp-to-match-basic-arithmetic-with-letters-and-put-them-in-groups
/questions/60156577/basic-group-arithmetic-in-libsodium
/questions/44549436/why-does-arithmetic-does-not-work-in-cmd
/questions/20481896/best-performance-for-basic-arbitrary-precision-arithmetic-with-arbitrary-base
/questions/20083994/how-to-control-size-of-basic-arithmetic-types-in-frama-c
/questions/32290446/c-sharp-basic-stack-arithmetic-operations
/questions/59075062/php-basic-arithmetic-type-conversion-floatval-intval
/questions/27215614/basic-matrix-data-frame-arithmetic-in-r
/questions/28586274/basic-arithmetic-operations-and-their-dependence-on-jvm-and-cpu
/questions/57005614/how-to-do-basic-arithmetic-operations-for-rows-in-pandas-dataframe
/questions/62609908/a-python-script-to-perform-a-basic-arithmetic-on-a-datetime
/questions/51982818/basic-arithmetic-operation-on-datetime-datatype-in-hyperledger-composer
/questions/65943012/how-to-use-jsonpath-ng-arithmetic
/questions/54809608/why-basic-arithmetic-operators-dont-need-math-h-library
/questions/32668984/my-program-closes-immediately-basic-arithmetic-beginner-programmer
/questions/26923399/why-does-python-make-mistake-in-basic-arithmetic-calculations
/questions/3367315/basic-python-arithmetic-division
/questions/35237958/fixed-point-arithmetic-in-chisel-hdl
/questions/29521942/arithmetic-overflow-error-converting-expression-to-data-type-int-for-basic-stati
/questions/9998734/basic-pointer-arithmetic-that-has-me-stumped
/questions/28331026/define-upper-bound-type-to-allow-arithmetic-operations
/questions/35978276/calculating-pi-without-arbitrary-precision-and-only-basic-arithmetic
/questions/44385300/determine-the-fastest-unsigned-integer-type-for-basic-arithmetic-calculations
/questions/10951392/implementing-arithmetic-in-generics
/questions/33634122/basic-arithmetic-regex-not-matching-stand-alone-positive-negative-number
/questions/25796094/basic-pointer-arithmetic-for-arrays
/questions/69431393/typescript-getting-right-hand-side-arithmetic-error
/questions/13911188/java-generic-arithmetic
/questions/41353608/how-to-use-basic-arithmetic-operations-in-where-clause-of-cql
/questions/46976282/java-arithmetic-mechanics-on-a-basic-level-or-evaluation-strategies
/questions/4921679/how-to-use-arithmetic-operations-for-visual-basic
/questions/55975353/count-number-of-basic-instruction-and-their-type
/questions/7546883/java-help-with-basic-outputting-basic-value-arithmetic-getting-0-for-output-d
/questions/320567/algebraic-types-in-haskell
/questions/40112952/why-is-java-giving-me-unusual-results-to-basic-arithmetic-with-doubles
/questions/18890206/prolog-is-arithmetic-failing-strangely
/questions/1430395/how-to-perform-a-basic-arithmetics-from-unix-csh-tcsh-shell
/questions/53477542/hex-string-arithmetic-in-c
/questions/51672820/how-do-i-explicitly-use-unchecked-arithmetic-operators-in-f
/questions/43282437/tricks-compiler-uses-to-compile-basic-arithmetic-operations-of-128-bit-integer
/questions/65913724/do-some-basic-arithmetic-between-a-string-and-number-in-html-with-angular
/questions/21531364/why-doesnt-arithmetic-work-on-variables
/questions/48851954/are-arithmetic-operations-on-literals-in-c-evaluated-at-compile-time
/questions/9178983/arithmetic-in-python-cant-figure-out-simple-basic-operations
/questions/10378903/how-do-i-parse-basic-arithmetic-eg-55-using-a-simple-recursive-descent-pars
/questions/29999799/how-can-split-integers-into-bytes-without-using-arithmetic-in-c
/questions/74241001/basic-parsing-structure-for-nested-structures
/questions/3062746/special-simple-random-number-generator
/questions/24116268/do-different-arithmetic-operations-have-different-processing-times
/questions/41104379/where-is-implementation-of-basic-methods-like-arithmetic-operator
/questions/62720128/c-problem-with-the-arrays-i-think-programm-for-basic-arithmetic-operations
/questions/12172630/java-more-precision-in-arithmetic
/questions/30894987/bash-script-for-basic-mathematic-operations
/questions/20921241/what-are-some-basic-modulo-arithmetic-rules
/questions/71180026/exception-invalid-argument-string-sub-bytes-sub
/questions/59602709/javascript-anonymous-function-simulating-arithmetic-in-lambda-calculus-result-r
/questions/36526969/implementing-operator-precedence-in-my-calculator-interpreter
/questions/60009905/perform-basic-arithmetic-operations-on-audiokit-fm-oscillator-parameters-interp
/questions/59937497/a-curious-output-after-an-arithmetic-operation-in-gnu-octave
/questions/6484910/high-precision-arithmetic-and-pari-gp
/questions/28709429/how-to-perform-basic-excel-arithmetic-in-powershell
/questions/33223635/why-is-the-pharo-definition-of-arithmetic-and-basically-duplicated-code
/questions/1733460/mysql-integer-unsigned-arithmetic-problems
/questions/43196390/test-suite-for-arithmetic-expression-parser
/questions/23954758/how-to-modify-arithmetic-operators-x
/questions/32195949/why-does-nan-nan-0-0-with-the-intel-c-compiler
/questions/31182709/how-to-manipulate-eulers-number-in-matlab
/questions/32998720/x86-arithmetic-add-sub-mul-div-more-than-one-digit
/questions/24831573/automatically-implement-traits-of-enclosed-type-for-rust-newtypes-tuple-structs
/questions/72576912/ifelse-arithmetic-in-r
/questions/34239178/how-does-an-avr-perform-floating-point-arithmetic
/questions/6769887/doubt-about-strictfp-and-strictmath
/questions/13469021/simple-arithmetic-via-registers-in-c-using-custom-isr
/questions/75553199/allow-eval-to-evaluate-only-arithmetic-expressions-and-certain-functions
/questions/74480786/why-do-i-get-nan-on-basic-arithmetic-for-two-variables-taken-from-document-getel
/questions/28421176/which-swift-datatype-do-i-use-for-currency
/questions/44859216/how-to-enable-arithmetic-between-lua-basic-types
/questions/29065993/extending-grammar-for-lr-parser
/questions/19150375/why-does-visual-basic-allow-strings-to-be-added-to-integers-in-arithmetic-statem
/questions/70603917/how-to-calculate-pagination-in-magritte-yaml-configs
/questions/4502588/doing-exact-real-number-arithmetic-with-php
/questions/49493482/numpy-np-multiply-vs-operator
/questions/31901315/jekyll-arithmetic-in-conditional-statement
/questions/29124683/rpn-postfix-calculator-output-not-as-expected-for-simple-arithmetic
/questions/53280025/using-arithmetic-functions-in-custom-graphdb-ruleset
/questions/29227806/simple-arithmetic-in-haskell
/questions/21943624/why-is-an-explicit-type-not-required-for-basic-prelude-arithmetic
/questions/4657748/hibernate-and-arithmetic-involving-specific-rows
/questions/47422089/julia-implement-standard-math-operations-for-types
/questions/64119770/haskell-list-of-anonymous-functions-using-lambda-expressions
/questions/44679184/basic-javascript-function-returns-concatenation-and-not-arithmetic-sum
/questions/22389570/let-vs-expr-vs-double-parenthesis-arithmetic-in-shell
/questions/55347604/simple-arithmetic-on-values-retreived-using-oids
/questions/39714069/objective-c-arithmetic-failing
/questions/64728589/i-need-to-write-a-program-that-performs-arithmetic-operations-using-basic-functi
/questions/56963386/timestamp-arithmetic-in-substrate
/questions/72246204/convert-ansible-variable-to-integer-for-arithmetic
/questions/59163108/how-to-evaluate-string-as-expression-to-perform-arithmetic-operations-on-string
/questions/42678254/trouble-implementing-natural-number-arithmetic-from-scratch
/questions/23134958/arithmetic-and-bitwise-manipulation-of-sized-ints-in-c
/questions/51564526/undefined-error-at-calling-method-in-controller-from-jquery-ajax
/questions/14765284/basic-query-about-python-loop
/questions/54611897/how-to-catch-exceptions-in-wcf-service
/questions/23227743/how-to-link-submit-button-to-random-math-equation
/questions/324003/primitive-recursion
/questions/18699771/basic-assembly-arithmetics-and-order
/questions/20231306/arithmetic-expression-reader-in-python
/questions/8136299/floating-point-arithmetic-in-att-syntax
/questions/15533423/arithmetic-coding-implementation-performance-boost
/questions/46421099/reproduce-behavior-max-value-and-min-value
/questions/23093086/using-static-methods-and-fields-how-do-i-print-math-equations-with-answers
/questions/2694619/dynamic-operator-overloading-on-dict-classes-in-python
/questions/17482786/basic-java-issue-equivalent-integer-arithmetic-producing-different-results
/questions/74383205/how-to-implement-dataclass-to-define-arithmetic-operations-in-python
/questions/9234643/is-there-any-way-to-represent-very-long-numbers
/questions/26811473/defining-arithmetic-operations-in-a-class
/questions/42350158/how-to-perform-arithmetic-in-unix
/questions/7500903/packages-for-arithmetic-with-algebraic-numbers-in-c
/questions/24386947/is-there-a-method-to-do-arithmetic-with-scipys-random-variables
/questions/74174511/creating-a-basic-calculator-using-javascript
/questions/65346493/is-there-predefined-2d-point-in-c-c-with-predefined-arithmetic-operations
/questions/62641269/why-does-a-simple-swift-arithmetic-operation-compile-so-slow
/questions/73790773/bit-manipulation-arithmetic-and-order-of-operations
/questions/52618845/arithmetic-operations-inside-xaml-resource-dictionary
/questions/25885111/strange-behaviour-on-dividing-ve-int-ve-int-in-java
/questions/16053337/r-create-a-unique-key-from-a-set-of-string-data
/questions/58797937/react-typescript-convert-text-from-input-to-number
/questions/54000464/how-to-return-the-result-for-arithmetic-operations-with-lists-using-functions-in
/questions/31449110/lisp-arithmetics-implementation
/questions/39435436/creating-a-calc-function-that-performs-arithmetic-in-python
/questions/3295345/haskell-library-like-sympy
/questions/25872525/why-does-this-code-cause-an-integer-overflow
/questions/42463038/overloading-operator-for-complex-numbers-c
/questions/23695277/use-sub-query-result-in-arithmetic-calculation
/questions/72737319/how-to-perform-a-calculation-inside-a-list-with-an-arithmetic-operator-inside-th
/questions/65304946/how-to-scan-a-string-in-r
/questions/68863772/how-to-use-pow-in-fxpmath-library
/questions/18106156/modulo-of-a-number-python-vs-c-sharp
/questions/32023779/postfix-and-prefix-operators-in-c-and-java-producing-different-results
/questions/48615148/filtering-dates-to-within-7-days
/questions/33659006/haskell-arithmetic-operations-on-data-types
/questions/54430496/how-to-perform-arithmetic-operations-on-generic-lists
/questions/48952773/computation-cost-comparison-between-boolean-and-arithmetic
/questions/26231182/getting-invalid-double-but-the-error-shows-a-proper-one
/questions/33022750/assign-a-value-to-a-variable
/questions/48562236/compare-performance-of-df-apply-and-column-operations-in-python-pandas
/questions/4486083/is-there-safer-dsl-implement-in-ruby
/questions/40419146/php-operations-with-date-time
/questions/62510662/how-can-i-simplify-my-repetitive-arithmetic-functions
/questions/9418011/python-ioapitools-module-cant-do-basic-math-operations
/questions/26565921/accessing-functions-which-have-been-placed-in-a-list
/questions/6299777/basic-integer-division-in-php-is-failing-am-clueless
/questions/22981805/prolog-dynamic-arithmetic-expression
/questions/66825998/print-int128-value-from-struct
/questions/23297138/basic-syntax-checking-algorithm-for-strings-in-arithmetic-propositional-logic
/questions/39900457/annualised-timeseries-over-multiple-years
/questions/50294028/prolog-treats-function-call-as-structure-definition
/questions/41948959/implementing-go-interfaces-using-cobra-commands
/questions/25790683/is-there-a-command-line-calculator-for-byte-calculations
/questions/55646136/how-to-perform-arithmetic-on-two-class-instances-with-float-as-a-subclass-whic
/questions/16572388/yacc-and-lex-error-in-parsing-expressions-which-use-binary-operators
/questions/31859111/strange-ocaml-type-error
/questions/23282982/prolog-simple-addition
/questions/21493102/why-dividing-a-float-by-a-power-of-10-is-less-accurate-than-typing-the-number-di
/questions/56837933/python-rounding-to-nearest-integer-without-asking
/questions/21493102/why-dividing-a-float-by-a-power-of-10-is-less-accurate-than-typing-the-number-di
/questions/35571589/generate-a-random-number-that-evenly-divides-into-another-in-c-sharp
/questions/16257298/prolog-recursive-arithmetic
/questions/38320934/why-is-non-linear-real-arithmetic-decidable-while-non-linear-integer-arithmetic
/questions/40889957/accessing-entry-of-array-of-function-pointers-within-a-class-c
/questions/53282346/python-numpy-vectorize-an-array-of-object-instances
/questions/12795094/linux-shell-script-date-arithmetic
/questions/1030507/whats-the-absolute-minimum-a-programmer-should-know-about-binary-numbers-and-ar
/questions/28851095/is-swift-the-only-mainstream-language-with-overflow-checking-arithmetic
/questions/73638098/how-to-not-repeat-code-in-calculation-functions
/questions/69134876/making-a-method-generic-over-array1t
/questions/26210379/formatted-output-arithmetic-inserters
/questions/26496636/understanding-modular-arithmetic-in-encryption-example
/questions/46113690/how-is-tensorflow-tf-add-implemented
/questions/33857557/python-3-5-bracket-and-speech-mark-removal-from-lists
/questions/46881599/in-squeak-smalltalk-what-can-i-do-to-display-a-number-in-any-base-i-want
/questions/30907647/how-to-set-field-value-as-the-result-of-a-calculation
/questions/2776400/biginteger-or-not-biginteger
/questions/73421958/combine-sequence-of-positive-integers-into-one-unique-integer
/questions/50220152/bash-script-accept-integer-only-if-is-from-range
/questions/65626577/can-i-ask-the-user-to-input-any-basic-arithmetic-equation-without-having-to-ask
/questions/46119443/extending-a-floating-point-number-to-extra-decimal-places
/questions/41243574/does-bashs-ability-to-handle-numbers-scale-with-processor-bitwidth
/questions/64963166/the-terminal-in-intelljidea-is-not-outputting-the-result-as-expected
/questions/31168751/mathematical-parser-in-swift
/questions/17397088/iterator-arithmetic
/questions/22612418/check-for-arithmetic-overflow-and-get-overflow-count
/questions/16921821/how-to-use-operations-like-on-java-objects
/questions/73668294/c-is-saying-that-1-15-in-programming-is-false
/questions/13188906/can-a-section-of-the-code-be-interfering-with-the-loop
/questions/17517255/micro-dsl-for-arithmetic-in-ruby
/questions/38101333/wrapping-arithmetic-types-in-c
/questions/75045078/map-like-array-function-in-excel
/questions/60324384/how-to-perform-polynomial-subtraction-and-division-in-galois-field
/questions/71560324/parsing-arithmetic-string-operations-in-kotlin
/questions/60666953/implementing-arithmetic-in-assembly
/questions/66222844/keyerror-to-existing-colums-in-my-panda-dataframe-after-transposing-with-dtype
/questions/2211405/python-module-matrix-class-that-implements-modulo-2-arithmetic
/questions/49860472/not-getting-desired-output-from-jframe
/questions/63067985/arithmetic-template-swap-faster-than-stdswap
/questions/28949831/how-to-extend-my-class-to-accept-64-bit-numbers-in-c
/questions/32922537/how-can-i-make-the-program-recognize-a-string-input-as-a-wrong-answer-in-an-arit
/questions/24472724/expression-must-be-a-pointer-to-a-complete-object-type-using-simple-pointer-arit
/questions/35204731/floating-point-on-altera-arithmetic-or-dsp-cores
/questions/35204731/floating-point-on-altera-arithmetic-or-dsp-cores
/questions/60173090/best-way-to-pass-a-mathematical-operator-through-method-parameters
/questions/10725146/how-to-sum-and-subtract-char-numbers
/questions/11993043/cordova-phonegap-photo-file-size
/questions/29265467/no-instance-for-fractional-numerator-denominator-fraction-a0-b0
/questions/10082124/bash-arithmetic-issues
/questions/39294349/loading-packages-netezza-r
/questions/56757961/how-to-build-a-comparison-operator-comparitor-in-an-arithmetic-circuit
/questions/39531655/align-numerical-precision-excel-2013-and-r
/questions/67868189/how-can-i-add-advance-functionality-in-my-tkinter-calculator
/questions/65859502/how-should-i-use-the-mean-function-when-there-are-outliers-in-the-distribution
/questions/33478636/gcc-frontend-submit-assembly
/questions/48753634/perform-arithmetic-on-each-element-of-a-vector-column-based-on-the-previous-ve
/questions/67826253/are-there-more-complex-functions-to-call-from-within-solidity-smart-contracts-e
/questions/28638767/ms-access-sql-adding-two-count-statements-returns-multiple-copies-of-the-sum-in
/questions/42490697/overload-all-arithmetic-operators-in-python
/questions/33492342/how-to-hide-an-angular-expression-if-null-when-there-is-math-inside-the-expressi
/questions/26871462/checksum-without-logic-bitwise-operations
/questions/71027855/sql-how-to-convert-a-date-into-hours-per-minute-then-subtract-two-of-the-colums
/questions/3578594/help-with-pointer-arithmetic
/questions/8251350/using-antlr-with-left-recursive-rules
/questions/62086528/how-to-impose-a-class-to-only-accept-certain-data-types
/questions/31634635/arduino-uno-with-8-bit-mcu-atmega328-but-program-with-32-bit-c-c-program
/questions/4657841/linear-equation-rearrange
/questions/1737449/php-right-shifting-and-negative-result
/questions/25999813/need-to-return-an-integer-whose-binary-representation-is-the-same-as-that-of-i-i
/questions/64832034/how-does-java-supports-architectural-neutrality-by-specifying-the-behavior-of-it
/questions/16929719/how-to-introduce-the-infinity-in-the-tropical-arithmetic-using-z3
/questions/62653925/name-of-interface-with-arithmetical-methods-signatures
/questions/56555777/program-a-triangle-number-sum-of-an-arithmetic-progression-without-using-itera
/questions/47243679/continued-logarithm-arithmetic-floor-operator-on-run-length-encoded-terms
/questions/42987850/any-way-to-store-extremely-precise-numbers-in-java
/questions/21693630/work-with-numbers-larger-than-long-double
/questions/47680221/finding-ranges-of-character-frequencies
/questions/25929818/arithmetic-operations-on-datetime-index-in-pandas
/questions/50868975/what-is-the-most-standard-mathematics-notation-that-could-easily-parse-and-compu
/questions/8922527/arithmetic-in-array-assignments
/questions/61005892/is-there-a-way-to-link-a-value-from-a-website-onto-my-console-application-on-c-s
/questions/40250449/golang-func-return-type
/questions/37724464/should-signals-in-vhdl-be-signed-unsigned-to-perform-arithmetic-operations
/questions/54569221/why-the-value-of-input-elements-are-not-changing
/questions/54569221/why-the-value-of-input-elements-are-not-changing
/questions/14637942/c-calculator-skipping-else-statement
/questions/42356510/executing-bash-c-with-xargs
/questions/58067259/will-there-be-a-concept-for-arithmetic-types-in-c-standard-library
/questions/65475595/compare-two-symbolic-expressions
/questions/76029964/clingo-syntax-error-unexpeced-and
/questions/23634103/regex-regular-expression-for-algorithmic-operations-with-parentheses
/questions/49039473/implementing-new-data-type-in-python-without-classes
/questions/9004879/does-vb-net-offer-any-performance-improvement-over-vb6-for-cpu-bound-processes
/questions/52990843/arithmetic-compound-operator-overload-as-non-member
/questions/2177100/is-there-any-difference-between-date-sub-and-using-arithmetic-operators-for-da
/questions/41922622/passing-expressions-and-getting-results-from-python-interpreter-back-to-django
/questions/60053094/trying-to-get-new-values-when-calling-class-from-another-class
/questions/53697939/converting-a-binary-string-to-integer-using-a-basic-mathematical-operator
/questions/14470510/0-33-0-30-30-3-returns-false-in-matlab
/questions/36088158/efficient-method-to-update-map-values
/questions/75906266/chain-arithmetic-operators-with-the-r-pipe
/questions/9097658/complex-number-arithmetic-in-tcl
/questions/28269077/how-to-make-my-arithmetic-class-modular-c-sharp-cli-program
/questions/27582523/multiplying-peano-integers-in-swi-prolog
/questions/23236461/php-manipulation-of-one-data-simple-basic-php-code-execution
/questions/73298953/why-does-using-a-character-class-make-this-left-recursive
/questions/59692934/nim-how-to-inherit-all-operations-on-distinct-type
/questions/73910378/how-to-add-column-with-query-folding-using-snowflake-connector
/questions/13042027/multiple-arithmetic-expressions-in-processing
/questions/32831418/is-there-a-way-to-check-input-data-type-using-only-basic-concepts
/questions/9321371/bitwise-arithmetic-tutorial
/questions/69898813/basic-expression-antlr4-grammar
/questions/69898813/basic-expression-antlr4-grammar
/questions/49056372/arcpy-map-algebra-from-reticulate
/questions/65567476/select-arithmetic-operation-e-g-2-2-eval-and-echo-result-in-the-minibuffer
/questions/72576652/splitting-string-input-into-discrete-numbers-and-operators
/questions/48942803/arithmetic-operation-when-multiple-textbox-is-created-by-js
/questions/1864245/how-can-i-do-64-bit-arithmetic-in-perl
/questions/28828771/accessing-hi-and-low-part-of-int64-t-with-int32-t
/questions/69245628/how-c-handles-the-arithmetic-between-an-int-and-an-unsigned-int
/questions/21626949/python-tool-to-compare-pairs-of-dicts-of-varying-deepness
/questions/42809849/calculating-arithmetic-mean-from-a-list
/questions/23880180/syntax-for-arithmetics-on-prior-distributions-in-jags-bugs
/questions/35273793/create-generic-class-or-interface-with-self-typed-parameters-in-children-classes
/questions/33641717/detect-signed-int-overflow-in-go
/questions/43244861/pyparsing-infixnotation-optimization
/questions/67281350/class-operators-can-not-access-member-variables
/questions/38740250/c11-numeric-limitsfloat-and-arithmetic
/questions/57502400/post-a-soap-request-in-html-and-get-response
/questions/50372518/extract-data-from-sql-modify-it-and-save-the-result-to-a-table
/questions/62468071/how-to-inherit-operators-in-kotlin
/questions/20741112/xml-concatenation-how-to-concatenate-nodes-with-markup-tags-not-just-values-wi
/questions/2620388/bitwise-interval-arithmetic
/questions/75112083/pandas-eval-returns-error-on-date-arithmetic-using-timedelta
/questions/16417313/expression-template-addition-of-a-variable-and-a-value
/questions/5277779/designing-a-bignumber-class
/questions/72497259/using-rems-for-responsive-web-design
/questions/62655911/spark-3-with-pandas-vectorised-udfs
/questions/46511745/f-giving-a-function-parameters-or-not-whats-the-difference
/questions/21146773/consume-a-simple-web-service-using-mule
/questions/10121657/algorithm-how-to-solve-an-arithmetic-expression-dag
/questions/5785594/is-this-a-vb-net-arithmetic-exception
/questions/22971917/reversing-a-string-using-pointer-arithmetic
/questions/66280721/how-to-find-the-recurrence-relation-for-the-basic-operation-of-algorithm
/questions/28877815/how-to-efficiently-check-against-bitmask
/questions/7220681/division-of-integers-in-java
/questions/36335641/java-having-trouble-working-with-arithmetic-operators-code-so-far-included
/questions/21746410/r-properly-using-a-dataframe-as-an-argument-to-a-function
/questions/42257708/retrieve-matrix-from-ann-using-sci-kit-learn
/questions/2623469/how-should-i-go-about-creating-a-point-system-for-users-like-so-and-yahoo-answer
/questions/66242842/why-do-divisions-not-work-in-jsonpath-ng
/questions/69382310/what-happens-when-you-perform-arithmetic-operation-on-a-reference-of-a-pointer
/questions/18639175/sass-is-concatenating-instead-of-adding
/questions/71643716/segfault-on-return-from-pthread-join
/questions/22161055/segmentation-fault-after-assignment-statementlex-and-yacc
/questions/50186106/integer-overflow-in-intermediate-arithmetic-expression
/questions/41004030/i-want-to-read-file-and-write-another-file-basically-i-want-to-do-some-arithme
/questions/71931097/numpy-significantly-slower-on-windows-than-on-ubuntu
/questions/58352665/how-to-input-multiple-numeric-types-in-the-same-line-in-python
/questions/31702864/how-much-lisp-to-implement-in-c-before-writing-extension-in-itself
/questions/33294478/how-come-my-code-isnt-recognizing-input
/questions/47632100/modulus-division-to-get-multiples-of-10
/questions/40339510/tensorarray-initialization
/questions/55883545/octave-division-of-a-binomial-breaks-plot
/questions/54209202/pyparsing-nested-expression-with-simple-arithmetics
/questions/19360495/vba-excel-variable-double-as-function
/questions/50190091/what-are-examples-of-typical-workloads-where-mri-outperforms-jruby
/questions/36014666/how-do-i-combine-multiple-csv-files-in-r
/questions/53917961/python3-performance-loop-using-range-vs-plain-old-while
/questions/18644361/how-yo-make-a-simple-calculator-in-c-which-saves-intermediate-result
/questions/31903461/automatically-derive-add-mul-ord-etc-for-a-numeric-type
/questions/74830874/creating-a-javascript-function-that-can-check-different-kinds-of-arithmetic-base
/questions/27987687/simple-arithmetic-using-preon-framework
/questions/55883545/octave-division-of-a-binomial-breaks-plot
/questions/67087033/newbie-linux-shell-for-loop-tower-arithmetic
/questions/26262820/addition-going-wrong-in-python
/questions/24735090/how-to-parse-multiple-expressions-when-using-the-rply-library
/questions/21293278/mathematical-arithmetic-representation-of-xor
/questions/18994483/what-is-the-best-way-to-apply-an-arithmetic-expression-to-2-binary-numbers-provi
/questions/17498318/differentiate-between-mathematical-user-input-and-all-else
/questions/36000923/how-do-arithmetic-operators-work-in-python
/questions/66205022/frozen-numeric-arrays-dataclasses-numba
/questions/51344700/regex-using-regex-to-only-allow-simple-arithmetic
/questions/51344700/regex-using-regex-to-only-allow-simple-arithmetic
/questions/47902907/cpu-bound-web-apps-with-servlet-3-1-performance
/questions/50980852/large-numpy-matrix-memory-issues
/questions/63528487/how-to-make-cron-run-only-42-times-in-10-minute-intervals
/questions/2360997/why-do-we-bother-with-cpu-registers-in-assembly-instead-of-just-working-directl
/questions/48530911/nasm-division-using-variables-instead-of-actual-values
/questions/19426979/converting-command-line-arguments-to-decimals-in-c
/questions/36323080/why-cant-i-subtract-an-int-from-a-uint
/questions/75103676/syntax-for-dms-transformation-rule-for-arithmetic-expression
/questions/48492245/js-arithmetic-calculations-using-eval-are-being-multiplied
/questions/43793096/c-performance-and-choice-of-functions-parameters
/questions/70810966/can-we-solve-this-arithmetic-problem-using-python-in-a-more-efficient-way
/questions/61893671/converting-arithmetic-sequence-to-slice-in-python
/questions/21646035/unary-operation-using-for-loops-in-matlab
/questions/2615905/c-template-nontype-parameter-arithmetic
/questions/44091518/solution-to-floating-point-arithmetic-for-calculator-app
/questions/24276755/python-pointer-arithmetic-quicksort
/questions/55573165/numpy-is-very-slow-for-basic-array-operations
/questions/50226598/how-to-split-a-program-into-multiple-files-with-a-h-and-a-couple-of-c-files
/questions/69827417/how-can-i-use-brackets-while-using-bc-unix-basic-calculator
/questions/64035442/c-how-do-i-round-arithmetically-after-a-division-with-basic-operations
/questions/70721445/is-one-supposed-to-grayscale-and-brightness-contrast-process-the-image-before-se
/questions/72564525/printing-out-the-same-info-in-mips-assembly
/questions/39884068/how-does-xarray-broadcasting-work-with-numpy-functions
/questions/39884068/how-does-xarray-broadcasting-work-with-numpy-functions
/questions/57302423/how-can-i-pass-an-arithmetic-operator-based-on-a-condition-in-js-say-for-ad
/questions/67206558/creating-simple-addition-and-subtraction-program-in-arm-assembly
/questions/15201796/ceil-function-using-limited-set-of-arithmetic-operators
/questions/36681451/is-there-an-easy-way-to-implement-binary-arithmetic-without-2s-compliment
/questions/5240776/bash-script-for-renaming-files-using-modular-arithmetic
/questions/54572067/r-does-not-import-values-as-numbers
/questions/56568475/when-is-operation-complexity-such-that-dplyr-rowwise-is-needed
/questions/27550318/function-plot-from-points-result-of-other-function-combinations
/questions/14565444/arm-assembly-arithmetic-shift-logical-shift
/questions/65079821/is-it-possible-to-increment-the-modulo-operator-in-later-loop-iterations
/questions/57810034/safe-arithmetic-with-numbers-smaller-than-machine-precision
/questions/7377344/how-to-write-a-parser-in-c
/questions/57810034/safe-arithmetic-with-numbers-smaller-than-machine-precision
/questions/7377344/how-to-write-a-parser-in-c
/questions/36388913/how-do-i-determine-the-highest-value-of-three-columns-from-the-same-row-python
/questions/8485932/how-do-i-work-with-high-precision-decimals-in-php
/questions/24611120/using-form-and-input-elements-as-an-input-for-javascript-code-is-this-the-b
/questions/33307076/using-yyparse-and-fprintf
/questions/73242737/arithmetic-operations-across-rows-in-pandas-dataframe
/questions/39258378/python-2-7-define-basic-operators-for-specific-classes
/questions/75443347/options-for-deploying-basic-ml-scripts-with-serverless
/questions/59548324/how-can-one-implement-and-bitor-bitand-using
/questions/59273103/arithmetic-combination-of-multiple-rows-into-one-row-oracle-sql
/questions/71960866/how-to-avoid-resolve-overflow-in-arithmetic-operation
/questions/47935450/doing-arithmetic-operation-on-android-shell
/questions/44954351/use-expression-tree-to-evaluate-properties-of-a-generic-class
/questions/4421706/what-are-the-basic-rules-and-idioms-for-operator-overloading
/questions/14125843/basic-arithmetic-operations-on-int-java
/questions/10424119/storing-basic-arithmetic-operators-in-variables
/questions/2387229/big-o-complexity-of-the-basic-arithmetic-operations
/questions/46943742/callback-issue-for-a-basic-arithmetic-funciton
/questions/10530337/are-basic-arithmetic-operations-in-c-sharp-atomic
/questions/38170728/can-regex-do-basic-arithmetic
/questions/27359237/ssrs-basic-arithmetic-failures
/questions/21719014/basic-arithmetic-coding
/questions/26803059/antlr4-grammar-with-basic-arithmetic-and-signed-expressions
/questions/31302909/boolean-circuit-using-basic-arithmetic
/questions/50554152/python-basic-arithmetic-variable-names
/questions/14046209/using-a-generic-class-to-perform-basic-arithmetic-operations
/questions/14764807/implementing-the-exponential-function-with-basic-arithmetic-operations
/questions/36102527/prolog-some-basic-arithmetic-operations-implementation
/questions/8708064/basic-arithmetic-with-passed-url-variables-via-php
/questions/320532/how-can-i-simplify-a-basic-arithmetic-expression
/questions/14821469/javascript-basic-arithmetic
/questions/35140830/implementing-equality-function-with-basic-arithmetic-operations
/questions/47775303/implementing-basic-arithmetic-in-s4-class-object
/questions/73298818/basic-arithmetic-grammar-handling-parentheses
/questions/9613663/storing-a-number-of-100-digits-in-c-for-basic-arithmetic-functions
/questions/60378262/how-to-keep-the-dimensions-when-using-the-basic-arithmetic-operations-with-numpy
/questions/8995596/time-specify-x-seconds-minutes-and-basic-arithmetic
/questions/69764119/how-to-do-basic-arithmetic-in-truffle-testing-using-web3-js
/questions/8435884/emit-il-for-basic-arithmetic-ops
/questions/65492353/how-to-use-a-csv-file-as-input-for-basic-arithmetic-operations-in-bash
/questions/73433143/how-to-design-a-dfa-that-accepts-basic-arithmetic-expressions
/questions/53354360/how-to-get-the-integer-part-of-a-real-number-that-is-positive-using-only-basic-a
/questions/19639110/basic-arithmetic-with-prepared-statements
/questions/33330339/calculating-a-month-in-julian-counting-year-starts-with-march-with-basic-arith
/questions/33816202/unable-to-perform-basic-arithmetic
/questions/16355132/show-basic-arithmetic-functions-as-string
/questions/53926623/basic-arithmetic-on-variables
/questions/4514838/should-be-basic-arithmetic
/questions/3070274/basic-arithmetic-in-gwt-cssresource
/questions/18937071/python-3-basic-arithmetic-operations
/questions/63657861/what-does-really-big-int-mean-in-terms-of-time-complexity-and-basic-arithmetic
/questions/56331844/proving-basic-arithmetic-properties
/questions/4484489/using-basic-arithmetics-for-calculating-pi-with-arbitary-precision
/questions/47112616/perform-basic-arithmetic-in-single-text-box
/questions/52693171/program-for-basic-arithmetic-operations
/questions/43221792/basic-arithmetic-within-a-function-not-working
/questions/62668438/calculator-wont-perform-basic-arithmetic-calculations
/questions/19358287/problems-with-basic-arithmetic-in-a-function-matlab
/questions/51236747/basic-arithmetic-giving-strange-value
/questions/43189442/elisp-what-is-the-time-complexity-for-basic-arithmetic-operations-using-calc-fu
/questions/22803278/php-floating-point-error-with-basic-arithmetic-operation
/questions/46505827/what-are-the-relative-cycle-times-for-the-6-basic-arithmetic-operations
/questions/53361044/basic-arithmetic-from-user-input-in-bash
/questions/36408949/java-basic-arithmetic-and-data-type
/questions/17747247/enum-with-hex-value-basic-arithmetic
/questions/62089260/why-is-one-basic-arithmetic-operation-in-for-loop-body-executed-slower-than-two
/questions/36304274/performing-basic-arithmetic-in-php-array
/questions/44701113/ambiguity-in-basic-arithmetic-operations-python
/questions/54903960/basic-arithmetic-operations-with-user-input
/questions/35373178/are-the-basic-arithmetic-operations-not-available-in-relational-algebra
/questions/67665971/how-to-simplify-basic-arithmetic-in-more-complex-goals
/questions/53609453/ufunc-vs-basic-arithmetic-operators-in-numpy
/questions/53609453/ufunc-vs-basic-arithmetic-operators-in-numpy
/questions/11756926/basic-arithmetic-in-ios-glsl-fragment-shader
/questions/31920386/modular-arithmetic-basic-cofusion
/questions/24021582/basic-arithmetic-on-two-byte-arrays-in-java-without-biginteger
/questions/61820196/hints-on-getting-basic-arithmetic-expressions-to-be-parsed-in-swift
/questions/33916420/check-if-a-number-is-an-integer-with-basic-arithmetic
/questions/62679508/how-does-the-result-of-this-basic-arithmetic-calculation-turns-out-like-this
/questions/62374663/regexp-to-match-basic-arithmetic-with-letters-and-put-them-in-groups
/questions/60156577/basic-group-arithmetic-in-libsodium
/questions/44549436/why-does-arithmetic-does-not-work-in-cmd
/questions/20481896/best-performance-for-basic-arbitrary-precision-arithmetic-with-arbitrary-base
/questions/20083994/how-to-control-size-of-basic-arithmetic-types-in-frama-c
/questions/32290446/c-sharp-basic-stack-arithmetic-operations
/questions/59075062/php-basic-arithmetic-type-conversion-floatval-intval
/questions/27215614/basic-matrix-data-frame-arithmetic-in-r
/questions/28586274/basic-arithmetic-operations-and-their-dependence-on-jvm-and-cpu
/questions/57005614/how-to-do-basic-arithmetic-operations-for-rows-in-pandas-dataframe
/questions/62609908/a-python-script-to-perform-a-basic-arithmetic-on-a-datetime
/questions/51982818/basic-arithmetic-operation-on-datetime-datatype-in-hyperledger-composer
/questions/65943012/how-to-use-jsonpath-ng-arithmetic
/questions/54809608/why-basic-arithmetic-operators-dont-need-math-h-library
/questions/32668984/my-program-closes-immediately-basic-arithmetic-beginner-programmer
/questions/26923399/why-does-python-make-mistake-in-basic-arithmetic-calculations
/questions/3367315/basic-python-arithmetic-division
/questions/35237958/fixed-point-arithmetic-in-chisel-hdl
/questions/29521942/arithmetic-overflow-error-converting-expression-to-data-type-int-for-basic-stati
/questions/9998734/basic-pointer-arithmetic-that-has-me-stumped
/questions/28331026/define-upper-bound-type-to-allow-arithmetic-operations
/questions/35978276/calculating-pi-without-arbitrary-precision-and-only-basic-arithmetic
/questions/44385300/determine-the-fastest-unsigned-integer-type-for-basic-arithmetic-calculations
/questions/10951392/implementing-arithmetic-in-generics
/questions/33634122/basic-arithmetic-regex-not-matching-stand-alone-positive-negative-number
/questions/25796094/basic-pointer-arithmetic-for-arrays
/questions/69431393/typescript-getting-right-hand-side-arithmetic-error
/questions/13911188/java-generic-arithmetic
/questions/41353608/how-to-use-basic-arithmetic-operations-in-where-clause-of-cql
/questions/46976282/java-arithmetic-mechanics-on-a-basic-level-or-evaluation-strategies
/questions/4921679/how-to-use-arithmetic-operations-for-visual-basic
/questions/55975353/count-number-of-basic-instruction-and-their-type
/questions/7546883/java-help-with-basic-outputting-basic-value-arithmetic-getting-0-for-output-d
/questions/320567/algebraic-types-in-haskell
/questions/40112952/why-is-java-giving-me-unusual-results-to-basic-arithmetic-with-doubles
/questions/18890206/prolog-is-arithmetic-failing-strangely
/questions/1430395/how-to-perform-a-basic-arithmetics-from-unix-csh-tcsh-shell
/questions/53477542/hex-string-arithmetic-in-c
/questions/51672820/how-do-i-explicitly-use-unchecked-arithmetic-operators-in-f
/questions/43282437/tricks-compiler-uses-to-compile-basic-arithmetic-operations-of-128-bit-integer
/questions/65913724/do-some-basic-arithmetic-between-a-string-and-number-in-html-with-angular
/questions/21531364/why-doesnt-arithmetic-work-on-variables
/questions/48851954/are-arithmetic-operations-on-literals-in-c-evaluated-at-compile-time
/questions/9178983/arithmetic-in-python-cant-figure-out-simple-basic-operations
/questions/10378903/how-do-i-parse-basic-arithmetic-eg-55-using-a-simple-recursive-descent-pars
/questions/29999799/how-can-split-integers-into-bytes-without-using-arithmetic-in-c
/questions/74241001/basic-parsing-structure-for-nested-structures
/questions/3062746/special-simple-random-number-generator
/questions/24116268/do-different-arithmetic-operations-have-different-processing-times
/questions/41104379/where-is-implementation-of-basic-methods-like-arithmetic-operator
/questions/62720128/c-problem-with-the-arrays-i-think-programm-for-basic-arithmetic-operations
/questions/12172630/java-more-precision-in-arithmetic
/questions/30894987/bash-script-for-basic-mathematic-operations
/questions/20921241/what-are-some-basic-modulo-arithmetic-rules
/questions/71180026/exception-invalid-argument-string-sub-bytes-sub
/questions/59602709/javascript-anonymous-function-simulating-arithmetic-in-lambda-calculus-result-r
/questions/36526969/implementing-operator-precedence-in-my-calculator-interpreter
/questions/60009905/perform-basic-arithmetic-operations-on-audiokit-fm-oscillator-parameters-interp
/questions/59937497/a-curious-output-after-an-arithmetic-operation-in-gnu-octave
/questions/6484910/high-precision-arithmetic-and-pari-gp
/questions/28709429/how-to-perform-basic-excel-arithmetic-in-powershell
/questions/33223635/why-is-the-pharo-definition-of-arithmetic-and-basically-duplicated-code
/questions/1733460/mysql-integer-unsigned-arithmetic-problems
/questions/43196390/test-suite-for-arithmetic-expression-parser
/questions/23954758/how-to-modify-arithmetic-operators-x
/questions/32195949/why-does-nan-nan-0-0-with-the-intel-c-compiler
/questions/31182709/how-to-manipulate-eulers-number-in-matlab
/questions/32998720/x86-arithmetic-add-sub-mul-div-more-than-one-digit
/questions/24831573/automatically-implement-traits-of-enclosed-type-for-rust-newtypes-tuple-structs
/questions/72576912/ifelse-arithmetic-in-r
/questions/34239178/how-does-an-avr-perform-floating-point-arithmetic
/questions/6769887/doubt-about-strictfp-and-strictmath
/questions/13469021/simple-arithmetic-via-registers-in-c-using-custom-isr
/questions/75553199/allow-eval-to-evaluate-only-arithmetic-expressions-and-certain-functions
/questions/74480786/why-do-i-get-nan-on-basic-arithmetic-for-two-variables-taken-from-document-getel
/questions/28421176/which-swift-datatype-do-i-use-for-currency
/questions/44859216/how-to-enable-arithmetic-between-lua-basic-types
/questions/29065993/extending-grammar-for-lr-parser
/questions/19150375/why-does-visual-basic-allow-strings-to-be-added-to-integers-in-arithmetic-statem
/questions/70603917/how-to-calculate-pagination-in-magritte-yaml-configs
/questions/4502588/doing-exact-real-number-arithmetic-with-php
/questions/49493482/numpy-np-multiply-vs-operator
/questions/31901315/jekyll-arithmetic-in-conditional-statement
/questions/29124683/rpn-postfix-calculator-output-not-as-expected-for-simple-arithmetic
/questions/53280025/using-arithmetic-functions-in-custom-graphdb-ruleset
/questions/29227806/simple-arithmetic-in-haskell
/questions/21943624/why-is-an-explicit-type-not-required-for-basic-prelude-arithmetic
/questions/4657748/hibernate-and-arithmetic-involving-specific-rows
/questions/47422089/julia-implement-standard-math-operations-for-types
/questions/64119770/haskell-list-of-anonymous-functions-using-lambda-expressions
/questions/44679184/basic-javascript-function-returns-concatenation-and-not-arithmetic-sum
/questions/22389570/let-vs-expr-vs-double-parenthesis-arithmetic-in-shell
/questions/55347604/simple-arithmetic-on-values-retreived-using-oids
/questions/39714069/objective-c-arithmetic-failing
/questions/64728589/i-need-to-write-a-program-that-performs-arithmetic-operations-using-basic-functi
/questions/56963386/timestamp-arithmetic-in-substrate
/questions/72246204/convert-ansible-variable-to-integer-for-arithmetic
/questions/59163108/how-to-evaluate-string-as-expression-to-perform-arithmetic-operations-on-string
/questions/42678254/trouble-implementing-natural-number-arithmetic-from-scratch
/questions/23134958/arithmetic-and-bitwise-manipulation-of-sized-ints-in-c
/questions/51564526/undefined-error-at-calling-method-in-controller-from-jquery-ajax
/questions/14765284/basic-query-about-python-loop
/questions/54611897/how-to-catch-exceptions-in-wcf-service
/questions/23227743/how-to-link-submit-button-to-random-math-equation
/questions/324003/primitive-recursion
/questions/18699771/basic-assembly-arithmetics-and-order
/questions/20231306/arithmetic-expression-reader-in-python
/questions/8136299/floating-point-arithmetic-in-att-syntax
/questions/15533423/arithmetic-coding-implementation-performance-boost
/questions/46421099/reproduce-behavior-max-value-and-min-value
/questions/23093086/using-static-methods-and-fields-how-do-i-print-math-equations-with-answers
/questions/2694619/dynamic-operator-overloading-on-dict-classes-in-python
/questions/17482786/basic-java-issue-equivalent-integer-arithmetic-producing-different-results
/questions/74383205/how-to-implement-dataclass-to-define-arithmetic-operations-in-python
/questions/9234643/is-there-any-way-to-represent-very-long-numbers
/questions/26811473/defining-arithmetic-operations-in-a-class
/questions/42350158/how-to-perform-arithmetic-in-unix
/questions/7500903/packages-for-arithmetic-with-algebraic-numbers-in-c
/questions/24386947/is-there-a-method-to-do-arithmetic-with-scipys-random-variables
/questions/74174511/creating-a-basic-calculator-using-javascript
/questions/65346493/is-there-predefined-2d-point-in-c-c-with-predefined-arithmetic-operations
/questions/62641269/why-does-a-simple-swift-arithmetic-operation-compile-so-slow
/questions/73790773/bit-manipulation-arithmetic-and-order-of-operations
/questions/52618845/arithmetic-operations-inside-xaml-resource-dictionary
/questions/25885111/strange-behaviour-on-dividing-ve-int-ve-int-in-java
/questions/16053337/r-create-a-unique-key-from-a-set-of-string-data
/questions/58797937/react-typescript-convert-text-from-input-to-number
/questions/54000464/how-to-return-the-result-for-arithmetic-operations-with-lists-using-functions-in
/questions/31449110/lisp-arithmetics-implementation
/questions/39435436/creating-a-calc-function-that-performs-arithmetic-in-python
/questions/3295345/haskell-library-like-sympy
/questions/25872525/why-does-this-code-cause-an-integer-overflow
/questions/42463038/overloading-operator-for-complex-numbers-c
/questions/23695277/use-sub-query-result-in-arithmetic-calculation
/questions/72737319/how-to-perform-a-calculation-inside-a-list-with-an-arithmetic-operator-inside-th
/questions/65304946/how-to-scan-a-string-in-r
/questions/68863772/how-to-use-pow-in-fxpmath-library
/questions/18106156/modulo-of-a-number-python-vs-c-sharp
/questions/32023779/postfix-and-prefix-operators-in-c-and-java-producing-different-results
/questions/48615148/filtering-dates-to-within-7-days
/questions/33659006/haskell-arithmetic-operations-on-data-types
/questions/54430496/how-to-perform-arithmetic-operations-on-generic-lists
/questions/48952773/computation-cost-comparison-between-boolean-and-arithmetic
/questions/26231182/getting-invalid-double-but-the-error-shows-a-proper-one
/questions/33022750/assign-a-value-to-a-variable
/questions/48562236/compare-performance-of-df-apply-and-column-operations-in-python-pandas
/questions/4486083/is-there-safer-dsl-implement-in-ruby
/questions/40419146/php-operations-with-date-time
/questions/62510662/how-can-i-simplify-my-repetitive-arithmetic-functions
/questions/9418011/python-ioapitools-module-cant-do-basic-math-operations
/questions/26565921/accessing-functions-which-have-been-placed-in-a-list
/questions/6299777/basic-integer-division-in-php-is-failing-am-clueless
/questions/22981805/prolog-dynamic-arithmetic-expression
/questions/66825998/print-int128-value-from-struct
/questions/23297138/basic-syntax-checking-algorithm-for-strings-in-arithmetic-propositional-logic
/questions/39900457/annualised-timeseries-over-multiple-years
/questions/50294028/prolog-treats-function-call-as-structure-definition
/questions/41948959/implementing-go-interfaces-using-cobra-commands
/questions/25790683/is-there-a-command-line-calculator-for-byte-calculations
/questions/55646136/how-to-perform-arithmetic-on-two-class-instances-with-float-as-a-subclass-whic
/questions/16572388/yacc-and-lex-error-in-parsing-expressions-which-use-binary-operators
/questions/31859111/strange-ocaml-type-error
/questions/23282982/prolog-simple-addition
/questions/21493102/why-dividing-a-float-by-a-power-of-10-is-less-accurate-than-typing-the-number-di
/questions/56837933/python-rounding-to-nearest-integer-without-asking
/questions/21493102/why-dividing-a-float-by-a-power-of-10-is-less-accurate-than-typing-the-number-di
/questions/35571589/generate-a-random-number-that-evenly-divides-into-another-in-c-sharp
/questions/16257298/prolog-recursive-arithmetic
/questions/38320934/why-is-non-linear-real-arithmetic-decidable-while-non-linear-integer-arithmetic
/questions/40889957/accessing-entry-of-array-of-function-pointers-within-a-class-c
/questions/53282346/python-numpy-vectorize-an-array-of-object-instances
/questions/12795094/linux-shell-script-date-arithmetic
/questions/1030507/whats-the-absolute-minimum-a-programmer-should-know-about-binary-numbers-and-ar
/questions/28851095/is-swift-the-only-mainstream-language-with-overflow-checking-arithmetic
/questions/73638098/how-to-not-repeat-code-in-calculation-functions
/questions/69134876/making-a-method-generic-over-array1t
/questions/26210379/formatted-output-arithmetic-inserters
/questions/26496636/understanding-modular-arithmetic-in-encryption-example
/questions/46113690/how-is-tensorflow-tf-add-implemented
/questions/33857557/python-3-5-bracket-and-speech-mark-removal-from-lists
/questions/46881599/in-squeak-smalltalk-what-can-i-do-to-display-a-number-in-any-base-i-want
/questions/30907647/how-to-set-field-value-as-the-result-of-a-calculation
/questions/2776400/biginteger-or-not-biginteger
/questions/73421958/combine-sequence-of-positive-integers-into-one-unique-integer
/questions/50220152/bash-script-accept-integer-only-if-is-from-range
/questions/65626577/can-i-ask-the-user-to-input-any-basic-arithmetic-equation-without-having-to-ask
/questions/46119443/extending-a-floating-point-number-to-extra-decimal-places
/questions/41243574/does-bashs-ability-to-handle-numbers-scale-with-processor-bitwidth
/questions/64963166/the-terminal-in-intelljidea-is-not-outputting-the-result-as-expected
/questions/31168751/mathematical-parser-in-swift
/questions/17397088/iterator-arithmetic
/questions/22612418/check-for-arithmetic-overflow-and-get-overflow-count
/questions/16921821/how-to-use-operations-like-on-java-objects
/questions/73668294/c-is-saying-that-1-15-in-programming-is-false
/questions/13188906/can-a-section-of-the-code-be-interfering-with-the-loop
/questions/17517255/micro-dsl-for-arithmetic-in-ruby
/questions/38101333/wrapping-arithmetic-types-in-c
/questions/75045078/map-like-array-function-in-excel
/questions/60324384/how-to-perform-polynomial-subtraction-and-division-in-galois-field
/questions/71560324/parsing-arithmetic-string-operations-in-kotlin
/questions/60666953/implementing-arithmetic-in-assembly
/questions/66222844/keyerror-to-existing-colums-in-my-panda-dataframe-after-transposing-with-dtype
/questions/2211405/python-module-matrix-class-that-implements-modulo-2-arithmetic
/questions/49860472/not-getting-desired-output-from-jframe
/questions/63067985/arithmetic-template-swap-faster-than-stdswap
/questions/28949831/how-to-extend-my-class-to-accept-64-bit-numbers-in-c
/questions/32922537/how-can-i-make-the-program-recognize-a-string-input-as-a-wrong-answer-in-an-arit
/questions/24472724/expression-must-be-a-pointer-to-a-complete-object-type-using-simple-pointer-arit
/questions/35204731/floating-point-on-altera-arithmetic-or-dsp-cores
/questions/35204731/floating-point-on-altera-arithmetic-or-dsp-cores
/questions/60173090/best-way-to-pass-a-mathematical-operator-through-method-parameters
/questions/10725146/how-to-sum-and-subtract-char-numbers
/questions/11993043/cordova-phonegap-photo-file-size
/questions/29265467/no-instance-for-fractional-numerator-denominator-fraction-a0-b0
/questions/10082124/bash-arithmetic-issues
/questions/39294349/loading-packages-netezza-r
/questions/56757961/how-to-build-a-comparison-operator-comparitor-in-an-arithmetic-circuit
/questions/39531655/align-numerical-precision-excel-2013-and-r
/questions/67868189/how-can-i-add-advance-functionality-in-my-tkinter-calculator
/questions/65859502/how-should-i-use-the-mean-function-when-there-are-outliers-in-the-distribution
/questions/33478636/gcc-frontend-submit-assembly
/questions/48753634/perform-arithmetic-on-each-element-of-a-vector-column-based-on-the-previous-ve
/questions/67826253/are-there-more-complex-functions-to-call-from-within-solidity-smart-contracts-e
/questions/28638767/ms-access-sql-adding-two-count-statements-returns-multiple-copies-of-the-sum-in
/questions/42490697/overload-all-arithmetic-operators-in-python
/questions/33492342/how-to-hide-an-angular-expression-if-null-when-there-is-math-inside-the-expressi
/questions/26871462/checksum-without-logic-bitwise-operations
/questions/71027855/sql-how-to-convert-a-date-into-hours-per-minute-then-subtract-two-of-the-colums
/questions/3578594/help-with-pointer-arithmetic
/questions/8251350/using-antlr-with-left-recursive-rules
/questions/62086528/how-to-impose-a-class-to-only-accept-certain-data-types
/questions/31634635/arduino-uno-with-8-bit-mcu-atmega328-but-program-with-32-bit-c-c-program
/questions/4657841/linear-equation-rearrange
/questions/1737449/php-right-shifting-and-negative-result
/questions/25999813/need-to-return-an-integer-whose-binary-representation-is-the-same-as-that-of-i-i
/questions/64832034/how-does-java-supports-architectural-neutrality-by-specifying-the-behavior-of-it
/questions/16929719/how-to-introduce-the-infinity-in-the-tropical-arithmetic-using-z3
/questions/62653925/name-of-interface-with-arithmetical-methods-signatures
/questions/56555777/program-a-triangle-number-sum-of-an-arithmetic-progression-without-using-itera
/questions/47243679/continued-logarithm-arithmetic-floor-operator-on-run-length-encoded-terms
/questions/42987850/any-way-to-store-extremely-precise-numbers-in-java
/questions/21693630/work-with-numbers-larger-than-long-double
/questions/47680221/finding-ranges-of-character-frequencies
/questions/25929818/arithmetic-operations-on-datetime-index-in-pandas
/questions/50868975/what-is-the-most-standard-mathematics-notation-that-could-easily-parse-and-compu
/questions/8922527/arithmetic-in-array-assignments
/questions/61005892/is-there-a-way-to-link-a-value-from-a-website-onto-my-console-application-on-c-s
/questions/40250449/golang-func-return-type
/questions/37724464/should-signals-in-vhdl-be-signed-unsigned-to-perform-arithmetic-operations
/questions/54569221/why-the-value-of-input-elements-are-not-changing
/questions/54569221/why-the-value-of-input-elements-are-not-changing
/questions/14637942/c-calculator-skipping-else-statement
/questions/42356510/executing-bash-c-with-xargs
/questions/58067259/will-there-be-a-concept-for-arithmetic-types-in-c-standard-library
/questions/65475595/compare-two-symbolic-expressions
/questions/76029964/clingo-syntax-error-unexpeced-and
/questions/23634103/regex-regular-expression-for-algorithmic-operations-with-parentheses
/questions/49039473/implementing-new-data-type-in-python-without-classes
/questions/9004879/does-vb-net-offer-any-performance-improvement-over-vb6-for-cpu-bound-processes
/questions/52990843/arithmetic-compound-operator-overload-as-non-member
/questions/2177100/is-there-any-difference-between-date-sub-and-using-arithmetic-operators-for-da
/questions/41922622/passing-expressions-and-getting-results-from-python-interpreter-back-to-django
/questions/60053094/trying-to-get-new-values-when-calling-class-from-another-class
/questions/53697939/converting-a-binary-string-to-integer-using-a-basic-mathematical-operator
/questions/14470510/0-33-0-30-30-3-returns-false-in-matlab
/questions/36088158/efficient-method-to-update-map-values
/questions/75906266/chain-arithmetic-operators-with-the-r-pipe
/questions/9097658/complex-number-arithmetic-in-tcl
/questions/28269077/how-to-make-my-arithmetic-class-modular-c-sharp-cli-program
/questions/27582523/multiplying-peano-integers-in-swi-prolog
/questions/23236461/php-manipulation-of-one-data-simple-basic-php-code-execution
/questions/73298953/why-does-using-a-character-class-make-this-left-recursive
/questions/59692934/nim-how-to-inherit-all-operations-on-distinct-type
/questions/73910378/how-to-add-column-with-query-folding-using-snowflake-connector
/questions/13042027/multiple-arithmetic-expressions-in-processing
/questions/32831418/is-there-a-way-to-check-input-data-type-using-only-basic-concepts
/questions/9321371/bitwise-arithmetic-tutorial
/questions/69898813/basic-expression-antlr4-grammar
/questions/69898813/basic-expression-antlr4-grammar
/questions/49056372/arcpy-map-algebra-from-reticulate
/questions/65567476/select-arithmetic-operation-e-g-2-2-eval-and-echo-result-in-the-minibuffer
/questions/72576652/splitting-string-input-into-discrete-numbers-and-operators
/questions/48942803/arithmetic-operation-when-multiple-textbox-is-created-by-js
/questions/1864245/how-can-i-do-64-bit-arithmetic-in-perl
/questions/28828771/accessing-hi-and-low-part-of-int64-t-with-int32-t
/questions/69245628/how-c-handles-the-arithmetic-between-an-int-and-an-unsigned-int
/questions/21626949/python-tool-to-compare-pairs-of-dicts-of-varying-deepness
/questions/42809849/calculating-arithmetic-mean-from-a-list
/questions/23880180/syntax-for-arithmetics-on-prior-distributions-in-jags-bugs
/questions/35273793/create-generic-class-or-interface-with-self-typed-parameters-in-children-classes
/questions/33641717/detect-signed-int-overflow-in-go
/questions/43244861/pyparsing-infixnotation-optimization
/questions/67281350/class-operators-can-not-access-member-variables
/questions/38740250/c11-numeric-limitsfloat-and-arithmetic
/questions/57502400/post-a-soap-request-in-html-and-get-response
/questions/50372518/extract-data-from-sql-modify-it-and-save-the-result-to-a-table
/questions/62468071/how-to-inherit-operators-in-kotlin
/questions/20741112/xml-concatenation-how-to-concatenate-nodes-with-markup-tags-not-just-values-wi
/questions/2620388/bitwise-interval-arithmetic
/questions/75112083/pandas-eval-returns-error-on-date-arithmetic-using-timedelta
/questions/16417313/expression-template-addition-of-a-variable-and-a-value
/questions/5277779/designing-a-bignumber-class
/questions/72497259/using-rems-for-responsive-web-design
/questions/62655911/spark-3-with-pandas-vectorised-udfs
/questions/46511745/f-giving-a-function-parameters-or-not-whats-the-difference
/questions/21146773/consume-a-simple-web-service-using-mule
/questions/10121657/algorithm-how-to-solve-an-arithmetic-expression-dag
/questions/5785594/is-this-a-vb-net-arithmetic-exception
/questions/22971917/reversing-a-string-using-pointer-arithmetic
/questions/66280721/how-to-find-the-recurrence-relation-for-the-basic-operation-of-algorithm
/questions/28877815/how-to-efficiently-check-against-bitmask
/questions/7220681/division-of-integers-in-java
/questions/36335641/java-having-trouble-working-with-arithmetic-operators-code-so-far-included
/questions/21746410/r-properly-using-a-dataframe-as-an-argument-to-a-function
/questions/42257708/retrieve-matrix-from-ann-using-sci-kit-learn
/questions/2623469/how-should-i-go-about-creating-a-point-system-for-users-like-so-and-yahoo-answer
/questions/66242842/why-do-divisions-not-work-in-jsonpath-ng
/questions/69382310/what-happens-when-you-perform-arithmetic-operation-on-a-reference-of-a-pointer
/questions/18639175/sass-is-concatenating-instead-of-adding
/questions/71643716/segfault-on-return-from-pthread-join
/questions/22161055/segmentation-fault-after-assignment-statementlex-and-yacc
/questions/50186106/integer-overflow-in-intermediate-arithmetic-expression
/questions/41004030/i-want-to-read-file-and-write-another-file-basically-i-want-to-do-some-arithme
/questions/71931097/numpy-significantly-slower-on-windows-than-on-ubuntu
/questions/58352665/how-to-input-multiple-numeric-types-in-the-same-line-in-python
/questions/31702864/how-much-lisp-to-implement-in-c-before-writing-extension-in-itself
/questions/33294478/how-come-my-code-isnt-recognizing-input
/questions/47632100/modulus-division-to-get-multiples-of-10
/questions/40339510/tensorarray-initialization
/questions/55883545/octave-division-of-a-binomial-breaks-plot
/questions/54209202/pyparsing-nested-expression-with-simple-arithmetics
/questions/19360495/vba-excel-variable-double-as-function
/questions/50190091/what-are-examples-of-typical-workloads-where-mri-outperforms-jruby
/questions/36014666/how-do-i-combine-multiple-csv-files-in-r
/questions/53917961/python3-performance-loop-using-range-vs-plain-old-while
/questions/18644361/how-yo-make-a-simple-calculator-in-c-which-saves-intermediate-result
/questions/31903461/automatically-derive-add-mul-ord-etc-for-a-numeric-type
/questions/74830874/creating-a-javascript-function-that-can-check-different-kinds-of-arithmetic-base
/questions/27987687/simple-arithmetic-using-preon-framework
/questions/55883545/octave-division-of-a-binomial-breaks-plot
/questions/67087033/newbie-linux-shell-for-loop-tower-arithmetic
/questions/26262820/addition-going-wrong-in-python
/questions/24735090/how-to-parse-multiple-expressions-when-using-the-rply-library
/questions/21293278/mathematical-arithmetic-representation-of-xor
/questions/18994483/what-is-the-best-way-to-apply-an-arithmetic-expression-to-2-binary-numbers-provi
/questions/17498318/differentiate-between-mathematical-user-input-and-all-else
/questions/36000923/how-do-arithmetic-operators-work-in-python
/questions/66205022/frozen-numeric-arrays-dataclasses-numba
/questions/51344700/regex-using-regex-to-only-allow-simple-arithmetic
/questions/51344700/regex-using-regex-to-only-allow-simple-arithmetic
/questions/47902907/cpu-bound-web-apps-with-servlet-3-1-performance
/questions/50980852/large-numpy-matrix-memory-issues
/questions/63528487/how-to-make-cron-run-only-42-times-in-10-minute-intervals
/questions/2360997/why-do-we-bother-with-cpu-registers-in-assembly-instead-of-just-working-directl
/questions/48530911/nasm-division-using-variables-instead-of-actual-values
/questions/19426979/converting-command-line-arguments-to-decimals-in-c
/questions/36323080/why-cant-i-subtract-an-int-from-a-uint
/questions/75103676/syntax-for-dms-transformation-rule-for-arithmetic-expression
/questions/48492245/js-arithmetic-calculations-using-eval-are-being-multiplied
/questions/43793096/c-performance-and-choice-of-functions-parameters
/questions/70810966/can-we-solve-this-arithmetic-problem-using-python-in-a-more-efficient-way
/questions/61893671/converting-arithmetic-sequence-to-slice-in-python
/questions/21646035/unary-operation-using-for-loops-in-matlab
/questions/2615905/c-template-nontype-parameter-arithmetic
/questions/44091518/solution-to-floating-point-arithmetic-for-calculator-app
/questions/24276755/python-pointer-arithmetic-quicksort
/questions/55573165/numpy-is-very-slow-for-basic-array-operations
/questions/50226598/how-to-split-a-program-into-multiple-files-with-a-h-and-a-couple-of-c-files
/questions/69827417/how-can-i-use-brackets-while-using-bc-unix-basic-calculator
/questions/64035442/c-how-do-i-round-arithmetically-after-a-division-with-basic-operations
/questions/70721445/is-one-supposed-to-grayscale-and-brightness-contrast-process-the-image-before-se
/questions/72564525/printing-out-the-same-info-in-mips-assembly
/questions/39884068/how-does-xarray-broadcasting-work-with-numpy-functions
/questions/39884068/how-does-xarray-broadcasting-work-with-numpy-functions
/questions/57302423/how-can-i-pass-an-arithmetic-operator-based-on-a-condition-in-js-say-for-ad
/questions/67206558/creating-simple-addition-and-subtraction-program-in-arm-assembly
/questions/15201796/ceil-function-using-limited-set-of-arithmetic-operators
/questions/36681451/is-there-an-easy-way-to-implement-binary-arithmetic-without-2s-compliment
/questions/5240776/bash-script-for-renaming-files-using-modular-arithmetic
/questions/54572067/r-does-not-import-values-as-numbers
/questions/56568475/when-is-operation-complexity-such-that-dplyr-rowwise-is-needed
/questions/27550318/function-plot-from-points-result-of-other-function-combinations
/questions/14565444/arm-assembly-arithmetic-shift-logical-shift
/questions/65079821/is-it-possible-to-increment-the-modulo-operator-in-later-loop-iterations
/questions/57810034/safe-arithmetic-with-numbers-smaller-than-machine-precision
/questions/7377344/how-to-write-a-parser-in-c
/questions/57810034/safe-arithmetic-with-numbers-smaller-than-machine-precision
/questions/7377344/how-to-write-a-parser-in-c
/questions/36388913/how-do-i-determine-the-highest-value-of-three-columns-from-the-same-row-python
/questions/8485932/how-do-i-work-with-high-precision-decimals-in-php
/questions/24611120/using-form-and-input-elements-as-an-input-for-javascript-code-is-this-the-b
/questions/33307076/using-yyparse-and-fprintf
/questions/73242737/arithmetic-operations-across-rows-in-pandas-dataframe
/questions/39258378/python-2-7-define-basic-operators-for-specific-classes
/questions/75443347/options-for-deploying-basic-ml-scripts-with-serverless
/questions/59548324/how-can-one-implement-and-bitor-bitand-using
/questions/59273103/arithmetic-combination-of-multiple-rows-into-one-row-oracle-sql
/questions/71960866/how-to-avoid-resolve-overflow-in-arithmetic-operation
/questions/47935450/doing-arithmetic-operation-on-android-shell
/questions/44954351/use-expression-tree-to-evaluate-properties-of-a-generic-class
