/questions/487258/what-is-a-plain-english-explanation-of-big-o-notation?r=SearchResults
/questions/2307283/what-does-olog-n-mean-exactly?r=SearchResults
/questions/1364444/difference-between-big-o-and-little-o-notation?r=SearchResults
/questions/487258/what-is-a-plain-english-explanation-of-big-o-notation/487278?r=SearchResults#487278
/questions/13467674/determining-complexity-for-recursive-functions-big-o-notation?r=SearchResults
/questions/360748/computational-complexity-of-fibonacci-sequence?r=SearchResults
/questions/3739768/what-is-big-o-notation?r=SearchResults
/questions/8331479/determining-big-o-notation?r=SearchResults
/questions/15143167/big-o-notation-and-recursion?r=SearchResults
/questions/26679192/big-o-notation-check-understanding?r=SearchResults
/questions/10376740/what-exactly-does-big-%d3%a8-notation-represent?r=SearchResults
/questions/3886643/big-o-notation-help?r=SearchResults
/questions/133008/what-is-big-o-notation-do-you-use-it?r=SearchResults
/questions/3877714/c-big-o-notation?r=SearchResults
/questions/64445271/big-o-notation-algorithms?r=SearchResults
/questions/4535434/big-o-notation-and-algorithms?r=SearchResults
/questions/42285304/big-o-notation-for-a-for-loop?r=SearchResults
/questions/41909133/proving-big-o-notation?r=SearchResults
/questions/941283/when-does-big-o-notation-fail?r=SearchResults
/questions/66884619/the-uniqueness-of-big-o-notation?r=SearchResults
/questions/46518631/big-o-notation-with-recursion?r=SearchResults
/questions/20721029/complexity-of-algorithms-in-big-o-notation?r=SearchResults
/questions/23492509/big-o-notation-algebra?r=SearchResults
/questions/40718183/big-o-notation-data-structures?r=SearchResults
/questions/35277887/big-o-notation-of-a-constant?r=SearchResults
/questions/49044750/big-o-notation-calculation?r=SearchResults
/questions/26174881/confused-about-big-o-notation?r=SearchResults
/questions/15695866/understanding-big-o-notation?r=SearchResults
/questions/4694574/database-indexes-and-their-big-o-notation?r=SearchResults
/questions/67496305/step-complexity-in-big-o-notation?r=SearchResults
/questions/1252900/big-o-notation-for-an-algorithm?r=SearchResults
/questions/49825224/big-o-notation?r=SearchResults
/questions/31651513/big-o-notation-work?r=SearchResults
/questions/55697455/big-o-notation-explain?r=SearchResults
/questions/34428993/big-o-notation-for-two-non-nested-loops?r=SearchResults
/questions/3347146/help-with-big-o-notation?r=SearchResults
/questions/58860094/big-o-notation-on-both-sides?r=SearchResults
/questions/50303713/calculating-big-o-notation-for-a-algorithm?r=SearchResults
/questions/51715191/big-o-notation-in-pac-learning?r=SearchResults
/questions/23639118/big-o-notation-mathematical-proof?r=SearchResults
/questions/26600342/meaning-of-big-o-notation?r=SearchResults
/questions/3179338/big-o-notation-for-triangular-numbers?r=SearchResults
/questions/26080408/confused-with-big-o-notation?r=SearchResults
/questions/19461794/confusion-with-determining-big-o-notation?r=SearchResults
/questions/17908046/big-o-notation-and-coding?r=SearchResults
/questions/1691458/sorted-array-big-o-notation?r=SearchResults
/questions/59987598/big-o-notation-of-a-specific-method?r=SearchResults
/questions/46996540/big-o-notation-please-explain-olog2n?r=SearchResults
/questions/73886379/big-o-notation-for-complex-loop?r=SearchResults
/questions/3929115/quick-question-about-big-o-notation?r=SearchResults
