/questions/487258/what-is-a-plain-english-explanation-of-big-o-notation
/questions/2307283/what-does-olog-n-mean-exactly
/questions/1364444/difference-between-big-o-and-little-o-notation
/questions/13467674/determining-complexity-for-recursive-functions-big-o-notation
/questions/360748/computational-complexity-of-fibonacci-sequence
/questions/3739768/what-is-big-o-notation
/questions/8331479/determining-big-o-notation
/questions/15143167/big-o-notation-and-recursion
/questions/26679192/big-o-notation-check-understanding
/questions/10376740/what-exactly-does-big-%d3%a8-notation-represent
/questions/3886643/big-o-notation-help
/questions/133008/what-is-big-o-notation-do-you-use-it
/questions/64445271/big-o-notation-algorithms
/questions/3877714/c-big-o-notation
/questions/4535434/big-o-notation-and-algorithms
/questions/41909133/proving-big-o-notation
/questions/42285304/big-o-notation-for-a-for-loop
/questions/941283/when-does-big-o-notation-fail
/questions/66884619/the-uniqueness-of-big-o-notation
/questions/40718183/big-o-notation-data-structures
/questions/23492509/big-o-notation-algebra
/questions/35277887/big-o-notation-of-a-constant
/questions/46518631/big-o-notation-with-recursion
/questions/20721029/complexity-of-algorithms-in-big-o-notation
/questions/49044750/big-o-notation-calculation
/questions/26174881/confused-about-big-o-notation
/questions/4694574/database-indexes-and-their-big-o-notation
/questions/67496305/step-complexity-in-big-o-notation
/questions/1252900/big-o-notation-for-an-algorithm
/questions/31651513/big-o-notation-work
/questions/1252900/big-o-notation-for-an-algorithm
/questions/49825224/big-o-notation
/questions/34428993/big-o-notation-for-two-non-nested-loops
/questions/55697455/big-o-notation-explain
/questions/3347146/help-with-big-o-notation
/questions/50303713/calculating-big-o-notation-for-a-algorithm
/questions/58860094/big-o-notation-on-both-sides
/questions/51715191/big-o-notation-in-pac-learning
/questions/23639118/big-o-notation-mathematical-proof
/questions/26600342/meaning-of-big-o-notation
/questions/3179338/big-o-notation-for-triangular-numbers
/questions/26080408/confused-with-big-o-notation
/questions/19461794/confusion-with-determining-big-o-notation
/questions/17908046/big-o-notation-and-coding
/questions/26080408/confused-with-big-o-notation
/questions/59987598/big-o-notation-of-a-specific-method
/questions/46996540/big-o-notation-please-explain-olog2n
/questions/73886379/big-o-notation-for-complex-loop
/questions/3929115/quick-question-about-big-o-notation
/questions/47367933/big-o-notation-and-dominate-term
/questions/33536706/big-o-notation-in-python
/questions/29851633/matrix-big-o-notation
/questions/28927122/big-o-notation-of-isset-operation
/questions/58157353/what-big-o-notation-do-i-have-here
/questions/4645757/big-o-notations-definition
/questions/50700976/what-is-the-big-o-notation-for-logn-3n
/questions/72323278/big-o-notation-for-these-algorithm-complexities
/questions/48645549/big-o-notation-exercise
/questions/52217805/simplifying-big-o-notation
/questions/2060880/big-o-notation-of-this-code
/questions/66479254/calculate-big-o-notation-for-prime-numbers
/questions/38538644/determining-the-big-o-notation-of-this-loop
/questions/16115129/big-o-notation-for-two-simple-recursive-functions
/questions/12380943/big-o-notation-regarding-logarithms
/questions/76414534/big-o-notation-of-nested-loops
/questions/15325636/the-big-o-notation
/questions/54639755/matrix-multiplication-big-o-notation
/questions/47404869/calculating-big-o-notation-with-recursion
/questions/12732889/what-is-the-big-o-notation-of-this-code
/questions/58158714/shorten-a-big-o-notation
/questions/41712739/big-o-notation-summation-confusion
/questions/23053408/unable-to-udnerstand-big-o-notation-examples
/questions/34274287/how-to-prove-big-o-notation
/questions/1996457/what-is-the-big-deal-about-big-o-notation-in-computer-science
/questions/13639253/computational-complexity-in-big-o-notation
/questions/64910579/is-there-a-thing-such-as-a-big-o-notation-of-o0
/questions/32212516/simplify-big-o-notation
/questions/559839/big-o-summary-for-java-collections-framework-implementations
/questions/44705720/determine-big-o-notation-for-functions
/questions/35136102/what-would-the-big-o-notation-for-this-function
/questions/75896816/big-o-notation-for-foreach-with-find
/questions/37423770/big-o-notation-estimate
/questions/14123008/big-o-notation-and-recursive-functions
/questions/47895267/bigo-notation
/questions/48511541/determining-calculating-big-o-notation
/questions/30832116/java-stack-array-big-o-notation
/questions/3953296/big-o-notations
/questions/12790314/big-o-notation-in-java
/questions/25235184/big-o-notation-for-ruby-methods
/questions/14249151/big-o-notation-finding-c-and-n0
/questions/60218538/big-o-notation-of-function
/questions/6372561/big-o-notation-for-string-matching-algo
/questions/66614963/big-o-notation-for-n-2-in-while-loop
/questions/64622890/big-o-notation-and-time-complexity-confusion
/questions/28667467/what-is-the-big-o-notation-for-this-pseudo-script
/questions/58087764/big-o-notation-exponential-functions
/questions/12995015/big-o-notation-of-multiple-statements
/questions/7770569/big-o-notation-arrays-vs-linked-list-insertions
/questions/180510/is-there-a-master-list-of-the-big-o-notation-for-everything
/questions/37924831/big-o-notation-definition
/questions/71064478/big-o-notation-python-function
/questions/55232166/big-o-notation-for-cellular-automaton-algorithm
/questions/48873664/what-is-the-big-o-notation-for-this-algorithm
/questions/48873664/what-is-the-big-o-notation-for-this-algorithm
/questions/16323458/time-complexity-of-function-in-terms-of-big-o-notation
/questions/20688720/what-is-order-of-complexity-in-big-o-notation
/questions/63390052/definition-of-big-o-notation
/questions/33857284/big-o-notation-of-just-a-return-statement
/questions/14225976/do-scalars-matter-in-big-o-notation
/questions/28141350/how-to-turn-this-loops-to-big-o-notation
/questions/48634509/how-to-find-big-o-notation-of-this-function
/questions/56992458/what-is-the-big-o-notation-for-this-algorithm
/questions/10321079/alternatives-to-the-big-o-notation
/questions/37162042/java-big-o-notation-in-algorithm
/questions/49413716/big-o-notation-for-nested-loops
/questions/69006802/how-can-i-derive-the-big-o-notation
/questions/20880674/big-o-notation-searching-algorithm
/questions/69006802/how-can-i-derive-the-big-o-notation
/questions/74077846/big-o-notation-with-non-integer-power
/questions/20880674/big-o-notation-searching-algorithm
/questions/20388169/big-o-complexity-notation
/questions/63549706/big-o-notation-with-separated-procedures
/questions/73672020/what-is-the-big-o-notation-of-the-following-sentence
/questions/49248169/big-o-notation-while-loops
/questions/18028356/big-o-notation-of-a-binary-tree
/questions/64387345/big-o-notation-nested-loop
/questions/60217661/big-o-notation-of-8log2n
/questions/46518189/big-o-notation-with-multiplicative-incremented-for-loop
/questions/4987894/find-the-running-time-in-big-o-notation
/questions/14267325/big-o-notation-of-a-certain-algorithm
/questions/29296753/how-can-i-express-this-in-big-o-notation
/questions/28739817/big-o-notation-for-gn-hn
/questions/34280619/big-o-notation-linear-and-binary-search
/questions/42223922/find-big-o-notation-with-rabin-miller-implementation
/questions/59949942/big-o-notation-would-that-be-on
/questions/37012072/discrete-math-big-o-notation
/questions/48651024/big-o-notation-with-function-composition
/questions/32621186/big-o-notation-from-formula
/questions/70885457/big-o-notation-of-a-method-that-calls-a-method-of-on
/questions/24299768/big-o-notation-for-a-recursive-function
/questions/19141884/big-o-notation-for-if-statements
/questions/57983369/understanding-the-big-o-notation-o2n
/questions/52676057/calculating-big-o-notation-for-stack-problem-using-pointer
/questions/74208758/big-o-notation-changing-the-power
/questions/14424827/big-o-notation-for-simple-validation
/questions/57081368/complexity-of-arithmetic-mean-in-big-o-notation
/questions/21128546/big-o-notation-complexity
/questions/21128546/big-o-notation-complexity
/questions/4251077/nested-loops-in-big-o-notation
/questions/56311399/big-o-notation-for-three-nested-for-loops-with-if-else-statements
/questions/46512894/big-o-notation-of-tsqrtn-5
/questions/51175978/big-o-notation-doubts-about-the-loop
/questions/73937337/big-o-notations-pgfplots-representation
/questions/19949554/big-o-notation-representation-of-a-simple-algorithm
/questions/76641008/problems-with-big-o-notation
/questions/32977145/big-o-notation-for-nested-for-loop
/questions/29261562/what-is-the-big-o-notation-and-how-do-i-calculate-it
/questions/35241035/big-o-notation-on-my-permutation-function-coded-scala
/questions/13351490/what-does-it-mean-to-find-big-o-notation-for-memory
/questions/16672263/what-s-big-o-notation-on-this-specific-code
/questions/23781008/big-o-notation-for-a-matrix-algorithm
/questions/15447442/cannot-find-big-o-notation-library
/questions/23781008/big-o-notation-for-a-matrix-algorithm
/questions/32907630/big-o-notation-with-two-variables
/questions/15447442/cannot-find-big-o-notation-library
/questions/40878424/big-o-notation-of-recursive-functions
/questions/64527461/what-is-the-big-o-notation-time-complexity-of-an-array-declaration
/questions/65860962/what-is-complexity-of-my-code-in-big-o-notation
/questions/6973753/big-o-notation-for-exponential-and-logarithmic-complexity
/questions/64483142/specifying-big-o-notation-in-java-algorithms
/questions/71277573/what-does-the-o-in-big-o-notation-mean
/questions/50317594/big-o-notation-and-recursion-with-loops
/questions/59015083/finding-big-o-notation-of-for-loop-which-is-inside-an-if-condition
/questions/1569702/is-big-ologn-log-base-e
/questions/20528993/what-would-be-the-big-o-notation-for-the-function
/questions/35159985/big-o-notation-for-a-simple-function-and-why
/questions/35481853/does-big-o-notation-also-represent-space-complexity
/questions/75046878/what-would-the-big-o-notation-be-for-a-3x3-multidimensional-array-in-java
/questions/1569702/is-big-ologn-log-base-e
/questions/38807238/using-big-o-notation-what-is-the-correct-label-for-this-algorithm
/questions/28624403/big-o-notation-of-this-binaryheap-code
/questions/36628718/how-do-i-determine-complexity-using-big-o-notation
/questions/44978847/why-doesnt-the-additive-constant-in-big-o-notation-matter
/questions/69031387/big-o-notation-for-loop-with-o1-operation-on-the-inside
/questions/4248814/big-o-notation-time-question
/questions/71832180/big-o-notation-of-addition
/questions/68158182/big-o-notation-for-a-js-function-to-check-subset
/questions/4857418/data-structure-performance-in-big-o-notation
/questions/14681589/how-to-find-big-o-notation-of-fft-multiplication-under-a-loop
/questions/22046019/how-can-i-find-big-o-notation-for-my-loops
/questions/63148656/time-complexity-in-big-o-notation-of-algorithms
/questions/74343214/big-o-notation-of-formula-p-r-squared
/questions/71532871/big-theta-and-big-o-notations
/questions/4934349/big-o-notation-for-multiple-functions
/questions/29253429/big-o-notation-on-1-or-on-for-tn-1
/questions/61912041/is-ologn-the-correct-big-o-notation-for-this-function
/questions/43822756/big-o-notation-calcuation-rule
/questions/22421472/calculating-big-o-notation
/questions/27757116/regarding-big-o-notation-for-reversing-the-string-code
/questions/13082339/what-is-the-big-o-notation-for-this-function
/questions/39135959/finding-big-o-notation-of-forumulas
/questions/19081673/big-o-notation-of-exponential-functions
/questions/43307485/big-o-notation-of-simple-anagram-function
/questions/46098654/big-o-notation-given-probabalistic-bounds
/questions/42451211/whats-the-runtime-in-big-o-notation-for-array-reversal-java
/questions/76045947/big-o-notation-of-adding-and-removing-elements-from-array
/questions/32364872/order-of-magnitude-using-big-o-notation
/questions/41914002/big-o-notation-for-array-stack-queue
/questions/15778817/big-o-notation-of-nested-sequential-loops
/questions/13032803/why-does-big-o-notation-use-o1-instead-of-ok
/questions/48306725/how-can-i-proof-a-difficult-big-o-notation
/questions/61335438/how-can-i-apply-big-o-notation-to-this-algorithm
/questions/72240404/big-o-notation-calculation-for-nested-loop
/questions/59391784/does-big-o-notation-apply-to-a-whiletrue-loop
/questions/30531237/big-o-notation-for-a-function-with-x-0
/questions/28653680/confused-about-the-big-o-notation-of-the-code
/questions/74977258/calculating-time-complexity-and-big-o-notation
/questions/14784446/what-big-o-notation-would-this-fall-under
/questions/12138212/difference-between-big-theta-and-big-o-notation-in-simple-language
/questions/19012367/find-the-efficiency-in-big-o-notation
/questions/59737775/how-to-calculate-the-big-o-notation-of-this-algorithm
/questions/4149560/how-to-calculate-big-o-notation-on-the-following-code
/questions/4149560/how-to-calculate-big-o-notation-on-the-following-code
/questions/67967401/explanation-for-big-o-notation-comparison-in-different-complexity-class
/questions/70932394/is-big-o-notation-also-calculated-from-the-functions-used
/questions/52939382/big-o-notation-of-two-loops-nested-within-loop
/questions/71176326/big-o-notation-and-caesar-cipher
/questions/65993557/value-of-gn-in-big-o-notation
/questions/69841060/big-o-big-omega-%ce%98-notation
/questions/26194100/what-is-the-big-o-notation-for-iteration-through-nsset-and-nsdictionary
/questions/36392994/is-it-valid-to-calculate-the-value-of-a-big-o-notation
/questions/64467207/big-o-notation-time-complexity-nested-loop-with-and-keyword
/questions/72362599/what-is-the-big-o-notation-of-a-program
/questions/43709351/algorithm-complexity-and-big-o-notation
/questions/14473684/java-big-o-notation-of-3-nested-loops-of-logn
/questions/28086243/how-to-calculate-olog-n-in-big-o-notation
/questions/70790857/what-is-the-upper-found-or-big-o-notation-for-the-given-functions
/questions/7810490/big-o-notation-for-a-copy-operation
/questions/67501421/determining-big-o-notation-of-based-on-python-function
/questions/59114411/what-is-the-time-complexity-of-this-programbig-o-notation-for-this-program
/questions/50219776/is-the-big-o-notation-of-nested-dependent-for-loop-always-n2
/questions/38420564/is-there-a-programmatic-way-or-eclipse-plugin-to-calculate-big-o-notation-for-ja
/questions/32567667/did-i-do-this-big-o-notation-correctly
/questions/53473662/time-complexity-big-o-notation-of-posterior-probability-calculation
/questions/34687940/whats-the-dominant-term-in-2n-or-n2-for-big-o-notation
/questions/58966091/big-o-notation-for-an-if-else-selection-statement-with-for-loops
/questions/48241477/big-o-notation-example-claiming-2n2-on3
/questions/41986519/when-to-use-big-o-notation-and-when-to-use-big-theta-notation
/questions/19648400/space-and-time-complexities-in-big-o-notation-for-the-jbig-compression-algorit
/questions/53414918/big-o-notation-of-123-n
/questions/66488864/what-is-the-big-o-notation-for-rsa-encryption
/questions/26089948/big-o-notation-of-a-program-worst-case
/questions/2709681/can-someone-help-with-big-o-notation
/questions/30960065/big-o-notation-with-absolute-value
/questions/19805103/confused-about-big-o-notation-specific-example
/questions/50860676/bigo-notation-which-one-is-correct
/questions/40596941/big-o-notation-for-non-nested-loops
/questions/65055438/determining-efficiency-big-o-notation-while-using-arrays-in-javascript
/questions/59727907/how-to-calculate-the-big-o-notation-of-the-following-expression
/questions/25546736/what-is-the-time-complexity-of-the-following-codes-in-big-o-notation
/questions/65061401/are-these-big-o-notations-correct-for-simple-modulus-and-power-functions-python
/questions/70009435/what-is-the-big-o-notation-for-this-bubble-sort
/questions/14243176/understanding-the-big-o-notation
/questions/70139721/big-o-notation-for-iteration-over-steps-in-list-python
/questions/12946600/sum-of-big-o-notation
/questions/75264358/what-is-the-big-o-notation-of-the-sieve-of-erastothenes-algorithm
/questions/46222445/big-o-notations-recursive-functions
/questions/12946600/sum-of-big-o-notation
/questions/62669774/is-onn-the-same-as-o2n-in-big-o-notation
/questions/24664145/big-o-sigma-notation
/questions/20937409/violating-the-given-average-time-complexity-in-big-o-notation
/questions/69164911/big-o-notation-explanation
/questions/51868778/big-o-notation-runtime-cracking-the-coding-interview-example
/questions/29299318/big-o-notation-input-size
/questions/21770485/determining-algorithms-runtime-using-big-o-notation
/questions/51927486/why-we-use-big-o-notation-for-best-and-average-cases-also
/questions/20480026/using-big-o-notation-for-counting-nodes-in-a-tree
/questions/52519329/is-logn-equivalent-to-nlogn-big-o-notation
/questions/25626928/finding-exact-algorithm-efficiency-and-big-o-notation-in-nested-loops
/questions/39161951/big-o-notation-explanation-nested-while-loop
/questions/64418699/big-o-notation-of-an-algorithm-that-runs-maxn-0-times
/questions/21830360/big-o-notation-complexity-for-binary-multiplcation
/questions/21830360/big-o-notation-complexity-for-binary-multiplcation
/questions/2137923/how-do-you-determine-the-big-o-notation-of-a-while-loop
/questions/64300360/deriving-a-big-o-notation-by-algorithm-time-complexity-analysis
/questions/70115392/why-this-code%c2%b4s-big-o-notation-is-not-loglogn
/questions/59944413/inclusion-of-quadratic-function-in-big-o-notation
/questions/66361550/finding-big-o-notation-when-given-an-arrays-size-range
/questions/36230124/does-anyone-actually-ever-use-big-o-notation
/questions/34855424/i-cannot-understand-the-definition-of-big-o-notation
/questions/71193417/big-o-notation-of-if-inside-while-loop
/questions/64055833/time-complexity-of-this-algorithm-using-big-o-notation
/questions/34168301/finding-big-o-notation
/questions/2468257/big-o-notation-runtime
/questions/3953318/big-o-notation-code-algorithm-analysis-homework
/questions/34411786/confused-on-big-o-notation
/questions/66895899/how-to-find-runtime-from-big-o-notation
/questions/71193417/big-o-notation-of-if-inside-while-loop
/questions/1734740/what-is-the-complexity-of-inserting-into-sorted-link-list-in-big-o-notation
/questions/31204917/showing-that-a-function-is-osomething-big-o-notation
/questions/25494524/understanding-big-o-notation
/questions/20709267/big-o-notation-log-base-2-or-log-base-10
/questions/14295113/how-do-i-write-big-o-notations
/questions/60013129/is-the-following-big-o-notation-equivalent-to-each-other
/questions/59940758/big-o-notation-when-n-multiplied-by-4-every-iteration
/questions/23361957/how-to-solve-big-o-notation-for-prime-number-function
/questions/50180870/big-o-notation-for-the-given-code-fragments
/questions/26619808/big-o-notation-of-a-function-in-java-by-experiment
/questions/65064427/is-this-big-o-notation-correct-for-this-simple-sort-function-python
/questions/37160361/difference-between-two-codes-in-big-o-notation-in-java
/questions/15101313/want-to-make-sure-that-the-big-o-notation-i-got-is-correct
/questions/15101313/want-to-make-sure-that-the-big-o-notation-i-got-is-correct
/questions/37955045/about-big-o-notation-definition
/questions/23974589/what-is-the-n-in-big-o-notation
/questions/45602332/big-o-notation-for-below-code-snippet
/questions/65060496/are-these-big-o-notations-correct-for-simple-loop-functions-python
/questions/17261485/ratio-of-running-times-when-n-doubled-in-big-o-notation
/questions/52604698/complexity-description-valid-form-using-big-o-notation
/questions/57537842/how-to-find-constant-c-in-big-o-notation
/questions/56958140/which-of-these-two-functions-is-most-optimal-based-on-big-o-notation
/questions/34421620/role-of-lower-order-terms-in-big-o-notation
/questions/37312980/big-o-notation-of-method-with-while-loop-containing-an-if-statement
/questions/19141662/big-o-notation-and-polynomials
/questions/9223351/confused-on-big-o-notation
/questions/11697875/big-o-notation-for-fib-recursion
/questions/55963058/how-can-i-know-big-o-notation-from-explain-analyze-in-postgresql
/questions/46790855/run-time-complexity-for-two-algorithms-big-o-notation-calculation
/questions/216796/big-o-notation-homework-code-fragment-algorithm-analysis
/questions/26262186/big-o-notation-complexity
/questions/16239566/how-to-express-the-performance-of-loop-inner-loop-in-big-o-notation
/questions/23743794/is-big-o-notation-relevant-for-concurrent-world
/questions/59112385/big-o-notation-calculating-constant
/questions/29550293/figuring-out-the-algorithmic-complexity-of-my-program-in-big-o-notation
/questions/52746864/how-do-i-find-this-function-the-growth-rate-based-on-the-big-o-notation
/questions/28751468/what-is-the-big-o-notation-of-this-algorithm
/questions/47857236/what-will-be-the-time-complexity-of-the-following-nested-loopin-big-o-notation
/questions/904156/summing-an-array-and-big-o-notation
/questions/51940270/what-does-it-mean-to-drop-the-constants-in-terms-of-big-o-notation
/questions/20527139/calculating-running-time-of-a-program-big-o-notation
/questions/70041068/big-o-notation-with-special-inner-loop
/questions/55619273/how-do-i-find-out-the-big-o-notation-of-each-of-these-algorithms
/questions/35379021/big-o-notation-growth-rate
/questions/30168800/can-you-do-addition-multiplication-with-big-o-notations
/questions/70511310/is-big-o-notation-merit-time-complexity-or-rate-of-growth
/questions/55589461/analysing-complexity-runtime-of-pseudocode-using-big-o-notation
/questions/30360436/big-o-notation-for-the-complexity-function-of-the-fourth-root-of-n
/questions/22825027/in-big-o-notation-how-do-you-factor-in-calls-to-other-methods
/questions/60267452/how-to-calculate-average-asymptotic-running-time-in-big-o-notation
/questions/29954109/why-do-we-ignore-co-efficients-in-big-o-notation
/questions/13672175/whats-the-order-of-this-algorithm-in-big-o-notation-string-permutations
/questions/64627767/non-big-o-notation-what-is-the-time-complexity-of-2-comparison-operations-joine
/questions/69516232/find-big-o-notation-of-nested-loop-which-have-if-statement-inside-it
/questions/20647896/big-o-notation-of-sorting-methods-into-graphs
/questions/40465415/big-o-notation-for-removing-an-element-from-a-linked-list
/questions/14243666/is-big-o-notation-a-tool-to-do-best-worst-average-case-analysis-of-an-algori
/questions/36118592/big-o-notation-for-simple-loop
/questions/40745427/big-o-notation-in-different-data-structures
/questions/17141887/big-o-notation-for-n2
/questions/36118592/big-o-notation-for-simple-loop
/questions/41321357/time-and-space-complexity-of-an-algorithm-big-o-notation
/questions/25773892/big-o-theta-and-big-omega-notation
/questions/63293235/does-call-by-name-or-call-by-value-have-an-effect-in-big-o-notation
/questions/69732112/big-o-notation-for-nested-loops-with-an-inner-loop-that-depends-on-the-outer-loo
/questions/54497748/big-o-notation-with-the-use-of-methods-with-different-parameters-and-time
/questions/72019639/can-any-one-explain-time-complexity-of-below-code-big-o-notation
/questions/28206290/big-o-notation-what-is-the-order-of-the-algorithm
/questions/30020364/beginner-questions-about-the-big-o-notation
/questions/43701509/java-big-o-notations
/questions/26898148/counting-primitive-operations-calculating-big-o-notation
/questions/39691271/asymptotic-notation-bigo-and-bigomega
/questions/41489719/big-o-notation-and-functional-programming-in-javascript
/questions/41489719/big-o-notation-and-functional-programming-in-javascript
/questions/3905355/meaning-of-average-complexity-when-using-big-o-notation
/questions/20918887/java-jsp-programming-quiz-with-respect-to-big-o-notation
/questions/32446943/big-o-notation-of-java-nested-loops
/questions/57439178/time-complexity-and-big-o-notation
/questions/21244771/still-sort-of-confused-about-big-o-notation
/questions/62688208/how-do-different-parameters-affect-big-o-notation-for-time-complexity
/questions/71028116/whats-the-big-o-notation-for-this-algorithm-for-printing-the-prime-numbers
/questions/6380352/given-these-set-of-points-what-would-be-the-mathematical-function-for-this-and
/questions/35213434/while-we-drop-the-constant-in-big-o-notation-does-it-matter-in-real-life-situat
/questions/73578064/big-o-notation-why-is-on-olog2n-on-and-is-my-conclusion-that-reached
/questions/45605349/big-o-notation-python-function
/questions/50409302/computational-complexity-big-o-notation-of-a-geometrical-weighted-centroid-amo
/questions/59994893/why-is-big-o-notation-for-constant-time-execution-o1-instead-of-o2
/questions/61986290/complexity-of-algorithm-in-big-o-notation
/questions/46513876/what-does-the-function-return-and-what-is-big-o-notation-for-worst-case
/questions/61986290/complexity-of-algorithm-in-big-o-notation
/questions/10094814/big-o-notation-encryption-algorithms
/questions/46129461/big-o-and-omega-notations
/questions/55624555/version-of-big-o-notation-that-includes-parallelism
/questions/42498206/java-big-o-notation-algorithm
/questions/46923177/what-are-the-big-o-notation-of-javascripts-map-prototype-has-and-set-prototype
/questions/69026297/big-o-notation-of-java-function
/questions/17122807/big-o-ologn-code-example
/questions/10036859/big-o-notation-for-a-pairing-operation
/questions/21936500/big-o-notation-for-algorithm
/questions/71755845/what-is-the-big-o-notation-here-and-how-do-i-figure-it-out
/questions/35583983/what-is-the-big-o-notation-for-the-str-replace-function-in-python
/questions/19324006/wondering-the-big-o-notation-value-of-my-script
/questions/28050496/big-o-notation-explanation-proof
/questions/73943218/big-o-notation-limited-input
/questions/58748906/big-o-notation-depend-on-matrix-size-only-or-data-typeinteger-boolean-as-well
/questions/49475167/big-o-notation-on-fibonacci-generator
/questions/62677760/big-o-notation-for-infinity-worst-case
/questions/29729390/big-o-notation-on-some-examples
/questions/60392743/subtraction-is-valid-in-big-o-notation
/questions/40718116/complexity-of-different-operations-on-different-data-structures-according-to-the
/questions/57963323/big-o-notation-with-nested-for-loop
/questions/21523600/how-to-calculate-time-complexity-in-big-o-notation-of-this-algorithm
/questions/32514832/what-makes-two-functions-have-fundamentally-different-efficiency-times-in-big-o
/questions/31859672/what-is-the-upper-bound-of-function-fn-n-in-big-o-notation-and-why
/questions/24061602/about-big-o-notation-nn
/questions/24362452/big-o-notation-using-the-recursion-method
/questions/9694149/big-o-notation-calculation-on-olog-n-on-log-n
/questions/50011252/big-o-notation-two-arrays-removing-inner-array-elements
/questions/49470324/logarithms-in-computer-science-for-big-o-notation
/questions/38143386/complexity-of-algorithms-other-than-asymptotic-big-o-notation
/questions/42094506/big-o-notation-for-a-recursive-algorithm
/questions/49977916/does-declaring-a-variable-count-towards-big-o-notation
/questions/29154036/figuring-out-the-big-o-notation-recurrence-relation-from-my-old-algorithm
/questions/37289481/how-to-convert-a-simple-computer-algorithm-into-a-mathematical-function-in-order
/questions/48490959/order-the-following-big-o-notation-from-the-fastest-running-time-to-slowest
/questions/9116997/expected-syntax-for-big-o-notation
/questions/42613029/what-do-the-vertical-bars-around-a-variable-mean-in-big-o-notation
/questions/46469774/time-complexities-big-o-notation-of-the-following-running-times-expressed-as-a
/questions/37557390/is-there-a-general-name-for-the-type-of-complexity-notated-by-big-o
/questions/33453779/speed-of-for-loop-beyond-big-o-notations
/questions/42756925/big-o-notation-python
/questions/9829109/graphs-for-big-o-notation
/questions/6975113/big-o-notation-for-accessing-middle-element-in-linked-list-and-binary-search
/questions/25735762/big-o-notation-for-the-permutations-of-a-list-of-words
/questions/16136262/big-o-notation-of-looping-through-each-character-in-a-string-before-inserting-in
/questions/21065804/why-is-the-number-of-edges-ignored-in-the-big-o-notation
/questions/4876240/vs-when-proving-big-o-notation
/questions/71978132/how-can-i-get-the-big-o-notations-in-this-while-loop
/questions/26900762/about-big-o-notations-and-complexity
/questions/68386046/what-is-the-relation-between-mathematical-approximation-of-big-o-notation-and-pr
/questions/70284139/big-o-notation-easy-problem-with-for-loops
/questions/25583733/deciding-a-big-o-notation-for-an-algorithm
/questions/75792365/is-big-o-notation-used-to-denote-something-other-than-the-asymptote-of-a-worst-c
/questions/12116150/java-big-o-notation-bottom-up-or-top-down-approach
/questions/31272957/big-o-notation-queries
/questions/13816713/looking-for-clarification-on-hashing-and-bst-functions-and-big-o-notation
/questions/61373371/simplifying-big-o-notation
/questions/33536154/big-o-notation-algorithm
/questions/61373371/simplifying-big-o-notation
/questions/56622724/what-is-the-big-o-notation-for-this-code
/questions/63540306/big-o-notation-advice
/questions/20484790/big-o-notation-when-can-we-drop-constants-legally
/questions/29640190/how-to-calculate-the-big-o-notation-of-following-equations
/questions/63767365/big-o-notation-finding-the-complexity
/questions/68400626/big-o-notation-how-do-you-describe-a-2d-array-of-different-lengths
/questions/5912022/big-o-big-oh-notation
/questions/38675339/where-can-i-read-about-time-complexity-big-o-notation-of-mysql-queries
/questions/34113015/calculate-big-o-notation
/questions/61547384/the-most-efficient-method-using-the-big-o-notation-to-avoid-multiple-foreach-loo
/questions/36295814/homework-big-o-notation-and-calculating-time
/questions/50664812/big-o-notation-complexity-in-three-cases
/questions/49246745/asymptotic-growth-big-o-notation
/questions/5710866/algorithm-big-o-notation
/questions/30057817/big-o-notation-the-complexity-of-the-following-code
/questions/5710866/algorithm-big-o-notation
/questions/9335538/whats-the-big-o-notation-for-this-algorithm
/questions/56580216/time-complexity-of-mandelbrot-set-in-term-of-big-o-notation
/questions/8073270/what-does-the-big-o-notation-mean
/questions/64554106/big-o-notation-algorithms
/questions/8809252/big-oh-notation-olog-nk-olog-n
/questions/46986666/big-o-notation-constants
/questions/38941058/understanding-big-o-notation-cracking-the-coding-interview
/questions/65587147/js-optimal-flattening-function-big-o-notation
/questions/36188587/what-are-the-big-o-notation-for-these-for-loops
/questions/56696474/fibonacci-time-complexity-and-big-o-notation
/questions/54663261/big-o-notation-confusion
/questions/12285031/big-o-notation-of-a-tree-traversal-method
/questions/14847693/exponents-in-big-o-notation
/questions/21480749/what-is-the-big-o-notation-of-the-bailey-borwein-plouffe-algorithm-n-th-hexadec
/questions/5892379/big-o-notation
/questions/56696474/fibonacci-time-complexity-and-big-o-notation
/questions/69077588/what-is-the-big-o-notation-of-for-loops-located-that-are-nested-through-methods
/questions/25302100/big-o-theta-and-omega-notation
/questions/6374438/what-is-the-big-o-notation-of-this-method
/questions/11979439/how-to-determine-the-big-o-notation-of-this-equation
/questions/52228721/prove-big-o-notation
/questions/61756656/big-o-notation-q
/questions/21832332/big-o-notation-complexity
/questions/39738687/what-is-the-variable-c-refers-to-in-big-o-or-omega-notation
/questions/2081846/big-o-notation-of-an-expression
/questions/66592808/what-is-the-big-o-notation-of-a-loop-in-loop
/questions/39695257/find-tightest-big-o
