/questions/46628585/time-complexity-of-this-bipartite-matching-algorithm
/questions/2700847/bipartite-matching-in-python
/questions/5716386/maximum-bipartite-matching-in-disconnected-graph
/questions/878668/bipartite-matching
/questions/9919234/how-to-convert-bipartite-matching-to-independent-set
/questions/7937772/bipartite-matching-in-graph
/questions/22747088/maximum-bipartite-matching-ford-fulkerson
/questions/62551855/bipartite-matching-with-a-constraint
/questions/3948529/maximum-weight-bipartite-matching
/questions/11287288/bipartite-matching-with-weighted-edges
/questions/52961502/maximum-bipartite-matching
/questions/37023412/bipartite-matching-finding-maximum-cover
/questions/52326951/bipartite-matching-with-divisible-tasks
/questions/42794263/symmetric-bipartite-matching-of-elements-in-list
/questions/4426131/maximum-weight-minimum-cost-bipartite-matching-code-in-python
/questions/5141595/solving-stochastic-maximum-bipartite-matching-problem
/questions/33518931/greedy-algorithm-for-bipartite-matching
/questions/37783802/bipartite-matching-of-array
/questions/57453222/find-the-second-maximum-weighed-matching-in-a-complete-bipartite-graph
/questions/5141444/weighted-bipartite-matching-covering-one-partition
/questions/58211983/recuperate-maximum-bipartite-matching-from-maxflowfordfulkerson-in-r
/questions/43086310/algorithm-a-variant-of-maximum-bipartite-matching
/questions/50908267/solving-a-maximum-weight-bipartite-b-matching
/questions/49524937/fast-maximum-bipartite-matching-in-c-or-python
/questions/9661662/how-to-implement-a-3-dimensional-bipartite-matching-algorithm-in-php
/questions/25012801/bipartite-matching-with-a-twist
/questions/21108234/edmonds-algorithm-for-bipartite-maximum-matching
/questions/15697837/to-generate-college-time-table-using-bipartite-matching
/questions/43479374/min-cost-flow-optimized-for-a-complete-bipartite-matching-in-euclidean-space
/questions/14556027/sample-datasets-for-a-maximum-bipartite-matching-algorithm-test
/questions/24599121/efficient-trick-for-maximal-bipartite-matching-in-bigger-graph
/questions/57224053/fast-maximum-matching-algorithm-for-bipartite-graphs-with-initial-guess
/questions/10555801/how-can-i-find-a-non-perfect-bipartite-matching-of-a-graph
/questions/9482292/maximum-weighted-bipartite-matching-constraint-ordering-of-each-graph-is-prese
/questions/40545477/how-to-list-all-possible-maximal-bipartite-matchings-in-r
/questions/34235085/algorithm-design-for-bipartite-matching-children-and-clothing
/questions/16703277/matching-algorithms-in-r-bipartite-matching-hungarian-algorithm
/questions/34570391/maximum-weights-bipartite-matching-with-weighted-vertices
/questions/14824320/maximum-weighted-bipartite-matching-with-directed-edges
/questions/17206181/weighted-bipartite-matching
/questions/42347539/hungarian-algorithm-using-maximum-bipartite-matching-for-assignment
/questions/14833281/directed-maximum-weighted-bipartite-matching-allowing-sharing-of-start-end-verti
/questions/1519462/maximum-bipartite-graph-1-n-matching
/questions/12810085/maximum-bipartite-matching-c
/questions/54986903/bipartite-matchings-in-multi-graphs
/questions/23059735/fast-maximum-matching-algorithm-for-bipartite-graphs
/questions/9340774/bipartite-graph-maximum-matching
/questions/22426295/bipartite-graph-matching-to-match-two-sets
/questions/28566594/how-do-i-complete-this-bipartite-matching-program
/questions/20586352/what-should-i-use-to-implement-weighted-bipartite-matching-algorithm-in-c
/questions/4281971/maximum-matching-in-a-bipartite-graph
/questions/45301698/how-do-i-choose-which-edge-to-augment-first-in-bipartite-matching-algorithm
/questions/51185309/double-matching-in-a-bipartite-graph
/questions/40572985/how-to-find-maximal-matching-for-non-bipartite-graph-in-polynomial-time
/questions/20988669/reduction-to-bipartite-matching
/questions/7232678/maximal-matching-in-a-bipartite-graph
/questions/45694253/bipartite-matching-in-c-what-is-wrong-in-my-code
/questions/20482205/why-we-use-max-flow-method-to-solve-maximum-bipartite-matching
/questions/15326425/why-is-the-time-complexity-of-the-following-maximum-bipartite-matching-implement
/questions/60781200/perfect-matching-in-bipartite-graph-with-mutually-exclusive-edges
/questions/47214190/use-on2-time-to-fix-a-mistake-in-bipartite-matching
/questions/34978272/error-in-an-approach-to-maximum-bipartite-matching
/questions/57243223/is-maximum-matching-in-a-bipartite-graph-always-a-perfect-matching
/questions/68118281/why-is-max-flow-algorithm-in-graph-theory-correct-for-maximal-bipartite-matching
/questions/15418934/weighted-bipartite-matching-with-constraints-on-degrees-of-vertices
/questions/62038928/a-perfect-matching-decomposition-graph-in-bipartite-graph
/questions/42877510/applying-maximum-bipartite-algorithm-on-text-file-containing-graph-info-and-prod
/questions/42200814/modifying-a-bipartite-graph-so-that-it-would-have-a-perfect-matching
/questions/65298597/bipartite-matching-to-flow-network
/questions/37154622/how-to-find-all-perfect-matching-in-bipartite-graph-using-prolog
/questions/49697147/maximum-weighted-bipartite-matching-for-two-sets-of-vertices-of-drastically-diff
/questions/37144423/all-possible-maximum-matchings-of-a-bipartite-graph
/questions/521525/how-can-i-compute-the-minimum-bipartite-vertex-cover
/questions/62831687/construct-a-bipartite-representation-of-a-directed-network-for-use-with-hopcroft
/questions/51149609/how-can-this-bipartite-matching-solution-be-improved
/questions/38444959/r-implement-name-matching-using-bipartite-graph
/questions/73533607/is-there-a-way-to-return-the-edges-used-in-a-minimum-weight-matching-on-a-bipart
/questions/22702994/java-jgrapht-hopcroft-karp-bipartite-matching
/questions/75517211/find-the-minimum-vertex-cover-for-a-bipartite-graph-if-we-are-given-the-maximum
/questions/29873740/how-to-solve-subtree-isomorphism-using-maximum-bipartite-matching
/questions/1356907/partitioning-perfect-matchings-in-a-bipartite-graph
/questions/61096876/matching-alghoritm-in-bipartite-graph
/questions/64948509/how-to-find-the-minimum-weight-perfect-matching-if-the-graph-is-not-bipartite-in
/questions/62891385/integer-linear-program-bipartite-matching-with-constraints-how-to
/questions/76198073/gale-shapley-matching-algorithm-with-polygamy-by-men-upto-four-marriages-using-b
/questions/73081928/boost-maximum-weighted-matching-in-undirected-bipartite-random-graphs-hangs-in-a
/questions/33949545/an-extension-of-bipartite-graph-maximum-matching
/questions/27547841/how-to-reduce-maximum-cardinality-bipartite-matching-to-minimum-path-cover
/questions/574107/guaranteeing-unique-surrogate-key-assignment-maximum-matching-for-non-bipartit
/questions/25123290/count-matchings-in-bipartite-graph
/questions/74630055/conditional-matching-of-a-weighted-bipartite-graph
/questions/27668252/maximum-product-perfect-matching-in-complete-bipartite-graphs
/questions/36360984/how-to-modify-algorithm-to-get-all-maximal-matchings-in-bipartite-graph
/questions/60602096/what-is-time-complexity-of-maximum-bipartitie-matching-algorithm
/questions/19264602/how-to-convert-spoj-quest4-to-minimum-vertex-cover
/questions/55641655/how-to-return-all-possible-conditional-bipartite-matchings
/questions/75586603/maximum-bipartite-graph-matching-with-some-exclusive-edges
/questions/27575390/bipartite-graph-creation-using-sparsematrix
/questions/12447096/fast-algorithms-for-finding-optimal-matchings-on-weighted-bipartite-graphs
/questions/22926957/how-can-a-directed-cycle-exist-in-the-residual-graph-of-a-bipartite-flow-network
/questions/10263244/non-bipartite-non-weighted-maximum-matching-between-users
/questions/30006491/is-finding-whether-k-different-perfect-matchings-exist-in-a-bipartite-graph-co-n
/questions/11023281/maximum-weight-matching-in-bipartite-graphs-with-constraints
/questions/44606987/non-bi-partite-matching-algorithm
/questions/23330358/minimum-vertex-cover-on-a-bipartite-graph
/questions/75462419/networkx-bipartite-graph-edge-cover
/questions/35992478/convert-recursive-algorithm-to-iterative
/questions/50314647/in-a-bipartite-graph-finding-the-edges-that-are-present-in-all-maximum-matchings
/questions/42836016/algorithm-for-minimum-vertex-cover-in-bipartite-graph
/questions/34457268/my-collection-of-maximal-matched-edges-comes-back-empty-using-quickgraph-in-c
/questions/39267337/bipartite-graph-shortest-connection
/questions/12449554/find-minimum-vertex-cover-for-bipartite-graph-given-the-maximum-matching
/questions/20927183/algorithm-letters-and-envelopes-pairing
/questions/25519832/augmenting-path-algorithm-maximum-matching
/questions/44094144/networkx-maximal-matching-does-not-return-maximum-matching
/questions/61530834/min-cost-matching-with-outliers
/questions/16555837/why-do-we-look-for-the-shortest-augmenting-path-in-the-hopcroft-karp-algorithm
/questions/68945826/implementation-of-minimum-vertex-cover-in-a-bipartite-graph
/questions/20430508/java-lang-stackoverflowerror-for-recursive-function-of-maximum-matchings-in-bipa
/questions/54360202/bipartite-graph-with-weighted-edges
/questions/44712239/placing-maximum-number-of-rooks
/questions/54816366/how-can-i-get-optimal-matching-between-k-groups
/questions/48975596/networkx-bipartite-graph-issues
/questions/10152710/best-matching-in-a-bipartite-graph-e-g-associating-labels-with-points-on-a-plot
/questions/71807022/how-to-get-different-maximum-matchings
/questions/5203894/a-good-approximation-algorithm-for-the-maximum-weight-perfect-match-in-non-bipar
/questions/52823323/combine-dendrogram-with-bipartite-graphs-in-r-tanglegram
/questions/43826214/maximum-median-weight-matching
/questions/15850975/bipartite-selection-with-associated-vertex-cost
/questions/76247602/why-gale-shapley-matching-algorithm-third-iteration-is-not-executing
/questions/74833506/matching-algorithm-to-find-an-suitable-place-in-a-grid
/questions/16159867/how-to-create-type-attribute-for-bipartite-graph-with-igraph-inr
/questions/39407473/size-of-special-vertex-set-on-dag
/questions/2356472/1k-tree-matching-solvable-in-polynomial-time
/questions/36414921/bipartite-seating-arrangement-on-round-tables
/questions/21656956/creating-a-bipartite-graph-that-extends-graph-class-need-some-guidance
/questions/28789186/max-flow-non-bipartie-graph-matching
/questions/7034117/find-bipartite-graph-vertex-cover-with-a-very-important-vertex
/questions/7940335/unique-maximum-matching
/questions/39472442/find-a-maximum-matching
/questions/8593105/maximum-independent-set-algorithm
/questions/18163646/find-a-perfect-matching-or-proof-that-its-impossible
/questions/23858530/how-can-i-get-the-antichain-elements-in-spoj-divrel
/questions/22215930/bipartite-graph-and-dynamic-programming
/questions/18899738/edge-weight-of-bipartite-graph
/questions/69829223/maximum-matching-in-a-weighted-tree-in-on
/questions/66666719/how-to-find-the-strongest-competitors-or-which-are-largely-matched-in-a-bipartit
/questions/63809967/how-to-get-max-weight-matching-in-java
/questions/36217247/add-capacity-to-ford-fulkerson-algorithm
/questions/32898973/copying-values-from-a-map-to-a-256x256-array-in-a-c-program
/questions/41229145/bipartie-matching-to-form-an-array
/questions/48348480/number-of-ways-of-arrangement
/questions/66874211/match-two-sets-of-objects
/questions/72686818/efficiently-solving-assignment-problem-with-constraints
/questions/10783473/minimum-path-cover-in-directed-acyclic-graph
/questions/7486144/efficient-projection-of-a-bipartite-graph-in-python-using-networkx
/questions/28524287/kuhns-algorithm-recursion-elimination
/questions/12305848/algorithm-to-assign-library-books-to-members-such-that-maximum-members-are-satis
/questions/32826085/how-to-import-an-edge-list-from-a-text-file-into-a-bipartite-graph-using-c
/questions/38018826/which-algorithm-to-reduce-multiple-lists-finding-the-villains
/questions/4252101/animations-for-algorithms-and-data-structures
/questions/7342389/generalizing-the-algorithm-for-domino-tiling
/questions/73903345/algorithm-for-assigning-items-to-groups-based-on-binary-criteria
/questions/72062859/rl-optimization-how-to-do-it-better
/questions/22380250/python-code-to-count-weighted-perfect-matchings
/questions/36354823/how-to-find-all-systems-of-distinct-representatives-using-i-e-hopcroft-karp-alg
/questions/17020326/minimum-path-cover-in-dag
/questions/40176675/calculating-centrality-measures-using-networkx-for-a-bipartite-graph-and-gephi
/questions/22618867/solving-a-graph-game
/questions/22618867/solving-a-graph-game
/questions/69296411/how-to-compute-an-injective-surjective-map-with-minimum-weight
/questions/20905572/hopcroft-karp-algorithm-time-complexity
/questions/56997254/cplex-solver-solution
/questions/53277121/dulmage-mendelsohn-matrix-decomposition-in-python
/questions/66961383/algorithm-to-match-people-in-a-group-based-on-who-they-are-compatible-with
/questions/56948128/lemon-library-file-bipartite-matching-h-missing
/questions/20947616/count-unique-pair-in-graph-vertices-repetition-not-allowed
/questions/76488137/networkit-bipartite-graph-connected-components-only-when-2-or-more-common-edges
/questions/29834844/minimizing-the-distance-of-pairing-points
/questions/3929173/is-this-combinatorial-optimization-problem-np-hard
/questions/52935522/graph-that-connect-between-two-groups
/questions/25198789/using-ford-fulkerson-to-place-n-employees-in-m-positions-with-roles
/questions/32523748/graphx-explanation
/questions/44687758/hungarian-algorithm-for-a-single-set
/questions/13900068/subset-of-vertices
/questions/55363537/n-bits-integer-matching-algorithm
/questions/73149036/implementation-of-auction-algorthm-via-boost-graph-library-c
/questions/59686425/finding-the-biggest-union-of-disjoint-sets-from-given-sets
/questions/59525442/implementation-of-the-hopcroft-karp-algorithm-for-a-real-life-scheduling-problem
/questions/12972092/size-of-maximal-subset-of-directed-graph-verticies-that-are-not-connected
/questions/26663908/solving-a-weighted-network-flow-using-neo4j
/questions/31254018/matching-students-to-courses-with-course-limit-hungarian-max-flow-min-cost-fl
/questions/40197870/algorithms-block-stacking-graph-theory
/questions/66252243/max-matching-with-edmond-karp
/questions/74115171/solving-assignment-problem-on-a-dynamically-updating-tasks-and-agents
/questions/22464244/organize-a-trade-event-business-speed-dating-algorithm
/questions/74722255/find-an-algorithm-for-two-meetings-occuring-at-the-same-time-problem
/questions/55185281/hypergraph-assignment
/questions/55315373/recommendation-engine-optimization-for-newsfeed
/questions/60823880/how-to-partition-combinations-from-three-categories
/questions/22501467/finding-all-possible-lists-of-possible-pairs-in-matlab
/questions/72482869/maximum-weighted-hungarian-method-using-minimum-hungarian-method
/questions/69125585/pandas-read-csv-gives-decimal-column-numbers
/questions/14157498/is-it-possible-to-move-subgraphs-further-apart-in-graphviz
/questions/70439381/matching-problem-with-multiples-assigment
/questions/5762483/web-page-change-detection
/questions/13563796/combinations-of-products-to-form-a-sales-promotion
/questions/65863815/counting-frequencies-with-dplyr
/questions/40813044/nested-boxes-algorithm-based-on-nested-dolls-but-fundamentally-different
/questions/70913585/calling-a-function-inside-for-loop-but-how-to-skip-an-index-inside-that-function
/questions/25825180/np-hardness-proof-for-constrained-scheduling-with-staircase-cost
/questions/11167923/algorithm-for-superimposition-of-3d-points
/questions/4697228/hopcroft-karp-algorithm-in-python
/questions/42790701/output-not-shown-while-running-a-python-code-in-matlab
/questions/46628585/time-complexity-of-this-bipartite-matching-algorithm
/questions/2700847/bipartite-matching-in-python
/questions/5716386/maximum-bipartite-matching-in-disconnected-graph
/questions/878668/bipartite-matching
/questions/9919234/how-to-convert-bipartite-matching-to-independent-set
/questions/7937772/bipartite-matching-in-graph
/questions/22747088/maximum-bipartite-matching-ford-fulkerson
/questions/62551855/bipartite-matching-with-a-constraint
/questions/3948529/maximum-weight-bipartite-matching
/questions/11287288/bipartite-matching-with-weighted-edges
/questions/52961502/maximum-bipartite-matching
/questions/37023412/bipartite-matching-finding-maximum-cover
/questions/52326951/bipartite-matching-with-divisible-tasks
/questions/42794263/symmetric-bipartite-matching-of-elements-in-list
/questions/4426131/maximum-weight-minimum-cost-bipartite-matching-code-in-python
/questions/5141595/solving-stochastic-maximum-bipartite-matching-problem
/questions/33518931/greedy-algorithm-for-bipartite-matching
/questions/37783802/bipartite-matching-of-array
/questions/57453222/find-the-second-maximum-weighed-matching-in-a-complete-bipartite-graph
/questions/5141444/weighted-bipartite-matching-covering-one-partition
/questions/58211983/recuperate-maximum-bipartite-matching-from-maxflowfordfulkerson-in-r
/questions/43086310/algorithm-a-variant-of-maximum-bipartite-matching
/questions/50908267/solving-a-maximum-weight-bipartite-b-matching
/questions/49524937/fast-maximum-bipartite-matching-in-c-or-python
/questions/9661662/how-to-implement-a-3-dimensional-bipartite-matching-algorithm-in-php
/questions/25012801/bipartite-matching-with-a-twist
/questions/21108234/edmonds-algorithm-for-bipartite-maximum-matching
/questions/15697837/to-generate-college-time-table-using-bipartite-matching
/questions/43479374/min-cost-flow-optimized-for-a-complete-bipartite-matching-in-euclidean-space
/questions/14556027/sample-datasets-for-a-maximum-bipartite-matching-algorithm-test
/questions/24599121/efficient-trick-for-maximal-bipartite-matching-in-bigger-graph
/questions/57224053/fast-maximum-matching-algorithm-for-bipartite-graphs-with-initial-guess
/questions/10555801/how-can-i-find-a-non-perfect-bipartite-matching-of-a-graph
/questions/9482292/maximum-weighted-bipartite-matching-constraint-ordering-of-each-graph-is-prese
/questions/40545477/how-to-list-all-possible-maximal-bipartite-matchings-in-r
/questions/34235085/algorithm-design-for-bipartite-matching-children-and-clothing
/questions/16703277/matching-algorithms-in-r-bipartite-matching-hungarian-algorithm
/questions/34570391/maximum-weights-bipartite-matching-with-weighted-vertices
/questions/14824320/maximum-weighted-bipartite-matching-with-directed-edges
/questions/17206181/weighted-bipartite-matching
/questions/42347539/hungarian-algorithm-using-maximum-bipartite-matching-for-assignment
/questions/14833281/directed-maximum-weighted-bipartite-matching-allowing-sharing-of-start-end-verti
/questions/1519462/maximum-bipartite-graph-1-n-matching
/questions/12810085/maximum-bipartite-matching-c
/questions/54986903/bipartite-matchings-in-multi-graphs
/questions/23059735/fast-maximum-matching-algorithm-for-bipartite-graphs
/questions/9340774/bipartite-graph-maximum-matching
/questions/22426295/bipartite-graph-matching-to-match-two-sets
/questions/28566594/how-do-i-complete-this-bipartite-matching-program
/questions/20586352/what-should-i-use-to-implement-weighted-bipartite-matching-algorithm-in-c
/questions/4281971/maximum-matching-in-a-bipartite-graph
/questions/45301698/how-do-i-choose-which-edge-to-augment-first-in-bipartite-matching-algorithm
/questions/51185309/double-matching-in-a-bipartite-graph
/questions/40572985/how-to-find-maximal-matching-for-non-bipartite-graph-in-polynomial-time
/questions/20988669/reduction-to-bipartite-matching
/questions/7232678/maximal-matching-in-a-bipartite-graph
/questions/45694253/bipartite-matching-in-c-what-is-wrong-in-my-code
/questions/20482205/why-we-use-max-flow-method-to-solve-maximum-bipartite-matching
/questions/15326425/why-is-the-time-complexity-of-the-following-maximum-bipartite-matching-implement
/questions/60781200/perfect-matching-in-bipartite-graph-with-mutually-exclusive-edges
/questions/47214190/use-on2-time-to-fix-a-mistake-in-bipartite-matching
/questions/34978272/error-in-an-approach-to-maximum-bipartite-matching
/questions/57243223/is-maximum-matching-in-a-bipartite-graph-always-a-perfect-matching
/questions/68118281/why-is-max-flow-algorithm-in-graph-theory-correct-for-maximal-bipartite-matching
/questions/15418934/weighted-bipartite-matching-with-constraints-on-degrees-of-vertices
/questions/62038928/a-perfect-matching-decomposition-graph-in-bipartite-graph
/questions/42877510/applying-maximum-bipartite-algorithm-on-text-file-containing-graph-info-and-prod
/questions/42200814/modifying-a-bipartite-graph-so-that-it-would-have-a-perfect-matching
/questions/65298597/bipartite-matching-to-flow-network
/questions/37154622/how-to-find-all-perfect-matching-in-bipartite-graph-using-prolog
/questions/49697147/maximum-weighted-bipartite-matching-for-two-sets-of-vertices-of-drastically-diff
/questions/37144423/all-possible-maximum-matchings-of-a-bipartite-graph
/questions/521525/how-can-i-compute-the-minimum-bipartite-vertex-cover
/questions/62831687/construct-a-bipartite-representation-of-a-directed-network-for-use-with-hopcroft
/questions/51149609/how-can-this-bipartite-matching-solution-be-improved
/questions/38444959/r-implement-name-matching-using-bipartite-graph
/questions/73533607/is-there-a-way-to-return-the-edges-used-in-a-minimum-weight-matching-on-a-bipart
/questions/22702994/java-jgrapht-hopcroft-karp-bipartite-matching
/questions/75517211/find-the-minimum-vertex-cover-for-a-bipartite-graph-if-we-are-given-the-maximum
/questions/29873740/how-to-solve-subtree-isomorphism-using-maximum-bipartite-matching
/questions/1356907/partitioning-perfect-matchings-in-a-bipartite-graph
/questions/61096876/matching-alghoritm-in-bipartite-graph
/questions/64948509/how-to-find-the-minimum-weight-perfect-matching-if-the-graph-is-not-bipartite-in
/questions/62891385/integer-linear-program-bipartite-matching-with-constraints-how-to
/questions/76198073/gale-shapley-matching-algorithm-with-polygamy-by-men-upto-four-marriages-using-b
/questions/73081928/boost-maximum-weighted-matching-in-undirected-bipartite-random-graphs-hangs-in-a
/questions/33949545/an-extension-of-bipartite-graph-maximum-matching
/questions/27547841/how-to-reduce-maximum-cardinality-bipartite-matching-to-minimum-path-cover
/questions/574107/guaranteeing-unique-surrogate-key-assignment-maximum-matching-for-non-bipartit
/questions/25123290/count-matchings-in-bipartite-graph
/questions/74630055/conditional-matching-of-a-weighted-bipartite-graph
/questions/27668252/maximum-product-perfect-matching-in-complete-bipartite-graphs
/questions/36360984/how-to-modify-algorithm-to-get-all-maximal-matchings-in-bipartite-graph
/questions/60602096/what-is-time-complexity-of-maximum-bipartitie-matching-algorithm
/questions/19264602/how-to-convert-spoj-quest4-to-minimum-vertex-cover
/questions/55641655/how-to-return-all-possible-conditional-bipartite-matchings
/questions/75586603/maximum-bipartite-graph-matching-with-some-exclusive-edges
/questions/27575390/bipartite-graph-creation-using-sparsematrix
/questions/12447096/fast-algorithms-for-finding-optimal-matchings-on-weighted-bipartite-graphs
/questions/22926957/how-can-a-directed-cycle-exist-in-the-residual-graph-of-a-bipartite-flow-network
/questions/10263244/non-bipartite-non-weighted-maximum-matching-between-users
/questions/30006491/is-finding-whether-k-different-perfect-matchings-exist-in-a-bipartite-graph-co-n
/questions/11023281/maximum-weight-matching-in-bipartite-graphs-with-constraints
/questions/44606987/non-bi-partite-matching-algorithm
/questions/23330358/minimum-vertex-cover-on-a-bipartite-graph
/questions/75462419/networkx-bipartite-graph-edge-cover
/questions/35992478/convert-recursive-algorithm-to-iterative
/questions/50314647/in-a-bipartite-graph-finding-the-edges-that-are-present-in-all-maximum-matchings
/questions/42836016/algorithm-for-minimum-vertex-cover-in-bipartite-graph
/questions/34457268/my-collection-of-maximal-matched-edges-comes-back-empty-using-quickgraph-in-c
/questions/39267337/bipartite-graph-shortest-connection
/questions/12449554/find-minimum-vertex-cover-for-bipartite-graph-given-the-maximum-matching
/questions/20927183/algorithm-letters-and-envelopes-pairing
/questions/25519832/augmenting-path-algorithm-maximum-matching
/questions/44094144/networkx-maximal-matching-does-not-return-maximum-matching
/questions/61530834/min-cost-matching-with-outliers
/questions/16555837/why-do-we-look-for-the-shortest-augmenting-path-in-the-hopcroft-karp-algorithm
/questions/68945826/implementation-of-minimum-vertex-cover-in-a-bipartite-graph
/questions/20430508/java-lang-stackoverflowerror-for-recursive-function-of-maximum-matchings-in-bipa
/questions/54360202/bipartite-graph-with-weighted-edges
/questions/44712239/placing-maximum-number-of-rooks
/questions/54816366/how-can-i-get-optimal-matching-between-k-groups
/questions/48975596/networkx-bipartite-graph-issues
/questions/10152710/best-matching-in-a-bipartite-graph-e-g-associating-labels-with-points-on-a-plot
/questions/71807022/how-to-get-different-maximum-matchings
/questions/5203894/a-good-approximation-algorithm-for-the-maximum-weight-perfect-match-in-non-bipar
/questions/52823323/combine-dendrogram-with-bipartite-graphs-in-r-tanglegram
/questions/43826214/maximum-median-weight-matching
/questions/15850975/bipartite-selection-with-associated-vertex-cost
/questions/76247602/why-gale-shapley-matching-algorithm-third-iteration-is-not-executing
/questions/74833506/matching-algorithm-to-find-an-suitable-place-in-a-grid
/questions/16159867/how-to-create-type-attribute-for-bipartite-graph-with-igraph-inr
/questions/39407473/size-of-special-vertex-set-on-dag
/questions/2356472/1k-tree-matching-solvable-in-polynomial-time
/questions/36414921/bipartite-seating-arrangement-on-round-tables
/questions/21656956/creating-a-bipartite-graph-that-extends-graph-class-need-some-guidance
/questions/28789186/max-flow-non-bipartie-graph-matching
/questions/7034117/find-bipartite-graph-vertex-cover-with-a-very-important-vertex
/questions/7940335/unique-maximum-matching
/questions/39472442/find-a-maximum-matching
/questions/8593105/maximum-independent-set-algorithm
/questions/18163646/find-a-perfect-matching-or-proof-that-its-impossible
/questions/23858530/how-can-i-get-the-antichain-elements-in-spoj-divrel
/questions/22215930/bipartite-graph-and-dynamic-programming
/questions/18899738/edge-weight-of-bipartite-graph
/questions/69829223/maximum-matching-in-a-weighted-tree-in-on
/questions/66666719/how-to-find-the-strongest-competitors-or-which-are-largely-matched-in-a-bipartit
/questions/63809967/how-to-get-max-weight-matching-in-java
/questions/36217247/add-capacity-to-ford-fulkerson-algorithm
/questions/32898973/copying-values-from-a-map-to-a-256x256-array-in-a-c-program
/questions/41229145/bipartie-matching-to-form-an-array
/questions/48348480/number-of-ways-of-arrangement
/questions/66874211/match-two-sets-of-objects
/questions/72686818/efficiently-solving-assignment-problem-with-constraints
/questions/10783473/minimum-path-cover-in-directed-acyclic-graph
/questions/7486144/efficient-projection-of-a-bipartite-graph-in-python-using-networkx
/questions/28524287/kuhns-algorithm-recursion-elimination
/questions/12305848/algorithm-to-assign-library-books-to-members-such-that-maximum-members-are-satis
/questions/32826085/how-to-import-an-edge-list-from-a-text-file-into-a-bipartite-graph-using-c
/questions/38018826/which-algorithm-to-reduce-multiple-lists-finding-the-villains
/questions/4252101/animations-for-algorithms-and-data-structures
/questions/7342389/generalizing-the-algorithm-for-domino-tiling
/questions/73903345/algorithm-for-assigning-items-to-groups-based-on-binary-criteria
/questions/72062859/rl-optimization-how-to-do-it-better
/questions/22380250/python-code-to-count-weighted-perfect-matchings
/questions/36354823/how-to-find-all-systems-of-distinct-representatives-using-i-e-hopcroft-karp-alg
/questions/17020326/minimum-path-cover-in-dag
/questions/40176675/calculating-centrality-measures-using-networkx-for-a-bipartite-graph-and-gephi
/questions/22618867/solving-a-graph-game
/questions/22618867/solving-a-graph-game
/questions/69296411/how-to-compute-an-injective-surjective-map-with-minimum-weight
/questions/20905572/hopcroft-karp-algorithm-time-complexity
/questions/56997254/cplex-solver-solution
/questions/53277121/dulmage-mendelsohn-matrix-decomposition-in-python
/questions/66961383/algorithm-to-match-people-in-a-group-based-on-who-they-are-compatible-with
/questions/56948128/lemon-library-file-bipartite-matching-h-missing
/questions/20947616/count-unique-pair-in-graph-vertices-repetition-not-allowed
/questions/76488137/networkit-bipartite-graph-connected-components-only-when-2-or-more-common-edges
/questions/29834844/minimizing-the-distance-of-pairing-points
/questions/3929173/is-this-combinatorial-optimization-problem-np-hard
/questions/52935522/graph-that-connect-between-two-groups
/questions/25198789/using-ford-fulkerson-to-place-n-employees-in-m-positions-with-roles
/questions/32523748/graphx-explanation
/questions/44687758/hungarian-algorithm-for-a-single-set
/questions/13900068/subset-of-vertices
/questions/55363537/n-bits-integer-matching-algorithm
/questions/73149036/implementation-of-auction-algorthm-via-boost-graph-library-c
/questions/59686425/finding-the-biggest-union-of-disjoint-sets-from-given-sets
/questions/59525442/implementation-of-the-hopcroft-karp-algorithm-for-a-real-life-scheduling-problem
/questions/12972092/size-of-maximal-subset-of-directed-graph-verticies-that-are-not-connected
/questions/26663908/solving-a-weighted-network-flow-using-neo4j
/questions/31254018/matching-students-to-courses-with-course-limit-hungarian-max-flow-min-cost-fl
/questions/40197870/algorithms-block-stacking-graph-theory
/questions/66252243/max-matching-with-edmond-karp
/questions/74115171/solving-assignment-problem-on-a-dynamically-updating-tasks-and-agents
/questions/22464244/organize-a-trade-event-business-speed-dating-algorithm
/questions/74722255/find-an-algorithm-for-two-meetings-occuring-at-the-same-time-problem
/questions/55185281/hypergraph-assignment
/questions/55315373/recommendation-engine-optimization-for-newsfeed
/questions/60823880/how-to-partition-combinations-from-three-categories
/questions/22501467/finding-all-possible-lists-of-possible-pairs-in-matlab
/questions/72482869/maximum-weighted-hungarian-method-using-minimum-hungarian-method
/questions/69125585/pandas-read-csv-gives-decimal-column-numbers
/questions/14157498/is-it-possible-to-move-subgraphs-further-apart-in-graphviz
/questions/70439381/matching-problem-with-multiples-assigment
/questions/5762483/web-page-change-detection
/questions/13563796/combinations-of-products-to-form-a-sales-promotion
/questions/65863815/counting-frequencies-with-dplyr
/questions/40813044/nested-boxes-algorithm-based-on-nested-dolls-but-fundamentally-different
/questions/70913585/calling-a-function-inside-for-loop-but-how-to-skip-an-index-inside-that-function
/questions/25825180/np-hardness-proof-for-constrained-scheduling-with-staircase-cost
/questions/11167923/algorithm-for-superimposition-of-3d-points
/questions/4697228/hopcroft-karp-algorithm-in-python
/questions/42790701/output-not-shown-while-running-a-python-code-in-matlab
