/questions/5304245/good-books-and-resources-on-data-parallel-programming-and-algorithms
/questions/1249465/data-structures-and-algorithms-e-books
/questions/10168686/image-processing-algorithm-improvement-for-coca-cola-can-recognition
/questions/24410912/books-ways-to-learn-data-structures-and-algorithms
/questions/5085729/data-structures-and-algorithms-book-for-the-practitioner-not-for-the-academic
/questions/2657504/choice-of-programming-language-for-learning-data-structures-and-algorithms
/questions/4756022/best-books-sites-blogs-to-learn-datastructures-and-algorithms-as-a-starting-leve
/questions/73018129/what-is-the-best-book-to-prepare-for-data-structures-and-algorithms-from-scratch
/questions/54018929/running-old-java-applets-from-book-data-structures-and-algorithms-in-java
/questions/2438251/which-data-structures-and-algorithms-book-should-i-buy
/questions/53098111/questions-regarding-code-in-a-data-structures-and-algorithms-book
/questions/63959491/dequeue-implementation-in-queue-class-from-book-data-structure-and-algorithms-i
/questions/4664926/data-structures-and-algorithm-book-for-c
/questions/455627/head-first-style-data-structures-algorithms-book
/questions/58888145/any-good-resources-on-data-structures-and-algorithms-in-haskell
/questions/70372161/linkedlist-c-sharp-data-structures-and-algorithms-using-c-sharp-michael-mcmilla
/questions/4348406/special-effects-algorithm-library-and-books
/questions/12305848/algorithm-to-assign-library-books-to-members-such-that-maximum-members-are-satis
/questions/45016210/can-i-add-a-new-header-in-a-circular-doubly-linked-list
/questions/58273906/how-do-you-approach-solving-data-structures-and-algorithms-problems
/questions/31993547/skip-list-explanation-data-structures-and-algorithms-in-c-by-adam-drozdek
/questions/1218782/data-mining-statistics-collective-intelligence-and-ai-algorithms-books-and-pro
/questions/51687777/strategies-to-learn-data-structures-especially-the-code-part
/questions/1276987/is-algorithm-design-manual-a-good-book-for-a-beginner-in-algorithms
/questions/64185781/what-is-the-right-time-complexity-of-this-function
/questions/1823975/dsp-algorithms-book
/questions/9877699/any-data-structures-algorithms-books-w-examples-in-objective-c-or-other-keywo
/questions/26181785/is-data-structure-and-algorithm-same-for-all-programming-languages
/questions/59161988/how-can-i-fix-this-textbook-program-to-add-polynomials-in-c
/questions/43009074/explanation-of-a-function-definition-in-logic-gate-code-in-problems-in-data-stru
/questions/2813401/books-on-string-algorithms
/questions/9935027/cout-does-not-name-a-type
/questions/31304947/how-does-this-delete-an-element-from-an-array
/questions/46017343/why-this-is-a-bad-bubble-sort-algorithm
/questions/58258764/algo-getnodebyid-unknown-function-graph-algorithms-book
/questions/76657365/merge-sorti-believe-code-in-the-book-is-wrong
/questions/34744597/a-hotel-booking-algorithm
/questions/22446693/transforms-begin-s-end-s-begin-tolower-cant-be-compiled-in-xcode-5
/questions/12084315/algorithms-and-complexity-book
/questions/3102431/book-request-distributed-algorithms
/questions/59045309/is-it-possible-to-also-delete-certain-edges-as-well-in-a-weighted-graph
/questions/2441845/why-are-algorithms-and-data-structures-treated-as-separate-disciplines
/questions/794870/algorithm-for-suggesting-products
/questions/6718052/data-structures-and-algorithms-book-in-java-5-or-6-or-scala-for-programmers-and
/questions/14956911/array-search-code
/questions/6721816/do-we-need-to-know-find-analyze-every-case-best-average-and-worst-all-scena
/questions/34380201/difference-nullpointer-between-if-and-forloop
/questions/10683138/algorithms-book-in-javascript-or-php
/questions/70832299/choose-data-structure-and-algorithm-for-assigning-books-to-category
/questions/32426732/how-does-binary-sum-use-olog-n-space
/questions/33530928/insertion-sort-algorithm-on-javascript
/questions/54462260/how-is-unrolled-linked-list-better-than-linked-list
/questions/68055983/i-cant-seem-to-understand-the-logic-behind-the-setnextpin-function-in-this-cod
/questions/63321186/does-time-complexity-for-an-algorithm-or-program-ever-change-with-different-prog
/questions/2154055/which-topic-in-discrete-mathematics-is-considered-as-a-prerequisite-for-data-str
/questions/61725797/generate-all-the-strings-of-length-n-drawn-from-0-k-1
/questions/5992382/data-visualisation-algorithm-books
/questions/29454764/node-js-or-java-for-a-online-cab-project
/questions/61140084/how-i-can-show-the-correctness-of-brute-force-tsp-algorithm
/questions/3144341/delete-in-binary-search-tree
/questions/636821/choice-of-programming-language-in-book-on-algorithms
/questions/2306971/advanced-c-or-c-book
/questions/15732745/pattern-recognition-and-algorithms-vs-neural-networks
/questions/56330001/retrieve-foreignkey-from-views-before-saving-in-django
/questions/75175251/image-processing-book-contour
/questions/71904147/i-got-problem-a-about-to-call-func-from-class
/questions/58369296/dictionary-assignment-in-python-or-strange-abstraction
/questions/54053745/why-use-node-getnext-null-as-a-convention-for-defunct-node
/questions/54053745/why-use-node-getnext-null-as-a-convention-for-defunct-node
/questions/33777452/what-is-usage-of-positione-with-iterators-in-java
/questions/57772687/generating-magic-square-algorithm-algorithm-is-from-a-book
/questions/2794016/what-should-every-programmer-know-about-security
/questions/31151423/learning-and-applying-algorithms-for-applications
/questions/58272894/i-found-a-mistake-in-the-book-grokking-algorithms
/questions/22551471/telephone-book-algorithm
/questions/52939400/average-case-analysis-resources-to-practice
/questions/55211742/binary-tree-explanation-why-does-this-work
/questions/11064717/web-book-reader-pagination-algorithm
/questions/52861277/write-a-java-program-to-evaluate-an-expression-in-postfix-notation-data-struct
/questions/5378754/need-open-cv-algorithms-book
/questions/34847324/movie-schedule-algorithm-in-algorithm-design-manual-book
/questions/4543631/algorithm-for-placing-textual-non-textual-content-in-a-book-layout
/questions/50283573/c-sharp-recursion-data-structures-and-algorithms-how-does-this-program-print
/questions/50283573/c-sharp-recursion-data-structures-and-algorithms-how-does-this-program-print
/questions/74180980/how-to-change-an-instance-attribute-without-changing-another-instance-attribute
/questions/2495853/good-websites-and-or-books-to-learn-game-algorithms
/questions/50806931/do-we-do-algorithm-analysis-based-on-a-model-of-computation-or-do-we-do-it-based
/questions/1139712/programming-question-book-for-c-sharp-developers-algorithms-for
/questions/74703895/python-pattern-matching-function-for-nested-list
/questions/63720866/jump-search-algorithm-error-in-the-pseudocode
/questions/51110364/figuring-out-whats-going-on-this-code-recursive-descent-case-study
/questions/24453451/autoencoders-papers-and-books-regarding-algorithms-for-training
/questions/8548914/supplement-code-for-the-algorithms-in-java-part-5-book-sedgewick
/questions/76443670/roadmap-and-a-collection-of-books-on-the-study-of-genetic-algorithms
/questions/40271237/find-the-nth-node-from-the-end-of-a-linked-list-using-python-and-hash-table
/questions/46839540/do-equal-elements-preserve-their-order-in-insertion-sort-algorithm
/questions/74170285/an-algorithm-from-the-jean-meeus-book
/questions/8066861/book-sources-on-termination-conditions-in-genetic-algorithms
/questions/30275584/a-smart-brute-force-algorithm-for-finding-a-book
/questions/61538037/space-complexity-of-a-recursive-algorithm-from-the-ctci-book
/questions/15139930/working-with-quicksort
/questions/60317664/how-to-learn-tensorflow2-0-quickly-and-efficiently
/questions/7841896/book-recommendation-system-using-machine-learning
/questions/62989871/how-to-calculate-time-complexity-of-this-algorithm
/questions/28743162/python-book-searching-algorithm
/questions/64014477/remove-an-anchor-from-queryselectorall-output
/questions/4417257/trie-data-structure-in-java-phone-book-application
/questions/71610956/understanding-trie-tree-implementation-in-javascript
/questions/68959859/python-equivalent-for-javascript-linear-duplicate-function
/questions/20996602/why-is-theta-notation-never-used
/questions/47895480/what-does-colon-in-the-following-c-code-means
/questions/4182517/what-data-structure-to-use
/questions/22059978/ruby-rails-sort-array-by-each-items-similarity
/questions/74868502/how-to-use-more-than-one-iterator-to-traverse-a-linked-list-in-java
/questions/34690800/maximum-depth-of-a-tree-using-a-queue
/questions/23734632/php-yii-framework-booking-system-algorithm
/questions/7973468/algorithms-and-data-structures-should-i-study-language-specific-books-or-gener
/questions/44556207/an-algorithm-to-operate-on-a-binary-tree-leaves
/questions/47101450/how-to-return-inside-a-try-catch-in-a-recursive-method
/questions/25344041/constructors-to-type-t
/questions/70558701/is-this-quicksort-algorithm-from-grokking-algorithm-book-correct
/questions/70990455/how-to-sort-the-contents-of-a-list
/questions/6964392/speed-comparison-with-project-euler-c-vs-python-vs-erlang-vs-haskell
/questions/6230873/should-nodes-of-trees-and-similar-data-structures-be-visible-to-the-outside
/questions/34084218/lucene-learning-difficulty
/questions/5459575/list-of-mathematics-areas-to-learn-for-understanding-the-algorithm-analysis-book
/questions/27991279/maths-for-university-software-development-degree
/questions/27991279/maths-for-university-software-development-degree
/questions/61512285/why-reentrantlock-algorithm-from-book-is-not-working
/questions/32023083/find-size-of-binary-tree-recursively
/questions/6081292/templated-2d-array-error
/questions/53929579/when-to-use-and-e-java-generics
/questions/10025286/good-book-on-drawing-algorithms-preferably-in-c-or-c
/questions/61870730/deque-with-circular-array-implementation
/questions/61390279/issue-with-number-of-arguments-in-init-while-using-inheritance
/questions/61750049/arrays-and-algorithm
/questions/68234770/book-content-classification-with-artificial-intelligence
/questions/21292043/java-local-object-variables-scope
/questions/63046708/why-heapsort-time-complexity-is-given-in-big-ohn-log-n-in-clrs-algorithm-book
/questions/16300684/quicksort-3-way-partitioning-in-java-libraries
/questions/74345921/performance-comparsion-algorithm-s-and-algorithm-z
/questions/31017350/essential-algorithms-book-clarification-required
/questions/4458836/bfs-algorithm-introduction-to-algorithms-book-by-cormen-leiserson-etal
/questions/56615003/bfs-traversal-of-a-linked-list-trie-tree-in-python
/questions/59515244/is-a-python-list-the-same-list-as-defined-by-my-data-structures-and-algorithms-t
/questions/60120350/order-book-matching-program-algorithm
/questions/12813164/implementing-stacks-pop-method-with-recursion
/questions/36569822/why-is-my-sorting-algorithm-faster-than-the-one-in-introduction-to-algorithms
/questions/21322553/descendent-ancestor-query
/questions/74760646/time-complexity-for-convex-hull
/questions/40704169/unrolled-linked-lists-and-skip-lists
/questions/38724489/intuitive-explanation-of-binary-tree-traversals-without-recursion
/questions/58274398/how-merge-sort-works-at-arrays-of-length-n
/questions/29895351/what-is-the-best-algorithm-to-sort-an-almost-sorted-books-in-a-library
/questions/32567814/iterator-for-elements-in-qgraphicsscene
/questions/28629792/arrays-and-search-algorithms-how-is-the-average-n-2-steps-to-search-an-array
/questions/33749145/why-have-to-use-friend-function
/questions/44340919/proof-by-induction-of-a-recursive-pseudo-code-skiena-algorithm-book
/questions/19644435/is-there-a-name-for-the-algorithm-solutions-for-booking-rooms-with-the-least-ro
/questions/43016146/can-a-linked-list-be-sorted-by-changing-the-references
/questions/59258860/are-these-two-different-formulas-for-value-iteration-update-equivalent
/questions/28124760/height-of-general-tree
/questions/43252588/spanning-tree-vs-spanning-forest
/questions/56918946/faulty-code-from-book-on-viewing-bubble-sort
/questions/8131825/algorithms-for-calculating-the-similarity-of-numerous-documents-e-g-books-of-t
/questions/9374878/what-to-read-on-distributed-computing
/questions/58104345/integer-range-in-square-root-algorithm-of-cracking-the-code-book
/questions/62622485/drawing-the-repeated-square-diagram-of-power2-6-in-a-recursively
/questions/15565634/execution-time-high-vs-low-level-programming-language
/questions/32527026/shortest-path-in-javascript
/questions/76440386/intersection-of-arrays-algorithm
/questions/61006937/understanding-sorting-algorithm-from-computer-science-distilled-book
/questions/3274298/is-a-java-book-enough-or-should-i-have-to-learn-algorithms-first
/questions/22873/language-books-tutorials-for-popular-languages
/questions/7769900/algorithm-for-calculating-probabilities-of-a-number-being-drawn-opening-a-book
/questions/69054573/definition-of-position-for-list-adt-singly-linked-list-implementation
/questions/41750128/python-creating-a-hardware-array
/questions/2959403/making-more-recent-items-more-likely-to-be-drawn
/questions/20752062/cannot-understand-how-my-book-is-counting-algorithm-steps
/questions/10052382/error-on-include-the-fstream-h-header
/questions/40073460/exception-handling-in-a-class-c
/questions/49904064/about-time-complexity-of-arraylist-and-linkedlist
/questions/69391364/why-is-this-algorithm-on-2sqr
/questions/12112159/on-calculating-the-complexity-of-algorithm-from-clrs-book
/questions/57715300/avoiding-collisions-of-time-on-venue-booking-algorithm
/questions/59505156/procedure-code-unavailable-for-the-graph-algorithm-book
/questions/49460104/how-to-set-up-comparator-for-quicksort
/questions/32031497/set-distance-as-similarity-metric-for-minhashing-algorithm
/questions/44536956/a-statement-from-heapsort-algorithm-in-clrs-book
/questions/10200488/algorithm-to-find-the-top-3-occurring-words-in-a-book-of-1000-pages
/questions/59911373/pisarze-data-analysis-task-from-polish-olimpiad-in-informatics
/questions/42836660/display-image-based-on-a-output-in-one-window-python
/questions/24479959/declaring-long-types-correctly-in-java
/questions/34926464/java-util-random-digging-a-bit-deep
/questions/25341222/speed-of-two-algorithms-rotating-a-sequence-from-the-book-programming-pearls
/questions/30535185/algorithm-to-find-a-group-seating-arrangement-for-an-open-book-test
/questions/14689884/what-are-the-file-compression-algorithms-available-for-txt-file-compression
/questions/22487275/robust-measures-of-algorithmic-trading-based-on-robert-pardos-book
/questions/4060103/books-tutorials-on-how-to-do-object-oriented-analysis-and-design-of-algorithms
/questions/19155555/how-to-search-for-substring-using-functional-methods-without-index-iteration-i
/questions/2568446/what-are-the-best-portable-cross-platform-arbitrary-precision-math-libraries
/questions/58551912/what-makes-prims-algorithm-avoid-cycles-in-the-code-in-cslr-book
/questions/25192113/simulating-integrals-with-monte-carlo-method
/questions/61687879/c-programming-data-structure-in-c-book-confusion
/questions/45495824/non-negative-solution-to-system-of-linear-equations
/questions/48139023/is-the-vector-copied-twice-in-this-sample
/questions/76411884/cant-understand-this-lalr1-parsing-algorithm-in-aho-ullman-book
/questions/53369733/javascript-classes-making-variables-private-with-weakmap-and-still-using-this
/questions/27480411/how-to-find-a-place-where-to-insert-value-into-ordered-array-using-binary-search
/questions/66875358/simple-oops-demo-stuck-with-the-function-of-for-loop-and-its-role-in-the-main-m
/questions/41245917/what-are-the-benefits-of-gray-code-in-evolutionary-computation
/questions/10265634/whats-the-algorithm-to-achieve-the-pop-up-book-effects
/questions/71945570/speed-of-swapping-elements-in-a-doubly-linked-list-vs-a-singly-list
/questions/561949/what-are-some-c-standard-library-usage-best-practices
/questions/26901130/how-to-study-graph-data-structures-and-bfs-dfs
/questions/29386146/what-are-abstract-data-types-in-algorithms-and-why-do-we-need-them
/questions/13411655/solve-the-sparse-triangular-linear-system-in-matlab
/questions/29811990/shuffling-a-linked-list
/questions/5994966/looking-for-a-path-to-learn-the-math-required-to-understand-algorithm-books-th
/questions/71029145/why-is-this-binary-search-algorithm-returning-none-twice
/questions/65130901/java-problem-at-sorting-array-list-using-bubblesort
/questions/68231082/what-is-meant-by-calling-a-function-by-its-unqualified-name
/questions/7944728/methods-for-crossover-in-genetic-algorithms
/questions/69403049/how-to-use-yield-in-binarysearchtree
/questions/8404622/finding-duplicate-books
/questions/5434371/coding-mathematical-algorithms-should-i-use-variables-in-the-book-or-more-desc
/questions/37843295/book-recommendation-for-distributed-algorithms-to-understand-zookeeper-consul
/questions/10900683/loop-invariant-when-first-iteration-starts
/questions/24171601/confused-about-c-lg-n-in-introduction-to-algorithms-book-what-is-c
/questions/45972350/why-new-comparablecurrentmaxindex-2-11-10-while-construct-a-heap-from
/questions/60649825/is-it-possible-to-write-an-algorithm-that-takes-the-binary-tree-t-and-returns-an
/questions/3659914/priority-of-learning-programming-craft-and-other-suggestions
/questions/56486826/owl-formal-semantics
/questions/24472816/how-is-the-median-of-three-partitioning-in-quick-sort-improve-about-5-efficienc
/questions/47710012/a-book-that-contains-shors-algorithm-mceliece-cryptosystem-lattice-based-cry
/questions/8761860/design-an-algorithm-find-the-most-frequently-used-word-in-a-book
/questions/6689817/personalized-auto-complete
/questions/40862578/how-to-understand-watkinss-q%ce%bb-learning-algorithm-in-suttonbartos-rl-book
/questions/20522142/how-to-write-a-regex-to-extract-information-from-html
/questions/62002479/trying-to-write-the-division-algorithm-in-sympy-which-apparently-has-its-own-tru
/questions/42460246/javascript-dfs-topological-recursive-function
/questions/57416429/why-cant-i-set-default-parameters-to-a-recursive-binary-search-function
/questions/17744306/latent-fingerprint-segmentation-finding-roi
/questions/6814061/is-there-any-hello-world-example-type-basic-tutorial-for-heuristics-or-meta-he
/questions/18950698/recursive-functions-difficult-to-comprehend
/questions/29606224/how-to-efficiently-work-through-algorithms-on-paper
/questions/39336407/implementation-of-singly-linked-list-from-loudons-algorithm-book
/questions/24818201/what-structure-and-algorithm-use-for-building-genealogy-tree
/questions/3883922/c-simple-polymorphism-issue
/questions/32979385/trouble-understanding-of-lowercase-vs-uppercase-n-in-algorithms-book
/questions/27937246/construction-of-state-machine-in-string-maching-in-book-algorithm-by-clrs
/questions/52161633/search-a-book-name-by-using-prefix-in-less-complexity-java
/questions/6853728/specifics-books-or-open-source-projects-about-p2p-algorithms
/questions/51105010/how-can-i-raise-an-eof-error
/questions/8522536/paragraph-breakage-one-page-to-the-other-page-in-detail-section-of-crystal-rep
/questions/28872519/recursive-implementation-of-a-singly-linked-list-class-in-python
/questions/6666537/does-anybody-know-an-implementation-of-yarowskys-algorithm
/questions/25986908/analysis-of-binary-search
/questions/43415859/java-why-declare-an-array-as-a-type-of-interface
/questions/5533856/how-to-calculate-the-fundamental-matrix-for-stereo-vision
/questions/24537366/average-complexity-of-binary-search-for-an-unsuccessful-search
/questions/39715764/using-the-definition-of-o-prove-each-of-the-following-by-finding-explicit-integ
/questions/59021523/how-to-control-nil-in-this-binary-search-algorithm
/questions/68930017/implementing-insertion-sort-in-python
/questions/12189698/string-permutations-in-java-non-recursive
/questions/30534068/spark-counting-co-occurrence-algorithm-for-efficient-multi-pass-filtering-of
/questions/18231027/data-set-for-recommendation-system
/questions/35421319/how-to-define-what-is-the-elementary-operation-in-an-algorithm
/questions/49822078/why-is-there-no-n-step-q-learning-algorithm-in-suttons-rl-book
/questions/46233475/cant-access-to-iterator-from-derived-class
/questions/54709615/errors-with-generic-singly-linked-list-c
/questions/39385566/is-there-any-algorithm-to-allocate-continuous-3-seats-in-flight-while-having-som
/questions/15791086/core-data-to-many-relationship-nspredicate-to-fetch
/questions/43145395/time-complexity-while-deleting-last-element-from-arraylist-and-linkedlist
/questions/72307816/algorithms-for-repairing-ssaa-form-after-modifying-the-call-flow-graph
/questions/73295845/is-there-an-algorithm-to-filter-out-sentence-fragments
/questions/37944110/implementing-linear-search-algorithm-in-javascript
/questions/11379467/how-does-this-bst-node-deletion-algorithm-work
/questions/47844535/division-algorithm-provided-in-sanjoy-dasgupta
/questions/38802765/segmentation-fault-11-when-i-test-heapsort-code-from-book-introduction-to-alg
/questions/28681548/java-why-is-this-implementation-of-a-binary-heap-faster-than-the-other
/questions/35402440/why-wont-this-merge-sort-implementation-work
/questions/70585317/how-do-leader-selection-algorithms-work-in-distributed-systems
/questions/13209627/numerical-recipes-for-hadoop
/questions/24791555/resize-canvas-accordingly-to-screen-size-and-printing-images-to-canvas
/questions/63239582/what-does-worst-case-big-omegan-means
/questions/3957091/project-organization-with-professionals-and-students
/questions/991920/c-open-source-project-recommend
/questions/51681499/explaining-python-example-code-for-backtracking-algorithm
/questions/3957091/project-organization-with-professionals-and-students
/questions/1575061/ga-written-in-java
/questions/25728941/making-a-list-of-books-that-cover-topics-of-a-typical-cs-undergrad
/questions/41974557/why-is-heap-well-suited-for-merging-sorted-streams
/questions/31311825/hashing-separate-chaining-with-linked-list-in-javascript
/questions/1920031/strassens-algorithm-for-matrix-multiplication
/questions/45045482/how-to-access-dictionary-values-when-you-cant-input-the-key
/questions/19648171/what-is-the-meaning-of-constant-in-this-context
/questions/15395835/simple-multi-layer-neural-network-implementation
/questions/71957707/practicality-of-the-position-attribute-of-a-positional-list-implementation-in-py
/questions/25982748/linearizing-a-dag-with-multiple-sources
/questions/72345755/my-depth-first-search-function-seems-not-to-return-list-of-visited-nodes-i-need
/questions/18723336/why-tail-recursion-is-a-bad-use-of-recursion
/questions/40896829/univariate-root-finding-with-minimum-number-of-function-evaluations
/questions/19734934/binary-search-tree-remove-node
/questions/68531217/how-is-the-time-complexity-of-deletion-n-steps-aka-on
/questions/32675211/can-recursive-union-find-be-optimized
/questions/46501541/best-algorithm-which-detects-if-an-array-of-numbers-has-identical-numbers
/questions/62978170/cant-understand-the-behaviour-of-this-algorithm
/questions/23231686/learning-mahout-on-windows
/questions/68698460/difference-between-running-time-and-execution-time-in-algorithm
/questions/14997151/how-this-formula-is-deriving-2n-2n-2n1
/questions/14083313/ruby-algorithm-help-using-cron-jobs
/questions/32300100/java-variable-length-parameter-vs-array-simply-syntactic-sugar
/questions/37505479/finding-the-upper-bound-of-a-mathematical-function-function-analysis
/questions/7409756/linked-list-vs-dynamic-array-for-implementing-a-stack
/questions/27767778/how-to-implement-circular-linked-list-in-java
/questions/69996983/dijkstras-algorithm-negative-edge
/questions/14906452/slice-mysql-result
/questions/50976313/finding-if-an-item-is-available-for-booking-in-a-given-period-search-algorithm-w
/questions/42792770/how-to-implement-a-booking-structure-and-query-which-minimize-contention-between
/questions/38749037/errors-following-michael-halls-moore-algorithmic-trading
/questions/10916196/give-an-efficient-algorithm-both-space-time-to-find-the-10-most-frequent-wor
/questions/5762289/what-is-the-implication-of-recursive-calls-modeling-a-perfect-binary-tree
/questions/61364975/an-algorithm-for-computing-the-edit-distance-between-two-words
/questions/29000205/is-singleton-a-algorithm-and-is-it-covered-in-knuths
/questions/61389780/how-to-write-an-algorithm-that-receives-characters-one-by-one-and-displays-them
/questions/66973682/what-do-the-constant-factors-in-a-time-complexity-equation-represent
/questions/8744278/simultaneous-sort-c
/questions/31859478/why-the-function-is-o2n3-and-not-on3
/questions/5606244/can-i-find-another-course-similar-to-this-uc-berkeley-course
/questions/7573021/what-are-some-good-resources-for-learning-algorithm-optimization
/questions/37840651/implementing-knuth-morris-pratt-kmp-algorithm-for-string-matching-with-python
/questions/14414183/algorithms-in-java-from-prims-mst-to-dijkstra-spt
/questions/23096531/knowing-what-the-contents-of-variables-are-going-to-be-how-do-i-determine-what
/questions/1050367/where-can-i-find-online-examples-of-cormens-assembly-line-scheduling
/questions/36160195/having-trouble-understanding-how-many-arrays-are-actually-created-in-the-merge-s
/questions/7357053/insertion-sort-pseudocode-question
/questions/29596615/python-notation-form-textbook
/questions/27284236/my-knapsack-algorithm-keeps-running-without-returning-an-answer
/questions/65681472/linked-list-remove-duplicates-algorithm-in-c-java
/questions/41473874/display-different-windows-within-a-panel-in-a-form-windows-forms-application
/questions/60052873/how-to-implement-deque-data-structure-in-javascript
/questions/5538192/how-to-implement-a-queue-with-three-stacks
/questions/38817247/why-am-i-unable-to-use-obtain-any-results-by-using-sqlites-like-clause-in-an
/questions/22125797/symfony2-expected-array-got-integer-in-setting-in-password-encryption
/questions/19345765/why-in-stdin-stdout-is-not-resolved
/questions/22469577/why-the-depth-of-stack-can-be-olgn-in-quick-sort-in-introduction-to-algorithms
/questions/1387095/learn-c-to-understand-examples-in-book-fast-know-c-and-java-already
/questions/19148591/jquery-tablesorter-leave-the-first-row-intact
/questions/40419471/c-vs-python-for-a-simple-word-list-generator
/questions/32727194/subclass-access-of-private-member-variables-in-java
/questions/41092549/why-do-algorithms-text-book-uses-nondecreasing-instead-of-increasing-to-ment
/questions/17182383/does-the-disk-scanning-algorithm-scan-moves-to-sector-0-first-prior-to-going-to
/questions/5652357/references-for-data-normalization
/questions/16375266/counter-example-of-a-stable-matching
/questions/2919698/finding-recurrence-relations-of-an-algorithm
/questions/65205931/why-are-not-the-way-parameters-arguments-passed-considered-for-the-time-complexi
/questions/66685986/what-cause-the-error-ambiguous-call-to-overloaded-function
/questions/62226130/computing-data-within-nested-dictionaries
/questions/60956233/may-a-hashtable-store-its-keys-in-c
/questions/62335463/lexical-analysis-extraction-tokens-from-dfa-constructed-directly
/questions/22606037/what-algorithm-can-be-used-for-alerting-unusual-trends
/questions/76528834/confusion-while-finding-minimum-spanning-tree-with-kruskals-and-adjacency-list
/questions/2482488/bucket-sort-for-integers
/questions/21356772/abstract-syntax-tree-using-the-shunting-yard-algorithm
/questions/31111892/edge-following-algorithm-for-opencv-c
/questions/50660361/how-would-someone-create-a-machine-learning-algorithm-that-extracts-the-speaker
/questions/30395073/r-data-table-group-by-and-iterate-by-two-columns
/questions/13932464/algorithm-and-data-structure-to-find-and-store-superpixels-neighborhood-in-c
/questions/20874037/how-can-open-file-from-memory-or-buffer-in-android
/questions/7655099/poisson-variates-%ce%bb-and-arrival-rate-connection-java-network-simulation
/questions/32540608/hash-tables-finding-function-in-c
/questions/42516718/java-and-scala-tuple2-access-error
/questions/62420055/vector-labels-in-python
/questions/35531915/which-is-the-exactly-definition-of-2-3-tree
/questions/7142673/what-do-people-in-the-computer-graphics-industry-use-for-ray-tracing
/questions/522720/passing-a-method-as-a-parameter-in-ruby
/questions/5304245/good-books-and-resources-on-data-parallel-programming-and-algorithms
/questions/1249465/data-structures-and-algorithms-e-books
/questions/10168686/image-processing-algorithm-improvement-for-coca-cola-can-recognition
/questions/24410912/books-ways-to-learn-data-structures-and-algorithms
/questions/5085729/data-structures-and-algorithms-book-for-the-practitioner-not-for-the-academic
/questions/2657504/choice-of-programming-language-for-learning-data-structures-and-algorithms
/questions/4756022/best-books-sites-blogs-to-learn-datastructures-and-algorithms-as-a-starting-leve
/questions/73018129/what-is-the-best-book-to-prepare-for-data-structures-and-algorithms-from-scratch
/questions/54018929/running-old-java-applets-from-book-data-structures-and-algorithms-in-java
/questions/2438251/which-data-structures-and-algorithms-book-should-i-buy
/questions/53098111/questions-regarding-code-in-a-data-structures-and-algorithms-book
/questions/63959491/dequeue-implementation-in-queue-class-from-book-data-structure-and-algorithms-i
/questions/4664926/data-structures-and-algorithm-book-for-c
/questions/455627/head-first-style-data-structures-algorithms-book
/questions/58888145/any-good-resources-on-data-structures-and-algorithms-in-haskell
/questions/70372161/linkedlist-c-sharp-data-structures-and-algorithms-using-c-sharp-michael-mcmilla
/questions/4348406/special-effects-algorithm-library-and-books
/questions/12305848/algorithm-to-assign-library-books-to-members-such-that-maximum-members-are-satis
/questions/45016210/can-i-add-a-new-header-in-a-circular-doubly-linked-list
/questions/58273906/how-do-you-approach-solving-data-structures-and-algorithms-problems
/questions/31993547/skip-list-explanation-data-structures-and-algorithms-in-c-by-adam-drozdek
/questions/1218782/data-mining-statistics-collective-intelligence-and-ai-algorithms-books-and-pro
/questions/51687777/strategies-to-learn-data-structures-especially-the-code-part
/questions/1276987/is-algorithm-design-manual-a-good-book-for-a-beginner-in-algorithms
/questions/64185781/what-is-the-right-time-complexity-of-this-function
/questions/1823975/dsp-algorithms-book
/questions/9877699/any-data-structures-algorithms-books-w-examples-in-objective-c-or-other-keywo
/questions/26181785/is-data-structure-and-algorithm-same-for-all-programming-languages
/questions/59161988/how-can-i-fix-this-textbook-program-to-add-polynomials-in-c
/questions/43009074/explanation-of-a-function-definition-in-logic-gate-code-in-problems-in-data-stru
/questions/2813401/books-on-string-algorithms
/questions/9935027/cout-does-not-name-a-type
/questions/31304947/how-does-this-delete-an-element-from-an-array
/questions/46017343/why-this-is-a-bad-bubble-sort-algorithm
/questions/58258764/algo-getnodebyid-unknown-function-graph-algorithms-book
/questions/76657365/merge-sorti-believe-code-in-the-book-is-wrong
/questions/34744597/a-hotel-booking-algorithm
/questions/22446693/transforms-begin-s-end-s-begin-tolower-cant-be-compiled-in-xcode-5
/questions/12084315/algorithms-and-complexity-book
/questions/3102431/book-request-distributed-algorithms
/questions/59045309/is-it-possible-to-also-delete-certain-edges-as-well-in-a-weighted-graph
/questions/2441845/why-are-algorithms-and-data-structures-treated-as-separate-disciplines
/questions/794870/algorithm-for-suggesting-products
/questions/6718052/data-structures-and-algorithms-book-in-java-5-or-6-or-scala-for-programmers-and
/questions/14956911/array-search-code
/questions/6721816/do-we-need-to-know-find-analyze-every-case-best-average-and-worst-all-scena
/questions/34380201/difference-nullpointer-between-if-and-forloop
/questions/10683138/algorithms-book-in-javascript-or-php
/questions/70832299/choose-data-structure-and-algorithm-for-assigning-books-to-category
/questions/32426732/how-does-binary-sum-use-olog-n-space
/questions/33530928/insertion-sort-algorithm-on-javascript
/questions/54462260/how-is-unrolled-linked-list-better-than-linked-list
/questions/68055983/i-cant-seem-to-understand-the-logic-behind-the-setnextpin-function-in-this-cod
/questions/63321186/does-time-complexity-for-an-algorithm-or-program-ever-change-with-different-prog
/questions/2154055/which-topic-in-discrete-mathematics-is-considered-as-a-prerequisite-for-data-str
/questions/61725797/generate-all-the-strings-of-length-n-drawn-from-0-k-1
/questions/5992382/data-visualisation-algorithm-books
/questions/29454764/node-js-or-java-for-a-online-cab-project
/questions/61140084/how-i-can-show-the-correctness-of-brute-force-tsp-algorithm
/questions/3144341/delete-in-binary-search-tree
/questions/636821/choice-of-programming-language-in-book-on-algorithms
/questions/2306971/advanced-c-or-c-book
/questions/15732745/pattern-recognition-and-algorithms-vs-neural-networks
/questions/56330001/retrieve-foreignkey-from-views-before-saving-in-django
/questions/75175251/image-processing-book-contour
/questions/71904147/i-got-problem-a-about-to-call-func-from-class
/questions/58369296/dictionary-assignment-in-python-or-strange-abstraction
/questions/54053745/why-use-node-getnext-null-as-a-convention-for-defunct-node
/questions/54053745/why-use-node-getnext-null-as-a-convention-for-defunct-node
/questions/33777452/what-is-usage-of-positione-with-iterators-in-java
/questions/57772687/generating-magic-square-algorithm-algorithm-is-from-a-book
/questions/2794016/what-should-every-programmer-know-about-security
/questions/31151423/learning-and-applying-algorithms-for-applications
/questions/58272894/i-found-a-mistake-in-the-book-grokking-algorithms
/questions/22551471/telephone-book-algorithm
/questions/52939400/average-case-analysis-resources-to-practice
/questions/55211742/binary-tree-explanation-why-does-this-work
/questions/11064717/web-book-reader-pagination-algorithm
/questions/52861277/write-a-java-program-to-evaluate-an-expression-in-postfix-notation-data-struct
/questions/5378754/need-open-cv-algorithms-book
/questions/34847324/movie-schedule-algorithm-in-algorithm-design-manual-book
/questions/4543631/algorithm-for-placing-textual-non-textual-content-in-a-book-layout
/questions/50283573/c-sharp-recursion-data-structures-and-algorithms-how-does-this-program-print
/questions/50283573/c-sharp-recursion-data-structures-and-algorithms-how-does-this-program-print
/questions/74180980/how-to-change-an-instance-attribute-without-changing-another-instance-attribute
/questions/2495853/good-websites-and-or-books-to-learn-game-algorithms
/questions/50806931/do-we-do-algorithm-analysis-based-on-a-model-of-computation-or-do-we-do-it-based
/questions/1139712/programming-question-book-for-c-sharp-developers-algorithms-for
/questions/74703895/python-pattern-matching-function-for-nested-list
/questions/63720866/jump-search-algorithm-error-in-the-pseudocode
/questions/51110364/figuring-out-whats-going-on-this-code-recursive-descent-case-study
/questions/24453451/autoencoders-papers-and-books-regarding-algorithms-for-training
/questions/8548914/supplement-code-for-the-algorithms-in-java-part-5-book-sedgewick
/questions/76443670/roadmap-and-a-collection-of-books-on-the-study-of-genetic-algorithms
/questions/40271237/find-the-nth-node-from-the-end-of-a-linked-list-using-python-and-hash-table
/questions/46839540/do-equal-elements-preserve-their-order-in-insertion-sort-algorithm
/questions/74170285/an-algorithm-from-the-jean-meeus-book
/questions/8066861/book-sources-on-termination-conditions-in-genetic-algorithms
/questions/30275584/a-smart-brute-force-algorithm-for-finding-a-book
/questions/61538037/space-complexity-of-a-recursive-algorithm-from-the-ctci-book
/questions/15139930/working-with-quicksort
/questions/60317664/how-to-learn-tensorflow2-0-quickly-and-efficiently
/questions/7841896/book-recommendation-system-using-machine-learning
/questions/62989871/how-to-calculate-time-complexity-of-this-algorithm
/questions/28743162/python-book-searching-algorithm
/questions/64014477/remove-an-anchor-from-queryselectorall-output
/questions/4417257/trie-data-structure-in-java-phone-book-application
/questions/71610956/understanding-trie-tree-implementation-in-javascript
/questions/68959859/python-equivalent-for-javascript-linear-duplicate-function
/questions/20996602/why-is-theta-notation-never-used
/questions/47895480/what-does-colon-in-the-following-c-code-means
/questions/4182517/what-data-structure-to-use
/questions/22059978/ruby-rails-sort-array-by-each-items-similarity
/questions/74868502/how-to-use-more-than-one-iterator-to-traverse-a-linked-list-in-java
/questions/34690800/maximum-depth-of-a-tree-using-a-queue
/questions/23734632/php-yii-framework-booking-system-algorithm
/questions/7973468/algorithms-and-data-structures-should-i-study-language-specific-books-or-gener
/questions/44556207/an-algorithm-to-operate-on-a-binary-tree-leaves
/questions/47101450/how-to-return-inside-a-try-catch-in-a-recursive-method
/questions/25344041/constructors-to-type-t
/questions/70558701/is-this-quicksort-algorithm-from-grokking-algorithm-book-correct
/questions/70990455/how-to-sort-the-contents-of-a-list
/questions/6964392/speed-comparison-with-project-euler-c-vs-python-vs-erlang-vs-haskell
/questions/6230873/should-nodes-of-trees-and-similar-data-structures-be-visible-to-the-outside
/questions/34084218/lucene-learning-difficulty
/questions/5459575/list-of-mathematics-areas-to-learn-for-understanding-the-algorithm-analysis-book
/questions/27991279/maths-for-university-software-development-degree
/questions/27991279/maths-for-university-software-development-degree
/questions/61512285/why-reentrantlock-algorithm-from-book-is-not-working
/questions/32023083/find-size-of-binary-tree-recursively
/questions/6081292/templated-2d-array-error
/questions/53929579/when-to-use-and-e-java-generics
/questions/10025286/good-book-on-drawing-algorithms-preferably-in-c-or-c
/questions/61870730/deque-with-circular-array-implementation
/questions/61390279/issue-with-number-of-arguments-in-init-while-using-inheritance
/questions/61750049/arrays-and-algorithm
/questions/68234770/book-content-classification-with-artificial-intelligence
/questions/21292043/java-local-object-variables-scope
/questions/63046708/why-heapsort-time-complexity-is-given-in-big-ohn-log-n-in-clrs-algorithm-book
/questions/16300684/quicksort-3-way-partitioning-in-java-libraries
/questions/74345921/performance-comparsion-algorithm-s-and-algorithm-z
/questions/31017350/essential-algorithms-book-clarification-required
/questions/4458836/bfs-algorithm-introduction-to-algorithms-book-by-cormen-leiserson-etal
/questions/56615003/bfs-traversal-of-a-linked-list-trie-tree-in-python
/questions/59515244/is-a-python-list-the-same-list-as-defined-by-my-data-structures-and-algorithms-t
/questions/60120350/order-book-matching-program-algorithm
/questions/12813164/implementing-stacks-pop-method-with-recursion
/questions/36569822/why-is-my-sorting-algorithm-faster-than-the-one-in-introduction-to-algorithms
/questions/21322553/descendent-ancestor-query
/questions/74760646/time-complexity-for-convex-hull
/questions/40704169/unrolled-linked-lists-and-skip-lists
/questions/38724489/intuitive-explanation-of-binary-tree-traversals-without-recursion
/questions/58274398/how-merge-sort-works-at-arrays-of-length-n
/questions/29895351/what-is-the-best-algorithm-to-sort-an-almost-sorted-books-in-a-library
/questions/32567814/iterator-for-elements-in-qgraphicsscene
/questions/28629792/arrays-and-search-algorithms-how-is-the-average-n-2-steps-to-search-an-array
/questions/33749145/why-have-to-use-friend-function
/questions/44340919/proof-by-induction-of-a-recursive-pseudo-code-skiena-algorithm-book
/questions/19644435/is-there-a-name-for-the-algorithm-solutions-for-booking-rooms-with-the-least-ro
/questions/43016146/can-a-linked-list-be-sorted-by-changing-the-references
/questions/59258860/are-these-two-different-formulas-for-value-iteration-update-equivalent
/questions/28124760/height-of-general-tree
/questions/43252588/spanning-tree-vs-spanning-forest
/questions/56918946/faulty-code-from-book-on-viewing-bubble-sort
/questions/8131825/algorithms-for-calculating-the-similarity-of-numerous-documents-e-g-books-of-t
/questions/9374878/what-to-read-on-distributed-computing
/questions/58104345/integer-range-in-square-root-algorithm-of-cracking-the-code-book
/questions/62622485/drawing-the-repeated-square-diagram-of-power2-6-in-a-recursively
/questions/15565634/execution-time-high-vs-low-level-programming-language
/questions/32527026/shortest-path-in-javascript
/questions/76440386/intersection-of-arrays-algorithm
/questions/61006937/understanding-sorting-algorithm-from-computer-science-distilled-book
/questions/3274298/is-a-java-book-enough-or-should-i-have-to-learn-algorithms-first
/questions/22873/language-books-tutorials-for-popular-languages
/questions/7769900/algorithm-for-calculating-probabilities-of-a-number-being-drawn-opening-a-book
/questions/69054573/definition-of-position-for-list-adt-singly-linked-list-implementation
/questions/41750128/python-creating-a-hardware-array
/questions/2959403/making-more-recent-items-more-likely-to-be-drawn
/questions/20752062/cannot-understand-how-my-book-is-counting-algorithm-steps
/questions/10052382/error-on-include-the-fstream-h-header
/questions/40073460/exception-handling-in-a-class-c
/questions/49904064/about-time-complexity-of-arraylist-and-linkedlist
/questions/69391364/why-is-this-algorithm-on-2sqr
/questions/12112159/on-calculating-the-complexity-of-algorithm-from-clrs-book
/questions/57715300/avoiding-collisions-of-time-on-venue-booking-algorithm
/questions/59505156/procedure-code-unavailable-for-the-graph-algorithm-book
/questions/49460104/how-to-set-up-comparator-for-quicksort
/questions/32031497/set-distance-as-similarity-metric-for-minhashing-algorithm
/questions/44536956/a-statement-from-heapsort-algorithm-in-clrs-book
/questions/10200488/algorithm-to-find-the-top-3-occurring-words-in-a-book-of-1000-pages
/questions/59911373/pisarze-data-analysis-task-from-polish-olimpiad-in-informatics
/questions/42836660/display-image-based-on-a-output-in-one-window-python
/questions/24479959/declaring-long-types-correctly-in-java
/questions/34926464/java-util-random-digging-a-bit-deep
/questions/25341222/speed-of-two-algorithms-rotating-a-sequence-from-the-book-programming-pearls
/questions/30535185/algorithm-to-find-a-group-seating-arrangement-for-an-open-book-test
/questions/14689884/what-are-the-file-compression-algorithms-available-for-txt-file-compression
/questions/22487275/robust-measures-of-algorithmic-trading-based-on-robert-pardos-book
/questions/4060103/books-tutorials-on-how-to-do-object-oriented-analysis-and-design-of-algorithms
/questions/19155555/how-to-search-for-substring-using-functional-methods-without-index-iteration-i
/questions/2568446/what-are-the-best-portable-cross-platform-arbitrary-precision-math-libraries
/questions/58551912/what-makes-prims-algorithm-avoid-cycles-in-the-code-in-cslr-book
/questions/25192113/simulating-integrals-with-monte-carlo-method
/questions/61687879/c-programming-data-structure-in-c-book-confusion
/questions/45495824/non-negative-solution-to-system-of-linear-equations
/questions/48139023/is-the-vector-copied-twice-in-this-sample
/questions/76411884/cant-understand-this-lalr1-parsing-algorithm-in-aho-ullman-book
/questions/53369733/javascript-classes-making-variables-private-with-weakmap-and-still-using-this
/questions/27480411/how-to-find-a-place-where-to-insert-value-into-ordered-array-using-binary-search
/questions/66875358/simple-oops-demo-stuck-with-the-function-of-for-loop-and-its-role-in-the-main-m
/questions/41245917/what-are-the-benefits-of-gray-code-in-evolutionary-computation
/questions/10265634/whats-the-algorithm-to-achieve-the-pop-up-book-effects
/questions/71945570/speed-of-swapping-elements-in-a-doubly-linked-list-vs-a-singly-list
/questions/561949/what-are-some-c-standard-library-usage-best-practices
/questions/26901130/how-to-study-graph-data-structures-and-bfs-dfs
/questions/29386146/what-are-abstract-data-types-in-algorithms-and-why-do-we-need-them
/questions/13411655/solve-the-sparse-triangular-linear-system-in-matlab
/questions/29811990/shuffling-a-linked-list
/questions/5994966/looking-for-a-path-to-learn-the-math-required-to-understand-algorithm-books-th
/questions/71029145/why-is-this-binary-search-algorithm-returning-none-twice
/questions/65130901/java-problem-at-sorting-array-list-using-bubblesort
/questions/68231082/what-is-meant-by-calling-a-function-by-its-unqualified-name
/questions/7944728/methods-for-crossover-in-genetic-algorithms
/questions/69403049/how-to-use-yield-in-binarysearchtree
/questions/8404622/finding-duplicate-books
/questions/5434371/coding-mathematical-algorithms-should-i-use-variables-in-the-book-or-more-desc
/questions/37843295/book-recommendation-for-distributed-algorithms-to-understand-zookeeper-consul
/questions/10900683/loop-invariant-when-first-iteration-starts
/questions/24171601/confused-about-c-lg-n-in-introduction-to-algorithms-book-what-is-c
/questions/45972350/why-new-comparablecurrentmaxindex-2-11-10-while-construct-a-heap-from
/questions/60649825/is-it-possible-to-write-an-algorithm-that-takes-the-binary-tree-t-and-returns-an
/questions/3659914/priority-of-learning-programming-craft-and-other-suggestions
/questions/56486826/owl-formal-semantics
/questions/24472816/how-is-the-median-of-three-partitioning-in-quick-sort-improve-about-5-efficienc
/questions/47710012/a-book-that-contains-shors-algorithm-mceliece-cryptosystem-lattice-based-cry
/questions/8761860/design-an-algorithm-find-the-most-frequently-used-word-in-a-book
/questions/6689817/personalized-auto-complete
/questions/40862578/how-to-understand-watkinss-q%ce%bb-learning-algorithm-in-suttonbartos-rl-book
/questions/20522142/how-to-write-a-regex-to-extract-information-from-html
/questions/62002479/trying-to-write-the-division-algorithm-in-sympy-which-apparently-has-its-own-tru
/questions/42460246/javascript-dfs-topological-recursive-function
/questions/57416429/why-cant-i-set-default-parameters-to-a-recursive-binary-search-function
/questions/17744306/latent-fingerprint-segmentation-finding-roi
/questions/6814061/is-there-any-hello-world-example-type-basic-tutorial-for-heuristics-or-meta-he
/questions/18950698/recursive-functions-difficult-to-comprehend
/questions/29606224/how-to-efficiently-work-through-algorithms-on-paper
/questions/39336407/implementation-of-singly-linked-list-from-loudons-algorithm-book
/questions/24818201/what-structure-and-algorithm-use-for-building-genealogy-tree
/questions/3883922/c-simple-polymorphism-issue
/questions/32979385/trouble-understanding-of-lowercase-vs-uppercase-n-in-algorithms-book
/questions/27937246/construction-of-state-machine-in-string-maching-in-book-algorithm-by-clrs
/questions/52161633/search-a-book-name-by-using-prefix-in-less-complexity-java
/questions/6853728/specifics-books-or-open-source-projects-about-p2p-algorithms
/questions/51105010/how-can-i-raise-an-eof-error
/questions/8522536/paragraph-breakage-one-page-to-the-other-page-in-detail-section-of-crystal-rep
/questions/28872519/recursive-implementation-of-a-singly-linked-list-class-in-python
/questions/6666537/does-anybody-know-an-implementation-of-yarowskys-algorithm
/questions/25986908/analysis-of-binary-search
/questions/43415859/java-why-declare-an-array-as-a-type-of-interface
/questions/5533856/how-to-calculate-the-fundamental-matrix-for-stereo-vision
/questions/24537366/average-complexity-of-binary-search-for-an-unsuccessful-search
/questions/39715764/using-the-definition-of-o-prove-each-of-the-following-by-finding-explicit-integ
/questions/59021523/how-to-control-nil-in-this-binary-search-algorithm
/questions/68930017/implementing-insertion-sort-in-python
/questions/12189698/string-permutations-in-java-non-recursive
/questions/30534068/spark-counting-co-occurrence-algorithm-for-efficient-multi-pass-filtering-of
/questions/18231027/data-set-for-recommendation-system
/questions/35421319/how-to-define-what-is-the-elementary-operation-in-an-algorithm
/questions/49822078/why-is-there-no-n-step-q-learning-algorithm-in-suttons-rl-book
/questions/46233475/cant-access-to-iterator-from-derived-class
/questions/54709615/errors-with-generic-singly-linked-list-c
/questions/39385566/is-there-any-algorithm-to-allocate-continuous-3-seats-in-flight-while-having-som
/questions/15791086/core-data-to-many-relationship-nspredicate-to-fetch
/questions/43145395/time-complexity-while-deleting-last-element-from-arraylist-and-linkedlist
/questions/72307816/algorithms-for-repairing-ssaa-form-after-modifying-the-call-flow-graph
/questions/73295845/is-there-an-algorithm-to-filter-out-sentence-fragments
/questions/37944110/implementing-linear-search-algorithm-in-javascript
/questions/11379467/how-does-this-bst-node-deletion-algorithm-work
/questions/47844535/division-algorithm-provided-in-sanjoy-dasgupta
/questions/38802765/segmentation-fault-11-when-i-test-heapsort-code-from-book-introduction-to-alg
/questions/28681548/java-why-is-this-implementation-of-a-binary-heap-faster-than-the-other
/questions/35402440/why-wont-this-merge-sort-implementation-work
/questions/70585317/how-do-leader-selection-algorithms-work-in-distributed-systems
/questions/13209627/numerical-recipes-for-hadoop
/questions/24791555/resize-canvas-accordingly-to-screen-size-and-printing-images-to-canvas
/questions/63239582/what-does-worst-case-big-omegan-means
/questions/3957091/project-organization-with-professionals-and-students
/questions/991920/c-open-source-project-recommend
/questions/51681499/explaining-python-example-code-for-backtracking-algorithm
/questions/3957091/project-organization-with-professionals-and-students
/questions/1575061/ga-written-in-java
/questions/25728941/making-a-list-of-books-that-cover-topics-of-a-typical-cs-undergrad
/questions/41974557/why-is-heap-well-suited-for-merging-sorted-streams
/questions/31311825/hashing-separate-chaining-with-linked-list-in-javascript
/questions/1920031/strassens-algorithm-for-matrix-multiplication
/questions/45045482/how-to-access-dictionary-values-when-you-cant-input-the-key
/questions/19648171/what-is-the-meaning-of-constant-in-this-context
/questions/15395835/simple-multi-layer-neural-network-implementation
/questions/71957707/practicality-of-the-position-attribute-of-a-positional-list-implementation-in-py
/questions/25982748/linearizing-a-dag-with-multiple-sources
/questions/72345755/my-depth-first-search-function-seems-not-to-return-list-of-visited-nodes-i-need
/questions/18723336/why-tail-recursion-is-a-bad-use-of-recursion
/questions/40896829/univariate-root-finding-with-minimum-number-of-function-evaluations
/questions/19734934/binary-search-tree-remove-node
/questions/68531217/how-is-the-time-complexity-of-deletion-n-steps-aka-on
/questions/32675211/can-recursive-union-find-be-optimized
/questions/46501541/best-algorithm-which-detects-if-an-array-of-numbers-has-identical-numbers
/questions/62978170/cant-understand-the-behaviour-of-this-algorithm
/questions/23231686/learning-mahout-on-windows
/questions/68698460/difference-between-running-time-and-execution-time-in-algorithm
/questions/14997151/how-this-formula-is-deriving-2n-2n-2n1
/questions/14083313/ruby-algorithm-help-using-cron-jobs
/questions/32300100/java-variable-length-parameter-vs-array-simply-syntactic-sugar
/questions/37505479/finding-the-upper-bound-of-a-mathematical-function-function-analysis
/questions/7409756/linked-list-vs-dynamic-array-for-implementing-a-stack
/questions/27767778/how-to-implement-circular-linked-list-in-java
/questions/69996983/dijkstras-algorithm-negative-edge
/questions/14906452/slice-mysql-result
/questions/50976313/finding-if-an-item-is-available-for-booking-in-a-given-period-search-algorithm-w
/questions/42792770/how-to-implement-a-booking-structure-and-query-which-minimize-contention-between
/questions/38749037/errors-following-michael-halls-moore-algorithmic-trading
/questions/10916196/give-an-efficient-algorithm-both-space-time-to-find-the-10-most-frequent-wor
/questions/5762289/what-is-the-implication-of-recursive-calls-modeling-a-perfect-binary-tree
/questions/61364975/an-algorithm-for-computing-the-edit-distance-between-two-words
/questions/29000205/is-singleton-a-algorithm-and-is-it-covered-in-knuths
/questions/61389780/how-to-write-an-algorithm-that-receives-characters-one-by-one-and-displays-them
/questions/66973682/what-do-the-constant-factors-in-a-time-complexity-equation-represent
/questions/8744278/simultaneous-sort-c
/questions/31859478/why-the-function-is-o2n3-and-not-on3
/questions/5606244/can-i-find-another-course-similar-to-this-uc-berkeley-course
/questions/7573021/what-are-some-good-resources-for-learning-algorithm-optimization
/questions/37840651/implementing-knuth-morris-pratt-kmp-algorithm-for-string-matching-with-python
/questions/14414183/algorithms-in-java-from-prims-mst-to-dijkstra-spt
/questions/23096531/knowing-what-the-contents-of-variables-are-going-to-be-how-do-i-determine-what
/questions/1050367/where-can-i-find-online-examples-of-cormens-assembly-line-scheduling
/questions/36160195/having-trouble-understanding-how-many-arrays-are-actually-created-in-the-merge-s
/questions/7357053/insertion-sort-pseudocode-question
/questions/29596615/python-notation-form-textbook
/questions/27284236/my-knapsack-algorithm-keeps-running-without-returning-an-answer
/questions/65681472/linked-list-remove-duplicates-algorithm-in-c-java
/questions/41473874/display-different-windows-within-a-panel-in-a-form-windows-forms-application
/questions/60052873/how-to-implement-deque-data-structure-in-javascript
/questions/5538192/how-to-implement-a-queue-with-three-stacks
/questions/38817247/why-am-i-unable-to-use-obtain-any-results-by-using-sqlites-like-clause-in-an
/questions/22125797/symfony2-expected-array-got-integer-in-setting-in-password-encryption
/questions/19345765/why-in-stdin-stdout-is-not-resolved
/questions/22469577/why-the-depth-of-stack-can-be-olgn-in-quick-sort-in-introduction-to-algorithms
/questions/1387095/learn-c-to-understand-examples-in-book-fast-know-c-and-java-already
/questions/19148591/jquery-tablesorter-leave-the-first-row-intact
/questions/40419471/c-vs-python-for-a-simple-word-list-generator
/questions/32727194/subclass-access-of-private-member-variables-in-java
/questions/41092549/why-do-algorithms-text-book-uses-nondecreasing-instead-of-increasing-to-ment
/questions/17182383/does-the-disk-scanning-algorithm-scan-moves-to-sector-0-first-prior-to-going-to
/questions/5652357/references-for-data-normalization
/questions/16375266/counter-example-of-a-stable-matching
/questions/2919698/finding-recurrence-relations-of-an-algorithm
/questions/65205931/why-are-not-the-way-parameters-arguments-passed-considered-for-the-time-complexi
/questions/66685986/what-cause-the-error-ambiguous-call-to-overloaded-function
/questions/62226130/computing-data-within-nested-dictionaries
/questions/60956233/may-a-hashtable-store-its-keys-in-c
/questions/62335463/lexical-analysis-extraction-tokens-from-dfa-constructed-directly
/questions/22606037/what-algorithm-can-be-used-for-alerting-unusual-trends
/questions/76528834/confusion-while-finding-minimum-spanning-tree-with-kruskals-and-adjacency-list
/questions/2482488/bucket-sort-for-integers
/questions/21356772/abstract-syntax-tree-using-the-shunting-yard-algorithm
/questions/31111892/edge-following-algorithm-for-opencv-c
/questions/50660361/how-would-someone-create-a-machine-learning-algorithm-that-extracts-the-speaker
/questions/30395073/r-data-table-group-by-and-iterate-by-two-columns
/questions/13932464/algorithm-and-data-structure-to-find-and-store-superpixels-neighborhood-in-c
/questions/20874037/how-can-open-file-from-memory-or-buffer-in-android
/questions/7655099/poisson-variates-%ce%bb-and-arrival-rate-connection-java-network-simulation
/questions/32540608/hash-tables-finding-function-in-c
/questions/42516718/java-and-scala-tuple2-access-error
/questions/62420055/vector-labels-in-python
/questions/35531915/which-is-the-exactly-definition-of-2-3-tree
/questions/7142673/what-do-people-in-the-computer-graphics-industry-use-for-ray-tracing
/questions/522720/passing-a-method-as-a-parameter-in-ruby
