/questions/487258/what-is-a-plain-english-explanation-of-big-o-notation/487278?r=SearchResults#487278
/questions/5304245/good-books-and-resources-on-data-parallel-programming-and-algorithms?r=SearchResults
/questions/730620/how-does-a-hash-table-work/730813?r=SearchResults#730813
/questions/1249465/data-structures-and-algorithms-e-books?r=SearchResults
/questions/10168686/image-processing-algorithm-improvement-for-coca-cola-can-recognition?r=SearchResults
/questions/24410912/books-ways-to-learn-data-structures-and-algorithms?r=SearchResults
/questions/5085729/data-structures-and-algorithms-book-for-the-practitioner-not-for-the-academic?r=SearchResults
/questions/2657504/choice-of-programming-language-for-learning-data-structures-and-algorithms?r=SearchResults
/questions/4756022/best-books-sites-blogs-to-learn-datastructures-and-algorithms-as-a-starting-leve?r=SearchResults
/questions/73018129/what-is-the-best-book-to-prepare-for-data-structures-and-algorithms-from-scratch?r=SearchResults
/questions/54018929/running-old-java-applets-from-book-data-structures-and-algorithms-in-java?r=SearchResults
/questions/3255/big-o-how-do-you-calculate-approximate-it/4852666?r=SearchResults#4852666
/questions/2438251/which-data-structures-and-algorithms-book-should-i-buy?r=SearchResults
/questions/53098111/questions-regarding-code-in-a-data-structures-and-algorithms-book?r=SearchResults
/questions/63959491/dequeue-implementation-in-queue-class-from-book-data-structure-and-algorithms-i?r=SearchResults
/questions/4664926/data-structures-and-algorithm-book-for-c?r=SearchResults
/questions/455627/head-first-style-data-structures-algorithms-book?r=SearchResults
/questions/1857244/what-are-the-differences-between-np-np-complete-and-np-hard/1857342?r=SearchResults#1857342
/questions/549/the-definitive-guide-to-form-based-website-authentication/477578?r=SearchResults#477578
/questions/58888145/any-good-resources-on-data-structures-and-algorithms-in-haskell?r=SearchResults
/questions/70372161/linkedlist-c-sharp-data-structures-and-algorithms-using-c-sharp-michael-mcmilla?r=SearchResults
/questions/4348406/special-effects-algorithm-library-and-books?r=SearchResults
/questions/12305848/algorithm-to-assign-library-books-to-members-such-that-maximum-members-are-satis?r=SearchResults
/questions/45016210/can-i-add-a-new-header-in-a-circular-doubly-linked-list?r=SearchResults
/questions/58273906/how-do-you-approach-solving-data-structures-and-algorithms-problems?r=SearchResults
/questions/31993547/skip-list-explanation-data-structures-and-algorithms-in-c-by-adam-drozdek?r=SearchResults
/questions/1218782/data-mining-statistics-collective-intelligence-and-ai-algorithms-books-and-pro?r=SearchResults
/questions/51687777/strategies-to-learn-data-structures-especially-the-code-part?r=SearchResults
/questions/1276987/is-algorithm-design-manual-a-good-book-for-a-beginner-in-algorithms?r=SearchResults
/questions/64185781/what-is-the-right-time-complexity-of-this-function?r=SearchResults
/questions/562303/the-definitive-c-book-guide-and-list/562377?r=SearchResults#562377
/questions/1823975/dsp-algorithms-book?r=SearchResults
/questions/9877699/any-data-structures-algorithms-books-w-examples-in-objective-c-or-other-keywo?r=SearchResults
/questions/26181785/is-data-structure-and-algorithm-same-for-all-programming-languages?r=SearchResults
/questions/59161988/how-can-i-fix-this-textbook-program-to-add-polynomials-in-c?r=SearchResults
/questions/43009074/explanation-of-a-function-definition-in-logic-gate-code-in-problems-in-data-stru?r=SearchResults
/questions/2813401/books-on-string-algorithms?r=SearchResults
/questions/9935027/cout-does-not-name-a-type?r=SearchResults
/questions/31304947/how-does-this-delete-an-element-from-an-array?r=SearchResults
/questions/46017343/why-this-is-a-bad-bubble-sort-algorithm?r=SearchResults
/questions/76657365/merge-sorti-believe-code-in-the-book-is-wrong?r=SearchResults
/questions/22446693/transforms-begin-s-end-s-begin-tolower-cant-be-compiled-in-xcode-5?r=SearchResults
/questions/34744597/a-hotel-booking-algorithm?r=SearchResults
/questions/58258764/algo-getnodebyid-unknown-function-graph-algorithms-book?r=SearchResults
/questions/12084315/algorithms-and-complexity-book?r=SearchResults
/questions/3102431/book-request-distributed-algorithms?r=SearchResults
/questions/59045309/is-it-possible-to-also-delete-certain-edges-as-well-in-a-weighted-graph?r=SearchResults
/questions/2441845/why-are-algorithms-and-data-structures-treated-as-separate-disciplines?r=SearchResults
/questions/794870/algorithm-for-suggesting-products?r=SearchResults
/questions/6718052/data-structures-and-algorithms-book-in-java-5-or-6-or-scala-for-programmers-and?r=SearchResults
/questions/14956911/array-search-code?r=SearchResults
/questions/6721816/do-we-need-to-know-find-analyze-every-case-best-average-and-worst-all-scena?r=SearchResults
/questions/32426732/how-does-binary-sum-use-olog-n-space?r=SearchResults
/questions/34380201/difference-nullpointer-between-if-and-forloop?r=SearchResults
/questions/10683138/algorithms-book-in-javascript-or-php?r=SearchResults
/questions/70832299/choose-data-structure-and-algorithm-for-assigning-books-to-category?r=SearchResults
/questions/33530928/insertion-sort-algorithm-on-javascript?r=SearchResults
/questions/68055983/i-cant-seem-to-understand-the-logic-behind-the-setnextpin-function-in-this-cod?r=SearchResults
/questions/63321186/does-time-complexity-for-an-algorithm-or-program-ever-change-with-different-prog?r=SearchResults
/questions/54462260/how-is-unrolled-linked-list-better-than-linked-list?r=SearchResults
/questions/2154055/which-topic-in-discrete-mathematics-is-considered-as-a-prerequisite-for-data-str?r=SearchResults
/questions/61725797/generate-all-the-strings-of-length-n-drawn-from-0-k-1?r=SearchResults
/questions/5992382/data-visualisation-algorithm-books?r=SearchResults
/questions/29454764/node-js-or-java-for-a-online-cab-project?r=SearchResults
/questions/61140084/how-i-can-show-the-correctness-of-brute-force-tsp-algorithm?r=SearchResults
/questions/3144341/delete-in-binary-search-tree?r=SearchResults
/questions/636821/choice-of-programming-language-in-book-on-algorithms?r=SearchResults
/questions/2306971/advanced-c-or-c-book?r=SearchResults
/questions/15732745/pattern-recognition-and-algorithms-vs-neural-networks?r=SearchResults
/questions/56330001/retrieve-foreignkey-from-views-before-saving-in-django?r=SearchResults
/questions/75175251/image-processing-book-contour?r=SearchResults
/questions/5085729/data-structures-and-algorithms-book-for-the-practitioner-not-for-the-academic/5087147?r=SearchResults#5087147
/questions/71904147/i-got-problem-a-about-to-call-func-from-class?r=SearchResults
/questions/58369296/dictionary-assignment-in-python-or-strange-abstraction?r=SearchResults
/questions/54053745/why-use-node-getnext-null-as-a-convention-for-defunct-node?r=SearchResults
/questions/42037014/whats-the-big-o-of-this-base-converter?r=SearchResults
/questions/33777452/what-is-usage-of-positione-with-iterators-in-java?r=SearchResults
/questions/2794016/what-should-every-programmer-know-about-security?r=SearchResults
/questions/31151423/learning-and-applying-algorithms-for-applications?r=SearchResults
/questions/58272894/i-found-a-mistake-in-the-book-grokking-algorithms?r=SearchResults
/questions/57772687/generating-magic-square-algorithm-algorithm-is-from-a-book?r=SearchResults
/questions/22551471/telephone-book-algorithm?r=SearchResults
/questions/52939400/average-case-analysis-resources-to-practice?r=SearchResults
/questions/55211742/binary-tree-explanation-why-does-this-work?r=SearchResults
/questions/11064717/web-book-reader-pagination-algorithm?r=SearchResults
/questions/52861277/write-a-java-program-to-evaluate-an-expression-in-postfix-notation-data-struct?r=SearchResults
/questions/5378754/need-open-cv-algorithms-book?r=SearchResults
/questions/34847324/movie-schedule-algorithm-in-algorithm-design-manual-book?r=SearchResults
/questions/4543631/algorithm-for-placing-textual-non-textual-content-in-a-book-layout?r=SearchResults
/questions/31766550/algorithm-to-identify-book-titles-in-tweets?r=SearchResults
/questions/50283573/c-sharp-recursion-data-structures-and-algorithms-how-does-this-program-print?r=SearchResults
/questions/74180980/how-to-change-an-instance-attribute-without-changing-another-instance-attribute?r=SearchResults
/questions/50806931/do-we-do-algorithm-analysis-based-on-a-model-of-computation-or-do-we-do-it-based?r=SearchResults
/questions/2495853/good-websites-and-or-books-to-learn-game-algorithms?r=SearchResults
/questions/1139712/programming-question-book-for-c-sharp-developers-algorithms-for?r=SearchResults
/questions/74703895/python-pattern-matching-function-for-nested-list?r=SearchResults
/questions/63720866/jump-search-algorithm-error-in-the-pseudocode?r=SearchResults
/questions/51110364/figuring-out-whats-going-on-this-code-recursive-descent-case-study?r=SearchResults
/questions/24453451/autoencoders-papers-and-books-regarding-algorithms-for-training?r=SearchResults
/questions/14111660/what-is-the-difference-between-a-node-and-a-vertex/14111726?r=SearchResults#14111726
/questions/487258/what-is-a-plain-english-explanation-of-big-o-notation/487278?r=SearchResults#487278
/questions/5304245/good-books-and-resources-on-data-parallel-programming-and-algorithms?r=SearchResults
/questions/730620/how-does-a-hash-table-work/730813?r=SearchResults#730813
/questions/1249465/data-structures-and-algorithms-e-books?r=SearchResults
/questions/10168686/image-processing-algorithm-improvement-for-coca-cola-can-recognition?r=SearchResults
/questions/24410912/books-ways-to-learn-data-structures-and-algorithms?r=SearchResults
/questions/5085729/data-structures-and-algorithms-book-for-the-practitioner-not-for-the-academic?r=SearchResults
/questions/2657504/choice-of-programming-language-for-learning-data-structures-and-algorithms?r=SearchResults
/questions/4756022/best-books-sites-blogs-to-learn-datastructures-and-algorithms-as-a-starting-leve?r=SearchResults
/questions/73018129/what-is-the-best-book-to-prepare-for-data-structures-and-algorithms-from-scratch?r=SearchResults
/questions/54018929/running-old-java-applets-from-book-data-structures-and-algorithms-in-java?r=SearchResults
/questions/2438251/which-data-structures-and-algorithms-book-should-i-buy?r=SearchResults
/questions/3255/big-o-how-do-you-calculate-approximate-it/4852666?r=SearchResults#4852666
/questions/53098111/questions-regarding-code-in-a-data-structures-and-algorithms-book?r=SearchResults
/questions/63959491/dequeue-implementation-in-queue-class-from-book-data-structure-and-algorithms-i?r=SearchResults
/questions/4664926/data-structures-and-algorithm-book-for-c?r=SearchResults
/questions/455627/head-first-style-data-structures-algorithms-book?r=SearchResults
/questions/1857244/what-are-the-differences-between-np-np-complete-and-np-hard/1857342?r=SearchResults#1857342
/questions/549/the-definitive-guide-to-form-based-website-authentication/477578?r=SearchResults#477578
/questions/58888145/any-good-resources-on-data-structures-and-algorithms-in-haskell?r=SearchResults
/questions/70372161/linkedlist-c-sharp-data-structures-and-algorithms-using-c-sharp-michael-mcmilla?r=SearchResults
/questions/4348406/special-effects-algorithm-library-and-books?r=SearchResults
/questions/12305848/algorithm-to-assign-library-books-to-members-such-that-maximum-members-are-satis?r=SearchResults
/questions/45016210/can-i-add-a-new-header-in-a-circular-doubly-linked-list?r=SearchResults
/questions/58273906/how-do-you-approach-solving-data-structures-and-algorithms-problems?r=SearchResults
/questions/31993547/skip-list-explanation-data-structures-and-algorithms-in-c-by-adam-drozdek?r=SearchResults
/questions/1218782/data-mining-statistics-collective-intelligence-and-ai-algorithms-books-and-pro?r=SearchResults
/questions/51687777/strategies-to-learn-data-structures-especially-the-code-part?r=SearchResults
/questions/1276987/is-algorithm-design-manual-a-good-book-for-a-beginner-in-algorithms?r=SearchResults
/questions/64185781/what-is-the-right-time-complexity-of-this-function?r=SearchResults
/questions/562303/the-definitive-c-book-guide-and-list/562377?r=SearchResults#562377
/questions/1823975/dsp-algorithms-book?r=SearchResults
/questions/9877699/any-data-structures-algorithms-books-w-examples-in-objective-c-or-other-keywo?r=SearchResults
/questions/26181785/is-data-structure-and-algorithm-same-for-all-programming-languages?r=SearchResults
/questions/59161988/how-can-i-fix-this-textbook-program-to-add-polynomials-in-c?r=SearchResults
/questions/43009074/explanation-of-a-function-definition-in-logic-gate-code-in-problems-in-data-stru?r=SearchResults
/questions/2813401/books-on-string-algorithms?r=SearchResults
/questions/9935027/cout-does-not-name-a-type?r=SearchResults
/questions/31304947/how-does-this-delete-an-element-from-an-array?r=SearchResults
/questions/46017343/why-this-is-a-bad-bubble-sort-algorithm?r=SearchResults
/questions/76657365/merge-sorti-believe-code-in-the-book-is-wrong?r=SearchResults
/questions/58258764/algo-getnodebyid-unknown-function-graph-algorithms-book?r=SearchResults
/questions/34744597/a-hotel-booking-algorithm?r=SearchResults
/questions/22446693/transforms-begin-s-end-s-begin-tolower-cant-be-compiled-in-xcode-5?r=SearchResults
/questions/12084315/algorithms-and-complexity-book?r=SearchResults
/questions/59045309/is-it-possible-to-also-delete-certain-edges-as-well-in-a-weighted-graph?r=SearchResults
/questions/3102431/book-request-distributed-algorithms?r=SearchResults
/questions/2441845/why-are-algorithms-and-data-structures-treated-as-separate-disciplines?r=SearchResults
/questions/794870/algorithm-for-suggesting-products?r=SearchResults
/questions/6718052/data-structures-and-algorithms-book-in-java-5-or-6-or-scala-for-programmers-and?r=SearchResults
/questions/14956911/array-search-code?r=SearchResults
/questions/6721816/do-we-need-to-know-find-analyze-every-case-best-average-and-worst-all-scena?r=SearchResults
/questions/34380201/difference-nullpointer-between-if-and-forloop?r=SearchResults
/questions/10683138/algorithms-book-in-javascript-or-php?r=SearchResults
/questions/70832299/choose-data-structure-and-algorithm-for-assigning-books-to-category?r=SearchResults
/questions/32426732/how-does-binary-sum-use-olog-n-space?r=SearchResults
/questions/33530928/insertion-sort-algorithm-on-javascript?r=SearchResults
/questions/68055983/i-cant-seem-to-understand-the-logic-behind-the-setnextpin-function-in-this-cod?r=SearchResults
/questions/54462260/how-is-unrolled-linked-list-better-than-linked-list?r=SearchResults
/questions/63321186/does-time-complexity-for-an-algorithm-or-program-ever-change-with-different-prog?r=SearchResults
/questions/2154055/which-topic-in-discrete-mathematics-is-considered-as-a-prerequisite-for-data-str?r=SearchResults
/questions/61725797/generate-all-the-strings-of-length-n-drawn-from-0-k-1?r=SearchResults
/questions/5992382/data-visualisation-algorithm-books?r=SearchResults
/questions/29454764/node-js-or-java-for-a-online-cab-project?r=SearchResults
/questions/61140084/how-i-can-show-the-correctness-of-brute-force-tsp-algorithm?r=SearchResults
/questions/3144341/delete-in-binary-search-tree?r=SearchResults
/questions/636821/choice-of-programming-language-in-book-on-algorithms?r=SearchResults
/questions/2306971/advanced-c-or-c-book?r=SearchResults
/questions/15732745/pattern-recognition-and-algorithms-vs-neural-networks?r=SearchResults
/questions/56330001/retrieve-foreignkey-from-views-before-saving-in-django?r=SearchResults
/questions/75175251/image-processing-book-contour?r=SearchResults
/questions/5085729/data-structures-and-algorithms-book-for-the-practitioner-not-for-the-academic/5087147?r=SearchResults#5087147
/questions/71904147/i-got-problem-a-about-to-call-func-from-class?r=SearchResults
/questions/58369296/dictionary-assignment-in-python-or-strange-abstraction?r=SearchResults
/questions/54053745/why-use-node-getnext-null-as-a-convention-for-defunct-node?r=SearchResults
/questions/42037014/whats-the-big-o-of-this-base-converter?r=SearchResults
/questions/33777452/what-is-usage-of-positione-with-iterators-in-java?r=SearchResults
/questions/2794016/what-should-every-programmer-know-about-security?r=SearchResults
/questions/58272894/i-found-a-mistake-in-the-book-grokking-algorithms?r=SearchResults
/questions/31151423/learning-and-applying-algorithms-for-applications?r=SearchResults
/questions/57772687/generating-magic-square-algorithm-algorithm-is-from-a-book?r=SearchResults
/questions/22551471/telephone-book-algorithm?r=SearchResults
/questions/52939400/average-case-analysis-resources-to-practice?r=SearchResults
/questions/55211742/binary-tree-explanation-why-does-this-work?r=SearchResults
/questions/11064717/web-book-reader-pagination-algorithm?r=SearchResults
/questions/52861277/write-a-java-program-to-evaluate-an-expression-in-postfix-notation-data-struct?r=SearchResults
/questions/5378754/need-open-cv-algorithms-book?r=SearchResults
/questions/34847324/movie-schedule-algorithm-in-algorithm-design-manual-book?r=SearchResults
/questions/4543631/algorithm-for-placing-textual-non-textual-content-in-a-book-layout?r=SearchResults
/questions/50283573/c-sharp-recursion-data-structures-and-algorithms-how-does-this-program-print?r=SearchResults
/questions/31766550/algorithm-to-identify-book-titles-in-tweets?r=SearchResults
/questions/74180980/how-to-change-an-instance-attribute-without-changing-another-instance-attribute?r=SearchResults
/questions/50806931/do-we-do-algorithm-analysis-based-on-a-model-of-computation-or-do-we-do-it-based?r=SearchResults
/questions/2495853/good-websites-and-or-books-to-learn-game-algorithms?r=SearchResults
/questions/1139712/programming-question-book-for-c-sharp-developers-algorithms-for?r=SearchResults
/questions/74703895/python-pattern-matching-function-for-nested-list?r=SearchResults
/questions/63720866/jump-search-algorithm-error-in-the-pseudocode?r=SearchResults
/questions/51110364/figuring-out-whats-going-on-this-code-recursive-descent-case-study?r=SearchResults
/questions/24453451/autoencoders-papers-and-books-regarding-algorithms-for-training?r=SearchResults
/questions/8548914/supplement-code-for-the-algorithms-in-java-part-5-book-sedgewick?r=SearchResults
/questions/8548914/supplement-code-for-the-algorithms-in-java-part-5-book-sedgewick?r=SearchResults
/questions/46839540/do-equal-elements-preserve-their-order-in-insertion-sort-algorithm?r=SearchResults
/questions/40271237/find-the-nth-node-from-the-end-of-a-linked-list-using-python-and-hash-table?r=SearchResults
/questions/74170285/an-algorithm-from-the-jean-meeus-book?r=SearchResults
/questions/8066861/book-sources-on-termination-conditions-in-genetic-algorithms?r=SearchResults
/questions/30275584/a-smart-brute-force-algorithm-for-finding-a-book?r=SearchResults
/questions/61538037/space-complexity-of-a-recursive-algorithm-from-the-ctci-book?r=SearchResults
/questions/60317664/how-to-learn-tensorflow2-0-quickly-and-efficiently?r=SearchResults
/questions/15139930/working-with-quicksort?r=SearchResults
/questions/7841896/book-recommendation-system-using-machine-learning?r=SearchResults
/questions/62989871/how-to-calculate-time-complexity-of-this-algorithm?r=SearchResults
/questions/28743162/python-book-searching-algorithm?r=SearchResults
/questions/64014477/remove-an-anchor-from-queryselectorall-output?r=SearchResults
/questions/4417257/trie-data-structure-in-java-phone-book-application?r=SearchResults
/questions/68959859/python-equivalent-for-javascript-linear-duplicate-function?r=SearchResults
/questions/71610956/understanding-trie-tree-implementation-in-javascript?r=SearchResults
/questions/47895480/what-does-colon-in-the-following-c-code-means?r=SearchResults
/questions/20996602/why-is-theta-notation-never-used?r=SearchResults
/questions/22059978/ruby-rails-sort-array-by-each-items-similarity?r=SearchResults
/questions/4182517/what-data-structure-to-use?r=SearchResults
/questions/74868502/how-to-use-more-than-one-iterator-to-traverse-a-linked-list-in-java?r=SearchResults
/questions/34690800/maximum-depth-of-a-tree-using-a-queue?r=SearchResults
/questions/23734632/php-yii-framework-booking-system-algorithm?r=SearchResults
/questions/7973468/algorithms-and-data-structures-should-i-study-language-specific-books-or-gener?r=SearchResults
/questions/44556207/an-algorithm-to-operate-on-a-binary-tree-leaves?r=SearchResults
/questions/47101450/how-to-return-inside-a-try-catch-in-a-recursive-method?r=SearchResults
/questions/25344041/constructors-to-type-t?r=SearchResults
/questions/70558701/is-this-quicksort-algorithm-from-grokking-algorithm-book-correct?r=SearchResults
/questions/70990455/how-to-sort-the-contents-of-a-list?r=SearchResults
/questions/6230873/should-nodes-of-trees-and-similar-data-structures-be-visible-to-the-outside?r=SearchResults
/questions/6964392/speed-comparison-with-project-euler-c-vs-python-vs-erlang-vs-haskell?r=SearchResults
/questions/34084218/lucene-learning-difficulty?r=SearchResults
/questions/27991279/maths-for-university-software-development-degree?r=SearchResults
/questions/61512285/why-reentrantlock-algorithm-from-book-is-not-working?r=SearchResults
/questions/65640786/query-about-how-to-use-the-raise-keyword-in-python?r=SearchResults
/questions/32023083/find-size-of-binary-tree-recursively?r=SearchResults
/questions/5459575/list-of-mathematics-areas-to-learn-for-understanding-the-algorithm-analysis-book?r=SearchResults
/questions/6081292/templated-2d-array-error?r=SearchResults
/questions/53929579/when-to-use-and-e-java-generics?r=SearchResults
/questions/61870730/deque-with-circular-array-implementation?r=SearchResults
/questions/467986/where-can-i-find-a-free-c-sharp-ebook/467995?r=SearchResults#467995
/questions/10025286/good-book-on-drawing-algorithms-preferably-in-c-or-c?r=SearchResults
/questions/61390279/issue-with-number-of-arguments-in-init-while-using-inheritance?r=SearchResults
/questions/61750049/arrays-and-algorithm?r=SearchResults
/questions/68234770/book-content-classification-with-artificial-intelligence?r=SearchResults
/questions/21292043/java-local-object-variables-scope?r=SearchResults
/questions/63046708/why-heapsort-time-complexity-is-given-in-big-ohn-log-n-in-clrs-algorithm-book?r=SearchResults
/questions/16300684/quicksort-3-way-partitioning-in-java-libraries?r=SearchResults
/questions/74345921/performance-comparsion-algorithm-s-and-algorithm-z?r=SearchResults
/questions/4458836/bfs-algorithm-introduction-to-algorithms-book-by-cormen-leiserson-etal?r=SearchResults
/questions/4458836/bfs-algorithm-introduction-to-algorithms-book-by-cormen-leiserson-etal?r=SearchResults
/questions/31017350/essential-algorithms-book-clarification-required?r=SearchResults
/questions/56615003/bfs-traversal-of-a-linked-list-trie-tree-in-python?r=SearchResults
/questions/59515244/is-a-python-list-the-same-list-as-defined-by-my-data-structures-and-algorithms-t?r=SearchResults
/questions/60120350/order-book-matching-program-algorithm?r=SearchResults
/questions/21322553/descendent-ancestor-query?r=SearchResults
/questions/12813164/implementing-stacks-pop-method-with-recursion?r=SearchResults
/questions/74760646/time-complexity-for-convex-hull?r=SearchResults
/questions/36569822/why-is-my-sorting-algorithm-faster-than-the-one-in-introduction-to-algorithms?r=SearchResults
/questions/4756022/best-books-sites-blogs-to-learn-datastructures-and-algorithms-as-a-starting-leve/4756085?r=SearchResults#4756085
/questions/40704169/unrolled-linked-lists-and-skip-lists?r=SearchResults
/questions/38724489/intuitive-explanation-of-binary-tree-traversals-without-recursion?r=SearchResults
/questions/58274398/how-merge-sort-works-at-arrays-of-length-n?r=SearchResults
/questions/32567814/iterator-for-elements-in-qgraphicsscene?r=SearchResults
/questions/29895351/what-is-the-best-algorithm-to-sort-an-almost-sorted-books-in-a-library?r=SearchResults
/questions/28629792/arrays-and-search-algorithms-how-is-the-average-n-2-steps-to-search-an-array?r=SearchResults
/questions/33749145/why-have-to-use-friend-function?r=SearchResults
/questions/44340919/proof-by-induction-of-a-recursive-pseudo-code-skiena-algorithm-book?r=SearchResults
/questions/59258860/are-these-two-different-formulas-for-value-iteration-update-equivalent?r=SearchResults
/questions/43016146/can-a-linked-list-be-sorted-by-changing-the-references?r=SearchResults
/questions/19644435/is-there-a-name-for-the-algorithm-solutions-for-booking-rooms-with-the-least-ro?r=SearchResults
/questions/28124760/height-of-general-tree?r=SearchResults
/questions/43252588/spanning-tree-vs-spanning-forest?r=SearchResults
/questions/3965891/fundamentals-and-maths-required-for-algorithms/3965942?r=SearchResults#3965942
/questions/56918946/faulty-code-from-book-on-viewing-bubble-sort?r=SearchResults
/questions/4833423/shell-sort-java-example/17543917?r=SearchResults#17543917
/questions/8060683/how-to-implement-a-simple-hash-table-eg-using-just-arrays/8060856?r=SearchResults#8060856
/questions/8131825/algorithms-for-calculating-the-similarity-of-numerous-documents-e-g-books-of-t?r=SearchResults
/questions/62622485/drawing-the-repeated-square-diagram-of-power2-6-in-a-recursively?r=SearchResults
/questions/9374878/what-to-read-on-distributed-computing?r=SearchResults
/questions/58104345/integer-range-in-square-root-algorithm-of-cracking-the-code-book?r=SearchResults
/questions/15565634/execution-time-high-vs-low-level-programming-language?r=SearchResults
/questions/32527026/shortest-path-in-javascript?r=SearchResults
/questions/76440386/intersection-of-arrays-algorithm?r=SearchResults
/questions/61006937/understanding-sorting-algorithm-from-computer-science-distilled-book?r=SearchResults
/questions/3274298/is-a-java-book-enough-or-should-i-have-to-learn-algorithms-first?r=SearchResults
/questions/41750128/python-creating-a-hardware-array?r=SearchResults
/questions/22873/language-books-tutorials-for-popular-languages?r=SearchResults
/questions/7769900/algorithm-for-calculating-probabilities-of-a-number-being-drawn-opening-a-book?r=SearchResults
/questions/2959403/making-more-recent-items-more-likely-to-be-drawn?r=SearchResults
/questions/69054573/definition-of-position-for-list-adt-singly-linked-list-implementation?r=SearchResults
/questions/20752062/cannot-understand-how-my-book-is-counting-algorithm-steps?r=SearchResults
/questions/49904064/about-time-complexity-of-arraylist-and-linkedlist?r=SearchResults
/questions/1178479/algorithm-for-music-imitation/1178527?r=SearchResults#1178527
/questions/10052382/error-on-include-the-fstream-h-header?r=SearchResults
/questions/40073460/exception-handling-in-a-class-c?r=SearchResults
/questions/1539069/practical-uses-of-different-data-structures/7186075?r=SearchResults#7186075
/questions/5205491/whats-the-difference-between-stl-and-c-standard-library/5205571?r=SearchResults#5205571
/questions/8703971/duplicate-entries-in-binary-search-tree/8704143?r=SearchResults#8704143
/questions/69391364/why-is-this-algorithm-on-2sqr?r=SearchResults
/questions/57715300/avoiding-collisions-of-time-on-venue-booking-algorithm?r=SearchResults
/questions/49460104/how-to-set-up-comparator-for-quicksort?r=SearchResults
/questions/12112159/on-calculating-the-complexity-of-algorithm-from-clrs-book?r=SearchResults
/questions/59505156/procedure-code-unavailable-for-the-graph-algorithm-book?r=SearchResults
/questions/32031497/set-distance-as-similarity-metric-for-minhashing-algorithm?r=SearchResults
/questions/44536956/a-statement-from-heapsort-algorithm-in-clrs-book?r=SearchResults
/questions/10200488/algorithm-to-find-the-top-3-occurring-words-in-a-book-of-1000-pages?r=SearchResults
/questions/10072080/suggest-resources-on-advance-data-structures/10072127?r=SearchResults#10072127
/questions/59911373/pisarze-data-analysis-task-from-polish-olimpiad-in-informatics?r=SearchResults
/questions/42836660/display-image-based-on-a-output-in-one-window-python?r=SearchResults
/questions/24479959/declaring-long-types-correctly-in-java?r=SearchResults
/questions/34926464/java-util-random-digging-a-bit-deep?r=SearchResults
/questions/13442611/how-can-i-generate-a-random-number-without-use-of-math-random/13443070?r=SearchResults#13443070
/questions/251781/how-to-find-the-kth-largest-element-in-an-unsorted-array-of-length-n-in-on/251884?r=SearchResults#251884
/questions/30535185/algorithm-to-find-a-group-seating-arrangement-for-an-open-book-test?r=SearchResults
/questions/14689884/what-are-the-file-compression-algorithms-available-for-txt-file-compression?r=SearchResults
/questions/25341222/speed-of-two-algorithms-rotating-a-sequence-from-the-book-programming-pearls?r=SearchResults
/questions/22487275/robust-measures-of-algorithmic-trading-based-on-robert-pardos-book?r=SearchResults
/questions/4060103/books-tutorials-on-how-to-do-object-oriented-analysis-and-design-of-algorithms?r=SearchResults
/questions/19155555/how-to-search-for-substring-using-functional-methods-without-index-iteration-i?r=SearchResults
/questions/2568446/what-are-the-best-portable-cross-platform-arbitrary-precision-math-libraries?r=SearchResults
/questions/26181785/is-data-structure-and-algorithm-same-for-all-programming-languages/26181846?r=SearchResults#26181846
/questions/25192113/simulating-integrals-with-monte-carlo-method?r=SearchResults
/questions/58551912/what-makes-prims-algorithm-avoid-cycles-in-the-code-in-cslr-book?r=SearchResults
/questions/5504856/algorithms-and-data-structures/5504940?r=SearchResults#5504940
/questions/45495824/non-negative-solution-to-system-of-linear-equations?r=SearchResults
/questions/61687879/c-programming-data-structure-in-c-book-confusion?r=SearchResults
/questions/2994959/beginners-book-for-net-and-c/2995031?r=SearchResults#2995031
/questions/48139023/is-the-vector-copied-twice-in-this-sample?r=SearchResults
/questions/76411884/cant-understand-this-lalr1-parsing-algorithm-in-aho-ullman-book?r=SearchResults
/questions/10684646/looking-for-a-good-introduction-on-trie/10684914?r=SearchResults#10684914
/questions/53369733/javascript-classes-making-variables-private-with-weakmap-and-still-using-this?r=SearchResults
/questions/27480411/how-to-find-a-place-where-to-insert-value-into-ordered-array-using-binary-search?r=SearchResults
/questions/66875358/simple-oops-demo-stuck-with-the-function-of-for-loop-and-its-role-in-the-main-m?r=SearchResults
/questions/333994/where-can-i-learn-how-to-combine-algorithms-and-data-structures/334974?r=SearchResults#334974
/questions/41245917/what-are-the-benefits-of-gray-code-in-evolutionary-computation?r=SearchResults
/questions/10265634/whats-the-algorithm-to-achieve-the-pop-up-book-effects?r=SearchResults
/questions/26898608/algorithm-analysis-of-recursion-and-iteration/26898677?r=SearchResults#26898677
/questions/71945570/speed-of-swapping-elements-in-a-doubly-linked-list-vs-a-singly-list?r=SearchResults
/questions/561949/what-are-some-c-standard-library-usage-best-practices?r=SearchResults
/questions/26901130/how-to-study-graph-data-structures-and-bfs-dfs?r=SearchResults
/questions/23091440/red-black-tree-implementation/23091937?r=SearchResults#23091937
/questions/29386146/what-are-abstract-data-types-in-algorithms-and-why-do-we-need-them?r=SearchResults
/questions/45659794/how-to-delete-and-search-object-by-name-linked-list-in-java/45661202?r=SearchResults#45661202
/questions/2438251/which-data-structures-and-algorithms-book-should-i-buy/2438277?r=SearchResults#2438277
/questions/16051823/how-to-make-haspmap-if-we-don-t-have-any-haspmap-api/16051957?r=SearchResults#16051957
/questions/5103790/point-me-in-the-right-direction-on-nlp-datastructures-and-search-algorithm/5103865?r=SearchResults#5103865
/questions/13411655/solve-the-sparse-triangular-linear-system-in-matlab?r=SearchResults
/questions/42361676/data-structure-for-time-and-memory-constraint/42361894?r=SearchResults#42361894
/questions/29811990/shuffling-a-linked-list?r=SearchResults
/questions/5994966/looking-for-a-path-to-learn-the-math-required-to-understand-algorithm-books-th?r=SearchResults
/questions/71029145/why-is-this-binary-search-algorithm-returning-none-twice?r=SearchResults
/questions/65130901/java-problem-at-sorting-array-list-using-bubblesort?r=SearchResults
/questions/68231082/what-is-meant-by-calling-a-function-by-its-unqualified-name?r=SearchResults
/questions/7330752/minimal-addition-chain-exponentiation/7332489?r=SearchResults#7332489
/questions/7944728/methods-for-crossover-in-genetic-algorithms?r=SearchResults
/questions/11714582/good-infix-to-prefix-implementation-in-python-that-covers-more-operators-e-g/52057554?r=SearchResults#52057554
/questions/8404622/finding-duplicate-books?r=SearchResults
/questions/69403049/how-to-use-yield-in-binarysearchtree?r=SearchResults
/questions/5434371/coding-mathematical-algorithms-should-i-use-variables-in-the-book-or-more-desc?r=SearchResults
/questions/3274298/is-a-java-book-enough-or-should-i-have-to-learn-algorithms-first/14237071?r=SearchResults#14237071
/questions/11276664/programmer-understanding-academic-writings-on-maths/11276968?r=SearchResults#11276968
/questions/10900683/loop-invariant-when-first-iteration-starts?r=SearchResults
/questions/37843295/book-recommendation-for-distributed-algorithms-to-understand-zookeeper-consul?r=SearchResults
/questions/24171601/confused-about-c-lg-n-in-introduction-to-algorithms-book-what-is-c?r=SearchResults
/questions/45972350/why-new-comparablecurrentmaxindex-2-11-10-while-construct-a-heap-from?r=SearchResults
/questions/9464275/linked-lists-and-trees-text-book/9465014?r=SearchResults#9465014
/questions/60649825/is-it-possible-to-write-an-algorithm-that-takes-the-binary-tree-t-and-returns-an?r=SearchResults
/questions/3659914/priority-of-learning-programming-craft-and-other-suggestions?r=SearchResults
/questions/56486826/owl-formal-semantics?r=SearchResults
/questions/14890882/what-knowledge-are-needed-if-i-want-to-understand-kalman-filters/14893449?r=SearchResults#14893449
/questions/1588385/good-collection-of-libraries-for-c/1588409?r=SearchResults#1588409
/questions/24472816/how-is-the-median-of-three-partitioning-in-quick-sort-improve-about-5-efficienc?r=SearchResults
/questions/47710012/a-book-that-contains-shors-algorithm-mceliece-cryptosystem-lattice-based-cry?r=SearchResults
/questions/8761860/design-an-algorithm-find-the-most-frequently-used-word-in-a-book?r=SearchResults
/questions/6689817/personalized-auto-complete?r=SearchResults
/questions/40862578/how-to-understand-watkinss-q%ce%bb-learning-algorithm-in-suttonbartos-rl-book?r=SearchResults
/questions/20522142/how-to-write-a-regex-to-extract-information-from-html?r=SearchResults
/questions/62002479/trying-to-write-the-division-algorithm-in-sympy-which-apparently-has-its-own-tru?r=SearchResults
/questions/42460246/javascript-dfs-topological-recursive-function?r=SearchResults
/questions/57416429/why-cant-i-set-default-parameters-to-a-recursive-binary-search-function?r=SearchResults
/questions/2438251/which-data-structures-and-algorithms-book-should-i-buy/2438278?r=SearchResults#2438278
/questions/3938388/java-class-design-graphs/3938744?r=SearchResults#3938744
/questions/17744306/latent-fingerprint-segmentation-finding-roi?r=SearchResults
/questions/6814061/is-there-any-hello-world-example-type-basic-tutorial-for-heuristics-or-meta-he?r=SearchResults
/questions/18950698/recursive-functions-difficult-to-comprehend?r=SearchResults
/questions/29606224/how-to-efficiently-work-through-algorithms-on-paper?r=SearchResults
/questions/39336407/implementation-of-singly-linked-list-from-loudons-algorithm-book?r=SearchResults
/questions/24818201/what-structure-and-algorithm-use-for-building-genealogy-tree?r=SearchResults
/questions/3883922/c-simple-polymorphism-issue?r=SearchResults
/questions/32979385/trouble-understanding-of-lowercase-vs-uppercase-n-in-algorithms-book?r=SearchResults
/questions/52161633/search-a-book-name-by-using-prefix-in-less-complexity-java?r=SearchResults
/questions/27937246/construction-of-state-machine-in-string-maching-in-book-algorithm-by-clrs?r=SearchResults
/questions/51105010/how-can-i-raise-an-eof-error?r=SearchResults
/questions/6853728/specifics-books-or-open-source-projects-about-p2p-algorithms?r=SearchResults
/questions/3399655/writing-a-quicksort-with-one-loop/3400295?r=SearchResults#3400295
/questions/28872519/recursive-implementation-of-a-singly-linked-list-class-in-python?r=SearchResults
/questions/4059403/how-does-pathfinding-in-rts-video-games-work/4059628?r=SearchResults#4059628
/questions/8522536/paragraph-breakage-one-page-to-the-other-page-in-detail-section-of-crystal-rep?r=SearchResults
/questions/6666537/does-anybody-know-an-implementation-of-yarowskys-algorithm?r=SearchResults
/questions/6666537/does-anybody-know-an-implementation-of-yarowskys-algorithm?r=SearchResults
/questions/2582730/directed-unweighted-graphs-c/2582759?r=SearchResults#2582759
/questions/43415859/java-why-declare-an-array-as-a-type-of-interface?r=SearchResults
/questions/5533856/how-to-calculate-the-fundamental-matrix-for-stereo-vision?r=SearchResults
/questions/24537366/average-complexity-of-binary-search-for-an-unsuccessful-search?r=SearchResults
/questions/39715764/using-the-definition-of-o-prove-each-of-the-following-by-finding-explicit-integ?r=SearchResults
/questions/1587049/optimization-what-is-it-how-is-it-done/1587201?r=SearchResults#1587201
/questions/59021523/how-to-control-nil-in-this-binary-search-algorithm?r=SearchResults
/questions/68930017/implementing-insertion-sort-in-python?r=SearchResults
/questions/30534068/spark-counting-co-occurrence-algorithm-for-efficient-multi-pass-filtering-of?r=SearchResults
/questions/13732936/how-are-stacks-and-queues-special-cases-of-a-list/13733003?r=SearchResults#13733003
/questions/12189698/string-permutations-in-java-non-recursive?r=SearchResults
/questions/18231027/data-set-for-recommendation-system?r=SearchResults
/questions/20381927/implementation-java-tree-with-position-class/38649759?r=SearchResults#38649759
/questions/35421319/how-to-define-what-is-the-elementary-operation-in-an-algorithm?r=SearchResults
/questions/5662493/sort-out-books-search-related-question/5662535?r=SearchResults#5662535
/questions/49822078/why-is-there-no-n-step-q-learning-algorithm-in-suttons-rl-book?r=SearchResults
/questions/46233475/cant-access-to-iterator-from-derived-class?r=SearchResults
/questions/54709615/errors-with-generic-singly-linked-list-c?r=SearchResults
/questions/15791086/core-data-to-many-relationship-nspredicate-to-fetch?r=SearchResults
/questions/43145395/time-complexity-while-deleting-last-element-from-arraylist-and-linkedlist?r=SearchResults
/questions/39385566/is-there-any-algorithm-to-allocate-continuous-3-seats-in-flight-while-having-som?r=SearchResults
/questions/72307816/algorithms-for-repairing-ssaa-form-after-modifying-the-call-flow-graph?r=SearchResults
/questions/14598415/data-structures-review-books/14622320?r=SearchResults#14622320
/questions/73295845/is-there-an-algorithm-to-filter-out-sentence-fragments?r=SearchResults
/questions/37944110/implementing-linear-search-algorithm-in-javascript?r=SearchResults
/questions/11379467/how-does-this-bst-node-deletion-algorithm-work?r=SearchResults
/questions/3659914/priority-of-learning-programming-craft-and-other-suggestions/3660406?r=SearchResults#3660406
/questions/47844535/division-algorithm-provided-in-sanjoy-dasgupta?r=SearchResults
/questions/38802765/segmentation-fault-11-when-i-test-heapsort-code-from-book-introduction-to-alg?r=SearchResults
/questions/28681548/java-why-is-this-implementation-of-a-binary-heap-faster-than-the-other?r=SearchResults
/questions/35402440/why-wont-this-merge-sort-implementation-work?r=SearchResults
/questions/70585317/how-do-leader-selection-algorithms-work-in-distributed-systems?r=SearchResults
/questions/4551934/any-suggestions-on-learning-data-structures-and-algorithms-for-java-developers/4551971?r=SearchResults#4551971
/questions/13209627/numerical-recipes-for-hadoop?r=SearchResults
/questions/26723417/sorting-multiple-integers-by-ascending-order-in-java/26723506?r=SearchResults#26723506
/questions/24791555/resize-canvas-accordingly-to-screen-size-and-printing-images-to-canvas?r=SearchResults
/questions/13655753/inserting-a-node-to-the-b-tree/13719450?r=SearchResults#13719450
/questions/8416166/how-should-i-store-and-retrieve-dictionary-words/8416220?r=SearchResults#8416220
/questions/313527/simple-algorithm-tutorials/315212?r=SearchResults#315212
/questions/63239582/what-does-worst-case-big-omegan-means?r=SearchResults
/questions/46586/goto-still-considered-harmful/47467?r=SearchResults#47467
/questions/3957091/project-organization-with-professionals-and-students?r=SearchResults
/questions/66427702/depth-first-search-returned-path-from-one-vertex-of-a-graph-to-another-include?r=SearchResults
/questions/991920/c-open-source-project-recommend?r=SearchResults
/questions/51681499/explaining-python-example-code-for-backtracking-algorithm?r=SearchResults
/questions/740389/good-implementations-of-reinforcement-learning/740441?r=SearchResults#740441
/questions/13689656/priority-queue-insert-key-value-pair-java/26546515?r=SearchResults#26546515
/questions/1575061/ga-written-in-java?r=SearchResults
/questions/455627/head-first-style-data-structures-algorithms-book/6787191?r=SearchResults#6787191
/questions/25728941/making-a-list-of-books-that-cover-topics-of-a-typical-cs-undergrad?r=SearchResults
/questions/41974557/why-is-heap-well-suited-for-merging-sorted-streams?r=SearchResults
/questions/31311825/hashing-separate-chaining-with-linked-list-in-javascript?r=SearchResults
/questions/1920031/strassens-algorithm-for-matrix-multiplication?r=SearchResults
/questions/45045482/how-to-access-dictionary-values-when-you-cant-input-the-key?r=SearchResults
/questions/27307169/what-are-probabilistic-data-structures/54737291?r=SearchResults#54737291
/questions/19648171/what-is-the-meaning-of-constant-in-this-context?r=SearchResults
/questions/15307528/what-would-be-the-growth-rate-of-the-following-function/15307602?r=SearchResults#15307602
/questions/15395835/simple-multi-layer-neural-network-implementation?r=SearchResults
/questions/57048097/is-there-a-good-cheat-sheet-for-opencv-python/57049949?r=SearchResults#57049949
/questions/1841621/delphi-non-visual-ttree-implementation/1841734?r=SearchResults#1841734
/questions/71957707/practicality-of-the-position-attribute-of-a-positional-list-implementation-in-py?r=SearchResults
/questions/72345755/my-depth-first-search-function-seems-not-to-return-list-of-visited-nodes-i-need?r=SearchResults
/questions/25982748/linearizing-a-dag-with-multiple-sources?r=SearchResults
/questions/18723336/why-tail-recursion-is-a-bad-use-of-recursion?r=SearchResults
/questions/40896829/univariate-root-finding-with-minimum-number-of-function-evaluations?r=SearchResults
/questions/19734934/binary-search-tree-remove-node?r=SearchResults
/questions/74180980/how-to-change-an-instance-attribute-without-changing-another-instance-attribute/74971957?r=SearchResults#74971957
/questions/68531217/how-is-the-time-complexity-of-deletion-n-steps-aka-on?r=SearchResults
/questions/32675211/can-recursive-union-find-be-optimized?r=SearchResults
/questions/20829011/good-and-extensive-booktutorial-on-data-structures/20829066?r=SearchResults#20829066
/questions/46501541/best-algorithm-which-detects-if-an-array-of-numbers-has-identical-numbers?r=SearchResults
/questions/5034636/any-place-to-find-canonical-data-structures-and-algorithms-implemented-in-c/5034752?r=SearchResults#5034752
/questions/62978170/cant-understand-the-behaviour-of-this-algorithm?r=SearchResults
/questions/23231686/learning-mahout-on-windows?r=SearchResults
/questions/18975798/understanding-algorithm-design-techniques-in-depth/18976521?r=SearchResults#18976521
/questions/11038883/ideas-to-solve-the-following/11039190?r=SearchResults#11039190
/questions/27076767/basic-sorting-and-searching-algorithms-for-programming-java/27076889?r=SearchResults#27076889
/questions/68698460/difference-between-running-time-and-execution-time-in-algorithm?r=SearchResults
/questions/72415993/the-definition-of-lock-free/72418674?r=SearchResults#72418674
/questions/35827066/looking-for-some-good-sources-to-read-on-creating-arraylistsin-java-methods-fr/35827251?r=SearchResults#35827251
/questions/2438251/which-data-structures-and-algorithms-book-should-i-buy/2438276?r=SearchResults#2438276
/questions/736668/what-programming-basics-should-i-learn/736674?r=SearchResults#736674
/questions/1499359/how-to-deal-with-algorithm-data-structures-problems-in-interview-process/1499613?r=SearchResults#1499613
/questions/14997151/how-this-formula-is-deriving-2n-2n-2n1?r=SearchResults
/questions/27918397/entrance-of-a-graph-and-how-nodes-and-edges-linked-together/27918899?r=SearchResults#27918899
/questions/14083313/ruby-algorithm-help-using-cron-jobs?r=SearchResults
/questions/32300100/java-variable-length-parameter-vs-array-simply-syntactic-sugar?r=SearchResults
/questions/10365682/knapsack-like-algorithm?r=SearchResults
/questions/3735289/can-macros-be-used-to-simulate-c-templated-functions/3735413?r=SearchResults#3735413
/questions/452059/how-complex-should-code-be/472440?r=SearchResults#472440
/questions/8039092/quad-mesh-generation-code/8046915?r=SearchResults#8046915
/questions/2793233/should-i-learn-about-data-structures-and-algorithms-first-or-the-programming-lan/2793488?r=SearchResults#2793488
/questions/37505479/finding-the-upper-bound-of-a-mathematical-function-function-analysis?r=SearchResults
/questions/7409756/linked-list-vs-dynamic-array-for-implementing-a-stack?r=SearchResults
/questions/27767778/how-to-implement-circular-linked-list-in-java?r=SearchResults
/questions/69996983/dijkstras-algorithm-negative-edge?r=SearchResults
/questions/50976313/finding-if-an-item-is-available-for-booking-in-a-given-period-search-algorithm-w?r=SearchResults
/questions/14906452/slice-mysql-result?r=SearchResults
/questions/42792770/how-to-implement-a-booking-structure-and-query-which-minimize-contention-between?r=SearchResults
/questions/20113782/getting-the-words-from-a-sentence-and-storing-them-in-a-vector-of-strings/20113881?r=SearchResults#20113881
/questions/563198/how-do-you-detect-where-two-line-segments-intersect/1968345?r=SearchResults#1968345
/questions/8399605/books-for-learning-c-sharp-net/8399647?r=SearchResults#8399647
/questions/38749037/errors-following-michael-halls-moore-algorithmic-trading?r=SearchResults
/questions/333994/where-can-i-learn-how-to-combine-algorithms-and-data-structures/5549642?r=SearchResults#5549642
/questions/10916196/give-an-efficient-algorithm-both-space-time-to-find-the-10-most-frequent-wor?r=SearchResults
/questions/61364975/an-algorithm-for-computing-the-edit-distance-between-two-words?r=SearchResults
/questions/5762289/what-is-the-implication-of-recursive-calls-modeling-a-perfect-binary-tree?r=SearchResults
/questions/29000205/is-singleton-a-algorithm-and-is-it-covered-in-knuths?r=SearchResults
/questions/61389780/how-to-write-an-algorithm-that-receives-characters-one-by-one-and-displays-them?r=SearchResults
/questions/66973682/what-do-the-constant-factors-in-a-time-complexity-equation-represent?r=SearchResults
/questions/8744278/simultaneous-sort-c?r=SearchResults
/questions/7573021/what-are-some-good-resources-for-learning-algorithm-optimization?r=SearchResults
/questions/31859478/why-the-function-is-o2n3-and-not-on3?r=SearchResults
/questions/5606244/can-i-find-another-course-similar-to-this-uc-berkeley-course?r=SearchResults
/questions/4174209/polygon-decomposition-removing-concave-points-to-form-convex-polygons/4174234?r=SearchResults#4174234
/questions/3274298/is-a-java-book-enough-or-should-i-have-to-learn-algorithms-first/3274549?r=SearchResults#3274549
/questions/37840651/implementing-knuth-morris-pratt-kmp-algorithm-for-string-matching-with-python?r=SearchResults
/questions/14414183/algorithms-in-java-from-prims-mst-to-dijkstra-spt?r=SearchResults
/questions/23096531/knowing-what-the-contents-of-variables-are-going-to-be-how-do-i-determine-what?r=SearchResults
/questions/14287141/beginning-python-trouble-with-basic-algorithms/14287198?r=SearchResults#14287198
/questions/1050367/where-can-i-find-online-examples-of-cormens-assembly-line-scheduling?r=SearchResults
/questions/36160195/having-trouble-understanding-how-many-arrays-are-actually-created-in-the-merge-s?r=SearchResults
/questions/4467471/do-you-have-good-book-tiltles-to-give-me-about-video-game-programming/4467543?r=SearchResults#4467543
/questions/7357053/insertion-sort-pseudocode-question?r=SearchResults
/questions/50156731/dynamicstack-shrink-function-using-array-in-java/50157420?r=SearchResults#50157420
/questions/29596615/python-notation-form-textbook?r=SearchResults
/questions/65681472/linked-list-remove-duplicates-algorithm-in-c-java?r=SearchResults
/questions/27284236/my-knapsack-algorithm-keeps-running-without-returning-an-answer?r=SearchResults
/questions/60052873/how-to-implement-deque-data-structure-in-javascript?r=SearchResults
/questions/41473874/display-different-windows-within-a-panel-in-a-form-windows-forms-application?r=SearchResults
/questions/5538192/how-to-implement-a-queue-with-three-stacks?r=SearchResults
/questions/12213475/qa-algorithm-for-q-processing/12232613?r=SearchResults#12232613
/questions/18975798/understanding-algorithm-design-techniques-in-depth/18978836?r=SearchResults#18978836
/questions/22125797/symfony2-expected-array-got-integer-in-setting-in-password-encryption?r=SearchResults
/questions/16594407/how-do-i-take-a-blurry-picture-like-from-an-ipad-2-and-sharpen-it-using-ios-ap/16594546?r=SearchResults#16594546
/questions/38817247/why-am-i-unable-to-use-obtain-any-results-by-using-sqlites-like-clause-in-an?r=SearchResults
/questions/19345765/why-in-stdin-stdout-is-not-resolved?r=SearchResults
/questions/22469577/why-the-depth-of-stack-can-be-olgn-in-quick-sort-in-introduction-to-algorithms?r=SearchResults
/questions/1387095/learn-c-to-understand-examples-in-book-fast-know-c-and-java-already?r=SearchResults
/questions/19148591/jquery-tablesorter-leave-the-first-row-intact?r=SearchResults
/questions/40419471/c-vs-python-for-a-simple-word-list-generator?r=SearchResults
/questions/254281/best-practices-for-overriding-isequal-and-hash/254380?r=SearchResults#254380
/questions/1254056/what-are-the-available-methods-in-c-std-library-where-can-i-see-read-them/1254067?r=SearchResults#1254067
/questions/37471296/an-algorithm-for-declension-of-nouns-of-polish-slavic-languages/56453166?r=SearchResults#56453166
/questions/747292/what-computer-science-concepts-should-i-know/747387?r=SearchResults#747387
/questions/1065433/what-is-dynamic-programming/1065443?r=SearchResults#1065443
/questions/32727194/subclass-access-of-private-member-variables-in-java?r=SearchResults
/questions/31264609/creating-hash-tables-in-c/31264816?r=SearchResults#31264816
/questions/41092549/why-do-algorithms-text-book-uses-nondecreasing-instead-of-increasing-to-ment?r=SearchResults
/questions/38910348/find-data-patterns-from-database-automatically/38988117?r=SearchResults#38988117
/questions/5459575/list-of-mathematics-areas-to-learn-for-understanding-the-algorithm-analysis-book/5459665?r=SearchResults#5459665
/questions/15838/optimizing-a-search-algorithm-in-c/15876?r=SearchResults#15876
/questions/17182383/does-the-disk-scanning-algorithm-scan-moves-to-sector-0-first-prior-to-going-to?r=SearchResults
/questions/18606467/search-in-a-book-with-speech/18607880?r=SearchResults#18607880
/questions/5652357/references-for-data-normalization?r=SearchResults
/questions/16375266/counter-example-of-a-stable-matching?r=SearchResults
/questions/1513239/what-does-it-need-to-be-a-programmer/1513251?r=SearchResults#1513251
/questions/57434823/how-to-use-python-when-learning-algorithms/57435140?r=SearchResults#57435140
/questions/24728020/infinite-loop-in-list-iterator/30157062?r=SearchResults#30157062
/questions/2919698/finding-recurrence-relations-of-an-algorithm?r=SearchResults
/questions/65205931/why-are-not-the-way-parameters-arguments-passed-considered-for-the-time-complexi?r=SearchResults
/questions/935951/what-are-some-advanced-software-development-topics-every-developer-should-know/936018?r=SearchResults#936018
/questions/66685986/what-cause-the-error-ambiguous-call-to-overloaded-function?r=SearchResults
/questions/62226130/computing-data-within-nested-dictionaries?r=SearchResults
/questions/46017343/why-this-is-a-bad-bubble-sort-algorithm/46021968?r=SearchResults#46021968
/questions/24812756/mahouts-cross-entities-multi-input-recommendations/24813836?r=SearchResults#24813836
/questions/12739236/how-to-write-test-sets-to-test-the-decision-in-the-program-in-python/12739321?r=SearchResults#12739321
/questions/60956233/may-a-hashtable-store-its-keys-in-c?r=SearchResults
/questions/62335463/lexical-analysis-extraction-tokens-from-dfa-constructed-directly?r=SearchResults
/questions/22606037/what-algorithm-can-be-used-for-alerting-unusual-trends?r=SearchResults
/questions/76528834/confusion-while-finding-minimum-spanning-tree-with-kruskals-and-adjacency-list?r=SearchResults
/questions/2482488/bucket-sort-for-integers?r=SearchResults
/questions/21356772/abstract-syntax-tree-using-the-shunting-yard-algorithm?r=SearchResults
/questions/31111892/edge-following-algorithm-for-opencv-c?r=SearchResults
/questions/50660361/how-would-someone-create-a-machine-learning-algorithm-that-extracts-the-speaker?r=SearchResults
/questions/30395073/r-data-table-group-by-and-iterate-by-two-columns?r=SearchResults
/questions/5662493/sort-out-books-search-related-question/5662622?r=SearchResults#5662622
/questions/821924/guides-on-3d-programming-concepts/822005?r=SearchResults#822005
/questions/13932464/algorithm-and-data-structure-to-find-and-store-superpixels-neighborhood-in-c?r=SearchResults
/questions/5441309/program-that-calculates-area-between-quadratic-and-x-axis-in-c/5441466?r=SearchResults#5441466
/questions/20874037/how-can-open-file-from-memory-or-buffer-in-android?r=SearchResults
/questions/5618784/merge-sort-algorithm/12261574?r=SearchResults#12261574
/questions/7655099/poisson-variates-%ce%bb-and-arrival-rate-connection-java-network-simulation?r=SearchResults
/questions/42516718/java-and-scala-tuple2-access-error?r=SearchResults
/questions/32540608/hash-tables-finding-function-in-c?r=SearchResults
/questions/40077218/what-algorithm-do-i-use-to-resolve-the-compilation-order-for-a-given-set-of-file/40077404?r=SearchResults#40077404
/questions/27991279/maths-for-university-software-development-degree/27991508?r=SearchResults#27991508
/questions/62420055/vector-labels-in-python?r=SearchResults
/questions/7142673/what-do-people-in-the-computer-graphics-industry-use-for-ray-tracing?r=SearchResults
/questions/35531915/which-is-the-exactly-definition-of-2-3-tree?r=SearchResults
/questions/522720/passing-a-method-as-a-parameter-in-ruby?r=SearchResults
/questions/7041297/linked-list-implementation-with-structures-or-class/7044667?r=SearchResults#7044667
/questions/17503934/union-find-algorithm-and-determining-whether-an-edge-belongs-to-a-cycle-in-a-gra?r=SearchResults
/questions/21091501/python-scraping-on-page-still-contains-chars-like-r-n-t/21098121?r=SearchResults#21098121
/questions/42686684/why-the-running-time-of-the-linkedlist-and-the-arraylist-are-not-the-same?r=SearchResults
/questions/26598514/svm-as-a-type-of-instance-based-learning?r=SearchResults
/questions/6735259/calculating-mid-in-binary-search?r=SearchResults
/questions/21977728/issue-with-add-method-in-doubly-linked-list-c?r=SearchResults
/questions/57340549/is-the-following-binary-search-code-correct-or-incorrect-of-the-book-programmi?r=SearchResults
