/questions/2549541/performing-breadth-first-search-recursively
/questions/3332947/what-are-the-practical-factors-to-consider-when-choosing-between-depth-first-sea
/questions/8922060/how-to-trace-the-path-in-a-breadth-first-search
/questions/8379785/how-does-a-breadth-first-search-work-when-looking-for-shortest-path
/questions/1657174/what-is-breadth-first-search-useful-for
/questions/20293937/breadth-first-search-example
/questions/21963147/java-breadth-first-search
/questions/12305444/parallel-breadth-first-search
/questions/31247634/how-to-keep-track-of-depth-in-breadth-first-search
/questions/18107423/breadth-first-search-on-haskell
/questions/36924083/depth-first-search-and-breadth-first-search-on-graph
/questions/16366448/maze-solving-with-breadth-first-search
/questions/14906533/topological-search-and-breadth-first-search
/questions/12555501/breadth-first-search-java
/questions/62665126/breadth-first-search-vs-greedy-algorithm
/questions/62665126/breadth-first-search-vs-greedy-algorithm
/questions/25990706/breadth-first-search-the-timing-of-checking-visitation-status
/questions/34082799/breadth-first-search-in-prolog
/questions/64799236/breadth-first-search-using-queue-array
/questions/7759490/converting-a-breadth-first-search-to-depth-first-search-in-java
/questions/16747125/python-breadth-first-search-optimisation
/questions/29229211/breadth-first-search-in-hama
/questions/717973/can-someone-explain-breadth-first-search
/questions/26549140/breadth-first-search-time-complexity-analysis
/questions/14026993/breadth-first-search
/questions/54200425/infinite-loop-breadth-first-search
/questions/38576080/breadth-first-search-queue
/questions/13043579/breadth-first-search-of-binary-search-tree
/questions/61716994/using-breadth-first-search-instead-of-bidirectional-search
/questions/56329571/breadth-first-search-confusion
/questions/61716994/using-breadth-first-search-instead-of-bidirectional-search
/questions/19759713/is-this-web-crawler-doing-a-breadth-first-search-or-a-depth-first-search
/questions/10605519/advantage-of-depth-first-search-over-breadth-first-search-or-vice-versa
/questions/8624715/breadth-first-search-wrong-results
/questions/41890829/python-breadth-first-search-type-error
/questions/25920954/isolated-vertex-bug-in-breadth-first-search
/questions/40393324/breadth-first-search-and-lifetimes
/questions/12981971/binary-tree-breadth-first-search
/questions/53236609/breadth-first-search-in-prolog-gives-me-an-error
/questions/3138301/implementation-of-breadth-first-search-in-tcl
/questions/1597073/breadth-first-search-and-a-search-in-a-graph
/questions/24713475/avoiding-duplicates-in-breadth-first-search
/questions/46131105/how-to-stop-breadth-first-search-recursive-function
/questions/15656217/is-a-tree-constructed-by-breadth-first-search-a-binary-tree
/questions/12039918/how-to-implement-breadth-first-search-traversal
/questions/61091207/breadth-first-search-inefficiencies
/questions/37760256/change-breadth-first-search-to-depth-first-search-n-queen-solver
/questions/62226993/breadth-first-search-implementing-to-vector-of-linked-list
/questions/43684745/breadth-first-search-implementation-not-working
/questions/489204/breadth-first-search-in-java
/questions/36139735/java-breadth-first-search-using-queue
/questions/29238106/implement-breadth-first-search-using-hama
/questions/19759828/why-are-there-two-listed-time-complexities-for-breadth-first-search
/questions/51058408/segmentation-fault-in-c-breadth-first-search
/questions/33205417/shortest-path-breadth-first-search
/questions/73950824/how-to-generate-the-graph-randomly-in-the-breadth-first-search-and-depth-first-s
/questions/55243105/breadth-first-search-traversal-vs-pre-order-traversal-vs-depth-first-search-trav
/questions/55145648/using-depth-first-search-in-java-program-instead-of-breadth-first-search
/questions/25340360/is-this-really-a-breadth-first-search
/questions/30464163/functional-breadth-first-search
/questions/30464163/functional-breadth-first-search
/questions/69905890/coverting-pseudocode-of-breadth-first-search-to-python
/questions/44082755/parallelizing-a-breadth-first-search
/questions/6990825/breadth-first-search-question-c
/questions/20305912/breadth-first-search-traversal-produces-preorder
/questions/32624274/breadth-first-search-algorithm
/questions/15998905/implement-a-search-as-breadth-first-search-depth-first-search
/questions/18932117/why-is-depth-first-search-prefered-over-breadth-first-search-to-check-for-cycles
/questions/15773661/python-recursive-breadth-first-search
/questions/49602553/a-or-bidirectional-breadth-first-search
/questions/58722950/implementing-parallel-breadth-first-search-using-openmp
/questions/37397351/recommended-tree-type-for-breadth-first-search
/questions/41271704/breadth-first-search-with-python-list
/questions/67064812/implementing-breadth-first-search
/questions/65886613/comparing-two-breadth-first-search-implementations
/questions/65886613/comparing-two-breadth-first-search-implementations
/questions/36749977/breadth-first-search-two-strings
/questions/17990220/tracking-depth-in-a-non-recursive-breadth-first-search
/questions/32729795/shortest-path-using-breadth-first-search-in-clojure
/questions/51389802/breadth-first-search-shortest-path-using-python
/questions/59657449/whats-wrong-with-this-implementation-of-breadth-first-search
/questions/58530532/breadth-first-search-stuck-in-infinite-loop
/questions/40550263/java-breadth-first-search-nice-print
/questions/24642774/can-a-breadth-first-search-and-depth-first-search-have-the-same-traversal-on-a-s
/questions/27999839/execution-time-of-breadth-first-search
/questions/16755546/python-breadth-first-search-capable-of-returning-largest-distance
/questions/51013883/breadth-first-search
/questions/35511449/breadth-first-search-input
/questions/60733505/space-complexity-of-breadth-first-search-of-binary-tree
/questions/37654296/breadth-first-search-on-2d-array
/questions/67528549/depth-first-search-dfs-vs-breadth-first-search-bfs-pseudocode-and-complexity
/questions/37654296/breadth-first-search-on-2d-array
/questions/10524691/breadth-first-search-implementation
/questions/46146087/n-queens-breadth-first-search
/questions/27545792/joining-clusters-using-depth-breadth-first-search-in-python
/questions/73983951/algorithm-for-balanced-breadth-first-search
/questions/41347337/how-to-implement-breadth-first-search-in-scala-with-fp
/questions/60321734/breadth-first-search-in-matrix-from-source-to-destination
/questions/75908607/code-to-find-the-shortest-path-in-breadth-first-search
/questions/43790448/is-this-a-breadth-first-search-algorithm
/questions/39804573/breadth-first-search-optimisation-in-python
/questions/60568986/understanding-a-python-breadth-first-search-algorithm
/questions/18159178/boost-graph-library-breadth-first-search-yielding-incorrect-predecessor-map
/questions/40875511/finding-parent-of-child-in-breadth-first-search
/questions/16268964/errors-with-implementing-breadth-first-search-c
/questions/1086907/can-find-or-any-other-tool-search-for-files-breadth-first
/questions/8950188/is-it-possible-to-apply-breadth-first-search-algorithm-of-boost-library-to-matri
/questions/54567712/java-breadth-first-search-8-slider
/questions/71751637/c-openmp-breadth-first-search
/questions/61061792/how-to-get-this-code-to-do-a-breadth-first-search
/questions/50685546/breadth-first-search-nullpointer-exception
/questions/19047921/equidivision-partition-using-breadth-first-search
/questions/69952394/implementing-a-breadth-first-search-with-rxjs-observables
/questions/41089389/bfs-breadth-first-search-of-matrix-in-c
/questions/22287298/converting-from-breadth-first-search-to-depth-first-limited-search
/questions/12244428/performing-a-depth-first-search-and-breadth-first-search-in-boost
/questions/64394909/finding-path-to-node-using-breadth-first-search
/questions/5357211/breadth-first-search-query-in-mysql
/questions/72638481/how-to-solve-this-breadth-first-search-question
/questions/52192421/bfs-breadth-first-search-adjacency-matrix-c
/questions/69995480/breadth-first-search-for-characters-instead-of-integers-c
/questions/28653257/what-is-the-total-number-of-nodes-generated-by-iterative-deepening-depth-first-s
/questions/60377830/breadth-first-search-algorithm-python-too-slow
/questions/63213844/breadth-first-search-vs-a-algorithm-real-world-example
/questions/42842853/breadth-first-search-using-adjacency-list
/questions/22612810/breadth-first-search-using-array
/questions/26152380/connected-components-using-breadth-first-search
/questions/35318025/why-does-using-a-queue-data-structure-in-implementing-depth-first-search-makes-i
/questions/70208415/trying-to-implement-breadth-first-search-from-text-file-in-python
/questions/74127383/breadth-first-search-cant-traverse-index-0
/questions/49654234/is-there-a-breadth-first-search-option-available-in-os-walk-or-equivalent-py
/questions/34233749/java-converting-a-depth-first-search-program-to-a-breadth-first-search-program
/questions/29178334/performing-a-breadth-first-search-using-a-given-class
/questions/61710370/breadth-first-search-vs-a-with-manhattan-distance-in-a-maze
/questions/19612116/adjacency-list-to-create-graph-and-breadth-first-search-bfs-and-fepth-first-se
/questions/19234781/breadth-first-search-to-solve-puzzle
/questions/63006286/breadth-first-search-how-to-get-currency-exchange
/questions/9640603/breadth-first-and-depth-first-search-algorithms-in-a-5x5-grid-of-numbers
/questions/55769347/how-do-i-implement-a-breadth-first-and-depth-first-search-web-crawler
/questions/15303370/breadth-first-search-with-fixed-stopping-distance
/questions/40517323/breadth-first-search-for-an-8-puzzle
/questions/68492963/breadth-first-search-traversal-for-lxml-files-python
/questions/29631211/edge-classification-during-breadth-first-search-on-a-directed-graph
/questions/16340374/general-tree-traversalinfinite-in-breadth-first-search-manner
/questions/60363610/what-are-the-advantages-and-disadvantages-of-union-find-and-breadth-first-search
/questions/8283040/how-to-implement-multithreaded-breadth-first-search-in-java
/questions/61700386/breadth-first-search-implementation-stuck-in-infinite-loop
/questions/49721285/breadth-first-search-algorithm-using-apache-spark-graphx
/questions/5118703/breadth-first-search-with-three-letter-words-optimization
/questions/26131811/breadth-first-search-exercise-ai
/questions/61761406/what-is-the-regex-breadth-first-search-algorithm-that-the-rust-regex-crate-uses
/questions/41494522/getting-a-dendrograms-branch-lengths-in-a-breadth-first-search-order
/questions/29072188/breadth-first-search-in-php
/questions/855899/is-breadth-first-search-or-breadth-first-traversal-possible-without-using-a-queu
/questions/43142974/how-to-crawl-with-breadth-first-search-using-scrapy-python3
/questions/20059736/spanning-tree-out-of-graph-using-breadth-first-search
/questions/13035477/non-optimal-breadth-first-search-implementation
/questions/35832524/breadth-first-search-for-moving-dot-game
/questions/29334818/what-is-space-complexity-for-breadth-first-search-on-a-binary-tree
/questions/23576746/what-is-the-difference-between-breadth-first-searching-and-level-order-traversal
/questions/20280055/breadth-first-search-standard-python-libraries
/questions/50790538/uninformed-search-run-breadth-first-search-followed-by-iterative-deepening-sear
/questions/11990358/what-is-the-number-of-nodes-generated-by-breadth-first-search
/questions/38946064/whats-wrong-with-my-breadth-first-search-algorithm
/questions/9194954/java-tree-struct-breadth-first-search
/questions/45965330/breadth-first-or-depth-first-search-for-finding-a-child-at-a-particular-depth
/questions/72553002/how-to-implement-breadth-first-search-and-depth-first-search-for-a-simpleweighte
/questions/7211400/listing-values-in-a-binary-heap-in-sorted-order-using-breadth-first-search
/questions/14208080/breadth-first-search-query-in-mysql
/questions/23116046/linked-list-of-bst-in-c-breadth-first-search
/questions/28411137/implementing-breadth-first-search-using-clrs-in-c-stl
/questions/75740117/breadth-first-search-from-node-with-no-parent-or-edges
/questions/43689341/breadth-first-search-8-tile-game
/questions/19937933/how-can-a-breadth-first-search-tree-include-a-cross-edge
/questions/59518411/cant-do-breadth-first-search-on-a-binary-tree-in-rust
/questions/22036647/adjacency-matrix-in-java-breadth-first-search
/questions/52977496/c-sharp-breadth-first-search-to-find-items-in-a-labyrinth
/questions/65799072/returning-shortest-path-using-breadth-first-search
/questions/31422596/breadth-first-search-in-c-gets-loop
/questions/41789767/finding-the-shortest-path-nodes-with-breadth-first-search
/questions/41789767/finding-the-shortest-path-nodes-with-breadth-first-search
/questions/29064346/breadth-first-search-in-directed-graph
/questions/43890899/breadth-first-search-javascript-algorithm-or-input
/questions/65975643/detect-cycle-in-an-undirected-graph-using-breadth-first-search-algorithm
/questions/9537000/breadth-first-search-of-c-sharp-control-collection
/questions/1753257/can-this-breadth-first-search-be-made-faster
/questions/37045819/implementation-of-breadth-first-search-in-pacman
/questions/50671248/java-breadth-first-search-on-a-multigraph-of-flights
/questions/29879304/breadth-first-search-not-finding-correct-path
/questions/16842748/depth-first-search-and-breadth-first-search-understanding
/questions/10099221/breadth-first-search-on-an-8x8-grid-in-java
/questions/55706147/breadth-first-search-on-binary-trees-in-ocaml-using-queues
/questions/66416809/how-to-use-a-nested-dictionary-for-breadth-first-search
/questions/6004398/breadth-first-search-algorithm-for-solving-set-of-logic-equations
/questions/26451034/why-do-i-need-the-visited-state-in-breadth-first-search
/questions/53148546/i-am-trying-to-implement-breadth-first-search
/questions/75155880/how-to-use-taskflow-to-parallelize-breadth-first-search-in-c
/questions/4488783/python-usage-of-breadth-first-search-on-social-graph
/questions/14724902/using-breadth-first-search-to-find-all-possible-paths-in-an-undirected-graph
/questions/49589783/how-to-implement-breadth-first-search-for-tree-structure
/questions/11618483/boost-graph-library-distributed-breadth-first-search-mpi-unpack-runtime-error
/questions/22233210/how-to-speed-up-breadth-first-search-in-a-undirected-graph
/questions/2505431/breadth-first-search-and-depth-first-search
/questions/50088044/breadth-first-search-fails-to-find-destination-that-does-exist
/questions/62117408/web-scraper-crawler-using-breadth-first-search-in-python
/questions/71691185/creating-a-tree-with-breadth-first-search
/questions/42482548/how-to-understand-the-memory-issue-of-breadth-first-search-in-branch-and-bound
/questions/2578932/reverse-breadth-first-traversal-in-c-sharp
/questions/23399824/neo4j-breadth-first-search-is-too-much-slow
/questions/45721977/functional-breadth-first-search-in-scala-with-the-state-monad
/questions/45721977/functional-breadth-first-search-in-scala-with-the-state-monad
/questions/47093286/best-first-vs-breadth-first
/questions/71745073/convert-bfs-to-ucs-in-python-breadth-first-search-to-uniform-cost-search
/questions/76316111/bfsbreadth-first-search-compiler-output-is-not-following-as-per-my-understandi
/questions/73502207/python-number-of-nodes-per-level-in-dictionary-with-breadth-first-search
/questions/29295151/determining-level-of-n-children-in-breadth-first-search
/questions/29597968/fortran-breadth-first-search-running-slowly
/questions/27768394/breadth-first-search-is-not-returning-the-shortest-path
/questions/41570793/simple-code-for-breadth-first-search-java
/questions/71563852/solve-sudoku-using-iterative-breadth-first-search
/questions/3818079/why-use-dijkstras-algorithm-if-breadth-first-search-bfs-can-do-the-same-thing
/questions/34695158/trying-to-multithread-a-breadth-first-search
/questions/70884223/breadth-first-search-results-vs-depth-first-search-results-confusing
/questions/42933110/why-is-my-breadth-first-search-algorithm-so-slow
/questions/49987809/create-a-program-that-allows-you-to-perform-the-depth-first-search-traversal-and
/questions/68118576/ov-e-time-complexity-breadth-first-search
/questions/31097375/javascript-binary-tree-w-breadth-first-search
/questions/33164345/breadth-and-depth-first-search-on-a-graph-with-returning-edges
/questions/25618712/bfs-breadth-first-search-time-complexity-at-every-step
/questions/65515984/breadth-first-search-algorithm-running-an-infinite-loop-in-python
/questions/29851446/memory-error-while-implementing-bfsbreadth-first-search
/questions/39823015/trying-to-get-a-scheme-depth-first-or-breadth-first-search-currying-function-to
/questions/54756475/breadth-first-search-code-in-c-possible-stack-overflow
/questions/31563057/using-breadth-first-search-to-solve-8-puzzle
/questions/17183326/breadth-first-search-for-six-degrees-of-separation-in-mongodb
/questions/16679528/java-maze-breadth-first-search-shortest-path
/questions/41040659/breadth-first-search-on-directed-adjacency-list-to-find-all-paths
/questions/42897436/modifying-the-breadth-first-search-algorithm-to-remember-the-shortest-route-in-a
/questions/66664309/how-do-i-reach-all-parts-of-a-directed-graph-using-breadth-first-search-or-depth
/questions/19972606/binary-search-trees-breadth-first-traversal
/questions/68542120/breadth-first-search-in-coordinate-based-system
/questions/44923209/do-you-search-in-breadth-or-depth-first-in-a-recursive-algorithm
/questions/27800035/c-iterator-and-pointer-usage-in-breadth-first-search
/questions/22580149/counting-levels-in-breadth-first-search-distance-between-start-node-and-goal-no
/questions/29521285/breadth-first-search-traversal-in-python
/questions/2258509/breadth-first-search-on-huge-graph-with-little-ram
/questions/26070912/breadth-first-search-in-python-stuck-in-infinite-loop
/questions/25840788/can-breadth-first-search-be-used-on-directed-acyclic-graph
/questions/27320327/breadth-first-search-on-labyrinth-in-matlab
/questions/22945440/breadth-first-search-algorithm-java-8-puzzle
/questions/28442385/breadth-first-search-using-hashmapvertex-listvertex
/questions/14595148/how-can-you-use-a-breadth-first-search-to-find-the-shortest-path-in-a-map
/questions/48333927/python-convert-a-depth-first-search-to-a-breadth-first-search-for-all-combinati
/questions/41456221/printing-out-breadth-first-search-using-ruby
/questions/74241948/finding-path-using-breadth-first-search-in-a-2d-grid
/questions/67741228/breadth-first-search-controlled-by-edge-number-in-networkx
/questions/59903334/need-help-to-create-a-breadth-first-search-function
/questions/55409235/how-would-this-breadth-first-search-be-converted-into-a-static-method-in-java
/questions/70291888/can-i-use-breadth-first-search-on-weighted-graphs-if-i-modify-it
/questions/769658/breadth-first-in-prolog
/questions/23634264/breadth-first-search-how-many-states-of-a-vertex-are-needed
/questions/26960764/made-breadth-first-search-algorithm-in-python-dont-know-how-to-return-solution
/questions/21667581/changing-attribute-of-nodes-during-breadth-first-search-in-r
/questions/59795682/breadth-first-search-on-numpy-image-array-for-consecutive-region-hole-detection
/questions/75905942/returning-the-shortest-path-in-a-breadth-first-search-in-scl
/questions/43722790/breadth-first-search-binary-search-tree-javascript-implementation
/questions/50419664/breadth-first-search-on-a-binary-search-tree-in-python
/questions/44417243/how-are-these-two-breadth-first-search-problems-different-from-each-other
/questions/14741103/how-do-you-find-the-shortest-path-quickly-in-a-breadth-first-search
/questions/60306608/path-between-two-nodes-in-a-graph-breadth-first-search
/questions/25967167/why-memory-is-the-main-constraint-while-using-breadth-first-search
/questions/16710374/breadth-first-search-or-depth-first-search
/questions/21976494/breadth-first-search-bfs-python-implementation-where-is-the-bug-here
/questions/60797845/error-implementing-breadth-first-search-using-adjacency-list-in-c
/questions/54876711/c-boost-breadth-first-search-using-compressed-sparse-row-graph
/questions/40527320/valueerror-dictionary-update-sequence-element-while-implementing-breadth-first
/questions/60248093/crossoword-visualizer-breadth-first-search-with-direction
/questions/72984418/how-can-i-implement-a-breadth-first-search-in-python-given-parents-instead-of-ch
/questions/33237105/optimizing-breadth-first-search-in-python
/questions/60658437/python-breadth-first-search
/questions/50476672/how-to-obtain-all-the-nodes-in-a-path-from-breadth-first-search-of-a-graph
/questions/5434476/breadth-first-search-in-c
/questions/33588349/special-breadth-first-search-bfs-for-undirected-graph
/questions/10184573/breadth-first-search-pruning-and-memory-leak-c
/questions/33802704/wikipedias-pseudocode-for-breadth-first-search-how-could-ns-parent-be-u-if-n
/questions/44357063/efficient-breadth-first-search-using-sql-joins
/questions/22333634/how-do-i-convert-a-list-monadic-function-to-a-breadth-first-search
/questions/29711127/how-to-find-the-shortest-path-in-a-maze-using-breadth-first-search
/questions/67096484/how-to-properly-traverse-back-up-breadth-first-search-tree
/questions/32529229/prolog-breadth-first-search-for-water-jug
/questions/21130650/breadth-first-search-algorithm-graph-represented-by-the-adjacency-list-has-a-q
/questions/41517800/optimize-breadth-first-search
/questions/33047929/maze-solving-breadth-first-search-algorithm-in-matlab
/questions/75491703/why-my-code-solve-word-error-rate-by-breadth-first-search-is-doesn-t-work
/questions/22336509/farmer-wolf-goat-and-cabbage-breadth-first-and-depth-first-search-in-java
/questions/67477637/getting-a-segmentation-fault-when-trying-to-write-a-breadth-first-search-method
/questions/28189268/breadth-first-search-of-a-list-that-represents-a-tree-structure
/questions/74677457/bfs-breadth-first-search-algorithm-in-java-cannot-implement-bfs-by-not-gett
/questions/34000830/breadth-first-search-algorithm
/questions/16570458/depth-or-breadth-first-search
/questions/59754894/breadth-first-search-bfs
/questions/54186799/breadth-first-search-python
/questions/25233353/efficiency-of-breadth-first-search
/questions/40833854/suppose-you-use-a-stack-instead-of-a-queue-when-running-breadth-first-search-do
/questions/44798715/how-to-do-a-breadth-first-search-easily-with-beautiful-soup
/questions/52929893/swift-breadth-first-search
/questions/46383493/python-implement-breadth-first-search
/questions/1562570/how-can-i-modify-the-breadth-first-search-algorithm-to-also-include-the-solution
/questions/56073445/breadth-first-search-issue
/questions/38679082/breadth-first-search-with-set-instead-of-queue
/questions/4545239/problem-in-breadth-first-search
/questions/52861952/breadth-first-search-optimisation
/questions/56030239/how-to-implement-breadth-first-search-non-recursively-for-a-directed-graph-on-py
/questions/2822139/breadth-first-or-depth-first-search
/questions/32228023/8-puzzle-breadth-first-search
/questions/43439727/list-index-out-of-range-error-for-breadth-first-search-function
/questions/61807904/breadth-first-search-segfault
/questions/32691043/breadth-first-search-error
/questions/20180622/how-to-solve-a-puzzle-using-breadth-first-search
/questions/45493214/data-structure-to-store-visited-nodes-in-breadth-first-search
/questions/3910608/how-to-access-the-ancestor-vertex-during-a-breadth-first-search-with-the-boost-g
/questions/59331950/how-do-i-create-a-queue-of-traversed-vertex-using-boost-graph-library-breadth-fi
/questions/66908261/using-breadth-first-search-to-find-the-shortest-path-in-a-maze
/questions/42345570/breadth-first-search-java-lang-nullpointerexception
/questions/5614568/lisp-breadth-first-search
/questions/45148799/python-data-structure-for-certain-networks-breadth-first-search
/questions/39403257/more-info-needed-on-number-of-nodes-generated-by-breadth-first-search
/questions/16244748/breadth-first-search-in-javascript
/questions/40683271/apply-breadth-and-depth-first-search-on-an-adjacency-matrix
/questions/32508409/porting-breadth-first-search-to-javascript
/questions/56949390/how-to-do-breadth-first-search-in-a-paginated-manner-using-neo4j-cypher
/questions/16244748/breadth-first-search-in-javascript
/questions/73403290/how-can-i-convert-string-vertex-to-integer-vertex-in-breadth-first-search-in-jav
/questions/27329026/breadth-first-search-not-working
/questions/39403257/more-info-needed-on-number-of-nodes-generated-by-breadth-first-search
/questions/22687581/breadth-first-search-traverse-the-binary-tree-with-unknown-height
/questions/53856717/breadth-first-search-vs-depth-first-search
/questions/59174319/breadth-depth-first-search-causes-crash-when-run-on-graph-for-second-time
/questions/67381978/expected-size-for-queue-in-a-breadth-first-search-algorithm
/questions/5015898/breadth-first-search-to-find-route-between-two-underground-stations
/questions/64240760/store-the-path-for-maze-solving-using-breadth-first-search-algorithm
/questions/23088720/depth-first-search-vs-breadth-first-search
/questions/72172004/try-to-build-a-breadth-first-search-algorithm-for-normal-tree-in-c
/questions/11759616/depth-first-search-did-find-solution-state-in-missionaries-and-cannibals-problem
/questions/11759616/depth-first-search-did-find-solution-state-in-missionaries-and-cannibals-problem
/questions/15489329/breadth-first-search-branching-factor
/questions/13168641/breadth-first-search-all-paths
/questions/28101500/depth-of-breadth-first-search
/questions/34035042/depth-first-search-possible-nodes
/questions/20421118/queens-puzzle-breadth-first
/questions/50771941/breadth-first-search-with-obstacles
/questions/20671888/changing-attribute-values-of-nodes-in-a-network-during-breadth-first-search-in-r
/questions/21139273/application-of-breadth-first-search
/questions/25706665/java-good-way-to-obtain-path-in-breadth-first-search
/questions/2755928/scheme-recursive-breadth-first-tree-traversal
/questions/54974738/breadth-first-search-in-lisp
/questions/43055468/how-to-determine-if-a-vertex-can-be-reached-in-a-directed-graph-using-breadth-fi
/questions/6061843/breadth-first-search-in-f-bfs
/questions/15038321/breadth-first-search-knight-cover
/questions/54694213/breadth-first-search-simple-improvement
/questions/30584084/breadth-first-search-on-pacman-maze
/questions/10171844/breadth-first-traversal-for-a-tree-python
/questions/45745483/a-breadth-first-search-in-a-binary-tree-of-processes-using-fork
/questions/21517413/breadth-first-search-rush-hour-linked-list-queue-contains-duplicates-of-the
/questions/21685263/graph-theory-breadth-first-search
/questions/26136042/breadth-first-search-how-to-find-a-particular-path-out-of-several-branches
/questions/62539494/breadth-first-search-time-complexity
/questions/16378049/depth-first-search-breadth-first-search-easy-implementation
/questions/67655818/what-is-wrong-with-my-breadth-first-search-algorithm-it-crashes-with-a-segmenta
/questions/2994146/difference-between-breadth-first-search-and-iterative-deepening
/questions/69859639/need-feedback-on-my-breadth-first-search-algorithm-between-two-strings
/questions/49905716/depth-first-search-puzzle
/questions/50477626/breadth-first-search-with-a-twist
/questions/22315413/breadth-first-search-for-getting-path
/questions/67513431/breadth-first-search-algorithm-variation
/questions/67064534/breadth-first-search-solution-path
/questions/39915167/c-stl-breadth-first-search
/questions/70089808/breadth-first-search-infinite-loop
/questions/29556934/apgl-another-python-graph-library-set-subgraph-size-after-a-breadth-first-se
/questions/43170169/breadth-first-search-wrong-output
/questions/20429310/why-is-depth-first-search-claimed-to-be-space-efficient
/questions/28277648/breadth-first-search-directed-graph
/questions/53385179/breadth-first-search-counter-example
/questions/22214381/farmer-goat-wolf-and-cabbage-in-prolog-via-breadth-first-search
/questions/43418472/how-does-breadth-first-search-work-if-the-queue-is-already-empty-after-the-1st-s
/questions/27033887/two-coloring-breadth-first-search
/questions/32734044/breadth-first-search-suddenly-crashes
/questions/45656771/how-do-i-use-breadth-first-search-to-output-the-shortest-path-and-not-just-tell
/questions/15918751/breadth-first-search-not-working-100
/questions/71988619/unable-to-search-by-breadth-even-when-using-a-queue
/questions/43375515/breadth-first-search-with-adjacency-matrix
/questions/14765137/find-first-n-edges-breadth-first-search
/questions/10987296/breadth-first-search-depth-first-search-or-directed-graph
/questions/33612960/breadth-first-search-bfs-using-only-a-list-of-available-functions
/questions/76494926/implementation-of-breadth-first-search-for-eight-puzzle-not-able-to-find-solutio
/questions/28577301/how-to-do-breadth-first-search
/questions/8885920/random-first-search
/questions/41370336/how-to-compose-a-breadth-first-search-traversal-with-other-concerns-in-scala
/questions/27952804/breadth-first-search-in-c-language
/questions/60600024/breadth-first-search-python-code-to-depth-first-search
/questions/10154362/breadth-first-search-implementation-in-python
/questions/68438839/breadth-first-search-takes-excessive-time-depending-on-veto-insertion-position
/questions/53624575/how-can-i-eliminate-gaps-in-the-breadth-first-ordering-of-a-binary-search-tree
/questions/33722966/breadth-first-searchbfs-and-depth-first-searchdfs
/questions/27699515/graph-recursion-horizontal-breadth-first-search
/questions/59126665/breadth-first-search-returning-a-null-exception-pointer-even-though-returned-arr
/questions/49785867/state-space-search-a-and-breadth-first-search
/questions/48008419/access-violation-in-breadth-first-search
/questions/76545893/why-is-knights-shortest-path-algorithms-time-complexity-om-n-with-breadth-f
/questions/2106795/searching-in-graphs-trees-with-depth-breadth-first-a-algorithms
/questions/71001645/unsure-if-this-is-breadth-first-or-depth-first-search
/questions/19398628/breadth-first-iteration
/questions/19992677/breadth-first-binary-tree-search-using-treenodes-extending-comparable
/questions/46862132/how-to-implement-breadth-first-search
/questions/34341162/breadth-first-search-cycling-in-rush-hour-solver-when-no-solution-is-available
/questions/23464803/how-to-return-a-string-with-a-breadth-first-order-traversal-of-a-binary-search-t
/questions/30036122/breadth-first-search-of-a-graph-hashmapstring-arrayliststring-in-a-word-lad
/questions/47027059/error-when-include-new-barriers-in-the-graph-of-a-breadth-first-search
/questions/58245607/how-can-i-track-the-depth-of-each-vertex-in-a-breadth-first-search-of-an-adjacen
/questions/20530940/depth-first-search-code-snippet
/questions/28836575/creating-a-breadth-first-tree-c-sharp
/questions/4261112/time-and-space-complexities-of-breadth-first-search
/questions/8607717/breadth-first-search-on-a-binary-tree
/questions/61436623/python-implementation-of-breadth-first-search-on-binary-search-trees
/questions/46144372/handling-duplicate-nodes-in-breadth-first-search
/questions/59463176/how-to-perform-depth-first-search-in-postgresql
/questions/26130932/breadth-first-into-uniform-cost-lisp
/questions/36945409/breadth-first-search-shortest-reach-hackerrank
/questions/4216314/input-output-of-breadth-first-vs-depth-first-search
/questions/51888227/breadth-first-search-in-python-with-queue
/questions/13398834/breadth-first-search-java-shortest-distance
/questions/59026995/binary-tree-breadth-first-search-algorithm
/questions/72206863/how-is-my-breadth-first-search-algorithm-finding-the-shortest-path-in-my-tutoria
/questions/68294774/breadth-first-search-in-graphs-using-queues
/questions/34326552/breadth-first-search-shortest-reach-bfs
/questions/16823620/tetris-ai-issues-understanding-breadth-first-search
/questions/23026237/how-to-include-edges-in-gremlin-while-doing-breadth-first-search
/questions/68347529/breadth-first-search-using-adjacency-matrix
/questions/43298091/hackerrank-breadth-first-search-shortest-reach
/questions/45306979/breadth-first-search-pseudo-code-understanding
/questions/54910486/how-to-make-this-breadth-first-search-faster
/questions/64375268/breadth-first-search-cant-find-path-shortest-path-to-border-in-2d-array
/questions/17433406/general-trees-traversal-breadth-first-using-queues
/questions/37363489/stuck-in-code-for-bfsbreadth-first-search
/questions/39469738/breadth-first-search-for-weighted-directed-graph
/questions/15457132/how-to-make-a-faster-breadth-first-search
/questions/41911647/non-recursive-0-1-knapsack-algorithm-using-breadth-first-search
/questions/74245207/breadth-first-search-or-bfs-for-a-graph
/questions/28573287/breadth-first-search-using-state-monad-in-haskell
/questions/58442490/how-can-i-implement-breadth-first-search-in-this-code
/questions/16495031/breadth-first-search-in-olog-n
/questions/35418625/c-segmentation-fault-in-breadth-first-search-in-graph-class
/questions/33419030/how-can-i-implement-a-breadth-first-search-of-a-graph-using-java
/questions/47153226/python-breadth-first-search-matrix-using-queues
/questions/71286470/breadth-first-search-from-one-node-to-another
/questions/65761493/breadth-first-search-from-scratch-in-java
/questions/75090107/simple-breadth-first-search-not-finding-target
/questions/65883439/breadth-first-search-for-terrorist-network-analysis
/questions/22564962/my-breadth-first-search-algorithm-not-working
/questions/31252118/breadth-first-algorithm-on-adjacency-matrix-premature-ending-of-search-returns
/questions/14887332/breadth-search-first-maze-solver-using-queues
/questions/64038992/breadth-first-search-falling-one-index-short-of-desired-outcome
/questions/15835872/water-jug-in-prolog-breadth-first-search
/questions/4331717/minimizing-memory-usage-of-a-breadth-first-search
/questions/37438229/breadth-first-search-branching-factor-and-depth
/questions/56614597/cant-store-data-properly-to-implement-the-breadth-first-search-in-application-l
/questions/53705312/depth-first-search-path
/questions/51910560/priority-order-in-bfs-breadth-first-search-algorithm
/questions/62873694/breadth-first-search-does-not-return-the-correct-ordering-for-nodes
/questions/67275934/igraph-breadth-first-search-bfs-callback-function-r
/questions/23477856/why-does-a-breadth-first-search-use-more-memory-than-depth-first
/questions/21924405/depth-first-search-in-bash-script-using-simple-data-structures
/questions/52792792/breadth-first-search-on-an-unweighted-bidirectional-graph
/questions/54889501/breadth-first-search-with-list-of-coordinates-python
/questions/20029860/can-breadth-first-search-traverse-a-disconnected-graph
/questions/21054959/time-and-space-complexity-for-breadth-first-search
/questions/24553981/breadth-first-search-recursion-with-php-for-a-category
/questions/44360781/why-is-prolog-unification-depth-first-search-instead-of-breadth-first-search
/questions/45870638/is-this-an-example-of-breadth-first-or-depth-first-seach
/questions/25720401/breadth-first-search-in-angularjs-with-async-calls
/questions/49416636/networkx-how-to-iterate-on-all-edges-of-a-digraph-in-a-breadth-first-manner
/questions/62879707/floating-point-exception-during-breadth-first-search
/questions/47177795/python-breadth-first-search-matrix-print-path
/questions/13573274/breadth-first-search-and-printing-out-a-kevin-bacon-path-revisiting-visited-nod
/questions/36208084/multi-2d-array-breadth-first-search-java
/questions/20183668/depth-first-search-and-breadth-first-search-between-two-nodes-in-graph
/questions/40578136/breadth-first-search-implementation-using-adjacency-matrix
/questions/36326561/how-to-write-code-for-breadth-first-search-in-c
/questions/69838434/breadth-first-traversal-in-haskell
/questions/53449457/breadth-first-search-code-wont-output-bfs-result
/questions/10258305/how-to-implement-a-breadth-first-search-to-a-certain-depth
/questions/20257765/breadth-first-maze-generator-doesnt-generate-solveable-maze
