/questions/22073516/failed-to-install-python-cryptography-package-with-pip-and-setup-py
/questions/439870/why-are-primes-important-in-cryptography
/questions/35144550/how-to-install-cryptography-on-ubuntu
/questions/72733694/cryptography-not-installing
/questions/7953567/checking-if-unlimited-cryptography-is-available
/questions/32935726/problems-installing-cryptography
/questions/67569696/modulenotfounderror-no-module-named-cryptography-unable-to-recognize-crypto
/questions/65573853/modulenotfounderror-no-module-named-cryptography
/questions/59441794/error-could-not-build-wheels-for-cryptography-which-use-pep-517-and-cannot-be-i
/questions/42280354/cryptography-install-with-pip3
/questions/69743936/problem-installing-cryptography-on-raspberry-pi
/questions/258994/net-cryptography-for-licence-keys
/questions/66118337/how-to-get-rid-of-cryptography-build-error
/questions/26300016/symmetric-cryptography-and-salt
/questions/45089805/pip-install-cryptography-in-windows
/questions/35147681/how-to-install-cryptography-on-mac-os-x
/questions/57827731/python-dll-importerror-cryptography
/questions/7568777/benchmarking-symmetric-and-asymmetric-cryptography
/questions/4795385/how-do-you-use-bcrypt-for-hashing-passwords-in-php
/questions/2532983/free-cryptography-libraries
/questions/6691305/elliptic-curve-cryptography-for-actionscript
/questions/38953388/is-firebase-using-cryptography
/questions/3359862/elliptic-curve-cryptography
/questions/3651090/home-made-cryptography
/questions/60347605/cryptography-module-not-installing
/questions/63182317/problems-installing-pip-cryptography-in-windows
/questions/41773655/pip-not-installing-cryptography
/questions/51443359/pypy3-install-cryptography-failed
/questions/10520048/calculate-md5-checksum-for-a-file
/questions/69266627/importerror-no-module-named-cryptography
/questions/2408135/graduation-project-on-cryptography
/questions/70167936/cryptography-output-limit-characters
/questions/40038134/pyconfig-h-missing-during-pip-install-cryptography
/questions/17141875/python-and-cryptography-md5
/questions/53446099/how-to-fix-error-no-module-named-cryptography
/questions/5695346/is-base-64-part-of-cryptography
/questions/28894258/php-cryptography-class-issues
/questions/1379952/why-is-xor-used-in-cryptography
/questions/4593040/how-does-public-key-cryptography-work
/questions/3380158/security-hacking-cryptography-reading
/questions/11115336/elliptic-curve-cryptography-algorithms-in-java
/questions/9320152/is-this-xor-cryptography-secure
/questions/47331811/genetic-algorithm-in-cryptography
/questions/16752924/good-stanford-javascript-crypto-library-sjcl-examples-js-cryptography
/questions/41434694/sed-replacing-for-cryptography
/questions/1932200/packaging-cryptography-software-and-distributing
/questions/44830292/python-cryptography-module-import-error
/questions/53964401/python-cryptography-run-time-error-on-init-cffi-1-0-external-module
/questions/37711369/review-board-installation-of-cryptography-module
/questions/40614397/weak-cryptography-broken-algorithm-error
/questions/3812416/custom-asymmetric-cryptography-algorithm
/questions/2450171/external-iphone-cryptography-libs
/questions/59258162/cryptography-upgrade-issue-on-osx
/questions/28232425/what-means-donna-in-cryptography
/questions/75139362/python3-cryptography-installation-fails-at-screamingsnakecase
/questions/59745628/while-i-am-installing-cryptography-in-django-project-using-pycharm-i-got-the-er
/questions/38313548/python-pip-cryptography-build-wheel-fail
/questions/75139362/python3-cryptography-installation-fails-at-screamingsnakecase
/questions/37562909/why-is-the-java-cryptography-limited
/questions/30160799/error-installing-cryptography-mac-os
/questions/31532857/cannot-install-cryptography-0-9-3-on-osx-10-8
/questions/9759878/initialization-vector-on-cryptography
/questions/28232425/what-means-donna-in-cryptography
/questions/59626983/importerror-cryptography-pythons-module
/questions/4613739/botan-vs-openssl-vs-crypto-for-cryptography
/questions/10063673/php-cryptography-good-practices
/questions/41878579/install-cryptography-on-rasperry-pi-3
/questions/62848017/using-python-cryptography-module-to-encrypt-recursively
/questions/29784651/getting-weak-reference-error-in-cryptography-0-8-2-python-install
/questions/33656373/android-cryptography-library-fips-validation
/questions/66456300/error-selenium-wire-linux-with-dependency-cryptography
/questions/66998034/failed-to-install-cryptography-package-with-poetry-on-python-3-9
/questions/66456300/error-selenium-wire-linux-with-dependency-cryptography
/questions/66998034/failed-to-install-cryptography-package-with-poetry-on-python-3-9
/questions/47081576/cryptography-with-python-3-6
/questions/13210026/is-there-really-a-use-for-trigonometry-in-cryptography
/questions/66038293/python-cryptography-fernet-generate-key-key-length
/questions/6843776/java-se-strong-cryptography-for-java-7
/questions/13801059/elliptic-curve-cryptography-in-java-6
/questions/58228435/openssl-fips-mode-set-not-working-in-python-cryptography-library
/questions/70411027/cant-install-python-cryptography-on-cygwin
/questions/258721/which-built-in-net-cryptography-algorithm-is-the-most-secure
/questions/3601530/problem-with-byte-flood-cryptography-c-library
/questions/63546459/salt-in-cryptography
/questions/59143740/pip-cryptography-failing-to-install
/questions/76285562/no-module-named-cffi-backend-while-using-cryptography
/questions/75506071/module-not-found-error-no-module-named-cryptography
/questions/76273569/pyca-cryptography-and-bestavailableencryption
/questions/49970233/installing-python-cryptography-inside-venv-invalid-command-bdist-wheel
/questions/3617649/how-to-start-learn-cryptography-with-c
/questions/30159358/pip-install-cryptography-error-failed-with-exit-status-1120
/questions/73341873/how-to-fix-this-error-when-trying-to-install-django-channels-cryptography-fail
/questions/24846953/error-installing-cryptography-on-centos
/questions/54495255/python-cryptography-export-key-to-der
/questions/5550993/neural-cryptography-in-c-sharp
/questions/6725042/testing-a-implemented-algorithm-in-cryptography
/questions/7523123/how-to-use-cryptography-in-java
/questions/62469099/installing-cryptography-on-python-3-9-0a5-error
/questions/40406283/cryptography-in-net-with-hsm-without-pkcs11
/questions/36600357/convert-cryptography-vb-net-to-c-sharp
/questions/66496177/why-installation-of-cryptography-python-package-is-failing
/questions/69318121/deploying-python-takes-forever-to-build-wheel-for-cryptography
/questions/69318121/deploying-python-takes-forever-to-build-wheel-for-cryptography
/questions/16399127/bad-data-cryptography-c-sharp
/questions/4206217/network-connection-using-public-key-cryptography
/questions/66623980/error-no-matching-distribution-found-for-cryptography-3-2-1
/questions/66035003/installing-cryptography-on-an-apple-silicon-m1-mac
/questions/65219847/buildozer-fails-when-using-cryptography-module
/questions/23344522/i-have-javax-crypto-badpaddingexception-rsa-cryptography
/questions/5846699/d-dp-dq-parameters-in-rsa-cryptography
/questions/690566/net-implementation-libraries-of-elliptic-curve-cryptography
/questions/74313373/python-2-7-18-cryptography-3-3-2-module-installation-from-source-failed
/questions/26914249/cryptography-reference-not-working-for-xamarin-ios
/questions/65200279/replacement-for-cryptography-package-in-python
/questions/8702729/is-there-an-industry-standard-for-client-side-cryptography
/questions/31224744/elliptic-curve-threshold-cryptography-in-node
/questions/50203379/how-to-install-cryptography-in-python-virtual-environment-undefined-symbol
/questions/60967007/invalidsignature-with-python-cryptography
/questions/44457029/is-there-cryptography-algorithm-space-input-invariant
/questions/26914249/cryptography-reference-not-working-for-xamarin-ios
/questions/3474355/fast-and-secure-cryptography-algorithm-c-sharp
/questions/49075041/cryptography-python-docker-multistage-build
/questions/57375945/aes-encryption-in-python-different-results-when-using-pycryptodome-and-cryptog
/questions/36169407/itunes-connect-is-your-app-designed-to-use-cryptography
/questions/34971418/cryptography-with-python-it-is-for-a-project
/questions/46091034/python-padding-for-cryptography-aes
/questions/37389390/does-the-facebook-or-admob-sdk-use-cryptography
/questions/1117645/creative-uses-for-cryptography-beyond-the-usual-encryption-authentication
/questions/57891591/how-to-fix-importerror-no-module-named-cryptography
/questions/74522426/problem-exception-not-found-in-cryptography-python
/questions/62190715/python-no-module-named-cryptography-fernet-after-upgrade-cryptography-pkg
/questions/7627266/des-cryptography-in-c-sharp
/questions/55955127/pip-vendor-pep517-wrappers-backendunavailable-error-while-installing-cryptograp
/questions/39414780/trouble-installing-cryptography-with-pip3-ubuntu-16-04-lts
/questions/57684081/how-to-install-cryptography-on-ubuntu-18-04-bionic
/questions/39790327/does-cryptography-ecdsa-support-sha3
/questions/18377875/tools-to-practice-cryptanalysis-and-cryptography-techniques
/questions/4481062/integer-factorization-and-cryptography
/questions/18029704/asymmetric-cryptography-with-reversed-key-roles
/questions/50573741/cant-install-cryptography-on-raspberry-pi-because-of-libffi
/questions/34971418/cryptography-with-python-it-is-for-a-project
/questions/75193576/how-to-compile-cryptography-via-setup-py-using-cython
/questions/54477829/cryptography-is-required-for-sha256-password-or-caching-sha2-password
/questions/20560703/how-to-sign-data-using-blackberry-cryptography
/questions/57891591/how-to-fix-importerror-no-module-named-cryptography
/questions/55693874/encrypt-large-file-with-asymmetric-cryptography
/questions/5333891/whats-the-current-status-of-cryptography-export-restrictions
/questions/5333891/whats-the-current-status-of-cryptography-export-restrictions
/questions/67272916/proper-versions-of-cryptography-and-paramiko-to-run-together
/questions/72439291/pip3-install-cryptography-macos-gives-error
/questions/52714024/default-backend-not-defined-in-cryptography-rsa-python
/questions/75047693/failed-to-install-cryptography-in-python-on-linux
/questions/59414121/cannot-install-cryptography-and-pynacl-libraries-in-pycharm-running-on-windows
/questions/20155285/does-an-android-cryptography-provider-need-to-be-signed
/questions/6953621/can-the-bouncy-castle-cryptography-api-be-used-in-android
/questions/62008283/arm-cryptography-hazmat-bindings-openssl-abi3-so-undefined-symbol-pthread-atf
/questions/22961140/chat-application-cryptography
/questions/62059443/python-script-failed-regarding-to-cryptography-under-usr-lib64-python2-7
/questions/15398561/cryptography-servers-public-key
/questions/39515934/cryptography-converting-c-function-to-python
/questions/69144760/aes-ctr-decryption-cryptography-and-cryptodome-give-different-results
/questions/6552704/cryptography-for-p2p-card-game
/questions/23444135/is-net-aesmanaged-cryptography-hardware-accelerated
/questions/7369769/books-on-cryptography-from-very-basics-to-very-advanced
/questions/61388294/telegram-python-bot-importerror-no-module-named-cryptography-alpine-docker
/questions/32266150/doing-cryptography-on-windows-phone
/questions/68656079/arm-assembly-cryptography-extensions
/questions/35736598/cannot-pip-install-cryptography-in-docker-alpine-linux-3-3-with-openssl-1-0-2g
/questions/48094283/symmetric-and-asymmetric-cryptography
/questions/22324120/correct-implementation-of-asymmetric-cryptography
/questions/3280693/axis2-rampart-cryptography-problem-with-signaturepropfile
/questions/30062589/ironclad-cryptography-library-for-emacs-lisp
/questions/9800675/use-of-byte-arrays-and-hex-values-in-cryptography
/questions/7746975/pyecc-example-python-elliptic-curve-cryptography
/questions/12221058/cryptography-for-iphone
/questions/6067736/bouncy-castle-java-triple-des-cryptography-is-symetric-or-asymmetric
/questions/69944364/python-cryptography-not-installing-pkcs7-on-apple-silicon-m1-pro
/questions/30062589/ironclad-cryptography-library-for-emacs-lisp
/questions/69944364/python-cryptography-not-installing-pkcs7-on-apple-silicon-m1-pro
/questions/65658570/pipenv-install-fails-on-cryptography-package-disabling-pep-517-processing-is-i
/questions/30270788/obsolete-cryptography-warning-from-browser
/questions/45644386/is-des-cryptography-available-in-net-standard
/questions/13238074/how-to-check-that-java-cryptography-extension-is-installed
/questions/67726349/stuck-at-could-not-build-wheels-for-cryptography-which-use-pep-517-and-cannot-be
/questions/74930282/how-to-install-cryptography-library-on-docker-container
/questions/32804053/how-to-load-a-rsa-public-key-using-pythons-cryptography-module
/questions/51611642/does-openjdk-1-8-support-elliptic-curve-cryptography
/questions/118374/what-techniques-do-you-use-when-writing-your-own-cryptography-methods
/questions/36215447/error-occurs-when-installing-cryptography-for-scrapy-in-virtualenv-on-os-x
/questions/58048480/elliptic-curve-cryptography-in-react-native
/questions/53263183/cant-install-specific-library-cryptography-in-python-3-using-pip
/questions/3917742/java-cryptography-generated-key-portability
/questions/53263183/cant-install-specific-library-cryptography-in-python-3-using-pip
/questions/64365046/mitmproxy-could-not-build-wheels-for-cryptography-which-use-pep-517-and-cannot
/questions/67646196/aws-lambda-python-cryptography-cannot-open-shared-object-files
/questions/40545779/cryptography-0-0-6-not-getting-installed-in-windows-10-uwp-app
/questions/9681251/good-library-for-pairing-based-cryptography-in-java
/questions/69140324/how-to-serialize-python-cryptography-crl-object-into-pem
/questions/5658307/how-to-use-dpapisymmetriccryptoprovider-with-cryptography-encryption-block
/questions/74410886/how-to-solve-no-module-named-cryptographyfound-in-pyhton
/questions/50818297/asymmetric-cryptography-with-public-key-and-private-key
/questions/13711005/aes-ctr-mode-with-bouncycastle-cryptography
/questions/63801581/python-cryptography-module-public-key-verify-method
/questions/56271149/python-cryptography-generate-a-csr-with-an-attribute-section-challenge
/questions/7440453/elliptic-curve-cryptography-implementation-in-java-7
/questions/69312054/vendoring-dependencies-fails-to-find-cryptography
/questions/27785130/cryptography-hex-binaries-and-ascii-python
/questions/40854509/error-when-installing-cryptography-python-library-with-pip-in-centos
/questions/13711005/aes-ctr-mode-with-bouncycastle-cryptography
/questions/57487870/updating-python-cryptography-causes-error-and-does-not-work-scripts
/questions/64232602/how-to-encrypt-json-in-python-error-using-cryptography
/questions/195509/is-javascript-a-proper-platform-for-cryptography-or-can-it-be
/questions/58871917/cloudspeech-demo-in-voice-aiy-kit-cryptography-error
/questions/42110224/hybrid-cryptography-length-of-the-data-to-decrypt-is-invalid
/questions/38669795/how-to-hide-javascript-with-cryptography
/questions/1161751/php-silverlight-cryptography-challenge
/questions/74831807/reimplementing-crypto-js-in-python-cryptography
/questions/40601953/how-i-can-use-cryptography-library-to-encryption-files-in-python
/questions/56523498/java-to-swift-conversion-in-cryptography
/questions/43886464/cryptography-python-diffie-hellman-key-exchange-implementation
/questions/45146504/python-cryptography-module-save-load-rsa-keys-to-from-file
/questions/39827719/cryptography-with-ascii-in-python-3
/questions/67192044/python-store-cryptography-keys-in-sql-database
/questions/76076917/cryptography-40-0-2-pp39-pypy39-pp73-win-amd64-whl-is-not-a-supported-wheel-on-t
/questions/48964004/private-encrypt-generate-signature-using-cryptography-pycrypto-as-generated-b
/questions/46784106/hybrid-cryptography-in-hybrid-mobile-application
/questions/41213390/cryptography-and-3rd-party-content-for-submitting-ios-apps
/questions/53787775/installing-cryptography-2-2-1-or-higher-from-wheel
/questions/76538185/elliptic-curve-cryptography-key-verification-fails
/questions/28914496/what-is-the-difference-between-signing-by-openssl-and-microsoft-cryptography-lib
/questions/12811407/verifying-browserid-assertions-in-javascript-with-web-cryptography-api
/questions/68668632/convert-node-js-cryptography-code-into-dart
/questions/66204391/error-installing-cryptography-on-big-sur-running-on-apple-silicon
/questions/72063687/cryptography-python-encryption-for-creating-password-error
/questions/42063468/gcc-error-installing-python-cryptography-centos-7-64
/questions/26090739/in-cryptography-a-caesar-cipher-ruby
/questions/73849455/dbt-install-snowflake-fails-with-cryptography-and-markupsafe-being-outdated
/questions/26090739/in-cryptography-a-caesar-cipher-ruby
/questions/68668632/convert-node-js-cryptography-code-into-dart
/questions/37427282/what-symmetric-keys-we-can-use-in-angular-cryptography
/questions/54343899/python-cryptography-generate-new-rsa-private-key
/questions/41303777/use-ecdiffiehellman-with-or-without-cryptography-next-generation-cng
/questions/44001027/cryptography-unit-testing-logic
/questions/72356576/obtain-int-crl-number-from-crl-using-cryptography-library
/questions/4869454/how-to-generate-and-use-public-key-cryptography-in-wincrypt
/questions/71279621/problem-installing-cryptography-on-macos-monterey-with-arm-chip
/questions/36117046/is-the-fernet-cryptography-module-safe-and-can-i-do-aes-encryption-with-that-mo
/questions/44707649/can-forest-crack-public-key-cryptography
/questions/888473/are-there-any-high-abstraction-level-cryptography-libraries-for-c
/questions/5943790/how-to-distribute-java-apps-with-unlimited-strength-cryptography
/questions/43244022/rsa-cryptography-with-raw-keys-c-sharp
/questions/5943790/how-to-distribute-java-apps-with-unlimited-strength-cryptography
/questions/43244022/rsa-cryptography-with-raw-keys-c-sharp
/questions/20809020/assistance-with-public-key-cryptography
/questions/1914257/when-can-you-trust-yourself-to-implement-cryptography-based-solutions
/questions/69616242/how-to-parse-cryptography-x509-extension
/questions/37410357/is-java-cryptography-standard-libraries-in-android-run-as-native-code
/questions/5648902/n-party-public-key-cryptography
/questions/47724073/python-cryptography-generate-random-keys
/questions/45197000/is-apksigner-compliant-with-jce-java-cryptography-extension-specification
/questions/2006683/tools-for-visualizing-and-implementing-elliptic-curve-cryptography
/questions/50619166/docker-installing-python-cryptography-on-alpine-linux-distribution
/questions/29216285/iis-tls-certificate-chrome-says-we-are-using-obsolete-cryptography
/questions/1047207/how-to-configure-asp-net-membershipprovider-with-custom-cryptography
/questions/41637517/signing-certs-python-cryptography-library-behavior-changes-between-versions
/questions/72636418/python-cryptography-aes-ctr-in-ssh
/questions/5898940/how-works-public-key-cryptography-on-github
/questions/35079359/python-cryptography-fails-with-expected-interface-of-cipheralgorithm
/questions/66667705/python-cryptography-fernet-reduce-length-of-encrypted-text-generated
/questions/47618106/asp-net-cryptography-sha-1-to-sha-2
/questions/72636418/python-cryptography-aes-ctr-in-ssh
/questions/61519016/rsa-cryptography-outputs-wrong-values
/questions/13518961/cryptography-in-java-bytes-to-bits
/questions/36958748/how-to-encrypt-a-variable-with-the-cryptography-module
/questions/75819576/rust-decrypt-from-python-cryptography
/questions/75442228/python-cdk-project-in-an-ubuntu-environment-running-on-wsl2-cryptography-is-no
/questions/7265520/what-is-protected-division-in-reference-to-genetic-programming-and-cryptograph
/questions/61356283/securing-java-rmi-with-asymmetric-key-cryptography
/questions/49228782/how-to-integrate-coingate-apis-for-cryptography-in-asp-net-c
/questions/11358470/most-efficient-cryptography-method-for-encrypting-a-string
/questions/74682119/error-with-cryptography-cffi-on-apple-m1-processor
/questions/11358470/most-efficient-cryptography-method-for-encrypting-a-string
/questions/74682119/error-with-cryptography-cffi-on-apple-m1-processor
/questions/19832306/invalid-key-exception-when-doing-elliptical-curve-cryptography
/questions/25562954/scrapy-installation-fails-while-installing-cryptography-package
/questions/59005294/how-does-the-user1-send-the-encryption-and-decryption-key-to-user2-in-symmetric
/questions/40202598/install-pip3-install-quandl-returns-failed-cleaning-build-dir-for-cryptography
/questions/46784908/fails-to-install-cryptography-when-a-pants-build-is-run
/questions/18819095/how-insert-bits-into-block-in-java-cryptography
/questions/64005572/cannot-sign-a-jwt-using-elliptic-curve-ec-cryptography
/questions/31413244/converting-c-sharp-cryptography-to-java
/questions/54488243/initialization-vector-best-practices-symmetric-cryptography
/questions/66548460/converting-a-php-cryptography-and-hash-hmacsha512-code-to-c-sharp
/questions/10334240/commercial-net-libraries-for-public-key-cryptography
/questions/37298803/osx-el-capitan-python-install-cryptography-fail
/questions/44071209/adobe-air-cryptography-native-extension-sample
/questions/73071357/elliptic-curve-cryptography-encryption-with-c-sharp
/questions/37298803/osx-el-capitan-python-install-cryptography-fail
/questions/39620200/convert-python-cryptography-ec-key-to-openssh-format
/questions/25901028/installing-pyopenssl-cryptography-on-heroku
/questions/73003466/how-to-create-a-csr-with-a-upn-san-using-python-cryptography-module
/questions/26760398/python-cryptography-run-time-bindings-files-in-gcs
/questions/46876367/itunes-connect-is-my-app-designed-to-use-cryptography
/questions/68438667/cygwin-python-error-failed-building-wheel-for-cryptography
/questions/72378513/is-there-any-solution-to-encrypt-integer-in-django-using-django-cryptography
/questions/37541248/python-cryptography-library-fails-to-load-pem-public-key-with-my-pem-format
/questions/5405631/which-c-crypto-framework-do-you-recommend-for-symmetric-asymmetric-cryptograph
/questions/39402792/need-help-verifying-a-signature-with-the-python-cryptography-library
/questions/44071209/adobe-air-cryptography-native-extension-sample
/questions/21749695/how-can-i-implement-ntru-cryptography-algorithm-in-java
/questions/12089647/need-help-in-learning-networking-and-cryptography-apis-in-java
/questions/38684333/whats-the-purpose-of-a-password-in-symmetric-cryptography
/questions/37306324/ios-app-using-non-standard-cryptography
/questions/6746359/pgp-and-the-cryptography-application-block
/questions/17491714/python-and-c-sharp-cryptography-what-im-doing-wrong
/questions/34259985/where-can-i-download-cryptography-windows-7-64-bit-installer
/questions/46700477/does-azure-key-vault-support-eccelliptic-curve-cryptography
/questions/58737342/issues-with-installing-cryptography-in-python-3-8-0-with-custom-openssl
/questions/74257945/get-md5-of-a-file-with-cryptography-python-library
/questions/16098963/is-there-any-programing-language-independent-cryptography-algorithms
/questions/9791761/using-gmp-for-cryptography-how-to-get-random-numbers
/questions/55129690/python-cryptography-fernet-aes-encryption-newlines-indents-carriage-returns
/questions/41847079/how-can-i-encode-a-sentence-in-c-sharp-cryptography
/questions/29994262/install-of-python-module-cryptography-on-aix-5-3
/questions/70771842/poetry-update-error-when-installing-cryptography-lib-on-big-sur
/questions/48230570/what-is-a-scalar-implementation-in-elliptical-curve-cryptography
/questions/44353105/how-to-handle-credit-card-information-with-cryptography-on-android-and-rest
/questions/39402792/need-help-verifying-a-signature-with-the-python-cryptography-library
/questions/45534763/how-does-one-access-csr-challengepassword-with-pyca-cryptography
/questions/27739075/jasmin-installation-fails-on-osx-while-installing-cryptography-package
/questions/56628058/how-to-print-public-key-from-certificates-using-cryptography-library-in-python
/questions/36824924/handle-user-login-using-asymmetric-cryptography
/questions/60629915/using-pycryptodome-or-cryptography-in-python-3-6-how-to-achieve-this
/questions/40734494/simple-cryptography-problematic-for-loops
/questions/60621653/python-how-to-remove-the-message-cryptography-is-not-installed-use-of-crypto
/questions/59243185/generating-elliptic-curve-private-key-in-python-with-the-cryptography-library
/questions/37383550/public-private-key-cryptography-mta-mobility
/questions/43765718/elliptic-curve-cryptography-on-php-and-android
/questions/188043/security-cryptography-stupid-challenge-response-protocol
/questions/26832008/a-cryptography-web-application-works-well-locally-but-dont-on-the-cloud
/questions/41581500/installing-python-cryptography-package-from-source-on-solaris-10
/questions/41581500/installing-python-cryptography-package-from-source-on-solaris-10
/questions/25462906/asymmetric-cryptography-plaintext-size-error
/questions/59200737/what-does-failed-building-wheel-for-cryptography-for-pyopenssl-in-digitalocean-m
/questions/27222242/cannot-get-expected-result-for-spring4d-cryptography-examples
/questions/6278195/call-java-cryptography-architecture-jca-from-pl-sql
/questions/7539984/asymmetric-cryptography-example-in-c-sharp
/questions/19029575/bouncycastle-cryptography-provider-library-used-with-applet-on-java-7u40
/questions/12457234/encrypt-in-javascript-decrypt-in-php-using-public-key-cryptography
/questions/10246336/how-do-i-identify-the-cryptography-used-in-this-java-framework
/questions/26560250/does-the-smart-card-readers-do-any-cryptography-function
/questions/71511610/cryptography-fernet-invalidtoken-problem-with-cryptography
/questions/29877335/typeerror-in-cryptography-module-when-loading-a-key-in-a-multithreaded-environme
/questions/39137171/does-an-app-which-encrypts-messages-with-a-cipher-include-cryptography-ios-app
/questions/34605403/rsa-cryptography-and-saving-to-database-c
/questions/38052882/not-able-to-install-cryptography-package-in-python
/questions/37506383/rsa-cryptography-returns-illegal-use-in-java-card-applet
/questions/58716370/encryption-or-cryptography-for-store-sensitive-data
/questions/34605403/rsa-cryptography-and-saving-to-database-c
/questions/66252726/swiftyrsa-pythons-cryptography-for-signature-verification
/questions/43392866/cryptography-packafe-installation-error-on-google-cloud-ml
/questions/75865819/how-to-install-python-cryptography-38-0-4-without-pip-on-ubuntu
/questions/63283524/does-the-npm-package-crypto-js-relate-to-cryptocurrency-or-cryptography
/questions/17702972/for-a-public-key-cryptography-from-where-this-prime-numbers-are-generated
/questions/38353513/make-a-android-application-use-fips-140-2-valiated-cryptography
/questions/64599180/is-this-cryptography-method-secure-for-a-windows-app
/questions/41111761/cryptography-with-python
/questions/76447737/ide-cant-recognize-cryptography-module-how-do-i-fix-this
/questions/5637697/what-are-some-widely-used-cryptography-hash-libraries-in-c
/questions/76447737/ide-cant-recognize-cryptography-module-how-do-i-fix-this
/questions/5637697/what-are-some-widely-used-cryptography-hash-libraries-in-c
/questions/30353056/ssl-error-your-connection-is-encrypted-with-modern-cryptography
/questions/11707976/cryptography-in-java
/questions/70566055/rdbms-cryptography
/questions/62488877/math-in-cryptography
/questions/11692263/what-are-different-certificate-types-formats-in-cryptography
/questions/13126360/performing-the-math-behind-public-key-cryptography
/questions/25844026/key-length-limit-with-java-cryptography-extension
/questions/71734743/python-cryptography-lib-not-found-by-aws-lambda-function-while-using-docusign-es
/questions/42884182/very-simple-cryptography-function-in-c
/questions/3990342/cryptography-write-application-to-decrypt-basic-ciphers
/questions/26097398/installing-python-cryptography-error
/questions/67938461/web-cryptography-implement-hkdf-for-the-output-of-ecdh
/questions/75389710/error-lib64-libc-so-6-version-glibc-2-28-not-found-required-by-var-task-c
/questions/53433436/is-there-already-an-xmss-xmssmt-provider-for-java-jca-java-cryptography-archit
/questions/75389710/error-lib64-libc-so-6-version-glibc-2-28-not-found-required-by-var-task-c
/questions/3053618/what-does-visual-studio-have-to-do-with-hklm-software-microsoft-cryptography
/questions/67915640/ssh-vulnerability-detected-in-file-cryptography-hazmat-primitives-serialization
/questions/32259074/invalidtag-error-decrypting-pushbullet-notification-with-python-cryptography
/questions/52555683/is-it-possible-to-use-django-cryptography-with-filter-or-get-methods
/questions/7049785/simple-way-to-implement-public-key-cryptography-in-c
/questions/41715403/python-py2exe-cryptography-multibackend-cannot-be-initialized-with-no-backends
/questions/61215512/why-didnt-i-receive-cryptography-hazmat-bindings-padding-when-installing-crypt
/questions/56616156/how-to-resolve-cryptography-changes-in-android-p
/questions/69913416/net-6-0-rijndaelmanaged-cryptography-does-not-decrypt-correctly
/questions/69527805/python-cannot-install-cryptography-command-errored-out-with-exit-status-1
/questions/39180609/importerror-no-module-named-cryptography
/questions/37425798/microsft-azure-installing-java-cryptography-extension-jce
/questions/75288069/error-in-building-wheel-for-cryptography-while-installing-firebase-admin-on-rasp
/questions/8531660/protecting-a-file-using-asymmetric-cryptography
/questions/22717973/does-calling-email-task-involve-using-cryptography-or-encryption
/questions/71004920/how-to-verify-the-hmac-in-this-python-cryptography-code
/questions/41715403/python-py2exe-cryptography-multibackend-cannot-be-initialized-with-no-backends
/questions/51381359/are-cng-classes-in-net-cryptography-namespace-fips-certified
/questions/57529040/how-to-port-this-cryptography-related-code-from-go-to-python
/questions/39629006/on-hash-functions-application-in-cryptography-vs-feature
/questions/4620450/cryptography-grade-random-numbers-in-access-2010
/questions/11156779/generate-base-point-g-of-elliptic-curve-for-elliptic-curve-cryptography
/questions/59948424/are-there-legal-issues-hosting-an-open-source-software-project-on-github-which-u
/questions/29019626/is-possible-to-distinguish-strings-encrypted-with-different-cryptography-algorit
/questions/19870051/cryptography-vs-hashing
/questions/57286946/python-diffie-hellman-exchange-cryptography-library-shared-key-not-the-same
/questions/4698878/good-cryptography-encryption-books
/questions/1638138/using-asp-net-cryptography-in-asp-classic-application
/questions/48294135/pip-install-cryptography-fail-with-error-microsoft-visual-c-10-0-is-required
/questions/17205327/audit-my-php-function-to-generate-cryptography-secure-passwords
/questions/64938854/airflow-broken-dag-error-the-version-of-cryptography-does-not-match-the-loaded
/questions/76072932/unable-to-use-specific-ec-key-operations-from-cryptography-packages-openssl-ba
/questions/70216577/how-to-rewrite-these-php-openssl-calls-in-net-cryptography
/questions/58193502/why-cant-openssl-verify-signature-created-by-python-cryptography-library
/questions/55291174/error-in-python-cryptography-module-rsaprivatekey-object-has-no-attribute-si
/questions/56815398/implementation-of-elliptic-curve-cryptography-in-c
/questions/15629974/cryptography-options
/questions/10690710/java-cryptography-extensions-and-unlimited-strength
/questions/57331472/trouble-with-aes-cryptography-specifically-encrypting-with-cryptoswift-and-decr
/questions/75558967/secure-chat-application-with-photo-tracking-using-sm-cryptography-framework-on-t
/questions/75741578/usr-bin-arm-linux-gnueabihf-gcc-error-while-installing-cryptography-python-pa
/questions/39644514/how-to-find-asn-1-components-of-ec-key-python-cryptography
/questions/7748688/what-are-some-recommended-learning-resources-for-openssl-and-cryptography
/questions/28429928/web-cryptography-api-howto-discover-supported-algorithms
/questions/27008942/cryptography-java
/questions/60156298/cant-install-flask-ask-error-from-cryptography-module
/questions/70685569/when-i-try-to-usee-public-key-encrypt-its-doesnt-work-python-cryptography
/questions/72293878/failing-to-install-python-cryptography-library-using-pip-on-msys2-mingw
/questions/28775567/why-does-a-fernet-encryption-token-always-start-with-the-same-sequence-python
/questions/53591395/python-cryptography-rsassa-pss-signature-returns-not-valid-when-check-with-pycry
/questions/75285135/how-to-generate-a-large-prime-via-cryptography-provider
/questions/42877367/cryptography-code-confusion
/questions/19006162/porting-cryptography-apis-from-windows-8-to-win-rt
/questions/69143663/decrypting-cryptography-fernet-encoding-to-check-if-the-input-is-the-same
/questions/1277226/java-and-c-cryptography-interoperability
/questions/45980241/is-it-possible-to-access-scrypt-using-the-java-cryptography-architecture
/questions/72119519/rsa-cryptography-shows-wrong-result-for-large-prime-numbers
/questions/67101610/how-do-i-sign-an-amp-update-cache-request-with-pythons-cryptography-package
/questions/46037797/simple-vernam-cryptography
/questions/45980241/is-it-possible-to-access-scrypt-using-the-java-cryptography-architecture
/questions/34506559/configure-ibmjce-cryptography-lib-on-oracle-server
/questions/74412037/odoo16-installation-error-openssl-cryptography-module-lib-has-no-attribute
/questions/65007010/how-to-use-python-cryptography-to-load-a-der-certificate-without-backend-or-wha
/questions/47863207/cryptography-in-nodejs-sha-1
/questions/47226518/what-cryptography-provider-types-can-sign-a-clickonce-manifest
/questions/42877367/cryptography-code-confusion
/questions/9156545/android-file-cryptography
/questions/3035314/rsa-cryptography-in-c-sharp
/questions/2927952/why-do-people-use-bouncycastle-instead-of-javas-built-in-jce-provider-what-is
/questions/45875434/how-to-generate-4-digit-cryptography-random-number-using-python
/questions/62333295/cryptography-decryption-problems
/questions/72333637/is-the-example-proposed-by-microsoft-for-cryptography-secure-enough-or-should-i
/questions/26519031/cryptography-best-practices-for-password-storage-in-node
/questions/45200301/cryptography-in-python
/questions/66354143/python-cryptography-how-to-include-x509-extensions-for-subject-key-identifie
/questions/48789489/chat-client-server-with-file-transfer-and-hybrid-cryptography
/questions/10317056/identifying-cryptography-cipher
/questions/26519031/cryptography-best-practices-for-password-storage-in-node
/questions/20318078/no-cryptography-random-generator-seed-allowed-in-c
/questions/56285000/python-cryptography-create-a-certificate-signed-by-an-existing-ca-and-export
/questions/47710012/a-book-that-contains-shors-algorithm-mceliece-cryptosystem-lattice-based-cry
/questions/41901458/cryptography-cesar-algorithm
/questions/71354710/cryptography-package-is-required-for-sha256-password-or-caching-sha2-password
/questions/47226518/what-cryptography-provider-types-can-sign-a-clickonce-manifest
/questions/54237266/des-cipher-with-pyca-cryptography-pbewithmd5anddes
/questions/4959083/cryptography-hash-of-string-correlates-to-hash-of-substrings-of-string
/questions/50205819/cffi-fails-in-python-linux-virtual-environment-attempting-to-install-crypto
/questions/56230866/cryptography-package-import-fails
/questions/56567695/how-to-migrate-old-python-code-from-m2crypto-to-cryptography-rsa-signing-of-a-d
/questions/51483761/writing-shims-for-cryptography
/questions/4959083/cryptography-hash-of-string-correlates-to-hash-of-substrings-of-string
/questions/4583274/cryptography-tools-for-python-3
/questions/50205819/cffi-fails-in-python-linux-virtual-environment-attempting-to-install-crypto
/questions/42338387/meaning-of-invalidtoken-no-exception-message-supplied-using-python-cryptograph
/questions/43702146/decoding-with-pythons-cryptography-package
/questions/40650615/implementing-cryptography-in-arangodb
/questions/36063815/eclipse-is-crashing-after-enabling-java-security-java-cryptography-extension
/questions/34767099/vb-net-cryptographypdf
/questions/18432702/cryptography-in-metro-app
/questions/27417295/cryptography-error-with-c
/questions/56970997/import-jwk-signature-from-file-and-verify-information-web-cryptography-api
/questions/6104977/cryptography-in-silverlight
/questions/35130195/generating-unique-number-through-cryptography
/questions/22073516/failed-to-install-python-cryptography-package-with-pip-and-setup-py
/questions/439870/why-are-primes-important-in-cryptography
/questions/35144550/how-to-install-cryptography-on-ubuntu
/questions/72733694/cryptography-not-installing
/questions/7953567/checking-if-unlimited-cryptography-is-available
/questions/32935726/problems-installing-cryptography
/questions/67569696/modulenotfounderror-no-module-named-cryptography-unable-to-recognize-crypto
/questions/65573853/modulenotfounderror-no-module-named-cryptography
/questions/59441794/error-could-not-build-wheels-for-cryptography-which-use-pep-517-and-cannot-be-i
/questions/42280354/cryptography-install-with-pip3
/questions/69743936/problem-installing-cryptography-on-raspberry-pi
/questions/258994/net-cryptography-for-licence-keys
/questions/66118337/how-to-get-rid-of-cryptography-build-error
/questions/26300016/symmetric-cryptography-and-salt
/questions/45089805/pip-install-cryptography-in-windows
/questions/35147681/how-to-install-cryptography-on-mac-os-x
/questions/57827731/python-dll-importerror-cryptography
/questions/7568777/benchmarking-symmetric-and-asymmetric-cryptography
/questions/4795385/how-do-you-use-bcrypt-for-hashing-passwords-in-php
/questions/2532983/free-cryptography-libraries
/questions/6691305/elliptic-curve-cryptography-for-actionscript
/questions/38953388/is-firebase-using-cryptography
/questions/3359862/elliptic-curve-cryptography
/questions/3651090/home-made-cryptography
/questions/60347605/cryptography-module-not-installing
/questions/63182317/problems-installing-pip-cryptography-in-windows
/questions/41773655/pip-not-installing-cryptography
/questions/51443359/pypy3-install-cryptography-failed
/questions/10520048/calculate-md5-checksum-for-a-file
/questions/69266627/importerror-no-module-named-cryptography
/questions/2408135/graduation-project-on-cryptography
/questions/70167936/cryptography-output-limit-characters
/questions/40038134/pyconfig-h-missing-during-pip-install-cryptography
/questions/17141875/python-and-cryptography-md5
/questions/53446099/how-to-fix-error-no-module-named-cryptography
/questions/5695346/is-base-64-part-of-cryptography
/questions/28894258/php-cryptography-class-issues
/questions/1379952/why-is-xor-used-in-cryptography
/questions/4593040/how-does-public-key-cryptography-work
/questions/3380158/security-hacking-cryptography-reading
/questions/11115336/elliptic-curve-cryptography-algorithms-in-java
/questions/9320152/is-this-xor-cryptography-secure
/questions/47331811/genetic-algorithm-in-cryptography
/questions/16752924/good-stanford-javascript-crypto-library-sjcl-examples-js-cryptography
/questions/41434694/sed-replacing-for-cryptography
/questions/1932200/packaging-cryptography-software-and-distributing
/questions/44830292/python-cryptography-module-import-error
/questions/53964401/python-cryptography-run-time-error-on-init-cffi-1-0-external-module
/questions/37711369/review-board-installation-of-cryptography-module
/questions/40614397/weak-cryptography-broken-algorithm-error
/questions/3812416/custom-asymmetric-cryptography-algorithm
/questions/2450171/external-iphone-cryptography-libs
/questions/59258162/cryptography-upgrade-issue-on-osx
/questions/28232425/what-means-donna-in-cryptography
/questions/75139362/python3-cryptography-installation-fails-at-screamingsnakecase
/questions/59745628/while-i-am-installing-cryptography-in-django-project-using-pycharm-i-got-the-er
/questions/38313548/python-pip-cryptography-build-wheel-fail
/questions/75139362/python3-cryptography-installation-fails-at-screamingsnakecase
/questions/37562909/why-is-the-java-cryptography-limited
/questions/30160799/error-installing-cryptography-mac-os
/questions/31532857/cannot-install-cryptography-0-9-3-on-osx-10-8
/questions/9759878/initialization-vector-on-cryptography
/questions/28232425/what-means-donna-in-cryptography
/questions/59626983/importerror-cryptography-pythons-module
/questions/4613739/botan-vs-openssl-vs-crypto-for-cryptography
/questions/10063673/php-cryptography-good-practices
/questions/41878579/install-cryptography-on-rasperry-pi-3
/questions/62848017/using-python-cryptography-module-to-encrypt-recursively
/questions/29784651/getting-weak-reference-error-in-cryptography-0-8-2-python-install
/questions/33656373/android-cryptography-library-fips-validation
/questions/66456300/error-selenium-wire-linux-with-dependency-cryptography
/questions/66998034/failed-to-install-cryptography-package-with-poetry-on-python-3-9
/questions/66456300/error-selenium-wire-linux-with-dependency-cryptography
/questions/66998034/failed-to-install-cryptography-package-with-poetry-on-python-3-9
/questions/47081576/cryptography-with-python-3-6
/questions/13210026/is-there-really-a-use-for-trigonometry-in-cryptography
/questions/66038293/python-cryptography-fernet-generate-key-key-length
/questions/6843776/java-se-strong-cryptography-for-java-7
/questions/13801059/elliptic-curve-cryptography-in-java-6
/questions/58228435/openssl-fips-mode-set-not-working-in-python-cryptography-library
/questions/70411027/cant-install-python-cryptography-on-cygwin
/questions/258721/which-built-in-net-cryptography-algorithm-is-the-most-secure
/questions/3601530/problem-with-byte-flood-cryptography-c-library
/questions/63546459/salt-in-cryptography
/questions/59143740/pip-cryptography-failing-to-install
/questions/76285562/no-module-named-cffi-backend-while-using-cryptography
/questions/75506071/module-not-found-error-no-module-named-cryptography
/questions/76273569/pyca-cryptography-and-bestavailableencryption
/questions/49970233/installing-python-cryptography-inside-venv-invalid-command-bdist-wheel
/questions/3617649/how-to-start-learn-cryptography-with-c
/questions/30159358/pip-install-cryptography-error-failed-with-exit-status-1120
/questions/73341873/how-to-fix-this-error-when-trying-to-install-django-channels-cryptography-fail
/questions/24846953/error-installing-cryptography-on-centos
/questions/54495255/python-cryptography-export-key-to-der
/questions/5550993/neural-cryptography-in-c-sharp
/questions/6725042/testing-a-implemented-algorithm-in-cryptography
/questions/7523123/how-to-use-cryptography-in-java
/questions/62469099/installing-cryptography-on-python-3-9-0a5-error
/questions/40406283/cryptography-in-net-with-hsm-without-pkcs11
/questions/36600357/convert-cryptography-vb-net-to-c-sharp
/questions/66496177/why-installation-of-cryptography-python-package-is-failing
/questions/69318121/deploying-python-takes-forever-to-build-wheel-for-cryptography
/questions/69318121/deploying-python-takes-forever-to-build-wheel-for-cryptography
/questions/16399127/bad-data-cryptography-c-sharp
/questions/4206217/network-connection-using-public-key-cryptography
/questions/66623980/error-no-matching-distribution-found-for-cryptography-3-2-1
/questions/66035003/installing-cryptography-on-an-apple-silicon-m1-mac
/questions/65219847/buildozer-fails-when-using-cryptography-module
/questions/23344522/i-have-javax-crypto-badpaddingexception-rsa-cryptography
/questions/5846699/d-dp-dq-parameters-in-rsa-cryptography
/questions/690566/net-implementation-libraries-of-elliptic-curve-cryptography
/questions/74313373/python-2-7-18-cryptography-3-3-2-module-installation-from-source-failed
/questions/26914249/cryptography-reference-not-working-for-xamarin-ios
/questions/65200279/replacement-for-cryptography-package-in-python
/questions/8702729/is-there-an-industry-standard-for-client-side-cryptography
/questions/31224744/elliptic-curve-threshold-cryptography-in-node
/questions/50203379/how-to-install-cryptography-in-python-virtual-environment-undefined-symbol
/questions/60967007/invalidsignature-with-python-cryptography
/questions/44457029/is-there-cryptography-algorithm-space-input-invariant
/questions/26914249/cryptography-reference-not-working-for-xamarin-ios
/questions/3474355/fast-and-secure-cryptography-algorithm-c-sharp
/questions/49075041/cryptography-python-docker-multistage-build
/questions/57375945/aes-encryption-in-python-different-results-when-using-pycryptodome-and-cryptog
/questions/36169407/itunes-connect-is-your-app-designed-to-use-cryptography
/questions/34971418/cryptography-with-python-it-is-for-a-project
/questions/46091034/python-padding-for-cryptography-aes
/questions/37389390/does-the-facebook-or-admob-sdk-use-cryptography
/questions/1117645/creative-uses-for-cryptography-beyond-the-usual-encryption-authentication
/questions/57891591/how-to-fix-importerror-no-module-named-cryptography
/questions/74522426/problem-exception-not-found-in-cryptography-python
/questions/62190715/python-no-module-named-cryptography-fernet-after-upgrade-cryptography-pkg
/questions/7627266/des-cryptography-in-c-sharp
/questions/55955127/pip-vendor-pep517-wrappers-backendunavailable-error-while-installing-cryptograp
/questions/39414780/trouble-installing-cryptography-with-pip3-ubuntu-16-04-lts
/questions/57684081/how-to-install-cryptography-on-ubuntu-18-04-bionic
/questions/39790327/does-cryptography-ecdsa-support-sha3
/questions/18377875/tools-to-practice-cryptanalysis-and-cryptography-techniques
/questions/4481062/integer-factorization-and-cryptography
/questions/18029704/asymmetric-cryptography-with-reversed-key-roles
/questions/50573741/cant-install-cryptography-on-raspberry-pi-because-of-libffi
/questions/34971418/cryptography-with-python-it-is-for-a-project
/questions/75193576/how-to-compile-cryptography-via-setup-py-using-cython
/questions/54477829/cryptography-is-required-for-sha256-password-or-caching-sha2-password
/questions/20560703/how-to-sign-data-using-blackberry-cryptography
/questions/57891591/how-to-fix-importerror-no-module-named-cryptography
/questions/55693874/encrypt-large-file-with-asymmetric-cryptography
/questions/5333891/whats-the-current-status-of-cryptography-export-restrictions
/questions/5333891/whats-the-current-status-of-cryptography-export-restrictions
/questions/67272916/proper-versions-of-cryptography-and-paramiko-to-run-together
/questions/72439291/pip3-install-cryptography-macos-gives-error
/questions/52714024/default-backend-not-defined-in-cryptography-rsa-python
/questions/75047693/failed-to-install-cryptography-in-python-on-linux
/questions/59414121/cannot-install-cryptography-and-pynacl-libraries-in-pycharm-running-on-windows
/questions/20155285/does-an-android-cryptography-provider-need-to-be-signed
/questions/6953621/can-the-bouncy-castle-cryptography-api-be-used-in-android
/questions/62008283/arm-cryptography-hazmat-bindings-openssl-abi3-so-undefined-symbol-pthread-atf
/questions/22961140/chat-application-cryptography
/questions/62059443/python-script-failed-regarding-to-cryptography-under-usr-lib64-python2-7
/questions/15398561/cryptography-servers-public-key
/questions/39515934/cryptography-converting-c-function-to-python
/questions/69144760/aes-ctr-decryption-cryptography-and-cryptodome-give-different-results
/questions/6552704/cryptography-for-p2p-card-game
/questions/23444135/is-net-aesmanaged-cryptography-hardware-accelerated
/questions/7369769/books-on-cryptography-from-very-basics-to-very-advanced
/questions/61388294/telegram-python-bot-importerror-no-module-named-cryptography-alpine-docker
/questions/32266150/doing-cryptography-on-windows-phone
/questions/68656079/arm-assembly-cryptography-extensions
/questions/35736598/cannot-pip-install-cryptography-in-docker-alpine-linux-3-3-with-openssl-1-0-2g
/questions/48094283/symmetric-and-asymmetric-cryptography
/questions/22324120/correct-implementation-of-asymmetric-cryptography
/questions/3280693/axis2-rampart-cryptography-problem-with-signaturepropfile
/questions/30062589/ironclad-cryptography-library-for-emacs-lisp
/questions/9800675/use-of-byte-arrays-and-hex-values-in-cryptography
/questions/7746975/pyecc-example-python-elliptic-curve-cryptography
/questions/12221058/cryptography-for-iphone
/questions/6067736/bouncy-castle-java-triple-des-cryptography-is-symetric-or-asymmetric
/questions/69944364/python-cryptography-not-installing-pkcs7-on-apple-silicon-m1-pro
/questions/30062589/ironclad-cryptography-library-for-emacs-lisp
/questions/69944364/python-cryptography-not-installing-pkcs7-on-apple-silicon-m1-pro
/questions/65658570/pipenv-install-fails-on-cryptography-package-disabling-pep-517-processing-is-i
/questions/30270788/obsolete-cryptography-warning-from-browser
/questions/45644386/is-des-cryptography-available-in-net-standard
/questions/13238074/how-to-check-that-java-cryptography-extension-is-installed
/questions/67726349/stuck-at-could-not-build-wheels-for-cryptography-which-use-pep-517-and-cannot-be
/questions/74930282/how-to-install-cryptography-library-on-docker-container
/questions/32804053/how-to-load-a-rsa-public-key-using-pythons-cryptography-module
/questions/51611642/does-openjdk-1-8-support-elliptic-curve-cryptography
/questions/118374/what-techniques-do-you-use-when-writing-your-own-cryptography-methods
/questions/36215447/error-occurs-when-installing-cryptography-for-scrapy-in-virtualenv-on-os-x
/questions/58048480/elliptic-curve-cryptography-in-react-native
/questions/53263183/cant-install-specific-library-cryptography-in-python-3-using-pip
/questions/3917742/java-cryptography-generated-key-portability
/questions/53263183/cant-install-specific-library-cryptography-in-python-3-using-pip
/questions/64365046/mitmproxy-could-not-build-wheels-for-cryptography-which-use-pep-517-and-cannot
/questions/67646196/aws-lambda-python-cryptography-cannot-open-shared-object-files
/questions/40545779/cryptography-0-0-6-not-getting-installed-in-windows-10-uwp-app
/questions/9681251/good-library-for-pairing-based-cryptography-in-java
/questions/69140324/how-to-serialize-python-cryptography-crl-object-into-pem
/questions/5658307/how-to-use-dpapisymmetriccryptoprovider-with-cryptography-encryption-block
/questions/74410886/how-to-solve-no-module-named-cryptographyfound-in-pyhton
/questions/50818297/asymmetric-cryptography-with-public-key-and-private-key
/questions/13711005/aes-ctr-mode-with-bouncycastle-cryptography
/questions/63801581/python-cryptography-module-public-key-verify-method
/questions/56271149/python-cryptography-generate-a-csr-with-an-attribute-section-challenge
/questions/7440453/elliptic-curve-cryptography-implementation-in-java-7
/questions/69312054/vendoring-dependencies-fails-to-find-cryptography
/questions/27785130/cryptography-hex-binaries-and-ascii-python
/questions/40854509/error-when-installing-cryptography-python-library-with-pip-in-centos
/questions/13711005/aes-ctr-mode-with-bouncycastle-cryptography
/questions/57487870/updating-python-cryptography-causes-error-and-does-not-work-scripts
/questions/64232602/how-to-encrypt-json-in-python-error-using-cryptography
/questions/195509/is-javascript-a-proper-platform-for-cryptography-or-can-it-be
/questions/58871917/cloudspeech-demo-in-voice-aiy-kit-cryptography-error
/questions/42110224/hybrid-cryptography-length-of-the-data-to-decrypt-is-invalid
/questions/38669795/how-to-hide-javascript-with-cryptography
/questions/1161751/php-silverlight-cryptography-challenge
/questions/74831807/reimplementing-crypto-js-in-python-cryptography
/questions/40601953/how-i-can-use-cryptography-library-to-encryption-files-in-python
/questions/56523498/java-to-swift-conversion-in-cryptography
/questions/43886464/cryptography-python-diffie-hellman-key-exchange-implementation
/questions/45146504/python-cryptography-module-save-load-rsa-keys-to-from-file
/questions/39827719/cryptography-with-ascii-in-python-3
/questions/67192044/python-store-cryptography-keys-in-sql-database
/questions/76076917/cryptography-40-0-2-pp39-pypy39-pp73-win-amd64-whl-is-not-a-supported-wheel-on-t
/questions/48964004/private-encrypt-generate-signature-using-cryptography-pycrypto-as-generated-b
/questions/46784106/hybrid-cryptography-in-hybrid-mobile-application
/questions/41213390/cryptography-and-3rd-party-content-for-submitting-ios-apps
/questions/53787775/installing-cryptography-2-2-1-or-higher-from-wheel
/questions/76538185/elliptic-curve-cryptography-key-verification-fails
/questions/28914496/what-is-the-difference-between-signing-by-openssl-and-microsoft-cryptography-lib
/questions/12811407/verifying-browserid-assertions-in-javascript-with-web-cryptography-api
/questions/68668632/convert-node-js-cryptography-code-into-dart
/questions/66204391/error-installing-cryptography-on-big-sur-running-on-apple-silicon
/questions/72063687/cryptography-python-encryption-for-creating-password-error
/questions/42063468/gcc-error-installing-python-cryptography-centos-7-64
/questions/26090739/in-cryptography-a-caesar-cipher-ruby
/questions/73849455/dbt-install-snowflake-fails-with-cryptography-and-markupsafe-being-outdated
/questions/26090739/in-cryptography-a-caesar-cipher-ruby
/questions/68668632/convert-node-js-cryptography-code-into-dart
/questions/37427282/what-symmetric-keys-we-can-use-in-angular-cryptography
/questions/54343899/python-cryptography-generate-new-rsa-private-key
/questions/41303777/use-ecdiffiehellman-with-or-without-cryptography-next-generation-cng
/questions/44001027/cryptography-unit-testing-logic
/questions/72356576/obtain-int-crl-number-from-crl-using-cryptography-library
/questions/4869454/how-to-generate-and-use-public-key-cryptography-in-wincrypt
/questions/71279621/problem-installing-cryptography-on-macos-monterey-with-arm-chip
/questions/36117046/is-the-fernet-cryptography-module-safe-and-can-i-do-aes-encryption-with-that-mo
/questions/44707649/can-forest-crack-public-key-cryptography
/questions/888473/are-there-any-high-abstraction-level-cryptography-libraries-for-c
/questions/5943790/how-to-distribute-java-apps-with-unlimited-strength-cryptography
/questions/43244022/rsa-cryptography-with-raw-keys-c-sharp
/questions/5943790/how-to-distribute-java-apps-with-unlimited-strength-cryptography
/questions/43244022/rsa-cryptography-with-raw-keys-c-sharp
/questions/20809020/assistance-with-public-key-cryptography
/questions/1914257/when-can-you-trust-yourself-to-implement-cryptography-based-solutions
/questions/69616242/how-to-parse-cryptography-x509-extension
/questions/37410357/is-java-cryptography-standard-libraries-in-android-run-as-native-code
/questions/5648902/n-party-public-key-cryptography
/questions/47724073/python-cryptography-generate-random-keys
/questions/45197000/is-apksigner-compliant-with-jce-java-cryptography-extension-specification
/questions/2006683/tools-for-visualizing-and-implementing-elliptic-curve-cryptography
/questions/50619166/docker-installing-python-cryptography-on-alpine-linux-distribution
/questions/29216285/iis-tls-certificate-chrome-says-we-are-using-obsolete-cryptography
/questions/1047207/how-to-configure-asp-net-membershipprovider-with-custom-cryptography
/questions/41637517/signing-certs-python-cryptography-library-behavior-changes-between-versions
/questions/72636418/python-cryptography-aes-ctr-in-ssh
/questions/5898940/how-works-public-key-cryptography-on-github
/questions/35079359/python-cryptography-fails-with-expected-interface-of-cipheralgorithm
/questions/66667705/python-cryptography-fernet-reduce-length-of-encrypted-text-generated
/questions/47618106/asp-net-cryptography-sha-1-to-sha-2
/questions/72636418/python-cryptography-aes-ctr-in-ssh
/questions/61519016/rsa-cryptography-outputs-wrong-values
/questions/13518961/cryptography-in-java-bytes-to-bits
/questions/36958748/how-to-encrypt-a-variable-with-the-cryptography-module
/questions/75819576/rust-decrypt-from-python-cryptography
/questions/75442228/python-cdk-project-in-an-ubuntu-environment-running-on-wsl2-cryptography-is-no
/questions/7265520/what-is-protected-division-in-reference-to-genetic-programming-and-cryptograph
/questions/61356283/securing-java-rmi-with-asymmetric-key-cryptography
/questions/49228782/how-to-integrate-coingate-apis-for-cryptography-in-asp-net-c
/questions/11358470/most-efficient-cryptography-method-for-encrypting-a-string
/questions/74682119/error-with-cryptography-cffi-on-apple-m1-processor
/questions/11358470/most-efficient-cryptography-method-for-encrypting-a-string
/questions/74682119/error-with-cryptography-cffi-on-apple-m1-processor
/questions/19832306/invalid-key-exception-when-doing-elliptical-curve-cryptography
/questions/25562954/scrapy-installation-fails-while-installing-cryptography-package
/questions/59005294/how-does-the-user1-send-the-encryption-and-decryption-key-to-user2-in-symmetric
/questions/40202598/install-pip3-install-quandl-returns-failed-cleaning-build-dir-for-cryptography
/questions/46784908/fails-to-install-cryptography-when-a-pants-build-is-run
/questions/18819095/how-insert-bits-into-block-in-java-cryptography
/questions/64005572/cannot-sign-a-jwt-using-elliptic-curve-ec-cryptography
/questions/31413244/converting-c-sharp-cryptography-to-java
/questions/54488243/initialization-vector-best-practices-symmetric-cryptography
/questions/66548460/converting-a-php-cryptography-and-hash-hmacsha512-code-to-c-sharp
/questions/10334240/commercial-net-libraries-for-public-key-cryptography
/questions/37298803/osx-el-capitan-python-install-cryptography-fail
/questions/44071209/adobe-air-cryptography-native-extension-sample
/questions/73071357/elliptic-curve-cryptography-encryption-with-c-sharp
/questions/37298803/osx-el-capitan-python-install-cryptography-fail
/questions/39620200/convert-python-cryptography-ec-key-to-openssh-format
/questions/25901028/installing-pyopenssl-cryptography-on-heroku
/questions/73003466/how-to-create-a-csr-with-a-upn-san-using-python-cryptography-module
/questions/26760398/python-cryptography-run-time-bindings-files-in-gcs
/questions/46876367/itunes-connect-is-my-app-designed-to-use-cryptography
/questions/68438667/cygwin-python-error-failed-building-wheel-for-cryptography
/questions/72378513/is-there-any-solution-to-encrypt-integer-in-django-using-django-cryptography
/questions/37541248/python-cryptography-library-fails-to-load-pem-public-key-with-my-pem-format
/questions/5405631/which-c-crypto-framework-do-you-recommend-for-symmetric-asymmetric-cryptograph
/questions/39402792/need-help-verifying-a-signature-with-the-python-cryptography-library
/questions/44071209/adobe-air-cryptography-native-extension-sample
/questions/21749695/how-can-i-implement-ntru-cryptography-algorithm-in-java
/questions/12089647/need-help-in-learning-networking-and-cryptography-apis-in-java
/questions/38684333/whats-the-purpose-of-a-password-in-symmetric-cryptography
/questions/37306324/ios-app-using-non-standard-cryptography
/questions/6746359/pgp-and-the-cryptography-application-block
/questions/17491714/python-and-c-sharp-cryptography-what-im-doing-wrong
/questions/34259985/where-can-i-download-cryptography-windows-7-64-bit-installer
/questions/46700477/does-azure-key-vault-support-eccelliptic-curve-cryptography
/questions/58737342/issues-with-installing-cryptography-in-python-3-8-0-with-custom-openssl
/questions/74257945/get-md5-of-a-file-with-cryptography-python-library
/questions/16098963/is-there-any-programing-language-independent-cryptography-algorithms
/questions/9791761/using-gmp-for-cryptography-how-to-get-random-numbers
/questions/55129690/python-cryptography-fernet-aes-encryption-newlines-indents-carriage-returns
/questions/41847079/how-can-i-encode-a-sentence-in-c-sharp-cryptography
/questions/29994262/install-of-python-module-cryptography-on-aix-5-3
/questions/70771842/poetry-update-error-when-installing-cryptography-lib-on-big-sur
/questions/48230570/what-is-a-scalar-implementation-in-elliptical-curve-cryptography
/questions/44353105/how-to-handle-credit-card-information-with-cryptography-on-android-and-rest
/questions/39402792/need-help-verifying-a-signature-with-the-python-cryptography-library
/questions/45534763/how-does-one-access-csr-challengepassword-with-pyca-cryptography
/questions/27739075/jasmin-installation-fails-on-osx-while-installing-cryptography-package
/questions/56628058/how-to-print-public-key-from-certificates-using-cryptography-library-in-python
/questions/36824924/handle-user-login-using-asymmetric-cryptography
/questions/60629915/using-pycryptodome-or-cryptography-in-python-3-6-how-to-achieve-this
/questions/40734494/simple-cryptography-problematic-for-loops
/questions/60621653/python-how-to-remove-the-message-cryptography-is-not-installed-use-of-crypto
/questions/59243185/generating-elliptic-curve-private-key-in-python-with-the-cryptography-library
/questions/37383550/public-private-key-cryptography-mta-mobility
/questions/43765718/elliptic-curve-cryptography-on-php-and-android
/questions/188043/security-cryptography-stupid-challenge-response-protocol
/questions/26832008/a-cryptography-web-application-works-well-locally-but-dont-on-the-cloud
/questions/41581500/installing-python-cryptography-package-from-source-on-solaris-10
/questions/41581500/installing-python-cryptography-package-from-source-on-solaris-10
/questions/25462906/asymmetric-cryptography-plaintext-size-error
/questions/59200737/what-does-failed-building-wheel-for-cryptography-for-pyopenssl-in-digitalocean-m
/questions/27222242/cannot-get-expected-result-for-spring4d-cryptography-examples
/questions/6278195/call-java-cryptography-architecture-jca-from-pl-sql
/questions/7539984/asymmetric-cryptography-example-in-c-sharp
/questions/19029575/bouncycastle-cryptography-provider-library-used-with-applet-on-java-7u40
/questions/12457234/encrypt-in-javascript-decrypt-in-php-using-public-key-cryptography
/questions/10246336/how-do-i-identify-the-cryptography-used-in-this-java-framework
/questions/26560250/does-the-smart-card-readers-do-any-cryptography-function
/questions/71511610/cryptography-fernet-invalidtoken-problem-with-cryptography
/questions/29877335/typeerror-in-cryptography-module-when-loading-a-key-in-a-multithreaded-environme
/questions/39137171/does-an-app-which-encrypts-messages-with-a-cipher-include-cryptography-ios-app
/questions/34605403/rsa-cryptography-and-saving-to-database-c
/questions/38052882/not-able-to-install-cryptography-package-in-python
/questions/37506383/rsa-cryptography-returns-illegal-use-in-java-card-applet
/questions/58716370/encryption-or-cryptography-for-store-sensitive-data
/questions/34605403/rsa-cryptography-and-saving-to-database-c
/questions/66252726/swiftyrsa-pythons-cryptography-for-signature-verification
/questions/43392866/cryptography-packafe-installation-error-on-google-cloud-ml
/questions/75865819/how-to-install-python-cryptography-38-0-4-without-pip-on-ubuntu
/questions/63283524/does-the-npm-package-crypto-js-relate-to-cryptocurrency-or-cryptography
/questions/17702972/for-a-public-key-cryptography-from-where-this-prime-numbers-are-generated
/questions/38353513/make-a-android-application-use-fips-140-2-valiated-cryptography
/questions/64599180/is-this-cryptography-method-secure-for-a-windows-app
/questions/41111761/cryptography-with-python
/questions/76447737/ide-cant-recognize-cryptography-module-how-do-i-fix-this
/questions/5637697/what-are-some-widely-used-cryptography-hash-libraries-in-c
/questions/76447737/ide-cant-recognize-cryptography-module-how-do-i-fix-this
/questions/5637697/what-are-some-widely-used-cryptography-hash-libraries-in-c
/questions/30353056/ssl-error-your-connection-is-encrypted-with-modern-cryptography
/questions/11707976/cryptography-in-java
/questions/70566055/rdbms-cryptography
/questions/62488877/math-in-cryptography
/questions/11692263/what-are-different-certificate-types-formats-in-cryptography
/questions/13126360/performing-the-math-behind-public-key-cryptography
/questions/25844026/key-length-limit-with-java-cryptography-extension
/questions/71734743/python-cryptography-lib-not-found-by-aws-lambda-function-while-using-docusign-es
/questions/42884182/very-simple-cryptography-function-in-c
/questions/3990342/cryptography-write-application-to-decrypt-basic-ciphers
/questions/26097398/installing-python-cryptography-error
/questions/67938461/web-cryptography-implement-hkdf-for-the-output-of-ecdh
/questions/75389710/error-lib64-libc-so-6-version-glibc-2-28-not-found-required-by-var-task-c
/questions/53433436/is-there-already-an-xmss-xmssmt-provider-for-java-jca-java-cryptography-archit
/questions/75389710/error-lib64-libc-so-6-version-glibc-2-28-not-found-required-by-var-task-c
/questions/3053618/what-does-visual-studio-have-to-do-with-hklm-software-microsoft-cryptography
/questions/67915640/ssh-vulnerability-detected-in-file-cryptography-hazmat-primitives-serialization
/questions/32259074/invalidtag-error-decrypting-pushbullet-notification-with-python-cryptography
/questions/52555683/is-it-possible-to-use-django-cryptography-with-filter-or-get-methods
/questions/7049785/simple-way-to-implement-public-key-cryptography-in-c
/questions/41715403/python-py2exe-cryptography-multibackend-cannot-be-initialized-with-no-backends
/questions/61215512/why-didnt-i-receive-cryptography-hazmat-bindings-padding-when-installing-crypt
/questions/56616156/how-to-resolve-cryptography-changes-in-android-p
/questions/69913416/net-6-0-rijndaelmanaged-cryptography-does-not-decrypt-correctly
/questions/69527805/python-cannot-install-cryptography-command-errored-out-with-exit-status-1
/questions/39180609/importerror-no-module-named-cryptography
/questions/37425798/microsft-azure-installing-java-cryptography-extension-jce
/questions/75288069/error-in-building-wheel-for-cryptography-while-installing-firebase-admin-on-rasp
/questions/8531660/protecting-a-file-using-asymmetric-cryptography
/questions/22717973/does-calling-email-task-involve-using-cryptography-or-encryption
/questions/71004920/how-to-verify-the-hmac-in-this-python-cryptography-code
/questions/41715403/python-py2exe-cryptography-multibackend-cannot-be-initialized-with-no-backends
/questions/51381359/are-cng-classes-in-net-cryptography-namespace-fips-certified
/questions/57529040/how-to-port-this-cryptography-related-code-from-go-to-python
/questions/39629006/on-hash-functions-application-in-cryptography-vs-feature
/questions/4620450/cryptography-grade-random-numbers-in-access-2010
/questions/11156779/generate-base-point-g-of-elliptic-curve-for-elliptic-curve-cryptography
/questions/59948424/are-there-legal-issues-hosting-an-open-source-software-project-on-github-which-u
/questions/29019626/is-possible-to-distinguish-strings-encrypted-with-different-cryptography-algorit
/questions/19870051/cryptography-vs-hashing
/questions/57286946/python-diffie-hellman-exchange-cryptography-library-shared-key-not-the-same
/questions/4698878/good-cryptography-encryption-books
/questions/1638138/using-asp-net-cryptography-in-asp-classic-application
/questions/48294135/pip-install-cryptography-fail-with-error-microsoft-visual-c-10-0-is-required
/questions/17205327/audit-my-php-function-to-generate-cryptography-secure-passwords
/questions/64938854/airflow-broken-dag-error-the-version-of-cryptography-does-not-match-the-loaded
/questions/76072932/unable-to-use-specific-ec-key-operations-from-cryptography-packages-openssl-ba
/questions/70216577/how-to-rewrite-these-php-openssl-calls-in-net-cryptography
/questions/58193502/why-cant-openssl-verify-signature-created-by-python-cryptography-library
/questions/55291174/error-in-python-cryptography-module-rsaprivatekey-object-has-no-attribute-si
/questions/56815398/implementation-of-elliptic-curve-cryptography-in-c
/questions/15629974/cryptography-options
/questions/10690710/java-cryptography-extensions-and-unlimited-strength
/questions/57331472/trouble-with-aes-cryptography-specifically-encrypting-with-cryptoswift-and-decr
/questions/75558967/secure-chat-application-with-photo-tracking-using-sm-cryptography-framework-on-t
/questions/75741578/usr-bin-arm-linux-gnueabihf-gcc-error-while-installing-cryptography-python-pa
/questions/39644514/how-to-find-asn-1-components-of-ec-key-python-cryptography
/questions/7748688/what-are-some-recommended-learning-resources-for-openssl-and-cryptography
/questions/28429928/web-cryptography-api-howto-discover-supported-algorithms
/questions/27008942/cryptography-java
/questions/60156298/cant-install-flask-ask-error-from-cryptography-module
/questions/70685569/when-i-try-to-usee-public-key-encrypt-its-doesnt-work-python-cryptography
/questions/72293878/failing-to-install-python-cryptography-library-using-pip-on-msys2-mingw
/questions/28775567/why-does-a-fernet-encryption-token-always-start-with-the-same-sequence-python
/questions/53591395/python-cryptography-rsassa-pss-signature-returns-not-valid-when-check-with-pycry
/questions/75285135/how-to-generate-a-large-prime-via-cryptography-provider
/questions/42877367/cryptography-code-confusion
/questions/19006162/porting-cryptography-apis-from-windows-8-to-win-rt
/questions/69143663/decrypting-cryptography-fernet-encoding-to-check-if-the-input-is-the-same
/questions/1277226/java-and-c-cryptography-interoperability
/questions/45980241/is-it-possible-to-access-scrypt-using-the-java-cryptography-architecture
/questions/72119519/rsa-cryptography-shows-wrong-result-for-large-prime-numbers
/questions/67101610/how-do-i-sign-an-amp-update-cache-request-with-pythons-cryptography-package
/questions/46037797/simple-vernam-cryptography
/questions/45980241/is-it-possible-to-access-scrypt-using-the-java-cryptography-architecture
/questions/34506559/configure-ibmjce-cryptography-lib-on-oracle-server
/questions/74412037/odoo16-installation-error-openssl-cryptography-module-lib-has-no-attribute
/questions/65007010/how-to-use-python-cryptography-to-load-a-der-certificate-without-backend-or-wha
/questions/47863207/cryptography-in-nodejs-sha-1
/questions/47226518/what-cryptography-provider-types-can-sign-a-clickonce-manifest
/questions/42877367/cryptography-code-confusion
/questions/9156545/android-file-cryptography
/questions/3035314/rsa-cryptography-in-c-sharp
/questions/2927952/why-do-people-use-bouncycastle-instead-of-javas-built-in-jce-provider-what-is
/questions/45875434/how-to-generate-4-digit-cryptography-random-number-using-python
/questions/62333295/cryptography-decryption-problems
/questions/72333637/is-the-example-proposed-by-microsoft-for-cryptography-secure-enough-or-should-i
/questions/26519031/cryptography-best-practices-for-password-storage-in-node
/questions/45200301/cryptography-in-python
/questions/66354143/python-cryptography-how-to-include-x509-extensions-for-subject-key-identifie
/questions/48789489/chat-client-server-with-file-transfer-and-hybrid-cryptography
/questions/10317056/identifying-cryptography-cipher
/questions/26519031/cryptography-best-practices-for-password-storage-in-node
/questions/20318078/no-cryptography-random-generator-seed-allowed-in-c
/questions/56285000/python-cryptography-create-a-certificate-signed-by-an-existing-ca-and-export
/questions/47710012/a-book-that-contains-shors-algorithm-mceliece-cryptosystem-lattice-based-cry
/questions/41901458/cryptography-cesar-algorithm
/questions/71354710/cryptography-package-is-required-for-sha256-password-or-caching-sha2-password
/questions/47226518/what-cryptography-provider-types-can-sign-a-clickonce-manifest
/questions/54237266/des-cipher-with-pyca-cryptography-pbewithmd5anddes
/questions/4959083/cryptography-hash-of-string-correlates-to-hash-of-substrings-of-string
/questions/50205819/cffi-fails-in-python-linux-virtual-environment-attempting-to-install-crypto
/questions/56230866/cryptography-package-import-fails
/questions/56567695/how-to-migrate-old-python-code-from-m2crypto-to-cryptography-rsa-signing-of-a-d
/questions/51483761/writing-shims-for-cryptography
/questions/4959083/cryptography-hash-of-string-correlates-to-hash-of-substrings-of-string
/questions/4583274/cryptography-tools-for-python-3
/questions/50205819/cffi-fails-in-python-linux-virtual-environment-attempting-to-install-crypto
/questions/42338387/meaning-of-invalidtoken-no-exception-message-supplied-using-python-cryptograph
/questions/43702146/decoding-with-pythons-cryptography-package
/questions/40650615/implementing-cryptography-in-arangodb
/questions/36063815/eclipse-is-crashing-after-enabling-java-security-java-cryptography-extension
/questions/34767099/vb-net-cryptographypdf
/questions/18432702/cryptography-in-metro-app
/questions/27417295/cryptography-error-with-c
/questions/56970997/import-jwk-signature-from-file-and-verify-information-web-cryptography-api
/questions/6104977/cryptography-in-silverlight
/questions/35130195/generating-unique-number-through-cryptography
