/questions/18210613/depth-first-search-in-graph
/questions/36981421/depth-first-search-in-satstuma-graph
/questions/36924083/depth-first-search-and-breadth-first-search-on-graph
/questions/36928221/depth-first-search-on-graph
/questions/18428373/finding-cycles-in-graphs-using-depth-first-search
/questions/13728206/using-depth-first-search-in-c-graph
/questions/40963153/depth-first-search-of-a-graph
/questions/70250999/depth-first-search-in-directed-graph
/questions/65007193/depth-first-search-to-find-path-in-graph
/questions/2106795/searching-in-graphs-trees-with-depth-breadth-first-a-algorithms
/questions/50766565/prolog-graph-depth-first-search
/questions/51283782/algorithm-graph-depth-first-search
/questions/50924048/depth-first-search-for-graph-not-working-right
/questions/11175108/graph-c-implementation-depth-first-search
/questions/29910774/directed-graph-property-depth-first-search
/questions/73950824/how-to-generate-the-graph-randomly-in-the-breadth-first-search-and-depth-first-s
/questions/47933960/haskell-depth-first-search-for-a-graph
/questions/33330693/depth-first-search-adaptation-for-graph-path
/questions/1403484/depth-first-search
/questions/29160888/recursive-depth-first-search-in-python
/questions/18932117/why-is-depth-first-search-prefered-over-breadth-first-search-to-check-for-cycles
/questions/14126/how-to-create-a-c-boost-undirected-graph-and-traverse-it-in-depth-first-search
/questions/26079394/depth-first-search-graph-method
/questions/3747313/non-recursive-depth-first-search-on-graphs-for-delphi
/questions/34539786/rendering-a-dynamically-created-family-graph-with-no-overlapping-using-a-depth-f
/questions/24642774/can-a-breadth-first-search-and-depth-first-search-have-the-same-traversal-on-a-s
/questions/12702478/depth-first-search-scene-graph-whats-my-current-depth
/questions/66457727/depth-first-search-graph-open-and-close-list
/questions/15488467/how-to-implement-depth-first-search-dfs-on-graphs-in-delphi
/questions/44014240/depth-first-search-on-graph-using-iterator
/questions/43338072/depth-first-search-graph-from-pandas-frame
/questions/55145648/using-depth-first-search-in-java-program-instead-of-breadth-first-search
/questions/2775012/scheme-depth-first-search-of-a-graph-function
/questions/33164345/breadth-and-depth-first-search-on-a-graph-with-returning-edges
/questions/58586964/depth-first-search-python
/questions/53705312/depth-first-search-path
/questions/51985278/how-to-do-depth-first-search-on-a-graph-that-has-no-arrows
/questions/76633783/depth-first-search-of-direct-graph-java
/questions/65211567/have-trouble-supplying-color-map-to-depth-first-search-in-boost-graph-library
/questions/10118580/time-complexity-of-depth-first-graph-algorithm
/questions/34035042/depth-first-search-possible-nodes
/questions/36944058/depth-first-search-orders
/questions/37530710/depth-first-search-in-java-how-to-go-back-to-parent-node
/questions/12064872/graph-depth-first-search-sometimes-works-sometimes-doesnt
/questions/5788299/how-to-track-the-depth-in-this-object-graph-depth-first-search-algorithm
/questions/13732973/displaying-depth-first-search-graph-traversal-c
/questions/2704324/depth-first-search-basics
/questions/28886286/depth-first-search-and-the-longest-path-in-a-graph
/questions/5159543/problem-with-implementing-depth-first-search-in-scheme
/questions/9545889/segmentation-fault-in-depth-first-search-for-big-graphs-in-c
/questions/11759616/depth-first-search-did-find-solution-state-in-missionaries-and-cannibals-problem
/questions/33949235/find-all-possible-paths-in-depth-first-search-in-graph
/questions/14292709/what-are-the-benefits-of-bufferedreader-over-scanner
/questions/20042176/depth-first-search
/questions/64489466/graph-depth-first-search
/questions/9250630/completeness-of-depth-first-search
/questions/22808391/depth-first-search-using-map-reduce
/questions/28343513/depth-first-search-in-python-including-cycles
/questions/47255930/modifying-depth-first-search
/questions/56163311/how-to-implement-depth-first-search-on-a-directed-graph-to-visit-all-vertices
/questions/35821729/proper-traversal-of-undirected-graph-using-depth-first-search
/questions/49121605/each-graph-member-in-depth-first-search-contains-2-symbols-python
/questions/35144232/arrayindexoutofboundsexception-on-generating-maze-graph-with-depth-first-search
/questions/61429965/how-to-perform-depth-first-search-in-graph-represented-as-dictionary
/questions/45821365/boost-graph-library-depth-first-search-only-through-connected-vertices
/questions/66664309/how-do-i-reach-all-parts-of-a-directed-graph-using-breadth-first-search-or-depth
/questions/20146372/how-to-use-the-depthfirstsearchiterator-class-to-run-a-depth-first-search-on-a-g
/questions/73883660/avoiding-stack-overflow-when-implementing-depth-first-search-in-c
/questions/50671444/depth-first-search-c
/questions/5195365/depth-first-search-in-binary-trees-graphs-in-java
/questions/12244428/performing-a-depth-first-search-and-breadth-first-search-in-boost
/questions/14930693/undirected-graph-depth-first-search-c-programming-counts-number-of-connect
/questions/25150174/depth-first-search-how-an-finite-graph-can-generate-an-infinite-tree
/questions/63758081/why-depth-first-search-checks-vertices-this-way
/questions/74370182/depth-first-search-for-a-graph
/questions/33086491/how-to-model-this-depth-first-search-solution
/questions/13659018/graph-theory-depth-first-search
/questions/27514822/depth-first-search-formatting-output
/questions/10605519/advantage-of-depth-first-search-over-breadth-first-search-or-vice-versa
/questions/73022362/how-to-solve-this-depth-first-search-problem
/questions/18398931/graphs-and-depth-first-search-using-vectors-in-c
/questions/47013872/tinkerpop-gremlin-depth-first-search-order
/questions/58237523/depth-first-search-in-java-cannot-convert-node-to-int
/questions/33748366/algorithms-graph-depth-first-search
/questions/57986699/how-to-find-the-optimal-path-for-a-graph-with-weighted-edges-using-depth-first-s
/questions/59548390/questions-on-depth-first-search-and-spanning-forest
/questions/57876025/depth-first-search-with-a-goal-state
/questions/16101945/finding-all-possible-routes-in-a-graph-data-structure-using-depth-first-search-i
/questions/76436651/breadth-first-and-depth-first-searches-in-directed-graph
/questions/34191118/depth-first-search-random-select-node-vertex
/questions/59174319/breadth-depth-first-search-causes-crash-when-run-on-graph-for-second-time
/questions/40060629/depth-first-search-on-graph-java
/questions/15420409/java-depth-first-search
/questions/10987296/breadth-first-search-depth-first-search-or-directed-graph
/questions/20183668/depth-first-search-and-breadth-first-search-between-two-nodes-in-graph
/questions/70403835/how-does-time-complexity-for-depth-first-search-on-a-graph-come-out-to-be-ove
/questions/8378794/depth-first-search-bug
/questions/64633541/extended-depth-first-search-in-c
/questions/70604693/why-dont-my-depth-first-search-code-working-properly
/questions/46630378/compared-to-other-algorithms-what-makes-depth-first-search-a-better-solution-fo
/questions/63801076/depth-first-search-advantages-of-traversing-random-neighbours
/questions/38940368/alternative-algorithm-for-depth-first-search
/questions/6299119/difference-between-visitor-design-pattern-and-depth-first-search
/questions/27950438/error-implementing-depth-first-search
/questions/4332363/c-directed-graph-depth-first-search
/questions/14742700/depth-first-search-is-running-into-java-lang-outofmemoryerror
/questions/43623133/implementing-iterative-deepening-depth-first-search
/questions/33836562/return-path-from-depth-first-search
/questions/24271134/depth-first-search-for-a-graph-in-c
/questions/39839695/depth-first-search-in-an-undirected-weighted-graph-using-adjacency-matrix
/questions/54071958/depth-first-search-giving-wrong-output
/questions/20257267/how-to-classify-an-edge-that-is-not-traversed-in-a-depth-first-search
/questions/30464163/functional-breadth-first-search
/questions/9426788/depth-first-search-dfs-for-undirected-graphs
/questions/67528549/depth-first-search-dfs-vs-breadth-first-search-bfs-pseudocode-and-complexity
/questions/34233595/how-do-implement-depth-first-search-into-this-code
/questions/49987809/create-a-program-that-allows-you-to-perform-the-depth-first-search-traversal-and
/questions/40861269/non-recursive-stack-based-depth-first-search-in-graph-returning-results-out-of-o
/questions/71347415/finding-if-a-path-exists-between-two-nodes-in-a-graph-using-depth-first-searchd
/questions/23372904/depth-first-search-algorithm-working
/questions/60685457/depth-first-search-adjacency-matrix-finding-parent
/questions/14039676/modify-depth-first-search-to-work-within-a-specific-radius
/questions/37503760/find-number-of-unique-routes-to-specific-node-using-depth-first-search
/questions/34019606/depth-first-search-has-wrong-output-when-cycle-is-encountered
/questions/66893814/is-there-a-specific-name-for-this-depth-first-search-variant
/questions/32600020/recursive-depth-first-search-algorithm
/questions/2032869/extra-space-for-recursive-depth-first-search-to-store-paths
/questions/75008512/depth-first-search-algorithm-with-target-node
/questions/21508765/how-to-implement-depth-first-search-for-graph-with-a-non-recursive-approach
/questions/5792792/should-i-iterate-over-a-directed-graph-using-iterative-deepening-depth-first-sea
/questions/23441794/find-if-there-is-a-route-between-2-nodes-depth-first-search
/questions/16123692/concern-about-depth-first-search
/questions/20586830/get-neighbouring-vertices-only-using-depth-first-search
/questions/40581677/how-to-apply-iterative-deepening-depth-first-searchiddfs-on-graphs
/questions/70040089/in-depth-first-search-implementation-how-to-solve-the-neighbour-value-definitio
/questions/10306850/implementing-a-depth-first-traversal-based-on-a-strategy-in-python
/questions/22715791/depth-first-search-to-find-shortest-path
/questions/37489743/stackoverflowerror-while-running-depth-first-search-undirected-graph
/questions/25920954/isolated-vertex-bug-in-breadth-first-search
/questions/37531529/using-depth-first-search-to-find-the-number-of-unique-routes-to-a-node
/questions/17744485/clrs-depth-first-search-theorem-22-10
/questions/39947594/depth-first-search-runtime-measuring
/questions/628881/depth-first-search-how-to-detect-diamond-dependencies
/questions/23176451/depth-first-search-by-edge-property
/questions/29671691/draw-the-depth-first-search-tree
/questions/66427702/depth-first-search-returned-path-from-one-vertex-of-a-graph-to-another-include
/questions/57360142/memory-leak-in-depth-first-search-algorithm-on-graphs
/questions/23128064/depth-first-search-on-adjacency-matrix
/questions/69107421/parallelize-a-depth-first-algorithm-in-python
/questions/28512102/depth-first-search-infinte-loop-while-passing-node-object
/questions/26975526/scilab-error-21-when-implementing-depth-first-search
/questions/50055627/debugging-error-dfsdepth-first-search-graph-adt
/questions/36524993/dfs-trees-and-dfs-forests
/questions/8885920/random-first-search
/questions/4626877/performing-depth-first-algorithm-from-a-specific-vertex
/questions/25229624/using-bfs-for-topological-sort
/questions/46016302/c-program-that-uses-depth-first-search-to-count-the-number-of-distinct-graphs-re
/questions/43969720/depth-first-search-empty-set-error
/questions/9806761/euler-depth-first-search-algorithm
/questions/72330807/write-a-program-to-solve-the-topological-sorting-problem-by-using-depth-first-se
/questions/65150173/a-depth-%ef%ac%81rst-search-of-an-undirected-graph-produces-the-same-number-of-tree-edge
/questions/1657174/what-is-breadth-first-search-useful-for
/questions/72553002/how-to-implement-breadth-first-search-and-depth-first-search-for-a-simpleweighte
/questions/621229/detect-cycles-in-a-genealogy-graph-during-a-depth-first-search
/questions/15237431/how-to-implement-depth-first-search-dfs-on-a-binary-tree-in-java
/questions/7375020/depth-first-graph-search-that-returns-path-to-goal
/questions/71200559/implementing-depth-first-search-using-adjacency-linked-list-graph
/questions/14531984/duplicates-in-depth-first-search-algorithm
/questions/47813745/graph-finding-unreachable-nodes-in-undirected-graph-using-depth-first-search
/questions/33361978/how-to-prevent-cycles-when-using-a-purely-functional-depth-first-search
/questions/36761709/depth-first-search-finding-most-concise-path-but-not-shortest-by-weights-in-pyth
/questions/53765545/how-do-i-do-a-depth-first-search-alphabetically
/questions/40683271/apply-breadth-and-depth-first-search-on-an-adjacency-matrix
/questions/19612116/adjacency-list-to-create-graph-and-breadth-first-search-bfs-and-fepth-first-se
/questions/10342306/non-recursive-depth-first-search-dfs-using-a-stack
/questions/37088795/why-this-deep-first-search-with-a-starting-vertex-of-3-go-this-way
/questions/25990706/breadth-first-search-the-timing-of-checking-visitation-status
/questions/67214701/what-is-the-depth-first-search-node-expansion-sequence-of-this-graph
/questions/32061538/depth-first-search-is-causing-a-stackoverflowerror
/questions/43861864/python-depth-first-search-with-dict
/questions/70268708/how-to-speed-up-depth-first-search-method
/questions/33073929/depth-first-search-algorithm-in-python
/questions/10032525/graph-how-to-avoid-reprocessing-same-edge-twice-in-depth-first-search
/questions/20437103/searching-for-a-series-of-nodes-in-an-isometric-graph-depth-first-is-not-findin
/questions/7989046/why-does-this-solution-say-the-dfs-have-to-run-in-reverse
/questions/20480455/keeping-track-of-time-while-depth-first-searching-a-digraph
/questions/41248914/finding-all-possible-paths-in-graph
/questions/33452638/depth-first-search-order-important
/questions/27594573/how-to-implement-this-depth-first-search-in-a-sudoku-solver
/questions/59117775/shortest-path-for-unweighted-graph-using-iterative-depth-first-search-algorithm
/questions/71426175/depth-first-search-on-neo4j-with-filtering-on-node-properties
/questions/21872999/back-edges-in-a-depth-first-graph-search-tree
/questions/66534064/why-isnt-my-for-loop-breaking-while-depth-first-search
/questions/7748299/what-does-tree-refer-to-in-breadth-and-depth-based-searches
/questions/62838206/how-to-print-these-letters-out-in-depth-first-search-format
/questions/33728189/depth-first-traversal-of-a-graph-javascript
/questions/65143418/depth-first-search-algorithm-not-working-as-expected-when-stimulating-it-with-gr
/questions/37851062/segmentation-fault-encountered-while-implementation-of-dfs-using-stl-in-c
/questions/2709030/explain-bfs-and-dfs-in-terms-of-backtracking
/questions/50686229/regroupe-results-in-an-array
/questions/73037161/how-to-print-the-nodes-traversed-in-a-depth-first-search
/questions/37031622/depth-first-search-issue
/questions/58601333/why-the-pseudocode-have-only-one-array-for-the-dfs-algorithm
/questions/34475513/depth-first-search-more-than-one-solution
/questions/64475231/what-is-the-difference-between-for-of-and-foreach-in-the-depth-first-search-dfs
/questions/16927303/parallel-implementation-of-dfs-for-undirected-graph
/questions/69995480/breadth-first-search-for-characters-instead-of-integers-c
/questions/50576620/depth-first-traversal-relationship-between-nodes-of-g-and-dft
/questions/30987777/dfs-in-a-non-oriented-graph-confusion
/questions/37687838/how-to-stop-depth-first-search-when-the-target-vertex-of-the-graph-is-found
/questions/35836262/bfs-and-dfs-in-java-and-making-the-graph
/questions/27698829/reversing-a-depth-first-search-or-pre-order-traversal
/questions/71118127/depth-first-search-backtracking-when-constraint-failed
/questions/43703226/how-can-i-figure-out-if-two-nodes-are-connected-in-a-graph-with-recursive-depth
/questions/41925545/does-for-a-given-graph-g-both-dsf-and-bfs-will-be-same-only-when-the-graph-is-n
/questions/74627336/what-are-the-first-4-nodes-visited-by-depth-first-tree-search-from-a-to-g
/questions/66942128/difference-between-range-based-for-loop-and-normal-for-loop-depth-first-search-i
/questions/75670589/c-implementation-of-depth-first-search-algorithm-without-pointers-graph-as-adja
/questions/47190895/bfs-vs-dfs-graph-space-complexity
/questions/50067721/modifying-a-depth-first-search-algorithm-using-an-adjacency-matrix-to-search-for
/questions/45797529/python-runtimeerror-maximum-recursion-depth-exceeded-in-depth-first-search
/questions/53756076/depth-first-search-parent-distance-finish-java-problem
/questions/36242202/marking-nodes-in-graph
/questions/12822880/understanding-this-depth-first-search-algorithm
/questions/72256357/depth-first-search-iterator-implementation-but-allowing-loops
/questions/54066768/depth-first-search-current-implementation-problem-when-i-try-to-run-it
/questions/40963247/change-depth-first-algorithm-from-recursion-to-iteration
/questions/66805580/add-edges-of-the-path-to-list-on-depth-first-search-java
/questions/39563573/recursion-children-are-being-added-to-wrong-parents-in-iterative-deepening-dept
/questions/8568532/recursive-traversal-through-a-graph-counting-ways-to-a-point
/questions/1830607/complexity-of-finding-all-simple-paths-using-depth-first-search
/questions/34366959/determining-stack-size-in-iterative-depth-first-search-dfs-algorithm
/questions/48769149/why-would-i-need-stacks-and-queues-for-depth-first-search
/questions/71242153/how-do-i-represent-the-directed-graph-given-below-and-traverse-bfs-and-dfs-algor
/questions/75677282/does-next-and-hasnext-have-memory-in-java
/questions/25340360/is-this-really-a-breadth-first-search
/questions/46948786/vector-iterator-causes-segmentation-fault-11-while-attempting-depth-first-search
/questions/20105270/recursive-implementation-of-depth-first-search-to-find-path-between-two-nodes-in
/questions/53973123/depth-first-search-string-index-out-of-range-3
/questions/5357211/breadth-first-search-query-in-mysql
/questions/21866902/networkx-graph-searches-dfs-successors-vs-dfs-predecessors
/questions/14082581/limited-depth-search-in-bgl-without-onumber-of-vertices-used-memory-or-time
/questions/16638623/what-is-the-maximum-number-of-possible-topological-sorts-of-n-order-direct-acycl
/questions/28075755/python-recursive-depth-first-search-performance-tips-is-cython-an-option
/questions/69484921/bfs-and-dfs-by-using-adjacency-matrix-c-sharp
/questions/65433699/how-to-understand-this-priority-queue-depth-first-search
/questions/45469192/running-time-of-connected-component-count-algorithm
/questions/21332819/r-igraph-getting-vertex-neighbors-list-within-a-depth-first-search-callback
/questions/58847396/is-dfs-or-bfs-better-for-testing-bipartite-on-directed-graphs
/questions/11545713/starting-with-graphs
/questions/59605289/boost-graph-how-can-i-call-depth-first-search-when-my-graph-is-using-lists-as
/questions/16197972/detecting-a-cycle-from-a-graph
/questions/73775000/in-a-depth-first-search-for-a-path-a-not-iterable-error-is-thrown
/questions/12011697/maintaining-iterator-in-boostgraph-while-performing-dfs
/questions/26877575/dfs-existence-of-spanning-tree
/questions/36749977/breadth-first-search-two-strings
/questions/50476672/how-to-obtain-all-the-nodes-in-a-path-from-breadth-first-search-of-a-graph
/questions/2529130/graph-longest-path
/questions/14483473/is-there-any-javascript-libraries-for-graph-operations-and-algorithms
/questions/36880813/equivalence-of-a-graph-and-a-bfs-and-dfs-tree
/questions/50088044/breadth-first-search-fails-to-find-destination-that-does-exist
/questions/50624615/how-do-i-detect-multiple-overlapping-cycles-in-a-directed-graph-using-depth-firs
/questions/30369453/how-do-you-count-the-edges-of-each-connected-component-of-an-undirected-graph-wi
/questions/66866796/does-depth-first-search-not-add-all-of-a-nodes-adjacent-vertices-to-the-stack
/questions/19113189/detecting-cycles-in-a-graph-using-dfs-2-different-approaches-and-whats-the-dif
/questions/6889389/biconnected-graph
/questions/41068265/depth-first-search-c-implementation-using-adjacency-list-with-two-linked-list
/questions/46248875/how-can-i-limit-the-depth-to-search-in-a-convoluted-graph-that-has-a-goal-node
/questions/16069478/how-to-implement-a-depth-first-search-that-returns-the-shortest-path-length-in-j
/questions/40852458/smallest-total-weight-in-weighted-directed-graph
/questions/61415405/can-we-use-bidrectional-search-for-directedcyclic-graphs
/questions/36712146/if-topological-sort-uses-dfs-how-can-it-succeed-on-disconnected-graphs
/questions/44096740/prolog-write-code-to-manipulate-a-graph-to-find-a-solution-at-a-depth-of-2-when
/questions/50078404/find-the-longest-path-in-graph
/questions/71280614/implementing-a-bfs-search-method-for-a-graph
/questions/50671248/java-breadth-first-search-on-a-multigraph-of-flights
/questions/862578/fastest-algorithm-for-detecting-a-loop-in-a-graph
/questions/53194010/is-dfs-faster-than-bfs-when-searching-a-specific-node-in-ssc
/questions/13913459/how-to-get-rid-of-the-too-many-systematic-if-statements-in-matlab
/questions/25173651/can-anyone-give-me-an-example-of-where-depth-first-search-cannot-find-a-solution
/questions/42638722/how-do-i-implement-a-depth-first-search-algorithm-for-a-directed-graph-using-an
/questions/60288863/how-to-detect-a-cycle-in-a-directed-graph-using-the-union-find-algorithm
/questions/6916162/what-are-np-and-np-complete-problems
/questions/17729067/all-simple-paths-in-multigraph-depth-first-traversal
/questions/34268002/computing-a-maximal-independent-set-using-depth-first-search
/questions/21662749/graph-theory-depth-first-search-algorithm-will-need-to-program-this-at-some-p
/questions/18953546/ideal-algorithm-for-finding-all-paths-in-a-graph
/questions/69326532/time-complexity-of-dfs-on-dag-without-using-a-visited-array
/questions/23002703/how-to-create-boolean-of-all-connected-components-of-a-given-vertex
/questions/33709078/would-sequence-of-nodes-visited-by-bfs-and-dfs-ever-be-the-same
/questions/62234880/does-mysql-use-bfs-or-dfs
/questions/29504360/find-articulation-points
/questions/29631211/edge-classification-during-breadth-first-search-on-a-directed-graph
/questions/73835281/connected-components-of-triangle-faces-in-a-mesh
/questions/68515107/a-connected-graph-is-connected-if-and-only-if-a-depth-first-search-starting-fro
/questions/46865312/complexity-of-iterative-deepening-search
/questions/57401052/how-to-represent-dfs-bfs-graphs-and-trees-using-graphics-in-c
/questions/17099396/does-creating-order-of-adjacency-list-affect-the-searching-performance
/questions/55297365/my-dfs-cant-handle-simple-graph-python
/questions/29137451/why-changing-recursion-function-into-explicitly-using-stack-can-avoid-stack-over
/questions/20058802/various-ways-and-their-runtime-to-check-if-a-path-exists-between-two-nodes-or-ve
/questions/69291666/vertex-disjoint-paths-with-specific-length-in-graph
/questions/23463693/can-i-make-assumptions-in-bfs-and-dfs
/questions/29147748/why-does-my-dfs-cycle-detection-in-graph-always-return-true
/questions/15241488/visiting-all-nodes-in-a-dag-using-a-greedy-algorithm
/questions/64120069/getting-stackoverflow-error-while-doing-dfs-on-a-graph
/questions/70812043/algorithm-to-find-connected-components-in-a-graph-and-to-which-connected-compone
/questions/13112542/find-all-bfs-dfs-traversals
/questions/36925353/spark-what-is-the-time-complexity-of-the-connected-components-algorithm-used-in
/questions/26753233/prolog-depth-first-iterative-deepening
/questions/75312538/topological-sort-of-a-graph-with-emphasis-on-depth-first-seach-and-a-given-order
/questions/14470566/how-to-traverse-graph-in-boost-use-bfs
/questions/4074794/simple-graph-search-algorithm-in-sql-postgresql
/questions/40230743/show-that-the-heuristic-solution-to-vertex-cover-is-at-most-twice-as-large-as-th
/questions/75848892/are-all-2d-arrays-technically-graphs-and-can-all-2d-arrays-be-searched-via-bfs-o
/questions/47396753/what-is-a-dfs-forest-component
/questions/34723803/change-same-variables-of-multiple-objects-quickly
/questions/1532550/using-boost-graph-to-search-through-a-dag-graph
/questions/57682750/use-a-depth-first-to-traverse-a-matrix
/questions/32599546/arrays-in-java-to-store-a-graph
/questions/24787298/topological-sorting-for-a-directed-acyclic-graph
/questions/20802196/how-can-i-return-all-paths-from-one-node
/questions/72693339/dfs-on-a-graph-specified-with-edges-as-list-of-tuples
/questions/50173380/are-there-any-rules-to-choose-the-first-adjacent-vertex-to-do-graph-traversal
/questions/24789735/topological-sorting-of-a-directed-acyclic-graph
/questions/26484812/is-possible-to-determine-s-t-connected-in-sub-linear-expected-time
/questions/67470217/let-virtual-method-accept-any-qt-container-type-as-input-paramter
/questions/9155425/data-structure-to-find-components-in-undirected-graphs-in-python
/questions/66410945/find-all-cycles-with-at-least-3-nodes-in-a-directed-graph-using-dictionary-data
/questions/45513999/is-dfs-depth-first-search-algorithm-applied-on-an-adjacency-matrix-the-ideal-s
/questions/46793150/how-to-use-recursion-to-determine-if-path-exists-between-two-nodes-in-graph
/questions/33482212/how-to-determine-if-a-specific-node-finds-all-others
/questions/15303370/breadth-first-search-with-fixed-stopping-distance
/questions/75118729/python-dfs-graph-traversal-correct-output
/questions/39939977/space-complexity-of-iddfs
/questions/19885292/given-an-xml-representation-of-a-graph-how-to-apply-it-dfs-algorithm
/questions/72257047/stack-implementation-of-dfs-all-test-cases-work-except-the-first
/questions/32903260/why-is-my-program-not-giving-me-an-output
/questions/21658572/best-parallel-algorithm-for-detecting-cycles-in-a-undirect-graph
/questions/23966145/order-of-steps-in-kosarajus-algorithm
/questions/59204882/java-assignment-to-use-dijkstras-search-method-breath-first-and-depth-first
/questions/55701954/multiple-nodes-graph-to-single-node-graph-in-python
/questions/20555291/is-backtracking-absolutely-necessary-for-cycle-detection-using-dfs-in-directed-g
/questions/29571442/c-sharp-algorithm-search-for-all-paths-between-two-vertices
/questions/14060425/how-would-i-go-about-improving-the-efficiency-scheme
/questions/52728329/how-to-code-an-adjacency-matrix-from-a-file-of-a-weighted-graph
/questions/40406336/how-to-take-input-and-show-output-in-vectorvectorpairint-int-in-c
/questions/39161333/count-triangles-cycles-of-length-3-in-a-graph
/questions/75006108/dfs-algorithm-with-target-node
/questions/18606736/dfs-in-dfs-dfs-with-a-known-string
/questions/5199672/graph-iteration-from-bottom-to-top-algorithm
/questions/34133758/designing-an-algorithm-to-find-the-length-of-a-simple-cycle-in-a-d-regular-graph
/questions/57120668/how-to-represent-two-structs-that-are-really-similar-without-code-redundancy
/questions/66669802/generating-first-simple-path-between-two-nodes-with-networkx-all-simple-paths-do
/questions/71722858/connected-component-in-undirected-graph-in-python
/questions/53176452/mix-dom-elements-with-canvas
/questions/14572303/detect-cycles-in-undirected-graph-using-quick-graph
/questions/59227731/why-deconstructor-fun-2-times
/questions/33291169/strange-result-from-yield-from-in-python
/questions/20821093/graphviz-draw-graph-nodes-using-bfs-order
/questions/40979541/problems-with-backtracking-on-racket
/questions/10524691/breadth-first-search-implementation
/questions/44861678/how-to-do-dfs-on-call-graph-generated-by-llvm
/questions/52191813/find-all-paths-in-graph-without-start-or-end-node
/questions/4252101/animations-for-algorithms-and-data-structures
/questions/16411038/bfs-and-dfs-on-adjacency-list
/questions/29786953/using-a-list-of-lists-in-java
/questions/40662240/finding-a-path-through-a-connected-component-where-every-vertex-is-visited-exact
/questions/53670410/depthfirstsearch-java-implementation
/questions/50897793/finding-eulerian-circuit-in-an-undirected-graph
/questions/2625620/how-to-get-predecessor-and-successors-from-an-adjacency-matrix
/questions/10392765/weighted-directed-graph
/questions/29879304/breadth-first-search-not-finding-correct-path
/questions/68278310/dfs-time-complexity-with-non-constant-operation
/questions/5881432/how-does-prolog-technically-work-whats-under-the-hood
/questions/32382524/find-depth-of-all-nodes-in-a-graph-stored-in-the-form-of-an-adjacency-list-in-a
/questions/32382524/find-depth-of-all-nodes-in-a-graph-stored-in-the-form-of-an-adjacency-list-in-a
/questions/48803138/bfs-better-locality-of-reference
/questions/71846610/is-there-an-admissable-heuristic-for-performing-a-a-star-search-on-a-directed
/questions/7791834/figuring-out-the-path-of-a-circular-dependency
/questions/71241614/looking-for-path-finding-algorithm-with-neo4j
/questions/59573254/optimizing-a-bfs-solution
/questions/16779699/why-use-dfs-to-find-cycles-in-an-undirected-graph-and-topological-sorting-to-fin
/questions/69877892/confused-with-dfs-implementation
/questions/14906905/mysterious-infinite-loop-in-clojure
/questions/59347143/connected-components-from-an-adjacency-matrix-using-numpy-or-scipy
/questions/54036921/modify-specific-value-in-hashmap-object-in-case-ownership-of-its-object-can-be-m
/questions/42889093/java-incompatible-types-object-cannot-be-converted-to-type-variable-stacks-i
/questions/17601781/create-spanning-tree-with-dfs
/questions/73774631/find-if-there-is-a-path-between-two-vertices-in-a-directed-graph-in-javascript
/questions/67664371/why-dont-people-care-about-updating-a-graph-data-structure
/questions/15318469/complexity-for-edge-addition-planar-graph
