/questions/13159337/why-doesnt-dijkstras-algorithm-work-for-negative-weight-edges
/questions/6799172/negative-weights-using-dijkstras-algorithm
/questions/9255620/why-does-dijkstras-algorithm-use-decrease-key
/questions/3818079/why-use-dijkstras-algorithm-if-breadth-first-search-bfs-can-do-the-same-thing
/questions/12806452/whats-the-difference-between-uniform-cost-search-and-dijkstras-algorithm
/questions/2856670/why-does-dijkstras-algorithm-work
/questions/12782431/relaxation-of-an-edge-in-dijkstras-algorithm
/questions/1332466/how-does-dijkstras-algorithm-and-a-star-compare
/questions/43394847/dijkstras-algorithm-and-cycles
/questions/14144279/difference-between-prims-and-dijkstras-algorithms
/questions/24140623/is-dijkstras-algorithm-dynamic-programming
/questions/22897209/dijkstras-algorithm-in-python
/questions/3447566/dijkstras-algorithm-in-c
/questions/5956534/dijkstras-algorithm-with-negative-weights
/questions/26547816/understanding-time-complexity-calculation-for-dijkstra-algorithm
/questions/61332753/backwards-dijkstras-algorithm
/questions/67366907/is-dijkstras-algorithm-a-heuristic
/questions/29755711/interpreting-dijkstras-algorithm
/questions/69884154/dijkstras-algorithm-pseudocode-confusion
/questions/33627309/dijkstras-algorithm-help-in-python
/questions/15099054/cuda-dijkstras-algorithm
/questions/48037358/compute-paths-dijkstras-algorithm
/questions/26395077/optimizing-the-dijkstras-algorithm
/questions/31060089/dijkstras-algorithm-in-java
/questions/11726857/boosts-dijkstras-algorithm-tutorial
/questions/56418597/multiple-inputs-for-dijkstras-algorithm
/questions/14135999/dijkstras-algorithm-not-working
/questions/6333847/implementing-dijkstras-algorithm-using-stl-make-heap
/questions/19699329/combining-dijkstras-algorithm-and-a-search
/questions/25449781/what-is-difference-between-bfs-and-dijkstras-algorithms-when-looking-for-shorte
/questions/28549262/dijkstras-algorithm-with-minimum-edge
/questions/17736873/dijkstras-algorithm-equal-weights
/questions/21193240/proving-a-modification-in-dijkstras-algorithm
/questions/19869236/why-does-a-run-faster-than-dijkstras-algorithm
/questions/25423084/datatype-for-dijkstras-algorithm
/questions/75457876/bidirectional-dijkstras-algorithm-julia
/questions/30475125/dijkstras-algorithm-in-c
/questions/34189700/dijkstras-algorithm-c
/questions/27093935/dijkstras-algorithm-for-matrices
/questions/2819347/dijkstras-algorithm-to-find-all-the-shortest-paths-possible
/questions/41523767/dijkstras-algorithm-with-topological-sort
/questions/4962202/python-dijkstras-algorithm
/questions/37566922/dijkstras-algorithm-finding-all-possible-shortest-paths
/questions/25482439/dijkstras-algorithm-implement
/questions/69996983/dijkstras-algorithm-negative-edge
/questions/53752022/whats-the-time-complexity-of-dijkstras-algorithm
/questions/6267172/which-datatype-to-use-as-queue-in-dijkstras-algorithm
/questions/12763991/dijkstras-algorithm-in-cuda
/questions/53120993/dijkstras-algorithm-on-a-reverse-graph
/questions/53677033/dijkstras-algorithm-and-trouble-with-a-algorithm
/questions/11115210/dijkstras-algorithm-with-gremlin
/questions/6319149/performance-of-dijkstras-algorithm-implementation
/questions/60379178/is-dijkstras-algorithm-deterministic
/questions/55958521/would-dijkstras-algorithm-work-in-this-case
/questions/45513716/trying-to-understand-dijkstras-algorithm
/questions/26581717/getpath-dijkstras-algorithm-in-c
/questions/10374357/why-use-dijkstras-algorithm-instead-of-best-cheapest-first-search
/questions/37478175/modification-of-dijkstras-algorithm
/questions/16822821/dijkstras-algorithm-updating-the-heap
/questions/22822726/difficulty-with-dijkstras-algorithm
/questions/28349716/dijkstras-algorithm-with-back-tracking
/questions/45760187/dijkstras-algorithm-with-negative-weights-but-no-negative-cycles
/questions/29855825/dijkstras-algorithm-issue
/questions/76042473/dijkstras-algorithm-in-memgraph
/questions/24048505/dijkstras-algorithm-comparisons-in-priority-queue
/questions/13431894/dijkstras-algorithm-in-javascript-maze-implementation
/questions/38772780/complexity-of-dijkstras-algorithm
/questions/72599888/dijkstras-algorithm-when-two-edges-have-same-weight
/questions/25420638/dijkstras-algorithm-concepts
/questions/44416412/dijkstras-algorithm-modification
/questions/43789036/dijkstras-and-prims-algorithm
/questions/58045251/has-anyone-used-dijkstras-algorithm-in-opl
/questions/19349501/when-will-dijkstras-algorithm-and-prims-algorithm-produce-different-outputs
/questions/27537906/returning-the-path-in-dijkstras-algorithm
/questions/39922254/whats-the-main-difference-between-dijkstras-algorithm-and-prims-algorithm
/questions/61315210/why-priorityqueue-used-in-dijkstras-algorithm
/questions/56214266/dijkstras-algorithm-for-graph-structure
/questions/30168063/dijkstras-algorithm-adjacency-matrix-and-list
/questions/16074083/dijkstras-algorithm-pseudocode
/questions/6585223/shortest-path-using-dijkstras-algorithm
/questions/53507925/dijkstras-algorithm-pseudocode-u-symbol
/questions/30936672/dijkstras-algorithm-using-the-priority-queue
/questions/30610910/segmentation-fault-in-dijkstras-algorithm
/questions/21254442/implementing-dijkstras-algorithm-using-priority-queue
/questions/33243252/unvisited-nodes-in-dijkstras-algorithm
/questions/38190592/is-dijkstras-algorithm-for-directed-or-undirected-graphs
/questions/48670006/assess-complexity-for-dijkstras-algorithm
/questions/14710005/dijkstras-algorithm-from-adjacency-matrix
/questions/27346686/implementing-dijkstras-algorithm-in-neo4j
/questions/13114827/dijkstras-algorithm-implementation
/questions/23257970/finding-the-starting-vertex-for-dijkstras-algorithm
/questions/27454084/dijkstras-algorithm-in-java
/questions/73331538/dijkstras-algorithm-with-cyclic-undirected-graphs
/questions/43238215/why-is-it-mandatory-that-dijkstras-algorithm-extracts-min-in-each-round
/questions/69580769/redundant-checks-in-python-implementation-of-dijkstras-algorithm
/questions/40115787/dijkstras-algorithm-java-distance-not-right
/questions/28030442/dijkstras-algorithm-for-directed-graphs-with-negative-weight-edges
/questions/2899207/implementing-dijkstras-algorithm
/questions/19906640/can-dijkstras-algorithm-be-considered-under-linear-programming
/questions/14040086/dijkstras-algorithm-memory-consumption
/questions/65616196/dijkstras-algorithm-in-graph-python
/questions/17898342/priority-queue-in-dijkstras-algorithm
/questions/11941415/using-dijkstras-algorithm-with-the-lemon-graph-library
/questions/51904021/negative-cycles-with-dijkstras-algorithm
/questions/23350752/implementing-dijkstras-algorithm-with-vector-of-pointers
/questions/30431495/dijkstra-algorithm-python
/questions/14825224/would-dijkstras-algorithm-go-into-dead-end
/questions/42168963/dijkstras-algorithm-in-java-source-and-target
/questions/65747868/issue-in-implementing-dijkstras-algorithm
/questions/34101766/dijkstras-algorithm-infinite-loop
/questions/53603011/dijkstras-algorithm-and-the-greedy-strategy
/questions/28587924/dijkstras-algorithms-and-negative-weights-and-cycle
/questions/29271358/dijkstras-algorithm-in-python-plotting-path
/questions/13438704/dijkstras-algorithm-openmp-strange-behavior
/questions/59083538/dijkstras-vs-bellman-ford-algorithm
/questions/29698896/dijkstras-algorithm-on-adjacency-matrix-in-python
/questions/65089676/netlogo-dijkstra-algorithm
/questions/49163983/dijkstras-algorithm-getting-stuck
/questions/14864020/will-my-dicts-of-dicts-work-for-this-dijkstras-algorithm
/questions/18613418/apply-dijkstras-algorithm-in-a-undirected-graph-with-negative-weights
/questions/29463765/unreachable-node-in-dijkstras-algorithm
/questions/21323656/dijkstras-algorithm-when-all-edges-have-same-weight
/questions/44702022/implementing-dijkstras-algorithm-in-vba
/questions/36535592/what-is-int-max-in-dijkstras-algorithm
/questions/36244293/codefights-dijkstras-algorithm-implementation
/questions/40709947/how-to-adapt-dijkstras-algorithm-to-work-with-weighted-graph
/questions/28996844/dijkstras-algorithm-on-directed-acyclic-graph-with-negative-edges
/questions/34153882/is-this-efficiency-correct-for-dijkstras-algorithm
/questions/52790256/can-dijkstras-algorithm-be-applicable-to-the-travelling-salesman-problem
/questions/34386971/dijkstras-algorithm-with-large-weights
/questions/71948245/implementing-dijkstras-algorithm-using-a-priority-queue
/questions/15468485/dijkstras-algorithm-implementation-giving-incorrect-results
/questions/13758227/difference-between-dynamic-programming-and-dijkstras-algorithm
/questions/58450204/error-in-the-implementation-of-dijkstras-algorithm
/questions/73178418/classcastexception-error-dijkstras-algorithm-in-java
/questions/3200446/why-cant-we-apply-dijkstras-algorithm-for-a-graph-with-negative-weights
/questions/58454287/is-dijkstras-algorithm-symmetrical
/questions/10920192/dijkstras-algorithm-on-ios
/questions/65225908/dijkstras-algorithm-implementation-tracing-in-python
/questions/30033014/running-time-of-dijkstras-algorithm-priority-queue-heap
/questions/29715022/dijkstras-algorithm-for-negative-weights
/questions/36818085/dijkstras-algorithm-simulation
/questions/17083631/enhancing-dijkstras-algorithm-for-navigation
/questions/25368709/dijkstras-algorithm-with-must-pass-nodes
/questions/34276658/difference-between-the-runtime-of-dijkstras-algorithm-priority-queue-vs-doubl
/questions/43968997/dijkstras-algorithm-adjacency-list-java
/questions/49460439/can-dijkstras-algorithm-work-on-a-graph-with-weights-of-0
/questions/27371192/dijkstras-algorithm-initializing-node-distances
/questions/22518000/calculate-number-of-jumps-in-dijkstras-algorithm
/questions/46132684/making-dijkstras-algorithm-account-for-return-travel-time
/questions/65767874/dijkstras-algorithm-complexity-vs-bfs-complexity
/questions/73753001/dijkstras-algorithm-with-secondary-cost-limitation
/questions/36238913/implementing-dijkstras-algorithm-using-directed-graphs
/questions/20130446/does-dijkstras-algorithm-apply-even-if-there-is-only-one-negative-weight-edge
/questions/28998597/how-to-save-shortest-path-in-dijkstra-algorithm
/questions/35822554/what-is-dijkstras-algorithm-supposed-to-return
/questions/53046522/implementing-dijkstras-algorithm-in-java
/questions/68861642/python-dijkstras-algorithm-visualization
/questions/43721031/dijkstras-algorithm-for-longest-path
/questions/36510075/dijkstras-algorithm-for-finding-the-shortest-path
/questions/66782954/torch-dijkstras-algorithm
/questions/12976926/dijkstras-algorithm-vs-uniform-cost-search-time-comlexity
/questions/11810516/modifying-dijkstras-algorithm-to-an-a-implementation
/questions/10254542/dijkstras-algorithm-does-not-generate-shortest-path
/questions/58261758/dijkstras-algorithm-to-find-shortest-path
/questions/10254542/dijkstras-algorithm-does-not-generate-shortest-path
/questions/41092202/shortest-path-and-dijkstra-algorithm
/questions/53532109/can-i-use-dijkstras-algorithm-on-dag-with-negative-weighted-edges
/questions/33907305/dijkstras-algorithm-to-calculate-n-shortest-paths
/questions/30096853/dynamic-graphic-representation-for-extended-dijkstras-algorithm
/questions/23315753/dijkstras-algorithm-returning-incorrect-values
/questions/13570814/dijkstras-algorithm-adjacency-matrix-complexity-issue
/questions/50545270/dijkstras-algorithm-from-a-to-b
/questions/69966754/dijkstra-algorithm-running-slowly
/questions/62181664/time-complexity-fro-dijkstras-algorithm
/questions/20760891/scaling-a-dijkstras-algorithm-implementation
/questions/41421271/cytoscape-dijkstra-algorithm-off
/questions/48308910/unsure-with-dijkstras-algorithm
/questions/28145491/shortest-path-algorithms-dynamic-programming-vs-dijkstras-algorithm
/questions/68586667/how-to-find-multiple-possible-path-using-dijkstras-algorithm-in-ios-swift
/questions/21725211/a-spanning-tree-as-a-result-of-running-dijkstras-algorithm
/questions/9079969/a-dijkstras-algorithm-simple-implementation-pascal
/questions/27362158/getting-actual-path-in-dijkstras-algorithm
/questions/29905551/prims-algorithm-to-dijkstra-algorithm
/questions/56008280/python-using-dijkstra-s-algorithm-to-find-possible-paths
/questions/13001762/dijkstras-algorithm-which-executes-relaxation-m-times
/questions/16975896/finding-hamiltonian-paths-with-dijkstras-algorithm
/questions/17229806/why-kruskals-algorithm-and-dijkstras-algorithm-are-so-similar-to-each-other
/questions/9227863/dijkstras-algorithm-concepts-and-coding-problems
/questions/24589103/modifying-dijkstras-algorithm-for-least-changes
/questions/14959634/dijkstras-algorithm-with-priority-queue
/questions/46968009/dijkstras-algorithm-why-every-time-extract-the-vertex-with-smallest-priority
/questions/73577670/does-dijkstras-algorithm-always-return-the-shortest-least-number-of-edges-p
/questions/21561609/bidirectional-implementation-of-dijkstras-algorithm-in-c
/questions/13794948/what-is-the-difference-between-dijkstra-and-prims-algorithm
/questions/54344143/coding-dijkstras-algorithm-without-modifying-original-node
/questions/67947031/dijkstras-algorithm-in-string-type-graph
/questions/13594699/dijkstras-algorithm-priority-queue-issue
/questions/22975674/nodes-in-dijkstras-algorithm-are-not-being-saved
/questions/16272104/dijkstras-algorithm-on-a-graph-whose-edge-weights-are-limited
/questions/18092237/dijkstras-algorithm-with-priority-queue
/questions/26126088/using-dijkstras-algorithm-for-pathfinding-on-a-grid
/questions/13759316/implement-dijkstras-algorithm-in-c-problems
/questions/29392586/dijkstras-algorithm-on-three-dimensional-array
/questions/15217972/haskell-file-to-array-for-dijkstras-algorithm
/questions/3833500/dijkstras-algorithm-with-negative-edges-on-a-directed-graph
/questions/15271875/how-to-implement-the-priority-queue-in-dijkstras-algorithm
/questions/9394123/timetable-implementation-with-dijkstras-algorithm
/questions/70653482/how-to-decrease-priority-in-a-min-priority-queue-in-dijkstras-algorithm
/questions/62206068/dijkstra-algorithm
/questions/19826363/initializing-edges-with-dijkstras-algorithm
/questions/29402309/does-dijkstras-algorithm-with-a-priority-queue-handle-destination-not-found
/questions/64695375/arrayindexoutofboundsexception-in-dijkstras-shortest-path-algorithm
/questions/10799938/can-we-change-dijkstras-algorithm-to-work-with-negative-weights
/questions/430142/what-algorithms-compute-directions-from-point-a-to-point-b-on-a-map
/questions/28411341/do-we-really-need-the-visited-or-not-info-of-a-vertex-in-dijkstras-algorithm
/questions/75741786/dijkstras-algorithm-for-a-simple-maze-problem-python-deque
/questions/72048692/tweaking-dijkstras-algorithm-to-detect-minimum-length-cycle-in-directed-graph
/questions/71140260/why-can-dijkstras-algorithm-be-modified-to-find-k-shortest-paths
/questions/13545738/dijkstras-algorithm-with-adjacency-list-graph
/questions/37255590/dijkstras-algorithm-vs-relaxing-edges-in-topologically-sorted-graph-for-dag
/questions/64761481/what-kind-of-graph-i-need-for-dijkstras-algorithm-c
/questions/61284062/dijkstras-algorithm-implementation-with-binary-heaps
/questions/64485122/dijkstras-algorithm-letting-all-vertices-be-source
/questions/23114181/data-structures-undirected-graphs-and-dijkstras-algorithm
/questions/23114181/data-structures-undirected-graphs-and-dijkstras-algorithm
/questions/14038011/dijkstras-algorithm-a-greedy-or-dynamic-programming-algorithm
/questions/40874744/dijkstras-algorithm-using-priority-queue-on-java
/questions/7698776/implementing-dijkstras-algorithm-using-bgl-graph
/questions/68237367/how-can-i-print-the-steps-the-algorithm-takes-to-find-the-result-dijkstras-alg
/questions/27830594/dijkstra-algorithm-with-python
/questions/43701222/number-of-steps-condition-to-dijkstras-algorithm
/questions/43431942/dijkstras-algorithm-how-to-improve-memory-performance-of-my-implementation
/questions/23256534/maximum-profit-using-dijkstra-algorithm
/questions/69366580/designing-a-mazebot-with-a-dijkstras-algorithm
/questions/68955839/issue-regarding-time-complexity-of-dijkstras-algorithm
/questions/7356364/using-dijkstras-algorithm-to-find-a-path-that-can-carry-the-most-weight
/questions/41846622/alter-dijkstras-algorithm-to-compute-shortest-second-and-third-path-between-two
/questions/47187314/dijkstras-algorithm-on-a-graph-represented-by-adjacency-list
/questions/41290898/why-doesnt-dijkstras-algorithm-work-as-it-should-for-given-graph
/questions/26799518/dijkstras-algorithm-in-time-okve
/questions/66227210/dijkstra-algorithm-react-native
/questions/19781851/java-index-out-of-bounds-exception-with-dijkstras-algorithm
/questions/61944886/dijkstras-algorithm-for-doubly-linked-skip-list
/questions/34259949/dijkstras-algorithm-using-matrix-in-c-whats-wrong-in-this-code
/questions/59014401/does-dijkstras-algorithm-not-modify-the-distance-of-a-marked-vertex
/questions/3743843/does-dijkstras-algorithm-relax-the-edges-of-the-shortest-path-in-order
/questions/23830640/dijkstras-algorithm-in-java-for-matrix-with-obstacles
/questions/61431425/how-does-dijkstras-algorithm-work-if-a-max-priority-queue-is-used
/questions/34204517/dijkstras-algorithm-how-do-you-choose-the-edge-source-and-destination
/questions/27207419/shortest-path-algorithm-using-dijkstras-algorithm-in-c
/questions/40177063/dijkstras-algorithm-in-java-multiple-requests-threads
/questions/54492626/implementing-dijkstras-algorithm-with-c-stl
/questions/55084439/complexity-of-dijkstras-algorithm-for-heap-implementation
/questions/20779541/priority-queue-for-dijkstra-algorithm
/questions/43020874/is-dijkstras-algorithm-just-bfs-where-you-also-tally-node-weights
/questions/18618792/dijkstras-algorithm-in-c-want-the-path
/questions/32926266/dijkstras-algorithm-with-directed-graph-java
/questions/34627298/is-dijkstras-algorithm-most-efficient-for-computing-single-source-shortest-path
/questions/7552876/can-you-use-dijkstras-algorithm-if-there-is-a-negative-weight-so-long-as-there
/questions/68910806/dijkstra-algorithm-for-big-graphs
/questions/25527403/running-time-measurements-of-dijkstras-algorithm
/questions/26987501/what-is-the-difference-between-triangle-inequality-and-path-relaxation-in-dijkst
/questions/69752786/having-difficulty-figuring-out-why-my-implementation-of-the-dijkstras-algorithm
/questions/75091764/how-to-create-dijkstras-algorithm-gui-using-python
/questions/36031503/is-this-algorithm-right-and-faster-than-dijkstras-algorithm-for-directed-graph
/questions/35394497/neo4j-dijkstras-algorithm-not-returning-crashing
/questions/59462121/time-complexity-of-straight-forward-dijkstras-algorithm
/questions/14171147/heap-in-dijkstra-algorithm
/questions/12058722/run-dijkstras-algorithm-on-a-listpoint-in-c-sharp
/questions/20714452/priority-in-queue-is-behaving-wierdly-in-dijkstras-algorithm
/questions/6514490/needing-help-writing-dijkstras-algorithm
/questions/67661515/dijkstras-algorithm-with-negative-weights-query
/questions/36758679/dijkstras-algorithm-in-multicast-routing
/questions/22098931/dijkstra-algorithm-with-adjacency-lists
/questions/19970434/why-does-decreasekey-in-dijkstras-algorithm-take-ologn-time
/questions/53184552/dijkstras-algorithm-w-adjacency-list-map-c
/questions/12887921/shortest-path-in-a-2d-array-using-dijkstras-algorithm
/questions/67534302/getting-wrong-results-with-implementation-of-dijkstras-algorithm-using-priority
/questions/33674886/programming-dijkstras-algorithm-in-c
/questions/73531500/is-the-visited-array-really-needed-in-dijkstras-algorithm-using-priority-queue
/questions/9264799/dijkstras-algorithm-what-to-do-if-there-are-two-or-more-nodes-with-minimal-wei
/questions/39355587/speeding-up-dijkstras-algorithm-to-solve-a-3d-maze
/questions/17457837/dijkstra-algorithm
/questions/21625677/my-implementation-of-dijkstras-algorithm-keeps-messing-up
/questions/69489089/python-dijkstras-algorithm-in-ovelogv-time-complexity
/questions/5946233/dijkstras-algorithm-with-an-2d-array
/questions/67182337/q-dijkstras-algorithm-c-finding-shortest-path-from-distances
/questions/28413870/dijkstras-algorithm-in-graphs-jl-package-of-julia
/questions/71159066/memory-usage-for-dijkstras-algorithm-in-haskell
/questions/13447163/modify-dijkstras-algorithm-to-get-the-shortest-path-between-two-nodes
/questions/47494676/dijkstra-algorithm-incorrect-conditional
/questions/37312871/dijkstra-algorithm-infinite-loop
/questions/36879748/dijkstras-algorithm-how-do-you-set-values-to-infinity
/questions/67145704/dijkstra-algorithm-time-complexity
/questions/66293779/find-the-cost-of-all-paths-in-a-matrix-using-dijkstras-algorithm-in-python
/questions/60469671/printing-dijkstra-algorithm-from-predecessors
/questions/23418768/dijkstras-algorithm-c-priority-queue-adjacency-list
/questions/15933417/small-modification-to-particular-implementation-of-dijkstras-algorithm
/questions/23501342/dijkstras-algorithm-java-implementation-bug
/questions/23501342/dijkstras-algorithm-java-implementation-bug
/questions/53531611/need-help-understanding-dijkstras-algorithm
/questions/30645564/modifying-dijkstras-algorithm-to-find-shortest-path-with-largest-weighting
/questions/27624325/difference-between-branch-bound-extended-list-and-dijkstras-algorithm-on
/questions/63765856/dijkstra-s-algorithm
/questions/16162842/dijkstras-algorithm-team-project-not-running-because-i-named-it-dijkstraprojec
/questions/40468092/modified-dijkstras-algorithm
/questions/29526331/dijkstra-s-algorithm-with-a-fibonacci-heap
/questions/76196709/how-to-code-dijkstras-algorithm-with-a-specefic-visited-node-constraint-in-matl
/questions/48201182/finding-the-shortest-path-between-source-and-destination-in-graph-using-dijkstra
/questions/4997851/python-dijkstra-algorithm
/questions/8870474/dijkstras-algorithm-termination
/questions/69269396/converting-dijkstras-algorithm-from-python3-to-circuitpython-ti-python
/questions/6202477/dijkstra-algorithm-problem
/questions/30080265/big-o-of-dijkstras-algorithm-with-d-ary-heap
/questions/2949805/dijkstra-s-algorithm-and-functions
/questions/21933029/dijkstras-algorithm-how-could-a-priority-queue-or-min-heap-be-used
/questions/68079021/can-a-graph-with-negative-edges-exist-for-which-dijkstras-algorithm-will-work
/questions/62382732/how-to-find-shortest-path-in-subway-with-transfer-time-using-dijkstras-algorith
/questions/19317306/about-dijkstra-s-algorithm
/questions/58486279/how-to-make-dijkstras-algorithm-report-the-full-final-distance-for-that-shortes
/questions/72694507/dijkstra-algorithm-priority-queue
/questions/62386687/how-to-input-this-for-dijkstra-algorithm-question
/questions/73317417/dijkstras-algorithm-not-adding-end-node-c
/questions/39372808/an-example-of-dijkstras-algorithm-to-fail-with-one-negative-edge
/questions/27361239/how-to-implement-dijkstras-algorithm-in-neo4j-using-cypher
/questions/21960777/filtering-the-right-path-to-implement-dijkstras-algorithm
/questions/38898513/dijkstras-algorithm-is-my-implementation-flawed
/questions/2955960/what-algorithms-did-dijkstra-develop
/questions/20452445/dijkstras-shortest-path-algorithm-backtracks
/questions/16273092/difference-between-bellman-ford-and-dijkstras-algorithm
/questions/23452577/dijkstra-algorithm-openmp-slower-than-single-thread
/questions/38898513/dijkstras-algorithm-is-my-implementation-flawed
/questions/36185699/dijkstras-algorithm-complexity
/questions/30447106/dijkstras-algorithm-java-path-error-when-use-multiple-source
/questions/60294938/in-dijkstras-algorithm-why-must-it-first-expand-nodes-with-the-current-least-co
/questions/56138928/shortest-path-using-dijkstras-algorithm-output-question
/questions/53795710/how-accurate-is-dijkstra-algorithm
/questions/24523278/can-we-use-dijkstra-algorithm-to-find-any-cycles
/questions/49709772/cannot-cast-to-java-lang-comparable-exception-while-trying-to-implement-dijkstra
/questions/26703941/query-regarding-dijkstra-algorithm
/questions/5698348/dijkstras-algorithm-to-find-most-weighted-path
/questions/27210854/dijkstra-algorithm-wrong-path
/questions/30345480/using-nw-extensions-in-dijkstra-algorithm
/questions/75231833/applying-dijkstra-algorithm-on-a-sqlite-database
/questions/40871176/implementing-dijkstras-algorithm-in-java
/questions/40871864/dijkstra-s-algorithm-in-python
/questions/72106190/dijkstras-algorithm-for-finding-the-midpoint-with-the-shortest-total-route
/questions/15036758/implementing-dijkstras-algorithm-in-java-using-hash-code
/questions/76451662/when-is-the-shortest-path-to-some-vertex-found-in-dijkstras-algorithm
/questions/74515316/gui-tkinter-and-dijkstra-algorithm
/questions/70143440/dijkstras-algorithm-implementation
/questions/44300760/modification-for-dijkstra-algorithm
/questions/33290593/modified-shortest-path-algorithm-dijkstras
/questions/46507039/why-this-dijkstra-algorithm-not-working-for-this-particular-input
/questions/23090508/java-dijkstras-algorithm-change-number-of-edges-using-random-edges
/questions/43960027/how-can-i-modify-dijkstras-algorithm-to-get-the-longest-path-most-of-the-time
/questions/60728664/does-dijkstras-algorithm-work-with-negative-edges-if-there-is-no-processed-ch
/questions/49835234/dijkstras-algorithm-with-turn-penalty-giving-sub-optimal-path
/questions/62096930/keeping-track-of-the-shortest-path-between-two-nodes-using-dijkstras-algorithm
/questions/63936564/dijkstra-algorithm-on-a-matrix
/questions/62096930/keeping-track-of-the-shortest-path-between-two-nodes-using-dijkstras-algorithm
/questions/57944460/dijkstras-algorithm-implementation-in-python-how-does-it-work
/questions/65810237/how-to-get-the-real-shortest-path-using-dijkstras-algorithm
/questions/43788165/dijkstras-algorithm-sets
/questions/35180992/dijkstras-algorithm-in-c-infinite-loop
/questions/70431085/time-complexity-for-dijkstras-algorithm-with-min-heap-and-optimizations
/questions/76290133/dijkstras-algorithm-for-bus-route-prioritise-on-fare-price
/questions/13676469/dijkstras-algorithm-assistance
/questions/53358126/java-finding-shortest-path-between-2-vertex-using-dijkstras-algorithm
/questions/14505151/implementing-dijkstras-shortest-path-algorithm-using-a-red-black-tree
/questions/8075875/dijkstra-algorithm-using-matlab
/questions/13462390/dijkstra-algorithm-method-returning-empty-path
/questions/15392289/java-using-a-fibonacci-heap-for-implementing-dijkstras-algorithm
/questions/52716348/c-dijkstras-algorithm-program-with-initial-vertices-problem-and-resulting-one
/questions/36809255/how-can-dijkstras-algorithm-apply-to-both-undirected-and-directed-algorithm-in
/questions/18314686/dijkstra-algorithm-with-min-priority-queue
/questions/10432682/logical-error-in-my-implementation-of-dijkstras-algorithm
/questions/57694856/exception-in-thread-main-java-lang-stackoverflowerror-after-running-dijkstras
/questions/9675047/strategy-to-build-test-graphs-for-dijkstras-algorithm
/questions/70942564/shortest-path-with-dijkstra-s-algorithm-from-a-dataframe
/questions/66432676/dijkstras-algorithm-modified-iterating-on-edges
/questions/16876873/how-to-go-about-implementing-a-parallelized-dijkstras-algorithm-using-openmp-mp
/questions/73496495/why-this-dijkstra-algorithm-is-working-without-using-min-heap
/questions/59379169/how-to-overcome-segmentation-fault-while-implementing-dijkstras-algorithm
/questions/73962483/is-connected-graph-a-requirement-for-dijkstra-algorithm
/questions/57256676/can-we-add-a-turning-penalty-in-dijkstras-algorithm
/questions/68076518/implementing-dijkstras-algorithm-in-python-but-a-key-error-is-received-when-usi
/questions/66402867/is-dijkstra-algorithm-faster-than-dfs
/questions/22418075/neo4j-dijkstra-algorithm-with-weights-shown-in-path-results
/questions/42381807/dijkstras-algorithm-finding-the-shortest-distance-between-two-vertices-c
/questions/69528885/assertion-error-on-dijkstra-algorithm-implementation-on-python
/questions/59075896/parsing-a-graph-from-a-dot-notation-input-for-dijkstras-algorithm-c-sharp
/questions/42044072/trying-to-write-dijkstras-algorithm-in-c-and-the-program-crashes
/questions/19735807/recursion-and-dijkstras-algorithm
/questions/43499952/dijkstra-algorithm-with-chebyshev-distance
/questions/45988257/can-someone-detect-error-in-this-code-to-implement-dijkstras-algorithm-using-py
/questions/49031935/dijkstras-algorithm-with-time-tables-and-varying-missing-edges
/questions/10549849/difference-between-dijkstra-and-bellmanford-algorithm
/questions/47116291/how-do-i-implement-priorityqueue-for-dijkstras-algorithm
/questions/62015166/how-to-obtain-and-save-for-loop-results-as-list-after-running-dijkstras-algor
/questions/74783342/a-modification-of-the-dijkstra-algorithm
/questions/64915800/dijkstras-algorithm-to-prevent-any-vertex-on-re-on-fire-paths
/questions/15249758/dijkstras-algorithm-average-runtime-change-based-on-complexity
/questions/4982734/how-is-dijkstra-algorithm-better-tham-a-algorithm-for-finding-shortest-path
/questions/40876106/measure-time-dijkstras-algorithm-takes-between-nodes
/questions/74783342/a-modification-of-the-dijkstra-algorithm
/questions/56554135/dijkstra-algorithm-failing-on-multiple-calls
/questions/10568914/how-to-return-the-n-best-shortest-path-dijkstra-algorithm
/questions/4982734/how-is-dijkstra-algorithm-better-tham-a-algorithm-for-finding-shortest-path
/questions/54527322/running-time-analysis-of-dijkstras-for-shortest-path-algorithm-but-with-a-maxim
/questions/40247747/understanding-dijkstra-algorithm
/questions/53659454/java-graph-dijkstras-algorithm
/questions/63099900/error-in-dijkstras-shortest-path-algorithm-implementation-using-c-stl
/questions/33206362/error-in-implementation-of-dijkstras-algorithm
/questions/8380920/what-is-wrong-with-my-dijkstras-algorithm
/questions/29315596/dijkstra-algorithm-in-java
/questions/4915666/dijkstras-algorithm-question
/questions/64666763/how-to-modify-dijkstra-algorithm-to-fit-a-search-algorithm-in-c
/questions/40402520/modifying-dijkstra-s-algorithm-to-undirected-graph
/questions/40402520/modifying-dijkstra-s-algorithm-to-undirected-graph
/questions/8265307/file-input-for-dijkstras-algorithm
/questions/62612794/dijkstra-algorithm-not-working-even-though-passes-the-sample-test-cases
/questions/27319236/error-in-dijkstra-algorithm-in-android
/questions/41965431/dijkstra-algorithm-min-heap-as-a-min-priority-queue
/questions/26328860/complexity-in-dijkstras-algorithm
/questions/15267323/afp-dijkstras-shortest-path-algorithm
/questions/7980365/define-dijkstra-algorithm-by-stl-library
/questions/8688884/python-dijkstras-algorithm-on-a-large-scale
/questions/8717931/dijkstra-algorithm-on-scheme
/questions/876623/dijkstra-algorithm-for-iphone
/questions/50321430/how-to-implement-dijkstras-algorithm-with-adjacency-lists
/questions/59530905/dijkstra-algorithm-with-all-negative-weights
/questions/41193646/shortest-path-of-dijkstra-algorithm
/questions/8410579/dijkstras-shortest-path-algorithm-issue
/questions/21290696/dijkstras-algorithm-runtime
/questions/66053069/dijkstras-algorithm-python
/questions/34912351/its-obligatory-to-check-more-than-one-time-visited-nodes-when-using-dijkstras
/questions/33666332/dijkstras-algorithm-using-adjacency-matrix-not-finding-correct-distance-path-fr
/questions/20589797/how-to-apply-dijkstra-algorithm-to-my-adjacency-graph
/questions/50944019/jgrapht-dijkstras-algorithm-has-different-inclusivity-rules-for-directed-and-un
/questions/34409695/understanding-this-explanation-on-why-dijkstras-algorithm-fails-on-graphs-with
/questions/23401696/dijkstras-algorithm-with-adjacency-lists-and-priority-queue
/questions/39462285/how-to-test-efficiently-dijkstra-algorithm
/questions/13668576/dijkstra-algorithm-with-adjaceny-matrix
/questions/5034623/dijkstra-algorithm-optimization-caching
/questions/3225664/how-would-increasing-the-edge-weight-on-a-graph-affect-the-dijkstras-algorithm
/questions/16025814/dijkstras-algorithm-issue-repost
/questions/39360027/dijkstras-algorithm-length
/questions/65745898/why-does-my-implementation-of-dijkstras-algorithm-fail-under-this-undefined-cas
/questions/3225664/how-would-increasing-the-edge-weight-on-a-graph-affect-the-dijkstras-algorithm
/questions/57876578/parallelization-of-dijkstra-algorithm
/questions/43693431/how-to-find-the-shortest-diagonal-path-of-in-a-squared-grid-using-dijkstras-alg
/questions/50570657/dijkstra-algorithm-should-it-work-if-there-are-2-graphs-that-are-not-connected
/questions/39730379/swift-dijkstra-algorithm-error-exc-bad-instruction
/questions/63561807/how-to-modify-the-dijkstras-algorithm-so-that-it-passes-through-given-multiple
/questions/47343115/dag-shortest-path-vs-dijkstra-algorithm
/questions/35929145/how-to-refine-dijkstras-algorithm-not-finding-optimal-path
/questions/50856391/what-is-the-space-complexity-of-dijkstra-algorithm
/questions/6725268/what-data-structures-to-use-for-dijkstras-algorithm-in-erlang
/questions/11277993/faster-alternatives-to-dijkstras-algorithm-for-gps-system
/questions/35421789/spring-mvc-dijkstras-algorithm-how-to-create-a-bean-for-graph-on-startup
/questions/50201530/finding-shortest-path-in-java-dijkstra-algorithm
/questions/23821093/boost-graph-library-causing-errors-when-applying-dijkstras-algorithm
/questions/13811846/infinite-loop-in-dijkstra-algorithm
/questions/933656/dijkstra-algorithm-for-2d-array-in-java
/questions/8379866/using-dijkstra-algorithm-to-find-shortest-path-in-an-adjacency-matrix
/questions/67065388/is-dijkstra-algorithm-informed-or-uninformed-search-strategies
/questions/66505722/my-dijkstras-algorithm-implementation-does-not-return-shortest-path
/questions/16502962/dijkstras-algorithm-in-c
/questions/30958827/what-is-the-most-efficient-way-to-represent-edge-weights-for-dijkstras-algorith
/questions/42868179/displaying-the-path-for-dijkstra-algorithm
/questions/67948630/a-variant-of-dijkstra-algorithm
/questions/15469968/print-dijkstras-algorithm-as-a-tree
/questions/53098443/is-my-understanding-of-dijkstra-algorithm-correct
/questions/32312060/dijkstra-algorithm-in-php-issue
/questions/20915966/implementing-dijkstras-algorithm-using-cuda-in-c
/questions/36960341/seam-carving-an-image-using-dijkstra-algorithm-in-c
/questions/73792766/if-the-weights-of-all-branches-in-the-graph-were-equal-to-1-what-would-dijkstra
/questions/43010158/equal-cost-multipath-dijkstras-algorithm-in-python
/questions/39316895/a-better-algorithm-than-dijkstras
/questions/50933225/dijkstra-algorithm-trying-to-find-first-node-in-shortest-path
/questions/5370145/can-i-use-prims-algorithm-instead-of-dijkstras-to-find-shortest-path
/questions/68988601/what-edge-case-am-i-missing-for-dijkstras-algorithm
/questions/48359506/dijkstras-shortest-path-algorithm-with-constant-weight
/questions/36962723/randomizing-dijkstra-algorithm-input
/questions/33053547/c-dijkstras-algorithm-backtracking-issues
/questions/30466262/dijkstra-algorithm-fails-when-calculating-multiple-paths
/questions/34370345/dijkstra-algorithm-return-path-of-vertices
/questions/58624490/unity-crashes-when-using-dijkstras-algorithm-with-different-starting-points
/questions/21633752/implementing-dijkstra-algorithm-in-java
/questions/28501708/dijkstra-algorithm-in-c-sharp-error
/questions/60064432/how-to-handle-composed-nodes-in-a-graph-traversed-via-dijkstras-algorithm
/questions/30002283/how-to-start-dijkstras-algorithm-on-a-graph-stored-in-a-dictionary
/questions/60247077/why-isnt-dijkstras-algorithms-for-shortest-path-time-complexity-the-same-as
