/questions/13538459/difference-between-divide-and-conquer-algo-and-dynamic-programming
/questions/8850447/why-is-binary-search-a-divide-and-conquer-algorithm
/questions/53796083/is-every-recursive-algorithm-a-divide-and-conquer-algorithm
/questions/44381809/divide-and-conquer-algorithm
/questions/61143329/divide-and-conquer-bubble-sort-algorithm
/questions/76148559/is-radix-sort-a-divide-and-conquer-algorithm
/questions/14929476/divide-and-conquer-algorithms
/questions/28957303/divide-and-conquer-algorithm-for-finding-the-majority-element
/questions/62207838/c-divide-and-conquer-algorithm-problems
/questions/66011134/divide-and-conquer-algorithm-for-class
/questions/14951864/learning-divide-and-conquer-algorithms
/questions/7746827/hw-recursive-divide-and-conquer-algorithm
/questions/74142421/convert-to-divide-and-conquer-algorithm-kotlin
/questions/31446342/the-smallest-free-number-divide-and-conquer-algorithm
/questions/48234652/whats-the-difference-between-a-top-down-algorithm-and-a-divide-and-conquer-algo
/questions/42921949/divide-and-conquer-algorithm-to-compute-friend-points
/questions/40215796/master-method-is-applicable-only-for-divide-and-conquer-algorithm
/questions/29974792/does-any-divide-and-conquer-algorithm-use-recursion
/questions/22365450/concatenate-two-vectors-for-divide-and-conquer-algorithm-c
/questions/19932424/divide-and-conquer-algorithm-char-array
/questions/8193574/divide-and-conquer-algorithm-for-trees
/questions/29927439/algorithms-how-do-divide-and-conquer-and-time-complexity-onlogn-relate
/questions/39981027/need-help-design-pseudocode-for-divide-and-conquer-algorithm
/questions/14580442/a-divide-and-conquer-algorithm-assignment
/questions/11043226/why-do-divide-and-conquer-algorithms-often-run-faster-than-brute-force
/questions/43032425/algorithms-find-recursive-equation-of-divide-and-conquer-algorithm
/questions/72127666/sumlist-by-divide-and-conquer-algorithm
/questions/49095787/calculating-the-maximum-number-of-an-array-by-divide-and-conquer-algorithm
/questions/40770767/iterative-divide-and-conquer-algorithms
/questions/60312398/divide-and-conquer-algorithm-to-find-position-of-max-element
/questions/19876969/divide-and-conquer-algorithm-in-java
/questions/21541549/line-segment-intersection-algorithm-using-divide-and-conquer
/questions/12449474/divide-and-conquer-algorithm-for-generating-n-bit-strings
/questions/61451577/iterative-bottom-up-divide-and-conquer-algorithm
/questions/19851783/can-all-divide-and-conquer-algorithms-utilize-parallelism
/questions/10252769/divide-and-conquer-algorithm-for-finding-the-smallest-value-in-the-array
/questions/56196473/the-complexity-of-divide-and-conquer-algorithms
/questions/36321712/divide-and-conquer-algorithm-using-multithreading
/questions/52051303/java-divide-and-conquer-algorithm-stack-overflow-error
/questions/9126690/compare-divide-and-conquer-with-recursion
/questions/55560979/complexity-of-a-divide-and-conquer-recursive-algorithm
/questions/26344144/divide-and-conquer-algorithm-for-sum-of-integer-array
/questions/15662719/divide-and-conquer-why-does-it-work
/questions/34120268/divide-and-conquer-algorithms-binary-search-variant
/questions/36656225/divide-and-conquer-closest-pair-algorithm
/questions/8586990/time-complexity-in-divide-and-conquer-algorithms
/questions/21203730/divide-and-conquer-algorithm-to-make-a-word-palidrome-with-minimum-relocatation
/questions/5998646/divide-and-conquer-approach-for-exponentiation
/questions/67097852/is-this-a-divide-and-conquer-algorithm
/questions/6162465/divide-and-conquer-dynamic-programming-and-greedy-algorithms
/questions/60458351/c-divide-and-conquer-matrix-multiplication-algorithm-too-slow
/questions/4920077/parallelism-on-divide-conquer-algorithm
/questions/1604991/how-to-implement-divide-and-conquer-algorithms-in-c-sharp-using-multithreading
/questions/25652665/power-with-divide-conquer-algorithm
/questions/24554549/divide-and-conquer-algorithm-find-the-minimum-of-a-matrix
/questions/21459116/divide-and-conquer-algorithms-property-example
/questions/22426743/recursive-divide-and-conquer-algorithm-modification
/questions/28662502/divide-and-conquer-algorithm-in-linear-complexity
/questions/16887279/divide-and-conquer-algorithm-applied-in-finding-a-peak-in-an-array
/questions/16887279/divide-and-conquer-algorithm-applied-in-finding-a-peak-in-an-array
/questions/5929136/integer-multiplication-algorithm-using-a-divide-and-conquer-approach
/questions/8459562/hilbert-sort-by-divide-and-conquer-algorithm
/questions/19500365/divide-and-conquer-algorithm-for-making-change-with-limited-coins
/questions/46567867/time-complexity-for-a-divide-and-conquer-algorithm-that-creates-two-uneven-subpr
/questions/74840696/sorting-tuples-with-divide-and-conquer-algorithm-inside-db
/questions/8171395/describing-the-divide-conquer-combining-parts-of-a-divide-and-conquer-algorith
/questions/63906547/how-does-the-divide-and-conquer-algorithm-work
/questions/72088482/divide-and-conquer-algorithm-to-count-appearances-of-an-element-in-an-array-with
/questions/13284503/divide-and-conquer-array-algorithm
/questions/19510564/a-divide-and-conquer-algorithm-for-counting-dominating-points
/questions/66808588/an-divide-and-conquer-algorithm-with-complexity-on-log-n
/questions/41140614/what-is-the-difference-between-divide-and-conquer-and-branch-and-reduce
/questions/28824274/finding-array-indicies-for-divide-and-conquer-algorithm
/questions/39441748/finding-largest-sum-in-an-unsorted-array-using-divide-and-conquer-algorithm
/questions/32446957/design-a-divide-and-conquer-algorithm-that-takes-on-log-n-determinations
/questions/58417305/divide-and-conquer-find-missing-element-in-second-array
/questions/10679259/implement-simple-algorithm-using-divide-and-conquer
/questions/47198358/barrier-class-with-divide-and-conquer-mutex-destroyed-while-busy-c
/questions/39938989/maximum-contiguous-sum-using-divide-and-conquer
/questions/7720086/recursive-divide-and-conquer-algorithm-for-longest-non-decreaseing-array-of-num
/questions/37016779/sorting-algorithm-using-divide-and-conquer
/questions/40053456/dynamic-programming-to-divide-and-conquer
/questions/65118037/translating-recursion-to-divide-and-conquer
/questions/29754988/implementing-closest-points-divide-and-conquer-algorithm-in-c
/questions/71938291/usethedivide-and-conquerapproachtowriteanalgorithmthatfindsthelargest
/questions/34525433/divide-and-conquer-for-function-compositions
/questions/46885391/why-we-usually-divide-in-two-parts-in-divide-and-conquer-algorithms
/questions/20195895/does-there-exists-a-recursive-algorithm-that-does-not-fall-in-divide-and-conquer
/questions/29967769/worst-case-running-time-of-divide-and-conquer-algorithm
/questions/68855600/divide-and-conquer-approach-for-simple-array-algorithm
/questions/69893638/can-bubble-sort-be-categorized-as-a-decrease-and-conquer-algorithm
/questions/74035815/how-to-write-a-divide-conquer-algorithm-for-finding-the-longest-consecutive-ch
/questions/54039825/divide-and-conquer-merge-sorting-not-working
/questions/66107407/divide-and-conquer-ternary-tree-search
/questions/33513796/algorithm-for-finding-the-maximal-using-divide-and-conquer-method
/questions/76322261/how-can-i-calculate-the-union-of-rectangles-using-a-divide-and-conquer-algorithm
/questions/33139744/print-max-subarray-values-from-an-array-after-running-divide-and-conquer-algorit
/questions/71456941/divide-and-conquer-find-value
/questions/18672002/difference-between-greedy-and-dynamic-and-divide-and-conquer-algorithms
/questions/22310889/onlogn-divide-and-conquer-algorithm-computing-union-of-rectangles
/questions/62126129/traveling-salesman-divide-and-conquer-c
/questions/57787006/divide-and-conquer-strategy-to-determine-if-more-than-1-3-same-element-in-list
/questions/15859302/how-divide-and-conquer-algorithms-work-with-a-given-input
/questions/18878663/why-the-maxmin-divide-and-conquer-implementation-is-slower-than-the-others-maxmi
/questions/2624490/divide-and-conquer-method-to-compute-roots
/questions/55331866/determine-proper-recurrence-functions-for-divide-and-conquer-algorithms
/questions/53231314/divide-and-conquer-approach-for-karatsuba-algorithm
/questions/41361916/divide-and-conquer-trominos-algorithm-in-c
/questions/46996961/divide-and-conquer-approach
/questions/54255306/transforming-a-divide-and-conquer-recursive-algorithm-into-an-iterative-version
/questions/9355022/can-someone-tell-me-the-complexity-of-the-addition-subtraction-for-the-divide
/questions/66093654/divide-and-conquer-longest-run-recursively
/questions/62880734/write-an-algorithm-in-c-of-cost-ologn-with-divide-and-conquer-approach
/questions/73099525/difference-of-memory-usage-of-divide-and-conquer-and-normal-linear-functions-to
/questions/8141395/divide-and-conquer-hull-algorithm
/questions/15230983/iterative-function-divide-and-conquer-function
/questions/74411074/mits-lecture-1-algorithmic-thinking-peak-finding-how-does-this-divide-con
/questions/70634513/tsp-using-divide-and-conquer
/questions/58235140/divide-conquer-algorithm-for-finding-sum-of-positive-numbers-in-circularly-sor
/questions/45841771/powering-a-number-as-a-divide-and-conquer-solution
/questions/40288423/divide-and-conquer-algorithm-to-solve-a-real-life-situation
/questions/46207175/increasing-algorithm-efficiency-using-divide-and-conquer-paradigm
/questions/30695437/convert-c-code-to-java-divide-and-conquer-delaunay-triangulation-algorithm
/questions/15103429/divide-and-conquer-algorithm
/questions/51972829/program-to-find-sum-of-differences-of-max-and-min-element-of-every-subarray-usin
/questions/64847064/with-what-ratio-does-the-divide-and-conquer-algorithm-stop-being-on-logn
/questions/31462572/why-cant-use-divide-and-conquer-approach-for-max-product-subarray
/questions/39328382/maximum-subarray-using-divide-and-conquer
/questions/46480740/divide-and-conquer-to-find-maximum-difference-between-two-ordered-elements-in-a
/questions/17948038/does-divide-and-conquer-really-win-against-the-increased-memory-allocation
/questions/16327586/and-conquer-algorithm-search-for-pattern-in-string
/questions/54471993/recurrence-relation-for-divide-and-conquer
/questions/49301117/time-and-space-complexity-of-divide-and-conquer-k-way-merge-algorithm
/questions/20362505/fibonacci-divide-and-conquer-algorithm
/questions/28252333/why-is-this-counter-increasing-in-this-way-and-not-one-by-one-in-this-divide-and
/questions/44170676/naive-divide-and-conquer-approach-to-polynomial-multiplication
/questions/4392305/divide-and-conquer-compare
/questions/49931934/examples-on-why-not-to-use-divide-and-conquer
/questions/13657265/why-is-the-divide-and-conquer-method-of-computing-factorials-so-fast-for-large
/questions/67168995/describe-an-olog-n-divide-and-conquer-algorithm-to-solve-monotonously-decreasi
/questions/21587847/my-divide-and-conquer-algorithm-works-but-my-code-isnt-returning-a-value
/questions/61037375/efficient-divide-and-conquer-algorithm
/questions/61969780/closest-point-problem-with-divide-and-conquer
/questions/32710524/all-divide-and-conquer-approach-use-recursive-functions-or-not-necessarily
/questions/60176896/given-sorted-array-returns-index-i-if-array-a-contains-an-element-ai-such-tha
/questions/52147351/divide-and-conquer-to-find-the-max-sum-sublist-of-a-list
/questions/62956263/divide-and-conquer-algorith-does-not-work
/questions/26418546/multiplying-with-divide-and-conquer
/questions/39801610/how-to-find-optimal-line-on-y-axis-using-a-divide-and-conquer-algorithm
/questions/33499806/how-to-count-occurrences-with-divide-and-conquer-method
/questions/26520631/divide-and-conquer-alg-that-runs-in-constant-time
/questions/50886890/why-divide-and-conquer-is-fast-over-reduce-to-solve-merge-k-sorted-list
/questions/7839021/sorting-without-using-divide-and-conquer-algos-in-less-than-nn-time
/questions/31505457/divide-and-conquer-algorithms-numerical
/questions/33266648/sums-of-two-arrays-using-divide-and-conquer
/questions/39549576/divide-and-conquer-method-for-peakfinder
/questions/25891061/divide-and-conquer-from-iterative
/questions/19645967/divide-and-conquer-assignment
/questions/44103108/divide-and-conquer-method-using-parent-process-and-child-processes
/questions/69368984/maximum-sum-rectangle-in-a-2d-matrix-using-divide-and-conquer
/questions/26394031/better-understanding-big-o-and-big-theta-with-a-divide-and-conquer-search
/questions/48968643/sorting-lists-using-divide-and-conquer
/questions/28397495/algorithms-divide-and-conquer-application-of-quick-sort
/questions/64265667/maximum-weight-independent-set-with-divide-and-conquer
/questions/45751795/divide-and-conquer-returning-an-array
/questions/60726116/divide-and-conquer-sum-of-array-of-integers
/questions/7039322/parallelism-in-java-divide-and-conquer-quick-sort
/questions/75115917/frequency-of-pattern-occurring-in-a-string-using-divide-and-conquer
/questions/39349745/divide-and-conquer-algorithm-for-finding-the-maximum-subarray-how-to-also-prov
/questions/71278962/delaunay-triangulation-divide-and-conquer-algorithm
/questions/50843776/whats-wrong-with-this-c-code-for-matrix-multiplication-using-strassens-algorit
/questions/31168604/inversion-count-using-divide-and-conquer
/questions/20685980/divide-and-conquer-algorithm-running-time
/questions/76219276/need-brute-force-divide-and-conquer-dynamic-programming-and-greedy-algorithms
/questions/41821234/divide-and-conquer-algorithm-in-c
/questions/57444420/is-it-possible-to-have-a-recursive-solution-for-this-divide-and-conquer-problem
/questions/68230304/difficulty-in-thinking-a-divide-and-conquer-approach
/questions/69776812/whats-the-correct-time-complexity-of-divide-and-conquer-algorithm-in-searching
/questions/39966458/how-to-solve-fixed-size-maximum-subarray-using-divide-and-conquer-approach
/questions/27454903/how-to-return-the-correct-value-when-divide-and-conquer-algorithmfor-1-d-closes
/questions/51933727/divide-and-conquer-array-summation-or-loop-based-array-summation
/questions/17463903/divide-and-conquer-paradigm-and-recursion-in-c-merge-sort-example
/questions/30734335/out-of-memory-divide-and-conquer-algorithm
/questions/69561144/how-to-translate-a-solution-into-divide-and-conquer-finding-a-sub-array-with-th
/questions/47362208/delaunay-triangulation-divide-and-conquer-algorithm
/questions/15661752/better-alternative-to-divide-and-conquer-algorithm
/questions/38734320/finding-longest-increasing-sub-sequence-using-divide-and-conquer
/questions/36793909/majority-element-using-divide-and-conquer-algorithm
/questions/7858536/divide-and-conquer-method-in-r-sedgewick-algorithms-in-java-parts-1-4
/questions/70828635/java-divide-and-conquer-largest-area-of-a-histogram
/questions/9253286/matrix-multiplication-divide-conquer-vs-strassen-divide-conquer-is-faster
/questions/19206591/complexity-of-a-particular-divide-and-conquer-algorithm
/questions/58120085/find-a-contiguous-sub-array-that-adds-up-to-a-target-number-and-prints-out-the-s
/questions/29917988/how-to-stop-lazy-evaluation-slowing-down-a-divide-and-conquer-algorithm
/questions/22007773/closest-pair-of-points-using-divide-and-conquer-algorithm-to-calculate-only-6-po
/questions/27835545/does-using-divide-conquer-improve-the-time-complexity-to-find-max-and-min-in-a
/questions/65159770/find-a-number-in-a-sequence-using-divide-and-conquer
/questions/60309492/check-if-an-array-is-sorted-using-divide-and-conquer
/questions/19214579/complexity-of-inefficient-divide-and-conquer-algorithm
/questions/14902367/divide-and-conquer-indexsearch
/questions/60959885/does-divide-an-conquer-always-get-better-performance
/questions/19415821/finding-the-second-smallest-number-from-the-given-list-using-divide-and-conquer
/questions/4311694/maximize-the-rectangular-area-under-histogram
/questions/5156161/divide-and-conquer-plural-array
/questions/75160550/divide-and-conquer-approach-on-2d-array
/questions/59366411/adding-memoization-for-this-divide-and-conquer-solution
/questions/75485511/counting-the-frequency-of-target-element-in-an-unsorted-array-using-divide-and-c
/questions/33849121/divide-and-conquer-on-rectangular-matrices
/questions/53232400/having-trouble-with-divide-and-conquer-algorithm-for-adding-consecutive-pairs-of
/questions/22551691/iterative-fork-join-for-base-case-of-divide-and-conquer
/questions/46773453/ckmeans-divide-and-conquer-technique
/questions/37143715/akka-cant-create-new-thread-for-divide-and-conquer
/questions/29283884/checking-duplicates-with-divide-and-conquer
/questions/16260879/how-to-parallelize-a-divide-and-conquer-algorithm-efficiently
/questions/72648160/sorting-algorithm-help-what-divide-and-conquer-algorithm-is-this
/questions/47822973/c-recursive-program-divide-and-conquer
/questions/17865341/divide-and-conquer-matrix-multiplication-base-case-how-to-split-matrix-into-4
/questions/64212808/divide-and-conquer-sum-algorithm
/questions/46626082/divide-and-conquer-average
/questions/58349319/how-to-pass-a-index-of-the-original-array-from-buttom-up-in-a-recursive-divide-a
/questions/9489948/divide-and-conquer-algorithm-to-sort-a-list-where-each-element-is-rootn-away-f
/questions/24112088/divide-and-conquer-find-all-pairs-of-points-with-distance-less-than-d
/questions/50378918/is-this-dynamic-programming-or-divide-and-conquer
/questions/26787733/multiplying-two-decimal-integer-with-divide-and-conquer-java
/questions/53245113/how-to-use-multithreading-with-divide-and-conquer
/questions/12926975/closest-pair-algorithm-in-javascript
/questions/33006213/onlogn-divide-and-conquer-algorithm-to-find-visible-lines
/questions/12311869/is-there-any-fast-method-of-matrix-exponentiation
/questions/49603454/skyline-of-2d-points-divide-and-conquer-algorithm
/questions/12218852/how-to-paralellize-a-divide-and-conquer-algorithm-in-clojure
/questions/56405737/divide-and-conquer-algorithm-for-finding-a-3-colored-triangle-in-an-undirected-g
/questions/58722663/what-does-this-divide-and-conquer-algorithm-do
/questions/28395920/divide-and-conquer-algorithms-application-of-binary-search
/questions/75629212/merge-sort-divide-and-conquer-algorithm-using-python
/questions/70817959/non-stop-loop-in-divide-and-conquer-algorithm
/questions/30931429/count-of-an-element-in-a-matrix-using-divide-conquer
/questions/35952309/algorithm-implementation-using-divide-and-conquer-paradigm
/questions/48814955/python-binary-multiplication-divide-and-conquer
/questions/40645611/mid-point-in-divide-and-conquer-algorithm-implementations
/questions/29571663/time-analysis-of-a-divide-and-conquer-strategy-fo-find-the-max-value-in-a-array
/questions/56853651/divide-and-conquer-to-solve-the-power-of-a-number-runtime-analysis-with-master
/questions/33530481/divide-and-conquer-k-element-of-unsorted-array
/questions/53141785/maximum-ordered-ratio-divide-and-conquer-algorithms
/questions/44316145/given-sorted-integer-array-write-an-algo-based-on-divide-and-conquer-for-ai-i
/questions/35735699/algorithm-to-find-the-intersection-of-sorted-sets
/questions/67353244/divide-and-conquer-sorting-algorithm-difficulty
/questions/61089438/trouble-understanding-closest-pair-divide-and-conquer-algorithm
/questions/13275255/simple-array-sort-check-divide-and-conquer-version
/questions/58846205/the-divide-and-conquer-problem-algorithms
/questions/35617048/closest-pair-of-points-in-3-dimensions-divide-and-conquer
/questions/65066738/divide-and-conquer-algorithm-mergesort-algo-calculating-number-of-inversions
/questions/64398986/divide-and-conquer-approach-to-find-the-minimum-differenceabsolute-value-betwe
/questions/71003909/polynomial-multiplication-using-divide-and-conquer
/questions/61963251/incompatible-operand-types-string-to-int
/questions/23387687/how-do-i-use-transform-and-conquer-to-simplify-this-algorithm
/questions/35978058/divide-and-conquer-algorithm-for-longest-increasing-consecutive-sequence-in-an-a
/questions/47211454/maxmin-divide-and-conquer-algorithm-that-is-on-worst-case
/questions/11320423/what-is-wrong-with-my-logic-for-the-divide-and-conquer-algorithm-for-closest-pai
/questions/29396376/having-trouble-recursively-calling-my-algorithm
/questions/48583034/most-element-in-array-divide-and-conquer-on-logn
/questions/73952691/matrix-multiplication-using-divide-and-conquer-method
/questions/55486381/finding-substrings-with-divide-and-conquer
/questions/41236049/which-algorithm-is-best-when-running-with-parallel-processors
/questions/35587228/results-of-divide-and-conquer-algorithm-randomly-change-to-zeros
/questions/25268370/computing-integer-powers-with-a-recursive-divide-and-conquer-algorithm
/questions/7320188/divide-and-conquer-algorithms-to-find-the-maximum-element-of-an-array
/questions/12167630/algorithm-for-shuffling-a-linked-list-in-n-log-n-time
/questions/55110771/c-divide-and-conquer-square-matrix-multiplication-problems
/questions/59119897/find-the-k-element-of-an-unsorted-array-as-if-its-sorted-divide-and-conquer
/questions/51886460/divide-and-conquer-delaunay-triangulation-getting-first-aka-base-edge-whil
/questions/14977339/merge-skylines-divide-and-conquer
/questions/46898020/design-a-divide-and-conquer-algorithm-to-find-the-real-card
/questions/14495864/parallel-recursive-memoization-in-scala
/questions/66838222/find-an-element-in-list-that-appears-at-least-60-of-the-time-using-divide-and-c
/questions/52549175/what-kind-of-algorithm-does-this-recurrence-relation-represent
/questions/76103975/efficiently-calculate-minimum-distance-between-2-sets-of-points-in-3d
/questions/29089871/solve-the-closest-pair-algorithm-with-recursiondivide-and-conquer
/questions/15586694/efficient-algorithm-to-convert-integer-to-decimal
/questions/9712640/animating-a-recursive-triangulation-algorithm-using-swingworker
/questions/13497810/finding-an-error-in-code-for-divide-and-conquer-polynomial-multiplication
/questions/35705127/get-the-amount-of-conflicts-between-two-arrays-divide-and-conquer
/questions/68803988/divide-and-conquer-algorithm-to-find-two-matching-elements-in-a-sublist
/questions/43037474/how-does-recursion-work-in-a-divide-and-conquer-maxima-set-algorithm
/questions/58261547/divide-and-conquer-algorithm-to-find-one-element-that-isnt-repeated
/questions/61097517/minimum-sub-vector-size-k-with-the-divide-and-conquer-technique
/questions/49009397/how-to-use-divide-and-conquer-and-the-fact-that-if-one-subarray-has-a-majority
/questions/60915959/1d-peak-finding-algorithm-in-python-using-divide-and-conquer
/questions/25881194/i-am-not-able-to-understand-how-recursion-is-happening-in-one-particular-case-of
/questions/33628929/divide-and-conquer-algorithm-to-find-the-counterfeit-coin-in-ologn
/questions/69307265/attempting-to-find-the-sum-of-an-array-using-divide-and-conquer-using-javascript
/questions/20388453/global-minima-and-dynamic-programming
/questions/4892036/design-a-divide-and-conquer-algorithm-that-can-determine-the-missing-integer
/questions/39822683/algorithm-to-beat-strassens-algorithm
/questions/19652419/removing-duplicates-from-an-array-using-divide-and-conquer-in-onlogn-time
/questions/57485738/what-are-algorithm-family-do-iterative-sampling-methods-fall-into
/questions/60321972/determining-what-method-is-best-for-a-comparative-sorting-algorithm-divide-and
/questions/72585820/divide-and-conquer-to-check-if-a-value-in-a-list-is-equal-to-its-index
/questions/35691146/running-time-of-algorithm-to-generate-hadamard-matrix
/questions/45293416/quicksort-achieves-sorting-during-the-conquer-stage-of-algorithm
/questions/4272527/java-fork-join-algorithm-analysis
/questions/42463071/int-cannot-be-converted-to-int-while-invoking-the-function
/questions/19945913/in-place-implementation-of-strassen-algorithm
/questions/66590310/find-the-path-with-least-number-of-jumps-for-a-frog-crossing-pond-using-divide-a
/questions/10575767/evaluating-polynomials
/questions/45159183/solving-a-recurrence-relationship-tn-tn-%e2%88%9an1
/questions/61399087/issue-understanding-solving-a-maze-recursively-using-divide-and-conquer
/questions/40326112/need-an-algorithm-to-print-a-list-of-unique-words-and-number-of-occurences
/questions/4420671/how-can-we-classify-various-algorithms
/questions/31296857/unsorted-matrix-search-algorithm
/questions/72989030/how-to-determine-design-pattern-from-time-complexity
/questions/70475336/find-nearest-point-pair-divide-conquer-issue-when-have-many-of-same-x-coord
/questions/54248273/how-to-handle-subset-containing-an-even-number-of-elementsfind-peak-problem-us
/questions/58912229/is-the-closest-pair-of-points-algorithm-always-accurate
/questions/67886896/how-is-the-space-complexity-of-below-algorithm-come-out-to-be-olog-n
/questions/43219131/runtime-of-following-algorithm
/questions/48252524/how-can-i-implement-the-function-divide-in-a-functional-divide-and-conquer-jav
/questions/35570179/search-for-first-index-of-xy-in-string-using-divide-and-conquer
/questions/63150821/median-of-sorted-arrays-of-equal-length
/questions/18307049/no-compilation-error-but-no-output-in-turbo-c-3-0
/questions/70117833/what-is-the-difference-between-finding-the-mid-in-the-following-two-different-wa
/questions/2987207/why-do-i-get-a-c-malloc-assertion-failure
/questions/36372484/counting-steps-to-form-a-recurrence-relation-of-an-algorithm
/questions/35903441/recurrence-relationship
/questions/5769169/problems-and-with-which-algorithm-technique-they-can-be-solved
/questions/20159393/which-approach-to-storing-items-in-a-linked-list-is-faster
/questions/50196217/majority-element-of-jpeg-images-using-divide-and-conquer
/questions/45285567/size-of-the-largest-balanced-binary-subtree
/questions/27945597/how-can-i-execute-pieces-of-javascript-code-asynchronously-and-wait-their-result
/questions/21965884/i-have-2-sorted-arrays-of-integers-how-do-i-find-the-kth-biggest-item-in-ologn
/questions/68595656/to-find-minimum-and-maximum-value-from-a-given-array-using-divide-and-conquer-al
/questions/50865041/algorithm-designing
/questions/38933276/running-time-of-a-algorithm-which-prints-arrays-elements-using-divide-and-conque
/questions/68313138/greatest-common-diviser-of-an-arrray-using-divide-conquer-technique
/questions/49854859/c-to-string-was-not-declared-in-this-scope-error-windows-devcpp-environment
/questions/66503810/smallest-subset-with-sum-greater-or-equal-to-k
/questions/31500744/is-this-algorithm-for-counting-inversions-in-an-array-on-complex
/questions/6842534/divide-and-conquer-on-sorted-input-with-haskell
/questions/52350000/naive-recursive-algorithm-for-polynomial-multiplication-in-python
/questions/62444359/implementing-merge-sort-in-python
/questions/61882383/algorithm-trying-to-get-the-index-from-array-where-ai-i-c-in-logn-wit
/questions/5011177/how-to-find-kth-smallest-integer-in-an-unsorted-array-without-sorting-the-array
/questions/41947949/sigabrt-signal-6-error-in-finding-majority-element-in-array-using-divide-and-c
/questions/2770804/multiplying-big-numbers-using-recursion-and-array
/questions/50896879/possibilities-to-construct-2n-height-tower-with-2x2-base-of-2x1x1-blocks
/questions/21534100/exponential-multiplication-algorithm-that-runs-in-on-time
/questions/12752241/check-if-array-is-sorted-in-logn
/questions/57435813/how-to-multiply-matrices-of-degree-other-than-powers-of-2-using-strassens-algo
/questions/63434610/divide-and-conquer-lists-in-python-to-read-sav-files-using-pyreadstat
/questions/56096021/divide-and-conquer-algorithm-that-returns-the-sum-of-even-entries-in-an-array-in
/questions/21386075/returning-comparison-in-python
/questions/71370263/how-do-i-partition-the-right-side-of-the-pivot-while-using-the-recursive-quickso
/questions/76547062/in-an-array-find-a-subarray-whose-sum-of-elements-multiplied-by-the-smallest-ele
/questions/36057780/data-structures
/questions/13666230/shortest-distance-in-a-series-of-xy-coordinates
/questions/11838838/recursion-in-strassens-algorithm
/questions/41814822/maximum-sum-subarray-return-subarray-and-sum-divide-and-conquer
/questions/64021418/divide-and-conquer-solution-for-finding-the-majority-element-in-the-given-input
/questions/55483712/computing-the-average-and-splitting-a-list-on-the-average-is-not-working
/questions/51183455/startup-class-and-main-method-for-skyline
/questions/36083823/to-find-largest-and-smallest-elements-in-an-array-of-n-numbers-using-recursion
/questions/71985950/is-there-an-optimal-algorithm-which-can-be-compute-a-l-inf-delaunay-triangulatio
/questions/64860712/2d-delaunay-divide-and-conquer-rare-bug
/questions/45731962/wrong-result-implementing-counting-inversions-with-python
/questions/9622778/strassens-subcubic-matrix-multiplication-algorithm-with-recursion
/questions/33489021/quicksort-exact-splitting-is-n-1
/questions/26246658/merge-sorted-lists
/questions/59066129/how-can-i-get-all-elements-in-range-from-a-generic-list-recursively
/questions/49422035/bit-wise-addtion-in-c
/questions/33061482/for-which-type-of-parallel-algorithms-is-hadoop-well-suited
/questions/43920003/find-keystrokes-for-on-screen-keyboard-scala
/questions/55006660/understanding-merge-sort-algorithm
/questions/19718777/find-second-largest-in-the-list-of-numbers
/questions/19718777/find-second-largest-in-the-list-of-numbers
/questions/20592751/algorithm-for-product-of-n-numbers
/questions/66280721/how-to-find-the-recurrence-relation-for-the-basic-operation-of-algorithm
/questions/19781518/in-the-closest-pair-of-points-divide-and-conquer-algorithm-what-is-the-signific
/questions/55009962/how-to-find-algorithm-for-triple-1-in-bitvector-in-onlogn-with-divide-and-co
/questions/4040786/tricky-algorithm-question
/questions/9897480/matrix-and-vector-multiplication-optimization-algorithm
/questions/19035850/maximal-subarray-program-implementation-not-terminating
/questions/4300916/how-to-reference-sub-matrices-within-a-matrix
/questions/20150682/what-is-the-reason-why-sorting-algorithm-is-stable-or-unstable
/questions/51180849/how-to-design-a-divide-and-conquer-algorithm-to-checks-if-there-is-a-pair-ai-aj
/questions/17528281/want-the-outline-of-coordinates-perhaps-not-the-convex-hull
/questions/30836450/streaming-big-data-while-sorting
/questions/54296769/counting-number-of-inversions
/questions/25077948/closest-pair-algorithm-for-comparing-points-from-2-different-arrays
/questions/58778146/algorithm-to-get-the-2-most-distant-point-in-a-2d-plane-for-homework
/questions/72387985/is-this-an-acceptable-implementation-of-non-recursive-merge-sort
/questions/25571377/iterative-implementation-of-powx-n
/questions/6022922/help-debugging-this-multiplication-algorithm
/questions/14826465/sorted-matrix-search-master-theorem-analysis
/questions/26289829/closest-pair-of-points-linear-1-d-case-algorithm
/questions/42474326/binary-search-giving-wrong-location
/questions/19360527/algorithm-for-fast-vector-vector-a-ah-multiplication
/questions/38450356/how-to-chain-elements-in-array-in-dynamic-programming-java
/questions/39682241/recursive-function-occasionally-returns-a-segmentation-fault
/questions/47127506/what-is-the-simplest-way-to-determine-min-s-max-s-in-time-tn-onlogn-how
/questions/66085356/how-can-i-make-my-python-program-run-faster
/questions/1672323/how-to-apply-the-algorithm-concepts-in-a-project-application
/questions/42229541/order-of-elements-in-perfectly-balanced-tree
/questions/15041647/how-to-efficiently-compute-the-cosine-similarity-between-millions-of-strings
/questions/21978302/divide-and-conquer-find-median-between-two-arrays-of-equal-size-that-contain-u
/questions/40455237/where-to-start-with-binary-search-tree
/questions/3176863/concatenating-red-black-trees
/questions/27216168/couple-of-points-that-are-closer-to-each-other-in-a-list
/questions/66085356/how-can-i-make-my-python-program-run-faster
/questions/61896264/defective-chessboard-problem-looking-for-pseudocode-algorithm-divideconquer
/questions/67169157/karatsuba-algorithm-error-on-very-long-numbers
/questions/36831804/how-to-parallel-prims-algorithm-in-graphx
/questions/10793048/c-algorithm-to-find-maximal-difference-in-an-array
/questions/7462606/red-blue-points-on-a-plane-how-to-find-two-closest-points-of-the-different-colo
/questions/29788843/calculating-2n-in-on-time
/questions/54990512/getting-the-first-k-closest-pairs-of-points-from-a-set-of-n-points-in-onlogn-t
/questions/9673658/in-less-than-linear-time-find-the-duplicate-in-a-sorted-array
/questions/30201391/how-to-write-a-recurrence-relation-for-a-given-piece-of-code
/questions/4178872/which-is-more-efficient-way-of-performing-powers-in-terms-of-time-complexity
/questions/71406347/ordered-sequence-of-learning-algorithm-design-techniques
/questions/72013546/can-a-mean-variance-computation-algorithm-in-python-be-implemented-recursively
/questions/54000950/closest-pair-of-points-onlogn-algorithm-problem-with-some-data-in-c-implem
/questions/73879190/is-there-a-faster-way-to-solve-the-following-problem
/questions/16500317/merging-convex-hulls-in-java
/questions/71106866/implementing-the-karatsuba-algorithm-for-multiplying-polynomials
/questions/66843058/find-number-of-pairs-i-j-such-that-i-j-and-ai-2aj
/questions/26195947/implementation-issues-on-the-marriage-before-conquest-convex-hull-algorithm
/questions/62229704/merge-sort-on-linked-lists
/questions/23693523/whats-wrong-with-this-python-return-statement
/questions/68082549/how-to-get-quicksort-depth
/questions/55681715/is-this-a-correct-implementation-of-merge-sort
/questions/15566511/dynamic-programming-activity-selection
/questions/39686805/why-is-the-recursive-step-in-the-divide-and-conquer-matrix-multiplication-algori
/questions/41909910/combining-parallel-quicksort-and-parallel-merge-sort-using-threading-building-bl
/questions/33549323/what-is-the-quickest-method-of-matrix-multiplication
/questions/48022563/why-does-the-following-code-crash-when-i-input-a-12-digit-number
/questions/22123020/rectangular-matrix-complexity
/questions/32714114/dominant-value-in-image-array
/questions/6883152/parallel-convex-hull-algorithm-in-gpu
/questions/10592950/tree-for-fast-fourier-transform-polynomial-evaluation
/questions/54559536/efficient-algorithms-ordering-5-out-of-7-card-poker-non-straight-non-flush
/questions/72689691/how-to-solve-tn-atn-4-n2-log-n-n2
/questions/58443473/algorithm-for-winner-trains
/questions/54905070/how-to-check-if-binary-tree-is-bst-in-onlgn
/questions/29411820/searching-for-pointer-i-where-ai-i
/questions/42475395/finding-the-local-maxima-in-a-2d-array-of-nxn
/questions/42475395/finding-the-local-maxima-in-a-2d-array-of-nxn
/questions/43802065/how-to-make-threadsafe-an-asynchronous-matrix-multiplication-with-c11
/questions/28392912/need-helping-returning-indices-max-sequence-algorithm
/questions/76486793/problem-understanding-polynomial-multiplication-pseudocode
/questions/26374069/python-gives-int-is-not-iterable-error-even-though-the-code-looks-clean
/questions/29629990/minimum-maximum-recursive-algorithm-with-a-non-even-partition-complexity
/questions/21679587/finding-the-average-of-large-list-of-numbers
/questions/11145522/smallest-element-in-a-binary-heap
/questions/56313529/find-the-minimum-of-a-sorted-and-shifted-array-with-better-than-on-time-comple
/questions/50553976/whats-the-best-way-to-modify-a-bitwise-karatsuba-algorithm-to-work-with-negativ
/questions/75049479/on-solution-for-a-one-dimensional-closest-pair-problem
/questions/52435437/algorithm-for-searching-dictionary-in-both-direction-in-olog-n-speed-on
/questions/5792337/java-beats-c-on-recursive-algorithm-speed-comparison-on-my-simple-test
/questions/17427850/multipling-two-polynomials-not-exactly-fft
/questions/21896857/whats-a-clean-way-to-switch-from-parallel-to-sequential-evaluation
/questions/10165666/parallel-delaunay-triangulation
/questions/65974365/select-the-most-appropriate-technique-and-describe-the-solution-for-calculating
/questions/27389263/determine-whether-rows-in-2d-array-are-unique
/questions/17437258/confirmation-of-my-counting-inversion-experiment
/questions/19831719/recursive-unsorted-array-search-algorithm-in-c
/questions/68335621/master-theorem-solution-for-the-case-d-log-ba
/questions/63840528/is-the-following-divide-and-conquer-recursive-algorithm-for-the-exponentiation-m
/questions/41234306/to-merge-k-sorted-lists-is-it-bad-to-merge-all-the-lists-and-then-sort-at-the-e
/questions/15596363/why-mergesort-is-not-dynamic-programming
/questions/71042143/time-complexity-of-an
/questions/36241708/how-can-i-get-an-input-in-specific-function-and-then-use-it-in-another-function
/questions/64047909/what-is-the-bit-cost-time-complexity-of-this-algorithm-java-example
/questions/5762289/what-is-the-implication-of-recursive-calls-modeling-a-perfect-binary-tree
/questions/64047909/what-is-the-bit-cost-time-complexity-of-this-algorithm-java-example
/questions/57625320/the-randomized-algorithm-parody
/questions/66061300/max-product-in-array-of-2-elements
/questions/60252147/majority-element-using-divideconquer
/questions/47316152/how-to-find-the-longest-set-of-consecutive-increasing-ascending-elements-in-ar
/questions/70587024/binary-search-on-sorted-list-with-duplicates
/questions/45266713/how-to-write-pseudocode-which-returns-majority-element-in-array
/questions/52919380/searching-for-time-complexity-of-my-recursive-algorithm
/questions/59797416/java-simple-recursive-algorithm-make-it-parallel
/questions/67023461/find-the-number-of-intersections-of-n-line-segments-with-endpoints-on-two-parall
