/questions/5557810/duality-approaches-in-functional-programming
/questions/58031264/principle-of-duality
/questions/59757958/rigorous-formalization-of-the-data-computation-duality
/questions/57742296/find-the-longest-string-duality
/questions/46987485/related-to-principle-of-duality-boolean-algebra
/questions/25965425/applying-the-dual-duality-principle-to-boolean-expressions
/questions/20131767/duality-to-find-maximum-number-of-collinear-points-in-given-plane
/questions/62600153/details-of-duality-of-streams-and-tables-in-kafka-streams
/questions/41722970/meaning-of-strong-duality-between-max-flow-and-min-cut
/questions/64717429/lisp-code-data-duality-lambda-expressions-are-constants
/questions/47380259/strong-duality-constraint-using-pyomo-library-in-python
/questions/6123247/integer-and-int-duality
/questions/44130824/c-duality-expression
/questions/19086712/duality-of-max-flow-and-min-cut-when-infinite-capacity-exists
/questions/18108512/r-wordcloud-external-ttf-vfont-not-recognized
/questions/75135801/clarification-around-duality-of-service-accounts
/questions/24691578/how-to-find-a-nearest-point-to-a-given-query-line-from-a-set-of-points-in-olog
/questions/62155080/svm-duality-set-of-hyperparameters-not-supported
/questions/56399620/integer-constant-callable-duality-of-variable-in-r
/questions/10531711/how-to-call-method-from-separate-package-android
/questions/4221923/quantum-duality-variable-is-null-and-undefined-at-the-same-time
/questions/76416207/duality-of-vector-numpy-array-operation-between-c-and-python
/questions/3352942/what-mathematical-duals-are-there-in-oo-programming
/questions/30641500/are-there-contravariant-monads
/questions/54392387/why-variable-profile-id-is-displaying-duality-in-controller-and-view-template-in
/questions/43796115/mysql-select-into-outfile-file-already-exists-and-file-does-not-exist-dualit
/questions/34692498/max-min-in-linear-programming
/questions/45268872/avoiding-circular-includes-with-shared-ptrs
/questions/49068329/why-does-property-find-not-exist-on-my-array-using-ts-check-on-javascript
/questions/35835335/why-does-support-vectors-in-svm-have-alpha-lagrangian-multiplier-greater-than
/questions/58428030/is-there-a-protocol-buffer-compiler-that-outputs-pure-typescript-files
/questions/11747861/what-are-the-similarities-differences-between-control-observable-and-control-e
/questions/24535034/getting-a-dual-of-a-boolean-expression
/questions/34508516/why-uiviewcontroller-and-uiview-subclass-uiresponder
/questions/14486065/time-of-arrival-estimation-of-a-signal-in-matlab
/questions/38029434/optimal-solution-for-linear-program-given-that-both-primal-slack-forms-are-feasi
/questions/49013630/swagger-parameters-in-query-and-or-body
/questions/15367574/can-we-think-of-immutable-lists-as-a-dual-to-trees
/questions/24181907/double-parameters-in-youtube-embedding
/questions/68024982/how-to-set-a-button-if-clicked-ignore-the-mouseout-on-vanilla-js
/questions/7734864/printing-command-line-arguments-char-by-char-in-c
/questions/69187910/pressurized-vessel-in-modelica
/questions/64957115/how-do-i-add-kkt-conditions-dual-feasibility-constraints-into-the-primal-model
/questions/66067402/npm-is-package-lock-json-redundant-if-package-json-only-specifies-exact-version
/questions/42493994/python-how-to-handle-both-int-aswell-as-gmpy-mpz-without-function-overloadin
/questions/41643080/signalr-remote-client
/questions/28250862/xml-json-web-api-automatic-mapping-from-pojos
/questions/10957359/minimal-rectangle-containing-all-intersections-of-lines
/questions/67518556/optuna-convergencewarning-on-lasso-hyperparameter-tuning-study
/questions/46805194/debugging-a-vstemplate-wizard
/questions/27152629/deflate-length-of-258-double-encoding
/questions/22980559/variance-of-function-types-wrt-interfaces
/questions/34883405/what-is-the-difference-between-nullable-nullable
/questions/51816692/how-do-i-create-a-table-wth-both-plain-and-robust-standard-errors
/questions/70994331/gurobi-objective-value-of-primal-not-equal-to-dual-transportation-problem
/questions/58126853/lua-how-to-block-the-io-library-by-blacklisting-strings-and-a-sandbox-dilemma
/questions/56254551/double-opposite-histogram-in-ggplot
/questions/3493157/simplest-git-workflow-for-commits-signing
/questions/33123459/python-tuple-with-mutable-items
/questions/17975868/on-linux-can-i-get-keys-to-behave-differently-if-tapped
/questions/15017968/how-to-grab-rows-which-contain-a-dual-id-reference
/questions/33661511/reactjs-key-undefined-when-accessed-as-a-prop
/questions/1678710/boost-mincut-from-maxflow
/questions/76476023/when-using-universal-links-the-continue-calls-are-now-only-called-in-the-scen
/questions/24072934/haskell-how-lazy-is-the-lazy-control-monad-st-lazy-monad
/questions/11840178/why-classes-implicitly-derive-from-only-the-object-class
/questions/71290815/why-does-node-often-us-a-different-module-system-from-browsers
/questions/31780677/efficient-pairrdd-operations-on-dataframe-with-spark-sql-group-by
/questions/76489881/lassocv-results-depend-on-the-number-of-inputvariables
/questions/12030199/what-are-the-names-used-in-computer-science-for-some-of-the-following-tree-data
/questions/49804345/git-on-windows-merging-2-directories-with-the-same-name-but-different-case
/questions/20731828/objectivec-test-if-int-is-long-or-not-cgfloat-is-float-or-double
/questions/14268585/get-ext-js-association-inheritance-and-store-to-work
/questions/28673009/jquery-difference-for-slider-on-chrome-firefox-and-ie
/questions/60623801/getting-the-number-of-branch-and-bound-nodes-explored-cplex
/questions/47715064/bounding-box-of-the-line-arrangement-in-on-log-n-time
/questions/63918893/yet-another-importerror-no-module-named-my-module
/questions/47788952/merge-tables-and-extract-names
/questions/26327176/is-there-ever-a-valid-reason-to-use-c-style-arrays-in-c
/questions/76308960/how-to-clip-some-polygons-to-the-boundary-of-another-polygon
/questions/40011756/sort-by-a-key-but-value-has-more-than-one-element-using-scala
/questions/35559652/random-effects-modeling-using-mgcv-and-using-lmer-basically-identical-fits-but
/questions/74772078/jackson-handling-xml-arrays-with-dynamic-fields-using-the-hashmap-approach
/questions/46582546/what-is-the-real-use-of-savedmodelbuilder-add-meta-graph-in-tensorflow
/questions/29184074/run-opentk-dependent-exe-on-teamcity-throws-accessviolationexception
/questions/28257689/constructing-the-3d-voronoi-diagram-from-a-3d-delaunay-tessallation
/questions/75035824/in-scala3-if-generic-type-arguments-is-mapped-to-dependent-type-how-are-cova
/questions/8967103/kripke-semantics-learning-software-available
/questions/63113018/getting-warning-convergencewarning-objective-did-not-converge-you-might-want
/questions/47454402/array-from-function-to-another-with-dynamic-allocating-c
/questions/64398691/using-regex-modification-only-in-a-selected-part-of-a-text
/questions/75428209/when-does-method-invoke-retrieve-the-vtable-method-pointer-in-java
/questions/9142050/what-is-the-python-best-practice-concerning-dicts-vs-objects-for-simple-key-valu
/questions/21590562/typeclass-for-repetitive-actions-until-fixed-point
/questions/7328295/how-to-protect-widgets-from-forged-requests
/questions/20725365/in-a-string-how-can-i-separate-store-the-characters-and-integers
/questions/54351197/modal-from-modal-not-scrolling-in-bootstrap-3-page-modal-height-must-be-dynamic
/questions/41025939/where-does-the-return-value-go-for-a-foreach-callback
/questions/17673393/split-graph-into-two-parts-according-to-min-cut-between-s-and-t-vertices
/questions/75744253/auto-increment-by-group-mariadb
/questions/7249905/pressing-enter-inside-cdf-player-inputfield-duplicates-line-how-to-change-behav
/questions/39928979/using-json-net-to-deserialize-multiple-types-of-objects-into-one-list
/questions/44413909/vnode-and-file-descriptor-in-xnu-where-does-the-file-operation-vector-is-stored
/questions/70714517/vba-match-method-for-strings-unexpected-result
/questions/31643537/matlab-cell-array-of-structs-very-slow-compared-to-individual-cell-arrays-for-ea
/questions/28068234/maintaining-stagingprod-environments-from-single-repo-2-remotes-with-revel-bui
/questions/76231869/duplicated-link-table-between-user-and-role-using-identity
/questions/43174376/undirected-graph-simple-cycles-and-3d-shapes
/questions/43174376/undirected-graph-simple-cycles-and-3d-shapes
/questions/71545006/how-to-manage-sharded-microcervice-local-storage
/questions/30546552/how-to-resolve-abstractmethoderror-from-lambdametafactory
/questions/16588321/java-7-zipfs-file-is-also-a-folder
/questions/64877339/vectors-gather-scatter-and-sparse-arrays
/questions/12608593/timezone-independent-date-time
/questions/7071916/how-to-get-href-element-with-selector
/questions/69649277/lasso-regression-model-has-convergence-warnings-with-gridsearchcv
/questions/6177629/how-to-silence-the-output-from-this-r-package
/questions/4532406/generating-all-possible-3-connected-graphs
/questions/4094309/splitting-coordinates-into-3-subspaces-to-resolve-unboundedness
/questions/4094309/splitting-coordinates-into-3-subspaces-to-resolve-unboundedness
/questions/69237048/what-is-the-non-synchronized-equivalent-to-a-protected-type-in-ada
/questions/26169022/how-to-test-angular-cachefactory
/questions/9979981/tomcat-not-seeing-new-files
/questions/75249496/convergence-warning-how-to-do-action-after-it
/questions/48428972/customizing-msbuild-for-net-core-with-something-like-custombeforemicrosoftcommo
/questions/1083739/windows-api-vs-unix-shell-equiv-or-when-is-a-programming-language-a-la
/questions/30790942/cannot-compile-z3-library-in-visual-studio-2008
/questions/58365977/usefulness-point-of-function-symbol-name
/questions/51827034/adb-shell-are-these-two-shells-chained
/questions/37442541/name-assignment-and-reuse-in-python-namespace
/questions/45439806/cannot-use-custom-cursor
/questions/11227938/capturing-popups-alerts-and-exceptions-from-excel-with-vb-2010
/questions/14390624/which-is-a-more-efficient-hash-implementation-in-python-objects-hashing-sel
/questions/56796990/add-an-enter-to-string-every-22-characters-waiting-until-a-space
/questions/58681240/share-functions-between-two-files
/questions/38978311/dual-knapsack-algorithm
/questions/52895417/i-seem-to-have-two-different-vim-environments-what-is-causing-this
/questions/3921174/graph-theory-questions-from-my-algorithms-quiz-today-that-id-like-help-understa
/questions/64354019/how-to-get-command-line-application-output-to-a-variable-in-background-in-powers
/questions/23555957/what-could-be-the-equivalent-of-a-php-array-in-coldfusion
/questions/19499281/how-can-i-toggle-my-vs-2008-solutions-target-platform-between-windows-ce-and-wi
/questions/58427659/lasso-not-converging-elasticnet-uses-all-coefficients
/questions/23290431/ld-linking-error-while-compiling-z3
/questions/71443095/how-to-project-a-chessboard-in-camera-coordinates-to-real-world-coordinates-in-o
/questions/24276216/defining-python-operators-a-list
/questions/46895249/viewstart-cshtml-does-not-inherit-system-web-webpages-startpage-in-web-api-2-0
/questions/31548126/defining-array-of-values-in-collection-in-meteor
/questions/23121484/a-simple-compiler-between-two-asts-exposing-identical-language-types-and-operati
/questions/65471554/how-do-i-solve-make-none-command-not-found-issue
/questions/66733525/uncomplete-installation-of-the-rasa-package-with-the-issue-filenotfounderror
/questions/43744836/angular-2-mvw-mvc-mva-mvp-mvvm
/questions/76497382/how-to-pass-deterministic-variables-to-metropolis-pymc
/questions/45143672/how-to-parse-gml-in-c-sharp-or-javascript-for-use-with-unity
/questions/31706135/meteor-application-crashing-when-calling-method
/questions/4889715/logical-question
/questions/61151503/jquery-toggle-path-navigation
/questions/35212695/why-wont-the-arrows-and-close-button-show-up-for-my-lightbox-images
/questions/4643069/cannot-pull-correct-data-from-a-javascript-array-into-an-html-form
/questions/35322619/whats-the-best-way-to-display-image-thumbnails-in-one-large-block
/questions/61166207/jquery-toggleable-path-like-navigation-with-decorations
/questions/75979486/how-to-produce-and-consume-multiple-aars-from-one-android-library-gradle-sub
/questions/24815857/generating-and-displaying-random-platforms-in-pygame
