/questions/572897/how-does-javascript-prototype-work
/questions/6184869/what-is-the-difference-between-memoization-and-dynamic-programming
/questions/1065433/what-is-dynamic-programming
/questions/2631726/how-to-determine-the-longest-increasing-subsequence-using-dynamic-programming
/questions/13538459/difference-between-divide-and-conquer-algo-and-dynamic-programming
/questions/1540848/a-simple-example-for-someone-who-wants-to-understand-dynamic-programming
/questions/12133754/whats-the-difference-between-recursion-memoization-dynamic-programming
/questions/3592943/difference-between-back-tracking-and-dynamic-programming
/questions/20563433/difference-between-static-and-dynamic-programming-languages
/questions/16690249/what-is-the-difference-between-dynamic-programming-and-greedy-approach
/questions/41355/dynamic-programming-with-wcf
/questions/26989075/approaching-dynamic-programming
/questions/24140623/is-dijkstras-algorithm-dynamic-programming
/questions/15596363/why-mergesort-is-not-dynamic-programming
/questions/4913105/what-qualifies-a-programming-language-as-dynamic
/questions/20157748/dynamic-programming
/questions/4278188/good-examples-articles-books-for-understanding-dynamic-programming
/questions/18145179/dynamic-programming-with-sets
/questions/9491097/how-is-dynamic-programming-different-than-normal-programming
/questions/22918242/is-dynamic-programming-backtracking-with-cache
/questions/1726632/dynamic-programming-largest-square-block
/questions/30174943/iterative-solution-as-dynamic-programming
/questions/34279196/dynamic-programming-and-functional-programming
/questions/37873654/fibonacci-series-using-dynamic-programming
/questions/37873654/fibonacci-series-using-dynamic-programming
/questions/34055512/dynamic-programming-fibonacci
/questions/1993390/static-linking-vs-dynamic-linking
/questions/18528480/lookup-table-and-dynamic-programming
/questions/19149974/can-recursion-be-dynamic-programming
/questions/20780499/dynamic-programming-and-backtack-search
/questions/20388453/global-minima-and-dynamic-programming
/questions/10464963/dynamic-programming-sum
/questions/38988582/q-learning-vs-dynamic-programming
/questions/8953331/limitations-of-dynamic-programming-algorithm
/questions/59399237/general-question-about-dynamic-programming
/questions/7631180/dynamic-programming-algorithm-during-an-interview
/questions/15864424/dynamic-programming-methodology
/questions/60046286/dynamic-programming-without-using-the-recursion
/questions/33565161/dynamic-programming-concept
/questions/38361157/recursion-and-dynamic-programming
/questions/1111938/parallel-dynamic-programming
/questions/2633848/dynamic-programming-coin-change-decision
/questions/33554845/dynamic-programming-true-or-false
/questions/1493530/dynamic-programming-problems
/questions/50974371/efficient-dynamic-programming-using-python
/questions/53478294/steps-involved-in-dynamic-programming-algorithm-development
/questions/35921426/dynamic-programming-rodcutting
/questions/14266656/dynamic-programming-optimizaton-convex-hull
/questions/23335783/dynamic-programming-and-the-0-1-knapsack
/questions/34288651/c-dynamic-programming-with-caching
/questions/9862178/problems-with-dynamic-programming
/questions/15261263/dynamic-programming-in-haskell
/questions/14921294/memoization-of-dynamic-programming
/questions/73532240/dynamic-programming-in-c-sharp
/questions/28034932/is-this-solution-classified-as-dynamic-programming
/questions/14192742/dynamic-programming-with-broken-profile
/questions/2851771/stereo-matching-dynamic-programming
/questions/14706805/dynamic-programming-in-functional-languages
/questions/14155032/dynamic-programming-in-repa
/questions/29103825/dynamic-programming-minimizing-cost
/questions/2724903/speeding-up-a-function-with-dynamic-programming
/questions/54230584/dynamic-programming-with-double-recursion
/questions/14038011/dijkstras-algorithm-a-greedy-or-dynamic-programming-algorithm
/questions/17975682/difference-between-dynamic-programming-and-divide-and-conquer
/questions/40053456/dynamic-programming-to-divide-and-conquer
/questions/63170798/difference-between-dynamic-programming-and-recursion
/questions/9861034/parallel-dynamic-programming-travel-salesman
/questions/63893865/dynamic-programming-example-and-issue
/questions/38464887/dynamic-programming-matrix-chain-multiplication
/questions/56541016/conversion-to-dynamic-programming-alg
/questions/37812427/dynamic-programming-matrix-exercise
/questions/69152714/matrix-exponentiation-for-2d-array-dynamic-programming
/questions/8082128/dynamic-programming-algorithm
/questions/30691242/helping-to-solve-program-knapsack-the-dynamic-programming-method
/questions/15488201/recursive-programming-calls-versus-dynamic-programming-calls
/questions/2255627/formulation-of-general-dynamic-programming-problem
/questions/27653672/tsp-using-dynamic-programming
/questions/39062202/adding-memoization-dynamic-programming
/questions/7985632/dynamic-programming-in-f
/questions/19458808/dynamic-programming-algorithm
/questions/13188129/dynamic-programming-in-lazy-racket
/questions/10412563/dynamic-programming-in-power-sets
/questions/6162465/divide-and-conquer-dynamic-programming-and-greedy-algorithms
/questions/48041983/subset-sum-overlapping-subproblems-dynamic-programming
/questions/68258729/is-prefix-sum-included-in-dynamic-programming
/questions/62200415/solving-fractional-knapsack-problem-with-dynamic-programming
/questions/29337030/time-of-dynamic-programming-algorithms
/questions/42332009/dynamic-programming-from-cormens-book
/questions/24325489/dynamic-programming-graph-algorithm
/questions/47541929/knapsack-using-dynamic-programming
/questions/25146379/application-of-dynamic-programming
/questions/71176657/why-lcis-should-be-solved-with-dynamic-programming-design
/questions/18200593/implementing-text-justification-with-dynamic-programming
/questions/2692135/dynamic-programming-algorithm
/questions/12042356/memoization-or-tabulation-approach-for-dynamic-programming
/questions/70576271/relationship-between-automata-theory-and-dynamic-programming
/questions/31422088/can-i-say-that-this-is-dynamic-programming
/questions/13713572/how-is-dynamic-programming-different-from-greedy-algorithms
/questions/25322806/tsp-using-dynamic-programming
/questions/25322806/tsp-using-dynamic-programming
/questions/31024503/pow-function-calculation-by-dynamic-programming
/questions/33585107/sequence-alignment-with-dynamic-programming
/questions/16459346/dynamic-programming-or-backtracking
/questions/53543302/maximum-area-histogram-dynamic-programming-c
/questions/71914316/lcs-using-dynamic-programming
/questions/50378918/is-this-dynamic-programming-or-divide-and-conquer
/questions/47836616/calculating-binomial-coefficients-using-dynamic-programming
/questions/2763846/dot-game-and-dynamic-programming
/questions/26435081/why-is-insertion-sort-not-dynamic-programming
/questions/7055891/8-queen-problem-using-dynamic-programming
/questions/53740511/dynamic-programming-recursionmemoization-vs-looplist
/questions/3949422/which-letter-of-the-english-alphabet-takes-up-most-pixels
/questions/32131261/pyramids-dynamic-programming
/questions/7824809/can-bottom-up-dynamic-programming-be-done-in-lisp
/questions/27932017/nth-fibonacci-number-using-using-dynamic-programming
/questions/7824809/can-bottom-up-dynamic-programming-be-done-in-lisp
/questions/48203195/fibonacci-series-in-dynamic-programming-in-python
/questions/38258855/dynamic-programming-for-minimum-path-sum
/questions/37847709/dynamic-programming-algorithm
/questions/61113415/is-memoization-considered-dynamic-programming
/questions/52961356/dynamic-programming-fibonacci-swift
/questions/11218159/dynamic-programming-subset-algorithm
/questions/33563230/optimal-substructure-in-dynamic-programing
/questions/30879212/interpolation-using-dynamic-programming
/questions/19981080/algorithms-dynamic-programming
/questions/48099239/dynamic-programming-with-scala
/questions/52171804/implementing-fibonacci-using-dynamic-programming-in-python
/questions/41450181/memoization-in-dynamic-programming
/questions/57690524/dynamic-programming-python-implementation-problem
/questions/8981980/dynamic-programming-and-divide-and-conquer
/questions/12751554/recursive-solution-to-dynamic-programming
/questions/29827541/minimize-function-using-dynamic-programming
/questions/12649970/are-tail-recursion-and-dynamic-programming-the-same
/questions/57690524/dynamic-programming-python-implementation-problem
/questions/46897633/dynamic-programming-of-a-knapsack-with-additional-constraints
/questions/72561057/dynamic-programming-efficient-network
/questions/39798956/haskell-performance-using-dynamic-programming
/questions/50541134/min-cost-with-dynamic-programming-in-java
/questions/6849569/dynamic-programming-spoj-problem-scubadiv
/questions/12675074/confusion-related-to-dynamic-programming
/questions/47058809/example-of-non-euclidean-tabulation-in-dynamic-programming
/questions/62215816/explanation-of-the-dynamic-programming-subproblem-for-house-robber-problem
/questions/34926329/is-it-possible-to-convert-all-backtracking-algorithms-in-to-dynamic-programming
/questions/64710524/longest-path-in-a-tree-using-dynamic-programming
/questions/20570871/can-every-iterative-algorithm-be-turned-into-dynamic-programming
/questions/55195748/dynamic-programming-algorithm-involving-combinations
/questions/62215816/explanation-of-the-dynamic-programming-subproblem-for-house-robber-problem
/questions/62708365/dynamic-programming-in-aerospace-engineering-problems
/questions/13099766/counting-heads-dynamic-programming
/questions/15390832/dynamic-programming-and-the-use-of-matrices
/questions/22689426/whats-the-difference-between-object-oriented-and-dynamic-programming
/questions/47046958/change-money-with-python-dynamic-programming
/questions/47376538/dynamic-programming-simple-example-at-c
/questions/13535415/maximization-using-dynamic-programming
/questions/42241134/dynamic-programming-job-selection
/questions/42112658/cutting-a-rod-dynamic-programming
/questions/58029253/dynamic-programming-algorithm-for-assigning-tasks
/questions/47196985/why-dynamic-programming-for-0-1-knapsack
/questions/53829542/running-time-dynamic-programming-algorithm
/questions/57519348/is-java-a-dynamic-programming-language
/questions/27401462/dynamic-programming-balanced-partition
/questions/3659212/dynamic-programming-with-data-vector
/questions/33584870/dynamic-programming-maximum-sequence
/questions/59125049/i-dont-know-it-is-dynamic-programming
/questions/49835957/scala-lazy-dynamic-programming
/questions/7772321/does-the-link-state-algorithm-use-dynamic-programming
/questions/11431553/2d-dynamic-programming-in-f
/questions/66919743/pytorch-dynamic-programming-as-tensor-operation
/questions/1721391/algorithm-and-data-structure-learning-resources-for-dynamic-programming
/questions/28476786/dynamic-programming-solution-for-2d-subset-sum
/questions/16585741/dynamic-programming-memoization-in-haskell
/questions/53807452/how-to-make-correct-function-in-dynamic-programming
/questions/57751310/building-maximum-subarray-dynamic-programming-solution-from-recursive-solution
/questions/65562927/longest-palindromic-subsequence-dynamic-programming
/questions/32663033/arrayindexoutofbounds-in-binomial-cofficient-dynamic-programming
/questions/1387725/what-is-the-dynamic-programming-algorithm-for-finding-a-hamiltonian-cycle-in-a-g
/questions/12880939/dynamic-programming-with-string-keys-in-haskell
/questions/4235905/solutions-to-problems-using-dynamic-programming-or-greedy-methods
/questions/16040409/coin-change-bottom-up-dynamic-programming
/questions/54244661/memoizing-finite-horizon-dynamic-programming
/questions/39116686/minimum-size-vertex-cover-of-tree-dynamic-programming-formulation
/questions/30580480/what-can-be-a-newbie-explanation-for-a-dynamic-programming
/questions/6164629/what-is-the-difference-between-bottom-up-and-top-down
/questions/8187421/what-is-dynamic-programming-in-solving-technique
/questions/22758328/map-and-dynamic-programming-updating
/questions/4638265/dynamic-programming-resources-in-c
/questions/36683807/rewrite-resurrence-function-to-the-idea-of-dynamic-programming
/questions/14286150/matrix-multiplication-using-dynamic-programming
/questions/17578079/dynamic-programming-finding-maximum-profit
/questions/17578079/dynamic-programming-finding-maximum-profit
/questions/31503954/coin-change-dynamic-programming-revisited
/questions/36348662/discrete-knapsack-dynamic-programming-python3
/questions/58638309/index-out-of-range-in-fibonacci-using-dynamic-programming
/questions/29025520/generating-first-n-prime-numbers-using-dynamic-programming
/questions/65914351/dynamic-programming-evaluating-grid-size
/questions/15104057/dynamic-programming-chessboard
/questions/28294027/dynamic-array-in-c-for-dynamic-programming
/questions/70744909/recursive-function-to-dynamic-programming
/questions/49615160/how-could-you-convert-the-following-recursion-with-dynamic-programming
/questions/23557648/coin-change-dynamic-programming
/questions/52691461/bottom-up-dynamic-programming
/questions/54993450/coin-change-dynamic-programming-question-top-down-memoization-approach
/questions/62721586/dynamic-programming-technique-for-solving-problems
/questions/48853537/debug-coin-change-dynamic-programming
/questions/48853537/debug-coin-change-dynamic-programming
/questions/25705488/knapsack-dynamic-programming-inputs
/questions/54456109/typescript-typings-in-dynamic-programming
/questions/61869112/travelling-salesman-problem-in-dynamic-programming
/questions/4176177/dynamic-programming-question
/questions/45511334/dynamic-programming-process
/questions/39733265/maximum-contiguous-subsequence-dynamic-programming-or-greedy-algorithm
/questions/31025760/dynamic-programming-and-dijkstra
/questions/35492530/more-on-dynamic-programming
/questions/32403244/coin-change-algorithm-with-dynamic-programming
/questions/65859723/space-complexity-comparison-between-recursion-and-dynamic-programming-which-is
/questions/14052625/algorithm-without-dynamic-programming-less-efficient-solution
/questions/6493120/dynamic-programming-problem-array-partitioning
/questions/72185749/longest-common-subsequence-using-dynamic-programming
/questions/10091743/dynamic-programming-coin-change
/questions/27696703/dynamic-programming-solving-an-algorithm
/questions/6914969/dynamic-programming-find-longest-subsequence-that-is-zig-zag
/questions/10091743/dynamic-programming-coin-change
/questions/47258423/dynamic-programming-solution-for-tsp-in-c
/questions/40461097/dynamic-programming-maximize-matrix-chain-multiplication
/questions/68521450/ways-to-memoize-in-c-dynamic-programming
/questions/44551138/compile-error-non-constant-array-bound-dynamic-programming
/questions/24234442/time-complexity-for-knapsack-dynamic-programming-solution
/questions/55891805/find-all-subset-sum-using-dynamic-programming
/questions/30141513/trouble-with-solving-knapsack-issue-via-dynamic-programming-in-c
/questions/60594643/dynamic-programming-on-intervals
/questions/15173162/why-is-this-dynamic-programming-code-incorrect
/questions/43599159/dynamic-programming-with-memoization-taking-longer-than-brute-force-approach
/questions/29480894/dynamic-programming-exercise
/questions/13751572/dynamic-programming-optimal-coin-change
/questions/13751572/dynamic-programming-optimal-coin-change
/questions/52122727/solve-dynamic-programming-in-prolog-via-corecursion
/questions/56458950/how-to-define-subproblem-in-dynamic-programming
/questions/50199347/dynamic-programming-solution-for-a-variant-of-coin-exchange
/questions/38482494/stuck-on-dynamic-programming
/questions/42741708/dynamic-programming-solitare-board-game
/questions/40482819/dynamic-programming-for-coin-change
/questions/61444944/what-are-cache-misses-in-dynamic-programming-and-how-can-i-avoid-them
/questions/11422087/dynamic-programming-recursive-formula
/questions/52462648/can-i-combine-pysp-and-pyomo-dae-to-do-stochastic-dynamic-programming
/questions/8994778/dynamic-programming-approximation
/questions/25234796/whats-time-complexity-of-this-algorithm-for-breaking-words-dynamic-programmin
/questions/15794543/dynamic-programming-minimizing-whitespace
/questions/40880341/computing-fibonacci-numbers-with-dynamic-programming-python
/questions/75423689/idea-of-dynamic-programming-solution
/questions/15744887/sql-command-or-dynamic-programming
/questions/37561909/does-there-exist-a-top-down-dynamic-programming-solution-for-longest-increasing
/questions/30139043/continous-max-sum-in-array-dynamic-programming
/questions/53889182/what-is-the-link-between-table-in-knapsack-problem-and-dynamic-programming
/questions/2272963/dynamic-programming-pseudocode-for-travelling-salesman
/questions/16320310/dynamic-programming-mpilot
/questions/53152352/python-dynamic-programming-question-of-coin-change
/questions/24275296/understanding-the-flow-of-a-simple-dynamic-programming
/questions/44586459/dynamic-programming-with-memoization
/questions/238296/when-have-you-used-dynamic-programming-in-the-field
/questions/7945561/beginning-dynamic-programming-greedy-coin-change-help
/questions/13600448/matrix-chain-multiplication-dynamic-programming-recurrance-relation
/questions/41583568/different-result-from-recursive-and-dynamic-programming
/questions/43174088/dynamic-programming-stack-of-plates
/questions/36180200/the-overlapping-sub-problems-in-bitmask-dynamic-programming
/questions/41583568/different-result-from-recursive-and-dynamic-programming
/questions/36180200/the-overlapping-sub-problems-in-bitmask-dynamic-programming
/questions/393786/refactor-with-some-dynamic-programming
/questions/59478272/why-is-longest-palindromic-substring-a-dynamic-programming-question
/questions/8561151/get-all-subsets-of-string-through-dynamic-programming-programming-contest-inte
/questions/28761508/dynamic-programming-finding-largest-triangle
/questions/31923329/dynamic-programming-algorithm-wrong
/questions/8954862/writing-recursive-algorithm-with-dynamic-programming
/questions/52936068/dynamic-programming-nth-string
/questions/5194424/a-dynamic-programming-problem
/questions/5133050/dynamic-programming-approach-to-calculating-stirlings-number
/questions/11276720/spoj-dynamic-programming-with-biginteger-setnja
/questions/18951721/pebbling-a-checkerboard-with-dynamic-programming
/questions/52757900/dynamic-programming-do-i-have-overlapping-sub-problems
/questions/36930086/dynamic-programming-for-primitive-calculator
/questions/9106204/dynamic-programming-whats-the-asymptotic-runtime
/questions/54546801/swift-dynamic-programming-without-using-inout-for-the-cache
/questions/42603460/rod-cutting-by-dynamic-programming
/questions/61967195/segmentation-fault-in-dynamic-programming-problem
/questions/18951721/pebbling-a-checkerboard-with-dynamic-programming
/questions/36724711/dynamic-programming-algorithm-for-longest-common-subsequence-in-java
/questions/52757900/dynamic-programming-do-i-have-overlapping-sub-problems
/questions/23033392/neo4j-dynamic-programming-query
/questions/28138779/subset-sum-dynamic-programming-overlapping-subproblems
/questions/10388938/dynamic-programming
/questions/49846759/dynamic-programming-for-a-complete-binary-tree
/questions/64132558/how-much-different-is-dynamic-programming-from-recursion
/questions/65281406/int-vs-arraylist-in-memoization-dynamic-programming-in-java
/questions/33448140/coin-change-dynamic-programming
/questions/37509395/dynamic-programming-box-stacking-variation
/questions/48600127/dynamic-programming-for-the-number-of-ways-of-climbing-steps
/questions/29219203/dynamic-programming-optimal-solution
/questions/17205016/when-to-switch-from-dynamic-programming-2d-table-to-branch-bound-algorithm
/questions/22104785/how-to-draw-dynamic-programming-table-in-python
/questions/48688648/dynamic-programming-algorithm-mincost-buying-apples
/questions/49941251/finding-longest-sequence-according-to-requirements-dynamic-programming
/questions/32919255/can-every-recursive-algorithm-be-improved-with-dynamic-programming
/questions/34261003/algorithms-dynamic-programming-subset-sum-of-two-arrays
/questions/31220850/dynamic-programming-longest-common-substring-explanation
/questions/36223690/time-complexity-of-text-justification-with-dynamic-programming
/questions/17779299/java-programming-dynamic-programming-on-stairs-example
/questions/36060673/lcs-dynamic-programming-using-one-dimensional-array
/questions/62927013/application-of-dynamic-programming-in-real-world-programming
/questions/24961022/are-the-fibonacci-series-a-dynamic-programming-problem
/questions/69996681/dynamic-programming-translating-js-to-elixir
/questions/39519727/dynamic-programming-with-extremely-large-inputs
/questions/58514719/runtime-of-dynamic-programming-solution-from-previous-post-balls-into-bins
/questions/48786234/control-of-the-combinatorial-aspects-of-a-dynamic-programming-solution
/questions/8507636/dynamic-programming-basic-algorithm
/questions/13308979/dynamic-programming-word-segmentation
/questions/41153718/binomial-coefficients-using-dynamic-programming-and-one-dimensional-array
/questions/52897358/dynamic-programming-applied-on-a-recursive-algorithm
/questions/27625284/implement-dynamic-programming-in-this-algorithm
/questions/5310756/split-a-string-to-a-string-of-valid-words-using-dynamic-programming
/questions/21224835/how-to-dynamic-programming-with-a-large-input
/questions/38532006/dynamic-programming-problems-using-iteration
/questions/61849445/coin-change-problem-with-dynamic-programming
/questions/62359109/dynamic-programming-problem-minimum-cost-path
/questions/37304338/multi-constrainted-single-machine-scheduling-using-dynamic-programming
/questions/62259626/matrix-sum-top-down-dynamic-programming
/questions/39689328/reducing-memory-usage-for-dynamic-programming-implementation-of-tsp
/questions/5310756/split-a-string-to-a-string-of-valid-words-using-dynamic-programming
/questions/37304338/multi-constrainted-single-machine-scheduling-using-dynamic-programming
/questions/43728734/dynamic-programming-with-recursive-function-in-python
/questions/19620868/lazy-evaluation-container-for-dynamic-programming
/questions/48367039/strings-based-on-dynamic-programming
/questions/32681464/coin-change-using-dynamic-programming
/questions/50476502/scala-dynamic-programming-recursion-using-iterators
/questions/22194219/word-segmentation-using-dynamic-programming
/questions/69331260/more-efficient-dynamic-programming-of-product-sales
/questions/71641069/heap-corruption-on-dynamic-programming-problem
/questions/56399752/javascript-equality-function-using-dynamic-programming
/questions/47521650/dynamic-programming-counting-numbers-in-between
/questions/34021573/how-do-i-use-dynamic-programming-to-solve-knapsack
/questions/37599170/dynamic-programming-mobile
/questions/45268344/solving-dynamic-programming-problems-using-functional-programming
/questions/31771084/dynamic-programming-counting-paths-in-a-subway-system
/questions/74369609/solving-dynamic-programming-for-travelling-salesman-problem-java
/questions/34021573/how-do-i-use-dynamic-programming-to-solve-knapsack
/questions/12769336/how-to-implement-dynamic-programming-in-the-following-recusrion
/questions/28910971/dynamic-programming-coin-change-problems
/questions/45668946/coin-changedynamic-programming
/questions/72578991/count-combinations-in-the-given-string-using-dynamic-programming
/questions/4807447/problem-k-subvector-using-dynamic-programming
/questions/69014245/dynamic-programming-approach-issue
/questions/10980829/goto-continue-in-java-dynamic-programming
/questions/7822243/obtaining-the-actual-steps-of-a-solution-that-has-been-obtained-using-dynamic-pr
/questions/35793854/trouble-understanding-dynamic-programming
/questions/64814351/dynamic-programming-with-memoization-not-working-properly
/questions/65985753/dynamic-programming-number-of-possible-passwords
/questions/35793854/trouble-understanding-dynamic-programming
/questions/27903362/hackerrank-contest-dynamic-programming
/questions/41458292/dynamic-programming-find-shortest-path-through-grid-with-obstacles
/questions/64814351/dynamic-programming-with-memoization-not-working-properly
/questions/26886734/what-is-the-greedy-or-dynamic-programming-approach-of-this
/questions/10926912/can-anyone-explain-me-what-is-wrong-with-my-dynamic-programming-approach-to-proj
/questions/59709468/python-recursion-and-or-dynamic-programming
/questions/16161026/recursive-dynamic-programming-approach-for-the-travelling-salesman
/questions/37561224/dynamic-programming-primitive-calculator-python
/questions/26859510/whats-the-greedy-or-dynamic-programming-approach-for-this
/questions/36183860/dynamic-programming-optimal-break-point
/questions/32583995/subproblem-graph-for-matrix-multiplication-using-dynamic-programming
/questions/70731414/python-dynamic-programming-performance-difference
/questions/69007216/how-does-dynamic-programming-help-in-the-subset-sum-problem-to-reduce-time-compl
/questions/46257659/python-coin-change-dynamic-programming
/questions/64499367/what-are-overlapping-subproblems-in-dynamic-programming-dp
/questions/41361652/object-stacking-dynamic-programming
/questions/34031187/dynamic-programming-solution-for-demerging-of-two-sequences
/questions/50809180/dynamic-programming-number-of-combinations-to-reach-a-given-target
/questions/71645854/can-i-solve-this-problem-with-dynamic-programming
/questions/38790610/common-interface-for-frameworkelement-and-frameworkcontentelement-with-dynamic-p
/questions/72245244/why-cannot-rat-in-a-maze-problem-be-solved-by-dynamic-programming
/questions/71452443/a-problem-that-may-be-dynamic-programming
/questions/59119233/dynamic-programming-algorithm-for-sentence-separation-problem
/questions/61502456/final-product-of-matrix-multiplication-in-dynamic-programming
/questions/66170989/shortest-subset-sum-of-arr-dynamic-programming
/questions/22317649/box-stacking-variation-dynamic-programming
/questions/68331337/length-longest-common-subsequence-without-dynamic-programming
/questions/13273847/dynamic-programming-to-find-minimum-number-of-coins
/questions/12626854/dynamic-programming-and-knapsack-application
/questions/12626854/dynamic-programming-and-knapsack-application
/questions/22317649/box-stacking-variation-dynamic-programming
/questions/68331337/length-longest-common-subsequence-without-dynamic-programming
/questions/52705014/dynamic-programming-number-of-ways-of-partitioning-a-set-of-numbers
/questions/60580691/dynamic-programming-catching-ball
/questions/15565001/ms-dynamics-programming-environment
/questions/39043036/stack-of-boxes-dynamic-programming
/questions/67609993/is-there-a-rule-of-thumb-for-refactoring-code-to-make-use-of-dynamic-programming
/questions/67063039/leetcode-target-sum-of-dynamic-programming
/questions/33594525/implementing-activity-selection-prob-using-dynamic-programming
/questions/67045415/dynamic-programming-bottoms-up-approach-clarification
/questions/15314007/recurrence-relation-for-dynamic-programming-exercise
/questions/10068568/dynamic-programming-exercise-for-string-cutting
/questions/69937980/dynamic-programming-create-a-memo-table-longest-stable-subsequence
/questions/67045415/dynamic-programming-bottoms-up-approach-clarification
/questions/8516232/dynamic-programming-to-minimize-sum-of-squares
/questions/53182358/dynamic-programming-for-string-matching-in-java
/questions/69937980/dynamic-programming-create-a-memo-table-longest-stable-subsequence
/questions/61158891/fibonacci-in-java-using-dynamic-programming-and-recursions
/questions/37253275/need-help-in-understanding-dynamic-programming-approach-for-balanced-0-1-matrix
/questions/28919286/binomial-coefficient-algorithm-using-dynamic-programming-and-a-single-dimensiona
/questions/52399530/dynamic-programming-perfect-sum-with-negative-numbers
/questions/62968272/finding-trinomial-coefficients-using-dynamic-programming
/questions/47049070/how-to-do-scheduling-using-dynamic-programming
/questions/54534089/greedy-approach-vs-dynamic-programming-in-travelling-salesman
/questions/39526348/dynamic-programming-reduction-of-brute-force
/questions/41555687/generate-all-binary-search-trees-from-1-to-n-using-dynamic-programming
/questions/49026527/is-the-sieve-of-eratosthenes-an-example-of-dynamic-programming
/questions/54869292/how-to-design-linear-dynamic-programming-algorithm-for-shortest-path
/questions/70858465/dynamic-programing-tabular-vs-memoization
/questions/379128/how-do-you-program-differently-in-dynamic-languages
/questions/75743196/dynamic-programming-with-variable-dimensions
/questions/56410436/array-of-buckets-with-dynamic-programming-problem
/questions/66238254/unique-paths-dynamic-programming
/questions/33845557/c-cutting-rod-dynamic-programming
/questions/23032526/balance-ordering-parenthesis-via-dynamic-programing
/questions/60477338/complexity-of-recursion-in-nested-loops-in-dynamic-and-non-dynamic-programming
/questions/58360973/understanding-base-case-in-dynamic-programming
/questions/53289790/dynamic-programming-counting-super-numbers-in-between
/questions/33152356/finding-number-of-comparison-in-lcs-in-dynamic-programming
/questions/72642632/getting-this-issue-in-dynamic-programming-using-memoization
/questions/52087644/dynamic-programming-haskell-hofstader-m-f-sequence
/questions/19084172/dynamic-programming-top-down-vs-bottom-up
/questions/26155805/dynamic-programming-gives-different-result-with-cache-implementation
/questions/74639949/coin-change-dynamic-programming-but-finding-solutions-with-exact-number-of-coins
/questions/72776619/python-list-syntax-and-understanding-with-dynamic-programming
/questions/65437337/time-complexity-comparision-of-memoized-recursion-and-table-method-in-dynamic-pr
/questions/72642632/getting-this-issue-in-dynamic-programming-using-memoization
/questions/16812295/am-i-using-dynamic-programming-matrix-chain-multiplication-in-c
/questions/67039746/dynamic-programming-assigning-tasks-to-different-computers
/questions/9158376/dynamic-programming-algorithms-and-real-world-usage
/questions/53279189/dynamic-programming-to-find-minimal-route
/questions/16443257/dynamic-programming-the-zipper
/questions/42655404/dynamic-programming-dependence-on-greater-states
/questions/64449301/is-independence-of-subproblems-in-dynamic-programming-an-issue
/questions/13991620/dynamic-programming-interval-scheduling-with-time-between-jobs
/questions/33334758/can-i-use-dynamic-programming-to-solve-this
/questions/4294057/real-code-in-dynamic-programming-with-problems-like-knapsack-in-php
/questions/13892696/dynamic-programming-optimal-binary-search-tree
/questions/67277139/optimised-pascals-triangle-with-dynamic-programming-using-python
/questions/72221804/1d-array-or-2d-array-when-solving-dynamic-programming-problems
/questions/33334758/can-i-use-dynamic-programming-to-solve-this
/questions/49104351/0-1-knapsack-dynamic-programming-solution-does-not-work
/questions/12285318/independence-property-of-sub-problems-for-dynamic-programming-techniques-to-appl
/questions/18110870/dynamic-programming-task-counting-problem
/questions/37888359/find-the-row-with-the-largest-sum-in-a-matrix-dynamic-programming
/questions/3005438/aligning-music-notes-using-string-matching-algorithms-or-dynamic-programming
/questions/39734874/dynamic-programming-avoiding-markov-chains-curse-of-dimensionality
/questions/44508211/explanation-of-dynamic-programming-solution
/questions/72470845/python-numba-njit-mode-for-faster-dynamic-programming
/questions/47008635/array-index-out-of-bounds-for-dynamic-programming-code
/questions/53626356/dynamic-programming-print-all-subsets-with-the-given-sum
/questions/11045090/how-to-optimize-dynamic-programming
/questions/26904072/what-is-dynamic-programming-approach-for-this-version-of-minimum-edit-distance
/questions/73172376/minimum-coin-change-leetcode-problem-dynamic-programming
/questions/16544041/shortest-hamiltonian-path-with-dynamic-programming-and-bitmasking
/questions/18908963/how-does-table-in-dynamic-programming-works
/questions/53512168/how-to-apply-dynamic-programming-to-compute-shortest-path-in-graph
/questions/13420212/longest-zig-zag-subsequence-using-dynamic-programming
/questions/44607781/capacitated-slugging-dynamic-programming
/questions/59158343/converting-a-math-problem-to-dynamic-programming
/questions/74161336/does-dynamic-programming-improve-complexity-for-regex-with-kleene-star
/questions/41570374/finding-subset-sum-using-dynamic-programming
/questions/13731612/dynamic-programming-top-down-versus-bottom-up-comparison
/questions/41312696/how-to-apply-convex-hull-optimization-in-dynamic-programming
/questions/28009003/knapsack-fptas-and-dynamic-programming-by-profit
/questions/66987574/dynamic-programming-for-subsequence-product-sum-explanation
/questions/47517640/finding-dynamic-programming-values-weights
/questions/11760647/dynamic-programming-a-count-of-subsequences-with-property
/questions/61642912/using-dynamic-programming-to-solve-a-version-of-the-knapsack-problem
/questions/47517640/finding-dynamic-programming-values-weights
/questions/75653010/how-integrate-time-window-constraints-to-dynamic-programming-to-solve-tsp-proble
/questions/27024433/how-can-we-solve-substring-matching-check-using-dynamic-programming
/questions/30699680/dynamic-programming-practice-algorithm
/questions/65867377/ehat-is-the-space-complexities-of-recursive-and-dynamic-programming-approaches-o
/questions/16966283/algorithm-related-to-dynamic-programming
/questions/66484855/dynamic-programming-for-graph-splitting
/questions/24939585/optimizing-dynamic-programming-in-matlab
/questions/72070006/dynamic-programming-find-the-maximum-revenue
/questions/47858382/how-to-decorate-function-to-a-dynamic-programming-function-in-python
/questions/19502723/perl-blowing-up-in-sequence-alignment-by-dynamic-programming
/questions/58085385/counting-valid-sequences-with-dynamic-programming
/questions/35633023/where-does-my-dynamic-programming-approach-goes-wrong
/questions/572897/how-does-javascript-prototype-work
/questions/6184869/what-is-the-difference-between-memoization-and-dynamic-programming
/questions/1065433/what-is-dynamic-programming
/questions/2631726/how-to-determine-the-longest-increasing-subsequence-using-dynamic-programming
/questions/13538459/difference-between-divide-and-conquer-algo-and-dynamic-programming
/questions/1540848/a-simple-example-for-someone-who-wants-to-understand-dynamic-programming
/questions/12133754/whats-the-difference-between-recursion-memoization-dynamic-programming
/questions/3592943/difference-between-back-tracking-and-dynamic-programming
/questions/20563433/difference-between-static-and-dynamic-programming-languages
/questions/16690249/what-is-the-difference-between-dynamic-programming-and-greedy-approach
/questions/41355/dynamic-programming-with-wcf
/questions/26989075/approaching-dynamic-programming
/questions/24140623/is-dijkstras-algorithm-dynamic-programming
/questions/15596363/why-mergesort-is-not-dynamic-programming
/questions/4913105/what-qualifies-a-programming-language-as-dynamic
/questions/20157748/dynamic-programming
/questions/4278188/good-examples-articles-books-for-understanding-dynamic-programming
/questions/18145179/dynamic-programming-with-sets
/questions/9491097/how-is-dynamic-programming-different-than-normal-programming
/questions/22918242/is-dynamic-programming-backtracking-with-cache
/questions/1726632/dynamic-programming-largest-square-block
/questions/30174943/iterative-solution-as-dynamic-programming
/questions/34279196/dynamic-programming-and-functional-programming
/questions/37873654/fibonacci-series-using-dynamic-programming
/questions/37873654/fibonacci-series-using-dynamic-programming
/questions/34055512/dynamic-programming-fibonacci
/questions/1993390/static-linking-vs-dynamic-linking
/questions/18528480/lookup-table-and-dynamic-programming
/questions/19149974/can-recursion-be-dynamic-programming
/questions/20780499/dynamic-programming-and-backtack-search
/questions/20388453/global-minima-and-dynamic-programming
/questions/10464963/dynamic-programming-sum
/questions/38988582/q-learning-vs-dynamic-programming
/questions/8953331/limitations-of-dynamic-programming-algorithm
/questions/59399237/general-question-about-dynamic-programming
/questions/7631180/dynamic-programming-algorithm-during-an-interview
/questions/15864424/dynamic-programming-methodology
/questions/60046286/dynamic-programming-without-using-the-recursion
/questions/33565161/dynamic-programming-concept
/questions/38361157/recursion-and-dynamic-programming
/questions/1111938/parallel-dynamic-programming
/questions/2633848/dynamic-programming-coin-change-decision
/questions/33554845/dynamic-programming-true-or-false
/questions/1493530/dynamic-programming-problems
/questions/50974371/efficient-dynamic-programming-using-python
/questions/53478294/steps-involved-in-dynamic-programming-algorithm-development
/questions/35921426/dynamic-programming-rodcutting
/questions/14266656/dynamic-programming-optimizaton-convex-hull
/questions/23335783/dynamic-programming-and-the-0-1-knapsack
/questions/34288651/c-dynamic-programming-with-caching
/questions/9862178/problems-with-dynamic-programming
/questions/15261263/dynamic-programming-in-haskell
/questions/14921294/memoization-of-dynamic-programming
/questions/73532240/dynamic-programming-in-c-sharp
/questions/28034932/is-this-solution-classified-as-dynamic-programming
/questions/14192742/dynamic-programming-with-broken-profile
/questions/2851771/stereo-matching-dynamic-programming
/questions/14706805/dynamic-programming-in-functional-languages
/questions/14155032/dynamic-programming-in-repa
/questions/29103825/dynamic-programming-minimizing-cost
/questions/2724903/speeding-up-a-function-with-dynamic-programming
/questions/54230584/dynamic-programming-with-double-recursion
/questions/14038011/dijkstras-algorithm-a-greedy-or-dynamic-programming-algorithm
/questions/17975682/difference-between-dynamic-programming-and-divide-and-conquer
/questions/40053456/dynamic-programming-to-divide-and-conquer
/questions/63170798/difference-between-dynamic-programming-and-recursion
/questions/9861034/parallel-dynamic-programming-travel-salesman
/questions/63893865/dynamic-programming-example-and-issue
/questions/38464887/dynamic-programming-matrix-chain-multiplication
/questions/56541016/conversion-to-dynamic-programming-alg
/questions/37812427/dynamic-programming-matrix-exercise
/questions/69152714/matrix-exponentiation-for-2d-array-dynamic-programming
/questions/8082128/dynamic-programming-algorithm
/questions/30691242/helping-to-solve-program-knapsack-the-dynamic-programming-method
/questions/15488201/recursive-programming-calls-versus-dynamic-programming-calls
/questions/2255627/formulation-of-general-dynamic-programming-problem
/questions/27653672/tsp-using-dynamic-programming
/questions/39062202/adding-memoization-dynamic-programming
/questions/7985632/dynamic-programming-in-f
/questions/19458808/dynamic-programming-algorithm
/questions/13188129/dynamic-programming-in-lazy-racket
/questions/10412563/dynamic-programming-in-power-sets
/questions/6162465/divide-and-conquer-dynamic-programming-and-greedy-algorithms
/questions/48041983/subset-sum-overlapping-subproblems-dynamic-programming
/questions/68258729/is-prefix-sum-included-in-dynamic-programming
/questions/62200415/solving-fractional-knapsack-problem-with-dynamic-programming
/questions/29337030/time-of-dynamic-programming-algorithms
/questions/42332009/dynamic-programming-from-cormens-book
/questions/24325489/dynamic-programming-graph-algorithm
/questions/47541929/knapsack-using-dynamic-programming
/questions/25146379/application-of-dynamic-programming
/questions/71176657/why-lcis-should-be-solved-with-dynamic-programming-design
/questions/18200593/implementing-text-justification-with-dynamic-programming
/questions/2692135/dynamic-programming-algorithm
/questions/12042356/memoization-or-tabulation-approach-for-dynamic-programming
/questions/70576271/relationship-between-automata-theory-and-dynamic-programming
/questions/31422088/can-i-say-that-this-is-dynamic-programming
/questions/13713572/how-is-dynamic-programming-different-from-greedy-algorithms
/questions/25322806/tsp-using-dynamic-programming
/questions/25322806/tsp-using-dynamic-programming
/questions/31024503/pow-function-calculation-by-dynamic-programming
/questions/33585107/sequence-alignment-with-dynamic-programming
/questions/16459346/dynamic-programming-or-backtracking
/questions/53543302/maximum-area-histogram-dynamic-programming-c
/questions/71914316/lcs-using-dynamic-programming
/questions/50378918/is-this-dynamic-programming-or-divide-and-conquer
/questions/47836616/calculating-binomial-coefficients-using-dynamic-programming
/questions/2763846/dot-game-and-dynamic-programming
/questions/26435081/why-is-insertion-sort-not-dynamic-programming
/questions/7055891/8-queen-problem-using-dynamic-programming
/questions/53740511/dynamic-programming-recursionmemoization-vs-looplist
/questions/3949422/which-letter-of-the-english-alphabet-takes-up-most-pixels
/questions/32131261/pyramids-dynamic-programming
/questions/7824809/can-bottom-up-dynamic-programming-be-done-in-lisp
/questions/27932017/nth-fibonacci-number-using-using-dynamic-programming
/questions/7824809/can-bottom-up-dynamic-programming-be-done-in-lisp
/questions/48203195/fibonacci-series-in-dynamic-programming-in-python
/questions/38258855/dynamic-programming-for-minimum-path-sum
/questions/37847709/dynamic-programming-algorithm
/questions/61113415/is-memoization-considered-dynamic-programming
/questions/52961356/dynamic-programming-fibonacci-swift
/questions/11218159/dynamic-programming-subset-algorithm
/questions/33563230/optimal-substructure-in-dynamic-programing
/questions/30879212/interpolation-using-dynamic-programming
/questions/19981080/algorithms-dynamic-programming
/questions/48099239/dynamic-programming-with-scala
/questions/52171804/implementing-fibonacci-using-dynamic-programming-in-python
/questions/41450181/memoization-in-dynamic-programming
/questions/57690524/dynamic-programming-python-implementation-problem
/questions/8981980/dynamic-programming-and-divide-and-conquer
/questions/12751554/recursive-solution-to-dynamic-programming
/questions/29827541/minimize-function-using-dynamic-programming
/questions/12649970/are-tail-recursion-and-dynamic-programming-the-same
/questions/57690524/dynamic-programming-python-implementation-problem
/questions/46897633/dynamic-programming-of-a-knapsack-with-additional-constraints
/questions/72561057/dynamic-programming-efficient-network
/questions/39798956/haskell-performance-using-dynamic-programming
/questions/50541134/min-cost-with-dynamic-programming-in-java
/questions/6849569/dynamic-programming-spoj-problem-scubadiv
/questions/12675074/confusion-related-to-dynamic-programming
/questions/47058809/example-of-non-euclidean-tabulation-in-dynamic-programming
/questions/62215816/explanation-of-the-dynamic-programming-subproblem-for-house-robber-problem
/questions/34926329/is-it-possible-to-convert-all-backtracking-algorithms-in-to-dynamic-programming
/questions/64710524/longest-path-in-a-tree-using-dynamic-programming
/questions/20570871/can-every-iterative-algorithm-be-turned-into-dynamic-programming
/questions/55195748/dynamic-programming-algorithm-involving-combinations
/questions/62215816/explanation-of-the-dynamic-programming-subproblem-for-house-robber-problem
/questions/62708365/dynamic-programming-in-aerospace-engineering-problems
/questions/13099766/counting-heads-dynamic-programming
/questions/15390832/dynamic-programming-and-the-use-of-matrices
/questions/22689426/whats-the-difference-between-object-oriented-and-dynamic-programming
/questions/47046958/change-money-with-python-dynamic-programming
/questions/47376538/dynamic-programming-simple-example-at-c
/questions/13535415/maximization-using-dynamic-programming
/questions/42241134/dynamic-programming-job-selection
/questions/42112658/cutting-a-rod-dynamic-programming
/questions/58029253/dynamic-programming-algorithm-for-assigning-tasks
/questions/47196985/why-dynamic-programming-for-0-1-knapsack
/questions/53829542/running-time-dynamic-programming-algorithm
/questions/57519348/is-java-a-dynamic-programming-language
/questions/27401462/dynamic-programming-balanced-partition
/questions/3659212/dynamic-programming-with-data-vector
/questions/33584870/dynamic-programming-maximum-sequence
/questions/59125049/i-dont-know-it-is-dynamic-programming
/questions/49835957/scala-lazy-dynamic-programming
/questions/7772321/does-the-link-state-algorithm-use-dynamic-programming
/questions/11431553/2d-dynamic-programming-in-f
/questions/66919743/pytorch-dynamic-programming-as-tensor-operation
/questions/1721391/algorithm-and-data-structure-learning-resources-for-dynamic-programming
/questions/28476786/dynamic-programming-solution-for-2d-subset-sum
/questions/16585741/dynamic-programming-memoization-in-haskell
/questions/53807452/how-to-make-correct-function-in-dynamic-programming
/questions/57751310/building-maximum-subarray-dynamic-programming-solution-from-recursive-solution
/questions/65562927/longest-palindromic-subsequence-dynamic-programming
/questions/32663033/arrayindexoutofbounds-in-binomial-cofficient-dynamic-programming
/questions/1387725/what-is-the-dynamic-programming-algorithm-for-finding-a-hamiltonian-cycle-in-a-g
/questions/12880939/dynamic-programming-with-string-keys-in-haskell
/questions/4235905/solutions-to-problems-using-dynamic-programming-or-greedy-methods
/questions/16040409/coin-change-bottom-up-dynamic-programming
/questions/54244661/memoizing-finite-horizon-dynamic-programming
/questions/39116686/minimum-size-vertex-cover-of-tree-dynamic-programming-formulation
/questions/30580480/what-can-be-a-newbie-explanation-for-a-dynamic-programming
/questions/6164629/what-is-the-difference-between-bottom-up-and-top-down
/questions/8187421/what-is-dynamic-programming-in-solving-technique
/questions/22758328/map-and-dynamic-programming-updating
/questions/4638265/dynamic-programming-resources-in-c
/questions/36683807/rewrite-resurrence-function-to-the-idea-of-dynamic-programming
/questions/14286150/matrix-multiplication-using-dynamic-programming
/questions/17578079/dynamic-programming-finding-maximum-profit
/questions/17578079/dynamic-programming-finding-maximum-profit
/questions/31503954/coin-change-dynamic-programming-revisited
/questions/36348662/discrete-knapsack-dynamic-programming-python3
/questions/58638309/index-out-of-range-in-fibonacci-using-dynamic-programming
/questions/29025520/generating-first-n-prime-numbers-using-dynamic-programming
/questions/65914351/dynamic-programming-evaluating-grid-size
/questions/15104057/dynamic-programming-chessboard
/questions/28294027/dynamic-array-in-c-for-dynamic-programming
/questions/70744909/recursive-function-to-dynamic-programming
/questions/49615160/how-could-you-convert-the-following-recursion-with-dynamic-programming
/questions/23557648/coin-change-dynamic-programming
/questions/52691461/bottom-up-dynamic-programming
/questions/54993450/coin-change-dynamic-programming-question-top-down-memoization-approach
/questions/62721586/dynamic-programming-technique-for-solving-problems
/questions/48853537/debug-coin-change-dynamic-programming
/questions/48853537/debug-coin-change-dynamic-programming
/questions/25705488/knapsack-dynamic-programming-inputs
/questions/54456109/typescript-typings-in-dynamic-programming
/questions/61869112/travelling-salesman-problem-in-dynamic-programming
/questions/4176177/dynamic-programming-question
/questions/45511334/dynamic-programming-process
/questions/39733265/maximum-contiguous-subsequence-dynamic-programming-or-greedy-algorithm
/questions/31025760/dynamic-programming-and-dijkstra
/questions/35492530/more-on-dynamic-programming
/questions/32403244/coin-change-algorithm-with-dynamic-programming
/questions/65859723/space-complexity-comparison-between-recursion-and-dynamic-programming-which-is
/questions/14052625/algorithm-without-dynamic-programming-less-efficient-solution
/questions/6493120/dynamic-programming-problem-array-partitioning
/questions/72185749/longest-common-subsequence-using-dynamic-programming
/questions/10091743/dynamic-programming-coin-change
/questions/27696703/dynamic-programming-solving-an-algorithm
/questions/6914969/dynamic-programming-find-longest-subsequence-that-is-zig-zag
/questions/10091743/dynamic-programming-coin-change
/questions/47258423/dynamic-programming-solution-for-tsp-in-c
/questions/40461097/dynamic-programming-maximize-matrix-chain-multiplication
/questions/68521450/ways-to-memoize-in-c-dynamic-programming
/questions/44551138/compile-error-non-constant-array-bound-dynamic-programming
/questions/24234442/time-complexity-for-knapsack-dynamic-programming-solution
/questions/55891805/find-all-subset-sum-using-dynamic-programming
/questions/30141513/trouble-with-solving-knapsack-issue-via-dynamic-programming-in-c
/questions/60594643/dynamic-programming-on-intervals
/questions/15173162/why-is-this-dynamic-programming-code-incorrect
/questions/43599159/dynamic-programming-with-memoization-taking-longer-than-brute-force-approach
/questions/29480894/dynamic-programming-exercise
/questions/13751572/dynamic-programming-optimal-coin-change
/questions/13751572/dynamic-programming-optimal-coin-change
/questions/52122727/solve-dynamic-programming-in-prolog-via-corecursion
/questions/56458950/how-to-define-subproblem-in-dynamic-programming
/questions/50199347/dynamic-programming-solution-for-a-variant-of-coin-exchange
/questions/38482494/stuck-on-dynamic-programming
/questions/42741708/dynamic-programming-solitare-board-game
/questions/40482819/dynamic-programming-for-coin-change
/questions/61444944/what-are-cache-misses-in-dynamic-programming-and-how-can-i-avoid-them
/questions/11422087/dynamic-programming-recursive-formula
/questions/52462648/can-i-combine-pysp-and-pyomo-dae-to-do-stochastic-dynamic-programming
/questions/8994778/dynamic-programming-approximation
/questions/25234796/whats-time-complexity-of-this-algorithm-for-breaking-words-dynamic-programmin
/questions/15794543/dynamic-programming-minimizing-whitespace
/questions/40880341/computing-fibonacci-numbers-with-dynamic-programming-python
/questions/75423689/idea-of-dynamic-programming-solution
/questions/15744887/sql-command-or-dynamic-programming
/questions/37561909/does-there-exist-a-top-down-dynamic-programming-solution-for-longest-increasing
/questions/30139043/continous-max-sum-in-array-dynamic-programming
/questions/53889182/what-is-the-link-between-table-in-knapsack-problem-and-dynamic-programming
/questions/2272963/dynamic-programming-pseudocode-for-travelling-salesman
/questions/16320310/dynamic-programming-mpilot
/questions/53152352/python-dynamic-programming-question-of-coin-change
/questions/24275296/understanding-the-flow-of-a-simple-dynamic-programming
/questions/44586459/dynamic-programming-with-memoization
/questions/238296/when-have-you-used-dynamic-programming-in-the-field
/questions/7945561/beginning-dynamic-programming-greedy-coin-change-help
/questions/13600448/matrix-chain-multiplication-dynamic-programming-recurrance-relation
/questions/41583568/different-result-from-recursive-and-dynamic-programming
/questions/43174088/dynamic-programming-stack-of-plates
/questions/36180200/the-overlapping-sub-problems-in-bitmask-dynamic-programming
/questions/41583568/different-result-from-recursive-and-dynamic-programming
/questions/36180200/the-overlapping-sub-problems-in-bitmask-dynamic-programming
/questions/393786/refactor-with-some-dynamic-programming
/questions/59478272/why-is-longest-palindromic-substring-a-dynamic-programming-question
/questions/8561151/get-all-subsets-of-string-through-dynamic-programming-programming-contest-inte
/questions/28761508/dynamic-programming-finding-largest-triangle
/questions/31923329/dynamic-programming-algorithm-wrong
/questions/8954862/writing-recursive-algorithm-with-dynamic-programming
/questions/52936068/dynamic-programming-nth-string
/questions/5194424/a-dynamic-programming-problem
/questions/5133050/dynamic-programming-approach-to-calculating-stirlings-number
/questions/11276720/spoj-dynamic-programming-with-biginteger-setnja
/questions/18951721/pebbling-a-checkerboard-with-dynamic-programming
/questions/52757900/dynamic-programming-do-i-have-overlapping-sub-problems
/questions/36930086/dynamic-programming-for-primitive-calculator
/questions/9106204/dynamic-programming-whats-the-asymptotic-runtime
/questions/54546801/swift-dynamic-programming-without-using-inout-for-the-cache
/questions/42603460/rod-cutting-by-dynamic-programming
/questions/61967195/segmentation-fault-in-dynamic-programming-problem
/questions/18951721/pebbling-a-checkerboard-with-dynamic-programming
/questions/36724711/dynamic-programming-algorithm-for-longest-common-subsequence-in-java
/questions/52757900/dynamic-programming-do-i-have-overlapping-sub-problems
/questions/23033392/neo4j-dynamic-programming-query
/questions/28138779/subset-sum-dynamic-programming-overlapping-subproblems
/questions/10388938/dynamic-programming
/questions/49846759/dynamic-programming-for-a-complete-binary-tree
/questions/64132558/how-much-different-is-dynamic-programming-from-recursion
/questions/65281406/int-vs-arraylist-in-memoization-dynamic-programming-in-java
/questions/33448140/coin-change-dynamic-programming
/questions/37509395/dynamic-programming-box-stacking-variation
/questions/48600127/dynamic-programming-for-the-number-of-ways-of-climbing-steps
/questions/29219203/dynamic-programming-optimal-solution
/questions/17205016/when-to-switch-from-dynamic-programming-2d-table-to-branch-bound-algorithm
/questions/22104785/how-to-draw-dynamic-programming-table-in-python
/questions/48688648/dynamic-programming-algorithm-mincost-buying-apples
/questions/49941251/finding-longest-sequence-according-to-requirements-dynamic-programming
/questions/32919255/can-every-recursive-algorithm-be-improved-with-dynamic-programming
/questions/34261003/algorithms-dynamic-programming-subset-sum-of-two-arrays
/questions/31220850/dynamic-programming-longest-common-substring-explanation
/questions/36223690/time-complexity-of-text-justification-with-dynamic-programming
/questions/17779299/java-programming-dynamic-programming-on-stairs-example
/questions/36060673/lcs-dynamic-programming-using-one-dimensional-array
/questions/62927013/application-of-dynamic-programming-in-real-world-programming
/questions/24961022/are-the-fibonacci-series-a-dynamic-programming-problem
/questions/69996681/dynamic-programming-translating-js-to-elixir
/questions/39519727/dynamic-programming-with-extremely-large-inputs
/questions/58514719/runtime-of-dynamic-programming-solution-from-previous-post-balls-into-bins
/questions/48786234/control-of-the-combinatorial-aspects-of-a-dynamic-programming-solution
/questions/8507636/dynamic-programming-basic-algorithm
/questions/13308979/dynamic-programming-word-segmentation
/questions/41153718/binomial-coefficients-using-dynamic-programming-and-one-dimensional-array
/questions/52897358/dynamic-programming-applied-on-a-recursive-algorithm
/questions/27625284/implement-dynamic-programming-in-this-algorithm
/questions/5310756/split-a-string-to-a-string-of-valid-words-using-dynamic-programming
/questions/21224835/how-to-dynamic-programming-with-a-large-input
/questions/38532006/dynamic-programming-problems-using-iteration
/questions/61849445/coin-change-problem-with-dynamic-programming
/questions/62359109/dynamic-programming-problem-minimum-cost-path
/questions/37304338/multi-constrainted-single-machine-scheduling-using-dynamic-programming
/questions/62259626/matrix-sum-top-down-dynamic-programming
/questions/39689328/reducing-memory-usage-for-dynamic-programming-implementation-of-tsp
/questions/5310756/split-a-string-to-a-string-of-valid-words-using-dynamic-programming
/questions/37304338/multi-constrainted-single-machine-scheduling-using-dynamic-programming
/questions/43728734/dynamic-programming-with-recursive-function-in-python
/questions/19620868/lazy-evaluation-container-for-dynamic-programming
/questions/48367039/strings-based-on-dynamic-programming
/questions/32681464/coin-change-using-dynamic-programming
/questions/50476502/scala-dynamic-programming-recursion-using-iterators
/questions/22194219/word-segmentation-using-dynamic-programming
/questions/69331260/more-efficient-dynamic-programming-of-product-sales
/questions/71641069/heap-corruption-on-dynamic-programming-problem
/questions/56399752/javascript-equality-function-using-dynamic-programming
/questions/47521650/dynamic-programming-counting-numbers-in-between
/questions/34021573/how-do-i-use-dynamic-programming-to-solve-knapsack
/questions/37599170/dynamic-programming-mobile
/questions/45268344/solving-dynamic-programming-problems-using-functional-programming
/questions/31771084/dynamic-programming-counting-paths-in-a-subway-system
/questions/74369609/solving-dynamic-programming-for-travelling-salesman-problem-java
/questions/34021573/how-do-i-use-dynamic-programming-to-solve-knapsack
/questions/12769336/how-to-implement-dynamic-programming-in-the-following-recusrion
/questions/28910971/dynamic-programming-coin-change-problems
/questions/45668946/coin-changedynamic-programming
/questions/72578991/count-combinations-in-the-given-string-using-dynamic-programming
/questions/4807447/problem-k-subvector-using-dynamic-programming
/questions/69014245/dynamic-programming-approach-issue
/questions/10980829/goto-continue-in-java-dynamic-programming
/questions/7822243/obtaining-the-actual-steps-of-a-solution-that-has-been-obtained-using-dynamic-pr
/questions/35793854/trouble-understanding-dynamic-programming
/questions/64814351/dynamic-programming-with-memoization-not-working-properly
/questions/65985753/dynamic-programming-number-of-possible-passwords
/questions/35793854/trouble-understanding-dynamic-programming
/questions/27903362/hackerrank-contest-dynamic-programming
/questions/41458292/dynamic-programming-find-shortest-path-through-grid-with-obstacles
/questions/64814351/dynamic-programming-with-memoization-not-working-properly
/questions/26886734/what-is-the-greedy-or-dynamic-programming-approach-of-this
/questions/10926912/can-anyone-explain-me-what-is-wrong-with-my-dynamic-programming-approach-to-proj
/questions/59709468/python-recursion-and-or-dynamic-programming
/questions/16161026/recursive-dynamic-programming-approach-for-the-travelling-salesman
/questions/37561224/dynamic-programming-primitive-calculator-python
/questions/26859510/whats-the-greedy-or-dynamic-programming-approach-for-this
/questions/36183860/dynamic-programming-optimal-break-point
/questions/32583995/subproblem-graph-for-matrix-multiplication-using-dynamic-programming
/questions/70731414/python-dynamic-programming-performance-difference
/questions/69007216/how-does-dynamic-programming-help-in-the-subset-sum-problem-to-reduce-time-compl
/questions/46257659/python-coin-change-dynamic-programming
/questions/64499367/what-are-overlapping-subproblems-in-dynamic-programming-dp
/questions/41361652/object-stacking-dynamic-programming
/questions/34031187/dynamic-programming-solution-for-demerging-of-two-sequences
/questions/50809180/dynamic-programming-number-of-combinations-to-reach-a-given-target
/questions/71645854/can-i-solve-this-problem-with-dynamic-programming
/questions/38790610/common-interface-for-frameworkelement-and-frameworkcontentelement-with-dynamic-p
/questions/72245244/why-cannot-rat-in-a-maze-problem-be-solved-by-dynamic-programming
/questions/71452443/a-problem-that-may-be-dynamic-programming
/questions/59119233/dynamic-programming-algorithm-for-sentence-separation-problem
/questions/61502456/final-product-of-matrix-multiplication-in-dynamic-programming
/questions/66170989/shortest-subset-sum-of-arr-dynamic-programming
/questions/22317649/box-stacking-variation-dynamic-programming
/questions/68331337/length-longest-common-subsequence-without-dynamic-programming
/questions/13273847/dynamic-programming-to-find-minimum-number-of-coins
/questions/12626854/dynamic-programming-and-knapsack-application
/questions/12626854/dynamic-programming-and-knapsack-application
/questions/22317649/box-stacking-variation-dynamic-programming
/questions/68331337/length-longest-common-subsequence-without-dynamic-programming
/questions/52705014/dynamic-programming-number-of-ways-of-partitioning-a-set-of-numbers
/questions/60580691/dynamic-programming-catching-ball
/questions/15565001/ms-dynamics-programming-environment
/questions/39043036/stack-of-boxes-dynamic-programming
/questions/67609993/is-there-a-rule-of-thumb-for-refactoring-code-to-make-use-of-dynamic-programming
/questions/67063039/leetcode-target-sum-of-dynamic-programming
/questions/33594525/implementing-activity-selection-prob-using-dynamic-programming
/questions/67045415/dynamic-programming-bottoms-up-approach-clarification
/questions/15314007/recurrence-relation-for-dynamic-programming-exercise
/questions/10068568/dynamic-programming-exercise-for-string-cutting
/questions/69937980/dynamic-programming-create-a-memo-table-longest-stable-subsequence
/questions/67045415/dynamic-programming-bottoms-up-approach-clarification
/questions/8516232/dynamic-programming-to-minimize-sum-of-squares
/questions/53182358/dynamic-programming-for-string-matching-in-java
/questions/69937980/dynamic-programming-create-a-memo-table-longest-stable-subsequence
/questions/61158891/fibonacci-in-java-using-dynamic-programming-and-recursions
/questions/37253275/need-help-in-understanding-dynamic-programming-approach-for-balanced-0-1-matrix
/questions/28919286/binomial-coefficient-algorithm-using-dynamic-programming-and-a-single-dimensiona
/questions/52399530/dynamic-programming-perfect-sum-with-negative-numbers
/questions/62968272/finding-trinomial-coefficients-using-dynamic-programming
/questions/47049070/how-to-do-scheduling-using-dynamic-programming
/questions/54534089/greedy-approach-vs-dynamic-programming-in-travelling-salesman
/questions/39526348/dynamic-programming-reduction-of-brute-force
/questions/41555687/generate-all-binary-search-trees-from-1-to-n-using-dynamic-programming
/questions/49026527/is-the-sieve-of-eratosthenes-an-example-of-dynamic-programming
/questions/54869292/how-to-design-linear-dynamic-programming-algorithm-for-shortest-path
/questions/70858465/dynamic-programing-tabular-vs-memoization
/questions/379128/how-do-you-program-differently-in-dynamic-languages
/questions/75743196/dynamic-programming-with-variable-dimensions
/questions/56410436/array-of-buckets-with-dynamic-programming-problem
/questions/66238254/unique-paths-dynamic-programming
/questions/33845557/c-cutting-rod-dynamic-programming
/questions/23032526/balance-ordering-parenthesis-via-dynamic-programing
/questions/60477338/complexity-of-recursion-in-nested-loops-in-dynamic-and-non-dynamic-programming
/questions/58360973/understanding-base-case-in-dynamic-programming
/questions/53289790/dynamic-programming-counting-super-numbers-in-between
/questions/33152356/finding-number-of-comparison-in-lcs-in-dynamic-programming
/questions/72642632/getting-this-issue-in-dynamic-programming-using-memoization
/questions/52087644/dynamic-programming-haskell-hofstader-m-f-sequence
/questions/19084172/dynamic-programming-top-down-vs-bottom-up
/questions/26155805/dynamic-programming-gives-different-result-with-cache-implementation
/questions/74639949/coin-change-dynamic-programming-but-finding-solutions-with-exact-number-of-coins
/questions/72776619/python-list-syntax-and-understanding-with-dynamic-programming
/questions/65437337/time-complexity-comparision-of-memoized-recursion-and-table-method-in-dynamic-pr
/questions/72642632/getting-this-issue-in-dynamic-programming-using-memoization
/questions/16812295/am-i-using-dynamic-programming-matrix-chain-multiplication-in-c
/questions/67039746/dynamic-programming-assigning-tasks-to-different-computers
/questions/9158376/dynamic-programming-algorithms-and-real-world-usage
/questions/53279189/dynamic-programming-to-find-minimal-route
/questions/16443257/dynamic-programming-the-zipper
/questions/42655404/dynamic-programming-dependence-on-greater-states
/questions/64449301/is-independence-of-subproblems-in-dynamic-programming-an-issue
/questions/13991620/dynamic-programming-interval-scheduling-with-time-between-jobs
/questions/33334758/can-i-use-dynamic-programming-to-solve-this
/questions/4294057/real-code-in-dynamic-programming-with-problems-like-knapsack-in-php
/questions/13892696/dynamic-programming-optimal-binary-search-tree
/questions/67277139/optimised-pascals-triangle-with-dynamic-programming-using-python
/questions/72221804/1d-array-or-2d-array-when-solving-dynamic-programming-problems
/questions/33334758/can-i-use-dynamic-programming-to-solve-this
/questions/49104351/0-1-knapsack-dynamic-programming-solution-does-not-work
/questions/12285318/independence-property-of-sub-problems-for-dynamic-programming-techniques-to-appl
/questions/18110870/dynamic-programming-task-counting-problem
/questions/37888359/find-the-row-with-the-largest-sum-in-a-matrix-dynamic-programming
/questions/3005438/aligning-music-notes-using-string-matching-algorithms-or-dynamic-programming
/questions/39734874/dynamic-programming-avoiding-markov-chains-curse-of-dimensionality
/questions/44508211/explanation-of-dynamic-programming-solution
/questions/72470845/python-numba-njit-mode-for-faster-dynamic-programming
/questions/47008635/array-index-out-of-bounds-for-dynamic-programming-code
/questions/53626356/dynamic-programming-print-all-subsets-with-the-given-sum
/questions/11045090/how-to-optimize-dynamic-programming
/questions/26904072/what-is-dynamic-programming-approach-for-this-version-of-minimum-edit-distance
/questions/73172376/minimum-coin-change-leetcode-problem-dynamic-programming
/questions/16544041/shortest-hamiltonian-path-with-dynamic-programming-and-bitmasking
/questions/18908963/how-does-table-in-dynamic-programming-works
/questions/53512168/how-to-apply-dynamic-programming-to-compute-shortest-path-in-graph
/questions/13420212/longest-zig-zag-subsequence-using-dynamic-programming
/questions/44607781/capacitated-slugging-dynamic-programming
/questions/59158343/converting-a-math-problem-to-dynamic-programming
/questions/74161336/does-dynamic-programming-improve-complexity-for-regex-with-kleene-star
/questions/41570374/finding-subset-sum-using-dynamic-programming
/questions/13731612/dynamic-programming-top-down-versus-bottom-up-comparison
/questions/41312696/how-to-apply-convex-hull-optimization-in-dynamic-programming
/questions/28009003/knapsack-fptas-and-dynamic-programming-by-profit
/questions/66987574/dynamic-programming-for-subsequence-product-sum-explanation
/questions/47517640/finding-dynamic-programming-values-weights
/questions/11760647/dynamic-programming-a-count-of-subsequences-with-property
/questions/61642912/using-dynamic-programming-to-solve-a-version-of-the-knapsack-problem
/questions/47517640/finding-dynamic-programming-values-weights
/questions/75653010/how-integrate-time-window-constraints-to-dynamic-programming-to-solve-tsp-proble
/questions/27024433/how-can-we-solve-substring-matching-check-using-dynamic-programming
/questions/30699680/dynamic-programming-practice-algorithm
/questions/65867377/ehat-is-the-space-complexities-of-recursive-and-dynamic-programming-approaches-o
/questions/16966283/algorithm-related-to-dynamic-programming
/questions/66484855/dynamic-programming-for-graph-splitting
/questions/24939585/optimizing-dynamic-programming-in-matlab
/questions/72070006/dynamic-programming-find-the-maximum-revenue
/questions/47858382/how-to-decorate-function-to-a-dynamic-programming-function-in-python
/questions/19502723/perl-blowing-up-in-sequence-alignment-by-dynamic-programming
/questions/58085385/counting-valid-sequences-with-dynamic-programming
/questions/35633023/where-does-my-dynamic-programming-approach-goes-wrong
