/questions/2460177/edit-distance-in-python
/questions/45783385/normalizing-the-edit-distance
/questions/29910952/levenshtein-edit-distance-is-not-calculating-edit-distance
/questions/63131938/discriminate-edit-distance
/questions/849211/shortest-distance-between-a-point-and-a-line-segment
/questions/8783597/edit-distance-with-swaps
/questions/1564184/edit-distance-algorithm
/questions/30787098/explanation-of-normalized-edit-distance-formula
/questions/33147438/selective-edit-distance
/questions/15790545/edit-distance-with-accents
/questions/16399597/edit-distance-between-two-graphs
/questions/55146172/edit-distance-in-nodesqlite-in-arabic
/questions/69741184/equivalence-of-edit-distance-and-alignment-distance
/questions/67200097/is-it-always-true-that-the-edit-distance-of-two-strings-is-equal-to-the-edit-dis
/questions/51677436/is-there-a-sparse-edit-distance-algorithm
/questions/38442928/string-edit-distance-algorithm-confusion
/questions/41306542/maintaining-headers-in-edit-distance
/questions/38910618/efficiently-calculate-edit-distance-between-two-strings
/questions/22346648/weighted-unordered-string-edit-distance
/questions/5055839/word-level-edit-distance-of-a-sentence
/questions/11459861/python-edit-distance
/questions/40413578/edit-distance-matrix
/questions/8139958/algorithm-to-find-edit-distance-to-all-substrings
/questions/19582780/edit-distance-with-memoization
/questions/29962737/edit-distance-between-two-regular-expression
/questions/15955354/edit-distance-program
/questions/19217877/edit-distance-recursive-algorithm-skiena
/questions/26190262/faster-edit-distance-algorithm
/questions/1065247/how-do-i-calculate-tree-edit-distance
/questions/41229142/calculate-edit-distance-percentage
/questions/40786116/levenshtein-distance-in-python-giving-only-1-as-edit-distance
/questions/63609819/edit-distance-dynamic-approach
/questions/39580488/levenshtein-edit-distance-python
/questions/40435280/confused-about-the-edit-distance
/questions/39200111/neo4j-edit-distance-search
/questions/74016867/pyomo-examples-about-graph-edit-distance
/questions/50907502/levenshtein-edit-distance-and-different-sets-of-edits
/questions/71903598/calculating-graph-edit-distance
/questions/49496689/edit-distance-data-structure
/questions/74032119/pyomo-example-for-graph-edit-distance
/questions/21607413/edit-distance-similarity-in-lucene-solr
/questions/36827517/token-based-edit-distance-in-python
/questions/19716472/approximate-edit-distance-tree-exact-edit-path
/questions/17905660/mallet-how-to-implement-crf-based-edit-distance
/questions/33676087/edit-distance-string-and-list
/questions/44099095/how-to-group-sentences-by-edit-distance
/questions/41047574/percentage-edit-distance-from-array
/questions/35829857/similarity-matrix-for-weighted-edit-distance
/questions/14310259/minimal-edit-distance-between-two-circular-lists
/questions/10638597/minimum-edit-distance-reconstruction
/questions/45254702/edit-distance-ignore-start-end
/questions/14628753/calculating-the-complexity-of-levenshtein-edit-distance
/questions/11694624/edit-distance-variation
/questions/69308673/edit-distance-w-operational-weights-in-python
/questions/39820462/edit-distance-specifc-implementation-for-number-python
/questions/24089973/python-numpy-pairwise-edit-distance
/questions/2017655/suggestive-spelling-checker-based-on-edit-distance-and-lcs
/questions/45957481/levenshtein-edit-distance-with-separator-for-multi-character-units
/questions/48819439/quickly-check-large-database-for-edit-distance-similarity
/questions/24416625/tools-to-compute-graph-edit-distance-ged
/questions/43834069/weighted-minimum-edit-distance
/questions/50176369/error-in-dynamic-edit-distance
/questions/29233888/edit-distance-such-as-levenshtein-taking-into-account-proximity-on-keyboard
/questions/23974443/how-to-get-an-edit-distance-between-two-commits
/questions/56307965/customizing-fuzzywuzzy-string-matching-to-edit-distance-1
/questions/42051898/block-edit-distance-with-swapping-only
/questions/22263461/edit-distance-or-metaphone
/questions/42892617/edit-distance-between-two-pandas-columns
/questions/61658638/how-to-find-edit-distance-between-two-s-expressions
/questions/7036277/how-to-optimize-edit-distance-code
/questions/34236410/nzec-in-edit-distance-code
/questions/30996694/designing-an-algorithm-to-calculate-the-edit-distance-between-two-strings
/questions/38020817/computing-edit-distance-feed-dict-error
/questions/67273824/worst-case-time-complexity-of-edit-distance
/questions/24181269/how-to-group-strings-that-are-one-edit-distance
/questions/53900978/key-error-0-in-python-with-edit-distance
/questions/5446118/using-data-memocombinators-to-implement-edit-distance-algorithm
/questions/13199987/generate-regular-expression-for-given-string-and-edit-distance
/questions/59278065/how-to-find-the-edit-distance-levenshtein-distance-between-a-string-and-a-lang
/questions/4055488/how-to-modify-levenshteins-edit-distance-to-count-adjacent-letter-exchanges-as
/questions/26322976/explanation-of-ukkonens-algorithm-for-edit-distance
/questions/74710055/reducing-time-for-minimum-edit-distance-in-python
/questions/10273680/edit-distance-with-varying-dictionaries
/questions/60083582/graph-edit-distance-ged-and-non-isomorphic-graphs
/questions/15977624/how-to-combine-tf-idf-with-edit-distance-or-jaro-winkler-distance
/questions/73767334/numpy-implementation-of-edit-distance-algorithm
/questions/44377659/edit-distance-for-n-grams
/questions/53346327/calculating-edit-distance-on-successive-rows-of-a-spark-dataframe
/questions/30193484/is-it-possible-to-infer-the-edit-distance-using-a-unified-diff
/questions/26214206/edit-distance-solution-for-large-strings
/questions/27878097/fuzzy-string-matching-using-elasticsearchand-return-the-edit-distance-or-similar
/questions/70414244/edit-distance-leetcode
/questions/40389712/use-edit-distance-on-arrays-in-perl
/questions/35835942/proof-of-correct-of-the-dynamic-programming-approach-to-min-edit-distance
/questions/69512020/the-difference-in-application-between-sequencematcher-in-edit-distance-and-that
/questions/54534395/edit-distance-alike-algorithm-in-recursive
/questions/61001520/algorithm-to-find-one-edit-distance-words-from-input-word-using-levenshtein-dist
/questions/76041588/find-out-edit-distance-between-two-strings
/questions/60055659/formulate-edit-distance-as-matrix-multiplication
/questions/41578557/distance-edit-array-output
/questions/63365714/edit-distance-algorithm-special-issue
/questions/26303385/variation-of-edit-distance-algorithm-that-only-tracks-substitutions-and-insertio
/questions/57945176/normalizing-graph-edit-distance-to-0-1-networkx
/questions/72667941/editing-distance-with-limit-threshold
/questions/2073839/search-lucene-with-precise-edit-distances
/questions/13979390/edit-distance-explanation
/questions/31024077/what-does-transposition-mean-in-edit-distance-algorithm
/questions/28877326/word-level-edit-distance-between-two-sentences-in-r
/questions/54677194/edit-distance-between-the-words-comparing-between-two-strings
/questions/74962072/a-plot-showing-the-edit-distance-as-a-line-between-two-cities-the-thickness-o
/questions/47943185/using-damerau-levenshtein-edit-distance-to-modify-string
/questions/41132103/understanding-edit-distance-by-recursion
/questions/60980765/how-to-fit-strings-using-spaces-minimizing-edit-distance
/questions/54253477/input-networkx-graph-into-zss-algorithm-tree-edit-distance
/questions/21808022/finding-the-edit-distance-of-two-strings-with-recursion
/questions/33863462/javascript-find-edit-distance-not-returning-correct-value
/questions/11920494/most-efficient-edit-distance-to-identify-misspellings-in-names
/questions/14550143/can-not-understand-the-idea-usefulness-of-edit-distance-among-strings
/questions/53015099/calculating-minimum-edit-distance-for-unequal-strings-python
/questions/48069948/best-method-for-edit-distance-and-lcs-algorithms
/questions/15411928/edit-distance-library-in-java-supporting-user-cost-functions
/questions/37482734/elasticsearch-score-match-query-by-edit-distance
/questions/28530938/javascript-text-similarity-algorithm-in-percentage-based-on-edit-distance
/questions/35150560/how-to-calculate-edit-distance-between-two-string-of-integers-in-java
/questions/18023356/disambiguation-of-names-using-edit-distance
/questions/48953052/bigquery-query-with-edit-distance-udf-throws-error
/questions/5515025/edit-distance-algorithm-in-haskell-performance-tuning
/questions/62275915/efficient-edit-distance
/questions/27762689/anagram-string-edit-distance-algorithm-code
/questions/49779281/string-similarity-with-python-sqlite-levenshtein-distance-edit-distance
/questions/5857979/max-edit-distance-and-suggestion-based-on-word-frequency
/questions/22663523/custom-replacement-matrix-for-edit-distance-in-r
/questions/50355557/proving-the-edit-distance-between-graphs-with-no-edges-is-a-metric
/questions/43336697/edit-distance-with-a-twist
/questions/54799080/finding-words-in-long-string-within-edit-distance-ignoring-whitespace
/questions/65233291/how-can-i-sort-a-string-list-based-on-edit-distance-efficiently
/questions/34528125/fastest-dictionary-based-edit-distance
/questions/67088386/lucene-ignores-overwrite-fuzzy-edit-distance-in-queryparser
/questions/35941039/comput-edit-distance-between-2-very-large-strings
/questions/36973092/edit-distance-dynamic-programming-arent-insertion-and-deletion-the-same-thin
/questions/75169493/graph-edit-distance-for-connected-components-in-a-graph-considering-the-spatia
/questions/65831330/c-dynamic-programming-edit-distance
/questions/55950591/single-linkage-clustering-of-edit-distance-matrix-with-distance-threshold-stoppi
/questions/50845361/modification-to-hamming-distance-edit-distance
/questions/14228787/generating-a-list-of-distinct-distant-by-edit-distance-words-by-filtering
/questions/46136953/elasticsearch-edit-distance-using-fuzzy-is-inaccurate
/questions/68562766/how-to-find-the-weighted-edit-distance-between-two-strings-with-agrepl
/questions/52016479/nltk-edit-distance-lower-than-expected-for-tuple
/questions/40274209/calculate-editing-distance-with-levenshtein
/questions/49916880/dynamic-edit-distance
/questions/55435576/variation-of-finding-edit-distance-with-only-insertions-and-deletions
/questions/61364975/an-algorithm-for-computing-the-edit-distance-between-two-words
/questions/17565937/sort-solr-returned-result-in-spellchecker-by-edit-distance
/questions/878114/is-there-an-edit-distance-algorithm-that-takes-chunk-transposition-into-accoun
/questions/14616339/complexity-of-edit-distance-levenshtein-distance-recursion-top-down-implementa
/questions/65201018/edit-distance-problem-using-dp-getting-wrong-answer
/questions/7490028/finding-words-from-wordnet-separated-by-a-fixed-edit-distance-from-a-given-word
/questions/73896376/fuzzy-sentence-search-in-elasticsearch-based-on-edit-distance-of-words
/questions/56264958/how-to-visualize-mean-edit-distance-in-tensorboard-using-keras-callback
/questions/72930039/looking-for-edit-distance-implementation-with-operations
/questions/66636450/how-to-implement-alignment-through-traceback-for-levenshtein-edit-distance
/questions/63904996/how-do-i-calculate-the-graph-edit-distance-with-networkxpython
/questions/65550769/cluster-sequences-in-a-network-by-their-editing-distance-in-r
/questions/35392911/how-to-check-similarity-of-two-xml-trees-tree-edit-distance-in-c
/questions/26244241/edit-distance-dynamic-programing-for-very-large-input
/questions/17915172/tree-edit-distance-how-can-i-get-the-optimal-mapping
/questions/26244241/edit-distance-dynamic-programing-for-very-large-input
/questions/74873161/minimum-edit-distance-of-two-documents
/questions/74356601/solr-fuzzy-search-with-edit-distance-above-1
/questions/69151833/edit-based-distancematching-with-custom-character-substitution-distance
/questions/62451684/problems-with-networkx-optimal-edit-paths-graph-edit-distance
/questions/63742508/why-my-code-doesnt-print-the-right-command-of-the-edit-distance
/questions/3619784/how-to-configure-solr-lucene-to-perform-levenshtein-edit-distance-searching
/questions/10531293/distance-measure-of-sequences-string-edit
/questions/12886997/how-to-find-all-strings-at-a-given-edit-distance-from-a-given-string
/questions/40150444/why-the-definition-of-edit-distance-algorithm-in-stanford-nlp-course-plus-2-not
/questions/19352103/exact-matching-between-two-strings-linear-edit-distance
/questions/75860885/lucene-search-based-on-edit-distance-on-entire-text-rather-than-individual-token
/questions/10258539/is-there-any-modified-minimum-edit-distance-levenshteina-distance-for-incompl
/questions/10178043/levenshtein-edit-distance-algorithm-that-supports-transposition-of-two-adjacent
/questions/49900588/edit-distance-java
/questions/50170288/edit-distance-between-all-the-columns-of-a-pandas-dataframe
/questions/70563125/substring-matching-and-longest-common-subsequence-as-variation-of-edit-distance
/questions/32550864/edit-distance-algorithm-explanation
/questions/65537322/python-edit-distance-algorithm-with-dynamic-programming-and-2d-array-output-is
/questions/31394202/calculating-the-edit-distance-between-two-lists-of-integers-in-r
/questions/47903731/setting-an-upper-bound-for-a-levenshtein-edit-distance-in-python
/questions/55661988/edit-distance-between-the-facet-strip-and-the-plot
/questions/72134841/how-can-i-optimize-this-recursive-edit-distance-function-or-its-associated-data
/questions/67482141/string-edit-distance-in-python
/questions/3538750/edit-distance-algorithm-where-changes-can-be-made-to-entire-substrings
/questions/10727174/damerau-levenshtein-distance-edit-distance-with-transposition-c-implementation
/questions/41066394/difference-in-normalization-of-levenshtein-edit-distance
/questions/38248575/how-can-i-generate-all-variants-of-a-word-within-1-edit-distance-levenshtein
/questions/70877764/is-there-an-easy-way-to-calculate-the-graph-edit-distance-of-two-graphs-with-a-b
/questions/60303724/does-the-levenshtein-edit-distance-algorithm-perform-faster-than-onm-in-a-n
/questions/8009882/how-to-read-a-large-file-line-by-line
/questions/47156739/compute-edit-distance-for-a-dataframe-which-has-only-column-and-multiple-rows-in
/questions/31107070/how-to-set-the-default-edit-distance-in-fuzzy-search-from-2-to-1
/questions/36125166/how-to-add-new-column-to-data-frame-in-spark-by-deriving-edit-distance-data-fram
/questions/12632825/how-to-efficiently-check-if-the-levenshtein-edit-distance-between-two-string-is
/questions/38169332/more-efficient-way-of-finding-edit-distance-over-a-large-array
/questions/25232076/determining-a-sequence-of-edits-that-produces-the-levenshtein-distance
/questions/26904072/what-is-dynamic-programming-approach-for-this-version-of-minimum-edit-distance
/questions/72955327/can-i-use-edge-merge-operation-with-networkx-algorithms-for-graph-edit-dista
/questions/25138999/pymongo-how-to-find-edit-distance-of-field-value-and-a-input-string
/questions/67528639/construct-edit-matrix-for-levenshtein-distance
/questions/73802644/including-backtrace-pointers-with-symbols-in-a-python-output-of-a-dp-table-for-m
/questions/46235675/create-high-nr-of-random-sequences-with-min-edit-distance-time-efficient
/questions/40148063/is-there-any-algorithm-to-compute-edit-distance-between-two-graphs-including-sam
/questions/61701728/how-to-modify-the-levenshtein-edit-distance-function-to-be-more-flexible
/questions/18218318/edit-distance-in-java
/questions/37473924/perl-textfuzzy-different-string-giving-same-edit-distance
/questions/63448309/sql-edit-distance-how-have-you-handled-fuzzy-string-matching-using-sql-in-the-p
/questions/64492853/elasticsearch-inconsistency-in-the-fuzziness-parameter-with-edit-distance-when-u
/questions/17676537/python-multiprocessing-edit-distance-calculation
/questions/60085530/edit-distance-in-java-how-arrange-the-code
/questions/43232409/levenshtein-edit-distance-for-arbitrary-sequences
/questions/66025471/edit-distance-in-c-function-called-in-python-does-not-return-the-correct-result
/questions/26222082/what-modifications-should-be-done-in-edit-distance-algo-if-there-are-diffrent-we
/questions/63601690/finding-which-errors-are-detected-by-damerau-levenshtein-edit-distance-algorit
/questions/71385843/levenshtein-edit-distance-between-rows-and-columns
/questions/28025861/how-levenshteins-edit-distance-algorithm-works
/questions/57815791/how-to-analyze-the-time-complexity-and-space-complexity-of-the-edit-distance-usi
/questions/63115236/one-edit-distance-away
/questions/60761834/is-there-a-way-to-identify-or-return-characters-contributing-to-difference-betwe
/questions/58846949/how-to-calculate-graph-edit-distance-between-two-multi-graphs-using-networkx
/questions/26998960/edit-distance-similarity-sas
/questions/34439898/algorithm-to-find-all-substrings-of-a-string-within-a-given-edit-distance-of-ano
/questions/3974300/is-it-possible-to-calucate-the-edit-distance-between-a-regexp-and-a-string
/questions/47143825/what-algorithm-can-compute-the-edit-distance-between-two-strings-with-arbitrary
/questions/24599139/scala-find-edit-distance-for-all-elements-of-a-list-not-fitting-in-memory
/questions/28158984/minimum-edit-distance-of-two-anagrams-given-two-swap-operations
/questions/58545815/is-it-possible-for-a-2-letter-search-term-to-match-on-a-3-letter-indexed-term-if
/questions/59913660/finding-which-elements-in-a-vector-have-an-edit-distance-of-one-and-the-same-len
/questions/26225747/edit-distance-of-a-large-string-efficiently
/questions/5529652/analyze-text-lemmatization-edit-distance
/questions/75832754/edit-distance-graph-in-networkx
/questions/73190744/applying-some-edit-distance-function-in-pyspark
/questions/25540581/difference-between-jaro-winkler-and-levenshtein-distance
/questions/55487618/looking-for-python-library-which-can-perform-levenshtein-other-edit-distance-at
/questions/4520011/google-style-search-suggestions-with-levenshtein-edit-distance
/questions/42376887/computing-edit-distance-of-dna-sequence-python
/questions/2205540/algorithm-to-transform-one-word-to-another-through-valid-words
/questions/21528340/minimum-edit-distance-of-zig-zag-string
/questions/14651499/comparing-similar-strings-using-levenstein-edit-distance-ran-into-problems
/questions/45177604/using-python-to-extract-the-specific-edit-when-damerau-levenshtein-distance-equa
/questions/33971701/branch-and-bound-approach-to-the-edit-distance-algorithm
/questions/74905810/getting-bottlenecked-using-graph-edit-distance-for-networkx-graphs-any-good-alt
/questions/3419400/real-world-typo-statistics
/questions/56778960/given-a-list-of-strings-find-each-of-its-strings-closest-match-edit-distance
/questions/23305000/javascript-fuzzy-search-that-makes-sense
/questions/74335065/custom-edit-distance-weights-for-operations-in-lucene-fuzzysearch
/questions/4173579/implementing-levenshtein-distance-in-python
/questions/42680582/shortest-string-with-lowest-edit-distance-from-set-of-strings
/questions/55425213/how-to-measure-the-graph-edit-distance-by-considering-the-node-names
/questions/36452279/lucene-3-0-3-how-is-fuzzy-search-similarity-correlated-to-later-versions-edit
/questions/70623867/can-every-solution-of-the-edit-distance-problem-be-shown-on-the-matrix-obtained
/questions/74791743/group-by-edit-distance-between-rows-over-multiple-columns
/questions/11535625/similarity-scores-based-on-string-comparison-in-r-edit-distance
/questions/37731099/is-there-an-edit-distance-metric-which-doesnt-rely-on-order-at-all
/questions/54263097/diff-text-documents-but-ignore-single-character-differences-set-a-minimum-edit
/questions/44373727/performance-issue-edit-distance-for-large-strings-lcp-vs-levenshtein-vs-sift
/questions/49291984/modify-edit-distance-algorithm-between-two-text-strings-in-python
/questions/6104221/why-is-this-f-code-so-slow
/questions/23545186/available-code-to-compute-affine-gap-distance
/questions/11735576/levenshtein-algorithm-fail-fast-if-edit-distance-is-bigger-than-a-given-thresh
/questions/929975/is-levenshteins-distance-the-right-way-to-tackle-this-edit-steps-problem
/questions/54652303/in-r-distance-between-two-sentences-word-level-comparison-by-minimum-edit-dista
/questions/54286434/python-efficient-way-to-find-levenshtein-edit-distance-in-a-matrix
/questions/39601873/hashing-technique-for-strings-with-edit-distance-2
/questions/39408514/trying-to-implement-a-simple-edit-distance-module
/questions/33204719/edit-distance-solution-with-on-space-issue
/questions/16448452/given-the-pairwise-edit-distance-of-a-and-b-and-b-and-c-can-we-find-the-pairwis
/questions/51638807/add-counter-and-distance-to-dictionary
/questions/50629019/editing-distance-between-tick-marks
/questions/41440840/calculating-levenshtein-distance-between-two-strings
/questions/24150440/unable-to-follow-the-intuition-behind-minimum-edit-distance
/questions/3783375/kendall-tau-distance
/questions/2885747/how-can-i-optimize-retrieving-lowest-edit-distance-from-a-large-table-in-sql
/questions/7765037/pseudocode-for-script-to-check-transcription-accuracy-edit-distances
/questions/7923853/minimal-levenshtein-distance-fast-estimation
/questions/3367795/how-to-convert-python-cython-unicode-string-to-array-of-long-integers-to-do-lev
/questions/49143593/increasing-label-error-rate-edit-distance-and-fluctuating-loss
/questions/46392310/lavinshtein-distance-with-dictionary
/questions/20239530/reverse-levenshtein-distance
/questions/40209076/how-to-write-nested-loops-in-idiomatic-scala
/questions/5849139/levenshtein-distance-inferring-the-edit-operations-from-the-matrix
/questions/46022848/what-would-be-the-best-implementation-of-the-hash-function-if-the-eq-fun
/questions/13800541/implementing-edit-distance-method-using-recursion-results-in-object-heap-error
/questions/46328398/how-to-edit-the-finger-swipes-minimum-distance-gesture-to-uiscrollview-start-sc
/questions/71775229/edit-distance-for-a-four-digit-sequential-ranking-in-r-stringdist
/questions/63662802/most-effective-way-to-calculate-edit-distance-between-two-lists
/questions/64113621/how-to-normalize-levenshtein-distance-between-0-to-1
/questions/10425238/modifying-levenshtein-distance-for-positional-bias
/questions/21366631/how-do-i-use-a-trie-for-spell-checking
/questions/21366631/how-do-i-use-a-trie-for-spell-checking
/questions/58977759/how-to-optimize-levenstien-edit-distance-on-pandas-dataframe-using-python
/questions/26598228/redshift-any-ways-to-compute-fuzzy-string-similarity-string-edit-distance
/questions/47691142/computing-edit-distance-using-two-simple-columns-from-iris-dataset
/questions/25089155/given-two-words-which-are-anagrams-swap-one-word-only-adjacent-swapping-of-let
/questions/61784300/levenshtein-distance-with-substitution-deletion-and-insertion-count
/questions/44577241/extracting-syntactic-information-from-tweets-using-dbscan
/questions/46794378/levenshtein-distance-in-r-on-sentence-level
/questions/31061644/solr-spellchecks-top-suggestion-is-unexpected
/questions/10419027/fastest-way-find-the-edit-distance-of-a-word-given-a-list-of-million-words
/questions/42865667/computing-the-shortest-path-between-two-words
/questions/7027444/edit-levenstein-distance-with-time-stamp-different-paths-with-similar-minimal
/questions/34259872/java-lang-stringindexoutofboundsexceptionedit-distance-between-two-strings-is-o
/questions/64064268/c-levenshtein-program-works-only-with-txt-and-pdf-file
/questions/53875726/calculating-edit-distance-between-pandas-dataframe-column-values-and-a-given-str
/questions/67161272/is-there-a-way-to-perform-edit-distance-levenshtein-character-by-character-bet
/questions/45641867/dp-top-left-vs-bottom-right-table-filling-which-to-use-when
/questions/18797635/algorithm-for-levenshtein-distance-of-multi-dimensional-strings
/questions/75056506/getting-levenshtein-distance-from-diifflib-ndiff
/questions/49300619/clusters-of-words-with-hamming-distance-of-1
/questions/36994342/generate-test-cases-for-levenshtein-distance-implementation-with-quickcheck
/questions/32279487/average-value-when-comparing-each-element-with-each-other-element-in-a-list
/questions/37501234/edit-distance-algorithm-for-finding-minimum-operations-to-convert-one-string-to
/questions/17412543/semi-local-levenshtein-distance
/questions/34652172/displaying-output-in-shiny-main-panel-of-the-shiny-ui-code-is-running-without-a
/questions/52174062/list-off-diagonal-values-from-levenshtein-distance-matrix
/questions/37570711/declaring-2-dimensional-array-in-edit-distance-on-spoj-locally-gives-runtime-e
/questions/67088772/is-there-a-way-to-perform-edit-distance-between-two-string-columns-in-a-datafram
/questions/3810367/dictionary-based-named-entity-recognition-with-zero-edit-distance-lingpipe-luc
/questions/34551318/calculate-actual-distance-travelled-by-mobile
/questions/40798187/typeerror-unhashable-list
/questions/54797/how-do-you-implement-levenshtein-distance-in-delphi
/questions/37321936/edit-the-distance-between-two-inline-elements
/questions/15612475/two-whole-texts-similarity-using-levenshtein-distance
/questions/61627793/is-levenshtein-distance-related-to-largest-common-subsequence
/questions/32459196/adding-exceptions-to-levenshtein-distance-like-algorithm
/questions/35076173/find-minimum-levenshtein-distance-between-one-word-and-an-array-of-thousands
/questions/8229436/matching-oracle-duplicate-column-values-using-soundex-jaro-winkler-and-edit-dis
/questions/44490091/deletion-distance-between-2-strings
/questions/12122021/python-implementation-of-a-graph-similarity-grading-algorithm
/questions/32951123/efficient-way-to-sort-an-array-with-a-condition
/questions/63710629/why-my-levenshtein-distance-calculator-fails-with-pdf-file
/questions/59789697/best-string-comparison-algorithm-for-regex
/questions/68317267/find-a-word-in-a-list-of-words-that-has-minimum-distance-with-a-given-word
/questions/34599414/sort-an-array-of-strings-by-uniqueness
/questions/24492414/django-haystack-elasticsearch-how-to-return-results-with-a-small-edit-distan
/questions/72941481/fast-levenshtein-distance-calculation-against-large-list
/questions/20586743/matlab-best-match-of-a-sequence-within-a-matrix
/questions/50148945/not-converging-ctc-loss-and-fluctuating-label-error-rate-edit-distance-on-sing
/questions/46591551/manhattan-distance-and-triangle-inequality
/questions/36645644/convert-a-string-to-another-string-in-the-shortest-path
/questions/35908166/whats-the-difference-between-levenshtein-distance-and-the-wagner-fischer-algori
/questions/28335401/fast-string-retrieval-based-on-metric-distance-in-java
/questions/14401703/why-cant-i-normalize-this-random-unicode-string
/questions/59818124/vectorizing-distance-calculation-between-two-list
/questions/22417583/efficiently-compute-the-edit-distance-between-1-string-and-a-large-set-of-other
/questions/38341664/editing-elements-of-a-list-of-tuples-based-on-hamming-distance
/questions/32431452/given-two-strings-find-if-they-are-one-edit-away-from-each-other
/questions/13781898/levenshtein-distance-in-c-with-required-memory-of-om
/questions/63785689/how-to-calculate-inter-pupil-and-inter-ocular-distance-for-facial-landmarks-in-p
/questions/45366701/calculate-minimal-string-distance-and-find-row-which-minimizes-distance
/questions/73194837/lucene-fuzzyquery-not-working-for-random-search-terms
/questions/40194345/how-can-i-find-similar-substrings-between-two-strings-in-python
/questions/62602384/speed-up-a-med-function
/questions/71666999/is-there-an-r-function-to-do-a-pairwise-levenshtein-distance-calculation-of-two
/questions/51788558/reorder-strings-using-similarity-score-algorithm
/questions/23515895/levenshtein-distance-with-weight-penalty-for-adjacency
/questions/50237040/update-dataframe-column-by-comparing-with-existing-data-in-another-column-using
/questions/29686901/edit-fuzzy-c-means-function-to-take-haversine-formula-as-distance-metric
/questions/63994652/can-the-edit-distance-of-two-binary-numbers-of-unequal-length-be-approximated-wi
/questions/40002255/levenshtein-distance-with-non-uniform-cost-for-insertions-and-substitutions
/questions/63994652/can-the-edit-distance-of-two-binary-numbers-of-unequal-length-be-approximated-wi
/questions/69569286/fuzzy-search-a-positional-inverted-index
/questions/37319812/is-there-an-algorithm-for-fuzzy-search-like-levenshtein-distance-specialised-for
/questions/63115988/how-to-connect-two-nodes-if-they-are-disconnected
/questions/24190003/how-to-modify-levenshtein-algorithm-to-know-if-it-inserted-deleted-or-substit
/questions/45258965/does-perl-6-have-an-infinite-int
/questions/67731894/sorting-duration-and-distance-using-javascript
/questions/16007603/how-to-print-all-words-stored-in-a-tree-wherin-trie-has-been-implemented-using
/questions/13675839/generate-deletion-insertion-substitution-transpotions-for-a-string
/questions/65661825/does-it-matter-which-string-is-taken-along-the-row-and-column-in-min-edit-distan
/questions/34406141/comparing-file-paths-using-levenshtein-distance
/questions/11684270/what-tree-distance-libraries-in-javascript
/questions/56453110/debugging-levenshtein-distance-implementation-how-is-the-min-distance-being-ca
/questions/16192483/computing-net-distance-euclidean-distance-in-r
/questions/32923363/manhattan-distance-for-two-geolocations
/questions/11489811/what-to-return-when-exiting-early-from-a-recursive-function
/questions/52652590/levenshtein-distance-igonore-overhanging-bases
/questions/36698532/algorithm-to-compute-edit-set-for-transforming-one-string-into-another
/questions/28395319/lower-bound-of-recursive-levinshtein-algorithm
/questions/54138750/total-distance-calculation-from-latlng-list
/questions/30402131/dijkstra-path-not-only-distance
/questions/20012873/fast-fuzzy-approximate-search-in-dictionary-of-strings-in-ruby
/questions/55164469/tree-edit-distance-python-code-for-tree-bracket-format-converting-2-dimensiona
/questions/24758112/scalding-compare-strings-pairwise
/questions/33662565/data-mining-cluster-in-non-euclidean-spaces
/questions/15484047/clustering-string-data-with-elki
/questions/15484047/clustering-string-data-with-elki
/questions/57118414/how-to-choose-the-proper-maximum-value-for-damerau-levenshtein-distance
/questions/63866073/leaflet-screen-distance-to-latlng-distance
/questions/23545901/norvigs-spell-checker-how-he-implements-the-conditional-probability
/questions/22634518/how-to-get-distance-of-object-from-iphone-camera-using-image-exif-meta-data
/questions/34372194/elasticsearch-distance-sorting-and-calculation-incorrect-and-inaccurate
/questions/28534327/algorithm-to-compute-similarity-of-two-strings-in-javascript
/questions/6215885/optimize-the-code
/questions/59725981/finding-minimum-of-a-set-of-recursion-results
/questions/72794389/remove-pandas-rows-that-contain-approximate-string-matches
/questions/74970629/how-to-use-levenshtein-function-in-sequelize-orm
/questions/68525771/importing-distance-matrix-from-excel-to-python
/questions/18910524/levenshtein-distance-and-triangle-inequality
/questions/28244602/find-the-closest-string-using-ld-levenshtein-distance-against-a-large-number-o
/questions/1108965/taking-altitude-into-account-when-calculating-geodesic-distance
/questions/4449285/efficient-algorithm-for-shortest-distance-between-two-line-segments-in-1d
/questions/53253011/detect-the-total-added-up-scroll-distance
/questions/9515691/spelling-correction-algorithm
/questions/54969975/increase-line-height-based-on-the-x-distance
/questions/33648796/add-my-custom-loss-function-to-torch
/questions/3104331/approximate-estimation-of-distance-matrices
/questions/66324520/calculate-positional-proximity-of-two-multiword-exact-phrases-inside-a-large-tex
/questions/52578843/distance-between-two-signed-numbers
/questions/49142039/compute-total-distance-from-an-ordering-of-a-path
/questions/71872314/stringdist-distance-unexpectedly-large
/questions/46915922/why-is-greedy-decoding-outperforming-beam-decoding-for-a-ctc-network
/questions/62577480/distance-between-two-line-segments
/questions/48497756/time-series-distance-metric
/questions/48497756/time-series-distance-metric
/questions/51903744/edit-distance-with-findall-in-pandas
/questions/13810735/how-to-show-string-alignment
/questions/47043475/sorting-strings-on-a-circle
/questions/37130016/overload-c-set-insert
/questions/16173995/knitr-rmd-page-break-after-n-lines-n-distance
/questions/54879752/levenshtein-distance-from-index-0
/questions/64153684/generic-computation-of-distance-matrices-in-pytorch
/questions/15663777/c-sharp-array-distance-function
/questions/48045608/whats-wrong-with-my-euclidean-distance-calculation-julia
/questions/430142/what-algorithms-compute-directions-from-point-a-to-point-b-on-a-map
/questions/2414382/algorithm-used-for-auto-suggestion
/questions/58109568/how-to-return-just-distance-from-a-google-maps-distance-matrix
/questions/32456943/modify-levenshtein-distance-to-ignore-order
/questions/7421442/how-to-calculate-distance-between-two-cities-using-google-maps-api-v3
/questions/9797350/fast-infix-searching
/questions/20921468/how-to-sort-array-of-objectslatitude-longitude-by-nearest-distance
/questions/47282738/fuzzy-match-in-proc-sql-select-minimum-distance
/questions/17979839/deleting-a-word-from-a-specific-implementaion-of-trie-in-python
/questions/63981502/calculating-distance-between-dots-java
/questions/60097931/how-to-modify-levenshtein-algorithm-to-know-if-it-inserted-deleted-or-substit
/questions/38490531/similarity-between-more-than-two-strings-java
/questions/4250145/java-sort-by-distance
/questions/26697495/breaking-xor-repeated-key
/questions/13589251/ios-distance-of-route-between-two-locations-route-not-straight-line
/questions/33604518/google-maps-discrepancy-between-distance-calculated-for-original-path-and-dista
/questions/46674404/haversine-formula-total-distance
/questions/59824246/optimizing-travel-double-for-loop-using-swift
/questions/41818306/django-multiple-queries-optimization
/questions/39090211/r-interclass-distance-matrix
/questions/5192273/is-there-any-implementation-of-this-string-matching-method-in-python
/questions/30742835/levenshtein-matrix-cell-calculation
/questions/32672618/how-to-calculate-distance-in-km-between-two-points-using-geocoder
/questions/18069129/write-out-results-of-for-loop-of-distance-measures-in-matrix-form-in-r
/questions/7875784/manhattan-distance-is-over-estimating-and-making-me-crazy
/questions/22720452/proper-way-to-manually-install-a-python-library-osx-mavericks
/questions/11674791/string-match-by-tokens-concept-check
/questions/11496170/change-css-onhover-distance
/questions/30936805/yii2-selecting-distance-and-mapping-to-model
/questions/50054693/constructing-a-triangular-distance-matrix-dataframe-in-pyspark
/questions/61707979/why-does-indexing-a-string-inside-of-a-recursive-call-yield-a-different-result
/questions/52587239/issue-in-handling-nan-for-distance-calculation
/questions/16159770/minimum-distance-from-an-array
/questions/12753376/how-to-develop-a-spell-checker-and-suggester
/questions/55764104/image-thresholding-with-distance-measure
/questions/69314567/apache-solr-fuzzy-search-with-distance-parameter-as-2
/questions/21323784/use-absolute-pearson-correlation-as-distance-in-k-means-algorithm-matlab
/questions/49394478/python-hamming-distance-rewrite-countless-for-cycles-into-recursion
/questions/56199048/how-compute-lucene-fuzzyquery-on-top-graphdb-lucene-index
/questions/47698606/levenshtein-implementation-in-clojure-with-memoization
/questions/5031685/package-for-geocoding-street-location-and-next-calculation-of-distance
/questions/5532524/set-the-last-letters-of-a-string-equal-postgresql
/questions/50751087/how-to-calculate-distance-between-two-points-using-geosparql
/questions/55077761/minimize-distance-between-two-latitude-longitude-points
/questions/14070828/calculating-distance-in-consecutive-records
/questions/4777070/hamming-distance-on-binary-strings-in-sql
/questions/17221755/is-it-possible-to-find-the-distance-between-ticks-in-d3-js
/questions/71734579/find-distance-from-a-point-to-a-polygon
/questions/5112074/distance-between-two-convex-polygons-in-3d
/questions/2460177/edit-distance-in-python
/questions/45783385/normalizing-the-edit-distance
/questions/29910952/levenshtein-edit-distance-is-not-calculating-edit-distance
/questions/63131938/discriminate-edit-distance
/questions/849211/shortest-distance-between-a-point-and-a-line-segment
/questions/8783597/edit-distance-with-swaps
/questions/1564184/edit-distance-algorithm
/questions/30787098/explanation-of-normalized-edit-distance-formula
/questions/33147438/selective-edit-distance
/questions/15790545/edit-distance-with-accents
/questions/16399597/edit-distance-between-two-graphs
/questions/55146172/edit-distance-in-nodesqlite-in-arabic
/questions/69741184/equivalence-of-edit-distance-and-alignment-distance
/questions/67200097/is-it-always-true-that-the-edit-distance-of-two-strings-is-equal-to-the-edit-dis
/questions/51677436/is-there-a-sparse-edit-distance-algorithm
/questions/38442928/string-edit-distance-algorithm-confusion
/questions/41306542/maintaining-headers-in-edit-distance
/questions/38910618/efficiently-calculate-edit-distance-between-two-strings
/questions/22346648/weighted-unordered-string-edit-distance
/questions/5055839/word-level-edit-distance-of-a-sentence
/questions/11459861/python-edit-distance
/questions/40413578/edit-distance-matrix
/questions/8139958/algorithm-to-find-edit-distance-to-all-substrings
/questions/19582780/edit-distance-with-memoization
/questions/29962737/edit-distance-between-two-regular-expression
/questions/15955354/edit-distance-program
/questions/19217877/edit-distance-recursive-algorithm-skiena
/questions/26190262/faster-edit-distance-algorithm
/questions/1065247/how-do-i-calculate-tree-edit-distance
/questions/41229142/calculate-edit-distance-percentage
/questions/40786116/levenshtein-distance-in-python-giving-only-1-as-edit-distance
/questions/63609819/edit-distance-dynamic-approach
/questions/39580488/levenshtein-edit-distance-python
/questions/40435280/confused-about-the-edit-distance
/questions/39200111/neo4j-edit-distance-search
/questions/74016867/pyomo-examples-about-graph-edit-distance
/questions/50907502/levenshtein-edit-distance-and-different-sets-of-edits
/questions/71903598/calculating-graph-edit-distance
/questions/49496689/edit-distance-data-structure
/questions/74032119/pyomo-example-for-graph-edit-distance
/questions/21607413/edit-distance-similarity-in-lucene-solr
/questions/36827517/token-based-edit-distance-in-python
/questions/19716472/approximate-edit-distance-tree-exact-edit-path
/questions/17905660/mallet-how-to-implement-crf-based-edit-distance
/questions/33676087/edit-distance-string-and-list
/questions/44099095/how-to-group-sentences-by-edit-distance
/questions/41047574/percentage-edit-distance-from-array
/questions/35829857/similarity-matrix-for-weighted-edit-distance
/questions/14310259/minimal-edit-distance-between-two-circular-lists
/questions/10638597/minimum-edit-distance-reconstruction
/questions/45254702/edit-distance-ignore-start-end
/questions/14628753/calculating-the-complexity-of-levenshtein-edit-distance
/questions/11694624/edit-distance-variation
/questions/69308673/edit-distance-w-operational-weights-in-python
/questions/39820462/edit-distance-specifc-implementation-for-number-python
/questions/24089973/python-numpy-pairwise-edit-distance
/questions/2017655/suggestive-spelling-checker-based-on-edit-distance-and-lcs
/questions/45957481/levenshtein-edit-distance-with-separator-for-multi-character-units
/questions/48819439/quickly-check-large-database-for-edit-distance-similarity
/questions/24416625/tools-to-compute-graph-edit-distance-ged
/questions/43834069/weighted-minimum-edit-distance
/questions/50176369/error-in-dynamic-edit-distance
/questions/29233888/edit-distance-such-as-levenshtein-taking-into-account-proximity-on-keyboard
/questions/23974443/how-to-get-an-edit-distance-between-two-commits
/questions/56307965/customizing-fuzzywuzzy-string-matching-to-edit-distance-1
/questions/42051898/block-edit-distance-with-swapping-only
/questions/22263461/edit-distance-or-metaphone
/questions/42892617/edit-distance-between-two-pandas-columns
/questions/61658638/how-to-find-edit-distance-between-two-s-expressions
/questions/7036277/how-to-optimize-edit-distance-code
/questions/34236410/nzec-in-edit-distance-code
/questions/30996694/designing-an-algorithm-to-calculate-the-edit-distance-between-two-strings
/questions/38020817/computing-edit-distance-feed-dict-error
/questions/67273824/worst-case-time-complexity-of-edit-distance
/questions/24181269/how-to-group-strings-that-are-one-edit-distance
/questions/53900978/key-error-0-in-python-with-edit-distance
/questions/5446118/using-data-memocombinators-to-implement-edit-distance-algorithm
/questions/13199987/generate-regular-expression-for-given-string-and-edit-distance
/questions/59278065/how-to-find-the-edit-distance-levenshtein-distance-between-a-string-and-a-lang
/questions/4055488/how-to-modify-levenshteins-edit-distance-to-count-adjacent-letter-exchanges-as
/questions/26322976/explanation-of-ukkonens-algorithm-for-edit-distance
/questions/74710055/reducing-time-for-minimum-edit-distance-in-python
/questions/10273680/edit-distance-with-varying-dictionaries
/questions/60083582/graph-edit-distance-ged-and-non-isomorphic-graphs
/questions/15977624/how-to-combine-tf-idf-with-edit-distance-or-jaro-winkler-distance
/questions/73767334/numpy-implementation-of-edit-distance-algorithm
/questions/44377659/edit-distance-for-n-grams
/questions/53346327/calculating-edit-distance-on-successive-rows-of-a-spark-dataframe
/questions/30193484/is-it-possible-to-infer-the-edit-distance-using-a-unified-diff
/questions/26214206/edit-distance-solution-for-large-strings
/questions/27878097/fuzzy-string-matching-using-elasticsearchand-return-the-edit-distance-or-similar
/questions/70414244/edit-distance-leetcode
/questions/40389712/use-edit-distance-on-arrays-in-perl
/questions/35835942/proof-of-correct-of-the-dynamic-programming-approach-to-min-edit-distance
/questions/69512020/the-difference-in-application-between-sequencematcher-in-edit-distance-and-that
/questions/54534395/edit-distance-alike-algorithm-in-recursive
/questions/61001520/algorithm-to-find-one-edit-distance-words-from-input-word-using-levenshtein-dist
/questions/76041588/find-out-edit-distance-between-two-strings
/questions/60055659/formulate-edit-distance-as-matrix-multiplication
/questions/41578557/distance-edit-array-output
/questions/63365714/edit-distance-algorithm-special-issue
/questions/26303385/variation-of-edit-distance-algorithm-that-only-tracks-substitutions-and-insertio
/questions/57945176/normalizing-graph-edit-distance-to-0-1-networkx
/questions/72667941/editing-distance-with-limit-threshold
/questions/2073839/search-lucene-with-precise-edit-distances
/questions/13979390/edit-distance-explanation
/questions/31024077/what-does-transposition-mean-in-edit-distance-algorithm
/questions/28877326/word-level-edit-distance-between-two-sentences-in-r
/questions/54677194/edit-distance-between-the-words-comparing-between-two-strings
/questions/74962072/a-plot-showing-the-edit-distance-as-a-line-between-two-cities-the-thickness-o
/questions/47943185/using-damerau-levenshtein-edit-distance-to-modify-string
/questions/41132103/understanding-edit-distance-by-recursion
/questions/60980765/how-to-fit-strings-using-spaces-minimizing-edit-distance
/questions/54253477/input-networkx-graph-into-zss-algorithm-tree-edit-distance
/questions/21808022/finding-the-edit-distance-of-two-strings-with-recursion
/questions/33863462/javascript-find-edit-distance-not-returning-correct-value
/questions/11920494/most-efficient-edit-distance-to-identify-misspellings-in-names
/questions/14550143/can-not-understand-the-idea-usefulness-of-edit-distance-among-strings
/questions/53015099/calculating-minimum-edit-distance-for-unequal-strings-python
/questions/48069948/best-method-for-edit-distance-and-lcs-algorithms
/questions/15411928/edit-distance-library-in-java-supporting-user-cost-functions
/questions/37482734/elasticsearch-score-match-query-by-edit-distance
/questions/28530938/javascript-text-similarity-algorithm-in-percentage-based-on-edit-distance
/questions/35150560/how-to-calculate-edit-distance-between-two-string-of-integers-in-java
/questions/18023356/disambiguation-of-names-using-edit-distance
/questions/48953052/bigquery-query-with-edit-distance-udf-throws-error
/questions/5515025/edit-distance-algorithm-in-haskell-performance-tuning
/questions/62275915/efficient-edit-distance
/questions/27762689/anagram-string-edit-distance-algorithm-code
/questions/49779281/string-similarity-with-python-sqlite-levenshtein-distance-edit-distance
/questions/5857979/max-edit-distance-and-suggestion-based-on-word-frequency
/questions/22663523/custom-replacement-matrix-for-edit-distance-in-r
/questions/50355557/proving-the-edit-distance-between-graphs-with-no-edges-is-a-metric
/questions/43336697/edit-distance-with-a-twist
/questions/54799080/finding-words-in-long-string-within-edit-distance-ignoring-whitespace
/questions/65233291/how-can-i-sort-a-string-list-based-on-edit-distance-efficiently
/questions/34528125/fastest-dictionary-based-edit-distance
/questions/67088386/lucene-ignores-overwrite-fuzzy-edit-distance-in-queryparser
/questions/35941039/comput-edit-distance-between-2-very-large-strings
/questions/36973092/edit-distance-dynamic-programming-arent-insertion-and-deletion-the-same-thin
/questions/75169493/graph-edit-distance-for-connected-components-in-a-graph-considering-the-spatia
/questions/65831330/c-dynamic-programming-edit-distance
/questions/55950591/single-linkage-clustering-of-edit-distance-matrix-with-distance-threshold-stoppi
/questions/50845361/modification-to-hamming-distance-edit-distance
/questions/14228787/generating-a-list-of-distinct-distant-by-edit-distance-words-by-filtering
/questions/46136953/elasticsearch-edit-distance-using-fuzzy-is-inaccurate
/questions/68562766/how-to-find-the-weighted-edit-distance-between-two-strings-with-agrepl
/questions/52016479/nltk-edit-distance-lower-than-expected-for-tuple
/questions/40274209/calculate-editing-distance-with-levenshtein
/questions/49916880/dynamic-edit-distance
/questions/55435576/variation-of-finding-edit-distance-with-only-insertions-and-deletions
/questions/61364975/an-algorithm-for-computing-the-edit-distance-between-two-words
/questions/17565937/sort-solr-returned-result-in-spellchecker-by-edit-distance
/questions/878114/is-there-an-edit-distance-algorithm-that-takes-chunk-transposition-into-accoun
/questions/14616339/complexity-of-edit-distance-levenshtein-distance-recursion-top-down-implementa
/questions/65201018/edit-distance-problem-using-dp-getting-wrong-answer
/questions/7490028/finding-words-from-wordnet-separated-by-a-fixed-edit-distance-from-a-given-word
/questions/73896376/fuzzy-sentence-search-in-elasticsearch-based-on-edit-distance-of-words
/questions/56264958/how-to-visualize-mean-edit-distance-in-tensorboard-using-keras-callback
/questions/72930039/looking-for-edit-distance-implementation-with-operations
/questions/66636450/how-to-implement-alignment-through-traceback-for-levenshtein-edit-distance
/questions/63904996/how-do-i-calculate-the-graph-edit-distance-with-networkxpython
/questions/65550769/cluster-sequences-in-a-network-by-their-editing-distance-in-r
/questions/35392911/how-to-check-similarity-of-two-xml-trees-tree-edit-distance-in-c
/questions/26244241/edit-distance-dynamic-programing-for-very-large-input
/questions/17915172/tree-edit-distance-how-can-i-get-the-optimal-mapping
/questions/26244241/edit-distance-dynamic-programing-for-very-large-input
/questions/74873161/minimum-edit-distance-of-two-documents
/questions/74356601/solr-fuzzy-search-with-edit-distance-above-1
/questions/69151833/edit-based-distancematching-with-custom-character-substitution-distance
/questions/62451684/problems-with-networkx-optimal-edit-paths-graph-edit-distance
/questions/63742508/why-my-code-doesnt-print-the-right-command-of-the-edit-distance
/questions/3619784/how-to-configure-solr-lucene-to-perform-levenshtein-edit-distance-searching
/questions/10531293/distance-measure-of-sequences-string-edit
/questions/12886997/how-to-find-all-strings-at-a-given-edit-distance-from-a-given-string
/questions/40150444/why-the-definition-of-edit-distance-algorithm-in-stanford-nlp-course-plus-2-not
/questions/19352103/exact-matching-between-two-strings-linear-edit-distance
/questions/75860885/lucene-search-based-on-edit-distance-on-entire-text-rather-than-individual-token
/questions/10258539/is-there-any-modified-minimum-edit-distance-levenshteina-distance-for-incompl
/questions/10178043/levenshtein-edit-distance-algorithm-that-supports-transposition-of-two-adjacent
/questions/49900588/edit-distance-java
/questions/50170288/edit-distance-between-all-the-columns-of-a-pandas-dataframe
/questions/70563125/substring-matching-and-longest-common-subsequence-as-variation-of-edit-distance
/questions/32550864/edit-distance-algorithm-explanation
/questions/65537322/python-edit-distance-algorithm-with-dynamic-programming-and-2d-array-output-is
/questions/31394202/calculating-the-edit-distance-between-two-lists-of-integers-in-r
/questions/47903731/setting-an-upper-bound-for-a-levenshtein-edit-distance-in-python
/questions/55661988/edit-distance-between-the-facet-strip-and-the-plot
/questions/72134841/how-can-i-optimize-this-recursive-edit-distance-function-or-its-associated-data
/questions/67482141/string-edit-distance-in-python
/questions/3538750/edit-distance-algorithm-where-changes-can-be-made-to-entire-substrings
/questions/10727174/damerau-levenshtein-distance-edit-distance-with-transposition-c-implementation
/questions/41066394/difference-in-normalization-of-levenshtein-edit-distance
/questions/38248575/how-can-i-generate-all-variants-of-a-word-within-1-edit-distance-levenshtein
/questions/70877764/is-there-an-easy-way-to-calculate-the-graph-edit-distance-of-two-graphs-with-a-b
/questions/60303724/does-the-levenshtein-edit-distance-algorithm-perform-faster-than-onm-in-a-n
/questions/8009882/how-to-read-a-large-file-line-by-line
/questions/47156739/compute-edit-distance-for-a-dataframe-which-has-only-column-and-multiple-rows-in
/questions/31107070/how-to-set-the-default-edit-distance-in-fuzzy-search-from-2-to-1
/questions/36125166/how-to-add-new-column-to-data-frame-in-spark-by-deriving-edit-distance-data-fram
/questions/12632825/how-to-efficiently-check-if-the-levenshtein-edit-distance-between-two-string-is
/questions/38169332/more-efficient-way-of-finding-edit-distance-over-a-large-array
/questions/25232076/determining-a-sequence-of-edits-that-produces-the-levenshtein-distance
/questions/26904072/what-is-dynamic-programming-approach-for-this-version-of-minimum-edit-distance
/questions/72955327/can-i-use-edge-merge-operation-with-networkx-algorithms-for-graph-edit-dista
/questions/25138999/pymongo-how-to-find-edit-distance-of-field-value-and-a-input-string
/questions/67528639/construct-edit-matrix-for-levenshtein-distance
/questions/73802644/including-backtrace-pointers-with-symbols-in-a-python-output-of-a-dp-table-for-m
/questions/46235675/create-high-nr-of-random-sequences-with-min-edit-distance-time-efficient
/questions/40148063/is-there-any-algorithm-to-compute-edit-distance-between-two-graphs-including-sam
/questions/61701728/how-to-modify-the-levenshtein-edit-distance-function-to-be-more-flexible
/questions/18218318/edit-distance-in-java
/questions/37473924/perl-textfuzzy-different-string-giving-same-edit-distance
/questions/63448309/sql-edit-distance-how-have-you-handled-fuzzy-string-matching-using-sql-in-the-p
/questions/64492853/elasticsearch-inconsistency-in-the-fuzziness-parameter-with-edit-distance-when-u
/questions/17676537/python-multiprocessing-edit-distance-calculation
/questions/60085530/edit-distance-in-java-how-arrange-the-code
/questions/43232409/levenshtein-edit-distance-for-arbitrary-sequences
/questions/66025471/edit-distance-in-c-function-called-in-python-does-not-return-the-correct-result
/questions/26222082/what-modifications-should-be-done-in-edit-distance-algo-if-there-are-diffrent-we
/questions/63601690/finding-which-errors-are-detected-by-damerau-levenshtein-edit-distance-algorit
/questions/71385843/levenshtein-edit-distance-between-rows-and-columns
/questions/28025861/how-levenshteins-edit-distance-algorithm-works
/questions/57815791/how-to-analyze-the-time-complexity-and-space-complexity-of-the-edit-distance-usi
/questions/63115236/one-edit-distance-away
/questions/60761834/is-there-a-way-to-identify-or-return-characters-contributing-to-difference-betwe
/questions/58846949/how-to-calculate-graph-edit-distance-between-two-multi-graphs-using-networkx
/questions/26998960/edit-distance-similarity-sas
/questions/34439898/algorithm-to-find-all-substrings-of-a-string-within-a-given-edit-distance-of-ano
/questions/3974300/is-it-possible-to-calucate-the-edit-distance-between-a-regexp-and-a-string
/questions/47143825/what-algorithm-can-compute-the-edit-distance-between-two-strings-with-arbitrary
/questions/24599139/scala-find-edit-distance-for-all-elements-of-a-list-not-fitting-in-memory
/questions/28158984/minimum-edit-distance-of-two-anagrams-given-two-swap-operations
/questions/58545815/is-it-possible-for-a-2-letter-search-term-to-match-on-a-3-letter-indexed-term-if
/questions/59913660/finding-which-elements-in-a-vector-have-an-edit-distance-of-one-and-the-same-len
/questions/26225747/edit-distance-of-a-large-string-efficiently
/questions/5529652/analyze-text-lemmatization-edit-distance
/questions/75832754/edit-distance-graph-in-networkx
/questions/73190744/applying-some-edit-distance-function-in-pyspark
/questions/25540581/difference-between-jaro-winkler-and-levenshtein-distance
/questions/55487618/looking-for-python-library-which-can-perform-levenshtein-other-edit-distance-at
/questions/4520011/google-style-search-suggestions-with-levenshtein-edit-distance
/questions/42376887/computing-edit-distance-of-dna-sequence-python
/questions/2205540/algorithm-to-transform-one-word-to-another-through-valid-words
/questions/21528340/minimum-edit-distance-of-zig-zag-string
/questions/14651499/comparing-similar-strings-using-levenstein-edit-distance-ran-into-problems
/questions/45177604/using-python-to-extract-the-specific-edit-when-damerau-levenshtein-distance-equa
/questions/33971701/branch-and-bound-approach-to-the-edit-distance-algorithm
/questions/74905810/getting-bottlenecked-using-graph-edit-distance-for-networkx-graphs-any-good-alt
/questions/3419400/real-world-typo-statistics
/questions/56778960/given-a-list-of-strings-find-each-of-its-strings-closest-match-edit-distance
/questions/23305000/javascript-fuzzy-search-that-makes-sense
/questions/74335065/custom-edit-distance-weights-for-operations-in-lucene-fuzzysearch
/questions/4173579/implementing-levenshtein-distance-in-python
/questions/42680582/shortest-string-with-lowest-edit-distance-from-set-of-strings
/questions/55425213/how-to-measure-the-graph-edit-distance-by-considering-the-node-names
/questions/36452279/lucene-3-0-3-how-is-fuzzy-search-similarity-correlated-to-later-versions-edit
/questions/70623867/can-every-solution-of-the-edit-distance-problem-be-shown-on-the-matrix-obtained
/questions/74791743/group-by-edit-distance-between-rows-over-multiple-columns
/questions/11535625/similarity-scores-based-on-string-comparison-in-r-edit-distance
/questions/37731099/is-there-an-edit-distance-metric-which-doesnt-rely-on-order-at-all
/questions/54263097/diff-text-documents-but-ignore-single-character-differences-set-a-minimum-edit
/questions/44373727/performance-issue-edit-distance-for-large-strings-lcp-vs-levenshtein-vs-sift
/questions/49291984/modify-edit-distance-algorithm-between-two-text-strings-in-python
/questions/6104221/why-is-this-f-code-so-slow
/questions/23545186/available-code-to-compute-affine-gap-distance
/questions/11735576/levenshtein-algorithm-fail-fast-if-edit-distance-is-bigger-than-a-given-thresh
/questions/929975/is-levenshteins-distance-the-right-way-to-tackle-this-edit-steps-problem
/questions/54652303/in-r-distance-between-two-sentences-word-level-comparison-by-minimum-edit-dista
/questions/54286434/python-efficient-way-to-find-levenshtein-edit-distance-in-a-matrix
/questions/39601873/hashing-technique-for-strings-with-edit-distance-2
/questions/39408514/trying-to-implement-a-simple-edit-distance-module
/questions/33204719/edit-distance-solution-with-on-space-issue
/questions/16448452/given-the-pairwise-edit-distance-of-a-and-b-and-b-and-c-can-we-find-the-pairwis
/questions/51638807/add-counter-and-distance-to-dictionary
/questions/50629019/editing-distance-between-tick-marks
/questions/41440840/calculating-levenshtein-distance-between-two-strings
/questions/24150440/unable-to-follow-the-intuition-behind-minimum-edit-distance
/questions/3783375/kendall-tau-distance
/questions/2885747/how-can-i-optimize-retrieving-lowest-edit-distance-from-a-large-table-in-sql
/questions/7765037/pseudocode-for-script-to-check-transcription-accuracy-edit-distances
/questions/7923853/minimal-levenshtein-distance-fast-estimation
/questions/3367795/how-to-convert-python-cython-unicode-string-to-array-of-long-integers-to-do-lev
/questions/49143593/increasing-label-error-rate-edit-distance-and-fluctuating-loss
/questions/46392310/lavinshtein-distance-with-dictionary
/questions/20239530/reverse-levenshtein-distance
/questions/40209076/how-to-write-nested-loops-in-idiomatic-scala
/questions/5849139/levenshtein-distance-inferring-the-edit-operations-from-the-matrix
/questions/46022848/what-would-be-the-best-implementation-of-the-hash-function-if-the-eq-fun
/questions/13800541/implementing-edit-distance-method-using-recursion-results-in-object-heap-error
/questions/46328398/how-to-edit-the-finger-swipes-minimum-distance-gesture-to-uiscrollview-start-sc
/questions/71775229/edit-distance-for-a-four-digit-sequential-ranking-in-r-stringdist
/questions/63662802/most-effective-way-to-calculate-edit-distance-between-two-lists
/questions/64113621/how-to-normalize-levenshtein-distance-between-0-to-1
/questions/10425238/modifying-levenshtein-distance-for-positional-bias
/questions/21366631/how-do-i-use-a-trie-for-spell-checking
/questions/21366631/how-do-i-use-a-trie-for-spell-checking
/questions/58977759/how-to-optimize-levenstien-edit-distance-on-pandas-dataframe-using-python
/questions/26598228/redshift-any-ways-to-compute-fuzzy-string-similarity-string-edit-distance
/questions/47691142/computing-edit-distance-using-two-simple-columns-from-iris-dataset
/questions/25089155/given-two-words-which-are-anagrams-swap-one-word-only-adjacent-swapping-of-let
/questions/61784300/levenshtein-distance-with-substitution-deletion-and-insertion-count
/questions/44577241/extracting-syntactic-information-from-tweets-using-dbscan
/questions/46794378/levenshtein-distance-in-r-on-sentence-level
/questions/31061644/solr-spellchecks-top-suggestion-is-unexpected
/questions/10419027/fastest-way-find-the-edit-distance-of-a-word-given-a-list-of-million-words
/questions/42865667/computing-the-shortest-path-between-two-words
/questions/7027444/edit-levenstein-distance-with-time-stamp-different-paths-with-similar-minimal
/questions/34259872/java-lang-stringindexoutofboundsexceptionedit-distance-between-two-strings-is-o
/questions/64064268/c-levenshtein-program-works-only-with-txt-and-pdf-file
/questions/53875726/calculating-edit-distance-between-pandas-dataframe-column-values-and-a-given-str
/questions/67161272/is-there-a-way-to-perform-edit-distance-levenshtein-character-by-character-bet
/questions/45641867/dp-top-left-vs-bottom-right-table-filling-which-to-use-when
/questions/18797635/algorithm-for-levenshtein-distance-of-multi-dimensional-strings
/questions/75056506/getting-levenshtein-distance-from-diifflib-ndiff
/questions/49300619/clusters-of-words-with-hamming-distance-of-1
/questions/36994342/generate-test-cases-for-levenshtein-distance-implementation-with-quickcheck
/questions/32279487/average-value-when-comparing-each-element-with-each-other-element-in-a-list
/questions/37501234/edit-distance-algorithm-for-finding-minimum-operations-to-convert-one-string-to
/questions/17412543/semi-local-levenshtein-distance
/questions/34652172/displaying-output-in-shiny-main-panel-of-the-shiny-ui-code-is-running-without-a
/questions/52174062/list-off-diagonal-values-from-levenshtein-distance-matrix
/questions/37570711/declaring-2-dimensional-array-in-edit-distance-on-spoj-locally-gives-runtime-e
/questions/67088772/is-there-a-way-to-perform-edit-distance-between-two-string-columns-in-a-datafram
/questions/3810367/dictionary-based-named-entity-recognition-with-zero-edit-distance-lingpipe-luc
/questions/34551318/calculate-actual-distance-travelled-by-mobile
/questions/40798187/typeerror-unhashable-list
/questions/54797/how-do-you-implement-levenshtein-distance-in-delphi
/questions/37321936/edit-the-distance-between-two-inline-elements
/questions/15612475/two-whole-texts-similarity-using-levenshtein-distance
/questions/61627793/is-levenshtein-distance-related-to-largest-common-subsequence
/questions/32459196/adding-exceptions-to-levenshtein-distance-like-algorithm
/questions/35076173/find-minimum-levenshtein-distance-between-one-word-and-an-array-of-thousands
/questions/8229436/matching-oracle-duplicate-column-values-using-soundex-jaro-winkler-and-edit-dis
/questions/44490091/deletion-distance-between-2-strings
/questions/12122021/python-implementation-of-a-graph-similarity-grading-algorithm
/questions/32951123/efficient-way-to-sort-an-array-with-a-condition
/questions/63710629/why-my-levenshtein-distance-calculator-fails-with-pdf-file
/questions/59789697/best-string-comparison-algorithm-for-regex
/questions/68317267/find-a-word-in-a-list-of-words-that-has-minimum-distance-with-a-given-word
/questions/34599414/sort-an-array-of-strings-by-uniqueness
/questions/24492414/django-haystack-elasticsearch-how-to-return-results-with-a-small-edit-distan
/questions/72941481/fast-levenshtein-distance-calculation-against-large-list
/questions/20586743/matlab-best-match-of-a-sequence-within-a-matrix
/questions/50148945/not-converging-ctc-loss-and-fluctuating-label-error-rate-edit-distance-on-sing
/questions/46591551/manhattan-distance-and-triangle-inequality
/questions/36645644/convert-a-string-to-another-string-in-the-shortest-path
/questions/35908166/whats-the-difference-between-levenshtein-distance-and-the-wagner-fischer-algori
/questions/28335401/fast-string-retrieval-based-on-metric-distance-in-java
/questions/14401703/why-cant-i-normalize-this-random-unicode-string
/questions/59818124/vectorizing-distance-calculation-between-two-list
/questions/22417583/efficiently-compute-the-edit-distance-between-1-string-and-a-large-set-of-other
/questions/38341664/editing-elements-of-a-list-of-tuples-based-on-hamming-distance
/questions/32431452/given-two-strings-find-if-they-are-one-edit-away-from-each-other
/questions/13781898/levenshtein-distance-in-c-with-required-memory-of-om
/questions/63785689/how-to-calculate-inter-pupil-and-inter-ocular-distance-for-facial-landmarks-in-p
/questions/45366701/calculate-minimal-string-distance-and-find-row-which-minimizes-distance
/questions/73194837/lucene-fuzzyquery-not-working-for-random-search-terms
/questions/40194345/how-can-i-find-similar-substrings-between-two-strings-in-python
/questions/62602384/speed-up-a-med-function
/questions/71666999/is-there-an-r-function-to-do-a-pairwise-levenshtein-distance-calculation-of-two
/questions/51788558/reorder-strings-using-similarity-score-algorithm
/questions/23515895/levenshtein-distance-with-weight-penalty-for-adjacency
/questions/50237040/update-dataframe-column-by-comparing-with-existing-data-in-another-column-using
/questions/29686901/edit-fuzzy-c-means-function-to-take-haversine-formula-as-distance-metric
/questions/63994652/can-the-edit-distance-of-two-binary-numbers-of-unequal-length-be-approximated-wi
/questions/40002255/levenshtein-distance-with-non-uniform-cost-for-insertions-and-substitutions
/questions/63994652/can-the-edit-distance-of-two-binary-numbers-of-unequal-length-be-approximated-wi
/questions/69569286/fuzzy-search-a-positional-inverted-index
/questions/37319812/is-there-an-algorithm-for-fuzzy-search-like-levenshtein-distance-specialised-for
/questions/63115988/how-to-connect-two-nodes-if-they-are-disconnected
/questions/24190003/how-to-modify-levenshtein-algorithm-to-know-if-it-inserted-deleted-or-substit
/questions/45258965/does-perl-6-have-an-infinite-int
/questions/67731894/sorting-duration-and-distance-using-javascript
/questions/16007603/how-to-print-all-words-stored-in-a-tree-wherin-trie-has-been-implemented-using
/questions/13675839/generate-deletion-insertion-substitution-transpotions-for-a-string
/questions/65661825/does-it-matter-which-string-is-taken-along-the-row-and-column-in-min-edit-distan
/questions/34406141/comparing-file-paths-using-levenshtein-distance
/questions/11684270/what-tree-distance-libraries-in-javascript
/questions/56453110/debugging-levenshtein-distance-implementation-how-is-the-min-distance-being-ca
/questions/16192483/computing-net-distance-euclidean-distance-in-r
/questions/32923363/manhattan-distance-for-two-geolocations
/questions/11489811/what-to-return-when-exiting-early-from-a-recursive-function
/questions/52652590/levenshtein-distance-igonore-overhanging-bases
/questions/36698532/algorithm-to-compute-edit-set-for-transforming-one-string-into-another
/questions/28395319/lower-bound-of-recursive-levinshtein-algorithm
/questions/54138750/total-distance-calculation-from-latlng-list
/questions/30402131/dijkstra-path-not-only-distance
/questions/20012873/fast-fuzzy-approximate-search-in-dictionary-of-strings-in-ruby
/questions/55164469/tree-edit-distance-python-code-for-tree-bracket-format-converting-2-dimensiona
/questions/24758112/scalding-compare-strings-pairwise
/questions/33662565/data-mining-cluster-in-non-euclidean-spaces
/questions/15484047/clustering-string-data-with-elki
/questions/15484047/clustering-string-data-with-elki
/questions/57118414/how-to-choose-the-proper-maximum-value-for-damerau-levenshtein-distance
/questions/63866073/leaflet-screen-distance-to-latlng-distance
/questions/23545901/norvigs-spell-checker-how-he-implements-the-conditional-probability
/questions/22634518/how-to-get-distance-of-object-from-iphone-camera-using-image-exif-meta-data
/questions/34372194/elasticsearch-distance-sorting-and-calculation-incorrect-and-inaccurate
/questions/28534327/algorithm-to-compute-similarity-of-two-strings-in-javascript
/questions/6215885/optimize-the-code
/questions/59725981/finding-minimum-of-a-set-of-recursion-results
/questions/72794389/remove-pandas-rows-that-contain-approximate-string-matches
/questions/74970629/how-to-use-levenshtein-function-in-sequelize-orm
/questions/68525771/importing-distance-matrix-from-excel-to-python
/questions/18910524/levenshtein-distance-and-triangle-inequality
/questions/28244602/find-the-closest-string-using-ld-levenshtein-distance-against-a-large-number-o
/questions/1108965/taking-altitude-into-account-when-calculating-geodesic-distance
/questions/4449285/efficient-algorithm-for-shortest-distance-between-two-line-segments-in-1d
/questions/53253011/detect-the-total-added-up-scroll-distance
/questions/9515691/spelling-correction-algorithm
/questions/54969975/increase-line-height-based-on-the-x-distance
/questions/33648796/add-my-custom-loss-function-to-torch
/questions/3104331/approximate-estimation-of-distance-matrices
/questions/66324520/calculate-positional-proximity-of-two-multiword-exact-phrases-inside-a-large-tex
/questions/52578843/distance-between-two-signed-numbers
/questions/49142039/compute-total-distance-from-an-ordering-of-a-path
/questions/71872314/stringdist-distance-unexpectedly-large
/questions/46915922/why-is-greedy-decoding-outperforming-beam-decoding-for-a-ctc-network
/questions/62577480/distance-between-two-line-segments
/questions/48497756/time-series-distance-metric
/questions/48497756/time-series-distance-metric
/questions/51903744/edit-distance-with-findall-in-pandas
/questions/13810735/how-to-show-string-alignment
/questions/47043475/sorting-strings-on-a-circle
/questions/37130016/overload-c-set-insert
/questions/16173995/knitr-rmd-page-break-after-n-lines-n-distance
/questions/54879752/levenshtein-distance-from-index-0
/questions/64153684/generic-computation-of-distance-matrices-in-pytorch
/questions/15663777/c-sharp-array-distance-function
/questions/48045608/whats-wrong-with-my-euclidean-distance-calculation-julia
/questions/430142/what-algorithms-compute-directions-from-point-a-to-point-b-on-a-map
/questions/2414382/algorithm-used-for-auto-suggestion
/questions/58109568/how-to-return-just-distance-from-a-google-maps-distance-matrix
/questions/32456943/modify-levenshtein-distance-to-ignore-order
/questions/7421442/how-to-calculate-distance-between-two-cities-using-google-maps-api-v3
/questions/9797350/fast-infix-searching
/questions/20921468/how-to-sort-array-of-objectslatitude-longitude-by-nearest-distance
/questions/47282738/fuzzy-match-in-proc-sql-select-minimum-distance
/questions/17979839/deleting-a-word-from-a-specific-implementaion-of-trie-in-python
/questions/63981502/calculating-distance-between-dots-java
/questions/60097931/how-to-modify-levenshtein-algorithm-to-know-if-it-inserted-deleted-or-substit
/questions/38490531/similarity-between-more-than-two-strings-java
/questions/4250145/java-sort-by-distance
/questions/26697495/breaking-xor-repeated-key
/questions/13589251/ios-distance-of-route-between-two-locations-route-not-straight-line
/questions/33604518/google-maps-discrepancy-between-distance-calculated-for-original-path-and-dista
/questions/46674404/haversine-formula-total-distance
/questions/59824246/optimizing-travel-double-for-loop-using-swift
/questions/41818306/django-multiple-queries-optimization
/questions/39090211/r-interclass-distance-matrix
/questions/5192273/is-there-any-implementation-of-this-string-matching-method-in-python
/questions/30742835/levenshtein-matrix-cell-calculation
/questions/32672618/how-to-calculate-distance-in-km-between-two-points-using-geocoder
/questions/18069129/write-out-results-of-for-loop-of-distance-measures-in-matrix-form-in-r
/questions/7875784/manhattan-distance-is-over-estimating-and-making-me-crazy
/questions/22720452/proper-way-to-manually-install-a-python-library-osx-mavericks
/questions/11674791/string-match-by-tokens-concept-check
/questions/11496170/change-css-onhover-distance
/questions/30936805/yii2-selecting-distance-and-mapping-to-model
/questions/50054693/constructing-a-triangular-distance-matrix-dataframe-in-pyspark
/questions/61707979/why-does-indexing-a-string-inside-of-a-recursive-call-yield-a-different-result
/questions/52587239/issue-in-handling-nan-for-distance-calculation
/questions/16159770/minimum-distance-from-an-array
/questions/12753376/how-to-develop-a-spell-checker-and-suggester
/questions/55764104/image-thresholding-with-distance-measure
/questions/69314567/apache-solr-fuzzy-search-with-distance-parameter-as-2
/questions/21323784/use-absolute-pearson-correlation-as-distance-in-k-means-algorithm-matlab
/questions/49394478/python-hamming-distance-rewrite-countless-for-cycles-into-recursion
/questions/56199048/how-compute-lucene-fuzzyquery-on-top-graphdb-lucene-index
/questions/47698606/levenshtein-implementation-in-clojure-with-memoization
/questions/5031685/package-for-geocoding-street-location-and-next-calculation-of-distance
/questions/5532524/set-the-last-letters-of-a-string-equal-postgresql
/questions/50751087/how-to-calculate-distance-between-two-points-using-geosparql
/questions/55077761/minimize-distance-between-two-latitude-longitude-points
/questions/14070828/calculating-distance-in-consecutive-records
/questions/4777070/hamming-distance-on-binary-strings-in-sql
/questions/17221755/is-it-possible-to-find-the-distance-between-ticks-in-d3-js
/questions/71734579/find-distance-from-a-point-to-a-polygon
/questions/5112074/distance-between-two-convex-polygons-in-3d
