/questions/604453/analyze-audio-using-fast-fourier-transform
/questions/3873725/fast-fourier-transform-in-c-sharp
/questions/1688410/when-calculating-the-fast-fourier-transform
/questions/14010605/fast-fourier-transform-in-r
/questions/9439047/fast-fourier-transform-in-erlang
/questions/75892250/fast-fourier-transform-of-a-signal
/questions/4885578/fast-fourier-transformation-in-java
/questions/25735153/plotting-a-fast-fourier-transform-in-python
/questions/43473319/symmetric-fast-fourier-transform
/questions/36975076/gsl-fast-fourier-transform-nonsense-output
/questions/14279333/fast-fourier-transform-algorithm-implementation-with-mapreduce
/questions/30653210/fast-fourier-transform-for-images
/questions/7861211/fast-fourier-transformation-in-winforms
/questions/35170056/implementing-fast-fourier-transform-in-msp430-microcontroller
/questions/8478142/fast-fourier-transform-fft-for-lua
/questions/38956089/spike-centered-on-zero-in-fast-fourier-transform
/questions/9883831/the-fast-fourier-transform-transform-of-image-processing
/questions/71302734/applying-cnn-to-fast-time-fourier-transform
/questions/42743015/frequency-computation-and-fast-fourier-transform-in-matlab
/questions/46211487/apodization-mask-for-fast-fourier-transforms-in-python
/questions/13342972/comparative-analysis-of-fast-fourier-transform-fft-algorithms-on-android
/questions/64176002/fast-fourier-transform-of-csv-data
/questions/4991227/what-is-the-fast-fourier-transform
/questions/19276295/fast-fourier-transform-for-non-log-2
/questions/73776335/how-to-convert-image-in-fast-fourier-transform-signal
/questions/57662698/generating-correlated-random-potential-using-fast-fourier-transform
/questions/54868294/how-to-apply-fast-fourier-transform-using-multiple-csv-files
/questions/14790822/fast-fourier-transform-using-numpy-why-it-looks-like-this
/questions/5994669/dataflow-diagram-or-pseudo-code-for-fast-fourier-transform
/questions/36552197/fast-fourier-transform-using-excels-vba
/questions/75576643/fast-fourier-transform-denoising-python
/questions/13054363/matlab-fast-fourier-transform-fft-for-time-and-speed
/questions/24079873/how-to-compute-fast-fourier-transform-aka-fft-using-ffmpeg
/questions/13891009/how-do-you-do-a-fast-fourier-transform-in-maxima-the-computer-algebra-system
/questions/58986105/how-can-i-convert-arduino-signal-from-python-to-fast-fourier-transform
/questions/30374868/blur-a-matrix-using-fast-fourier-transforms
/questions/67370212/how-to-output-a-spectrum-fast-fourier-transform-on-c
/questions/1241797/what-is-the-recommended-python-module-for-fast-fourier-transforms-fft
/questions/785680/fast-fourier-transform-using-a-vandermonde-matrix-evaluation-of-co-efficients
/questions/57910616/fast-fourier-transform-of-1d-and-3d-arrays
/questions/3224823/how-exactly-do-you-compute-the-fast-fourier-transform
/questions/26014375/fourier-coefficients-for-nfft-non-uniform-fast-fourier-transform
/questions/31773176/fast-fourier-function-for-image-transformation-problems
/questions/27440070/fast-fourier-transform-for-harmonic-analysis
/questions/73787152/template-matching-for-rotated-images-using-a-fast-fourier-transform
/questions/14293652/is-fast-fourier-transform-algorithm-appropriate-for-image-gradient-computation
/questions/74309377/window-function-after-fast-fourier-transform
/questions/68897438/fast-fourier-transform-optimization-how-to-pre-calculate-exponential
/questions/5255474/fast-fourier-transform
/questions/38812611/numpys-fast-fourier-transform-yields-unexpected-results
/questions/71661932/i-want-to-find-the-time-displacement-curve-through-inverse-fast-fourier-transfor
/questions/13636758/fast-fourier-transform-fft-with-time-associated-data-python
/questions/26485931/incorrect-data-length-when-invoking-fast-fourier-transform-in-aforge
/questions/53439915/evaluating-the-fast-fourier-transform-of-gaussian-function-in-fortran-using-fftw
/questions/53654712/implementation-of-own-fast-fourier-transform-algorithm-does-not-work
/questions/8265243/how-to-perform-a-2d-fast-fourier-transform-in-c
/questions/36670240/fast-quaternion-fourier-transform-of-color-image-in-python
/questions/55495835/android-audio-recording-applying-fast-fourier-transform
/questions/26020758/fast-fourier-transforms-on-gpu-on-ios
/questions/65043578/getting-correct-frequencies-using-a-fast-fourier-transform
/questions/26097659/how-can-i-calculate-bits-perminute-using-fast-fourier-transform
/questions/15119064/do-i-need-to-resize-the-image-to-2a-x-2b-before-performing-a-fast-fourier-tran
/questions/56502417/passing-gpumat-directly-to-cufftexecc2c-function-for-doing-fast-fourier-transfor
/questions/27364879/determining-the-amplitude-for-a-specific-cycle-frequency-using-a-fast-fourier
/questions/170394/an-implementation-of-the-fast-fourier-transform-fft-in-c-sharp
/questions/64917920/extract-amplitude-and-phase-using-scipy-fft-fast-fourier-transform
/questions/69747278/fast-fourier-transform-algorithm-wrong-by-a-single-minus-sign
/questions/38108185/how-to-use-the-fft-fast-fourier-transform-in-matlab
/questions/19363114/fast-fourier-transform-difference-in-result-between-wolframalpha-and-commons-mat
/questions/36819703/is-there-any-way-to-use-youtube-api-stream-to-do-fast-fourier-transform-with-c-s
/questions/12249275/computational-complexity-of-an-n-dimensional-fast-fourier-transform
/questions/30335105/how-to-calculate-a-sum-of-products-of-array-elements-using-a-fast-fourier-transf
/questions/10465079/implementing-a-fast-fourier-transform-for-option-pricing
/questions/10272644/fast-fourier-transform-results-frequency-axis-scale
/questions/46753286/image-processing-and-fast-fourier-transformation
/questions/19285684/fast-fourier-transform-for-deasonalizing-data-in-matlab
/questions/53584022/fast-fourier-transform-on-wav-file-gives-weird-results
/questions/60761394/python-numpy-fft-fast-fourier-transform-weird-results
/questions/34225398/create-equally-spaced-data-from-sensor-data-to-apply-fast-fourier-transform
/questions/33112427/fast-fourier-transform-output-manipulation-in-ruby
/questions/59986326/fast-fourier-transform-for-varying-period-order-analysis
/questions/74833420/interpolation-via-fast-discrete-fourier-transform-with-chebyshev-extreme-points
/questions/37015321/gsl-fast-fourier-transform-non-zero-imaginary-for-transformed-gaussian
/questions/27780790/fast-fourier-cosine-transform-for-poisson-equation-with-all-zero-neumann-boundar
/questions/22729830/fast-fourier-transform-and-clustering-of-time-series
/questions/59172407/fast-fourier-transform-in-python
/questions/70797544/python-scipy-fft-huge-y-scale-of-fast-fourier-transform
/questions/64836221/correct-ordering-of-array-for-numpy-fast-fourier-transform
/questions/43161621/how-to-get-pitches-from-a-wav-buffer-in-java-fast-fourier-transform
/questions/70087662/picking-up-high-frequency-in-fast-fourier-transform-and-inverse-fourier-transfor
/questions/37014966/gsl-fast-fourier-transform-double-valued-gaussian
/questions/41998644/opencv-c-convert-image-to-vector-of-doubles-for-fft-fast-fourier-transfor
/questions/65026004/how-to-execute-a-fast-fourier-transform-in-a-loss-function-for-neural-network-tr
/questions/32728492/fast-fourier-transform-in-processing-of-an-input-signal-from-arduino
/questions/66097816/fast-fourier-transformfft-problem-with-fourier-resolution
/questions/61092701/flat-lines-in-fast-fourier-transform-using-numpy
/questions/22335577/how-to-apply-data-parallelim-on-haskell-fast-fourier-transformation
/questions/70093892/scipy-fast-fourier-transform-doesnt-recognize-the-signal
/questions/67075773/fast-fourier-transform-for-tensor-product-spaces-in-julia
/questions/15032178/inverse-fast-fourier-transform-in-matlab
/questions/67137596/using-gekko-with-fast-fourier-transform
/questions/75315536/why-does-my-own-implementation-of-fast-fourier-transform-in-n-dimensions-give-di
/questions/6350747/simultaneous-inverse-fast-fourier-transform-of-two-real-functions
/questions/35328168/output-array-after-performing-fast-fast-fourier-transform-of-a-data-set
/questions/49905827/computational-complexity-of-n-dimensional-discrete-fourier-transform
/questions/53514937/fast-fourier-transform-went-wrong
/questions/43414050/1d-fast-fourier-transform
/questions/10643697/fast-fourier-transform-pseudocode
/questions/48269429/changing-the-inverse-fast-fourier-transform-ifft-to-use-an-arbitrary-waveform
/questions/38316538/fast-fourier-transform-javascript
/questions/72868973/how-to-plot-fast-fourier-transform-data-as-a-function-of-frequencies-in-python
/questions/73516669/react-native-how-to-use-fast-fourier-transform-with-my-data
/questions/1921384/strange-artefact-in-my-fourier-transform
/questions/69231300/fast-fourier-transformation-in-python-using-scipy
/questions/5701116/fourier-transform-of-experimental-data
/questions/8419522/fast-fourier-transform-in-matlab
/questions/55687641/why-the-need-for-a-mask-when-performing-fast-fourier-transform
/questions/15900854/fast-fourier-transform-in-android
/questions/76491963/understanding-the-spectrum-obtained-after-fast-fourier-transform-application-or
/questions/55886911/fast-fourier-transform-using-templated-derived-classes-undefined-reference-er
/questions/55886911/fast-fourier-transform-using-templated-derived-classes-undefined-reference-er
/questions/71937789/fast-fourier-transform-on-python
/questions/17259949/memoryerror-during-fast-fourier-transform-on-an-image-using-numpy-arrays-under-w
/questions/31922776/how-to-create-the-complex-representation-from-magnitude-and-phase-information-to
/questions/71288848/inverse-fast-fourier-transform-implementation
/questions/48039153/c-image-2d-fast-fourier-transform
/questions/11355705/fast-fourier-transform-polynomial-multiplication
/questions/53523267/fast-fourier-transform-adjust-scaling
/questions/776719/fast-fourier-transform-multiplying-polynomials
/questions/27954264/magnitude-values-within-fast-fourier-transformation-fft-are-different-by-constan
/questions/7027155/fast-fourier-transformation-rounding-errors
/questions/72330515/how-to-compute-the-gradient-of-a-multidimensional-array-using-numpys-fast-fouri
/questions/13366463/how-to-get-data-from-a-notepad-file-and-use-fft-fast-fourier-transform-on-it
/questions/74724781/cant-plot-results-of-matlab-2d-fast-fourier-transform
/questions/11806104/inverse-fast-fourier-transform-algorithm-on-android
/questions/60579529/how-to-calculate-and-plot-the-fast-fourier-transform-of-sla-data-3-d-matrix-in
/questions/26270665/how-fft-fast-fourier-transform-works
/questions/52358184/how-to-calculate-frequency-with-fast-fourier-transformation
/questions/28991809/using-fast-fourier-transform-on-matlab
/questions/57132555/fast-fourier-transform-with-negative-amplitude
/questions/4502546/help-with-excel-fast-fourier-transform
/questions/16481735/fast-fourier-transform-with-complex-numbers-from-a-file
/questions/65601771/fast-fourier-transform-performance-in-python
/questions/27765575/fast-fourier-cosine-transform-in-two-dimension-by-using-fftw3-library
/questions/47399677/fast-fourier-transform-and-hamming-window
/questions/33574349/fast-fourier-transform-open-code-in-c
/questions/962426/processing-audio-data-using-fourier-transforms-in-java
/questions/68935666/how-can-i-see-fast-fourier-transform-makes-sense-by-an-easy-example
/questions/55971972/numpy-fast-fourier-transform-fft-does-not-work-on-sine-wave-generated-in-audac
/questions/5462741/fast-fourier-transform-library-from-exocortex-dsp
/questions/30172517/inverse-fast-fourier-transform-different-phases
/questions/31108849/fast-fourier-transform-in-ruby-on-rails
/questions/17746020/performing-2d-fast-fourier-transform-in-r
/questions/8208974/how-to-perform-fft2d-fast-fourier-transform-2d-r-g-b-color-component
/questions/15031544/extract-fast-fourier-transform-data-from-file
/questions/68994290/fast-fourier-transform-plot-looks-strange
/questions/36558773/fast-fourier-transform-in-opengl-compute-shader
/questions/58512844/strange-result-from-fast-fourier-transform-signal-reconstruction
/questions/43145797/calculating-frequency-present-in-fast-fourier-transform
/questions/66675657/fast-fourier-transform-for-an-accelerometer-in-python
/questions/16995980/fast-fourier-transform-apply-window-and-overlap
/questions/42872628/dm-script-why-does-the-fourier-transform-of-gaussian-kenel-needs-modulus
/questions/54578896/how-to-use-fast-fourier-transform-to-execute-convolution-of-matrix
/questions/17872207/fast-fourier-transform-with-microphone-input-data-in-as3
/questions/74064834/would-multithreading-help-a-fast-fourier-transform
/questions/66374644/numerical-fourier-transform-of-complex-gaussian-in-python
/questions/49344116/fast-fourier-transform-algorithm-and-technical-analysis
/questions/15643298/inverse-fast-fourier-transform-for-frequency-range
/questions/10592950/tree-for-fast-fourier-transform-polynomial-evaluation
/questions/60107969/3d-vibration-data-with-fast-fourier-transform
/questions/47252459/dividing-fourier-transform-by-factor-n
/questions/8162562/is-there-a-package-in-r-that-gives-normalized-inverse-fft
/questions/25029900/calculating-w-for-ntt-integer-fast-fourier-transform
/questions/50807849/fast-fourier-transform-for-low-frequency-signals-in-the-webaudio-api-javascrip
/questions/43390970/fast-fourier-transform-for-radial-forces-in-python
/questions/36080500/how-to-use-fast-fourier-transform-for-the-complex-values-in-matlab
/questions/69356006/fast-fourier-transform-of-subset-of-vibration-dataset
/questions/55718291/how-to-transform-a-fft-fast-fourier-transform-into-a-polar-transformation-with
/questions/45560016/impact-of-data-intervals-in-fast-fourier-transform
/questions/42222612/plotstft-plotting-short-time-fast-fourier-transform
/questions/25821062/fast-fourier-transform-of-frequency-analysis-in-labview
/questions/56741972/assume-pixel-is-circular-in-fast-fourier-transform
/questions/74167256/land-masking-and-fast-fourier-transformation
/questions/29937134/fast-fourier-transform-in-objective-c-doesnt-work-fine
/questions/75757000/result-in-fast-fourier-transform-in-python-is-different
/questions/12049407/build-sample-data-for-apache-commons-fast-fourier-transform-algorithm
/questions/34948516/optimizing-fourier-transformed-signal-length
/questions/28149500/run-fftfast-fourier-transform-in-splash2-benchmark
/questions/59265603/how-to-find-period-of-signal-autocorrelation-vs-fast-fourier-transform-vs-power
/questions/27343129/fast-fourier-transform-in-r-what-am-i-doing-wrong
/questions/32540833/applying-fast-fourier-transform-with-a-specific-product-function
/questions/53738747/forward-and-backward-fast-fourier-transform-shuift-by-half-period
/questions/48298724/fast-fourier-transform-on-motor-vibration-signal-in-python
/questions/43843171/python-fast-fourier-transform-for-very-noisy-data
/questions/56814851/bi-dimensional-fast-fourier-transformation-problem
/questions/56814851/bi-dimensional-fast-fourier-transformation-problem
/questions/61123700/car-vibration-evaluated-by-fast-fourier-transform-in-octave
/questions/56298915/casting-complex-values-discards-imaginary-part-on-fast-fourier-algorithm
/questions/3671935/help-with-fftfast-fourier-transforms-and-or-dsp
/questions/54865473/understanding-the-output-from-the-fast-fourier-transform-method
/questions/5794322/any-open-source-fast-fourier-transform-c-implementation
/questions/62940099/python-discrete-fourier-transformation
/questions/54795804/doubling-input-array-when-using-numpy-for-fast-fourier-transforms
/questions/69504465/does-r-have-inverse-fast-fourier-transform-function
/questions/66088759/frequency-resolutionor-increment-of-fftfast-fourier-transform
/questions/72127577/scipy-fourier-transform-keyerror-aligned
/questions/71391680/why-fast-fourier-convolution-does-not-work-in-set-parameter-ratio-gin-and-rati
/questions/28351388/fast-fourier-transform-and-time-series-forecasting-in-r
/questions/43301016/fast-fourier-transform-the-first-element-is-correct-but-the-rest-are-not
/questions/3484136/on-the-fly-calculation-of-fourier-transformation-in-java
/questions/11843221/fast-fourier-transform-of-the-recorded-wav-file-in-android
/questions/75601118/sine-wave-generation-in-flutter-using-fft-fast-fourier-transform
/questions/56797881/how-to-properly-scale-frequency-axis-in-fast-fourier-transform
/questions/75448760/fast-fourier-transform-fft-aggregation-on-spark-dataframe-groupby
/questions/8934125/how-plot-the-riemann-zeta-zero-spectrum-with-the-fourier-transform-in-mathematic
/questions/4033083/guitar-chord-recognition-algorithm
/questions/30527902/numpy-fft-fast-fourier-transformation-of-1-dimensional-array
/questions/55434171/python-fourier-transform-wrong-frequency
/questions/29657480/how-to-fourier-transform-an-interferogramm-to-an-ir-spectrum-using-r
/questions/1673490/how-to-convert-from-inverse-fast-fourier-transform-to-wav
/questions/1676294/c-sharp-library-to-do-fft-and-ifft
/questions/65982521/why-does-python-use-karatsuba-algorithm-for-its-multiplication-isnt-fft-faster
/questions/38675473/fft-fast-fourier-transform-to-speed-up-opencv-in-python
/questions/24186941/2-dimensional-fast-fourier-transform-3-d-plot-in-matlab
/questions/10319251/fourier-transform-and-fourier-descriptors-to-extract-shapes-features-on-java
/questions/69587046/why-is-matlab-function-fft-not-working-for-certain-equations
/questions/34750957/c-fftw-fast-fourier-transforms-with-complex-numbers
/questions/76552794/scipy-fast-fourier-transform-returning-0-hz-at-infinite-amplitude
/questions/33516097/fourier-transformation-algorithms
/questions/22473489/shift-in-inverse-fourier-transform
/questions/67724173/can-somebody-explain-how-to-model-seasonality-in-timeseries-via-fast-fourier-tr
/questions/74838452/how-to-apply-band-pass-filter-using-fast-fourier-transform
/questions/53996423/number-theory-transform-recursive-algorithm
/questions/21302677/how-to-use-aubio-framework-in-ios
/questions/8052721/how-to-manage-a-2d-fourier-transformfft-on-a-3d-numpy-masked-array
/questions/12134208/matlab-fft-fast-fourier-transform-function-of-non-log-base2-numbers
/questions/68283157/fast-fourier-transforms-on-existing-dataframe-is-showing-unexpexted-results
/questions/30989915/typeerror-src-data-type-15-is-not-supported
/questions/67992691/how-to-calculate-95-confidence-level-of-fourier-transform-in-python
/questions/65660991/plot-a-fourier-transform-of-a-sin-wav-with-matplotlib
/questions/74337905/how-to-convert-tensorflow-tensor-to-numpy-array-from-given-example
/questions/69524112/i-did-fftfast-fourier-transform-but-i-cant-understand-python
/questions/55519419/how-fft-points-should-be-rescaled-to-get-the-same-results-as-the-analytical-solu
/questions/48391059/trying-to-implement-fast-fourier-transform-for-vectors-of-length-power-of-2
/questions/33157019/performing-fft-to-find-fundamental-frequencies-of-a-polyphonic-audio-sample
/questions/51552649/convert-an-image-into-an-fourier-image-in-python-3
/questions/73170733/fast-fourier-transform-np-fft-fft-how-to-mask-ignore-some-indices-in-array
/questions/17286997/python-fast-fourier-coefficients-filtering-and-thresholding-deciding
/questions/41352207/how-to-plot-fft-of-a-function-defined-in-terms-of-an-integral-in-matlab
/questions/2983982/fft-algorithm-implementation-with-hadoop
/questions/21966265/compute-fft-in-php-for-array-of-numbers
/questions/28465398/given-all-roots-how-do-i-find-the-coefficients-of-a-polynomial-in-time-faster-t
/questions/74108787/how-can-i-use-fft-fast-fourier-transform-with-p5-js-in-react
/questions/20382053/fast-fourier-transformation-algorithm-library-for-motion-data-in-processing-re
/questions/6438094/fft-example-for-j2me
/questions/16204779/access-violation-while-trying-to-compute-fft-fast-fourier-transform-of-2-image
/questions/6620544/fast-fourier-transform-fft-input-and-output-to-analyse-the-frequency-of-audio
/questions/10406191/where-to-start-with-fourier-analysis
/questions/18753064/fftw-and-online-dft-calculator-get-different-results
/questions/61975931/acoustic-signal-processing-using-python
/questions/19767886/c-and-c-sharp-array-and-void-conversion
/questions/44298249/building-a-shared-library-using-android-studio-regarding-ffmpeg-libav-fast-fou
/questions/10758315/understanding-matlab-fft-example
/questions/5632443/use-digital-signal-processors-to-accelerate-calculations-in-the-same-fashion-tha
/questions/8587531/improving-the-speed-of-fft-implementation
/questions/62721942/invalid-expression-running-gnuplot-in-bash-script
/questions/21583170/java-how-do-i-convert-a-byte-containing-multiple-doubles-into-a-double
/questions/24407075/python-memory-error-whilst-loading-values-to-get-a-fourier-transform
/questions/25636574/pass-wave-pcm-byte-array-to-fft-for-pitch-detection
/questions/13395406/setting-up-a-spectrum-analyser-in-iphone-using-accelerate-framework
/questions/69790882/speeding-up-berlekamp-welch-algorithm-using-fft-for-shamir-secret-share
/questions/6994900/given-mp3-is-it-possible-to-break-out-different-instruments-using-fast-fourier
/questions/4708613/graphing-the-pitch-frequency-of-a-sound
/questions/44770632/fft-division-for-fast-polynomial-division
/questions/43114619/fft-why-is-the-frequency-bin-resolution-dependent-on-time
/questions/6701733/asymptotically-optimal-way-to-find-the-sum-of-three-elements-of-an-array-closest
/questions/12237836/get-the-code-of-functions-in-matlab
/questions/2572891/how-are-ffts-different-from-dfts-and-how-would-one-go-about-implementing-them-in
/questions/49896177/how-to-generate-random-samples-of-gaussian-distribution-directly-in-the-frequenc
/questions/63127636/bandpass-filter-output-fourier-transform
/questions/7820348/fft-calculation-from-introduction-to-algorithm
/questions/70007981/how-do-i-remove-negative-frequencies-after-a-fourier-transform
/questions/10890970/what-is-a-circuit
/questions/37183413/what-does-top-right-corner-value-in-fast-fourier-transformation-fft-show
/questions/42719196/which-input-format-is-the-best-for-sound-recognition-in-recurrent-neural-network
/questions/65215702/using-python-to-convert-wav-file-to-csv-file-before-feed-the-data-into-fft-for-a
/questions/19220716/how-to-get-audio-samples-into-form-where-i-can-analyse-it
/questions/29658578/what-is-wrong-with-my-fourier-transformation-convolution-in-mathnet-numerics
/questions/66024435/how-can-i-detect-the-stripe-noise-of-images
/questions/61796518/what-does-the-axis-parameter-in-numpy-fft-fft-mean
/questions/32929725/numpy-ifft-error
/questions/21799600/what-is-the-difference-between-the-return-of-fft-fft2-applied-to-a-matrix
/questions/1515977/how-to-smoothen-a-plot-in-matlab
/questions/24781733/fft-of-large-data-16gb-using-matlab
/questions/44431647/what-is-the-value-of-fft-returned-in-python
/questions/1320403/math-used-in-3d-game-engine-programming
/questions/10575767/evaluating-polynomials
/questions/11752898/threaded-fft-in-enthought-python
/questions/49412940/how-to-call-fft-with-pythran
/questions/5036550/trying-to-solve-an-unknwon-segmentation-fault-in-c
/questions/61470949/opencv-detecting-brightest-line-on-fft
/questions/34379290/library-rt-not-found-on-mac-while-configuring-sfft-sparse-fast-fourier-transfo
/questions/53366791/how-i-should-create-complex-number-from-image-data-for-fast-fourier-transform-f
/questions/63495617/the-sum-of-fft-of-direct-and-reversed-signal
/questions/48744696/fftw-libray-how-to-properly-plot-an-output
/questions/66164583/javascript-multiply-function-cannot-be-found
/questions/58314092/plot-an-interferogram-as-a-function-of-time-in-matlab
/questions/72138719/how-do-you-turn-an-audio-wave-represented-by-values-into-a-wavetable-using-fast
/questions/75800960/is-it-possible-to-get-exactly-the-same-results-from-tf-signal-frame-followed-by
/questions/74839276/how-to-get-the-amplitude-of-psd
/questions/44528744/using-fast-fourier-transform-fft-to-create-a-logxsx-vs-log-x-plot
/questions/23083649/fourier-transformation-with-missing-values
/questions/20751241/polynomial-to-the-power-n-algorithm
/questions/393490/where-can-i-find-a-good-fft-sample-implementation-tutorial
/questions/31141755/power-spectral-density-from-accelerometer-data
/questions/33025831/in-what-circumstances-would-one-use-bit-shifting-operators-in-a-for-loops-termin
/questions/8120966/fft-on-audio-file-in-android
/questions/1120422/is-there-an-fft-that-uses-a-logarithmic-division-of-frequency
/questions/39810967/toeplitz-matrix-vector-multiplication-in-r
/questions/75279106/how-do-i-find-plot-and-output-the-peaks-of-a-live-plotted-fast-fourier-transfo
/questions/1640638/how-to-record-to-wav-from-microphone-after-applying-fast-fourier-transform-and
/questions/20551707/fourier-transform-floating-point-issues
/questions/66310583/how-do-i-create-a-node-in-openvx-framework-to-find-the-fftfast-fourier-transfor
/questions/14891332/values-after-fft
/questions/44719887/how-to-correctly-apply-fft-function-to-a-dataframe
/questions/73426790/how-to-remove-first-three-harmonics-from-a-daily-data-time-series
/questions/4804119/how-do-i-set-up-a-buffer-when-doing-an-fft-using-the-accelerate-framework
/questions/14846583/template-matching-using-fft-more-efficient-with-gray-scale-images
/questions/54891251/about-the-fft-function
/questions/861958/understanding-sch%c3%b6nhage-strassen-algorithm-huge-integer-multiplication
/questions/57180456/fft-time-series-with-no-change-in-data
/questions/14477454/apply-fft-to-a-both-channels-of-a-stereo-signal-separately
/questions/43308745/how-to-downsample-fourier-complex-values
/questions/14479406/how-to-perform-the-fft-to-a-wave-file-using-naudio
/questions/76525007/using-c-within-python-code-for-faster-fourier-transform
/questions/47793699/call-matlab-ifft-from-c
/questions/69888603/how-to-find-peaks-of-fft-graph-using-python
/questions/54695231/how-write-complex-numbers-to-one-csv-file-in-each-row
/questions/30622956/can-getid3-get-data-of-mp3-file-that-is-input-for-fft
/questions/58018810/what-is-the-significance-of-the-output-of-this-fft-function
/questions/68368458/reconciling-difference-in-fft-output-between-pytorch-1-5-0-and-pytorch-1-9-0
/questions/19040975/python-fast-fourier-transform-data-points-0-when-the-vector-being-passed-thro
/questions/30544456/how-to-inverse-fft-in-arduino
/questions/19040975/python-fast-fourier-transform-data-points-0-when-the-vector-being-passed-thro
/questions/28184166/level-out-fft-graph-processing
/questions/5572127/java-android-distorted-audio-using-fft-in-realtime
/questions/34453745/how-to-pass-computer-audio-to-a-program-for-visualization-purposes
/questions/47228283/numpy-finding-complex-conjugate
/questions/56363784/how-to-convert-alphabets-to-numerical-values-with-spaces-and-return-it-back-to-a
/questions/20994741/formula-amplitude-using-fft
/questions/13010141/fft-frequency-of-sound
/questions/59358082/amplitude-from-scipy-fft
/questions/22445836/order-of-output-in-scipy-fftpack-fft2
/questions/5511250/capturing-sound-for-analysis-and-visualizing-frequencies-in-android
/questions/13242896/can-i-use-3rd-party-libraries-in-windows-phone-7-1
/questions/71618350/cuda-graph-problem-results-not-computed-for-the-first-iteration
/questions/60617518/detect-handwritten-characters-in-boxes-from-a-filled-form-using-fourier-transfor
/questions/42951666/monetdb-embedded-r-aggregate-function-with-multiple-output-columns
/questions/58920812/squaring-a-polynomial-versus-multiplying-the-polynomial-with-itself-using-fft
/questions/66772493/computing-fourier-series-to-represent-data-points
/questions/33224135/taking-ifft2-of-data-set-and-what-is-means
/questions/21873377/compute-fft-in-php-language
/questions/57474667/limitated-accuracy-of-numpy-fft-below-a-certain-value
/questions/40363809/faster-way-to-go-from-cartesian-to-polar-in-c
/questions/64987032/understanding-fourier-transform-components-on-time-series-data
/questions/45463018/fft-algorithm-yields-imprecise-results
/questions/31930712/problems-calulating-fft-in-swift
/questions/17948038/does-divide-and-conquer-really-win-against-the-increased-memory-allocation
/questions/27564526/clear-out-the-ecg-signal
/questions/38857263/how-do-fourier-processing-algorithms-deal-with-data-edges
/questions/12661132/are-there-open-source-libraries-to-build-audio-visualizations-for-ios
/questions/13570828/using-scipy-fft-and-ifft-to-solve-ordinary-differential-equation-numerically
/questions/50239631/interpolating-between-two-fourier-transforms-over-time
/questions/11215162/how-to-perform-a-fast-dct-discrete-cosine-transform-in-r
/questions/23244423/plotting-two-different-equations-on-the-same-graph-matlab
/questions/61064091/xamarin-convert-mp3-to-pcm16-wav-to-access-raw-bytes
/questions/5990864/extracting-notes-from-chords-in-c-sharp
/questions/12963746/fft-on-eeg-signal-in-android-understanding-the-code
/questions/71677123/image-processing-for-blur-detection
/questions/16541155/ifft-function-in-r
/questions/40036629/how-many-flops-for-fft
/questions/36289319/how-would-i-compile-kiss-fft-to-use-the-double-data-type-c
/questions/34619320/python-fft-parallel-computing
/questions/31999725/fft-calculating-incorrectly-swift
/questions/57782776/compare-multiple-signals-using-fft-in-r
/questions/29318955/use-fft-fft-to-compute-a-riemann-sum
/questions/64205981/find-frequency-and-amplitude-of-a-signal-matlab
/questions/54247385/how-to-implement-2d-fft-using-c-or-glsl-for-converting-image-to-frequency-space
/questions/42461466/unable-to-generate-coefficient-matrix-in-matlab
/questions/71524691/fourier-result-on-time-series-explained-python
/questions/38687356/cropping-image-in-matlab
/questions/67902702/why-does-this-white-noise-spectrum-have-a-peak-for-freq-0
/questions/43647669/c-sharp-with-xamarin-queue-any-and-queue-count-0-does-not-prevent-exceptio
/questions/73564813/l-bfgs-solver-how-to-include-uncertainty-when-reconstructing-complex-valued-fun
/questions/65480162/how-to-remove-repititve-pattern-from-an-image-using-fft
/questions/66461724/how-to-store-noise-as-a-variable-from-the-fourier-transformation-in-python
/questions/73217005/how-can-i-visualize-neurosity-brainwave-api-data-in-react-js
/questions/22678791/setting-elements-of-an-array-equal-to-zero
/questions/45767915/segfault-core-dumped
/questions/58807084/complexity-of-multiplying-two-polynomials-with-different-degree
/questions/68052432/how-to-process-a-wav-file-with-an-analyzernode-in-typescript
/questions/47796207/subsetting-affects-viewnp-float64-behaviour
/questions/7998521/comparing-not-identical-sound-files
/questions/3502390/communicate-with-a-android-service
/questions/58808303/finding-fourier-coefficients-algorithm
/questions/64228239/type-mismatch-arrayvba-in-recursion-function
/questions/29781497/translating-an-fft-function-from-python-2-x-to-python-3-x-and-computing-the-iff
/questions/43412073/how-do-i-plot-the-output-of-numpy-fft-in-bins
/questions/42318599/fast-fourier-to-detect-piano-frequency-in-matlab
/questions/62437475/cross-correlation-between-images
/questions/70222595/stdcomplexfloat-with-error-c2106-left-operand-must-be-l-value
/questions/64298405/efficient-kullback-leibler-calculation
/questions/8776759/error-in-matrix-index-dimension-for-colored-noise
/questions/8275774/are-real-and-imaginary-parts-of-fft-ouput-correlated
/questions/33677167/speed-up-matlab-for-fourier-series-for-loop
/questions/66495430/how-to-correctly-bandpass-filter-in-frequency-with-matlab
/questions/15746590/how-to-read-a-pdb-file-and-perform-fft-based-docking-using-python
/questions/27014855/contributing-to-scipy
/questions/72596678/why-do-i-get-a-truth-value-error-when-doing-an-nth-dimension-fast-fourier-transf
/questions/45969538/multithreading-for-convolution-calculation
/questions/71412754/can-somebody-explain-what-is-a-spatially-varying-kernel
/questions/35177274/fourier-transform-with-matlab
/questions/35177274/fourier-transform-with-matlab
/questions/9795562/extracting-time-at-which-frequencies-occur
/questions/17000884/low-pass-signal-filtering-using-fft-or-simple-infinite-impulse-response-filter
/questions/38497597/what-are-the-principles-behind-acoustic-fingerprinting
/questions/25026526/matlab-code-clarification
/questions/57991475/how-can-i-convert-fft-results-for-real-world-times-series-analysis
/questions/38427115/find-fft-and-summation-in-4d-matrix
/questions/63067471/storing-an-array-of-references-to-arrays
/questions/19319828/image-enhancement-using-fft-in-java
/questions/11587160/is-there-a-method-of-fft-that-will-run-inside-cuda-kernel
/questions/53421480/sympy-simplify-eliminate-imaginary-numbers
/questions/39665239/matlab-extract-image-in-polar-representation-from-cartesian
/questions/53365896/how-can-i-save-and-reuse-the-results-of-the-fft-applied-on-an-image-to-calcuate
/questions/52907567/how-to-replay-recorded-fft-samples
/questions/29780329/fft-reordering-phase
/questions/14617056/finding-more-than-one-maximum-in-an-array
/questions/59345351/why-does-my-ifft-result-in-the-real-part-of-the-complex-number-being-infinite
/questions/21850393/frequency-domain-signal
/questions/9915366/determining-frequency-in-given-time-in-java
/questions/6301250/gpu-perfomance-request-whats-the-best-solution
/questions/6410897/help-with-algorithm-optimisation
/questions/65556813/get-system-audio-stream
/questions/28974485/perform-action-on-all-data
/questions/75620071/is-there-a-way-to-split-a-mp3-file-into-low-medium-and-high-notes-using-pytho
/questions/47551662/signal-division-into-parts-on-chart
/questions/37373274/using-getline-in-c-to-get-the-contain-integers-from-a-file-and-input-them-in
/questions/26591378/matlab-dft-fft-frequency-range
/questions/32449501/compare-two-image-in-real-time-with-predefined-image-with-real-time-capture-imag
/questions/19986727/cant-get-exocortex-fft-to-work
/questions/53842106/how-to-use-pyfftw-class-to-do-a-2-d-fourier-transformation
/questions/71460509/why-variables-are-not-stored-as-zero-in-stm32cubeid
/questions/7099732/benchmarking-approaches-for-fft-algorithms
/questions/52605030/spotify-api-frequency-analysis-js
/questions/10324355/how-to-convert-16-bit-pcm-audio-byte-array-to-double-or-float-array
/questions/14267311/c-sharp-adaptive-sound-cancellation
/questions/65623207/python-problems-of-steganography-in-process-of-savingcv2-imwrite-and-reading
/questions/35959607/fft-on-the-8-bit-pcm-signal
/questions/39432002/cross-correlation-javascript-sliding-dot-product-sum-of-squared-differences-a
/questions/43787705/how-to-reverse-byte-double-in-java
/questions/43289265/implementing-an-fft-using-vdsp
/questions/68857932/fft-of-resampled-pandas-series
/questions/604453/analyze-audio-using-fast-fourier-transform
/questions/3873725/fast-fourier-transform-in-c-sharp
/questions/1688410/when-calculating-the-fast-fourier-transform
/questions/14010605/fast-fourier-transform-in-r
/questions/9439047/fast-fourier-transform-in-erlang
/questions/75892250/fast-fourier-transform-of-a-signal
/questions/4885578/fast-fourier-transformation-in-java
/questions/25735153/plotting-a-fast-fourier-transform-in-python
/questions/43473319/symmetric-fast-fourier-transform
/questions/36975076/gsl-fast-fourier-transform-nonsense-output
/questions/14279333/fast-fourier-transform-algorithm-implementation-with-mapreduce
/questions/30653210/fast-fourier-transform-for-images
/questions/7861211/fast-fourier-transformation-in-winforms
/questions/35170056/implementing-fast-fourier-transform-in-msp430-microcontroller
/questions/8478142/fast-fourier-transform-fft-for-lua
/questions/38956089/spike-centered-on-zero-in-fast-fourier-transform
/questions/9883831/the-fast-fourier-transform-transform-of-image-processing
/questions/71302734/applying-cnn-to-fast-time-fourier-transform
/questions/42743015/frequency-computation-and-fast-fourier-transform-in-matlab
/questions/46211487/apodization-mask-for-fast-fourier-transforms-in-python
/questions/13342972/comparative-analysis-of-fast-fourier-transform-fft-algorithms-on-android
/questions/64176002/fast-fourier-transform-of-csv-data
/questions/4991227/what-is-the-fast-fourier-transform
/questions/19276295/fast-fourier-transform-for-non-log-2
/questions/73776335/how-to-convert-image-in-fast-fourier-transform-signal
/questions/57662698/generating-correlated-random-potential-using-fast-fourier-transform
/questions/54868294/how-to-apply-fast-fourier-transform-using-multiple-csv-files
/questions/14790822/fast-fourier-transform-using-numpy-why-it-looks-like-this
/questions/5994669/dataflow-diagram-or-pseudo-code-for-fast-fourier-transform
/questions/36552197/fast-fourier-transform-using-excels-vba
/questions/75576643/fast-fourier-transform-denoising-python
/questions/13054363/matlab-fast-fourier-transform-fft-for-time-and-speed
/questions/24079873/how-to-compute-fast-fourier-transform-aka-fft-using-ffmpeg
/questions/13891009/how-do-you-do-a-fast-fourier-transform-in-maxima-the-computer-algebra-system
/questions/58986105/how-can-i-convert-arduino-signal-from-python-to-fast-fourier-transform
/questions/30374868/blur-a-matrix-using-fast-fourier-transforms
/questions/67370212/how-to-output-a-spectrum-fast-fourier-transform-on-c
/questions/1241797/what-is-the-recommended-python-module-for-fast-fourier-transforms-fft
/questions/785680/fast-fourier-transform-using-a-vandermonde-matrix-evaluation-of-co-efficients
/questions/57910616/fast-fourier-transform-of-1d-and-3d-arrays
/questions/3224823/how-exactly-do-you-compute-the-fast-fourier-transform
/questions/26014375/fourier-coefficients-for-nfft-non-uniform-fast-fourier-transform
/questions/31773176/fast-fourier-function-for-image-transformation-problems
/questions/27440070/fast-fourier-transform-for-harmonic-analysis
/questions/73787152/template-matching-for-rotated-images-using-a-fast-fourier-transform
/questions/14293652/is-fast-fourier-transform-algorithm-appropriate-for-image-gradient-computation
/questions/74309377/window-function-after-fast-fourier-transform
/questions/68897438/fast-fourier-transform-optimization-how-to-pre-calculate-exponential
/questions/5255474/fast-fourier-transform
/questions/38812611/numpys-fast-fourier-transform-yields-unexpected-results
/questions/71661932/i-want-to-find-the-time-displacement-curve-through-inverse-fast-fourier-transfor
/questions/13636758/fast-fourier-transform-fft-with-time-associated-data-python
/questions/26485931/incorrect-data-length-when-invoking-fast-fourier-transform-in-aforge
/questions/53439915/evaluating-the-fast-fourier-transform-of-gaussian-function-in-fortran-using-fftw
/questions/53654712/implementation-of-own-fast-fourier-transform-algorithm-does-not-work
/questions/8265243/how-to-perform-a-2d-fast-fourier-transform-in-c
/questions/36670240/fast-quaternion-fourier-transform-of-color-image-in-python
/questions/55495835/android-audio-recording-applying-fast-fourier-transform
/questions/26020758/fast-fourier-transforms-on-gpu-on-ios
/questions/65043578/getting-correct-frequencies-using-a-fast-fourier-transform
/questions/26097659/how-can-i-calculate-bits-perminute-using-fast-fourier-transform
/questions/15119064/do-i-need-to-resize-the-image-to-2a-x-2b-before-performing-a-fast-fourier-tran
/questions/56502417/passing-gpumat-directly-to-cufftexecc2c-function-for-doing-fast-fourier-transfor
/questions/27364879/determining-the-amplitude-for-a-specific-cycle-frequency-using-a-fast-fourier
/questions/170394/an-implementation-of-the-fast-fourier-transform-fft-in-c-sharp
/questions/64917920/extract-amplitude-and-phase-using-scipy-fft-fast-fourier-transform
/questions/69747278/fast-fourier-transform-algorithm-wrong-by-a-single-minus-sign
/questions/38108185/how-to-use-the-fft-fast-fourier-transform-in-matlab
/questions/19363114/fast-fourier-transform-difference-in-result-between-wolframalpha-and-commons-mat
/questions/36819703/is-there-any-way-to-use-youtube-api-stream-to-do-fast-fourier-transform-with-c-s
/questions/12249275/computational-complexity-of-an-n-dimensional-fast-fourier-transform
/questions/30335105/how-to-calculate-a-sum-of-products-of-array-elements-using-a-fast-fourier-transf
/questions/10465079/implementing-a-fast-fourier-transform-for-option-pricing
/questions/10272644/fast-fourier-transform-results-frequency-axis-scale
/questions/46753286/image-processing-and-fast-fourier-transformation
/questions/19285684/fast-fourier-transform-for-deasonalizing-data-in-matlab
/questions/53584022/fast-fourier-transform-on-wav-file-gives-weird-results
/questions/60761394/python-numpy-fft-fast-fourier-transform-weird-results
/questions/34225398/create-equally-spaced-data-from-sensor-data-to-apply-fast-fourier-transform
/questions/33112427/fast-fourier-transform-output-manipulation-in-ruby
/questions/59986326/fast-fourier-transform-for-varying-period-order-analysis
/questions/74833420/interpolation-via-fast-discrete-fourier-transform-with-chebyshev-extreme-points
/questions/37015321/gsl-fast-fourier-transform-non-zero-imaginary-for-transformed-gaussian
/questions/27780790/fast-fourier-cosine-transform-for-poisson-equation-with-all-zero-neumann-boundar
/questions/22729830/fast-fourier-transform-and-clustering-of-time-series
/questions/59172407/fast-fourier-transform-in-python
/questions/70797544/python-scipy-fft-huge-y-scale-of-fast-fourier-transform
/questions/64836221/correct-ordering-of-array-for-numpy-fast-fourier-transform
/questions/43161621/how-to-get-pitches-from-a-wav-buffer-in-java-fast-fourier-transform
/questions/70087662/picking-up-high-frequency-in-fast-fourier-transform-and-inverse-fourier-transfor
/questions/37014966/gsl-fast-fourier-transform-double-valued-gaussian
/questions/41998644/opencv-c-convert-image-to-vector-of-doubles-for-fft-fast-fourier-transfor
/questions/65026004/how-to-execute-a-fast-fourier-transform-in-a-loss-function-for-neural-network-tr
/questions/32728492/fast-fourier-transform-in-processing-of-an-input-signal-from-arduino
/questions/66097816/fast-fourier-transformfft-problem-with-fourier-resolution
/questions/61092701/flat-lines-in-fast-fourier-transform-using-numpy
/questions/22335577/how-to-apply-data-parallelim-on-haskell-fast-fourier-transformation
/questions/70093892/scipy-fast-fourier-transform-doesnt-recognize-the-signal
/questions/67075773/fast-fourier-transform-for-tensor-product-spaces-in-julia
/questions/15032178/inverse-fast-fourier-transform-in-matlab
/questions/67137596/using-gekko-with-fast-fourier-transform
/questions/75315536/why-does-my-own-implementation-of-fast-fourier-transform-in-n-dimensions-give-di
/questions/6350747/simultaneous-inverse-fast-fourier-transform-of-two-real-functions
/questions/35328168/output-array-after-performing-fast-fast-fourier-transform-of-a-data-set
/questions/49905827/computational-complexity-of-n-dimensional-discrete-fourier-transform
/questions/53514937/fast-fourier-transform-went-wrong
/questions/43414050/1d-fast-fourier-transform
/questions/10643697/fast-fourier-transform-pseudocode
/questions/48269429/changing-the-inverse-fast-fourier-transform-ifft-to-use-an-arbitrary-waveform
/questions/38316538/fast-fourier-transform-javascript
/questions/72868973/how-to-plot-fast-fourier-transform-data-as-a-function-of-frequencies-in-python
/questions/73516669/react-native-how-to-use-fast-fourier-transform-with-my-data
/questions/1921384/strange-artefact-in-my-fourier-transform
/questions/69231300/fast-fourier-transformation-in-python-using-scipy
/questions/5701116/fourier-transform-of-experimental-data
/questions/8419522/fast-fourier-transform-in-matlab
/questions/55687641/why-the-need-for-a-mask-when-performing-fast-fourier-transform
/questions/15900854/fast-fourier-transform-in-android
/questions/76491963/understanding-the-spectrum-obtained-after-fast-fourier-transform-application-or
/questions/55886911/fast-fourier-transform-using-templated-derived-classes-undefined-reference-er
/questions/55886911/fast-fourier-transform-using-templated-derived-classes-undefined-reference-er
/questions/71937789/fast-fourier-transform-on-python
/questions/17259949/memoryerror-during-fast-fourier-transform-on-an-image-using-numpy-arrays-under-w
/questions/31922776/how-to-create-the-complex-representation-from-magnitude-and-phase-information-to
/questions/71288848/inverse-fast-fourier-transform-implementation
/questions/48039153/c-image-2d-fast-fourier-transform
/questions/11355705/fast-fourier-transform-polynomial-multiplication
/questions/53523267/fast-fourier-transform-adjust-scaling
/questions/776719/fast-fourier-transform-multiplying-polynomials
/questions/27954264/magnitude-values-within-fast-fourier-transformation-fft-are-different-by-constan
/questions/7027155/fast-fourier-transformation-rounding-errors
/questions/72330515/how-to-compute-the-gradient-of-a-multidimensional-array-using-numpys-fast-fouri
/questions/13366463/how-to-get-data-from-a-notepad-file-and-use-fft-fast-fourier-transform-on-it
/questions/74724781/cant-plot-results-of-matlab-2d-fast-fourier-transform
/questions/11806104/inverse-fast-fourier-transform-algorithm-on-android
/questions/60579529/how-to-calculate-and-plot-the-fast-fourier-transform-of-sla-data-3-d-matrix-in
/questions/26270665/how-fft-fast-fourier-transform-works
/questions/52358184/how-to-calculate-frequency-with-fast-fourier-transformation
/questions/28991809/using-fast-fourier-transform-on-matlab
/questions/57132555/fast-fourier-transform-with-negative-amplitude
/questions/4502546/help-with-excel-fast-fourier-transform
/questions/16481735/fast-fourier-transform-with-complex-numbers-from-a-file
/questions/65601771/fast-fourier-transform-performance-in-python
/questions/27765575/fast-fourier-cosine-transform-in-two-dimension-by-using-fftw3-library
/questions/47399677/fast-fourier-transform-and-hamming-window
/questions/33574349/fast-fourier-transform-open-code-in-c
/questions/962426/processing-audio-data-using-fourier-transforms-in-java
/questions/68935666/how-can-i-see-fast-fourier-transform-makes-sense-by-an-easy-example
/questions/55971972/numpy-fast-fourier-transform-fft-does-not-work-on-sine-wave-generated-in-audac
/questions/5462741/fast-fourier-transform-library-from-exocortex-dsp
/questions/30172517/inverse-fast-fourier-transform-different-phases
/questions/31108849/fast-fourier-transform-in-ruby-on-rails
/questions/17746020/performing-2d-fast-fourier-transform-in-r
/questions/8208974/how-to-perform-fft2d-fast-fourier-transform-2d-r-g-b-color-component
/questions/15031544/extract-fast-fourier-transform-data-from-file
/questions/68994290/fast-fourier-transform-plot-looks-strange
/questions/36558773/fast-fourier-transform-in-opengl-compute-shader
/questions/58512844/strange-result-from-fast-fourier-transform-signal-reconstruction
/questions/43145797/calculating-frequency-present-in-fast-fourier-transform
/questions/66675657/fast-fourier-transform-for-an-accelerometer-in-python
/questions/16995980/fast-fourier-transform-apply-window-and-overlap
/questions/42872628/dm-script-why-does-the-fourier-transform-of-gaussian-kenel-needs-modulus
/questions/54578896/how-to-use-fast-fourier-transform-to-execute-convolution-of-matrix
/questions/17872207/fast-fourier-transform-with-microphone-input-data-in-as3
/questions/74064834/would-multithreading-help-a-fast-fourier-transform
/questions/66374644/numerical-fourier-transform-of-complex-gaussian-in-python
/questions/49344116/fast-fourier-transform-algorithm-and-technical-analysis
/questions/15643298/inverse-fast-fourier-transform-for-frequency-range
/questions/10592950/tree-for-fast-fourier-transform-polynomial-evaluation
/questions/60107969/3d-vibration-data-with-fast-fourier-transform
/questions/47252459/dividing-fourier-transform-by-factor-n
/questions/8162562/is-there-a-package-in-r-that-gives-normalized-inverse-fft
/questions/25029900/calculating-w-for-ntt-integer-fast-fourier-transform
/questions/50807849/fast-fourier-transform-for-low-frequency-signals-in-the-webaudio-api-javascrip
/questions/43390970/fast-fourier-transform-for-radial-forces-in-python
/questions/36080500/how-to-use-fast-fourier-transform-for-the-complex-values-in-matlab
/questions/69356006/fast-fourier-transform-of-subset-of-vibration-dataset
/questions/55718291/how-to-transform-a-fft-fast-fourier-transform-into-a-polar-transformation-with
/questions/45560016/impact-of-data-intervals-in-fast-fourier-transform
/questions/42222612/plotstft-plotting-short-time-fast-fourier-transform
/questions/25821062/fast-fourier-transform-of-frequency-analysis-in-labview
/questions/56741972/assume-pixel-is-circular-in-fast-fourier-transform
/questions/74167256/land-masking-and-fast-fourier-transformation
/questions/29937134/fast-fourier-transform-in-objective-c-doesnt-work-fine
/questions/75757000/result-in-fast-fourier-transform-in-python-is-different
/questions/12049407/build-sample-data-for-apache-commons-fast-fourier-transform-algorithm
/questions/34948516/optimizing-fourier-transformed-signal-length
/questions/28149500/run-fftfast-fourier-transform-in-splash2-benchmark
/questions/59265603/how-to-find-period-of-signal-autocorrelation-vs-fast-fourier-transform-vs-power
/questions/27343129/fast-fourier-transform-in-r-what-am-i-doing-wrong
/questions/32540833/applying-fast-fourier-transform-with-a-specific-product-function
/questions/53738747/forward-and-backward-fast-fourier-transform-shuift-by-half-period
/questions/48298724/fast-fourier-transform-on-motor-vibration-signal-in-python
/questions/43843171/python-fast-fourier-transform-for-very-noisy-data
/questions/56814851/bi-dimensional-fast-fourier-transformation-problem
/questions/56814851/bi-dimensional-fast-fourier-transformation-problem
/questions/61123700/car-vibration-evaluated-by-fast-fourier-transform-in-octave
/questions/56298915/casting-complex-values-discards-imaginary-part-on-fast-fourier-algorithm
/questions/3671935/help-with-fftfast-fourier-transforms-and-or-dsp
/questions/54865473/understanding-the-output-from-the-fast-fourier-transform-method
/questions/5794322/any-open-source-fast-fourier-transform-c-implementation
/questions/62940099/python-discrete-fourier-transformation
/questions/54795804/doubling-input-array-when-using-numpy-for-fast-fourier-transforms
/questions/69504465/does-r-have-inverse-fast-fourier-transform-function
/questions/66088759/frequency-resolutionor-increment-of-fftfast-fourier-transform
/questions/72127577/scipy-fourier-transform-keyerror-aligned
/questions/71391680/why-fast-fourier-convolution-does-not-work-in-set-parameter-ratio-gin-and-rati
/questions/28351388/fast-fourier-transform-and-time-series-forecasting-in-r
/questions/43301016/fast-fourier-transform-the-first-element-is-correct-but-the-rest-are-not
/questions/3484136/on-the-fly-calculation-of-fourier-transformation-in-java
/questions/11843221/fast-fourier-transform-of-the-recorded-wav-file-in-android
/questions/75601118/sine-wave-generation-in-flutter-using-fft-fast-fourier-transform
/questions/56797881/how-to-properly-scale-frequency-axis-in-fast-fourier-transform
/questions/75448760/fast-fourier-transform-fft-aggregation-on-spark-dataframe-groupby
/questions/8934125/how-plot-the-riemann-zeta-zero-spectrum-with-the-fourier-transform-in-mathematic
/questions/4033083/guitar-chord-recognition-algorithm
/questions/30527902/numpy-fft-fast-fourier-transformation-of-1-dimensional-array
/questions/55434171/python-fourier-transform-wrong-frequency
/questions/29657480/how-to-fourier-transform-an-interferogramm-to-an-ir-spectrum-using-r
/questions/1673490/how-to-convert-from-inverse-fast-fourier-transform-to-wav
/questions/1676294/c-sharp-library-to-do-fft-and-ifft
/questions/65982521/why-does-python-use-karatsuba-algorithm-for-its-multiplication-isnt-fft-faster
/questions/38675473/fft-fast-fourier-transform-to-speed-up-opencv-in-python
/questions/24186941/2-dimensional-fast-fourier-transform-3-d-plot-in-matlab
/questions/10319251/fourier-transform-and-fourier-descriptors-to-extract-shapes-features-on-java
/questions/69587046/why-is-matlab-function-fft-not-working-for-certain-equations
/questions/34750957/c-fftw-fast-fourier-transforms-with-complex-numbers
/questions/76552794/scipy-fast-fourier-transform-returning-0-hz-at-infinite-amplitude
/questions/33516097/fourier-transformation-algorithms
/questions/22473489/shift-in-inverse-fourier-transform
/questions/67724173/can-somebody-explain-how-to-model-seasonality-in-timeseries-via-fast-fourier-tr
/questions/74838452/how-to-apply-band-pass-filter-using-fast-fourier-transform
/questions/53996423/number-theory-transform-recursive-algorithm
/questions/21302677/how-to-use-aubio-framework-in-ios
/questions/8052721/how-to-manage-a-2d-fourier-transformfft-on-a-3d-numpy-masked-array
/questions/12134208/matlab-fft-fast-fourier-transform-function-of-non-log-base2-numbers
/questions/68283157/fast-fourier-transforms-on-existing-dataframe-is-showing-unexpexted-results
/questions/30989915/typeerror-src-data-type-15-is-not-supported
/questions/67992691/how-to-calculate-95-confidence-level-of-fourier-transform-in-python
/questions/65660991/plot-a-fourier-transform-of-a-sin-wav-with-matplotlib
/questions/74337905/how-to-convert-tensorflow-tensor-to-numpy-array-from-given-example
/questions/69524112/i-did-fftfast-fourier-transform-but-i-cant-understand-python
/questions/55519419/how-fft-points-should-be-rescaled-to-get-the-same-results-as-the-analytical-solu
/questions/48391059/trying-to-implement-fast-fourier-transform-for-vectors-of-length-power-of-2
/questions/33157019/performing-fft-to-find-fundamental-frequencies-of-a-polyphonic-audio-sample
/questions/51552649/convert-an-image-into-an-fourier-image-in-python-3
/questions/73170733/fast-fourier-transform-np-fft-fft-how-to-mask-ignore-some-indices-in-array
/questions/17286997/python-fast-fourier-coefficients-filtering-and-thresholding-deciding
/questions/41352207/how-to-plot-fft-of-a-function-defined-in-terms-of-an-integral-in-matlab
/questions/2983982/fft-algorithm-implementation-with-hadoop
/questions/21966265/compute-fft-in-php-for-array-of-numbers
/questions/28465398/given-all-roots-how-do-i-find-the-coefficients-of-a-polynomial-in-time-faster-t
/questions/74108787/how-can-i-use-fft-fast-fourier-transform-with-p5-js-in-react
/questions/20382053/fast-fourier-transformation-algorithm-library-for-motion-data-in-processing-re
/questions/6438094/fft-example-for-j2me
/questions/16204779/access-violation-while-trying-to-compute-fft-fast-fourier-transform-of-2-image
/questions/6620544/fast-fourier-transform-fft-input-and-output-to-analyse-the-frequency-of-audio
/questions/10406191/where-to-start-with-fourier-analysis
/questions/18753064/fftw-and-online-dft-calculator-get-different-results
/questions/61975931/acoustic-signal-processing-using-python
/questions/19767886/c-and-c-sharp-array-and-void-conversion
/questions/44298249/building-a-shared-library-using-android-studio-regarding-ffmpeg-libav-fast-fou
/questions/10758315/understanding-matlab-fft-example
/questions/5632443/use-digital-signal-processors-to-accelerate-calculations-in-the-same-fashion-tha
/questions/8587531/improving-the-speed-of-fft-implementation
/questions/62721942/invalid-expression-running-gnuplot-in-bash-script
/questions/21583170/java-how-do-i-convert-a-byte-containing-multiple-doubles-into-a-double
/questions/24407075/python-memory-error-whilst-loading-values-to-get-a-fourier-transform
/questions/25636574/pass-wave-pcm-byte-array-to-fft-for-pitch-detection
/questions/13395406/setting-up-a-spectrum-analyser-in-iphone-using-accelerate-framework
/questions/69790882/speeding-up-berlekamp-welch-algorithm-using-fft-for-shamir-secret-share
/questions/6994900/given-mp3-is-it-possible-to-break-out-different-instruments-using-fast-fourier
/questions/4708613/graphing-the-pitch-frequency-of-a-sound
/questions/44770632/fft-division-for-fast-polynomial-division
/questions/43114619/fft-why-is-the-frequency-bin-resolution-dependent-on-time
/questions/6701733/asymptotically-optimal-way-to-find-the-sum-of-three-elements-of-an-array-closest
/questions/12237836/get-the-code-of-functions-in-matlab
/questions/2572891/how-are-ffts-different-from-dfts-and-how-would-one-go-about-implementing-them-in
/questions/49896177/how-to-generate-random-samples-of-gaussian-distribution-directly-in-the-frequenc
/questions/63127636/bandpass-filter-output-fourier-transform
/questions/7820348/fft-calculation-from-introduction-to-algorithm
/questions/70007981/how-do-i-remove-negative-frequencies-after-a-fourier-transform
/questions/10890970/what-is-a-circuit
/questions/37183413/what-does-top-right-corner-value-in-fast-fourier-transformation-fft-show
/questions/42719196/which-input-format-is-the-best-for-sound-recognition-in-recurrent-neural-network
/questions/65215702/using-python-to-convert-wav-file-to-csv-file-before-feed-the-data-into-fft-for-a
/questions/19220716/how-to-get-audio-samples-into-form-where-i-can-analyse-it
/questions/29658578/what-is-wrong-with-my-fourier-transformation-convolution-in-mathnet-numerics
/questions/66024435/how-can-i-detect-the-stripe-noise-of-images
/questions/61796518/what-does-the-axis-parameter-in-numpy-fft-fft-mean
/questions/32929725/numpy-ifft-error
/questions/21799600/what-is-the-difference-between-the-return-of-fft-fft2-applied-to-a-matrix
/questions/1515977/how-to-smoothen-a-plot-in-matlab
/questions/24781733/fft-of-large-data-16gb-using-matlab
/questions/44431647/what-is-the-value-of-fft-returned-in-python
/questions/1320403/math-used-in-3d-game-engine-programming
/questions/10575767/evaluating-polynomials
/questions/11752898/threaded-fft-in-enthought-python
/questions/49412940/how-to-call-fft-with-pythran
/questions/5036550/trying-to-solve-an-unknwon-segmentation-fault-in-c
/questions/61470949/opencv-detecting-brightest-line-on-fft
/questions/34379290/library-rt-not-found-on-mac-while-configuring-sfft-sparse-fast-fourier-transfo
/questions/53366791/how-i-should-create-complex-number-from-image-data-for-fast-fourier-transform-f
/questions/63495617/the-sum-of-fft-of-direct-and-reversed-signal
/questions/48744696/fftw-libray-how-to-properly-plot-an-output
/questions/66164583/javascript-multiply-function-cannot-be-found
/questions/58314092/plot-an-interferogram-as-a-function-of-time-in-matlab
/questions/72138719/how-do-you-turn-an-audio-wave-represented-by-values-into-a-wavetable-using-fast
/questions/75800960/is-it-possible-to-get-exactly-the-same-results-from-tf-signal-frame-followed-by
/questions/74839276/how-to-get-the-amplitude-of-psd
/questions/44528744/using-fast-fourier-transform-fft-to-create-a-logxsx-vs-log-x-plot
/questions/23083649/fourier-transformation-with-missing-values
/questions/20751241/polynomial-to-the-power-n-algorithm
/questions/393490/where-can-i-find-a-good-fft-sample-implementation-tutorial
/questions/31141755/power-spectral-density-from-accelerometer-data
/questions/33025831/in-what-circumstances-would-one-use-bit-shifting-operators-in-a-for-loops-termin
/questions/8120966/fft-on-audio-file-in-android
/questions/1120422/is-there-an-fft-that-uses-a-logarithmic-division-of-frequency
/questions/39810967/toeplitz-matrix-vector-multiplication-in-r
/questions/75279106/how-do-i-find-plot-and-output-the-peaks-of-a-live-plotted-fast-fourier-transfo
/questions/1640638/how-to-record-to-wav-from-microphone-after-applying-fast-fourier-transform-and
/questions/20551707/fourier-transform-floating-point-issues
/questions/66310583/how-do-i-create-a-node-in-openvx-framework-to-find-the-fftfast-fourier-transfor
/questions/14891332/values-after-fft
/questions/44719887/how-to-correctly-apply-fft-function-to-a-dataframe
/questions/73426790/how-to-remove-first-three-harmonics-from-a-daily-data-time-series
/questions/4804119/how-do-i-set-up-a-buffer-when-doing-an-fft-using-the-accelerate-framework
/questions/14846583/template-matching-using-fft-more-efficient-with-gray-scale-images
/questions/54891251/about-the-fft-function
/questions/861958/understanding-sch%c3%b6nhage-strassen-algorithm-huge-integer-multiplication
/questions/57180456/fft-time-series-with-no-change-in-data
/questions/14477454/apply-fft-to-a-both-channels-of-a-stereo-signal-separately
/questions/43308745/how-to-downsample-fourier-complex-values
/questions/14479406/how-to-perform-the-fft-to-a-wave-file-using-naudio
/questions/76525007/using-c-within-python-code-for-faster-fourier-transform
/questions/47793699/call-matlab-ifft-from-c
/questions/69888603/how-to-find-peaks-of-fft-graph-using-python
/questions/54695231/how-write-complex-numbers-to-one-csv-file-in-each-row
/questions/30622956/can-getid3-get-data-of-mp3-file-that-is-input-for-fft
/questions/58018810/what-is-the-significance-of-the-output-of-this-fft-function
/questions/68368458/reconciling-difference-in-fft-output-between-pytorch-1-5-0-and-pytorch-1-9-0
/questions/19040975/python-fast-fourier-transform-data-points-0-when-the-vector-being-passed-thro
/questions/30544456/how-to-inverse-fft-in-arduino
/questions/19040975/python-fast-fourier-transform-data-points-0-when-the-vector-being-passed-thro
/questions/28184166/level-out-fft-graph-processing
/questions/5572127/java-android-distorted-audio-using-fft-in-realtime
/questions/34453745/how-to-pass-computer-audio-to-a-program-for-visualization-purposes
/questions/47228283/numpy-finding-complex-conjugate
/questions/56363784/how-to-convert-alphabets-to-numerical-values-with-spaces-and-return-it-back-to-a
/questions/20994741/formula-amplitude-using-fft
/questions/13010141/fft-frequency-of-sound
/questions/59358082/amplitude-from-scipy-fft
/questions/22445836/order-of-output-in-scipy-fftpack-fft2
/questions/5511250/capturing-sound-for-analysis-and-visualizing-frequencies-in-android
/questions/13242896/can-i-use-3rd-party-libraries-in-windows-phone-7-1
/questions/71618350/cuda-graph-problem-results-not-computed-for-the-first-iteration
/questions/60617518/detect-handwritten-characters-in-boxes-from-a-filled-form-using-fourier-transfor
/questions/42951666/monetdb-embedded-r-aggregate-function-with-multiple-output-columns
/questions/58920812/squaring-a-polynomial-versus-multiplying-the-polynomial-with-itself-using-fft
/questions/66772493/computing-fourier-series-to-represent-data-points
/questions/33224135/taking-ifft2-of-data-set-and-what-is-means
/questions/21873377/compute-fft-in-php-language
/questions/57474667/limitated-accuracy-of-numpy-fft-below-a-certain-value
/questions/40363809/faster-way-to-go-from-cartesian-to-polar-in-c
/questions/64987032/understanding-fourier-transform-components-on-time-series-data
/questions/45463018/fft-algorithm-yields-imprecise-results
/questions/31930712/problems-calulating-fft-in-swift
/questions/17948038/does-divide-and-conquer-really-win-against-the-increased-memory-allocation
/questions/27564526/clear-out-the-ecg-signal
/questions/38857263/how-do-fourier-processing-algorithms-deal-with-data-edges
/questions/12661132/are-there-open-source-libraries-to-build-audio-visualizations-for-ios
/questions/13570828/using-scipy-fft-and-ifft-to-solve-ordinary-differential-equation-numerically
/questions/50239631/interpolating-between-two-fourier-transforms-over-time
/questions/11215162/how-to-perform-a-fast-dct-discrete-cosine-transform-in-r
/questions/23244423/plotting-two-different-equations-on-the-same-graph-matlab
/questions/61064091/xamarin-convert-mp3-to-pcm16-wav-to-access-raw-bytes
/questions/5990864/extracting-notes-from-chords-in-c-sharp
/questions/12963746/fft-on-eeg-signal-in-android-understanding-the-code
/questions/71677123/image-processing-for-blur-detection
/questions/16541155/ifft-function-in-r
/questions/40036629/how-many-flops-for-fft
/questions/36289319/how-would-i-compile-kiss-fft-to-use-the-double-data-type-c
/questions/34619320/python-fft-parallel-computing
/questions/31999725/fft-calculating-incorrectly-swift
/questions/57782776/compare-multiple-signals-using-fft-in-r
/questions/29318955/use-fft-fft-to-compute-a-riemann-sum
/questions/64205981/find-frequency-and-amplitude-of-a-signal-matlab
/questions/54247385/how-to-implement-2d-fft-using-c-or-glsl-for-converting-image-to-frequency-space
/questions/42461466/unable-to-generate-coefficient-matrix-in-matlab
/questions/71524691/fourier-result-on-time-series-explained-python
/questions/38687356/cropping-image-in-matlab
/questions/67902702/why-does-this-white-noise-spectrum-have-a-peak-for-freq-0
/questions/43647669/c-sharp-with-xamarin-queue-any-and-queue-count-0-does-not-prevent-exceptio
/questions/73564813/l-bfgs-solver-how-to-include-uncertainty-when-reconstructing-complex-valued-fun
/questions/65480162/how-to-remove-repititve-pattern-from-an-image-using-fft
/questions/66461724/how-to-store-noise-as-a-variable-from-the-fourier-transformation-in-python
/questions/73217005/how-can-i-visualize-neurosity-brainwave-api-data-in-react-js
/questions/22678791/setting-elements-of-an-array-equal-to-zero
/questions/45767915/segfault-core-dumped
/questions/58807084/complexity-of-multiplying-two-polynomials-with-different-degree
/questions/68052432/how-to-process-a-wav-file-with-an-analyzernode-in-typescript
/questions/47796207/subsetting-affects-viewnp-float64-behaviour
/questions/7998521/comparing-not-identical-sound-files
/questions/3502390/communicate-with-a-android-service
/questions/58808303/finding-fourier-coefficients-algorithm
/questions/64228239/type-mismatch-arrayvba-in-recursion-function
/questions/29781497/translating-an-fft-function-from-python-2-x-to-python-3-x-and-computing-the-iff
/questions/43412073/how-do-i-plot-the-output-of-numpy-fft-in-bins
/questions/42318599/fast-fourier-to-detect-piano-frequency-in-matlab
/questions/62437475/cross-correlation-between-images
/questions/70222595/stdcomplexfloat-with-error-c2106-left-operand-must-be-l-value
/questions/64298405/efficient-kullback-leibler-calculation
/questions/8776759/error-in-matrix-index-dimension-for-colored-noise
/questions/8275774/are-real-and-imaginary-parts-of-fft-ouput-correlated
/questions/33677167/speed-up-matlab-for-fourier-series-for-loop
/questions/66495430/how-to-correctly-bandpass-filter-in-frequency-with-matlab
/questions/15746590/how-to-read-a-pdb-file-and-perform-fft-based-docking-using-python
/questions/27014855/contributing-to-scipy
/questions/72596678/why-do-i-get-a-truth-value-error-when-doing-an-nth-dimension-fast-fourier-transf
/questions/45969538/multithreading-for-convolution-calculation
/questions/71412754/can-somebody-explain-what-is-a-spatially-varying-kernel
/questions/35177274/fourier-transform-with-matlab
/questions/35177274/fourier-transform-with-matlab
/questions/9795562/extracting-time-at-which-frequencies-occur
/questions/17000884/low-pass-signal-filtering-using-fft-or-simple-infinite-impulse-response-filter
/questions/38497597/what-are-the-principles-behind-acoustic-fingerprinting
/questions/25026526/matlab-code-clarification
/questions/57991475/how-can-i-convert-fft-results-for-real-world-times-series-analysis
/questions/38427115/find-fft-and-summation-in-4d-matrix
/questions/63067471/storing-an-array-of-references-to-arrays
/questions/19319828/image-enhancement-using-fft-in-java
/questions/11587160/is-there-a-method-of-fft-that-will-run-inside-cuda-kernel
/questions/53421480/sympy-simplify-eliminate-imaginary-numbers
/questions/39665239/matlab-extract-image-in-polar-representation-from-cartesian
/questions/53365896/how-can-i-save-and-reuse-the-results-of-the-fft-applied-on-an-image-to-calcuate
/questions/52907567/how-to-replay-recorded-fft-samples
/questions/29780329/fft-reordering-phase
/questions/14617056/finding-more-than-one-maximum-in-an-array
/questions/59345351/why-does-my-ifft-result-in-the-real-part-of-the-complex-number-being-infinite
/questions/21850393/frequency-domain-signal
/questions/9915366/determining-frequency-in-given-time-in-java
/questions/6301250/gpu-perfomance-request-whats-the-best-solution
/questions/6410897/help-with-algorithm-optimisation
/questions/65556813/get-system-audio-stream
/questions/28974485/perform-action-on-all-data
/questions/75620071/is-there-a-way-to-split-a-mp3-file-into-low-medium-and-high-notes-using-pytho
/questions/47551662/signal-division-into-parts-on-chart
/questions/37373274/using-getline-in-c-to-get-the-contain-integers-from-a-file-and-input-them-in
/questions/26591378/matlab-dft-fft-frequency-range
/questions/32449501/compare-two-image-in-real-time-with-predefined-image-with-real-time-capture-imag
/questions/19986727/cant-get-exocortex-fft-to-work
/questions/53842106/how-to-use-pyfftw-class-to-do-a-2-d-fourier-transformation
/questions/71460509/why-variables-are-not-stored-as-zero-in-stm32cubeid
/questions/7099732/benchmarking-approaches-for-fft-algorithms
/questions/52605030/spotify-api-frequency-analysis-js
/questions/10324355/how-to-convert-16-bit-pcm-audio-byte-array-to-double-or-float-array
/questions/14267311/c-sharp-adaptive-sound-cancellation
/questions/65623207/python-problems-of-steganography-in-process-of-savingcv2-imwrite-and-reading
/questions/35959607/fft-on-the-8-bit-pcm-signal
/questions/39432002/cross-correlation-javascript-sliding-dot-product-sum-of-squared-differences-a
/questions/43787705/how-to-reverse-byte-double-in-java
/questions/43289265/implementing-an-fft-using-vdsp
/questions/68857932/fft-of-resampled-pandas-series
