/questions/360748/computational-complexity-of-fibonacci-sequence
/questions/8965006/java-recursive-fibonacci-sequence
/questions/7944239/generating-fibonacci-sequence
/questions/26170973/fibonacci-sequence-multiplying
/questions/15600041/php-fibonacci-sequence
/questions/15994428/fibonacci-sequence
/questions/38215004/recursion-and-fibonacci-sequence
/questions/69516037/fibonacci-sequence-datastructure
/questions/54961723/fibonacci-sequence-ruby
/questions/32951175/compiling-error-in-java-fibonacci-sequence
/questions/26734631/fibonacci-sequence-inconsistency
/questions/28836495/python-fibonacci-sequence-and-sequence-unpacking
/questions/34271079/the-fibonacci-sequence-using-threads-in-c
/questions/70290208/python-about-fibonacci-sequence
/questions/3402584/fibonacci-sequence
/questions/62360279/define-a-function-fibonacci-sequence
/questions/52560055/nested-loops-fibonacci-sequence
/questions/26441995/fibonacci-sequence-mod-1000000007
/questions/21917705/fibonacci-sequence-with-arrays
/questions/27955664/fibonacci-sequence-in-sml
/questions/19977923/fibonacci-sequence-java
/questions/14484213/fibonacci-sequence-error
/questions/45815851/fibonacci-sequence-primes
/questions/41660928/fibonacci-sequence-return
/questions/35401864/fibonacci-sequence-while-loop
/questions/33179674/fibonacci-sequence-overflow-c
/questions/28685119/fibonacci-sequence-generation
/questions/26683089/nth-number-in-the-fibonacci-sequence
/questions/40295599/backwards-fibonacci-sequence-in-assembly
/questions/37436170/fibonacci-sequence-with-while
/questions/10154328/generating-own-fibonacci-sequence
/questions/52958869/reversed-fibonacci-sequence
/questions/18672866/fibonacci-sequence-indent-error-using-python
/questions/23592486/calculating-previous-number-in-fibonacci-sequence
/questions/50962064/fibonacci-sequence-c-program-error
/questions/35384636/can%c2%b4t-return-fibonacci-sequence
/questions/41407390/negative-output-in-fibonacci-sequence
/questions/30766292/fibonacci-sequence-animation
/questions/13187827/fibonacci-sequence-c-prog
/questions/12631665/fibonacci-sequence-in-javascript
/questions/54595843/powershell-fibonacci-sequence-stops-early
/questions/48566319/fibonacci-sequence-in-r
/questions/20040761/pascals-triangle-and-fibonacci-sequence-explanation
/questions/16464498/parallelize-fibonacci-sequence-generator
/questions/28554419/creating-a-fibonacci-sequence-function-in-python-3
/questions/3165293/fibonacci-sequence-in-c
/questions/18009817/fibonacci-sequence-python
/questions/20762938/fibonacci-sequence-in-c
/questions/42218501/the-space-complexity-of-fibonacci-sequence
/questions/39839640/java-fibonacci-sequence-fast-method
/questions/47007588/fibonacci-sequence-using-codelab
/questions/25465699/generating-pythagorean-triples-using-fibonacci-sequence
/questions/21710756/recursion-vs-iteration-fibonacci-sequence
/questions/74623704/recursion-in-bashfibonacci-sequence
/questions/36827888/python-fibonacci-sequence-error
/questions/24024105/fibonacci-sequence-listing-numbers-upto-integer
/questions/8957310/creating-fibonacci-sequence-generator-beginner-python
/questions/74564145/hmmm-assembly-fibonacci-sequence
/questions/23183473/fibonacci-sequence-in-tuple-python
/questions/64606071/fibonacci-sequence-has-a-negative-number
/questions/48492051/lazy-fibonacci-sequence-in-ruby
/questions/67908068/to-print-fibonacci-sequence
/questions/71672327/fibonacci-sequence-without-for-loop-in-octave
/questions/36529207/finding-terms-of-fibonacci-sequence
/questions/73347018/computing-a-fibonacci-sequence-in-terraform
/questions/48380324/c-fibonacci-sequence
/questions/39802009/iterating-through-the-fibonacci-sequence
/questions/13446655/perfect-square-in-fibonacci-sequence
/questions/15822760/labview-help-explain-simple-fibonacci-sequence
/questions/4945128/what-is-a-good-example-of-recursion-other-than-generating-a-fibonacci-sequence
/questions/22914448/infinite-fibonacci-sequence
/questions/32686209/basic-arraylist-using-fibonacci-sequence
/questions/38580523/understanding-the-fibonacci-sequence
/questions/9864497/generate-a-sequence-of-fibonacci-number-in-scala
/questions/46759615/counting-program-for-fibonacci-sequence-python
/questions/43443562/dynamic-programming-fibonacci-sequence
/questions/20055537/problems-with-recursive-multiplicative-fibonacci-sequence
/questions/51013492/double-condition-fibonacci-sequence-in-excel
/questions/16202346/recursive-fibonacci-sequence-print-out-the-list
/questions/5503553/recursive-fibonacci-sequence
/questions/54883049/fibonacci-sequence-in-python-most-efficient
/questions/26807578/fibonacci-sequence-without-using-array
/questions/1910312/fibonacci-sequence-algorithm
/questions/22406717/fibonacci-sequence-using-datastage
/questions/29061541/fibonacci-sequence-time-complexity
/questions/44145782/fibonacci-sequence-omitting-numbers-c
/questions/26694220/fibonacci-sequence-detector-java
/questions/58143225/fibonacci-sequence-in-custom-assembly
/questions/9607217/non-recursive-fibonacci-sequence-in-assembly
/questions/40209159/producing-the-nth-value-of-fibonacci-sequence-in-java
/questions/9607217/non-recursive-fibonacci-sequence-in-assembly
/questions/29234994/fibonacci-sequence-in-java-taking-too-long
/questions/63456150/postgres-approach-to-solving-fibonacci-sequence
/questions/37761561/creating-table-for-fibonacci-sequence
/questions/74254389/fibonacci-sequence-numbers-to-list-with-an-optional-start-parameter
/questions/24729325/print-fibonacci-sequence-up-to-nth-place
/questions/4116242/c-sharp-fibonacci-sequence-replication
/questions/74827972/fibonacci-sequence-python-without-the-term-zero
/questions/70131937/define-a-function-fibonacci-sequence-in-python
/questions/64516430/the-math-step-in-the-fibonacci-sequence
/questions/35337941/how-do-i-fix-this-fibonacci-sequence
/questions/39516786/constructing-the-fibonacci-sequence-in-haskell
/questions/62141845/recursion-error-in-r-fibonacci-sequence
/questions/69699681/does-ruby-already-know-the-fibonacci-sequence
/questions/16390921/writing-a-method-for-fibonacci-sequence
/questions/40331024/fibonacci-sequence-with-vectors
/questions/5668969/python-using-the-fibonacci-sequence
/questions/20023823/fibonacci-sequence-error-in-c-sharp
/questions/60376587/display-fibonacci-sequence-with-disp-function-in-matlab
/questions/22132637/sum-of-even-numbers-in-fibonacci-sequence
/questions/53136672/print-the-fibonacci-sequence-to-the-screen-5-columns-of-numbers-per-row
/questions/42818344/how-to-fix-aborting-fibonacci-sequence-code
/questions/53527749/fibonacci-sequence-using-recursion-in-c
/questions/55441702/fibonacci-sequence-and-changing-the-rule
/questions/22488240/bufferedreader-error-in-fibonacci-sequence-in-java
/questions/44223650/creating-a-fibonacci-sequence-in-javascript
/questions/60511142/print-fibonacci-sequence
/questions/37102143/java-check-if-arraylist-is-part-of-fibonacci-sequence
/questions/72564796/javascript-right-pascal-pattern-with-the-fibonacci-sequence
/questions/70328940/trouble-with-for-loop-for-fibonacci-sequence
/questions/55953845/need-help-correcting-my-code-for-fibonacci-sequence
/questions/70328940/trouble-with-for-loop-for-fibonacci-sequence
/questions/12504530/my-first-ruby-app-fibonacci-sequence
/questions/74832492/java-code-shows-wrong-fibonacci-number-in-fibonacci-sequence
/questions/68788458/creating-a-fibonacci-sequence-in-c
/questions/32414599/how-a-for-loop-works-in-fibonacci-sequence
/questions/53357329/javascript-fibonacci-sequence-return-undefined
/questions/1799990/java-program-fibonacci-sequence
/questions/42552897/fibonacci-sequence-calculator-python
/questions/71800911/get-run-time-of-each-number-in-a-fibonacci-sequence
/questions/75313909/program-to-find-fibonacci-sequence-of-a-number
/questions/23737099/fibonacci-sequence-in-python3-2
/questions/13665815/python-script-to-create-fibonacci-sequence-generator
/questions/76081806/botton-up-algorithm-for-fibonacci-sequence
/questions/66199250/find-the-index-of-a-number-in-the-fibonacci-sequence
/questions/8118387/fibonacci-sequence-return-argument
/questions/13762397/fibonacci-sequence-using-shared-memory-in-c
/questions/37073964/fibonacci-sequence-javascript-do-while-loop
/questions/69361147/why-does-my-python-fibonacci-sequence-algorithm-not-run-properly
/questions/47520654/using-intstream-to-generate-infinite-fibonacci-sequence
/questions/19310786/fibonacci-sequence-using-a-do-while-loop-in-java
/questions/64888397/fibonacci-sequence-using-reduce-method
/questions/56136693/fibonacci-sequence-calculator
/questions/71184170/i-want-to-find-if-given-numbers-are-in-fibonacci-sequence
/questions/48914413/creating-fibonacci-sequence-in-c
/questions/19871921/writing-fibonacci-sequence-to-a-file-python
/questions/21857619/fibonacci-sequence-using-list-in-python
/questions/47026495/fibonacci-sequence-with-unfold-in-ocaml
/questions/5531722/fibonacci-sequence-in-vb-net-using-loop
/questions/52864946/nth-value-of-fibonacci-sequence-javascript-timeout-error
/questions/75588188/generating-fibonacci-sequence-with-pl-pgsql-function
/questions/48022536/check-if-string-includes-part-of-fibonacci-sequence
/questions/18857526/first-real-program-in-c-fibonacci-sequence
/questions/36991219/linked-list-fibonacci-sequence-runtime-error
/questions/17573076/calculate-the-fibonacci-sequence-using-two-threads
/questions/69640975/find-the-nth-number-of-fibonacci-sequence
/questions/10924096/optimization-of-fibonacci-sequence-generating-algorithm
/questions/25595690/displaying-fibonacci-sequence
/questions/28620744/fibonacci-sequence-with-matlab-using-loopsiteration
/questions/15190509/fibonacci-sequence-c-displaying-one-largest-value
/questions/66665301/print-fibonacci-sequence-to-n
/questions/53421986/question-about-fibonacci-sequence-generator-nothing-prints
/questions/58229823/fibonacci-sequence-public-static-void-xxx
/questions/30495664/fibonacci-sequence-generator-in-c
/questions/25831605/c-program-to-search-for-numbers-not-in-the-fibonacci-sequence
/questions/27820860/finding-the-nth-term-fibonacci-sequence-using-loop-in-javascript
/questions/30495664/fibonacci-sequence-generator-in-c
/questions/24444250/wrongly-implemented-fibonacci-sequence-in-scala
/questions/62849327/fibonacci-sequence-function-with-lru-cache-doesnt-show-all-fibonacci-numbers
/questions/22400146/fibonacci-sequence-with-other-qualifications-such-as-a-limit-and-no-shift-functi
/questions/64903212/fibonacci-sequence-using-array-in-java
/questions/55698827/how-to-compute-fibonacci-sequence
/questions/16013273/fibonacci-sequence-in-haskell-returning-all-the-values
/questions/68060368/how-can-i-store-fibonacci-sequence-in-a-matrix
/questions/74416459/prolog-tail-recursion-for-fibonacci-sequence
/questions/40242959/how-to-calculate-the-25th-term-of-recursive-fibonacci-sequence-in-masm16-bit
/questions/21590080/fibonacci-sequence-in-c-generating-negatives
/questions/10735778/haskell-checking-if-number-is-from-fibonacci-sequence
/questions/5956129/fibonacci-sequence-value-in-haskell
/questions/37148147/fibonacci-sequence-formula-not-working
/questions/27879616/fibonacci-sequence-can-understand-the-code
/questions/18296360/fibonacci-sequence-in-java-using-for-statements
/questions/33465021/fibonacci-sequence-error-c
/questions/20726578/fibonacci-sequence-find-the-number-of-digits-javascript
/questions/11275467/finding-an-answer-according-to-fibonacci-sequence
/questions/35062294/how-do-i-code-the-fibonacci-sequence-lmc
/questions/16768091/calculate-nth-term-of-fibonacci-sequence-in-python
/questions/18925851/fibonacci-sequence-in-mips-using-a-while-loop
/questions/59854072/fibonacci-series-sequence-in-ruby
/questions/28625432/checking-whether-a-number-is-in-fibonacci-sequence
/questions/43849424/create-fibonacci-sequence-in-prolog-with-1-parameter
/questions/20516032/check-the-given-number-belongs-to-fibonacci-sequence-in-node-js
/questions/13018278/returning-nth-fibonacci-number-the-sequence
/questions/40639509/jschecking-if-number-belongs-to-fibonacci-sequencewithout-loop
/questions/40730512/optimising-a-fibonacci-sequence-generator-python
/questions/69596975/trying-to-generate-a-fibonacci-sequence-into-a-listbox-item
/questions/61432959/how-to-save-all-terms-in-fibonacci-sequence-till-n
/questions/40730512/optimising-a-fibonacci-sequence-generator-python
/questions/66388640/fibonacci-sequence-and-nth-number-with-reduce
/questions/43508170/creating-a-fibonacci-sequence-in-visual-studio-2017
/questions/48482373/can-you-output-a-fibonacci-sequence-with-one-variable
/questions/15820601/how-do-i-print-a-fibonacci-sequence-to-the-nth-number-in-python
/questions/47525756/how-to-calculate-fibonacci-sequence-for-string-data-set
/questions/55062083/using-stream-to-iterate-over-fibonacci-sequence-in-java
/questions/36488320/optimizing-the-fibonacci-sequence-recursive-function-by-making-it-a-wrapper
/questions/13336593/java-check-if-number-belongs-to-fibonacci-sequence
/questions/17847628/fibonacci-sequence-going-from-point-a-to-point-b
/questions/13576430/how-to-find-the-fibonacci-sequence-with-c
/questions/62586491/basic-javascript-fibonacci-sequence-generator-not-working
/questions/58631075/how-to-make-fibonacci-sequence-in-racket-using-abstract-list-functions
/questions/76469740/generating-a-cryptographic-key-using-fibonacci-sequence-in-python
/questions/68435291/i-was-trying-to-make-a-recursion-function-with-python-for-the-fibonacci-sequence
/questions/19748146/generating-an-infinite-list-of-fibonacci-sequence-in-ml
/questions/70384233/how-to-implement-a-fibonacci-sequence-in-javascript
/questions/53689599/type-level-fibonacci-sequence-results-in-overflow-evaluating-the-requirement
/questions/58631075/how-to-make-fibonacci-sequence-in-racket-using-abstract-list-functions
/questions/24045283/fibonacci-sequence-calculations
/questions/5670573/using-fibonacci-sequence-to-print-out-words
/questions/56777742/how-to-print-the-fibonacci-sequence-in-swift-playground-using-recursion
/questions/68426233/correct-way-to-return-list-of-fibonacci-sequence-using-recursion
/questions/41833988/c-fibonacci-sequence-in-array-segmentation-fault
/questions/48489889/calculate-fibonacci-sequence-position-from-user-inserted-value
/questions/26288818/infinite-fibonacci-sequence-with-memoized-in-java-8
/questions/37238396/check-if-arraylist-is-part-of-fibonacci-sequence-c-sharp
/questions/49098312/systems-dynamics-in-anylogic-fibonacci-sequence
/questions/37238396/check-if-arraylist-is-part-of-fibonacci-sequence-c-sharp
/questions/44242803/how-do-i-make-this-fibonacci-sequence-generator-more-elegant
/questions/44574759/cant-get-correct-fibonacci-sequence-from-scala-code
/questions/62090178/use-mapv-reduce-to-create-fibonacci-sequence-in-r
/questions/19531607/how-do-i-generate-the-fibonacci-sequence-without-using-a-list
/questions/26227897/how-to-check-if-an-array-contains-a-fibonacci-sequence
/questions/74352892/does-the-number-belong-in-the-fibonacci-sequence
/questions/6454424/fibonacci-sequence-using-loop-and-recur
/questions/55648345/problems-in-memoization-fibonacci-sequences-in-python
/questions/73980917/how-to-generate-fibonacci-sequence-from-first-and-second-values
/questions/35617343/why-does-the-fibonacci-recursive-sequence-work
/questions/63138326/what-should-be-the-correct-fibonacci-sequence-where-i-am-doing-wrong
/questions/71523329/first-30-numbers-of-the-fibonacci-sequence-with-arrays
/questions/43990686/generating-fibonacci-sequence-and-creating-subsets-for-it
/questions/16409574/fibonacci-sequence-in-assembly-language
/questions/62621215/fibonacci-sequence-less-than-1000-in-r
/questions/40249351/fibonacci-sequence-using-recursion-with-negative-numbers-python
/questions/39231469/error-with-fibonacci-sequence-in-python
/questions/69939478/i-want-to-subtract-the-largest-possible-number-from-the-fibonacci-sequence-by-de
/questions/47914038/fibonacci-sequence-how-is-it-working
/questions/17280203/weird-output-as-the-numbers-get-bigger-in-fibonacci-sequence
/questions/74662150/implementing-the-fibonacci-sequence-for-the-last-n-elements-the-nbonacci-sequen
/questions/73725254/c-recursion-and-exception-handling-with-fibonacci-sequence
/questions/1045151/how-to-create-fibonacci-sequence-in-java
/questions/67044085/fibonacci-sequence-c-vs-python
/questions/59811643/finding-the-numbers-in-the-fibonacci-sequence-using-recursion-how-to-make-it-f
/questions/4959993/fibonacci-sequence
/questions/54544497/how-to-draw-fibonacci-sequence-using-turtle-module
/questions/75527137/sum-of-fibonacci-sequence-off-by-a-value-of-1
/questions/36415203/how-can-i-recursively-generate-an-array-of-the-fibonacci-sequence
/questions/29584581/how-to-make-a-simpler-python-fibonacci-sequence-prompt
/questions/74341540/returning-specific-values-at-any-given-index-in-the-fibonacci-sequence
/questions/66813347/find-the-nth-term-of-the-fibonacci-sequence
/questions/38213681/ruby-sum-of-integers-for-fibonacci-sequence
/questions/67210430/fibonacci-sequence-in-arm-assembly
/questions/27236574/printing-fibonacci-sequence-using-recursion-in-mips
/questions/24748098/limit-input-to-only-print-a-fibonacci-sequence-up-to-16-places
/questions/69742477/how-can-i-improve-my-fibonacci-sequence-generator
/questions/30796074/fibonacci-sequencing-difficulties-in-python
/questions/48268155/delete-element-from-array-based-on-fibonacci-sequence
/questions/70634658/how-to-find-out-if-a-number-is-in-the-fibonacci-sequence
/questions/11856419/fibonacci-sequence-sum-of-even-numbers
/questions/9947437/the-fastest-java-algorithm-for-calculating-nth-term-of-fibonacci-sequence
/questions/55998328/how-to-parallel-fibonacci-sequence-until-105-term
/questions/22154546/how-to-return-the-sum-of-only-even-numbers-in-fibonacci-sequence
/questions/22389708/custom-modified-fibonacci-number-sequence
/questions/54131263/finding-the-sum-of-even-valued-terms-in-fibonacci-sequence-using-for-loop
/questions/12338802/how-efficient-is-this-python-code-for-the-fibonacci-sequence
/questions/65697411/why-python-fibonacci-sequence-loop-is-slower-than-recursion
/questions/10858285/get-number-of-nth-place-of-modified-fibonacci-sequence
/questions/2798691/generalizing-fibonacci-sequence-with-sicstus-prolog
/questions/55221561/python-find-every-fibonacci-sequence-in-a-given-list-of-numbers
/questions/68629075/need-help-summing-all-even-numbers-in-a-given-fibonacci-sequence-project-euler
/questions/5131818/return-a-specific-number-from-the-fibonacci-sequence-in-c
/questions/49307655/postgresql-fibonacci-sequence-query-has-no-destination-for-result-data
/questions/30222392/what-is-wrong-with-my-fibonacci-sequence-program-that-uses-for-loop
/questions/27092434/fibonacci-sequence-going-wrong-for-large-numbers
/questions/15305362/python-fibonacci-sequence
/questions/63654298/fibonacci-sequence-will-not-print-anything-but-the-number-that-is-inputted-by-th
/questions/3777076/solve-fibonacci-sequence-recursively-returning-void-in-function
/questions/3777076/solve-fibonacci-sequence-recursively-returning-void-in-function
/questions/45337866/how-to-limit-fibonacci-sequence-in-an-array-under-a-number-javascript
/questions/42087550/fibonacci-sequence-pruning-using-java
/questions/57013120/recursion-in-common-lisp-pushing-values-and-the-fibonacci-sequence
/questions/1580985/finding-fibonacci-sequence-in-c-project-euler-exercise
/questions/40922624/q-how-can-i-turn-this-fibonacci-sequence-into-an-array-in-batch-programming
/questions/37582009/fibonacci-sequence-long-array-throws-negative-numbers-after-index-92
/questions/20576996/fibonacci-sequence-results-in-infinity-then-nan
/questions/43711257/a-twist-in-fibonaccis-sequence-in-python
/questions/63560828/printing-user-given-values-in-fibonacci-sequence-in-r
/questions/58921270/i-cant-figure-out-why-my-fibonacci-sequence-isnt-working
/questions/38655344/my-code-is-bringing-my-fibonacci-sequence-out-one-number-short-python-college-c
/questions/54979712/fibonacci-sequence-negative-answer-after-92-python
/questions/42886901/failure-to-invoke-reverse-on-a-fibonacci-sequence-in-range-v3
/questions/53250164/how-would-i-approach-making-the-fibonacci-sequence-in-arm
/questions/66774208/replacement-has-length-zero-in-fibonacci-sequence-in-r-code
/questions/23073822/how-to-find-an-integers-position-in-the-fibonacci-sequence
/questions/33587652/r-summing-the-even-terms-in-a-fibonacci-sequence-with-warnings
/questions/47708534/fibonacci-sequence-in-haskell
/questions/21809139/solve-fibonacci-sequence-recursively-without-prior-digits
/questions/53034026/finding-the-nth-term-of-the-fibonacci-sequence-in-matlab
/questions/9362286/why-is-the-fibonacci-series-used-in-agile-planning-poker
/questions/36892600/avoiding-stack-overflow-error-for-fibonacci-sequence
/questions/68541038/fibonacci-like-sequence-that-is-composite-for-10-000-terms
/questions/37048587/how-can-i-make-loops-in-little-man-computer-for-a-fibonacci-sequence
/questions/69139876/why-my-code-isnt-working-while-making-fibonacci-sequence-inside-a-list
/questions/49832733/fibonacci-sequence-time-and-space-complexity
/questions/32081232/recursive-fibonacci-sequence-using-stack-pointer
/questions/52462497/fibonacci-sequence-in-python-giving-out-incorrect-result-instead-of-the-right-on
/questions/5626062/how-can-i-write-a-fibonacci-sequence-which-uses-an-array
/questions/29642890/how-to-write-fibonacci-sequence-using-recrusion-in-ruby
/questions/32081232/recursive-fibonacci-sequence-using-stack-pointer
/questions/17660040/fibonacci-sequence-ruby-each-method-nil-cant-be-coerced
/questions/33700959/mips-assembly-print-the-fibonacci-sequence-with-syscalls
/questions/74404868/how-could-i-print-a-fibonacci-sequence-on-different-lines-without-using-lists
/questions/62591802/creating-a-fibonacci-sequence-finding-sum-of-all-odd-numbers
/questions/69151914/fibonacci-sequence-how-to-calculate-the-sum-of-the-first-100-even-values-fibon
/questions/26659222/calculating-the-sum-of-the-fibonacci-sequence-using-recursion-matlab
/questions/64473133/fibonacci-sequence-using-array-without-using-recursion-technique
/questions/76585128/fibonacci-sequence-in-risc-v-using-recursion
/questions/26185787/java-determining-the-limit-before-stack-overflow-occurs-fibonacci-sequence
/questions/58032218/fibonacci-sequence-iteratively
/questions/30200624/python-fibonacci-sequence
/questions/58827450/how-to-find-the-n-term-in-fibonacci-sequence
/questions/59889367/create-a-fibonacci-sequences-using-for-loop-and-arrays-in-java
/questions/59889367/create-a-fibonacci-sequences-using-for-loop-and-arrays-in-java
/questions/29611872/finding-nth-number-of-primes-in-fibonacci-sequence-faster
/questions/71463066/endless-loop-in-c-while-making-fibonacci-sequence-with-fork
/questions/68873854/how-to-implement-the-fibonacci-sequence-in-successor-arithmetics-for-all-argumen
/questions/53225409/bash-script-array-to-memoize-fibonacci-sequence
/questions/58941949/code-for-the-sum-of-a-fibonacci-sequence-doesnt-give-the-correct-sum
/questions/70404545/verify-user-input-is-a-number-only-on-fibonacci-sequence
/questions/40712608/how-do-i-make-my-fibonacci-sequence-go-up-to-n-and-not-over-at-all
/questions/46073730/fibonacci-sequence-using-cache
/questions/63860910/feeling-like-a-bad-learner-with-fibonacci-sequence
/questions/29682342/fibonacci-sequence-php-shortest-code-possible
/questions/62100920/python-convert-simple-integer-list-to-fibonacci-sequence
/questions/73711765/fibonacci-sequence-with-32-bit-overflow-algorithm
/questions/50106779/find-n-th-element-of-fibonacci-sequence-given-first-two-integers
/questions/42494932/using-switch-statement-in-fibonacci-sequence
/questions/16549214/how-do-i-determine-if-a-number-is-part-of-the-fibonacci-sequence
/questions/13658447/recursion-on-fibonacci-sequence
/questions/66185646/fibonacci-sequence-using-biginteger-does-not-yield-an-answer
/questions/51665654/how-to-implement-fibonacci-sequence-in-python-with-scikit-learn
/questions/19146295/need-help-cleaning-up-fibonacci-sequence-using-c-please
/questions/58525050/why-does-the-double-data-type-mess-up-my-fibonacci-sequence
/questions/3980842/how-many-ways-are-there-to-describe-the-fibonacci-sequence-in-perl-6
/questions/56294099/how-can-i-code-fibonacci-sequences-that-involves-two-inputs-one-determines-the
/questions/74978834/fibonacci-sequence-using-for-loop-dont-understand-the-loop
/questions/38380001/python-fibonacci-sequence-using-rangex-y-n
/questions/44581783/calculation-does-not-complete-when-using-hashmap-computeifabsent-to-compute-the
/questions/63355412/generate-fibonacci-sequence-in-compile-time-using-generics
/questions/56609325/fibonacci-sequence-number-dynamic-programming
/questions/33594448/java-trying-to-use-an-arraylist-to-create-multiples-of-a-fibonacci-sequence-an
/questions/66971550/solving-an-inhomogeneous-recurrence-relation-for-fibonacci-sequence
/questions/64316766/how-to-get-the-sum-of-fibonacci-sequence-0-to-less-than-500
/questions/68190667/why-does-this-fibonacci-code-only-allow-8-sequences
/questions/16071005/fibonacci-sequence-binary-search
/questions/28571563/how-to-fix-python-fibonacci-sequence-script
/questions/66361834/how-to-make-a-fibonacci-sequence-with-all-the-values-below-the-input
/questions/40332928/java-fibonacci-sequence
/questions/53148464/attempting-to-implement-this-recursive-fibonacci-sequence-gives-wrong-outputs
/questions/69683995/why-is-closed-form-for-fibonacci-sequence-not-used-in-practice
/questions/72106567/python3-translating-to-ti-basic-store-function-in-for-loop-being-weird-fibonacc
/questions/22336920/manipulating-the-fibonacci-sequence
/questions/27728349/java-why-isnt-this-implementation-of-fibonacci-sequence-with-memoization-not
/questions/25569912/fibonacci-sequence-and-time-space-complexity-explanation
/questions/28796834/algorithm-task-based-on-a-variation-of-fibonacci-sequence
/questions/23807931/masm-fibonacci-sequence-based-on-user-input
/questions/21426540/error-c2106-left-operand-must-be-l-value-in-fibonacci-sequence-by-dynamic
/questions/35686427/fibonacci-sequence-using-iterative-process-in-sicp-cannot-completely-understand
/questions/35229867/writing-fibonacci-sequence-in-java-starting-from-certain-term
/questions/23017146/fibonacci-procedure-in-java-sequencing
/questions/17604295/go-fibonacci-sequence-generator
/questions/9139510/fibonacci-sequence-in-an-arraylist
/questions/53077074/finding-the-nth-term-in-a-fibonacci-sequence-using-for-loops-in-java
/questions/30230963/fibonacci-sequence-code
/questions/57532368/array-is-printing-with-weird-question-mark-symbols-when-printing-fibonacci-seque
/questions/35279969/i-dont-clearly-see-why-this-is-the-fibonacci-sequence-am-i-intelligent-enough
/questions/32527645/i-cant-get-my-fibonacci-sequence-to-pass-this-rspec-test-in-ruby-how-do-i-go-a
/questions/5508546/generating-numbers-for-fibonacci-sequence-and-write-them-to-file
/questions/32899390/fibonacci-sqequence-program-cannot-figure-out-how-to-use-the-for-loop-to-displa
/questions/68640431/fibonacci-sequence-in-haskell-only-return-values-up-to-a-user-input-value-not
/questions/75597861/fibonacci-sequence-generator-with-fork-and-shared-memory
/questions/43170010/most-significant-digit-wrong-in-a-dynamically-allocated-array-using-the-fibonacc
/questions/43170010/most-significant-digit-wrong-in-a-dynamically-allocated-array-using-the-fibonacc
/questions/65468696/fibonacci-sequence-algorithm-in-javascript
/questions/5515782/fibonacci-sequence-backward
/questions/46855774/fibonacci-sequence-with-user-inputting-first-2-numbers
/questions/13751352/haskell-fibonacci-sequence-performance-depending-on-methodology
/questions/15611781/fibonacci-sequence-logic-in-python
/questions/75293086/i-need-an-explanation-for-the-fibonacci-sequence-in-a-lambda-expression
/questions/19416594/f-recursive-function-using-match-to-create-a-fibonacci-sequence
/questions/18195140/fibonacci-sequence-only-works-within-a-while-loop-and-not-for-loop
/questions/58565291/find-store-the-first-50-terms-of-the-fibonacci-sequence-via-looping
/questions/56050704/fibonacci-sequence-calculator-seems-correct-but-cant-find-similar-code-online
/questions/22976456/mips-recursive-fibonacci-sequence
/questions/25510096/why-does-biginteger-end-up-with-stackoverflowerror-in-java-at-19635th-the-intege
/questions/74366661/fibonacci-sequence-calculation-in-python
/questions/74801377/c-program-to-print-all-prime-numbers-in-the-a-fibonacci-sequence
/questions/25510096/why-does-biginteger-end-up-with-stackoverflowerror-in-java-at-19635th-the-intege
/questions/64353057/why-does-the-index-for-the-fibonacci-sequence-need-to-be-less-or-equal-to-1
/questions/75976854/fibonacci-sequence-using-for-loop
/questions/53229956/how-to-fix-overflow-for-fibonacci-sequence-in-nasm-assembly
/questions/47255899/trying-to-write-a-code-that-will-find-the-sum-of-the-even-numbers-of-the-fibonac
/questions/43452258/fibonacci-sequence-that-deletes-even-numbers-vba
/questions/9236565/how-can-i-recursively-insert-the-fibonacci-sequence-into-a-binary-tree
/questions/55597911/how-to-multiply-matrices-using-2d-array-on-fibonacci-sequence
/questions/63263713/delphi-fibonacci-sequence
/questions/43309719/fibonacci-sequence-time-complexity
/questions/18687904/fibonacci-sequence-show-the-mathematical-sequence
/questions/55977311/how-to-define-the-fibonacci-sequence-using-a-fold-for-natural-numbers
/questions/54121166/fibonacci-sequence-visual-basic
/questions/57982123/fibonacci-adder-machine-calculating-digits-in-fibonacci-sequence
/questions/36970260/possible-error-in-very-large-numbers-in-the-fibonacci-sequence-python-2-7-6-int
/questions/20835524/find-the-sum-of-even-valued-terms-in-the-fibonacci-sequenceproject-euler
/questions/48914795/recursive-and-iteration-fibonacci
/questions/49302330/separate-2-digit-numbers-in-fibonacci-series
/questions/65218837/unable-to-get-the-first-two-items-in-an-array-when-creating-a-fibonacci-sequence
/questions/64128593/implementing-alternative-fibonacci-sequence
/questions/27287388/fibonacci-sequence-recursion-depth-excess
/questions/11091422/iterative-version-of-modified-fibonacci-sequence
/questions/38090131/unable-to-print-recursive-fibonacci-sequence-correctly
/questions/12589843/function-local-self-referential-lazy-fibonacci-sequence
/questions/28161197/swift-vs-objective-c-fibonacci-sequence-speed-comparison
/questions/71347617/allow-user-input-for-the-number-of-threads-for-fibonacci-sequence-and-factorial
/questions/25587635/fibonacci-sequence-and-issues-with-return
/questions/65895066/fibonacci-sequence-using-python
/questions/76358578/fibonacci-sequence-in-mips-assembly
/questions/66247734/c-fibonacci-sequence-generator-using-a-while-loop-what-is-wrong-with-my-logic
/questions/36141791/javascript-calculate-the-sum-of-all-even-numbers-in-fibonacci-sequence-values
/questions/63511230/generating-the-fibonacci-sequence-in-matlab-using-recursive-function-not-using-a
/questions/61757901/fixing-fibonacci-sequence-script-javascript
/questions/38162209/how-can-i-complete-this-fibonacci-sequence-evaluation-in-r
/questions/68027738/need-explanation-about-this-ps-code-computing-elements-100-in-the-fibonacci-se
/questions/46498798/print-the-first-n-numbers-of-the-fibonacci-sequence-in-one-expression
/questions/50191756/using-while-function-in-a-fibonacci-sequence-in-r
/questions/42881170/python-3-fibonacci-sequence-lists
/questions/27971539/having-trouble-with-the-fibonacci-sequence
/questions/32659715/assembly-language-x86-how-to-create-a-loop-to-calculate-fibonacci-sequence
/questions/26247017/fibonacci-sequence-on-68hc11-using-4-byte-numbers
/questions/51211892/fibonacci-sequence-using-while-true
/questions/21134889/recursive-calls-for-fibonacci-sequence
/questions/25466949/fibonacci-sequence-printing-wrong-value
/questions/26842174/generating-incorrect-fibonacci-sequences-in-c
/questions/5879415/filtering-fibonacci-sequence-in-haskell
/questions/49497283/fibonacci-sequence-pseudo-code-java
/questions/18183640/fibonacci-sequence-in-a-vector
/questions/62183190/fibonacci-sequence-in-python-using-generator
/questions/61168868/matlab-how-to-get-the-nth-element-in-fibonacci-sequence-recursively-without-loo
/questions/34698842/why-is-the-fibonacci-sequence-big-o2n-instead-of-ologn
/questions/39738450/considering-the-terms-in-the-fibonacci-sequence-whose-values-do-not-exceed-four
/questions/7557293/how-many-numbers-are-in-the-fibonacci-sequence
/questions/49341667/fibonacci-recursive-function-with-an-output-of-the-array-of-the-sequence-in-java
/questions/28492880/functional-programming-recursive-loop-output-fibonacci-sequence-in-scala
/questions/53583457/stream-of-fibonacci-sequence-in-scheme
/questions/69937963/how-to-display-fibonacci-sequences-less-than-upper-bound-clisp
/questions/54849926/with-this-fibonacci-sequence-question-with-instruction-sets-used-to-make-a-assem
/questions/65958973/fibonacci-sequence-with-unknown-input
/questions/19055683/trying-to-create-fibonacci-sequence
/questions/24816735/storing-values-of-a-fibonacci-sequence-w-recursion-with-minimal-runtime
/questions/47114600/fibonacci-sequence-program-in-php-trouble-getting-input-from-user-and-declarin
/questions/12178642/fibonacci-sequence-in-ruby-recursion
/questions/64166276/why-does-this-fibonacci-sequence-work-can-someone-help-me
/questions/232861/fibonacci-code-golf
/questions/17641126/error-in-my-java-fibonacci-sequence
/questions/73778789/how-to-print-fibonacci-sequence
/questions/67360663/fibonacci-sequence-function-producing-incorrect-values
/questions/29198914/fibonacci-sequence-in-mips-and-storing-result-in-2-registers
/questions/45962555/im-trying-to-code-the-recursive-fibonacci-sequence-in-c-but-when-i-compile-i-g
/questions/9053545/finding-the-sum-of-even-valued-terms-in-fibonacci-sequence
/questions/69527136/fibonacci-sequence-with-unordered-map-in-c
/questions/18172257/efficient-calculation-of-fibonacci-series
/questions/33658273/create-a-dynamic-programming-algorithm-to-compute-the-fibonacci-sequence-using-t
/questions/33658273/create-a-dynamic-programming-algorithm-to-compute-the-fibonacci-sequence-using-t
/questions/48993096/printing-the-fibonacci-sequence-in-reverse-using-arrays-java
/questions/55320593/what-are-the-steps-used-in-this-function-used-to-calculate-the-fibonacci-sequenc
/questions/69488188/haskell-tail-recursion-for-fibonacci-sequence
/questions/75955107/masm-x86-computing-the-sum-of-odd-numbers-fibonacci-sequence-between-0-and-10000
/questions/73528748/python-fibonacci-sequence-while-loop-is-not-giving-me-the-right-result-i-have
/questions/64897446/fibonacci-sequence-with-numbers-in-1-line-and-without-using-list-or-array
/questions/32958080/writing-a-jvm-bytecode-program-to-calculate-and-print-the-first-20-numbers-in-a
/questions/71538699/fibonacci-sequence-in-ruby
/questions/41292879/fibonacci-sequence-sum-of-all-numbers
/questions/60409846/finding-the-sum-of-even-valued-terms-in-a-fibonacci-sequence-where-the-sum-of-th
/questions/54642275/i-created-an-array-of-ints-user-is-prompted-to-pick-2-numbers-i-am-trying-to-r
/questions/23175856/generalizing-fibonacci-type-sequences-performance
/questions/32085932/fibonacci-sequence-js-sum-of-even-numbers
/questions/29530090/iteral-fibonacci-java-code-returns-0-when-fibonacci-sequence-2
