/questions/50100623/assigning-students-in-classroom-flow-in-networks
/questions/10578336/flow-decomposition-theorem-in-networks
/questions/31549489/simulating-network-flows-in-networkx
/questions/51009304/how-to-find-the-maximum-flow-in-a-multi-source-flow-network
/questions/10601730/calculating-max-flow-in-a-generalized-network
/questions/40707426/network-flow-the-number-of-optimal-augmenting-paths
/questions/10545472/circulation-in-network-flow
/questions/37396858/find-the-maximum-flow-in-any-network-by-a-given-algorithm
/questions/33946473/difference-between-s-t-flow-value-of-flow-and-max-flow-in-network-flow
/questions/24900164/how-does-a-packet-flow-in-the-network
/questions/54453564/in-hyperledgerfabric-s-transaction-flow-will-the-orderer-send-blocks-to-peers
/questions/9847562/linking-c-against-boost-in-an-r-package
/questions/76509107/capturing-network-flow-in-realtime
/questions/62761850/flow-network-and-residual-network
/questions/74586850/is-it-possible-collect-multiple-flows-in-one
/questions/34051647/gridsim-extend-functionality-in-network-flow
/questions/49714159/minimum-network-flow-in-gams
/questions/9818684/data-flow-in-computer-networks
/questions/71611869/algorithm-to-determine-if-a-function-on-a-flow-network-is-a-valid-flow
/questions/51899002/an-increasing-edge-in-a-network-flow
/questions/51495748/in-the-corda-flow-testing-framework-how-can-i-get-an-rpc-connection-to-a-mock-n
/questions/29708028/determine-the-closed-closing-flow-in-the-network-traffic
/questions/47375165/find-min-cut-in-network-flow
/questions/13731191/snort-configuration-for-detecting-exe-in-network-flow
/questions/37336194/directionality-of-mincut-on-a-flow-network
/questions/50548954/time-complexity-using-ford-fulkerson-in-network-flow
/questions/24468204/should-items-flowing-in-a-tpl-dataflow-network-be-dto-or-poco
/questions/74417378/is-there-a-way-i-can-run-scripts-in-an-opendaylight-controller-without-using-the
/questions/26925190/how-to-convert-a-pre-flow-push-network-with-excess-flow-to-a-flow-network
/questions/46434098/diagramming-resources-in-azure-resource-groups
/questions/66376247/critical-edges-and-bottleneck-edges-in-a-flow-network-max-flow-min-cut-problem
/questions/32602202/flow-network-with-correlations
/questions/60393594/how-to-calculate-the-min-and-max-packet-size-of-a-flow
/questions/8573314/maximum-flow-in-graphs
/questions/73681308/creating-network-flow-from-pandas-dataframe
/questions/53160428/applying-network-flows
/questions/59681823/definition-of-capacity-of-cut-in-a-flow-network
/questions/70955472/network-flow-chart
/questions/43492141/how-can-we-add-flows-in-opendaylight-using-postman
/questions/50553767/tools-for-visualising-money-flows-in-a-complex-company-structure
/questions/69728265/decide-if-an-edge-cross-some-min-cut-in-flow-network
/questions/23671679/a-network-flow-with-different-constraints
/questions/7862471/networking-flow
/questions/22569808/network-flow-simulating-a-network-of-water-pipes
/questions/3700332/network-diagram-flow-diagram-in-jquery
/questions/59136167/calculate-max-flow-of-the-network
/questions/23788370/maximum-network-flow-with-definition
/questions/15669041/what-is-this-bittorrent-network-flow
/questions/72965889/how-to-use-the-random-function-for-producing-different-flows-in-cplex
/questions/65298597/bipartite-matching-to-flow-network
/questions/16151520/software-for-drawing-flow-networks
/questions/28791351/how-to-sum-up-by-hour-in-mysql
/questions/12687664/network-flow-algorithm
/questions/4251395/compute-max-flow-for-networks
/questions/27017486/network-flow-update-values
/questions/43683911/generate-a-random-flow-network
/questions/53473482/network-flow-algorithm-related-problems
/questions/24068138/flow-network-proof-with-cuts-in-it
/questions/32369482/algorithms-and-data-structures-for-working-with-time-in-a-flow-network
/questions/59570910/constrained-network-maximum-flow
/questions/41535443/how-to-calculate-maximum-flow-in-a-directed-graph-that-contains-cycles
/questions/19619876/network-flow-and-integer-linear-programming
/questions/61617976/finding-maximum-flow-in-a-network-with-lower-and-upper-capacities-using-igraph
/questions/68089929/variational-inference-with-normalizing-flows-in-tensorflow-probability
/questions/49705679/ampl-network-flow-problems
/questions/51696853/network-flow-optimimization-gurobi
/questions/66851934/data-structure-to-represent-network-flow
/questions/58895251/how-to-check-a-flow-network-contains-unique-maximum-flow
/questions/29267096/minimum-flow-in-a-network-with-lower-bounds-what-am-i-doing-wrong
/questions/19649026/is-network-flow-pseudo-polynomial-time
/questions/75786372/how-to-collect-flows-in-viewmodel-with-a-parameter
/questions/46929709/how-to-use-flow-on-network-data
/questions/37107715/solving-network-flow-using-cplex
/questions/43616480/minimum-cost-flow-network-optimization-in-r
/questions/4091302/how-to-apply-ford-fulkerson-algorithm-to-a-graph-to-find-maximum-flow-in-a-flow
/questions/22931735/running-time-analysis-of-ford-fulkerson-algorithm-that-finds-the-maximum-flow-in
/questions/73136785/algorithm-to-find-flow-direction-in-a-network
/questions/53720049/network-flow-balancing-constraint-in-r
/questions/73692588/apache-druid-for-network-flow-data-and-network-traceroute-data
/questions/51364345/direct-accessing-network-apis-in-flows
/questions/51424274/how-to-flow-drain-suspended-flows
/questions/75973051/combine-a-room-dao-flow-with-manual-network-requests-into-one-flow
/questions/22273759/how-to-discern-between-network-flows
/questions/8654898/about-network-flow-equilibrium-property
/questions/58812037/visualizing-flow-through-graph-networks
/questions/70929815/given-a-flow-network-and-a-max-flow-f-on-it-determine-whether-there-are-at-leas
/questions/72982906/clarifying-data-flow-between-networks
/questions/8400483/assignment-prob-flow-network-solution
/questions/73265395/tensor-flow-spektral-graph-neural-networks-gradient-descent-issue
/questions/46146323/finding-minimal-cut-of-a-flow-network
/questions/47380643/how-to-create-shape-flow-in-convolutional-neural-network-using-tensorflow
/questions/27469438/how-to-use-maximum-network-flow-to-solve-this
/questions/4991648/acessing-data-of-a-structure-from-another-structure
/questions/20870730/minimum-cut-is-always-the-same-in-flow-networks
/questions/59320069/restricting-flow-access-of-nodes-in-corda-network
/questions/69135779/recreating-process-flow-in-python-networkx
/questions/72315925/iterating-through-a-tuple-network-flows
/questions/25592046/maximum-flow-of-network-is-not-unique
/questions/56622619/zip-network-requests-via-kotlin-coroutine-flow
/questions/22034353/unity3d-network-request-flow
/questions/27483382/how-to-use-network-flow-to-solve-this
/questions/33565902/network-flow-true-or-false
/questions/34271628/coding-conditional-flow-netlogo-between-3-nodes-in-network-diffusion-model
/questions/26522566/openstack-vm-network-flow
/questions/53969889/how-is-a-network-traffic-flow-uniquely-identified
/questions/31307317/network-flow-problems-explained-in-simple-terms
/questions/59824526/network-flow-problem-with-binary-in-ampl
/questions/54210618/how-to-test-apis-in-an-end-to-end-testing-flow-in-front-end-application
/questions/23168106/appropriate-graph-representation-for-network-flow-algorithms
/questions/65002625/pyomohow-to-declare-the-nodes-network-in-power-flow-model
/questions/26774479/looking-for-a-literature-algo-for-extimating-network-flows
/questions/44792073/calculating-maximum-flow-value-with-networks-for-directed-graph
/questions/73829241/how-to-get-network-flow-logs-in-lightsail
/questions/5007484/is-it-okay-to-use-network-exceptions-for-control-flow
/questions/48601042/is-it-possible-accelerate-a-network-flow-speed-at-a-midway-point
/questions/36484408/implementing-a-siamese-network-in-tensor-flow
/questions/26663908/solving-a-weighted-network-flow-using-neo4j
/questions/16384151/finding-edge-connectivity-of-a-network-by-using-maximum-flow-algorithm
/questions/59234324/cplex-opl-model-for-transshipment-network-flow
/questions/8019906/network-flow-adding-a-new-edge
/questions/73378290/solving-integer-network-flow-problem-using-optaplanner
/questions/42403168/aggregating-trips-into-a-flow-network-dataframe
/questions/16933311/crab-graphs-algorithms-graph-theory-how-is-this-network-flow
/questions/72886193/making-a-convolutional-neural-network-from-a-flow-diagram
/questions/10158156/does-the-concept-of-flow-apply-to-tcp-as-well-as-udp
/questions/43940063/finding-the-flow-of-water-in-a-connected-network
/questions/42081917/tensor-flow-making-predictions-using-a-trained-network
/questions/59217126/two-branched-data-flow-network-does-not-complete
/questions/46801983/tensor-flow-neural-network-error
/questions/6936853/network-flow-can-i-change-edge-capacity-while-solving-for-max-flow
/questions/67908818/flow-augmentation-in-a-directed-network-with-the-constraint-edges-with-a-common
/questions/19477570/find-a-network-flow-solution-which-maximises-the-flow-from-a-specific-source-to
/questions/23656508/solving-a-simple-power-grid-flow-network
/questions/75652311/find-maximum-s-t-in-a-cut-in-a-flow-network
/questions/61478458/swiftui-persist-observable-objects
/questions/64741547/how-to-visualize-data-flow-in-a-tensorflow-project
/questions/65821501/what-is-the-network-flow-problem-that-corresponds-to-this-project-selection-prob
/questions/61682662/after-running-a-max-flow-algorithm-find-in-a-flow-network-all-edges-that-are-in
/questions/13812237/go-from-sink-to-graph-nodes-in-a-network-flow-graph
/questions/66590719/networkx-graph-from-pandas-with-nodes-with-edges-that-dont-connect-other-nodes
/questions/59795251/how-to-block-flows-from-other-nodes-on-corda-network
/questions/31883716/how-to-handle-the-flow-when-a-network-exception-is-thrown
/questions/56990979/how-to-enable-and-configure-flow-log-for-network-security-group
/questions/71901357/object-inside-class-as-attribute-wont-update-from-other-attribute
/questions/27579215/how-to-use-network-flow-to-solve-linear-programming
/questions/70703071/programing-a-pytorch-neural-network-with-a-branch-in-the-flow-of-information
/questions/66370380/does-c-have-a-data-structure-like-a-python-dictionary
/questions/24583996/check-if-theres-a-single-minimum-cut-in-a-given-network-flow
/questions/30486292/network-flow-approach-for-maximizing-number-of-jobs-that-can-be-scheduled
/questions/62340621/to-understand-how-terraforms-network-flow-goes
/questions/33565995/time-complexity-of-the-ford-fulkerson-method-in-a-flow-network-with-unit-capacit
/questions/73591364/kotlin-flow-not-collected-anymore-after-working-initially
/questions/51092339/cplex-studio-long-overhead-time-for-network-flow-problems
/questions/34844843/running-a-multi-scale-network-with-tensor-flow
/questions/21268613/modification-to-maximum-flow-algorithm
/questions/73522788/convert-elastiflow-network-flow-into-3d-graphics
/questions/15704062/efficient-way-to-detect-periodicity-of-network-flows
/questions/70374591/aws-cognito-network-traffic-flow-related-question
/questions/47824613/network-flow-database-in-power-query-table
/questions/74648709/what-is-the-http-network-flow-used-by-firestore-js-sdk
/questions/63002976/hot-flow-as-final-observable
/questions/12502057/network-flow-graph-all-possible-path
/questions/31682966/pandas-calculate-mean-var-of-similar-columns-grouped-together
/questions/74060067/how-can-i-detect-a-network-flows-from-captured-packets
/questions/8089051/finding-the-set-of-mincut-edges-in-a-preflow-push-network-flow-algorithm
/questions/29101305/bellman-ford-or-network-flow-for-findin-maximum-number-of-distinct-path
/questions/44766247/how-to-find-final-stored-amount-in-each-sink-in-a-flow-network
/questions/27590749/flow-network-with-source-s-and-sink-t-how-to-find-maximal-flow-between-any-2-ve
/questions/43213410/most-optimal-way-to-solve-multiple-source-multiple-sink-flow-network
/questions/55680127/how-to-compute-maximum-flow-in-a-tree-with-one-source-many-sinks-what-are-t
/questions/72699141/how-can-one-solve-a-network-flow-problem-with-storage-tanks
/questions/32394730/networking-is-transmission-control-protocoltcp-ensures-fairness-among-multipl
/questions/38408852/finding-the-lowest-amount-of-edges-in-all-minimum-cuts-in-flow-network
/questions/64741103/how-to-process-network-flow-information-in-python-to-display-communicating-nodes
/questions/74409016/how-to-compute-the-maximum-stable-rate-of-a-flow-network-on-producing-a-given-qu
/questions/45887972/flow-exceptions-among-multiple-parties
/questions/43850745/why-does-cvxopt-give-a-rank-error-for-this-nonlinear-network-flow-optimisation
/questions/7005450/does-anyone-have-experience-use-mapreduce-to-solve-network-flow-problem
/questions/56279843/corda-explicit-contract-upgrade-nosuchelementexception-list-is-empty
/questions/64477499/aws-does-the-traffic-flowing-over-an-elastic-network-interface-show-in-the-defa
/questions/36672618/how-to-create-a-recurrent-neural-network-in-tensor-flow-for-variable-sequence-le
/questions/68468960/how-to-create-an-azure-network-security-group-flow-log-with-azure-powershell
/questions/58384303/emit-coroutine-flow-from-room-while-backfilling-via-network-request
/questions/23443727/capturing-network-data-that-flows-through-a-usb-modem
/questions/68599781/is-there-an-efficient-algorithm-for-printing-all-edge-disjoint-paths-in-a-flow-n
/questions/5699360/algorithm-problem-converting-non-integer-maximum-flow-to-integer-maximum-flow
/questions/34820333/are-there-more-than-one-families-of-flow-networks-with-non-unique-minimum-cuts
/questions/42224507/how-to-solve-this-with-network-flow-or-any-other-solutions
/questions/75399332/a-network-flow-problem-need-a-elegant-solutionpython
/questions/75460606/how-do-i-monitor-network-flow-with-selenium
/questions/70187632/network-packet-flow-with-configured-rss-and-pfring-cluster
/questions/76467386/testing-retrofit2-network-calls-in-flow-based-architecture-using-mockwebserver
/questions/71163430/kotlin-flow-network-bound-resource-usage-with-force-refresh-and-repeating-errors
/questions/2786899/fastest-sort-of-fixed-length-6-int-array
/questions/41964288/how-to-show-that-union-and-intersection-of-min-cuts-in-flow-network-is-also-a-mi
/questions/32541580/in-flow-network-increase-weight-of-edges-with-constraints-to-make-all-path-weigh
/questions/72955853/scipy-minimize-how-to-pass-multiple-args-to-the-constraint-in-scipy
/questions/72916391/deep-learning-does-there-exists-a-network-that-only-allows-flow-from-input-a-o
/questions/21131450/made-a-network-with-multiple-switches-in-mininet-and-add-flows-to-switches-manua
/questions/38393404/how-to-get-the-bandwidth-of-network-flowing-through-a-port-using-snmp-c-sharp
/questions/74647340/how-to-handle-redirection-with-azure-login-using-jmeter
/questions/62534274/file-error-while-running-the-tutorial06-networks-from-openstreetmap-from-flow
/questions/40843478/popen-blocks-the-process-sometimes-usually-under-cpu-load
/questions/38455861/automatically-aggregate-and-partition-sql-table-by-time
/questions/27147437/trying-to-parse-network-flows-to-extract-files-in-c-using-libpcap-i-want-to-mai
/questions/19631661/visualization-of-trade-flows-trade-network-between-countries-in-r
/questions/74120779/application-crashes-while-deleting-a-key-from-dpdk-hash-table
/questions/67862114/network-flow-problem-minimize-weight-of-the-edges-in-graph-such-that-every-spec
/questions/68733883/sort-people-to-groups-similar-to-min-cost-flow-network
/questions/27973900/trouble-with-loops-and-flow-control-in-my-java-networking-project
/questions/42381548/tensor-flow-simple-network-surgery-dropping-first-layers
/questions/44189645/using-custom-data-in-tensor-flow-neural-network-for-regression
/questions/59910779/deep-learning-full-connecting-neural-network-in-tensor-flow
/questions/59910779/deep-learning-full-connecting-neural-network-in-tensor-flow
/questions/67915955/reversing-edge-flow-direction-with-netedit
/questions/50403971/what-is-the-flow-of-the-learning-process-within-a-neural-network-with-respect-to
/questions/47420063/in-torch-lua-can-i-split-concat-tensors-as-they-flow-through-a-network
/questions/12082872/sort-list-of-lists-by-unique-reversed-absolute-condition
/questions/62992907/calculating-mean-on-multiple-conditions-trade-data-harmonization-in-r
/questions/22677407/is-there-a-dsl-or-declarative-system-for-tpl-dataflow
/questions/55390397/how-to-implement-network-flow-algorithm-using-2d-array-with-random-nodes-and-cap
/questions/29968268/collecting-data-from-3g-modem
/questions/63667539/how-to-solve-problem-of-high-data-rates-of-flow-hits-switches-that-does-not-hav
/questions/12274474/a-variation-of-ford-fulkerson-algorithm
/questions/67968339/minimal-cost-flow-network-when-using-multiple-demand-supply-sets-networkx
/questions/1538084/edge-direction-in-network-diagrams
/questions/16875030/how-do-i-merge-rows-of-network-traffic-data-flow-pairs-in-r
/questions/49749451/how-to-mock-a-responder-flow-in-corda
/questions/53735536/node-outside-of-openshift-cluster-cant-access-pods-inside-cluster
/questions/69141089/how-can-we-print-http-flow-of-a-browser-with-python-like-browser-network-tab
/questions/52819816/validation-phase-of-the-transaction-flow-on-a-hyperledger-fabric-network-under
/questions/37741209/tensor-flow-giving-nan-loss-when-running-with-convolutional-network
/questions/40752549/finding-a-circulation-in-a-network-with-lower-bounds
/questions/30953486/minimal-cut-maximum-flow-in-directed-graph
/questions/47147341/avoid-shutting-down-an-entire-data-flow-network-when-one-block-is-faulted
/questions/42333290/find-a-path-from-source-to-target-in-residual-graph-of-a-network-flow-graph-in-o
/questions/9060964/flow-networks-finding-of-paths-from-given-source-vertex-s-to-some-vertex-t
/questions/43264153/how-to-find-the-output-of-a-trained-network-for-a-random-input-in-tensor-flow
/questions/51699109/tensor-flow-neural-network-model-predicting-unrelated-data-also
/questions/72047477/neural-network-to-predict-air-flow-from-coordinate-and-fan-speed
/questions/61088565/image-not-getting-displayed-in-jsp-aws-environment-only
/questions/60127835/auto-enable-network-watcher-resource-while-deploying-nsg-flow-log-using-arm-temp
/questions/49704930/corda-service-does-not-exist-when-running-flow-on-local-network-created-by-drive
/questions/49951795/getting-same-predicted-values-for-all-inputs-in-trained-tensor-flow-network
/questions/41898879/cassandra-approach-of-rdbms-nested-insertions
/questions/28866604/image-importing-library-for-android
/questions/75884997/what-is-default-dispatcher-kotlin-flow-function
/questions/67305113/how-can-i-create-an-azure-network-security-group-nsg-flow-log-within-a-bicep-t
/questions/68530221/how-to-get-rid-of-flow-sessions-were-not-provided-exception-in-corda-when-run
/questions/66755638/finding-if-a-minimum-cut-in-a-flow-network-where-we-force-certain-nodes-to-be-in
/questions/22926957/how-can-a-directed-cycle-exist-in-the-residual-graph-of-a-bipartite-flow-network
/questions/74460551/more-efficient-alternative-to-representation-of-time-extended-flow-network-with
/questions/75358775/network-flow-problem-sort-node-by-its-edge-with-other-nodes-python
/questions/34476381/vagrant-issue-when-trying-to-get-traffic-flowing-to-multiple-network-interfaces
/questions/59287462/how-should-i-slice-and-orchestrate-a-configurable-batch-network-using-spring-bat
/questions/63371734/can-we-mock-cordarpcops-in-cordapp-for-testing-purpose
/questions/16875182/given-a-flow-network-and-an-edge-e-describe-an-algorithm-that-determines-whethe
/questions/68315288/async-await-control-flow-in-web-api
/questions/70008541/handle-network-error-when-using-graphql-subscription-with-apollo-on-android-with
/questions/69852855/corda-network-map-is-up-and-running-but-notary-is-not-in-whitelist
/questions/61080047/cannot-run-flow-in-corda-node
/questions/59156128/can-azure-network-watcher-be-used-to-diagnose-app-services
/questions/27265167/my-minimum-cost-network-flow-cost-in-networkx-takes-a-lot-of-time-to-be-calculat
/questions/72751148/how-routing-decision-reroute-check-decide-which-next-hop-to-chose-in-the-figu
/questions/4527836/flow-based-routing-and-openflow
/questions/61088225/troubles-training-tensor-flow-neural-network-how-can-i-fix-this-problem
/questions/76622821/are-there-react-native-libraries-to-implement-node-based-uis
/questions/64945837/my-font-does-not-appear-in-network-reactjs-styled-components
/questions/59218769/efficiently-installing-flows-on-ovs-devices-packet-in-processing-worth-is-to-u
/questions/27051305/can-nodes-represent-population-groups-with-population-size-as-an-attribute-in
/questions/38623096/enforce-cors-checks-in-node-js
/questions/5748598/how-to-find-a-graph-augmenting-path
/questions/10397118/what-exactly-is-augmenting-path
/questions/31401512/wordpress-custom-new-post-interface
/questions/60534169/how-can-i-use-a-git-bundle-files-to-continuously-mirror-a-bare-repo
/questions/4442475/maximal-flow-graph-algorithm
/questions/44064616/how-to-control-the-activity-method-flow-till-non-activity-class-perform-network
/questions/37596471/how-to-use-wireshark-display-filters-without-network-trafic-but-with-data-flow
/questions/47275389/hts-package-how-to-specify-a-network-like-hierarchy-of-forecasts
/questions/71789322/network-flow-dataframe-merging-memory-error-unable-to-allocate-array-with-sh
/questions/62693698/udp-how-make-the-data-flow-rate-smooth-for-udp-packets-over-a-network-connectio
/questions/52308541/how-to-allow-network-flow-between-two-private-instances-which-are-attached-to-di
/questions/59340312/why-is-the-global-min-cut-cardinality-less-than-the-degree-of-every-vertex-for-n
/questions/38052829/correct-flow-in-rxjava-with-retrofit-and-realm
/questions/9310555/edmond-karps-in-boost-graph-library
/questions/19479676/logging-data-passing-through-network
/questions/74652077/jetpack-compose-how-to-make-two-lazy-columns-scroll-together
/questions/47027698/android-app-automatically-coming-to-foreground-up-on-starting-an-activity
/questions/76166513/am-i-using-flatmapconcat-correctly
/questions/41779175/map-is-not-a-function
/questions/35298326/freeze-some-variables-scopes-in-tensorflow-stop-gradient-vs-passing-variables
/questions/53691760/what-are-the-differences-between-kernel-buffer-tcp-socket-buffer-and-sliding-wi
/questions/66704964/agic-with-app-gateway-together-with-azure-load-balancer
/questions/8172582/directed-graph-with-max-indegree-of-a-vertex
/questions/5338079/howto-increase-time-duration-of-event-when-rows-are-by-time-period-using-t-sql
/questions/76134166/why-is-accuracy-not-improving-over-20-for-neural-network-using-mean-square-erro
/questions/58420872/authentication-flow-in-react-native
/questions/55296048/terminating-vs-non-terminating-link-apollo-link
/questions/74906977/camunda-not-accepting-keycloak-token-from-public-ip
/questions/40534846/automatically-scheduling-conference
/questions/58872488/where-is-the-oauth-access-token-stored-in-the-browser-in-case-of-authorization-c
/questions/63503205/404-error-on-network-tab-in-production-server-code-200-in-local-using-react
/questions/50563659/how-to-connect-service-from-cf-to-application-in-aws-in-application-flow
/questions/49453283/node-red-catching-error-node-red-contrib-composer
/questions/21456235/how-do-the-nl80211-library-cfg80211-work
/questions/878668/bipartite-matching
/questions/63138629/how-to-replay-show-a-saved-flow-in-the-console-without-triggering-requests
/questions/51673108/spring-oauth-application-not-working-in-microsoft-azure-app
/questions/62497697/how-can-we-hide-the-information-like-authentication-credentials-while-passing-fr
/questions/58589969/why-spring-security-redirects-to-http-by-default
/questions/32052975/how-could-i-bind-docker-container-to-specific-external-interface
/questions/72887093/webrtc-not-working-in-google-chrome-but-works-in-firefox
/questions/41962756/how-to-tell-if-an-edge-is-on-some-path
/questions/69447060/user-validation-unsuccessful
/questions/15971424/continuously-train-matlab-ann-i-e-online-training
/questions/64312551/how-can-encrypt-all-the-form-field-values-before-submit-the-form-and-decrypt-to
/questions/13596565/cut-sets-in-a-graph
/questions/47488910/whats-the-difference-between-endpoint-and-socket
/questions/11901830/simulate-incoming-packets-on-a-network-interface-in-linux
/questions/5319024/using-jaxb-to-cross-reference-xmlids-from-two-xml-files
/questions/24622108/apache-spark-the-number-of-cores-vs-the-number-of-executors
/questions/6666267/architecture-for-merging-multiple-user-accounts-together
/questions/38749201/asp-net-mvc-routing-redirect-to-route-when-action-name-and-url-is-same
/questions/49258698/finding-the-maximum-number-of-vertex-disjoint-from-source-to-destination
/questions/38749201/asp-net-mvc-routing-redirect-to-route-when-action-name-and-url-is-same
/questions/59337123/valueerror-initializer-for-variable-is-from-inside-a-control-flow-construct-su
/questions/58722424/flow-error-when-running-python-examples-sumo-highway-py
/questions/25153075/best-practice-in-storing-and-using-a-oauth2-token-in-android
/questions/27455970/update-maximum-flow-after-adding-an-edge
/questions/57384194/in-corda-unit-tests-is-there-a-way-to-inspect-the-outcome-of-a-flow-before-commi
/questions/56152442/how-to-create-a-3d-image-using-x-y-z-coordinates
/questions/54188419/high-azure-network-usage-in-out
/questions/68678307/aws-network-firewall-how-to-log-the-blocked-connections
/questions/69366161/there-are-hardware-recomendation-for-running-a-solver-for-linear-programing-with
/questions/53155434/error-while-making-membership-request-from-membership-app
/questions/42034325/how-to-wait-on-yield-to-multiple-actions-in-single-redux-observable-epic
/questions/72397839/why-do-activations-need-more-bits-16bit-than-weights-8bit-in-tensor-flows-n
/questions/4482986/how-can-i-find-the-minimum-cut-on-a-graph-using-a-maximum-flow-algorithm
/questions/29761555/is-http-jsonp-is-blocking-call
/questions/73778020/celery-errback-complex-flows
/questions/32743253/composing-functions-in-a-semi-ordered-lattice-shape
/questions/34932948/haskell-ford-fulkerson-finding-augmenting-path
/questions/39222083/calculate-hash-value-for-udp-packets-in-ns2
/questions/15810608/please-tell-about-the-query-of-network-packet-traversal-in-linux
/questions/37912838/using-textwriter-with-streamwriter-and-reading-writing-simultaneously
/questions/64616555/postlogout-redirect-issue-with-openidconnect-auth-flow-in-aspnetcore-app
/questions/27419679/disconnecting-with-server-immediately-after-connecting
/questions/55883197/how-can-i-optimize-gradient-flow-in-lstm-with-pytorch
/questions/19124363/how-to-get-dynamically-generated-text-after-page-loads-jquery
/questions/58245215/send-receive-paradigm-in-rust
/questions/66399417/android-mvp-interactor-vs-mvvm-repository
/questions/13782338/what-exactly-is-flow-in-nfdump-can-i-get-tcp-sessions-with-nfdump
/questions/49777285/how-to-randomly-generate-flow-in-sumo-simulation-given-a-fixed-vehicle-number
/questions/56718008/is-it-okay-to-use-a-deep-learning-frameworks-rather-than-building-the-neural-net
/questions/70619827/real-gas-1d-pipe-flow-in-pyomo-scip-failing-through-energy-equation
/questions/52003180/how-to-understand-output-from-a-multiclass-neural-network
/questions/72277875/is-there-a-way-to-alter-the-values-of-weight-output-prefix-of-edges-with-a-scrip
/questions/72277875/is-there-a-way-to-alter-the-values-of-weight-output-prefix-of-edges-with-a-scrip
/questions/76611458/how-to-share-a-cookie-between-two-domains-i-control
/questions/56905175/corda-newly-added-corda-node-on-a-local-machine-cant-be-reached-by-other-nodes
/questions/69179866/firebase-auth-in-cross-origin-isolated-mode
/questions/58966813/corda-transaction-is-not-progressing-when-a-node-is-down
/questions/29053438/data-flow-runs-5-times-slower-on-production
/questions/6187456/tcp-vs-udp-on-video-stream
