/questions/74025093/graph-decomposition-using-min-cut-function
/questions/26123359/graph-branch-decomposition
/questions/33606608/directed-graph-decomposition
/questions/62038928/a-perfect-matching-decomposition-graph-in-bipartite-graph
/questions/53898090/tree-decomposition-of-a-graph
/questions/2716918/any-implementations-of-graph-st-ordering-or-ear-decomposition
/questions/53089064/finding-a-tree-decomposition-of-a-graph-in-python
/questions/23519929/obtaining-a-tree-decomposition-from-an-elimination-ordering-and-chordal-graph
/questions/55350030/how-to-change-color-of-line-graphs-in-statsmodel-decomposition-plots
/questions/67072627/time-series-decomposition-and-graphing-from-custom-metrics-in-azure-logs
/questions/70226646/is-there-an-r-function-for-combining-graph-for-decomposition-of-time-series-grap
/questions/23737690/algorithm-for-generating-a-tree-decomposition
/questions/76309010/what-is-the-difference-between-the-tree-cut-decomposition-and-tree-decomposition
/questions/54767387/algorithms-for-tree-decomposition
/questions/33222836/neo4j-native-java-creating-a-new-database-in-memory-rather-than-hard-disk
/questions/73372237/create-a-nice-tree-decomposition-in-python
/questions/49583930/how-to-solve-cholesky-decomposition-error-in-tensorflow-caused-by-low-precision
/questions/50498387/stl-decomposition-python-graph-is-plotted-values-are-n-a
/questions/65383138/unity-shader-graph-uv-map-decomposition-to-use-as-opacity-gradient
/questions/33194922/na-results-in-decomposition-of-additive-time-series-in-r
/questions/26491518/domain-decomposition-with-petsc
/questions/74851063/how-to-decide-either-is-it-stationary-data-or-not-what-if-p-value-is-less-than
/questions/53277121/dulmage-mendelsohn-matrix-decomposition-in-python
/questions/41856210/python-igraph-cannot-decompose-directed-graph-neither-strong-nor-weak
/questions/60507230/making-sense-of-the-decomposition-plot-in-r
/questions/65265104/add-data-line-to-var-hd-graph-using-ggplot
/questions/72194328/decompose-even-graph-in-minimum-and-maximum-cycles
/questions/5647268/what-is-the-simplest-way-to-plot-a-decomposition-tree-in-mathematica
/questions/71474562/valueerror-x-must-have-2-complete-cycles-requires-24-observations-x-only-has-1
/questions/63704167/getting-different-results-while-using-differentbut-correct-algorithms-to-find
/questions/5724167/problem-to-determine-the-chromatic-polynomial-of-a-graph
/questions/67884960/can-i-fix-overwriting-text-in-a-plotted-model
/questions/33837977/all-non-redundant-paths-in-a-directed-graph-digraph-from-networkx-python
/questions/44261619/read-daily-data-with-weekly-seasonal-in-r
/questions/45001243/x-axis-range-in-seasonal-decomposition-of-time-series-stl
/questions/47841088/graph-in-logarithmic-scale-for-ordinates-for-the-jacobi-method
/questions/42207236/what-does-my-code-finding-biconnected-components-of-a-graph-not-operate-well
/questions/58661289/how-to-turn-a-linear-string-into-a-trie
/questions/57925365/how-to-fit-intercept-into-particular-value-in-ggplot-linear-model-graph
/questions/653496/how-can-i-cluster-a-graph-in-python
/questions/53474455/access-private-struct-within-class-c
/questions/23129563/understanding-of-cumsum-dfunction
/questions/33550257/fix-layout-of-plotfevd-function
/questions/805527/matrix-algebra-design-decomposition
/questions/72252168/understanding-an-einsum-usage-for-graph-convolution
/questions/64330209/error-while-trying-to-decompose-a-time-series-non-numeric-argument
/questions/9576676/is-there-a-friendly-name-for-this-data-structure
/questions/70297329/visualization-of-k-cores-using-networkx
/questions/72306411/mpi-domain-decomposition-and-block-tridiagonal-matrix
/questions/72521088/r-time-series-forecasting-trend-line-is-wrong-because-of-the-indexing
/questions/46184881/decompose-undirected-graph-to-minimum-paths-and-cycles
/questions/4549636/problem-with-pattern-matching-in-ocaml
/questions/5296515/subband-decomposition-using-daubechies-filter
/questions/21976889/plotting-communities-with-python-igraph
/questions/69871496/which-algorithm-is-best-to-use-for-finding-lca-in-tree
/questions/4466520/is-there-a-simple-way-to-compute-a-smooth-function-with-the-following-characte
/questions/75881455/searching-through-an-acyclic-graph-with-minimum-time-complexity
/questions/71545937/potential-issue-with-move-for-compound-graph-cytoscape-js
/questions/41073479/trying-to-make-sense-of-latent-semantic-indexinglsi
/questions/43702144/python-fourier-series-of-discrete-data
/questions/55666478/importerror-cannot-import-name-treewidth
/questions/43463963/pseudoinverse-of-large-sparse-matrix-in-r
/questions/34995470/given-a-tree-find-the-kth-node-in-the-path-from-node-a-to-node-b-in-logn
/questions/50334382/how-do-minimum-multicut-algorithms-avoid-trivial-solutions
/questions/42939653/3d-volume-processing-using-dask
/questions/43355044/cumulative-explained-variance-for-pca-in-python
/questions/16364294/what-is-the-most-standard-file-format-and-notation-for-persisting-expressive-dir
/questions/20765107/degree-matrix-in-spectral-clustering
/questions/3788508/recreate-sets-from-combinations-of-these-sets
/questions/37871270/does-d3-support-a-compositional-bottom-up-approach
/questions/52837867/reuse-of-computed-constant-values-in-tensorflow
/questions/38439846/correct-data-structure-for-point-location-algorithm
/questions/57314824/efficient-algorithm-for-computing-a-compositional-square-root
/questions/4230823/consistent-size-for-graphplots
/questions/60078002/how-to-update-angular-plotly-js-plot-when-data-changes-in-angular-7
/questions/10020940/sharepoint-2010-with-performancepoint-excel-services-and-reporting-services-ref
/questions/60079882/create-an-array-of-pointers-to-maps-in-stack-memory-if-possible
/questions/36456436/how-can-i-define-only-the-gradient-for-a-tensorflow-subgraph
/questions/70539957/dimension-reduction-using-varimax-rotation-and-method-used-is-principal-to-fin
/questions/13022587/how-should-i-start-with-learning-math-required-for-ai
/questions/6802320/looking-for-objective-metrics-for-software-quality
/questions/23960562/generating-a-distance-grid-around-given-points
/questions/53007290/build-clustering-upon-matrix-lines-with-kmeans
/questions/48347164/graphing-gaussian-process-in-r-using-rstan
/questions/22746439/why-are-my-curved-edges-not-updating-correctly
/questions/39578811/including-multiple-seasonal-terms-in-python-statsmodels-tsa-arima
/questions/61131086/cvxpy-not-able-to-get-elements-of-a-vector-expression-and-use-them-as-array-in
/questions/76111711/pinecone-upserting-wrong-values
/questions/22496910/failed-testing-on-ubuntu-12-04
/questions/74753992/how-to-find-a-key-using-mongodb-pymongo
/questions/65247230/plot-the-timeframe-of-each-unique-sound-loop-in-a-song-with-rows-sorted-by-soun
/questions/73034812/how-do-i-change-the-str-labels-in-a-function-to-int-and-return-a-plt-legend
/questions/60175692/how-to-bind-html-in-angular-8
/questions/11113649/how-to-run-a-py-module
/questions/55100413/arima-model-missingdataerror-exog-contains-inf-or-nans
/questions/54014076/pip-search-finds-tensorflow-but-pip-install-does-not
/questions/75955658/getting-slow-response-form-google-or-tools
