/questions/4867525/usage-examples-of-greedy-algorithms
/questions/19903455/greedy-algorithms-and-optimal-substructure
/questions/7887487/how-to-spot-a-greedy-algorithm
/questions/9589439/greedy-algorithms
/questions/41420062/what-is-the-distinction-between-local-and-greedy-algorithms
/questions/8060028/what-is-the-difference-between-hill-climbing-and-greedy-algorithms
/questions/31695202/the-greedy-algorithm-and-implementation
/questions/11695655/greedy-algorithm-and-coin-algorithm
/questions/13557979/why-does-the-greedy-coin-change-algorithm-not-work-for-some-coin-sets
/questions/23461471/greedy-algorithm-nodes
/questions/6162465/divide-and-conquer-dynamic-programming-and-greedy-algorithms
/questions/5904042/why-is-this-a-greedy-algorithm
/questions/56641109/epsilon-greedy-algorithm
/questions/13713572/how-is-dynamic-programming-different-from-greedy-algorithms
/questions/36242009/local-maximum-vs-global-maximum-in-greedy-algorithms
/questions/17147916/greedy-algorithms-and-arrays
/questions/42109885/greedy-algorithm-set-cover
/questions/57302734/greedy-algorithms-expression-result-unused
/questions/14038011/dijkstras-algorithm-a-greedy-or-dynamic-programming-algorithm
/questions/59446272/iterative-greedy-algorithm-explaination
/questions/14546173/greedy-algorithm-in-java-implementation-issues
/questions/7707586/what-is-the-best-complexity-of-a-greedy-algorithm
/questions/25795266/greedy-algorithm-in-c
/questions/16083251/greedy-algorithm-for-the-following
/questions/61135333/greedy-algorithm-in-c
/questions/34755008/greedy-algorithm-or-dynamic-programming
/questions/41980535/cs50-greedy-algorithm
/questions/7892040/solving-heuristically-using-greedy-algorithm
/questions/32394987/greedy-algorithm-scheduling
/questions/5642758/greedy-algorithms-cost-minimisation
/questions/62563289/greedy-algorithm-number-list
/questions/31090857/greedy-algorithm-in-javascript
/questions/48934576/how-does-this-code-involved-in-this-algorithmgreedy-algorithms-mst
/questions/6514637/when-locally-optimal-solutions-equal-global-optimal-thinking-about-greedy-algor
/questions/5374632/choosing-greedy-algorithm-to-find-lowest-cost-path
/questions/40577833/greedy-algorithm-the-robot
/questions/62665126/breadth-first-search-vs-greedy-algorithm
/questions/28997669/correctness-of-greedy-algorithm
/questions/55763702/greedy-algorithms-in-two-pointer-techniquesfast-and-slow-runnner
/questions/41220374/complexity-of-the-greedy-algorithm
/questions/13269562/greedy-algorithm-and-coins-algorithm
/questions/38097922/greedy-algorithm-for-knapsack-in-java
/questions/43684952/time-complexity-of-greedy-algorithm
/questions/35538270/design-a-greedy-algorithm-for-this-preblem
/questions/29054464/can-sampling-remove-the-limitations-in-greedy-algorithm
/questions/19117543/greedy-algorithm-odd-behavior
/questions/15367548/greedy-algorithm-for-0-1-knapsack
/questions/6843945/not-greedy-algorithm-for-set-cover
/questions/19558769/python-greedy-algorithm
/questions/62030918/greedy-algorithm-vs-nearest-neighbor-algorithm
/questions/70445055/confused-about-the-for-loop-in-the-set-covering-problem-greedy-algorithms
/questions/14711328/improvement-of-the-greedy-algorithm
/questions/10025616/scheduling-greedy-algorithm
/questions/60178672/how-to-vectorize-greedy-algorithm-in-r
/questions/22290960/why-horn-formulas-algorithm-is-greedy
/questions/19800264/solve-graph-coloring-prob-with-a-greedy-algorithm-in-exponential-time
/questions/76219276/need-brute-force-divide-and-conquer-dynamic-programming-and-greedy-algorithms
/questions/14949206/are-there-flaws-in-my-greedy-algorithm
/questions/62073807/greedy-algorithm-python-get-all-sequences
/questions/62762609/greedy-algorithm-not-working-properly-and-will-print-numbers-incorrectly
/questions/33195311/minimization-using-a-greedy-algorithm
/questions/16783865/back-tracking-vs-greedy-algorithm-maximum-independent-set
/questions/59640328/how-to-know-if-i-created-a-greedy-algorithm-or-not
/questions/36141693/greedy-algorithm-roman-numerals
/questions/18580535/simple-greedy-algorithm-infinite-loop
/questions/54739232/make-greedy-algorithm-fail-on-subset-of-euro-coins
/questions/29972852/a-way-to-prove-that-theres-no-greedy-algorithm-that-obtains-optimal-solution
/questions/7840410/a-greedy-algorithm-for-k-limited-resources
/questions/52067346/ways-of-implementing-a-greedy-algorithm
/questions/72391822/faulty-server-and-greedy-algorithm
/questions/33414995/greedy-algorithm-broken-implementation
/questions/54273253/what-is-the-difference-between-greedy-and-best-first-search-algorithms
/questions/30552656/python-traveling-salesman-greedy-algorithm
/questions/56009695/graph-coloring-with-greedy-algorithm
/questions/75598262/greedy-algorithm-error-expected-identifer
/questions/64143145/greedy-algorithm-for-solving-horn-formulas
/questions/13557018/greedy-algorithm-for-active-contours-shrinking
/questions/9711782/is-there-any-idea-to-optimize-the-greedy-algorithm
/questions/5868626/greedy-algorithm-for-turned-based-game
/questions/39841484/making-greedy-algorithm-work-for-every-input
/questions/39274114/greedy-algorithm-with-coins-in-c
/questions/32652971/dynamic-vs-greedy-algorithms-the-debate-regarding-neil-gs-answer-on-the-same
/questions/73177545/complexity-of-greedy-algorithm-for-tsp
/questions/59945075/why-greedy-algorithm-is-heuristic-not-meta-heuristic
/questions/17849059/greedy-algorithm-pseudo-code
/questions/39693921/how-to-prove-greedy-algorithm-for-number-partitioning
/questions/6025076/how-to-tell-if-greedy-algorithm-suffices-for-finding-minimum-coin-change
/questions/45303599/can-binary-search-be-is-binary-search-a-greedy-algorithm
/questions/45178231/proving-greedy-algorithm-with-exchange-argument
/questions/8553180/how-to-trace-knapsack-problem-using-greedy-algorithm
/questions/26612949/how-to-prove-greedy-algorithm-optimality
/questions/46433839/with-restrictions-can-the-knapsack-puzzle-be-solved-with-a-greedy-algorithm
/questions/72277559/using-greedy-algorithm-search-in-lists
/questions/66265604/greedy-algorithm-to-minimize-the-sum-of-a-permutation
/questions/47379139/greedy-algorithm-exercise-not-working-properly
/questions/17137617/optimization-with-a-greedy-algorithm
/questions/66420136/greedy-algorithm-approach
/questions/11522834/determine-if-the-solution-can-be-optimally-given-using-greedy-algorithm
/questions/23953688/greedy-algorithm-for-activity-selection-with-activity-value-clrs-16-1-5
/questions/49820760/implementation-of-greedy-algorithm
/questions/56367356/greedy-algorithms-and-time-complexity-2
/questions/19576948/greedy-algorithm-knapsack-puzzle
/questions/20586820/greedy-algorithm-matrix-of-0-1
/questions/51778180/is-it-possible-that-a-greedy-algorithm-is-also-a-dynamic-programming-algorithm
/questions/42225031/what-is-the-bad-case-in-greedy-algorithm-for-coin-changing-algorithm
/questions/13921679/why-is-greedy-algorithm-not-finding-maximum-independent-set-of-a-graph
/questions/47680235/prove-or-give-a-counter-example-for-this-greedy-algorithm
/questions/61698720/what-are-the-differences-between-nearest-neighbor-algorithm-and-greedy-algorithm
/questions/56174946/greedy-algorithm-in-c-not-returning-any-values
/questions/37062803/greedy-algorithm-java-firstfit-method
/questions/16286878/greedy-algorithm-for-a-given-unsorted-input-with-time-complexity-nlogn
/questions/54623055/greedy-algorithm-to-get-highest-score-obtainable
/questions/61048910/having-problem-in-compiling-this-greedy-algorithms-python-question
/questions/24112239/trying-to-gain-intuition-for-work-scheduling-greedy-algorithm
/questions/26534065/greedy-algorithm-for-finding-minimum-numbers-of-stops
/questions/35168054/greedy-algorithm-java-in-map
/questions/59509024/how-do-i-answer-this-greedy-algorithm-question
/questions/40987428/pseudo-code-for-a-greedy-algorithm-for-the-influence-maximization-under-the-inde
/questions/7878655/what-is-the-difference-between-greedy-and-steepest-algorithms
/questions/15241488/visiting-all-nodes-in-a-dag-using-a-greedy-algorithm
/questions/48651791/is-it-possible-to-solve-a-fractional-knapsack-including-negative-values-using-gr
/questions/52582689/trying-to-construct-a-greedy-algorithm-with-python
/questions/47917242/greedy-algorithm-python-code-hitting-infinite-loop
/questions/39733265/maximum-contiguous-subsequence-dynamic-programming-or-greedy-algorithm
/questions/45123522/greedy-algorithm-for-convolutional-neural-network-cnn
/questions/10339102/find-a-zig-zag-sequence-with-a-greedy-algorithm
/questions/33518931/greedy-algorithm-for-bipartite-matching
/questions/29267553/cases-where-the-greedy-algorithm-fails-the-0-1-knapsack-problem
/questions/36807556/greedy-algorithm-for-scheduling
/questions/63759434/greedy-algorithm-criteria-for-a-coin-system-to-be-canonical
/questions/17521661/why-doesnt-greedy-algorithm-work-for-some-currencies-that-are-unlike-us-currenc
/questions/41260776/greedy-algorithm-for-finding-a-negafibonacci-representation-of-a-number
/questions/56234429/greedy-algorithm-minimum-search-in-c
/questions/15873272/why-is-greedy-algorithm-not-finding-maximum-independent-set-of-a-bipartite-graph
/questions/35959689/tsp-greedy-algorithm-implementation-to-certain-graph-example
/questions/75922618/pseudocode-for-a-activity-selection-problem-based-on-greedy-algorithm
/questions/64771326/greedy-algorithm-for-fitting-subintervals-on-a-wire
/questions/39551064/greedy-algorithm-giving-dubious-results
/questions/29790603/multi-way-kk-differencing-algorithm-vs-greedy-algorithm
/questions/60796835/present-a-greedy-algorithm-to-find-a-longest-cycle-in-an-unweighted-graph
/questions/10003739/greedy-algorithm-to-pair-numbers-that-minimizes-the-maximum-sum
/questions/62173735/greedy-knapsack-algorithm
/questions/55085142/does-tree-method-exact-in-xgboost-really-mean-exact-greedy-algorithm
/questions/46359962/greedy-algorithm
/questions/24564584/greedy-algorithm-for-largest-value-in-dictionaries-in-python
/questions/16511783/is-rod-cutting-algorithm-a-semi-greedy-algorithm
/questions/26262350/why-is-the-greedy-algorithm-optimal
/questions/33293299/greedy-algorithm-to-finish-a-task-with-time-constraint
/questions/63128582/time-complexity-of-greedy-algorithm-to-find-a-maximal-independent-set-of-a-graph
/questions/36807324/what-is-the-name-of-this-greedy-algorithm-to-solve-np-hard-vertex-cover
/questions/46756017/coins-change-with-greedy-algorithm
/questions/74707123/greedy-makespan-algorithm
/questions/31155269/is-kadanes-algorithm-greedy-or-optimised-dp
/questions/74173174/creating-the-greedy-algorithm-using-recursion
/questions/53640821/greedy-algorithm-on-a-number-choice-game
/questions/59650299/is-greedy-algorithm-always-best-for-choosing-proper-indexes-for-database-table
/questions/9966249/greedy-algorithm-implementation
/questions/58000651/can-this-greedy-algorithm-be-more-efficient
/questions/75011782/into-which-technique-would-this-algorithm-fall-into-brute-force-or-greedy
/questions/71540628/showing-that-greedy-algorithm-exhibits-optimal-substructure-and-greedy-choice
/questions/40613908/optimal-algorithm-for-the-greedy-algorithm-interval-scheduling-scheduling-all
/questions/4414992/graph-coloring-algorithm-greedy-coloring
/questions/52506048/find-a-greedy-algorithm-for-beach-and-umbrella-question
/questions/53464125/greedy-search-algorithm
/questions/33372763/greedy-algorithm-for-finding-min-set-of-intervals-that-overlap-all-other-interva
/questions/69956501/when-does-the-greedy-algorithm-for-the-coin-change-making-problem-always-fail-al
/questions/14681788/greedy-set-coverage-algorithm-built-by-removing-sets
/questions/13580789/greedy-algorithm-implementation
/questions/30970815/greedy-algorithm-highest-value-first-vs-earliest-deadline-first
/questions/74145557/greedy-algorithm-visualization
/questions/27639942/how-is-kruskals-algorithm-greedy
/questions/883049/what-is-an-efficient-way-to-go-beyond-a-greedy-algorithm
/questions/13518889/greedy-algorithm-optimization
/questions/22683855/greedy-algorithm-error-using-c-sets
/questions/60429784/greedy-online-bin-packing-algorithm
/questions/64947616/minimum-absolute-difference-between-vector-pairs-greedy-algorithm
/questions/65547894/why-is-0-1-knapsack-not-part-of-greedy-algorithm-but-fractional-knapsack-is
/questions/70250747/how-do-i-change-this-greedy-algorithm-to-predict-the-most-overall-score
/questions/36824307/n-queen-greedy-algorithm-python
/questions/21082501/greedy-algorithm-optimization
/questions/56176629/greedy-algorithm-is-returning-quanities-too-large-for-small-values-but-not-larg
/questions/56400980/greedy-algorithm-correctness
/questions/40597696/how-to-prove-this-greedy-algorithm-as-optimal
/questions/64420014/coin-change-greedy-algorithm-not-passing-test-case
/questions/50754620/how-to-solve-0-1-knapsack-by-greedy-algorithm-and-only-focus-on-benefit
/questions/58698477/greedy-algorithms-how-to-solve-this-problem
/questions/36072577/complexity-of-a-greedy-assignment-algorithm
/questions/6674741/not-able-to-understand-one-top-coder-entry-on-greedy-algorithms
/questions/41594673/infinite-loop-in-basic-greedy-algorithm-for-tsp
/questions/48820360/find-a-greedy-algorithm-to-balance-success-rate-and-cost
/questions/17705656/should-i-expect-to-have-exactly-same-match-everytime-i-run-the-match-with-greedy
/questions/22342513/greedy-algorithm-in-python
/questions/35421511/greedy-algorithm-interval-coloring
/questions/72072820/how-to-implement-max-heaps-and-item-class-to-create-greedy-algorithm
/questions/64653237/how-can-i-create-a-greedy-algorithm-for-this-balls-and-boxes-knapsack-like-pro
/questions/74815022/can-an-activity-problem-with-unknown-start-time-be-solved-with-a-greedy-algorith
/questions/21537028/whats-the-difference-between-greedy-and-heuristic-algorithm
/questions/71959660/greedy-algorithm-to-determine-3-best-quantile-points-for-quantile-regression
/questions/35638688/greedy-algorithm-approach-to-a-modified-nearby-school-postoffice-example
/questions/20208925/maximizing-of-carriage-returns-algorithm-greedy
/questions/52672806/solving-knapsack-problem-using-a-greedy-python-algorithm
/questions/52334214/proof-of-a-greedy-algorithm-concerning-buy-and-resell-problem
/questions/14316898/proof-for-the-greedy-algorithm
/questions/8374308/is-the-greedy-best-first-search-algorithm-different-from-the-best-first-search-a
/questions/66020793/greedy-algorithm-exchange-proof-algorithm-design-chapter-4-6e
/questions/67379230/using-greedy-algorithm-within-two-lists-in-python
/questions/33839698/greedy-schedule-algorithm
/questions/18698831/greedy-algorithm-depreciating-cost
/questions/40274839/improving-my-greedy-algorithm
/questions/63999937/javascript-how-to-optimize-team-balancing-program-that-runs-based-on-greedy-alg
/questions/26268688/how-do-i-prove-the-correctness-of-my-greedy-algorithm-for-vertex-cover-on-a-tree
/questions/45528450/2d-greedy-ascent-search-algorithm-clarification
/questions/44421802/schedule-as-many-jobs-as-possible-with-two-processors-greedy-algorithm
/questions/74842898/how-can-i-use-greedy-algorithm-to-allocate-products-to-stores
/questions/33715850/greedy-algorithm-minimum-basestation
/questions/61570575/car-fueling-problem-by-greedy-algorithm-getting-list-index-out-of-range
/questions/49903453/greedy-algorithm-to-find-minimum-number-of-lines-that-can-intersect-all-circles
/questions/38402199/greedy-algorithm-implementation-haskell
/questions/74087842/how-to-get-solution-path-from-greedy-algorithm
/questions/67541803/greedy-algorithm-building-the-tallest-tower-stealing-the-less-bricks
/questions/40449327/python-greedy-algorithm-2-for-loops-iterating-over-lists
/questions/72887560/mailman-uses-greedy-algorithm-to-deliver-as-many-letters-as-possible
/questions/61337678/greedy-algorithm-not-functioning-properly
/questions/31055529/finding-maximum-element-in-an-array-is-it-that-you-will-call-greedy-algorithm
/questions/53603011/dijkstras-algorithm-and-the-greedy-strategy
/questions/64797299/greedy-algorithm-to-maximize-score
/questions/16486258/algorithm-maximizing-the-output-of-a-pastry-shop-how-to-without-the-greedy-alg
/questions/63525769/greedy-algorithm-in-c-cashier
/questions/69115349/prove-the-greedy-algorithm-for-gas-station-is-valid
/questions/29350781/proving-optimality-of-greedy-algorithm
/questions/19240746/finding-the-min-number-of-moves-by-greedy-algorithm
/questions/53779672/greedy-algorithm-out-of-idea
/questions/56719770/greedy-algorithm-for-rod-cutting
/questions/26444122/where-does-this-greedy-scheduling-algorithm-become-sub-optimal
/questions/47426447/greedy-tv-watching-algorithm
/questions/64254245/what-is-a-greedy-algorithm-for-this-problem-that-is-minimally-optimal-proof
/questions/62240011/time-complexity-for-a-greedy-recursive-algorithm
/questions/52190524/removing-a-tuple-from-a-list-of-tuples-while-iterating-a-greedy-algorithm-pyth
/questions/65602840/greedy-algorithm-by-selecting-vertices-with-least-number-of-edges-for-maximum-ma
/questions/6976917/can-we-solve-the-printing-neatly-problem-using-a-greedy-algorithm-rather-than
/questions/61782541/greedy-algorithm-compiles-with-no-errors-but-never-gets-past-first-action-when-r
/questions/74866694/greedy-and-recursive-algorithm-for-finding-shortest-path-for-all-nodes-in-a-comp
/questions/62832926/not-getting-desired-output-for-knapsack-problem-using-greedy-algorithm
/questions/22433153/expression-result-unused-greedy-algorithm
/questions/34902777/greedy-algorithm-numpy-matrix-explantation
/questions/43715207/how-to-prove-this-greedy-algorithm-as-optimal-rod-connection
/questions/14488407/min-change-greedy-algorithm-in-java
/questions/25730824/javascript-greedy-algorithm-making-change
/questions/51731911/spoj-dcows-why-a-greedy-algorithm-does-not-work
/questions/19035273/find-an-algorithm-that-minimize-the-maximum-distance-of-two-sets-better-than-gr
/questions/27782671/greedy-algorithm-for-set-cover-c
/questions/65523729/is-a-greedy-problem-a-recursive-algorithm-without-overlapping-sub-problems
/questions/69345821/maximum-and-minimum-difference-greedy-algorithm
/questions/37082986/greedy-algorithm-for-coin-change-c
/questions/69416606/greedy-algorithm-with-maximum-salary-problem
/questions/64232318/is-there-a-problem-with-my-greedy-algorithm
/questions/69416606/greedy-algorithm-with-maximum-salary-problem
/questions/65753807/3d-greedy-bresenhams-line-algorithm
/questions/18893769/greedy-set-cover-algorithm
/questions/46841224/why-does-this-greedy-algorithm-work
/questions/18672002/difference-between-greedy-and-dynamic-and-divide-and-conquer-algorithms
/questions/65101685/is-there-a-way-to-print-the-contents-added-to-a-knapsack-for-this-0-1-greedy-alg
/questions/67956718/greedy-algorithm-to-split-a-list-of-lists-of-numbers-into-two-partitions-with-sa
/questions/54534089/greedy-approach-vs-dynamic-programming-in-travelling-salesman
/questions/47427599/reason-for-the-failure-of-greedy-algorithm-in-following-case
/questions/46774685/greedy-clustering-algorithm-speed-improvement
/questions/29621544/greedy-algorithm-invite-guests-to-a-party
/questions/28642880/line-wrapping-algorithm-the-greedy-approach
/questions/59278581/greedy-activity-selection-algorithm
/questions/68002654/greedy-algorithm-for-a-simple-oympiad-problem
/questions/56160335/for-loop-in-a-greedy-algorithm-isnt-breaking-is-asking-for-input-infinitely
/questions/41071642/why-does-kruskals-algorithm-find-the-minimum-spanning-tree-if-its-greedy
/questions/75873233/greedy-algorithm-problem-how-to-assign-workers-with-different-skillsets-to-jobs
/questions/27824393/how-to-implement-greedy-search-algorithm
/questions/51859631/creating-a-non-greedy-lzw-algorithm
/questions/26808995/algorithms-for-interval-partitioning-with-possible-delay
/questions/53107607/greedy-algorithms-and-append-function-how-to-create-a-new-array
/questions/60907405/optimality-of-greedy-transaction-minimisation-algorithm
/questions/73513110/proof-of-optimality-of-greedy-algorithm-for-scheduling
/questions/11322509/a-greedy-or-dynamic-algorithm-to-subset-selection
/questions/72650804/can-i-use-a-greedy-method-as-an-heuristic-for-an-a-algorithm
/questions/58579292/minimum-cabs-required-algorithm
/questions/62170550/activity-selection-using-greedy-algorithm-in-python
/questions/72595356/greedy-algorithm-that-works-on-two-ends-of-an-array-in-haskell
/questions/56416817/whats-the-proper-greedy-algorithm-approaching-job-shop-scheduling-problem
/questions/69863323/what-is-the-greedy-many-to-many-alignment-algorithm-in-this-paper
/questions/46966765/greedy-algorithm-assigning-jobs-to-minimize-cost
/questions/64250628/is-it-guarantee-for-greedy-algorithm-to-find-a-solution
/questions/42018154/greedy-search-from-point-a-to-point-b-on-a-graph
/questions/61956884/largest-possible-number-from-given-numbers-alternative-greedy-algorithm
/questions/64265099/what-is-a-greedy-algorithm-that-choses-n-pairs-such-that-the-max-%e2%88%86-in-the-pairs
/questions/39913365/c-my-greedy-algorithm-is-not-working-cs50x
/questions/75960633/comparing-greedy-pricing-algorithm-and-lp-based-rounding-for-vertex-cover-prob
/questions/43050068/greedy-change-making-algorithm-in-matlab
/questions/61989185/floating-point-issue-in-greedy-algorithm-in-c
/questions/54677791/how-can-i-write-a-java-code-that-solves-this-problem-by-using-a-design-a-greedy
/questions/21374496/gas-station-like-algorithm-with-minimum-cost-greedy-or-dp
/questions/26848554/a-greedy-algorithm-for-converting-a-binary-matrix-to-zero-matrix-by-flipping-the
/questions/72583480/why-does-my-2022-cs50-cash-greedy-algorithm-output-a-different-number-of-coins-t
/questions/74645940/scheduling-events-using-shortest-duration-as-greedy-algorithm
/questions/65455383/how-to-parallelize-greedy-assignment-problem
/questions/43171462/travelling-salesperson-why-greedy-algos-are-not-guaranteed-to-give-an-optimal
/questions/24442822/i-was-trying-to-write-a-greedy-algorithm-in-c
/questions/68658045/a-pathfinding-algorithm-is-being-semi-greedy
/questions/56565493/how-do-i-optimize-my-code-to-make-my-greedy-algorithm-better
/questions/46853440/python-translation-from-c-for-cs50-greedy-algorithm
/questions/20876660/greedy-algorithm-to-find-potential-weighted-activities-in-order
/questions/28587924/dijkstras-algorithms-and-negative-weights-and-cycle
/questions/28897402/greedy-conditional-algorithm
/questions/47169611/is-he-being-greedy
/questions/3771754/what-is-an-efficient-way-of-back-tracking-in-greedy-best-search-algorithm
/questions/56105325/greedy-algorithm-minimize-number-of-operations-to-complete-task
/questions/63589704/how-could-i-get-omn-using-greedy
/questions/14946271/greedy-optimization-in-r
/questions/61774559/greedy-colouring-algorithm-on-graph-in-adjacency-list-representation
/questions/61774559/greedy-colouring-algorithm-on-graph-in-adjacency-list-representation
/questions/55392963/finding-the-minimum-waste-using-greedy-gives-incorrect-output
/questions/40471747/finding-minimum-indepedent-dominating-set-using-a-greedy-algorithm
/questions/63396344/salesperson-greedy-algorithm-produce-strange-data-in-my-data
/questions/65066065/greedy-algorithm-for-cellphone-base-station-problem-algortihm-manual
/questions/62164040/what-kind-of-algorithm-paradigm-algorithm-design-paradigm-is-a-a-star-pathfin
/questions/53548027/greedy-algorithm-where-i-need-to-put-those-object
/questions/13482750/how-to-trim-the-returned-nodes-of-greedy-best-first-search-and-a-algorithms
/questions/6635378/greedy-vs-dynamic
/questions/55028888/determine-the-minimum-number-of-coins-required-for-giving-a-change-using-greedy
/questions/28655197/a-efficiency-vs-greedy-best-first
/questions/10882599/dominating-set-greedy-approximation-worst-case-example
/questions/26584070/optimal-sequence-to-be-followed-for-studying-topics-like-dp
/questions/31234521/how-is-greedy-technique-different-from-exhaustive-search
/questions/58350181/please-tell-me-greedy-algorithm-time-analysis-for-a-problem
/questions/58350181/please-tell-me-greedy-algorithm-time-analysis-for-a-problem
/questions/47253981/having-a-casting-issue-with-traveling-salesperson-using-a-greedy-algorithm
/questions/20933871/library-for-solving-knapsack-prblminteger-programming
/questions/64585569/is-my-code-recursive-if-i-use-the-break-command
/questions/62200415/solving-fractional-knapsack-problem-with-dynamic-programming
/questions/7734884/greedy-graph-concept
/questions/16739997/graph-coloring-using-bfs-greedy-coloring
/questions/30138887/coin-change-greedy-approach
/questions/28803075/greedy-locate-cottage-boxes-within-a-distance
/questions/31491868/finding-a-greedy-optimal-solution
/questions/13302412/c-program-null-parsing
/questions/73856196/greedy-populization-of-genetic-algorithm-for-multiple-traveling-salesman
/questions/44649986/cs50-greedy-without-using-cs50-h
/questions/32873543/marching-cubes-and-greedy-meshing
/questions/76258632/trying-to-understand-how-the-math-behind-for-greedy-modularity-algorithm-works
/questions/59931233/nn-vs-greedy-search
/questions/36630881/dfs-greedy-chromatic-number
/questions/53139232/using-a-greedy-feature-selection-algorithm-for-linear-regression-in-python
/questions/25024814/algorithmic-idea-using-greedy-strategy
/questions/66264042/output-of-the-greedy-algorithm-in-c-doesnt-give-me-any-output
/questions/5315298/find-the-minimum-size-dominating-set-for-a-tree-using-greedy-algorithm
/questions/30895750/complexity-of-this-greedy-algorithm-to-find-the-maximum-independent-set-of-a-gra
/questions/34079969/greedy-machine-scheduling-in-javascript
/questions/61582957/trying-to-find-the-optimal-subset-for-the-greedy-knapsack-problempython
/questions/74178251/time-complexity-of-finding-2d-peak-with-greedy-ascent-algorithm
/questions/64150607/car-fueling-problem-with-a-greedy-algorithmic-solution-is-giving-wrong-output
/questions/36488412/seeking-maximum-capacity-utilization-for-0-1-multidimensional-knapsack
/questions/50423955/what-is-epsilon-k-how-did-that-come-in-epsilon-greedy-algorithm
/questions/27373019/how-to-let-the-user-control-the-number-of-communities-generated-in-fast-greedy-c
/questions/4029276/avoiding-local-optimisations-in-an-agile-project
/questions/4029276/avoiding-local-optimisations-in-an-agile-project
/questions/69036899/is-this-implementation-of-greedy-nqueens-correct
/questions/46438370/greedy-best-first-search-algorithm-how-to-compute-the-length-of-its-traverse
/questions/9514480/greedy-best-first-search-and-depth-first-search
/questions/42355773/greedy-vertex-cover-on-bipartite-graphs
/questions/30309216/disjoint-set-as-greedy-solution
/questions/19985263/a-greedy-algorithm-about-assigning-time-to-tasks-to-maximize-the-total-time
/questions/49582769/prove-that-a-greedy-algorithm-for-finding-minimum-spanning-tree-will-definitely
/questions/67512670/hitting-objects-algorithm
/questions/61963251/incompatible-operand-types-string-to-int
/questions/64197177/cs50-pset1-cash-code-not-working-properly
/questions/64335450/cs50-cash-not-returning-desired-output
/questions/38963235/interval-partitioning-by-finish-time
/questions/67996990/how-come-this-greedy-algorithm-does-not-compute-the-correct-amount-of-coins
/questions/72066716/how-can-i-build-a-max-heap-java-class-for-an-object
/questions/3895824/algorithm-to-find-fewest-number-of-tags-that-encompass-all-items
/questions/56030571/an-example-of-an-input-to-the-set-cover-problem-which-does-not-provide-a-2-appro
/questions/70694628/find-local-shortest-path-with-greedy-best-first-search-algorithm
/questions/55368971/error-passing-float-to-parameter-of-incompatible-type-const-char
/questions/61651825/car-fueling-problem-greedy-algorithm-nested-while-loop-with-on-complexity
/questions/27274896/comparison-between-two-algorithms-solving-fractional-knapsack
/questions/22264417/greedy-algorithm-for-dividing-a-region-of-numbers-into-partitions-with-the-most
/questions/70316788/how-to-go-about-proving-a-condition-for-the-greedy-change-making-algorithm
/questions/64863625/return-keys-when-solving-set-cover-problem-with-a-dictionary-and-the-greedy-algo
/questions/49636495/huffman-coding-algorithmpriority-queue-vs-sorted-queue
/questions/53252970/building-a-greedy-task-scheduler-python-algorithm
/questions/76653057/pulp-matching-algorithm-to-replace-greedy-algo
/questions/52951472/the-shortest-path-that-connects-several-points-np-complete-algorithms
/questions/41277673/can-you-help-me-to-find-a-greedy-algorithm-for-covering-a-line-segment
/questions/64169163/looking-for-help-regarding-a-greedy-algorithm-in-c-for-the-cs50-cash-problem-s
/questions/34075096/how-can-i-find-out-an-induced-subgraph-of-k-nodes-with-at-least-mkk-1-nn-1
/questions/76257366/maximum-sum-of-two-elements
/questions/51823506/epsilon-greedy-performing-better-than-ucb-for-small-number-of-arms
/questions/10281678/euler-18-with-python
/questions/28785740/change-making-problems-with-some-modifications
/questions/27102703/neighborhood-structure-for-graph-coloring-local-search-heuristic
/questions/69205388/why-the-complexity-of-this-algorithm-is-on-logn
/questions/39706572/a-different-version-of-interval-scheduling
/questions/29158993/how-to-set-the-contents-of-an-array-equal-to-the-contents-from-a-second-array
/questions/63112083/i-am-unable-to-solve-the-fractional-knapsack-problem-using-greedy-algorithm-in-p
/questions/71890970/integer-partition-weighted-minimum
/questions/19669851/beginner-c-error-control-reaches-end-of-non-void-function
/questions/7945561/beginning-dynamic-programming-greedy-coin-change-help
/questions/74109300/create-minimum-no-of-groups-of-subsequent-elements-with-max-diff-between-element
/questions/47858515/restricted-integer-partitions-in-python
/questions/20275196/optimal-c-implementation-of-the-towers-of-hanoi-puzzle-with-k-pegs
/questions/72843962/maximizing-the-number-of-tasks-so-that-starting-time-of-the-first-task-is-always
/questions/71897827/integer-partition-weighted-minimum-of-maximum
/questions/23834189/how-to-get-integers-from-list-where-sum-of-them-is-less-than-x
/questions/73068179/finding-maximum-number-that-can-be-composed-out-of-a-set-of-integers-using-greed
/questions/2493721/minimizing-the-number-of-boxes-that-cover-a-given-set-of-intervals
/questions/12656160/what-are-the-main-differences-between-the-knuth-morris-pratt-and-boyer-moore-sea
/questions/27795726/approximation-ratio-of-maximum-independent-set
/questions/56189923/why-i-am-not-getting-desired-output-for-my-c-problem
/questions/15811937/dynamic-programmingoptimal-binary-search-tree-and-huffman
/questions/26985485/give-an-efficient-greedy-algorithm-that-finds-an-optimal-vertex-cover-for-a-tree
/questions/40765164/integer-overflow-in-greedy-coin-counting
/questions/61223146/cs50-problem-set-1cash-greedy-algorithm-getting-runtime-error-signed-integer
/questions/22805872/optimal-epsilon-%cf%b5-greedy-value
/questions/10220602/repetition-based-pattern-based-data-compression-algorithm
/questions/75979285/graph-coloring-implementation-in-traffic-routing
/questions/76108508/scip-branch-and-bound-pruning-via-bounds
/questions/31092723/triangulation-of-a-convex-polygon
/questions/59284455/java-running-time-of-big-file-inputs
/questions/72048692/tweaking-dijkstras-algorithm-to-detect-minimum-length-cycle-in-directed-graph
/questions/8261798/what-is-the-best-algorithm-for-computing-rectilinear-minimum-steiner-tree
/questions/61624784/lambda-function-as-a-small-function-argument
/questions/16083977/bin-packing-bruteforce-method
/questions/70169816/proven-algorithm-for-breaking-data-into-batches-of-same-size
/questions/70634513/tsp-using-divide-and-conquer
/questions/35386043/greedy-selection-of-non-overlapping-intervals
/questions/35386043/greedy-selection-of-non-overlapping-intervals
/questions/65974365/select-the-most-appropriate-technique-and-describe-the-solution-for-calculating
/questions/70648725/typeerror-bool-object-is-not-subscriptable-greedy-best-first-search
/questions/58888145/any-good-resources-on-data-structures-and-algorithms-in-haskell
/questions/26915067/what-is-the-greedy-approach-of-this
/questions/26770159/dag-shortest-path
/questions/43429743/how-to-implement-a-simple-greedy-multiset-based-algorithm-in-python
/questions/54120770/longest-common-subsequence-python-greedy
/questions/60117145/difference-between-best-first-search-and-greedy-best-first-search
/questions/4774669/optimization-problem-vector-mapping
/questions/11798610/what-algorithm-is-used-in-vims-gq-paragraph-fill
/questions/53140119/greedy-best-first-search-time-complexity
/questions/69951338/finding-the-minimum-set-of-coins-that-make-a-given-value
/questions/14670116/maximizing-profit-in-graph-having-positive-weight-cycles
/questions/14670116/maximizing-profit-in-graph-having-positive-weight-cycles
/questions/39737252/i-am-trying-to-create-a-greedy-algorithm-but-my-code-wont-return-a-value-at-the
/questions/67086866/distribute-given-number-in-a-greedy-manner
/questions/25526453/graph-cut-cutting-at-least-half-the-edges
/questions/38628102/greedy-maximum-flow
/questions/73496257/what-will-be-the-heuristic-for-the-tower-of-hanoi-question
/questions/47564021/minimum-spanning-tree-of-a-complete-graph
/questions/23449681/scheduling-the-most-intervals-rather-than-scheduling-the-most-tasks
/questions/53161051/dynamic-algorithm-to-find-optimal-solution
/questions/4353049/knapsack-problem-with-all-profits-equal-to-1
/questions/64080692/optimize-multiple-if-else-statements-in-c
/questions/65078350/greedy-algorithmusas-in-an-example-in-a-card-game
/questions/38167442/knapsack-algorithm-with-two-weights
/questions/53713990/vertex-cover-for-tree-greedy-approach
/questions/62493149/greedy-sequential-parallel-task-scheduling
/questions/49699800/trouble-running-java-program-in-eclipse
/questions/54608210/different-summands-problem-greedy-alogrithm
/questions/57071194/why-split-string-is-done-in-many-questions-in-hackerrank
/questions/9060486/greedy-activity-selector-algorithm-n-activities-in-smallest-amout-of-lecture-ha
/questions/3877649/a-special-case-of-grouping-coordinates
/questions/33820316/verification-of-algorithm-for-variant-of-gas-station
/questions/36238425/bad-alloc-thrown-while-using-vector-for-knapsack-algorithm
/questions/53289741/greedy-coin-change-time-complexity
/questions/70202754/maxvalueselect-function-has-some-errors-any-fixes
/questions/6686979/cutting-stock-problem
/questions/3908139/need-effective-greedy-for-covering-a-line-segment
