/questions/70317984/huffman-coding-and-huffman-tree
/questions/2199383/what-are-the-real-world-applications-of-huffman-coding
/questions/5676353/huffman-coding-for-lossless-compression
/questions/27234356/extended-huffman-coding
/questions/39162985/jpeg-nondifferential-huffman-coding-processes
/questions/62345361/jpeg-compression-implementing-huffman-coding
/questions/21853101/why-huffman-coding-is-good
/questions/41119071/huffman-coding-uml-diagram
/questions/16208536/huffman-coding-error
/questions/20926007/huffman-coding-for-an-image-using-javascript
/questions/5790654/huffman-coding-in-java
/questions/56387023/how-to-use-this-huffman-coding-implementation
/questions/40946487/huffman-code-explanation-java
/questions/17345919/huffman-coding-compression
/questions/29540948/huffman-coding-for-jpeg-compression
/questions/76497548/huffman-coding-complexity
/questions/22574643/compress-image-using-run-length-coding-and-huffman-coding
/questions/20320500/compress-image-using-huffman-coding-in-java
/questions/62581352/which-type-of-files-can-be-compressed-with-huffman-coding
/questions/10339775/extended-huffman-coding-in-matlab
/questions/40444446/valid-huffman-codes
/questions/12240875/converting-a-bitstring-into-byteshuffman-coding
/questions/2340062/image-compression-using-huffman-coding
/questions/40879571/can-i-apply-huffman-coding-again-and-again
/questions/29240207/does-jpeg-huffman-coding-use-the-same-huffman-algorithm-as-the-compress-gzip-a
/questions/48999933/iterative-solution-for-huffman-coding
/questions/56924451/should-we-include-spaces-in-huffman-coding-method
/questions/43196656/huffman-coding-c
/questions/43913784/huffman-coding-from-frequency-array-in-java
/questions/72048531/how-do-i-implement-huffman-coding-followed-by-aes-128-for-a-text-in-python
/questions/43196656/huffman-coding-c
/questions/74006329/image-compression-with-huffman-coding
/questions/26769528/recursive-huffman-coding-in-python
/questions/42823997/how-is-huffman-coding-table-built-in-practice
/questions/34840709/huffman-coding-decode-from-binary-file
/questions/6615877/problem-in-saving-huffman-code
/questions/61937964/python-huffman-coding-cost
/questions/46825980/huffman-coding-tree-traversal
/questions/71626405/use-case-of-huffman-coding-in-real-applications
/questions/56524316/modification-in-huffman-coding
/questions/53696244/huffman-coding-using-stl-and-without-nodes-c
/questions/25873784/implementation-of-huffman-coding-for-unequal-costs
/questions/50939749/huffman-code-in-binaryjava
/questions/49636495/huffman-coding-algorithmpriority-queue-vs-sorted-queue
/questions/9115155/jpeg-huffman-coding-procedure
/questions/53575559/compressing-a-file-using-huffman-coding
/questions/16178598/huffman-code-compression
/questions/9081879/how-to-generate-huffman-codes-from-huffman-tree
/questions/13254210/huffman-coding-file-saving
/questions/16511045/huffman-coding-is-based-on-what-greedy-approach-or-dynamic-programming
/questions/48138567/huffman-coding-in-matlab-transmitting-the-dictionary-tree
/questions/76620371/can-anyone-explain-what-is-huffman-coding-and-arithmetic-coding-in-information-t
/questions/2235208/how-to-decode-huffman-code-quickly
/questions/64241383/segmentation-core-dumped-in-my-code-for-implementation-of-huffman-coding
/questions/2888468/huffman-coding-two-characters-as-one
/questions/22429854/huffman-code-for-a-single-character
/questions/16593490/huffman-coding-for-a-text-file
/questions/47818118/huffman-coding-and-priority-queue
/questions/24940255/huffman-codes-over-non-binary-alphabets
/questions/16007114/huffman-coding-handling-negative-ambiguity-with-zero
/questions/66162465/maximum-height-of-a-huffman-coding-tree
/questions/16007114/huffman-coding-handling-negative-ambiguity-with-zero
/questions/58783351/how-is-a-frequency-table-stored-in-huffman-coding
/questions/8960698/huffman-coding-prove-on-a-8-bit-sequence
/questions/37232954/huffman-coding-algorithm-data-structures
/questions/34323495/python-understanding-huffman-code
/questions/35031251/read-write-bits-for-huffman-coding-in-java
/questions/13173223/huffman-coding-dealing-with-unicode
/questions/25966187/grayscale-image-compression-using-huffman-coding-in-matlab
/questions/71836992/why-my-output-is-printing-in-huffman-coding
/questions/17398931/deflate-encoding-with-static-huffman-codes
/questions/64235052/recurrence-relation-for-huffman-coding
/questions/16373809/python-huffman-coding-exception-unorderable-types
/questions/13243824/how-to-save-huffman-code
/questions/58678606/how-to-decode-a-huffman-coding-without-the-prefix-property
/questions/27410220/how-can-i-apply-huffman-coding-correctly
/questions/36657644/how-to-save-the-values-from-a-huffman-coding
/questions/22579922/huffman-code-compression
/questions/43421273/huffman-code-writing-bits-to-a-file-for-compression
/questions/50080396/how-to-implement-huffman-code-compression-and-decompression-in-c-sharp
/questions/50474651/finding-the-length-of-compressed-text-huffman-coding
/questions/33049211/how-to-write-to-a-file-in-java-after-huffman-coding-is-done
/questions/22368254/huffman-coding-incorrect-codes
/questions/36146390/how-to-handle-this-in-huffman-coding
/questions/45354875/using-huffman-coding-to-compress-images-taken-by-the-iphone-camera
/questions/10394093/considering-image-compression-is-run-length-encoding-always-better-than-huffman
/questions/10874414/computing-huffman-code-variance
/questions/36319242/huffman-codes-generating-fixed-length-encodings
/questions/38947831/use-hls-to-implement-huffman-coding-from-c
/questions/72692570/huffman-code-for-image-compression-java
/questions/6835072/are-algorithms-like-huffman-coding-actually-used-in-production
/questions/27452999/combining-lowest-frequencies-in-huffman-coding
/questions/67462155/issues-with-a-reference-code-for-running-canonical-huffman-code-on-java
/questions/34011067/c-how-to-traverse-a-huffman-tree-and-generate-corresponding-huffman-codes
/questions/68006414/how-to-calculate-length-of-each-huffman-code
/questions/40811374/solving-huffman-code-tree
/questions/8044121/measuring-efficiency-of-huffman-coding-with-python-bitstring
/questions/29890348/how-to-efficiently-decompress-huffman-coded-file
/questions/14677612/huffman-minimum-variance-coding
/questions/33511152/is-there-mathematical-proof-that-huffman-coding-is-the-most-efficient-lossless-c
/questions/33728006/convention-for-huffman-coding
/questions/34364216/python-understanding-huffman-code-2
/questions/18628063/decompressor-for-deflate-comprssed-data-with-fixed-huffman-codes
/questions/26212605/how-to-store-the-huffman-codes-with-low-volume-in-matlab
/questions/13103588/huffman-coding-in-c-with-order-preserving
/questions/27383241/how-can-i-code-and-then-decode-quantized-channels-using-huffman-coding
/questions/40439526/huffman-coding-file-in-c
/questions/29592142/merge-order-in-huffman-coding-with-same-weight-trees
/questions/2054848/extended-huffman-code
/questions/32951298/huffman-coding-tree-priority-queue-malfunctioning
/questions/71392994/huffman-coding-using-min-priority-queue
/questions/53215416/decoding-a-bitstring-using-huffman-code-table-java
/questions/48409851/how-to-combine-lz77-and-huffman-coding-in-image-compression
/questions/70626216/method-to-encode-a-given-text-using-an-already-constructed-huffman-coding-tree
/questions/36856499/which-files-have-good-compression-ratio-using-textbooks-huffman-coding-algorith
/questions/39443008/why-is-it-impossible-to-misinterpret-a-huffman-coded-message
/questions/28110260/huffman-coding-issue-with-file-size-after-compression
/questions/10723829/identifying-the-positions-of-characters-in-huffman-coding-algorithm
/questions/53308676/c-sharp-huffman-coding-for-a-large-file-takes-too-long
/questions/22708812/huffman-coding-pseudo-eof
/questions/28110260/huffman-coding-issue-with-file-size-after-compression
/questions/10723829/identifying-the-positions-of-characters-in-huffman-coding-algorithm
/questions/48956445/my-huffman-coding-program-result-a-even-larger-file
/questions/22884435/compressing-a-given-image-n-times-using-huffman-coding-technique
/questions/23072547/building-and-traversing-huffman-code-tree-in-python3-x
/questions/23700279/binary-prefix-code-in-huffman-algorithm
/questions/4954045/huffman-code-tables
/questions/65094282/how-exactly-does-file-compression-work-at-a-low-level-using-huffman-coding-in
/questions/17085381/python-png-decoding-huffman-coding
/questions/61946582/python-in-huffman-coding-error-when-the-number-of-digits-are-more-than-10
/questions/6576507/how-to-use-huffman-code-for-compress-file
/questions/56033665/huffman-codes-logic-error-inside-one-of-the-functions
/questions/35904786/how-can-i-use-splay-tree-data-structure-in-huffman-coding-for-data-compression
/questions/42395767/huffman-code-generator-using-matlab
/questions/13436013/joining-trees-in-huffman-coding
/questions/33089660/decoding-a-huffman-code-with-a-dictionary
/questions/65210533/how-does-pre-processing-the-data-using-move-to-front-algorithm-helps-huffman-cod
/questions/19883086/optimal-huffman-code-for-fibonacci-numbers
/questions/7225601/convert-huffman-code-string-to-binary
/questions/50244005/there-is-a-error-when-running-the-huffman-code
/questions/37570651/huffman-code-length
/questions/29286546/outputting-huffman-codes-to-file
/questions/12965283/compressing-text-with-good-spelling-and-canonical-huffman-code
/questions/5671136/help-with-huffman-code
/questions/5773546/package-merge-algorithm-for-length-limited-huffman-codes
/questions/49955585/huffman-coding-for-markov-chain-based-on-conditional-distribution
/questions/26695558/why-are-these-patterns-in-huffman-coding-bitstreams-in-photoshop-produced-jpg
/questions/25101216/huffman-coding-storing-bytes-and-its-frequency-reading-it-from-a-file-in-c
/questions/54643091/how-huffman-coding-figured-out-the-property-that-the-codes-are-unique
/questions/33464778/huffman-coding-get-path-to-leaf
/questions/29313778/adaptive-dynamic-huffman-coding-encode-and-decode-data-from-file
/questions/33464778/huffman-coding-get-path-to-leaf
/questions/44123673/the-dht-in-jpeg-does-not-contain-the-actual-huffman-code-how-come
/questions/5689090/steps-to-compress-a-file-using-huffman-code
/questions/62429261/why-huffman-code-algorithm-with-2-queues-and-sorted-input-cna-be-on
/questions/6305573/is-the-effectiveness-of-huffman-coding-limited
/questions/50498729/huffman-decompression-using-tables-maximum-code-length
/questions/11245805/create-image-from-huffman-code-matlab
/questions/31556092/reversed-huffman-coding
/questions/62395126/huffman-tree-coding
/questions/62446781/given-a-huffman-tree-how-to-compute-huffman-code-for-each-symbol
/questions/68929927/creating-a-huffman-code-from-markov-chain
/questions/14727390/should-i-avoid-multibit-code-starting-with-0-zero-for-huffman-code
/questions/22913101/how-to-get-the-length-of-of-huffman-codes
/questions/13097686/approximate-order-preserving-huffman-code
/questions/13097686/approximate-order-preserving-huffman-code
/questions/15261408/need-help-traversing-a-tree-huffman-coding
/questions/27256554/huffman-coding-write-to-filr-using-bits
/questions/23097606/traversing-a-huffman-code-tree-in-python-3-x
/questions/72809147/time-complexity-for-greedily-coded-huffman-tree
/questions/75112375/how-to-write-huffman-code-to-a-binary-file
/questions/13811352/huffman-storing-code-in-bits
/questions/65121360/does-the-huffman-code-tree-in-deflate-algorithm-have-to-be-a-complete-tree
/questions/8433255/huffman-coding-in-jpeg
/questions/57036603/in-zlib-what-happen-when-the-huffman-code-lengths-for-the-alphabets-exceed-maxim
/questions/71597520/huffman-code-tree-with-depth-1-less-than-number-of-letters
/questions/351522/c-huffman-code-header
/questions/53367469/c-huffman-code-implementation-encoding-right-most-of-the-time
/questions/28573597/bitstream-of-variable-length-huffman-codes-how-to-write-to-file
/questions/3515204/byte-frequency-table-for-huffman-coding
/questions/3515204/byte-frequency-table-for-huffman-coding
/questions/12455043/what-is-the-advantage-of-a-full-binary-tree-for-huffman-code
/questions/33688097/create-huffman-code-tree-from-min-heap-c
/questions/31428387/huffman-coding-for-one-symbol-sequence-but-three-alphabets
/questions/53996515/huffman-coding-using-doubly-linked-list
/questions/36536670/a-class-in-my-huffman-code-project-is-causing-me-trouble
/questions/47064269/decoding-the-huffman-code-without-too-much-recursion
/questions/51864076/huffman-code-in-haskell-make-tree
/questions/75243781/unable-to-find-the-cause-of-segmentation-fault-of-huffman-coding-to-do-entropy-e
/questions/42746256/why-jpeg-scan-data-uses-bit-length-prefixes-if-huffman-coding-have-so-called-pr
/questions/62200725/why-do-indicators-sometimes-work-well-and-sometimes-not-writing-down-huffman-co
/questions/42086279/huffman-suffix-code
/questions/75467741/generating-a-huffman-code-that-never-produces-the-string-00-upon-encoding
/questions/36328554/how-to-decompress-a-string-in-huffman-coding
/questions/30550535/writing-bits-for-huffman-coding
/questions/52904843/why-are-the-nodes-of-my-huffman-code-not-sorted-properly-c
/questions/51425638/how-to-write-huffman-coding-to-a-file-using-python
/questions/20975160/huffman-code-shortest-and-longest-code-for-fibonacci-frequencies
/questions/72734662/what-happens-to-huffman-in-this-case-compressing-image
/questions/3082983/condition-for-single-bit-code-for-a-character-in-huffman-code
/questions/66929744/octave-huffman-code-doesnt-work-all-elements-of-sig-must-be-integers-in-the
/questions/47173162/is-it-possible-to-encode-different-blocks-using-different-huffman-codesfixed-an
/questions/67240918/unresolved-external-c-with-huffman-code
/questions/53134380/how-large-should-my-frequency-array-be-if-i-want-to-compress-an-image-using-huff
/questions/75509378/how-to-store-string-generated-from-huffman-tree-to-a-text-file
/questions/25231973/decoding-using-huffman-code
/questions/19709896/why-does-a-label-permutation-produce-a-different-huffman-code
/questions/3269529/i-dont-understand-this-huffman-algorithm-implementation
/questions/5834054/huffman-algorithm-in-python
/questions/41473005/huffman-coding-creating-tree-c
/questions/30086676/need-help-deconstructing-rosettastone-huffman-code
/questions/76359214/how-to-fix-the-issue-of-getting-a-black-square-while-compressing-png-image-using
/questions/60037191/how-to-count-the-number-of-bits-on-huffman-code
/questions/40948263/how-to-use-huffman-algorithm-in-steganography
/questions/13691850/huffman-code-trouble-with-the-initial-input-for-the-tree
/questions/36006787/huffman-coding-without-using-frequency
/questions/58619054/how-do-i-find-variable-length-huffman-codes-in-a-string-for-a-best-fit
/questions/5616264/bad-huffman-code
/questions/62739942/in-huffman-code-optimal-code-with-varying-length-the-expected-number-of-zeros
/questions/62494943/can-i-have-huffman-encoding-without-fixed-or-variable-table
/questions/41725670/what-is-an-example-of-an-algorithm-which-uses-huffman-coding-only
/questions/62313624/huffman-code-with-very-large-variety-of-elements
/questions/10472526/dynamic-huffman-encoding-on-deflate-rfc-1951
/questions/5951017/which-coding-trees-you-know-about
/questions/76484527/i-dont-understand-how-to-draw-huffman-coding-tree
/questions/43149230/implent-shanon-fano-or-huffman-codes-in-assembly-without-structures
/questions/4938930/huffman-terminator-bitstring
/questions/45171443/entropy-coding-huffman-and-arithmetic-ans-mixing-codes-with-non-codes
/questions/55008756/trying-to-update-an-array-with-huffman-string-code
/questions/64127613/huffman-coding-using-character-based-formating
/questions/53231383/compressing-a-file-using-huffman-coding-when-the-characters-all-have-similar-rep
/questions/40331700/how-can-i-optimize-this-huffman-code-function
/questions/3013391/is-it-possible-to-achieve-huffman-decoding-in-gpu
/questions/44709852/adaptive-huffman-fkg-vs-huffman-on-averange-length
/questions/41827511/huffman-tree-for-big-files
/questions/70245937/why-huffmans-coding-algorithm-takes-more-bit-than-the-original-size
/questions/32043543/how-to-deals-with-multiple-equal-weight-in-huffman-code
/questions/29113705/matlab-arithmetic-coding-or-huffman-in-data-compression
/questions/10122378/lossless-predictive-coding
/questions/61442503/how-to-store-the-output-of-huffman-coding-to-a-binary-file-in-binary-format-inst
/questions/16905983/text-data-compression-using-huffman-encoding
/questions/5452522/huffman-trees-for-non-binary-alphabets
/questions/22356426/huffman-coding-combatting-if-frequencies-of-two-letters-are-equal-different-c
/questions/13804629/huffman-code-with-lookup-table
/questions/22910899/how-to-find-the-compression-ratio-of-a-file-using-huffman-coding
/questions/44683020/print-encoded-huffman-character
/questions/62497035/huffman-in-jpeg-decoding-what-are-symbols-codes-and-length
/questions/49618612/huffman-code-tree-decoding
/questions/30809062/how-to-calculate-huffman-code-length-without-generating-the-actual-huffman-code
/questions/32654410/minimum-description-length-and-huffman-coding-for-two-symbols
/questions/63538122/how-to-code-a-and-read-in-a-binary-tree-of-modified-huffman-codes-in-php
/questions/59574042/what-is-the-best-encoding-if-the-cost-in-huffman-tree-is-2len
/questions/38017461/24-bit-adc-data-compression-using-something-similar-to-huffman-coding
/questions/70220522/attempting-to-print-a-huffman-code-tree-in-haskell
/questions/11832138/huffman-algorithm-from-cormen
/questions/29546355/scala-coding-to-do-the-huffman-decoding-but-wrong-result
/questions/20272463/build-a-huffman-tree-from-a-code-table
/questions/54474845/can-we-use-tries-to-decode-a-huffman-code
/questions/9142443/i-read-that-huffman-coding-does-not-work-on-gpu-but-this-paper-claims-otherwise
/questions/20201919/java-code-for-drawing-huffman-tree-for-encoding-a-sentence
/questions/33760577/is-there-any-tree-for-optimal-prefix-code-other-than-huffman-tree-will-the-heig
/questions/72927272/greedy-resolution-to-constructing-huffman-codes-question-on-greedy-choice-prope
/questions/13390374/huffman-code-segmentation-fault-11
/questions/29711652/trouble-with-getting-codes-for-huffman-tree
/questions/42422541/is-it-a-good-idea-to-compress-a-set-of-text-file-with-a-predefined-huffman-table
/questions/33321080/do-jpeg-standard-fixed-huffman-tables-really-reduce-data-size
/questions/19612160/decode-text-which-is-coded-with-the-huffman-algorithm
/questions/26514506/huffmans-data-compression-filltable-and-invert-code-problems
/questions/73511940/how-to-store-huffman-codes-in-a-binary-file-c
/questions/76118145/fibonacci-with-huffman-encoding
/questions/37503213/c-finding-huffman-coded-path-of-specific-leaf-in-tree
/questions/60177156/getting-bit-sequence-from-a-trie-for-huffman-coding
/questions/72150618/lz77-extra-bits-in-deflate
/questions/52911787/is-there-a-practical-way-to-parallelize-the-construction-of-a-huffman-tree-give
/questions/50798425/how-to-build-lookup-table-for-jepg-huffman-values
/questions/20018426/huffman-encoding-in-c
/questions/51408298/huffman-code-with-equal-symbol-frequencies
/questions/13903050/reconstruct-huffman-tree-by-huffman-table
/questions/34138527/compression-ratio-for-huffman-code-words
/questions/4989982/how-is-the-priority-chosen-while-constructing-the-huffman-tree
/questions/75042404/problems-when-compressing-and-decompressing-a-small-png-file-using-huffman-codi
/questions/35997824/deflate-rfc1951-dynamic-huffman-incomplete-length
/questions/11214434/matlab-huffman-encoding-in-matrix
/questions/28851223/huffman-code-decoder-encoder-in-java-source-generation
/questions/22289387/how-are-huffman-encoded-message-transmitted-across-wire
/questions/30198324/i-have-trouble-building-codes-for-frequency-table-in-huffman-compression
/questions/55050936/implementing-huffman-tree
/questions/71227504/ambiguity-in-huffman-tree
/questions/59830873/huffman-encoding-c-code-is-throwing-a-fatal-error
/questions/48158644/why-is-huffman-encoded-text-bigger-than-actual-text
/questions/27217160/huffman-tree-all-pointers-pointitng-to-the-same-location
/questions/59232142/unable-to-find-huffman-table
/questions/46985666/create-code-dictionary-for-huffman-tree-in-python
/questions/16658419/huffman-tree-in-java
/questions/25431160/what-is-the-maximum-size-of-encoded-dynamic-huffman-tree-as-used-by-deflate-zli
/questions/53786767/when-re-inserting-into-queue-huffman-code
/questions/64993517/how-to-output-a-list-of-binary-looking-huffman-encoded-values-to-a-bin-file
/questions/68506305/generate-list-of-prefix-codes-without-building-huffman-tree
/questions/38453967/generating-huffman-tables-for-motion-jpeg-on-fpga
/questions/44026924/huffman-tree-node-doesnt-append-code-to-his-son
/questions/23721176/huffman-encoding-how-do-i-reference-to-the-node-in-the-top-of-the-huffman-tree
/questions/13629310/reading-a-file-bit-by-bit-to-form-a-huffman-coding-tree
/questions/43456650/how-to-handle-n-t-and-similar-ascii-keys-while-creating-huffman-code
/questions/66490288/jpeg-encoding-how-to-encode-rleac-with-huffman-algorithm
/questions/33509890/store-paths-of-1s-and-0s-from-root-to-leaf-of-a-tree-huffman-coding
/questions/34272391/in-huffman-code-compression-determining-code-table-bits
/questions/61824864/huffman-code-encoder-write-to-output-file
/questions/19766697/encoding-intermediate-leaves-in-the-huffman-algorithm
/questions/55110156/dynamic-programming-for-prefix-free-coding
/questions/61833174/huffman-code-decoder-send-a-dictionary-of-encoder
/questions/27613699/how-to-save-huffman-tree-in-file
/questions/70397539/null-pointer-error-after-generating-huffman-code-using-recursive-call-to-a-funct
/questions/52892651/huffman-c-infinite-loop
/questions/36091816/huffman-dictionary-does-not-have-the-codes-for-all-the-input-signals
/questions/36857351/huffman-tree-on-characters-in-python
/questions/41739627/canonical-huffman-encoder-contents-of-encoded-bitstream
/questions/53516000/how-to-do-memory-implementation-of-huffman-agorithm
/questions/49957172/how-to-bypass-huffman-tree-and-get-codes-of-symbols
/questions/36857351/huffman-tree-on-characters-in-python
/questions/36660616/huffman-encoding-in-matlab-binary-values
/questions/70005535/huffman-encoding-of-digitale-bildverarbeitung
/questions/30072223/huffman-without-using-node
/questions/63504603/java-to-c-code-translation-error-in-huffman-encryption
/questions/74164816/how-to-code-huffman-tree-in-r-programming-and-how-to-show-0-and-1-on-the-branche
/questions/55931168/printing-huffman-frequency-table
/questions/1909771/huffman-algorithm-needs-help-in-storing-char-code
/questions/54602707/huffman-encode-single-character-without-lookup-table
/questions/64845232/what-s-the-most-compression-that-we-can-hope-for-a-file-that-contains-1000-bits
/questions/33748549/java-huffman-tree
/questions/61759464/huffman-canonical-algorithm-storing-the-code-table
/questions/61759464/huffman-canonical-algorithm-storing-the-code-table
/questions/44764085/can-a-huffman-tree-enconding-be-different-from-one-person-to-anoher
/questions/22077395/code-for-huffman-tree-using-stdunique-ptr-not-working
/questions/56343875/huffman-code-in-python-doesnt-work-as-it-should
/questions/48112920/huffman-vs-ans
/questions/40112953/huffman-encoding-saving-codes-and-writing-binary-in-c
/questions/49136510/list-all-leaves-of-huffman-tree
/questions/58795658/how-to-obtaining-alphabet-using-huffman-code-for-given-frequency
/questions/30435463/big-o-complexities-of-my-huffman-algorithm
/questions/46881984/getting-codes-from-huffman-tree-method-in-java
/questions/64466205/how-to-write-a-hashmap-to-a-file-in-a-memory-efficient-format
/questions/26616889/huffman-decoding-algorithm
/questions/75475859/how-is-a-huffman-compression-decoded
/questions/21032740/why-do-we-need-unsigned-char-for-huffman-tree-code
/questions/56533917/how-do-i-write-huffman-encoded-characters-to-a-file
/questions/74158533/huffman-algorithm-building-code-tree-dart-null-safety-java-reference
/questions/47421732/how-can-i-generate-a-binary-code-table-of-a-huffman-tree
/questions/21158693/huffmancode-variable-bits-length-per-character
/questions/11076937/string-encoding-algorithm
/questions/4931621/jpeg-encoding-technique
/questions/42739572/how-to-map-with-scala-constructor
/questions/1751616/segmentation-fault-adaptive-huffman-tree
/questions/61981687/huffman-code-cant-decompress-bmp-files-using-bitset
/questions/7244114/two-equal-signs-in-one-line
/questions/16747729/why-permutate-the-code-length-codes-dynamic-huffman-codes-rfc-1951
/questions/64184468/how-to-directly-write-binary-data-in-a-file-in-c
/questions/64286390/which-one-can-be-expressed-better-using-huffman-coding-from-those-images
/questions/55116567/huffman-decoding-compressed-file
/questions/6166382/reading-and-huffman-compressing-4-byte-binary-string-std-c-linux-environment
/questions/9190618/poor-mans-huffman-compression
/questions/29575309/decoding-huffman-file-from-canonical-form
/questions/21220151/is-there-an-algorithm-for-perfect-compression
/questions/32917966/why-is-no-code-allowed-to-be-all-ones-in-libjpegs-huffman-decoding
/questions/4356686/read-txt-file-and-analyze
/questions/18582435/is-this-the-right-sequence-of-operations-when-uncompressing-deflated-data
/questions/62186289/taking-output-of-pgm-file-format-to-construct-frequncy-table
/questions/74338685/python-including-frequency-table-at-the-beginning-of-a-huffman-compressed-file
/questions/52761992/how-to-traverse-through-a-huffman-tree-and-access-stored-characters
/questions/53441339/decoding-using-a-huffman-tree
/questions/62250372/write-bytes-to-file-from-huffman-encoding-algorithm
/questions/76583524/how-to-search-through-multi-layered-nested-lists-used-as-a-binary-tree-for-an-en
/questions/11368936/c-for-each-loop-cant-find-pointed-to-map-element
/questions/17483293/how-does-huffman-compression-work
/questions/51222823/reading-every-file-format-as-0s-and-1s
/questions/66754647/how-do-i-write-huffman-code-into-compressed-file
/questions/662565/how-to-create-huffman-tree-from-ffc4-dht-header-in-jpeg-file
/questions/55126045/huffman-decoding-function-uncompressing-one-character-repeatedly
/questions/16450203/does-a-huffman-binary-tree-have-to-be-proper
/questions/42941015/are-dc-and-ac-coefficient-magnitude-not-huffman-compressed-in-jpeg
/questions/19486320/getting-occurrence-of-alphabets-in-a-string-in-matlab
/questions/76654358/jpeg-without-huffman-tables-can-be-rendered-by-some-applications-how
/questions/39813767/huffman-encoding-in-socket-programming
/questions/7735224/traversing-a-huffman-tree
/questions/26442093/reading-and-writing-bit-by-bit-in-c-for-huffman-encoding
/questions/72412233/tree-traversal-falls-into-infinite-loop-with-huffman-algorithm-implementation
/questions/70413287/decoding-deflate-blocks-after-hclen-4-x-3-bits
/questions/49829336/creating-huffman-tree-table-using-a-heapsort
/questions/66931051/java-hufman-encoding-of-the-huffman
/questions/47862083/iterating-over-a-large-string-and-checking-membership-of-substrings-in-a-diction
/questions/67153636/str-object-has-no-attribute-append-for-append-node
/questions/41074711/understanding-a-java-code
/questions/20920154/i-get-a-suspicious-pointer-conversion-in-function-main-how-to-get-rid-of-this
/questions/53454942/using-a-huffman-tree-to-decode-binary-text
/questions/55426204/how-does-huffman-encoding-know-the-length-of-each-value-code-its-reading
/questions/41792254/relationship-between-code-optimization-and-data-compression
/questions/51469927/huffman-compression-images
/questions/46267140/evaluate-compression-algorithm
/questions/75038913/my-compressed-file-have-larger-file-size-than-the-original-file
/questions/13198795/why-is-my-probability-so-far-off-with-this-binary-tree-using
/questions/18110821/huffman-tree-wrong-output
/questions/27447095/shannon-fano-code-as-max-heap-in-python
/questions/40601637/build-a-huffman-tree-using-min-heap
/questions/16873886/variations-in-huffman-encoding-codewords
/questions/44339717/encode-huffman-table-with-text
/questions/54197980/adaptative-huffman-decoding
/questions/27990922/can-anyone-recommend-a-lossless-compression-algo-for-compressing-x-and-y-coordin
/questions/62827971/can-deflate-only-compress-duplicate-strings-up-to-32-kib-apart
/questions/16506446/java-loop-and-shifting
/questions/34560441/canonical-huffman-encoding-algo
/questions/13243845/could-anyone-tell-me-why-my-code-for-this-huffman-encoding-algorithm-is-producin
/questions/61945532/optimize-huffman-table-symbol-retrieval-sequential-and-progressive-jpeg
/questions/45063062/channel-compression-in-ibm-mq-classes-for-java
/questions/55547113/why-to-combine-huffman-and-lz77
/questions/53745821/how-to-extract-jpeg-encoding-process-with-nodejs
/questions/61893628/am-i-packing-bytes-correctly-for-deflate-compression
/questions/7685649/most-efficient-way-to-store-thousand-telephone-numbers
/questions/53068159/convert-list-comprehension-to-for-loop
/questions/58567971/huffman-tree-decoding
/questions/29187639/how-to-customize-the-encoding-of-a-text-file-in-c
/questions/1120951/need-help-on-bmp-to-jpeg-conversion
/questions/23803027/get-compression-algorithm-of-images-with-java
/questions/64949757/huffman-decoding-from-a-given-file
/questions/68749917/deflate-code-lengths-of-7-bits-for-top-level-hclen
/questions/28500047/writing-bits-into-a-c-file
/questions/18678064/how-huffman-tree-construction-have-element-in-left-and-right
/questions/58462772/compress-multiple-html-pages-using-tree-encoding
/questions/33292033/how-to-generate-huffman-prefix-code
/questions/51865369/code-decode-huffman-tree-haskell
/questions/20223488/mapping-a-list-to-a-huffman-tree-whilst-preserving-relative-order
/questions/20903643/python-binary-string-to-binary-data
/questions/29504110/huffman-encoding-using-cell-array
/questions/67158885/implementing-huffman-class-into-another-class
/questions/54152202/huffman-compression-doesnt-result-in-less-bytes-saving-storing-tree-and-pad-wit
/questions/35928641/jpeg-huffman-table
/questions/49951915/how-to-read-binary-files-in-a-string-sequence-of-1-and-0
/questions/41051656/eof-error-in-huffman-zip-program
/questions/71544046/how-to-read-and-decode-zlib-block-and-deflate-block-in-a-png-image-file
/questions/67158885/implementing-huffman-class-into-another-class
/questions/48440629/creation-of-huffman-file-for-compression-c
/questions/53247027/how-can-i-optimize-huffman-decoding
/questions/11585944/reconstuct-huffman-tree-for-decoding
/questions/50457865/building-huffman-tree-using-min-heap-in-haskell
/questions/15728462/which-algorithm-is-most-suitable-for-burrows-wheeler-transform
/questions/56170297/javax-imageio-iioexception-missing-huffman-code-table-entry-while-adding-text-t
/questions/23059303/moving-compressed-file-from-one-computer-to-another
/questions/56136960/how-to-expand-a-huffman-node-after-compression
/questions/62397804/realloc-invalid-next-size-aborted-core-dumped
/questions/3305013/priority-queues-with-huffman-tree
/questions/5678896/comparator-and-priority-queues
/questions/69651369/how-are-huffman-trees-transmitted
/questions/48440629/creation-of-huffman-file-for-compression-c
/questions/62397804/realloc-invalid-next-size-aborted-core-dumped
/questions/49613945/java-huffman-compressor-output-bigger-than-original
/questions/14105616/huffman-compression-decompression
/questions/807979/efficient-huffman-tree-search-while-remembering-path-taken
/questions/61146206/compressing-binary-numbers
/questions/25788073/combining-lossless-data-compression-algorithms
/questions/70323083/how-does-deflate-optimize-this-so-much
/questions/20596944/add-a-character-to-a-frequency-list
/questions/72555899/is-there-a-more-efficient-compression-algorithm-to-compress-a-64base-encoded-str
/questions/48253065/reading-the-huffman-encoding-tree-in-c-sharp
/questions/13406082/what-is-wrong-with-this-code-huffman-encoding
/questions/36805006/how-to-save-a-file-in-bits-using-java
/questions/27949651/huffman-vs-rle-in-hexadecimal
/questions/56310073/newline-in-huffman-tree
/questions/8553159/the-zlib-implementation-of-inflate-algorithm
/questions/27949651/huffman-vs-rle-in-hexadecimal
/questions/43638309/python-finding-paths-of-trees-using-recursion
/questions/69603064/how-to-get-zlib-or-another-library-to-create-type-01-deflate-block
/questions/53366104/trouble-freeing-all-memory-in-c
/questions/54314017/i-cant-decoding-huffman-using-tree
/questions/76500052/solving-huffman-tree
/questions/44311398/how-is-zig-zag-scan-carried-out-in-sampled-components-in-jpeg
/questions/45440585/how-to-store-huffman-encoded-binarys-in-a-file
/questions/44568646/flexible-tree-structures
/questions/2282528/compression-with-huffman
/questions/50778809/huffman-tree-and-order-of-nodes-in-terms-of-occurrence
/questions/41560218/what-is-the-best-way-to-read-and-write-purely-binary-information-in-go
/questions/10263641/how-should-i-represent-a-huffman-tree-to-be-used-in-a-color-computer-program
/questions/53144375/how-to-rebuild-the-dynamic-huffman-tree-from-deflate
/questions/41066315/getting-path-to-huffman-nodes
/questions/4986165/how-to-decode-the-message-from-a-huffman-encoded-bit-stream
/questions/61457826/c-array-of-a-self-defined-class-no-matching-function-call
/questions/29951449/c-segmentation-fault-core-dumped
/questions/43762479/returning-the-sum-of-all-nodes-in-a-tree-through-recursion
/questions/54024601/deflate-safe-size
/questions/70953015/how-do-i-specify-the-compression-type-in-zlib
/questions/31377213/splunk-log-data-optimization
/questions/75421815/how-to-decompress-from-huffmans-compression-in-c
/questions/34406972/how-to-traverse-a-huffman-tree-recursively-in-search-for-an-specific-element
/questions/58888234/how-to-find-the-values-of-a-parent-node-in-a-huffman-tree-using-python
/questions/29857319/lower-and-upper-bounds-for-height-of-a-code-trie
/questions/55505147/how-does-a-predictive-coding-aid-in-lossless-compression
/questions/53207692/libav-mjpeg-encoding-and-huffman-table
/questions/28564483/how-to-serialize-the-huffman-tree-in-c
