/questions/41911065/algorithm-how-to-find-the-number-of-independent-sets-in-a-tree
/questions/13544240/algorithm-to-find-max-independent-set-in-a-tree
/questions/4061803/maximum-independent-set-in-a-tree-review-algorithm-need-proof
/questions/62746965/maximum-independent-set-on-non-tree-representations
/questions/10486089/finding-size-of-max-independent-set-in-binary-tree-why-faulty-solution-doesn
/questions/19213564/algorithm-count-of-independent-sets-always-down-by-1
/questions/69761752/how-to-find-maximum-weight-independent-set-for-a-tree-using-dynamic-programming
/questions/30412391/maximum-independent-set-weight
/questions/69766080/how-to-correctly-implement-maximum-weight-independent-set-of-positive-tree-using
/questions/38413957/max-independent-set-in-prolog
/questions/54584602/what-is-separator-concept-in-tree-decomposition
/questions/61572920/what-is-the-maximum-size-of-an-independent-set-in-the-following-tree
/questions/15607337/is-this-algorithm-for-finding-a-maximum-independent-set-in-a-graph-correct
/questions/6798953/program-of-recursion-for-maximum-independent-set-in-a-graph
/questions/1567532/java-algorithm-for-finding-the-largest-set-of-independent-nodes-in-a-binary-tree
/questions/58854276/how-to-set-id-for-every-node-in-a-angular-material-tree-view-in-order-that-ever
/questions/60096049/having-problem-in-conversion-from-recursive-solution-to-dp
/questions/51601122/xgboost-minimize-influence-of-continuous-linear-features-as-opposed-to-categori
/questions/4977112/how-to-find-the-shortest-simple-path-in-a-tree-in-a-linear-time
/questions/39188301/generate-all-solutions-in-prolog
/questions/31187229/matroid-type-class-error-in-haskell
/questions/63421400/sticky-rows-in-tree-like-nested-list-structure
/questions/16675060/find-all-disjoint-non-overlapping-sets-from-a-set-of-sets
/questions/58126842/what-object-types-can-be-used-for-fetures-in-decision-trees-do-i-need-to-conver
/questions/64721245/why-are-these-string-fields-getting-ignored-in-this-omniorb-program-but-only-wh
/questions/6864360/compiling-a-source-file-that-has-dependencies-on-multiple-source-code-trees
/questions/35352447/sas-cart-analysis
/questions/49393306/how-to-determine-the-most-suitable-value-for-ntree-while-building-random-forests
/questions/72642537/feature-selection-with-decision-tree
/questions/43541626/python-parse-bnf-grammar-and-walk
/questions/52010464/how-to-compare-the-results-of-different-statistical-tests
/questions/63845073/my-python-multiprocesses-are-apparently-not-independent
/questions/307357/best-test-runner-unit-testing-net
/questions/20528654/adaboost-and-forward-stagewise-additive-modeling
/questions/41075912/determing-the-mode-using-bagging-with-decision-tree
/questions/46988576/why-are-these-types-not-assignment-compatible-and-how-can-i-define-an-assignmen
/questions/61533257/porting-and-existing-nested-set-hierarchy
/questions/2658384/metalanguage-like-bnf-or-xml-schema-to-validate-a-tree-instance-against-a-tree-m
/questions/45919938/java-sorting-treesets-based-on-size
/questions/23905332/is-there-a-package-that-i-can-use-in-order-to-get-rules-for-a-target-outcome-in
/questions/48241916/training-a-decision-tree-with-k-fold-is-this-the-correct-approach
/questions/52548640/independent-eyes-and-mouth-animations-in-unity3d
/questions/15069288/how-good-can-nearest-neighbor-naive-bayes-and-a-decision-tree-classifier-solve
/questions/8975773/stackless-pre-order-traversal-in-a-binary-tree
/questions/75171996/neos-cms-7-newly-created-node-disappears-in-the-document-tree-until-cache-clear
/questions/28136426/data-binding-to-jstree
/questions/64432575/full-training-set-used-by-dask-lightgbm
/questions/53353277/how-to-maintain-multiple-independent-stable-git-branches
/questions/55198048/random-forest-regression-cumulative-mse
/questions/2970120/common-test-data-for-multiple-independent-maven-projects
/questions/10329667/jython-where-should-i-put-my-py-files
/questions/7869868/is-grails-suitable-for-complex-applications
/questions/39903907/enumerate-all-possible-combined-probabilities-of-a-series-of-bernoulli-trials-wi
/questions/61109218/feature-selection-based-on-groups-during-bagging-and-boosting-step
/questions/38070735/what-transaction-manager-jta-should-i-use-to-learn-hibernate
/questions/46551031/r-rpart-no-splits-if-i-remove-less-important-variables
/questions/65835383/add-conditioning-variables-to-a-random-forest-model-in-r
/questions/63081883/jackson-xml-deserialization-serialize-to-a-list-with-arbitrary-elements-in-bet
/questions/13606335/extjs4-find-dom-element-of-tree-node
/questions/68553376/sklearn-random-forest-regressor-predict-inf-when-train-with-negative-weights
/questions/24042367/outofmemory-exception-when-recursively-drawing-rectangles-in-gdi
/questions/35758743/pythonpath-not-working-on-osx
/questions/55491796/button-should-not-scale-dependend-of-dpi
/questions/12208206/workflow-for-many-interdependent-submodules
/questions/58376020/how-to-include-cmake-files-from-source-tree-of-included-project
/questions/50194628/sklearn-decision-tree-classifier-how-to-control-max-number-of-branches-of-each
/questions/10239513/in-entity-framework-4-0-how-can-we-fetch-multiple-record-set-from-database-in-on
/questions/70013740/unsure-how-to-change-root-directory-to-point-away-from-my-http-sites-content
/questions/167735/fast-pseudo-random-number-generator-for-procedural-content
/questions/71212998/facade-library-bundling-pattern-in-cmake
/questions/26104434/method-for-implementing-regression-tree-on-raster-data-python
/questions/32285649/how-basic-instructions-run-in-parallel
/questions/25169440/remove-hide-git-branches-without-deleting-commit-histories
/questions/8484023/is-there-a-way-to-prevent-calayer-shadows-from-overlapping-adjacent-layers
/questions/43567219/fuzzy-decision-trees-id3-from-id3-to-fuzzyid3
/questions/50700243/wpf-buttons-contenttemplate-getting-overridden-when-set-through-the-style
/questions/75468700/how-can-i-make-my-express-use-an-independent-users-rate-instead-of-the-server-i
/questions/68334523/statically-linking-a-typescript-library-with-angular
/questions/20412250/adobe-cq5-component-properties-for-templates
/questions/6424889/how-to-use-doctrine-nested-set-for-storing-multiple-trees-in-one-single-table
/questions/65003860/import-of-files-in-one-folder-from-another-folder
/questions/12906160/howto-install-python2-x-within-virtualenv
/questions/52916855/fusing-learners-with-preprocessing-in-mlr-what-settings-to-use
/questions/43140316/javafx-checkboxtreeitem-item-not-selected-when-checked
/questions/62827971/can-deflate-only-compress-duplicate-strings-up-to-32-kib-apart
/questions/4017192/tips-for-a-light-php-framework
/questions/44795047/merkle-tree-for-difference-comparison-in-cassandra
/questions/26480223/heterogeneous-javaeejavascript-application-construction
/questions/17885371/ctest-cdash-subproject-xml-elements-missing-under-sites-using-includectest-on
/questions/24042605/amortized-runtime-for-insertion-in-scapegoat-tree
/questions/17830237/multiple-websites-sharing-content-from-one-central-location
/questions/18422970/retaining-the-state-collapsed-expanded-nodes-of-a-nestedtree-when-using-bookma
/questions/75387090/cmake-do-i-need-to-set-position-independent-code-here-and-what-exactly-is-its-p
/questions/5557590/how-to-watch-a-member-of-a-struct-for-every-struct-variable-that-has-that-type
/questions/10433977/how-to-generate-an-ordered-list-of-parent-child-elements-from-multiple-lists-wi
/questions/21082396/multinomial-logistic-multilevel-models-in-r
/questions/9869694/socketstream0-3-server-side-code-confusion
/questions/18389118/how-does-binding-elementname-work-exactly
/questions/61312657/install-npm-package-from-bitbucket-without-npm-shrinkwrap-json
/questions/73678249/compare-performance-of-linear-regression-models-that-differ-by-predictors-used-u
/questions/21809051/what-data-structure-to-choose-for-an-elo-rating-system-with-20k-entries
/questions/42108324/how-to-know-the-factor-by-which-a-feature-affects-a-models-prediction
/questions/51504008/shiny-app-reactivity-issue-and-scoping-issue
/questions/25639424/umbraco-7-get-fields-from-same-property-based-on-current-page
/questions/55021068/css-position-relative-width-not-considered
/questions/8457687/concurrent-insertions-in-a-suffix-tree
/questions/63096172/how-to-automatically-execute-chunks-of-c-code-ideally-from-python
/questions/16319639/working-directory-for-google-test-in-visual-studio
/questions/11092659/configuration-of-build-xml-file-for-sonar-modules-with-ant
/questions/41061688/how-to-ask-for-to-do-something-in-the-child-component-from-the-parent-component
/questions/52520834/how-could-i-use-repo-specific-vim-undo-directories-undodir-without-revealing-m
/questions/1654355/define-animations-and-triggers-as-reusable-resource
/questions/47642635/automatic-minimum-width-for-column-0-in-tkinter-treeview
/questions/5223887/breaking-a-large-rails-app-into-smaller-apps
/questions/59887976/can-a-data-structure-have-o1-access-time-without-using-any-arrays
/questions/12093966/fixing-git-history-after-fetching-wrong-repo
/questions/74662114/how-many-queues-does-the-linux-scheduler-use
/questions/29775581/spritekit-determine-drawing-order-for-hit-test
/questions/41833179/python-graphs-finding-all-combinations-of-paths-of-certain-length-that-connect
/questions/10764760/entity-framework-4-0-when-i-try-to-save-some-changes-with-unique-constraint-i-g
/questions/17725461/ideal-classifiers-in-python-to-fit-sparse-high-dimensional-features-with-hierar
/questions/29977167/tfs-build-get-parts-of-the-source-code-using-different-labels
/questions/73842350/self-referential-structs-for-trees-in-c99
/questions/62496718/avoid-diamond-problem-in-abstract-concrete-class-hierarchies
/questions/43378353/how-does-one-create-a-symbolic-function-execution-dags-that-is-not-evaluated-imm
/questions/13929661/how-can-i-use-ioc-in-a-asp-net-webforms-component-dotnetnuke-module-without-ch
/questions/36976973/how-to-drag-an-easyui-tree-node-on-to-a-fabric-js-canvas
/questions/15152256/what-is-the-best-way-to-store-a-table-in-c
/questions/1686235/wxpython-how-should-i-organize-per-widget-data-in-the-controller
/questions/2225865/strategy-to-implement-tree-traversing-algorithm-in-parallel
/questions/42101064/fast-algorithm-needed-for-finding-tuples-from-within-one-list-inside-tuples-of-a
/questions/27168756/distance-measure-for-categorical-attributes-for-k-nearest-neighbor
/questions/69120484/how-to-dynamically-create-multiple-selectboxes-for-category-tree
/questions/64799244/how-to-use-linux-gpio-subsystem-with-pyserial-for-rs485-de-signal-rts
/questions/36502529/migrating-project-to-git-gerrit-access-control-questions
/questions/70440272/how-to-force-net-tostring-to-use-given-globalization-cultureinfo
/questions/41781382/how-to-serve-couple-containers-with-domain-names-with-docker-nginx-image
/questions/20859758/how-to-force-gettext-to-translate-a-specific-language-independently-from-curren
/questions/15473013/how-to-reuse-a-lookup-popup-component-for-multiple-inputs
/questions/21469050/gradle-splitting-up-testing-tasks-with-file-structure
/questions/44682307/using-decision-tree-regression-and-cross-validation-in-sklearn
/questions/4834451/nested-resources-how-to-avoid-redundant-routes
/questions/27154456/how-do-parent-famo-us-modifiers-influence-their-children
/questions/35965305/how-do-i-use-clojure-in-android-studio-using-graclj
/questions/55594354/pod-mounts-wrong-directory-on-node-when-a-flexvolume-with-cifs-is-configured
/questions/2831546/subforms-associated-with-tree-view-in-vb
/questions/29507216/multi-level-gradle-projects-with-relative-configuration
/questions/41294191/multiple-data-lines-for-each-person-in-my-set
/questions/49434740/how-do-i-set-the-accessible-text-for-treeview-items-when-using-hierarchicaldatat
/questions/3092694/calculating-the-probability-of-system-failure-in-a-distributed-network
/questions/6616773/netbeans-project-to-scripted-build
/questions/38516963/will-non-linear-regression-algorithms-perform-better-if-trained-with-normally-di
/questions/36200179/how-to-structure-a-more-complex-angular-2-application
/questions/49406949/parallelizing-gradle-tasks-like-gnu-makefile
/questions/42904186/combing-generator-results-and-writing-result-to-stream
/questions/25642610/umbraco-7-map-property-to-page-and-check-if-is-associated-with-current-page
/questions/28492332/using-a-wix-selection-tree-control-when-i-select-feature-1-i-want-feature-2-to
/questions/57730/best-build-process-solution-to-manage-build-versions
/questions/36862471/binding-data-in-stackpanel
/questions/57278653/is-there-a-way-to-copy-an-existing-library-but-being-able-to-modify-the-new-one
/questions/41007977/simple-algorithm-but-running-out-of-memory
/questions/39134617/how-to-access-the-graphic-node-of-a-treecell
/questions/65368413/recursively-dissect-sql-schema
/questions/71063365/beaglebone-black-how-to-activate-uart-4-or-5-to-enable-rs-485-communication
/questions/47946680/axios-interceptor-in-vue-2-js-using-vuex
/questions/61204854/compile-multiple-kernel-modules-that-share-code
/questions/65919352/in-npm-yarn-workspaces-should-packages-consume-src-or-dist
/questions/18157032/how-to-debug-cuda-kernel-fails-when-there-are-many-threads
/questions/28903864/how-to-debug-stealjs-with-ie-11-and-firefox-36
/questions/9771172/rbenv-surviving-without-gemsets
/questions/58784409/saving-jpg-in-sql-from-access-vba
/questions/67500094/inspection-of-trees-in-a-quantile-random-forest-regression-model
/questions/50286222/payumoney-ios-sdk-multiple-issues-during-uploading-app-on-apple-store-with-xcode
/questions/50286222/payumoney-ios-sdk-multiple-issues-during-uploading-app-on-apple-store-with-xcode
/questions/18281137/selenium-django-gives-foreign-key-error
/questions/46885490/ckeditor5-use-model-in-custom-data-processor
/questions/3335954/asymptotically-fast-associative-array-with-low-memory-requirements
/questions/7625492/memory-leak-when-using-json-data-on-a-map
/questions/48733598/are-any-languages-built-upon-uniquely-represented-data-structures
/questions/8479929/cmake-add-subdirectory-and-recompiling
/questions/53667980/set-mat-table-to-use-remaining-space-on-screen-with-scrollbar
/questions/69858269/nested-and-circular-module-federation-bundles
/questions/47839738/recursive-multiple-relationships
/questions/10176942/fill-visible-area-of-eclipse-rcp-editor-without-scrolling
/questions/3040841/is-it-wrong-for-a-context-right-click-menu-be-the-only-way-a-user-can-perform
/questions/34619062/chaining-tasks-with-continuation-and-run-parallel-task-afterward
/questions/41904754/recursive-cte-updating-nodes-in-sql-server
/questions/31984685/architecture-for-an-isomorphic-app-using-react-js-and-flux
/questions/71581958/how-to-close-a-slidable-from-outside-its-widget-tree
/questions/52905033/trained-gradientboostedclassifier-assigns-zero-importance-to-any-feature
/questions/39676221/how-to-quickly-determine-the-winner-of-a-simple-shedding-card-game
/questions/11167483/deriving-from-a-base-class-whose-instances-reside-in-a-fixed-format-database-m
/questions/41911065/algorithm-how-to-find-the-number-of-independent-sets-in-a-tree
/questions/13544240/algorithm-to-find-max-independent-set-in-a-tree
/questions/4061803/maximum-independent-set-in-a-tree-review-algorithm-need-proof
/questions/62746965/maximum-independent-set-on-non-tree-representations
/questions/10486089/finding-size-of-max-independent-set-in-binary-tree-why-faulty-solution-doesn
/questions/19213564/algorithm-count-of-independent-sets-always-down-by-1
/questions/69761752/how-to-find-maximum-weight-independent-set-for-a-tree-using-dynamic-programming
/questions/30412391/maximum-independent-set-weight
/questions/69766080/how-to-correctly-implement-maximum-weight-independent-set-of-positive-tree-using
/questions/38413957/max-independent-set-in-prolog
/questions/54584602/what-is-separator-concept-in-tree-decomposition
/questions/61572920/what-is-the-maximum-size-of-an-independent-set-in-the-following-tree
/questions/15607337/is-this-algorithm-for-finding-a-maximum-independent-set-in-a-graph-correct
/questions/6798953/program-of-recursion-for-maximum-independent-set-in-a-graph
/questions/1567532/java-algorithm-for-finding-the-largest-set-of-independent-nodes-in-a-binary-tree
/questions/58854276/how-to-set-id-for-every-node-in-a-angular-material-tree-view-in-order-that-ever
/questions/60096049/having-problem-in-conversion-from-recursive-solution-to-dp
/questions/51601122/xgboost-minimize-influence-of-continuous-linear-features-as-opposed-to-categori
/questions/4977112/how-to-find-the-shortest-simple-path-in-a-tree-in-a-linear-time
/questions/39188301/generate-all-solutions-in-prolog
/questions/31187229/matroid-type-class-error-in-haskell
/questions/63421400/sticky-rows-in-tree-like-nested-list-structure
/questions/16675060/find-all-disjoint-non-overlapping-sets-from-a-set-of-sets
/questions/58126842/what-object-types-can-be-used-for-fetures-in-decision-trees-do-i-need-to-conver
/questions/64721245/why-are-these-string-fields-getting-ignored-in-this-omniorb-program-but-only-wh
/questions/6864360/compiling-a-source-file-that-has-dependencies-on-multiple-source-code-trees
/questions/35352447/sas-cart-analysis
/questions/49393306/how-to-determine-the-most-suitable-value-for-ntree-while-building-random-forests
/questions/72642537/feature-selection-with-decision-tree
/questions/43541626/python-parse-bnf-grammar-and-walk
/questions/52010464/how-to-compare-the-results-of-different-statistical-tests
/questions/63845073/my-python-multiprocesses-are-apparently-not-independent
/questions/307357/best-test-runner-unit-testing-net
/questions/20528654/adaboost-and-forward-stagewise-additive-modeling
/questions/41075912/determing-the-mode-using-bagging-with-decision-tree
/questions/46988576/why-are-these-types-not-assignment-compatible-and-how-can-i-define-an-assignmen
/questions/61533257/porting-and-existing-nested-set-hierarchy
/questions/2658384/metalanguage-like-bnf-or-xml-schema-to-validate-a-tree-instance-against-a-tree-m
/questions/45919938/java-sorting-treesets-based-on-size
/questions/23905332/is-there-a-package-that-i-can-use-in-order-to-get-rules-for-a-target-outcome-in
/questions/48241916/training-a-decision-tree-with-k-fold-is-this-the-correct-approach
/questions/52548640/independent-eyes-and-mouth-animations-in-unity3d
/questions/15069288/how-good-can-nearest-neighbor-naive-bayes-and-a-decision-tree-classifier-solve
/questions/8975773/stackless-pre-order-traversal-in-a-binary-tree
/questions/75171996/neos-cms-7-newly-created-node-disappears-in-the-document-tree-until-cache-clear
/questions/28136426/data-binding-to-jstree
/questions/64432575/full-training-set-used-by-dask-lightgbm
/questions/53353277/how-to-maintain-multiple-independent-stable-git-branches
/questions/55198048/random-forest-regression-cumulative-mse
/questions/2970120/common-test-data-for-multiple-independent-maven-projects
/questions/10329667/jython-where-should-i-put-my-py-files
/questions/7869868/is-grails-suitable-for-complex-applications
/questions/39903907/enumerate-all-possible-combined-probabilities-of-a-series-of-bernoulli-trials-wi
/questions/61109218/feature-selection-based-on-groups-during-bagging-and-boosting-step
/questions/38070735/what-transaction-manager-jta-should-i-use-to-learn-hibernate
/questions/46551031/r-rpart-no-splits-if-i-remove-less-important-variables
/questions/65835383/add-conditioning-variables-to-a-random-forest-model-in-r
/questions/63081883/jackson-xml-deserialization-serialize-to-a-list-with-arbitrary-elements-in-bet
/questions/13606335/extjs4-find-dom-element-of-tree-node
/questions/68553376/sklearn-random-forest-regressor-predict-inf-when-train-with-negative-weights
/questions/24042367/outofmemory-exception-when-recursively-drawing-rectangles-in-gdi
/questions/35758743/pythonpath-not-working-on-osx
/questions/55491796/button-should-not-scale-dependend-of-dpi
/questions/12208206/workflow-for-many-interdependent-submodules
/questions/58376020/how-to-include-cmake-files-from-source-tree-of-included-project
/questions/50194628/sklearn-decision-tree-classifier-how-to-control-max-number-of-branches-of-each
/questions/10239513/in-entity-framework-4-0-how-can-we-fetch-multiple-record-set-from-database-in-on
/questions/70013740/unsure-how-to-change-root-directory-to-point-away-from-my-http-sites-content
/questions/167735/fast-pseudo-random-number-generator-for-procedural-content
/questions/71212998/facade-library-bundling-pattern-in-cmake
/questions/26104434/method-for-implementing-regression-tree-on-raster-data-python
/questions/32285649/how-basic-instructions-run-in-parallel
/questions/25169440/remove-hide-git-branches-without-deleting-commit-histories
/questions/8484023/is-there-a-way-to-prevent-calayer-shadows-from-overlapping-adjacent-layers
/questions/43567219/fuzzy-decision-trees-id3-from-id3-to-fuzzyid3
/questions/50700243/wpf-buttons-contenttemplate-getting-overridden-when-set-through-the-style
/questions/75468700/how-can-i-make-my-express-use-an-independent-users-rate-instead-of-the-server-i
/questions/68334523/statically-linking-a-typescript-library-with-angular
/questions/20412250/adobe-cq5-component-properties-for-templates
/questions/6424889/how-to-use-doctrine-nested-set-for-storing-multiple-trees-in-one-single-table
/questions/65003860/import-of-files-in-one-folder-from-another-folder
/questions/12906160/howto-install-python2-x-within-virtualenv
/questions/52916855/fusing-learners-with-preprocessing-in-mlr-what-settings-to-use
/questions/43140316/javafx-checkboxtreeitem-item-not-selected-when-checked
/questions/62827971/can-deflate-only-compress-duplicate-strings-up-to-32-kib-apart
/questions/4017192/tips-for-a-light-php-framework
/questions/44795047/merkle-tree-for-difference-comparison-in-cassandra
/questions/26480223/heterogeneous-javaeejavascript-application-construction
/questions/17885371/ctest-cdash-subproject-xml-elements-missing-under-sites-using-includectest-on
/questions/24042605/amortized-runtime-for-insertion-in-scapegoat-tree
/questions/17830237/multiple-websites-sharing-content-from-one-central-location
/questions/18422970/retaining-the-state-collapsed-expanded-nodes-of-a-nestedtree-when-using-bookma
/questions/75387090/cmake-do-i-need-to-set-position-independent-code-here-and-what-exactly-is-its-p
/questions/5557590/how-to-watch-a-member-of-a-struct-for-every-struct-variable-that-has-that-type
/questions/10433977/how-to-generate-an-ordered-list-of-parent-child-elements-from-multiple-lists-wi
/questions/21082396/multinomial-logistic-multilevel-models-in-r
/questions/9869694/socketstream0-3-server-side-code-confusion
/questions/18389118/how-does-binding-elementname-work-exactly
/questions/61312657/install-npm-package-from-bitbucket-without-npm-shrinkwrap-json
/questions/73678249/compare-performance-of-linear-regression-models-that-differ-by-predictors-used-u
/questions/21809051/what-data-structure-to-choose-for-an-elo-rating-system-with-20k-entries
/questions/42108324/how-to-know-the-factor-by-which-a-feature-affects-a-models-prediction
/questions/51504008/shiny-app-reactivity-issue-and-scoping-issue
/questions/25639424/umbraco-7-get-fields-from-same-property-based-on-current-page
/questions/55021068/css-position-relative-width-not-considered
/questions/8457687/concurrent-insertions-in-a-suffix-tree
/questions/63096172/how-to-automatically-execute-chunks-of-c-code-ideally-from-python
/questions/16319639/working-directory-for-google-test-in-visual-studio
/questions/11092659/configuration-of-build-xml-file-for-sonar-modules-with-ant
/questions/41061688/how-to-ask-for-to-do-something-in-the-child-component-from-the-parent-component
/questions/52520834/how-could-i-use-repo-specific-vim-undo-directories-undodir-without-revealing-m
/questions/1654355/define-animations-and-triggers-as-reusable-resource
/questions/47642635/automatic-minimum-width-for-column-0-in-tkinter-treeview
/questions/5223887/breaking-a-large-rails-app-into-smaller-apps
/questions/59887976/can-a-data-structure-have-o1-access-time-without-using-any-arrays
/questions/12093966/fixing-git-history-after-fetching-wrong-repo
/questions/74662114/how-many-queues-does-the-linux-scheduler-use
/questions/29775581/spritekit-determine-drawing-order-for-hit-test
/questions/41833179/python-graphs-finding-all-combinations-of-paths-of-certain-length-that-connect
/questions/10764760/entity-framework-4-0-when-i-try-to-save-some-changes-with-unique-constraint-i-g
/questions/17725461/ideal-classifiers-in-python-to-fit-sparse-high-dimensional-features-with-hierar
/questions/29977167/tfs-build-get-parts-of-the-source-code-using-different-labels
/questions/73842350/self-referential-structs-for-trees-in-c99
/questions/62496718/avoid-diamond-problem-in-abstract-concrete-class-hierarchies
/questions/43378353/how-does-one-create-a-symbolic-function-execution-dags-that-is-not-evaluated-imm
/questions/13929661/how-can-i-use-ioc-in-a-asp-net-webforms-component-dotnetnuke-module-without-ch
/questions/36976973/how-to-drag-an-easyui-tree-node-on-to-a-fabric-js-canvas
/questions/15152256/what-is-the-best-way-to-store-a-table-in-c
/questions/1686235/wxpython-how-should-i-organize-per-widget-data-in-the-controller
/questions/2225865/strategy-to-implement-tree-traversing-algorithm-in-parallel
/questions/42101064/fast-algorithm-needed-for-finding-tuples-from-within-one-list-inside-tuples-of-a
/questions/27168756/distance-measure-for-categorical-attributes-for-k-nearest-neighbor
/questions/69120484/how-to-dynamically-create-multiple-selectboxes-for-category-tree
/questions/64799244/how-to-use-linux-gpio-subsystem-with-pyserial-for-rs485-de-signal-rts
/questions/36502529/migrating-project-to-git-gerrit-access-control-questions
/questions/70440272/how-to-force-net-tostring-to-use-given-globalization-cultureinfo
/questions/41781382/how-to-serve-couple-containers-with-domain-names-with-docker-nginx-image
/questions/20859758/how-to-force-gettext-to-translate-a-specific-language-independently-from-curren
/questions/15473013/how-to-reuse-a-lookup-popup-component-for-multiple-inputs
/questions/21469050/gradle-splitting-up-testing-tasks-with-file-structure
/questions/44682307/using-decision-tree-regression-and-cross-validation-in-sklearn
/questions/4834451/nested-resources-how-to-avoid-redundant-routes
/questions/27154456/how-do-parent-famo-us-modifiers-influence-their-children
/questions/35965305/how-do-i-use-clojure-in-android-studio-using-graclj
/questions/55594354/pod-mounts-wrong-directory-on-node-when-a-flexvolume-with-cifs-is-configured
/questions/2831546/subforms-associated-with-tree-view-in-vb
/questions/29507216/multi-level-gradle-projects-with-relative-configuration
/questions/41294191/multiple-data-lines-for-each-person-in-my-set
/questions/49434740/how-do-i-set-the-accessible-text-for-treeview-items-when-using-hierarchicaldatat
/questions/3092694/calculating-the-probability-of-system-failure-in-a-distributed-network
/questions/6616773/netbeans-project-to-scripted-build
/questions/38516963/will-non-linear-regression-algorithms-perform-better-if-trained-with-normally-di
/questions/36200179/how-to-structure-a-more-complex-angular-2-application
/questions/49406949/parallelizing-gradle-tasks-like-gnu-makefile
/questions/42904186/combing-generator-results-and-writing-result-to-stream
/questions/25642610/umbraco-7-map-property-to-page-and-check-if-is-associated-with-current-page
/questions/28492332/using-a-wix-selection-tree-control-when-i-select-feature-1-i-want-feature-2-to
/questions/57730/best-build-process-solution-to-manage-build-versions
/questions/36862471/binding-data-in-stackpanel
/questions/57278653/is-there-a-way-to-copy-an-existing-library-but-being-able-to-modify-the-new-one
/questions/41007977/simple-algorithm-but-running-out-of-memory
/questions/39134617/how-to-access-the-graphic-node-of-a-treecell
/questions/65368413/recursively-dissect-sql-schema
/questions/71063365/beaglebone-black-how-to-activate-uart-4-or-5-to-enable-rs-485-communication
/questions/47946680/axios-interceptor-in-vue-2-js-using-vuex
/questions/61204854/compile-multiple-kernel-modules-that-share-code
/questions/65919352/in-npm-yarn-workspaces-should-packages-consume-src-or-dist
/questions/18157032/how-to-debug-cuda-kernel-fails-when-there-are-many-threads
/questions/28903864/how-to-debug-stealjs-with-ie-11-and-firefox-36
/questions/9771172/rbenv-surviving-without-gemsets
/questions/58784409/saving-jpg-in-sql-from-access-vba
/questions/67500094/inspection-of-trees-in-a-quantile-random-forest-regression-model
/questions/50286222/payumoney-ios-sdk-multiple-issues-during-uploading-app-on-apple-store-with-xcode
/questions/50286222/payumoney-ios-sdk-multiple-issues-during-uploading-app-on-apple-store-with-xcode
/questions/18281137/selenium-django-gives-foreign-key-error
/questions/46885490/ckeditor5-use-model-in-custom-data-processor
/questions/3335954/asymptotically-fast-associative-array-with-low-memory-requirements
/questions/7625492/memory-leak-when-using-json-data-on-a-map
/questions/48733598/are-any-languages-built-upon-uniquely-represented-data-structures
/questions/8479929/cmake-add-subdirectory-and-recompiling
/questions/53667980/set-mat-table-to-use-remaining-space-on-screen-with-scrollbar
/questions/69858269/nested-and-circular-module-federation-bundles
/questions/47839738/recursive-multiple-relationships
/questions/10176942/fill-visible-area-of-eclipse-rcp-editor-without-scrolling
/questions/3040841/is-it-wrong-for-a-context-right-click-menu-be-the-only-way-a-user-can-perform
/questions/34619062/chaining-tasks-with-continuation-and-run-parallel-task-afterward
/questions/41904754/recursive-cte-updating-nodes-in-sql-server
/questions/31984685/architecture-for-an-isomorphic-app-using-react-js-and-flux
/questions/71581958/how-to-close-a-slidable-from-outside-its-widget-tree
/questions/52905033/trained-gradientboostedclassifier-assigns-zero-importance-to-any-feature
/questions/39676221/how-to-quickly-determine-the-winner-of-a-simple-shedding-card-game
/questions/11167483/deriving-from-a-base-class-whose-instances-reside-in-a-fixed-format-database-m
