/questions/63487473/python-pulp-library-different-outputs-on-windows-and-linux-mac
/questions/37602841/3d-game-programming-math
/questions/6136972/concise-introduction-to-ruby-on-rails-for-experienced-developers
/questions/27632655/degenerate-in-simplex-method
/questions/49217437/linear-time-algorithm-for-maximum-contiguous-sub-array-sum
/questions/67986607/multiply-two-variables-in-an-objective-function-using-cvxr
/questions/60177936/rotate-array-list-in-linear-time-and-constant-memory
/questions/35530263/sum-divisible-by-n
/questions/73959475/coin-or-cbc-lotsize-variable-creation-and-mps-file-of-formulation
/questions/23055236/union-find-retrieve-all-members-of-a-set-efficiently
/questions/47784339/can-broadcast-be-applied-to-subarrays-slices-of-array-in-julia
/questions/75064073/mit-course-merge-sort-why-max-number-of-comparisons-made-between-two-sublist
/questions/36544882/how-to-develop-algorithm-for-this-case-other-than-brute-force
/questions/10162848/design-of-online-student-grade-result
/questions/71992459/how-to-print-out-the-contents-of-a-tuple-without-commas-or-parantheses
/questions/29432530/select-all-child-elements-after-clicking-on-optgroup
/questions/66876125/trouble-with-confluent-kafka-consumer-working-with-asyncio
/questions/23416760/layout-containers-in-objective-c-do-they-exist
/questions/74443149/3d-projection-axis-inversion-problem-java-processing
/questions/11801502/how-to-select-from-a-set-of-possible-values-in-minikanren-clojure-core-logic
/questions/68544149/why-rglpk-solve-lp-from-r-needs-additional-weighting-and-not-only-constraints
/questions/42495031/how-to-disable-second-multi-select-dropdown-if-nothing-is-selected-in-first-drop
/questions/65007694/pyomo-constraint-doesnt-change-variable-values-after-solving-the-objective
/questions/58609288/how-to-make-this-dp-run-in-onh
/questions/69880590/how-to-create-a-program-for-constraints-based-on-decision-variables-when-using-p
/questions/58241253/runtime-delay-loop-calibration
/questions/14003098/modeling-time-as-lazy-numbers
/questions/50919800/how-to-control-display-of-tkinter-toplevel-windows
/questions/61025783/add-rgba-gradient-to-rgb-image-in-opencv
/questions/15052578/lapply-slows-with-increasing-loops
/questions/40367096/container-div-not-encapsulating-content
/questions/33736842/why-isnt-my-navigation-bar-working
/questions/1741140/what-are-the-steps-i-need-to-do-to-complete-this-programming-assignment
/questions/336440/prerequisites-needed-to-read-books-on-neural-networks-and-understand-them
/questions/71729699/data-disappears-on-refresh-but-loads-when-modifying-code-in-react-web-app
/questions/16628441/which-c-libraries-should-i-use-for-a-large-parallel-computing-number-crunching
/questions/19837249/trouble-fitting-my-css-fit-all-sizes-of-computer-screens
/questions/43055612/jquery-accordion-closes-immediately-its-opened
/questions/59804019/key-not-in-dictionary-producing-keyerror-1
/questions/65530212/bootstrap-footer-still-at-the-end-of-page
/questions/67761994/mongodb-aggreation-quesiton-cannot-solve
/questions/64911069/why-cant-it-show-books-that-has-more-than-2-authors
/questions/61719488/how-to-display-react-app-in-full-page-always
/questions/70623210/horizontally-merge-and-divide-cells-in-an-html-table-for-timetable-based-on-the
/questions/65785451/the-div-class-container-height-does-not-fill-the-whole-page-even-when-html
/questions/37953825/usage-of-ask-pattern-causing-the-creation-of-default-akka-actor-default-dispatch
/questions/32795129/css3-animation-menus-current-page
/questions/47039448/using-eigenvectorxd-eigen-3-3-4-as-a-state-type-in-boostnumericodeint-b
/questions/70807885/how-to-improve-the-html-table-styling-that-is-to-be-converted-into-a-pdf-file
/questions/53219016/detecting-sections-of-a-pdf-with-pdfminer
/questions/54147508/why-doesnt-my-navbar-fully-extend-in-width-over-the-page
/questions/72118171/how-do-i-get-the-canvas-to-show-behind-my-html-so-my-animated-cursor-will-move-o
/questions/68701916/parse-html-files-in-the-directory-and-remove-specific-tags-with-beautifulsoup
/questions/63487473/python-pulp-library-different-outputs-on-windows-and-linux-mac
/questions/37602841/3d-game-programming-math
/questions/6136972/concise-introduction-to-ruby-on-rails-for-experienced-developers
/questions/27632655/degenerate-in-simplex-method
/questions/49217437/linear-time-algorithm-for-maximum-contiguous-sub-array-sum
/questions/67986607/multiply-two-variables-in-an-objective-function-using-cvxr
/questions/60177936/rotate-array-list-in-linear-time-and-constant-memory
/questions/35530263/sum-divisible-by-n
/questions/73959475/coin-or-cbc-lotsize-variable-creation-and-mps-file-of-formulation
/questions/23055236/union-find-retrieve-all-members-of-a-set-efficiently
/questions/47784339/can-broadcast-be-applied-to-subarrays-slices-of-array-in-julia
/questions/75064073/mit-course-merge-sort-why-max-number-of-comparisons-made-between-two-sublist
/questions/36544882/how-to-develop-algorithm-for-this-case-other-than-brute-force
/questions/10162848/design-of-online-student-grade-result
/questions/71992459/how-to-print-out-the-contents-of-a-tuple-without-commas-or-parantheses
/questions/29432530/select-all-child-elements-after-clicking-on-optgroup
/questions/66876125/trouble-with-confluent-kafka-consumer-working-with-asyncio
/questions/23416760/layout-containers-in-objective-c-do-they-exist
/questions/74443149/3d-projection-axis-inversion-problem-java-processing
/questions/11801502/how-to-select-from-a-set-of-possible-values-in-minikanren-clojure-core-logic
/questions/68544149/why-rglpk-solve-lp-from-r-needs-additional-weighting-and-not-only-constraints
/questions/42495031/how-to-disable-second-multi-select-dropdown-if-nothing-is-selected-in-first-drop
/questions/65007694/pyomo-constraint-doesnt-change-variable-values-after-solving-the-objective
/questions/58609288/how-to-make-this-dp-run-in-onh
/questions/69880590/how-to-create-a-program-for-constraints-based-on-decision-variables-when-using-p
/questions/58241253/runtime-delay-loop-calibration
/questions/14003098/modeling-time-as-lazy-numbers
/questions/50919800/how-to-control-display-of-tkinter-toplevel-windows
/questions/61025783/add-rgba-gradient-to-rgb-image-in-opencv
/questions/15052578/lapply-slows-with-increasing-loops
/questions/40367096/container-div-not-encapsulating-content
/questions/33736842/why-isnt-my-navigation-bar-working
/questions/1741140/what-are-the-steps-i-need-to-do-to-complete-this-programming-assignment
/questions/336440/prerequisites-needed-to-read-books-on-neural-networks-and-understand-them
/questions/71729699/data-disappears-on-refresh-but-loads-when-modifying-code-in-react-web-app
/questions/16628441/which-c-libraries-should-i-use-for-a-large-parallel-computing-number-crunching
/questions/19837249/trouble-fitting-my-css-fit-all-sizes-of-computer-screens
/questions/43055612/jquery-accordion-closes-immediately-its-opened
/questions/59804019/key-not-in-dictionary-producing-keyerror-1
/questions/65530212/bootstrap-footer-still-at-the-end-of-page
/questions/67761994/mongodb-aggreation-quesiton-cannot-solve
/questions/64911069/why-cant-it-show-books-that-has-more-than-2-authors
/questions/61719488/how-to-display-react-app-in-full-page-always
/questions/70623210/horizontally-merge-and-divide-cells-in-an-html-table-for-timetable-based-on-the
/questions/65785451/the-div-class-container-height-does-not-fill-the-whole-page-even-when-html
/questions/37953825/usage-of-ask-pattern-causing-the-creation-of-default-akka-actor-default-dispatch
/questions/32795129/css3-animation-menus-current-page
/questions/47039448/using-eigenvectorxd-eigen-3-3-4-as-a-state-type-in-boostnumericodeint-b
/questions/70807885/how-to-improve-the-html-table-styling-that-is-to-be-converted-into-a-pdf-file
/questions/53219016/detecting-sections-of-a-pdf-with-pdfminer
/questions/54147508/why-doesnt-my-navbar-fully-extend-in-width-over-the-page
/questions/72118171/how-do-i-get-the-canvas-to-show-behind-my-html-so-my-animated-cursor-will-move-o
/questions/68701916/parse-html-files-in-the-directory-and-remove-specific-tags-with-beautifulsoup
