/questions/3907545/how-to-understand-the-knapsack-problem-is-np-complete
/questions/1827600/multiple-constraint-knapsack-problem
/questions/2889205/large-test-data-for-knapsack-problem
/questions/54665847/knapsack-problem-with-dependent-selection
/questions/4353049/knapsack-problem-with-all-profits-equal-to-1
/questions/56168715/reducing-knapsack-problem-to-an-inverse-knapsack-problem
/questions/11600524/why-solving-knapsack-problem-is-not-considered-as-linear-programming
/questions/60127444/is-this-an-instance-of-the-knapsack-problem
/questions/4538581/why-is-the-knapsack-problem-pseudo-polynomial
/questions/54494704/variation-of-knapsack-problem-adding-low-bounder
/questions/5683066/knapsack-problem-classic
/questions/55449528/python-program-give-errorfraction-knapsack-problem
/questions/44064462/knapsack-problem-modified-to-unlimited-elements
/questions/74015853/c-adding-names-of-items-in-knapsack-problem
/questions/7346223/variant-of-knapsack-problem
/questions/62432616/knapsack-problem-in-f-with-recursive-function
/questions/75925452/theoretical-basis-of-the-knapsack-problem
/questions/4305642/jacop-solving-an-0-1-knapsack-problem
/questions/65156050/how-do-i-get-the-name-of-items-in-knapsack-in-knapsack-problem
/questions/68807590/adding-a-minimum-number-of-items-to-the-knapsack-problem
/questions/73885794/solving-the-knapsack-problem-with-special-constraint
/questions/61247273/a-programming-problem-similar-to-the-knapsack-problem
/questions/52672806/solving-knapsack-problem-using-a-greedy-python-algorithm
/questions/61747933/user-defined-input-for-0-1-knapsack-problem
/questions/54657222/is-this-a-correct-way-of-solving-knapsack-problem
/questions/70521628/knapsack-problem-with-number-of-item-constraints
/questions/76545626/unbounded-knapsack-problem-with-extra-reward-for-certain-combinations
/questions/62908345/improvisations-in-the-0-1-knapsack-problem
/questions/56460293/recurrence-relation-for-a-variant-of-knapsack-problem
/questions/58154587/knapsack-problem-replaces-all-items-with-value
/questions/72576427/difference-in-outputs-of-classical-knapsack-problem
/questions/8553180/how-to-trace-knapsack-problem-using-greedy-algorithm
/questions/7684018/forming-dynamic-programming-algorithm-for-a-variation-of-knapsack-problem
/questions/53919757/counter-examples-for-0-1-knapsack-problem-with-two-knapsacks
/questions/38713294/how-to-parallel-knapsack-problems
/questions/29183144/value-independent-knapsack-problems-using-dynamic-programming
/questions/62200415/solving-fractional-knapsack-problem-with-dynamic-programming
/questions/52694514/how-to-implement-knapsack-problem-with-recursion-in-java
/questions/69504766/confusing-output-for-0-1-knapsack-problem
/questions/62578905/solving-knapsack-0-1-problem-using-substitution-method
/questions/62630622/maximum-value-of-the-loot-knapsack-problem
/questions/52585252/the-knapsack-problem-visual-studio-issues
/questions/72310519/knapsack-problem-with-dynamic-programming-for-investment-portfolio-and-traceback
/questions/55426858/knapsack-problem-on-java-output-always-objective-function
/questions/53889182/what-is-the-link-between-table-in-knapsack-problem-and-dynamic-programming
/questions/55615310/unexpected-result-from-knapsack-problem-recursive-function
/questions/53889182/what-is-the-link-between-table-in-knapsack-problem-and-dynamic-programming
/questions/67141475/knapsack-problem-with-dp-getting-my-answer-wrong
/questions/55437217/pseudo-code-algorithm-for-knapsack-problem-with-two-constrains
/questions/5451873/knapsack-problem-with-specified-number-of-weights-can-be-used
/questions/65159626/knapsack-problem-how-to-get-the-remaining-capacity
/questions/6342152/knapsacks-problem-1-0-dynamic
/questions/63202595/why-this-knapsack-problems-solution-is-not-working
/questions/59759164/knapsack-problemoptimized-doesnt-work-correctly
/questions/67221749/knapsack-problem-why-do-i-need-a-2-dimensional-dp-matrix
/questions/56179627/can-this-problem-be-solved-using-knapsack-problem-solving-approach-varying-size
/questions/59014861/0-1-knapsack-problem-simplified-in-python
/questions/72075299/the-algorithm-for-the-knapsack-problem-does-not-pass-all-tests
/questions/55694896/time-complexity-of-a-bounded-knapsack-problem
/questions/52486793/knapsack-problem-with-items-weight-depending-on-items-selected
/questions/61163555/the-best-and-the-worst-case-scenarios-for-the-knapsack-problem
/questions/53339606/knapsack-problem-find-which-items-are-taken
/questions/782453/possible-combination-of-knapsack-problem-and
/questions/59411659/i-get-different-value-in-recursion-for-knapsack-problem
/questions/62013623/create-constraint-for-minimum-number-of-objects-selected-in-knapsack-problem
/questions/70202840/function-for-solving-0-1-knapsack-problem-using-brute-force-recursive-solution
/questions/68970602/multiple-optimal-solutions-for-0-1-knapsack-problem
/questions/3181888/vb-net-genetic-algotithm-knapsack-problem
/questions/64279220/ordered-knapsack-problem-correctness-proof
/questions/75389630/why-does-the-knapsack-problem-dp-using-tabular-method-discretize-the-capacity
/questions/71160160/0-1-knapsack-problem-need-solution-for-float-double-values
/questions/62832926/not-getting-desired-output-for-knapsack-problem-using-greedy-algorithm
/questions/55816310/is-it-better-to-use-genetic-algorithm-to-solve-the-0-1-knapsack-problem
/questions/71618842/what-temporal-formula-to-use-for-knapsack-problem
/questions/60545839/algorithm-analysis-for-knapsack-problem-vs-sorting-algorithm
/questions/75313543/solving-0-1-knapsack-problem-using-memoization
/questions/69353707/knapsack-problem-with-a-total-item-limit-in-python
/questions/74670501/what-is-the-difference-between-multidimensional-knapsack-problem-and-0-1-multidi
/questions/54741201/knapsack-problem-sorting-the-array-based-on-profit-per-unit-weight
/questions/56810563/how-to-solve-a-knapsack-problem-in-clpb
/questions/62012037/gensa-and-sa-giving-nonsense-output-for-knapsack-problem
/questions/54556457/is-there-an-algorithm-that-can-solve-this-variation-of-the-knapsack-problem
/questions/67772859/what-it-means-that-we-can-verify-solution-of-knapsack-problem-in-polynomial-time
/questions/55695606/knapsack-problem-with-values-per-item-and-limited-items
/questions/52107912/haskell-using-vector-in-a-knapsack-problem-optimization
/questions/69189758/0-1-knapsack-problem-using-dynamic-programming-top-down-approach
/questions/53597072/dynamic-programming-solution-for-knapsack-problem-with-a-constraint
/questions/52416902/try-to-fit-tasks-to-machines-is-this-a-knapsack-problem
/questions/56280043/multiple-knapsack-problem-with-equal-profit-and-different-weight
/questions/74271669/0-1-knapsack-problem-with-bound-in-the-number-of-items
/questions/76461299/unbounded-knapsack-problem-with-minimum-value-and-minimal-cost
/questions/52416902/try-to-fit-tasks-to-machines-is-this-a-knapsack-problem
/questions/76414329/problem-with-implementation-of-the-knapsack-problem-using-deap-library-in-python
/questions/65257859/continuous-resource-allocation-knapsack-problem
/questions/66290698/how-to-get-the-number-of-items-used-in-an-unbounded-knapsack-problem
/questions/69041276/why-in-0-1-knapsack-problem-we-use-int-min-and-why-the-0-is-not-working
/questions/74685446/i-got-wrong-output-for-0-1-knapsack-problem-in-python-using-backtracking
/questions/54506510/if-we-can-prove-that-knapsack-problem-with-limited-capacity-are-solved-in-a-poly
/questions/48552724/fast-knapsack-solver-for-big-problems
/questions/74577509/in-knapsack-problem-how-do-i-know-which-items-are-taken
/questions/64705107/unbounded-knapsack-problem-max-value-per-weight-approach
/questions/69004558/algorithm-about-unbound-knapsack-problem-with-possible-negative-weights
/questions/67491727/how-to-solve-this-variant-of-the-knapsack-problem
/questions/66858162/how-can-i-solve-a-knapsack-problem-with-cplex
/questions/71944493/knapsack-problem-optimal-fair-division-of-items-in-limited-quantity-between-kn
/questions/54039550/twisted-knapsack-problemunbounded-with-fibonacci-constraint
/questions/72206412/calculating-fitness-in-knapsack-problem-in-jenetics
/questions/56341794/non-existence-of-approximation-algorithm-for-the-knapsack-problem
/questions/56720979/how-to-know-which-item-was-selected-in-the-knapsack-problemdp-implementation
/questions/55499134/how-do-i-solve-a-knapsack-problem-with-minimizing-value
/questions/71539662/to-which-knapsack-problem-variation-does-this-problem-correspond
/questions/67033900/why-is-cvxpy-solver-glpk-mi-so-slow-on-this-knapsack-problem
/questions/53978348/knapsack-problem-with-multiple-availabe-packages-using-dynamic-programming
/questions/65369685/bounded-knapsack-problem-in-time-onw-and-space-ow
/questions/72230636/python-knapsack-problem-using-the-average-value-of-the-selected-items-as-a-con
/questions/63045448/unbounded-knapsack-and-classical-knapsack-comparison
/questions/73661322/how-to-improve-the-running-time-for-knapsack-problem-from-onm-to-on
/questions/2392284/algorithm-design-can-you-provide-a-solution-to-the-multiple-knapsack-problem
/questions/62224086/how-to-display-all-included-numbers-in-knapsack-problem
/questions/62705552/i-am-trying-to-solve-0-1-knapsack-problem-but-i-am-getting-output-as-many-zeroe
/questions/64505365/knapsack-problem-variation-with-almost-no-constraints
/questions/7298035/c-sharp-0-1-knapsack-problem-with-known-sum-and-number-of-zeros-in-set
/questions/72266517/how-to-add-termination-condition-to-knapsack-problem-and-how-to-show-the-graph
/questions/67062468/how-to-derive-max-amount-of-items-from-dp-table-of-knapsack-problem
/questions/60905297/what-is-wrong-with-this-implementation-of-the-knapsack-problem
/questions/66772957/how-do-i-solve-0-1-knapsack-problem-with-big-weights-given
/questions/54230591/binpacking-knapsack-optimisation-problem-design
/questions/76119337/do-dynamic-programming-and-branch-and-bound-give-same-result-when-solving-0-1-kn
/questions/56639862/how-can-i-solve-knapsack-problems-with-3-variables
/questions/74602059/how-to-solve-a-knapsack-problem-with-extra-constraints-or-alternative-algorith
/questions/66079709/python-knapsack-problem-with-fixed-number-of-elements
/questions/73534379/is-the-runtime-complexity-of-the-unbounded-knapsack-problem-really-on%c3%97w
/questions/54818093/how-to-find-the-items-in-the-optimal-solution-of-the-knapsack-problem-using-dyna
/questions/59242370/how-do-we-solve-a-variant-of-the-knapsack-problem-in-which-the-capacity-of-the-k
/questions/61702708/please-help-me-in-solving-fractional-knapsack-problem-maximum-value-of-the-loot
/questions/58580265/why-is-the-runtime-of-knapsack-problem-in-terms-of-n-and-2-number-of-bits-of-w
/questions/35967159/continuous-knapsack-vs-0-1-knapsack
/questions/72195640/list-index-out-of-range-for-knapsack-problem-without-repetition
/questions/28065398/getting-problems-in-my-knapsack-implementationparty
/questions/75284894/can-i-add-variables-to-a-2d-knapsack-problem-that-can-take-multiple-values
/questions/67805191/modified-knapsack-problem-gets-stuck-in-infinite-loop
/questions/3885570/bin-packing-or-knapsack-problem
/questions/38587503/python-implementation-of-multiple-choice-knapsack
/questions/70354893/knapsack-problem-variant-maximizing-weight-and-value-up-to-limit
/questions/74364912/binary-knapsack-problem-modification-with-dynamically-changing-value-based-on-th
/questions/74174950/knapsack-problem-using-brute-force-method-in-python
/questions/74273484/how-to-solve-multiple-knapsacks-problem-with-genetic-algorithm-using-pygad
/questions/63522878/a-variation-of-the-knapsack-problem-where-some-items-must-be-included-but-dont
/questions/53005247/knapsack-problem-recursive-solution-explanation
/questions/61642912/using-dynamic-programming-to-solve-a-version-of-the-knapsack-problem
/questions/61642912/using-dynamic-programming-to-solve-a-version-of-the-knapsack-problem
/questions/75044524/docplex-maximize-problem-with-multiple-knapsack-problem
/questions/31009129/knapsack-with-one-additional-constraint
/questions/7854691/how-do-i-make-my-procedural-knapsack-problem-brute-forcer-into-an-object-oriente
/questions/50393489/knapsack-c-sharp-implementation-task
/questions/19647658/what-is-pseudopolynomial-time-how-does-it-differ-from-polynomial-time
/questions/68105633/how-to-use-memorization-in-recursion-to-solve-0-1-knapsack-problem-without-runti
/questions/6788245/resource-distribution-w-r-t-individual-capacity-is-it-a-knapsack-problem
/questions/40281990/recursive-bounded-knapsack-algorithm
/questions/69878657/implement-0-1-knapsack-problem-in-python-using-backtracking
/questions/71080589/genetic-algorithm-on-modified-knapsack-problem
/questions/74561765/how-to-solve-the-knapsack-problem-when-more-than-two-properties-of-the-item-are
/questions/74868174/how-can-i-run-a-formula-on-multidimensional-knapsack-problem
/questions/64951991/algorithm-for-heavily-restricted-knapsack-problem
/questions/46086131/maximum-recursion-depth-exceeded-in-the-knapsack-problem-despite-increasing-recu
/questions/66578874/a-simplified-0-1-knapsack-problem-with-multiple-items-allowed-in-python
/questions/35300623/constrained-knapsack-without-weight
/questions/54622986/how-to-add-constraints-to-linear-programming-of-the-knapsack-problem-in-r
/questions/32128090/knapsack-variant-in-javascript
/questions/38868205/0-1-knapsack-with-dependent-item-weight
/questions/61340780/indexerror-list-index-out-of-range-on-a-knapsack-problem
/questions/15367548/greedy-algorithm-for-0-1-knapsack
/questions/40701436/knapsack-solution-using-recursion
/questions/70004999/algorithmic-problem-enhanced-knapsack
/questions/39026436/how-does-dp-helps-if-there-are-no-overlapping-in-sub-problems-0-1-knapsack
/questions/76502953/searching-algorithm-product-knapsack-problem-with-goal-to-find-lowest-product-a
/questions/57438732/understanding-the-knapsack-problem-o2n-where-tn
/questions/56482569/knapsack-variant-problem-with-topn-solutions-of-fixed-size
/questions/65348929/dynamic-programming-of-a-knapsack-like-problem
/questions/68508444/problem-solving-question-knapsack-variation-with-two-variables-and-different-to
/questions/63121724/determine-set-of-items-upto-max-n-which-give-the-smallest-total-value-and-whose
/questions/60329505/knapsack-problem-with-a-fixed-choice-required
/questions/43662782/maximum-and-mincost-knapsack
/questions/13558823/fractional-knapsack-yields-a-solution-that-is-less-than-1-of-optimal-for-the
/questions/29133429/multiple-knapsack-weight-profit
/questions/19267969/collapsing-knapsack-the-capacity-change-is-based-on-the-selected-items-instead
/questions/71291203/using-iterative-deepening-dfs-for-knapsack-similar-problem
/questions/70349568/problems-with-a-branch-and-bound-knapsack-algorithm
/questions/63560631/how-knapsack-problem-will-fit-these-weights-in-a-theif-bag-as-given-below
/questions/71187391/what-is-wrong-in-this-knapsack-problem-solution
/questions/65439695/how-to-understand-leetcode-494-target-sum-knapsack-problem-fastest-python-co
/questions/44314738/recursive-0-1-knapsack
/questions/50221844/recursive-solution-of-unbounded-knapsack-using-logic-of-0-1-knapsack
/questions/66153299/set-min-and-max-constraints-on-the-number-of-items-in-the-knapsack-problem
/questions/52516881/why-am-i-getting-unknown-signal-11-with-this-knapsack-problem-solver
/questions/76380576/0-1-knapsack-problem-with-dynamic-programming
/questions/36982001/knapsack-for-table
/questions/67411454/wrong-answer-with-user-input-correct-answer-when-input-entered-manually-in-code
/questions/58724841/knapsack-problem-with-repeating-components-for-lowest-value-to-fill-or-slightl
/questions/10667017/knapsack-algorithm-with-a-o2nn
/questions/5084817/parabolic-knapsack
/questions/59151074/how-to-print-element-selected-in-0-1-knapsack-problem-using-recurssion
/questions/68573965/recursive-cte-in-postgresql-for-knapsack-problem
/questions/42423177/knapsack-unable-to-understand-a-section-while-programming
/questions/22423507/solving-knapsack-using-dyanamic-programming
/questions/30857389/how-to-optimize-solution-to-the-0-1-knapsack
/questions/13481516/0-1-knapsack-with-additional-restriction-colored-items
/questions/33447100/unbounded-knapsack-to-minimize-the-total-value
/questions/45995949/how-to-get-the-list-of-selected-items-in-0-1-knapsack
/questions/24255082/knapsack-solution-with-backtraking-in-c
/questions/60809470/knapsack-problem-or-permutation-how-to-solve-my-problem
/questions/61582957/trying-to-find-the-optimal-subset-for-the-greedy-knapsack-problempython
/questions/38582366/knapsack-with-mutually-exclusive-items
/questions/70189820/dp-two-knapsack-problem-uva-feary-loading
/questions/39604851/can-powerset-be-reduced-and-transformed-to-knapsack
/questions/30324815/0-1-knapsack-return-weight-and-maximum-value-in-c
/questions/14420211/0-1-multidimensional-knapsack
/questions/47608725/knapsack-but-exact-weight
/questions/58048365/trying-to-get-knapsack-problem-to-work-without-multidimensional-arrays
/questions/41463649/bounded-knapsack-formulation
/questions/22478789/0-1-knapsack-with-weight-equal-to-capacity-rather-than-smaller-or-equal
/questions/46774449/knapsack-0-1-in-r
/questions/8125309/0-1-knapsack-algorithm
/questions/42867179/knapsack-with-an-amount-limitation
/questions/66651494/can-we-use-knapsack-recursion-for-leetcode-combination-sum-4
/questions/36488412/seeking-maximum-capacity-utilization-for-0-1-multidimensional-knapsack
/questions/41119863/solving-knapsack-with-fractional-knapsack-approach
/questions/3466560/bounded-knapsack-problem-set-up-want-a-list-of-all-possible-packings
/questions/57640251/real-weights-knapsack-in-polynomialtime
/questions/31528152/reduce-0-1-knapsack-prob-to-a-sat-prob
/questions/26014407/knapsack-variant-ideas
/questions/72388630/can-we-solve-fractional-knapsack-problem-by-dp
/questions/58444038/algorithm-design-can-you-provide-a-solution-to-the-knapsack-problem-where-there
/questions/46433839/with-restrictions-can-the-knapsack-puzzle-be-solved-with-a-greedy-algorithm
/questions/21144906/whats-the-best-non-dp-algo-for-knapsack
/questions/28653053/im-trying-to-solve-the-knapsack-problem-using-java-and-recursion
/questions/74503207/knapsack-with-specific-amount-of-items-from-different-groups
/questions/58553229/questions-about-knapsack
/questions/46897633/dynamic-programming-of-a-knapsack-with-additional-constraints
/questions/66315644/need-help-on-0-1-knapsack-problem-in-c-with-highest-value-solution-but-least
/questions/37075885/modeling-knapsack-with-petri-net
/questions/65613099/knapsack-problem-in-r-how-to-use-loop-in-r-to-check-for-each-item-instead-of-wh
/questions/33422784/multiple-set-knapsack-variation
/questions/11498035/c-implementation-of-knapsack-branch-and-bound
/questions/26881136/adding-quantity-per-item-constraint-to-knapsack-algorithm
/questions/19389931/knapsack-constraint-python
/questions/61811172/i-made-a-code-for-knapsack-problem-but-the-system-wont-tell-me-whats-wrong-in-my
/questions/65189570/bin-packing-knapsack-perfect-sum-problem-with-target-item-quantities
/questions/32432907/knapsack-formula-using-only-weights-as-the-recursion-variable
/questions/36704497/branch-bound-knapsack-algorithm
/questions/67656707/problem-for-returning-the-maximum-value-of-knapsack
/questions/25354431/minimization-of-the-unbounded-knapsack-with-dynamic-programming
/questions/23849179/final-weight-in-0-1-knapsack
/questions/64656300/01-knapsack-problem-with-the-limit-of-m-items
/questions/76301807/comparison-of-bfs-and-dfs-algorithm-for-the-knapsack-problem
/questions/47740833/knapsack-with-multiple-contstraits
/questions/70522065/optimization-problem-with-multiple-knapsack-does-not-work-correctly
/questions/52154866/knapsack-optimization-with-dynamic-variables
/questions/65288099/multi-knapsack-problem-with-aggregate-objective-function-objective-with-a-soft-l
/questions/62560074/use-q-learning-method-to-solve-knapsack-problem
/questions/17445855/solving-knapsack-prob-in-f-performance
/questions/27745317/multiple-item-bounded-knapsack-algorithm
/questions/67702637/issue-in-understanding-multiple-knapsack-problem-ibm-cplex
/questions/35720729/drools-knapsack-optaplanner
/questions/64653237/how-can-i-create-a-greedy-algorithm-for-this-balls-and-boxes-knapsack-like-pro
/questions/29267553/cases-where-the-greedy-algorithm-fails-the-0-1-knapsack-problem
/questions/40559664/knapsack-python-function
/questions/74226197/is-it-possible-to-run-a-knapsack-0-1-problem-in-python-with-product-couples
/questions/37423361/incrementally-computing-knapsack
/questions/11249448/is-the-0-1-knapsack-that-each-item-has-the-same-weight-np-complete
/questions/29267553/cases-where-the-greedy-algorithm-fails-the-0-1-knapsack-problem
/questions/31139829/knapsack-with-unique-elements
/questions/11887892/balanced-partition-vs-knapsack-1-0-complexity
/questions/36633559/solving-knapsack-fractional-optimization
/questions/7774769/how-do-i-solve-the-classic-knapsack-algorithm-recursively
/questions/72672154/what-is-wrong-with-my-implementation-of-the-knapsack-problem
/questions/71536011/why-does-0-1-knapsack-problem-need-a-2-d-array-to-memoize-whereas-house-robber-p
/questions/16121703/is-the-variation-of-knapsack-np-complete
/questions/64013893/0-1-knapsack-problem-python-why-are-we-returning-the-max-value
/questions/49104351/0-1-knapsack-dynamic-programming-solution-does-not-work
/questions/69542783/minizinc-discrete-knapsack-problem-%d0%90n-incomprehensible-solution
/questions/47541929/knapsack-using-dynamic-programming
/questions/65275524/can-we-convert-a-knapsack-problem-to-logarithmic-time
/questions/10166372/python-dynamic-knapsack
/questions/76644203/this-is-a-solution-to-the-simplest-knapsack-problem-but-the-result-weight-always
/questions/18077011/integer-knapsack-and-independent-set-graph-theory-related
/questions/44643042/multiple-knapsack-using-dynamic-programming
/questions/65547894/why-is-0-1-knapsack-not-part-of-greedy-algorithm-but-fractional-knapsack-is
/questions/53485201/knapsack-problem-data-storage-from-table-in-a-file-c
/questions/65566843/fractional-knapsack-algorithm-segmentation-fault
/questions/15999712/any-pseudo-polynomial-algorithm-for-bounded-0-1-multi-knapsack
/questions/26445874/knapsack-0-1-with-fixed-quanitity
/questions/37905635/item-allocation-in-a-knapsack-with-choco-solver
/questions/15501558/knapsack-prob-but-allow-over-filling
/questions/65980225/keep-track-of-items-in-dynamic-programmingsimilar-to-knapsack-problem
/questions/56243352/knapsack-problem-brute-force-algorithm-huge-time-complexity
/questions/22424362/knapsack-using-dyanmic-programming-fails-to-give-correct-answer
/questions/11036689/solving-the-integer-knapsack
/questions/62381779/knapsack-i-o-classic-problem-to-get-least-valuable-items
/questions/38978311/dual-knapsack-algorithm
/questions/40010111/the-knapsack-max-profit
/questions/54728002/brute-force-algorithm-for-multidimensional-knapsack
/questions/20973126/0-1-knapsack-heap-space
/questions/22598225/knapsack-algorithm-dynamic-programming-incorrect-output-here-is-what-i-have-s
/questions/7682800/multiple-choice-knapsack
/questions/29136342/algorithm-for-the-0-1-knapsack-with-2-sacks
/questions/32081466/knapsack-with-different-profits-and-weights
/questions/53458816/how-to-know-what-items-are-taken-in-2-knapsack-problem
/questions/38581125/fractional-knapsack-java-implementation
/questions/40639433/knapsack-with-specific-item-requirements
/questions/46917184/0-1-knapsack-with-1-constraint-can-only-have-even-number-of-items-in-knapsack
/questions/40412642/genetic-algorithm-crossover-for-0-1-knapsack
/questions/32853491/optimal-mlb-lineup-using-knapsack-variant
/questions/9559674/dp-algorithm-for-bounded-knapsack
/questions/72656300/0-1-knapsack-tle
/questions/21952615/can-0-1-knapsack-be-implemented-using-1d-array
/questions/59051397/knapsack-beginner-python
/questions/52776249/knapsack-dynamic-in-r
/questions/54177212/is-my-javascript-implementation-of-a-dp-solution-to-knapsack-properly-utilizing
/questions/22711148/modified-knapsack-algorithm
/questions/34021573/how-do-i-use-dynamic-programming-to-solve-knapsack
/questions/57010094/jenetics-constraint-seems-to-have-no-effect
/questions/67482907/knapsack-bin-packing-problem-with-a-twist
/questions/40668936/arrayindexoutofboundsexception-in-knapsack-scala
/questions/33049855/how-to-code-a-dynamic-solution-for-the-0-1-knapsack-with-a-specific-number-of-ea
/questions/20342386/printing-out-result-in-0-1-knapsack-recursive-brute-force
/questions/20151082/whats-wrong-with-the-following-implementation-of-the-knapsack-stuffing-algorith
/questions/33470170/whats-the-time-complexity-of-branch-and-bound-approach-to-knapsack
/questions/57000755/how-to-find-optimum-combination-for-cutting-stock-problem-using-knapsack
/questions/36734351/c-knapsack-algorithm-implementation
/questions/30074037/knapsack-recursive-solution-with-the-part-sets
/questions/45903157/understanding-knapsack-solution-in-c
/questions/41390391/knapsack-one-constraint-each-item-can-only-be-selected-once-with-a-large-numb
/questions/57743899/print-the-values-of-knapsack
/questions/61704098/0-1-knapsack-with-minimum-cost
/questions/62981030/multi-dimensional-cost-0-1-knapsack-problem-with-two-backpack-sizes
/questions/38490031/how-can-i-improve-this-algorithm-for-a-variation-of-the-unbounded-knapsack-in-ru
/questions/39808872/my-knapsack-code-is-giving-wrong-output
/questions/67703615/knapsack-dynamic-programming-python
/questions/3541619/algorithm-that-is-a-combination-of-the-continuous-knapsack-problem-and-the-varia
/questions/19774594/recursive-knapsack-java-errors
/questions/8227292/depth-first-knapsack-using-stack-and-no-recursion
/questions/23305119/recursive-dynamic-programming-knapsack-solution-in-java
/questions/35469525/dynamic-programming-knapsack-k-exact-items
/questions/62430965/how-to-find-max-average-and-lowest-value-in-knapsack-problem
/questions/62430965/how-to-find-max-average-and-lowest-value-in-knapsack-problem
/questions/61929535/knapsack-problem-returning-a-list-of-values-instead-of-total-value
/questions/49715583/get-the-element-of-a-list-in-knapsack-0-1
/questions/12935861/knapsack-lowest-priority-minimum-weight
/questions/27622761/whats-wrong-with-my-dp-solution-for-0-1-knapsack
/questions/29286742/how-to-find-best-element-in-bag-in-knapsack
/questions/38097922/greedy-algorithm-for-knapsack-in-java
/questions/48366277/fractional-knapsack-why-value-weight
/questions/53341316/multi-objective-problem-with-non-primitive-types-in-jenetics
/questions/59467042/finding-the-best-knapsack-solver
/questions/64372202/optimizing-1-0-knapsack-problem-to-maximize-weight-instead-of-value
/questions/34980658/knapsack-algorithm-restricted-to-n-element-solution
/questions/27284236/my-knapsack-algorithm-keeps-running-without-returning-an-answer
/questions/15476499/variation-on-knapsack-minimum-total-cost-with-exact-weight
/questions/14786941/optimal-way-of-filling-2-knapsacks
/questions/14786941/optimal-way-of-filling-2-knapsacks
/questions/22373663/1-0-knapsack-how-to-make-it-parallel-with-priority-queue
/questions/14826166/modifed-version-of-the-knapsack
/questions/55193756/select-the-same-item-several-times-in-the-knapsack-problem-pulp
/questions/7964024/knapsack-0-1-algorithm-unlimited-resources
/questions/28520931/multiple-knapsack-variations
/questions/25557911/modified-dynamic-knapsack-problematic-input
/questions/66936358/indexerror-list-index-out-of-range-0-1-knapsack-problem
/questions/32328882/knapsack-algorithm-how-to-get-better-performance
/questions/2963392/0-1-knapsack-with-irrational-weights
/questions/7949705/variation-on-knapsack-minimum-total-value-exceeding-w
/questions/13713641/dynamic-programming-modified-knapsack
/questions/64845267/how-does-0-1-knapsack-have-mathmatically-exponential-time-complexty
/questions/20933871/library-for-solving-knapsack-prblminteger-programming
/questions/40671733/fractional-knapsack
/questions/2963392/0-1-knapsack-with-irrational-weights
/questions/20933871/library-for-solving-knapsack-prblminteger-programming
/questions/22486683/knapsack-branch-bound-weird-compiling-errors
/questions/49722653/java-knapsack-nullpointerexception
/questions/42127552/high-performance-knapsack-variant
/questions/58733515/knapsack-problem-selecting-best-possible-combination-of-items-from-5-sets-incl
/questions/10113849/variation-on-knapsack-algorithm
/questions/24568235/modified-knapsack-runtime-error
/questions/75312974/list-index-out-of-range-fractional-knapsack
/questions/29822921/knapsack-algorithm-in-java-without-recursion-and-without-value
/questions/23197212/knapsack-algorithm-application
/questions/40447101/python-fractional-knapsack
/questions/31344609/how-can-i-implement-the-knapsack-algorithm-where-the-index-of-the-array-represen
/questions/67083141/how-to-get-the-list-of-selected-items-in-naive-0-1-knapsack
/questions/24234442/time-complexity-for-knapsack-dynamic-programming-solution
/questions/31344609/how-can-i-implement-the-knapsack-algorithm-where-the-index-of-the-array-represen
/questions/67083141/how-to-get-the-list-of-selected-items-in-naive-0-1-knapsack
/questions/48135751/knapsack-algorithm-code
/questions/31295541/why-capacity-1-in-integer-knapsack
/questions/45977151/knapsack-with-limit-on-total-items-used
/questions/75576944/solving-knapsack-problem-for-large-dataset-using-pulp-library-in-python
/questions/19416624/python-knapsack-with-constraint-by-type
/questions/27993891/recursive-solution-for-knapsack-in-java
/questions/44148051/why-swap-the-item-order-of-the-knapsack-lead-to-the-same-solution
/questions/14443654/streaming-knapsack-in-java
/questions/50799742/algo-for-payment-device-amount-suggestion-for-cash-payment
/questions/65101685/is-there-a-way-to-print-the-contents-added-to-a-knapsack-for-this-0-1-greedy-alg
/questions/27928153/1-0-knapsack-variation-with-weighted-edges
/questions/11685325/how-to-apply-knapsack-method-in-this-algorithmic-puzzle
/questions/49554996/knapsack-algorithm-with-special-objects
/questions/70595919/minimization-of-the-knapsack-01-using-dynamic-programming
/questions/40371630/program-aborts-when-it-runs-0-1-knapsack
/questions/31178065/knapsack-algorithm-strange-behavior-with-pown-on-the-gpu
/questions/47611674/knapsack-with-2-constraits
/questions/34193599/fractional-knapsack-using-javascript
/questions/43470649/isnt-this-a-correct-but-very-efficient-and-simple-way-of-solving-the-0-1-knapsa
/questions/30007102/number-of-all-combinations-in-knapsack-task
/questions/71452443/a-problem-that-may-be-dynamic-programming
/questions/53714688/knapsack-algorithm-weird-behavior-python3
/questions/17772825/knapsack-in-pulp-adding-constraints-on-number-of-items-selected
/questions/45573685/given-an-elevator-with-max-weight-and-n-people-with-x-i-weights-find-out-minimu
/questions/13404173/whats-the-fastest-way-to-solve-knapsack-prob-with-two-properties
/questions/47853772/knapsack-with-dynamic-programming-complexity-doesnt-match-with-the-real-result
/questions/22310474/python-knapsack-branch-and-bound
/questions/35766640/knapsack-with-google-or-tools-c
/questions/47853772/knapsack-with-dynamic-programming-complexity-doesnt-match-with-the-real-result
/questions/13516974/multi-dimensional-knapsack-with-multiple-constraints
/questions/60671357/stack-overflow-for-fractional-knapsack
/questions/24295835/bin-packing-or-knapsack
/questions/65523729/is-a-greedy-problem-a-recursive-algorithm-without-overlapping-sub-problems
/questions/40626731/backtracking-for-knapsack
/questions/26097853/01-knapsack-using-single-dimension-array-for-storing-intermediate-solutions
/questions/28666088/specific-knapsack-like
/questions/49016963/find-path-to-optimal-solution-unboundeed-knapsack
/questions/36834028/reconstructing-the-list-of-items-from-a-space-optimized-0-1-knapsack-implementat
/questions/17414764/maximizing-knapsack-with-additional-constraints
/questions/68198279/code-is-showing-showing-wrong-output-in-fractional-knapsack-problem-even-when
/questions/14012868/scaling-a-knapsack-like-quandry-with-dynamic-programming
/questions/46052788/multi-capacities-knapsack-in-cplex
/questions/57841272/printing-knapsack-items-repetition-of-items-allowed
/questions/33564292/memory-function-knapsack
/questions/63303533/adding-a-cache-array-to-recursive-knapsack-solution
/questions/30680392/dp-for-0-1-knapsack-with-two-factors-to-optimize-upon-link-http-www-spoj-co
/questions/70912950/using-knapsack-approach-without-value
/questions/32392141/solving-coin-change-using-knapsack-reference-another-knapsack-hackerrank-cod
/questions/10984326/minimizaton-of-0-1-knapsack-with-additional-constraint
/questions/63112083/i-am-unable-to-solve-the-fractional-knapsack-problem-using-greedy-algorithm-in-p
/questions/29733993/find-items-in-knapsack-bag
/questions/9248649/haskell-knapsack
/questions/50754620/how-to-solve-0-1-knapsack-by-greedy-algorithm-and-only-focus-on-benefit
/questions/65260866/knapsack-with-min-weight
/questions/45838571/a-variant-of-the-2d-knapsack-or-square-packing
/questions/11726229/haskell-list-of-list-of-different-types-retriving-values-frac-knapsack-prob
/questions/25294922/multidimensional-knapsack-coding-in-objective-c
/questions/51941993/0-1-knapsack-find-solution-set-in-space-optimised-implementation
/questions/23114527/knapsack-algorithm-large-capacity
/questions/70279996/0-1-knapsack-dynamic-programming-with-two-constraints
/questions/44839745/knapsack-with-variety-of-items
/questions/27274896/comparison-between-two-algorithms-solving-fractional-knapsack
/questions/68048326/how-can-i-solve-a-0-1-multiconstraint-dimensional-knapsack-problem
/questions/70512993/python-3-indexerror-list-index-out-of-range-while-doing-knapsack-problem
/questions/29770979/what-is-wrong-with-the-function-parameter
/questions/9436582/why-0-1-knapsack-using-dynamic-programming-is-not-polynomial-time-algorithm
/questions/15728112/solving-a-knapsack-prob-with-min-value-constraints-on-each-item
/questions/41661921/0-1-knapsack-with-penalty-for-under-and-overweight-cases
/questions/29662213/can-my-recursive-solution-for-knapsack-be-improved
/questions/19958184/knapsack-how-to-add-item-type-to-existing-solution
/questions/74991190/knapsack-problem-choose-5-elements-among-100-weight-100-maximise-total-val
/questions/23777255/knapsack-save-time-and-memory
/questions/19958184/knapsack-how-to-add-item-type-to-existing-solution
/questions/38039422/multiple-knapsack-where-items-cant-be-reused-and-have-different-value-for-diffe
/questions/20010167/recursive-knapsack-returning-wrong-answer
/questions/53846503/meal-plan-algorithm
/questions/70900624/creating-normally-distributed-multi-dimensional-knapsack-problem-mkp-data-from
/questions/56954248/proof-by-induction-that-knapsack-recurrence-returns-optimum-solution
/questions/17073768/0-1-knapsack-a-few-clarification-on-wikis-pseudocode
/questions/49964746/return-the-optimal-set-of-items-that-should-be-put-in-the-knapsack-java
/questions/59576274/0-1-knapsnack-problem-with-negetive-numbers
/questions/34406602/limiting-number-of-each-item-in-knapsack-solution
/questions/11729197/haskell-knapsack-not-expected-return-types-error-recieved
/questions/5710104/knapsack-using-ga
/questions/4414982/what-is-the-proper-problem-name-algorithm-for-this-problem-description-in-comp
/questions/65282367/knapsack-questions
/questions/36236617/how-do-i-generate-pulp-variables-and-constrains-without-using-exec
/questions/36236617/how-do-i-generate-pulp-variables-and-constrains-without-using-exec
/questions/26558549/0-1-knapsack-witness-generation
/questions/13449069/knapsack-algorithm-with-an-additional-property
/questions/11154101/0-1-knapsack-with-few-variables-which-algorithm
/questions/70287695/knapsack-with-two-sums-and-two-sets
/questions/25705488/knapsack-dynamic-programming-inputs
/questions/43270995/knapsack-backtracking-using-only-ow-space
/questions/37868138/variation-on-0-1-knapsack-algorithm
/questions/67864884/intuition-behind-knapsack-0-1-dynamic-programming-solution
/questions/63949394/loop-not-running-and-get-struck-with-the-first-iteration-python-knapsack-proble
/questions/28710538/knapsack-adding-items-from-lists-python
/questions/40655487/are-both-conditions-necessary-optimal-structure-and-overlapping-subproblem-for
/questions/10539469/knapsack-algorithm-for-multiplication
/questions/4282124/efficient-placement-of-variable-size-rectangles-within-a-rectangular-field
/questions/18821453/bounded-knapsack-special-case-small-individual-item-weight-is-small-compared-t
