/questions/33700584/length-of-edges-of-an-image-using-python
/questions/3787341/how-to-measure-lengths-of-edges-in-edge-detected-images
/questions/74563244/visnetwork-in-r-adjust-length-of-edges
/questions/65382787/finding-length-of-edges-of-an-object-via-image-processing
/questions/49335461/how-can-i-set-the-length-of-an-edge-in-maya-via-python
/questions/31415907/get-node-position-and-length-of-edge
/questions/27428585/arbor-js-edges-length
/questions/11283701/how-to-specify-the-length-of-an-edge-in-graphviz
/questions/28009959/area-of-grid-polygon-given-length-of-edges
/questions/31048247/calculate-length-of-path-betwen-nodes-with-unknown-edges
/questions/43547054/is-there-a-way-to-determine-the-length-of-edges-in-images-under-edge-detection-a
/questions/14496220/algorithm-for-removing-fewest-edges-to-force-increase-in-length-of-shortest-path
/questions/14496220/algorithm-for-removing-fewest-edges-to-force-increase-in-length-of-shortest-path
/questions/59598357/networkx-length-of-returns-of-g-edges-and-g-nodes-does-not-match-length-of
/questions/46784028/edge-length-in-networkx
/questions/45477865/neo4j-create-list-of-edges
/questions/60654007/osmnx-length-of-street-edges
/questions/44892923/how-to-increase-length-of-edges-when-plotting-a-graph-in-r
/questions/34791265/visjs-get-number-of-edges-of-a-specific-node
/questions/44202920/sort-sub-graph-list-in-igraph-by-number-of-edges-r
/questions/67909421/how-to-get-length-of-each-side-of-a-shape-in-an-image
/questions/47099850/build-a-graph-with-edges-lengths-displayed-using-distance-matrix
/questions/31858612/calculate-length-of-a-shared-edge-of-two-polygones-in-postgis
/questions/46309321/number-of-edges-differ-when-converting-pandas-dataframe-to-networkx-object
/questions/69342952/changing-length-of-the-edges-in-networkx-lib
/questions/51464123/how-to-draw-length-of-graph-in-networkx
/questions/55013886/networkx-how-to-get-length-of-a-specific-edge-in-multidigraph
/questions/20697032/need-to-control-pydot-edge-length
/questions/29668016/how-to-change-the-length-of-an-edge-in-treelayout-jung
/questions/50609583/generating-a-list-of-edges-in-neo4j-from-a-variable-length-path
/questions/34163615/d3-edge-bundling-generates-edge-full-length-of-svg
/questions/75807525/count-the-number-of-edges-between-one-vertex-to-another
/questions/47342080/setting-edge-length-in-graph-tool-output
/questions/69443921/how-can-i-count-the-length-of-the-edge-associated-with-each-point
/questions/27672882/how-to-find-the-angles-of-the-faces-of-a-scalene-tetrahedron-given-lengths-of-ed
/questions/57371245/calculate-the-length-of-an-edge-consisting-of-many-pixel-data
/questions/72992544/igraph-in-r-efficiently-count-number-of-edges-between-multiple-sets-of-vertices
/questions/29849036/generate-a-network-with-predefined-edge-lengths-distribution
/questions/43861085/set-edge-length-in-vis-js
/questions/32228699/shortest-path-by-minimum-number-of-vertices
/questions/61836045/how-to-pass-parameter-to-cola-js-when-setting-edge-length-of-plot-by-cytoscape-j
/questions/27054236/computing-the-un-weighted-length-of-a-weighted-shortest-path
/questions/70444051/modify-current-algorithm-apsp
/questions/48705213/igraph-network-distance-until-stop-node-vertex
/questions/61024820/find-an-ordering-of-nodes-in-a-graph-that-minimizes-sum-of-edge-lengths
/questions/75078531/edge-length-based-on-distance
/questions/60159481/set-networkx-edge-length
/questions/12444118/graph-path-from-s-to-t-with-minimal-individual-edge-length
/questions/72631466/mxgraph-javascript-how-to-calculate-edge-length
/questions/41190409/detecting-edgesconnected-edges-and-finding-edge-length-and-connected-component
/questions/56727143/why-this-code-makes-wrong-minimal-spanning-tree-by-prims-algorythm
/questions/50577155/find-minimum-and-maximum-length-of-the-edges-of-connected-graph-db-in-gremlin
/questions/34054781/vis-js-fixed-length-edges
/questions/28674750/set-edge-length-with-circle-layout-in-cytoscape-js
/questions/62425212/how-to-get-the-length-of-all-the-drivable-or-bikeable-roads-in-osmnx-for-a-chose
/questions/39259452/cytoscape-with-haystack-or-bezier-layout-how-to-shorten-edge-length
/questions/55851623/approaches-to-adding-node-attribute-data-to-graph-of-100-nodes
/questions/16733259/find-a-maximum-tree-subgraph-with-given-number-of-edges-that-is-a-subgraph-of-a
/questions/67874570/find-number-of-sides-python
/questions/65806814/algorithm-for-polygon-buffering-offsetting-using-edges-with-fixed-lengths
/questions/57714527/leetcode-question-to-finding-the-longest-univalue-path
/questions/36559783/what-graph-system-is-the-best-for-store-transition-graph-with-weights
/questions/21204040/using-more-elements-in-array-than-allocated-has-undefined-behavior
/questions/67663182/my-solution-for-diameter-of-binary-tree-problem-gives-wrong-result
/questions/52952242/recursive-search-of-all-viable-paths-in-graph-by-edge-length
/questions/38382023/how-do-we-break-a-tie-in-shortest-length-of-augmenting-in-the-edmonds-karp-algor
/questions/38101552/boost-kamada-kawai-spring-layout-vertices-collision
/questions/73577670/does-dijkstras-algorithm-always-return-the-shortest-least-number-of-edges-p
/questions/70879466/python-is-it-possible-to-set-the-length-of-graph-edges-on-pyvis-using-edge-weig
/questions/3546658/image-processing
/questions/31282185/cgal-find-edge-length-using-edgeiterator
/questions/19451649/how-to-determine-the-number-of-bins-and-the-edge-length-based-on-the-density-of
/questions/51206963/why-does-online-java-ide-solution-throws-error-identifier-expected
/questions/69503345/diameter-of-binary-tree-fails-4-out-of-104-test-cases
/questions/68931347/shortest-path-in-a-networkx-graph-is-not-same-as-length-of-edge-between-shortest
/questions/53971965/longest-univalue-path-in-bst
/questions/29520550/bellman-ford-and-one-olympiad-questions
/questions/34583321/fast-euclidean-distance-calculation-between-nodes-of-a-graph
/questions/38823235/cytoscapes-concentric-layout-edges-length-manipulation-may-be-using-cola-js
/questions/45354592/how-to-make-the-space-from-the-text-of-the-button-to-its-bottom-edge-independent
/questions/41920169/differing-length-of-matplotlib-pyplot-pcolorfast-edges-on-symlog-scale
/questions/38265713/how-to-manually-change-the-position-of-nodes-in-visnetwork-in-r
/questions/5779446/graph-theory-force-based-autolayout-algorithm
/questions/2323209/mesh-smoothing-with-gaussian
/questions/30686749/can-bellman-ford-algorithm-be-used-to-find-shorthest-path-on-a-graph-with-only-p
/questions/75057042/how-to-measure-the-length-of-pyramids-edge-in-electron-microscope-photo-using-o
/questions/7689768/check-square-in-perspective-projection
/questions/65123555/measuring-apparent-length-of-object-in-pixels-using-opencv
/questions/72033161/adjusting-edge-arrow-length-in-ggnet2
/questions/57473470/image-inside-of-a-div-resizing-depending-on-title-length-on-edge
/questions/8137190/how-to-calculate-third-point-of-a-triangle-from-two-points-angle-and-edge-lengt
/questions/43125645/using-tensorboard-to-view-directed-graph
/questions/64204107/is-anyone-familiar-with-the-diameter-of-a-binary-tree-question-on-leetcode
/questions/9509595/finding-the-shortest-path-in-a-graph-without-any-negative-prefixes
/questions/717642/longest-simple-path
/questions/16413375/why-i-draw-graph-encounter-divide-by-zero-error
/questions/69147266/how-to-calculates-shared-edges-length-on-a-geopandas-dataframe
/questions/38659961/make-undirected-graph-from-adjacency-list
/questions/50788710/how-can-i-score-edge-amount-length
/questions/33259398/confusion-between-the-notion-of-height-and-depth-of-a-node-in-binary-tree
/questions/27597756/algorithm-to-build-streets-in-a-city-with-minimum-cost
/questions/34810715/expected-maximum-path-length-from-the-root-to-a-leaf-in-a-tree
/questions/67902287/edges-length-in-diagraph-on-matlab
/questions/13646704/drug-delivery-economics-max-path-of-length-k
/questions/73562955/topological-sort-for-longest-path-in-dag-does-this-code-really-use-the-idea-of
/questions/75703659/find-nodes-based-on-their-relationships
/questions/46575006/debugging-a-simple-haskell-function-to-place-colors-to-nodes-graphcolor
/questions/15453343/in-graphvi-how-to-change-the-length-of-self-looped-edge
/questions/16638711/dual-marching-cubes-table
/questions/4248090/finding-the-length-of-a-ray-within-a-cube
/questions/64808826/finding-the-path-length-of-an-acyclic-graph-in-prolog
/questions/58842611/describing-an-algorithm-at-most-onm-log-n-run-time
/questions/16026899/length-of-path-between-2-nodes-in-defined-grid-prolog
/questions/44181103/check-if-all-paths-from-a-vertex-v-to-another-vertex-w-are-of-the-same-length
/questions/33112639/the-length-of-the-shortest-cycle-in-an-undirected-graph
/questions/55449226/where-should-i-modify-my-breadth-first-search-algo-for-finding-the-shortest-path
/questions/65207383/minimum-length-of-lines-needed
/questions/44072629/prims-algorithm-graph-theory
/questions/47638301/how-to-calculate-path-diameter-of-edge-attributes-in-igraph
/questions/43888514/how-to-generate-random-convex-polyhedral-with-constrained-edge-length
/questions/50030324/how-to-extend-the-length-of-leaf-node-in-dendrogram-and-add-node-labels
/questions/46478693/javascript-cannot-retrieve-value-or-length-using-ie-edge-browser
/questions/9587468/why-does-graphviz-no-longer-minimise-edge-lengths-when-subgraphs-are-introduced
/questions/73007289/leetcode-543-diameter-of-binary-tree-top-down-or-bottom-up
/questions/48106748/set-length-of-stroke-dasharray-and-dashoffset-with-javascript
/questions/67259669/make-graph-from-mask-grid-in-python
/questions/65166477/bellman-ford-implementation-and-simultaneously-relaxation
/questions/29315148/bellman-ford-and-some-facts-about-graph-g
/questions/4530450/modified-shortest-path-using-dijkstras-or-bellman-fords-algorithm
/questions/40127350/networkx-how-to-properly-create-a-dictionary-of-edge-lengths
/questions/38030080/find-maximum-length-of-an-nested-array
/questions/28914124/how-to-know-what-is-the-length-of-an-edge-in-a-resized-image
/questions/64556089/find-the-shortest-path-length-of-a-weighted-graph-in-networkx
/questions/22422183/find-length-of-longest-trail-in-directed-unweighted-graph
/questions/7711747/finding-a-pair-of-edge-disjoint-paths-in-a-graph-such-that-the-lengths-of-each
/questions/14272119/finding-the-number-of-paths-of-given-length-in-a-undirected-unweighted-graph
/questions/46103884/how-to-reduce-edge-length-between-specific-nodes-in-circo-engine-graphviz
/questions/47601706/how-to-calculate-the-edge-attributes-as-the-path-length-in-igraph
/questions/52980092/combining-removing-edges
/questions/45491690/how-to-specify-edge-length-in-networkx-based-off-of-edge-weight
/questions/68029029/difficulty-understanding-metric-excess-from-the-paper-edge-elimination-in-tsp-i
/questions/66805580/add-edges-of-the-path-to-list-on-depth-first-search-java
/questions/32267442/url-length-limitation-of-microsoft-edge
/questions/55826738/is-it-possible-to-map-a-matrix-to-a-igraph-object
/questions/62513170/produce-a-random-voronoi-diagram-with-a-specific-length-and-width
/questions/74158506/time-complexity-of-lookup-and-then-insertion-in-a-stdmapstdstring-stdset
/questions/29577420/finding-shortest-sequence-of-vertices-in-directed-weighted-graph
/questions/57094876/cannot-read-property-length-of-null-javascript
/questions/57781659/is-it-possible-to-find-the-3d-position-of-the-camera-relative-to-a-cube-diments
/questions/60565151/how-to-connect-puzzles-so-that-right-edge-has-same-length-as-left-edge-of-anothe
/questions/30001597/big-o-for-exponential-complexity-specific-case
/questions/75006588/using-only-one-parametr-from-ax-table-bbox-for-height-depends-from-length-of
/questions/26397963/sort-array-by-length-of-sub-arrays
/questions/47771370/draw-graphs-proportional-to-weight-of-edges-using-networkx
/questions/3906670/edge-length-in-an-adjacency-list
/questions/56394089/how-to-work-with-the-lists-that-have-different-lengths
/questions/68426532/find-the-length-of-longest-palindrome-path-in-an-undirected-acyclic-graph
/questions/53012717/question-minimal-routes-through-preferred-vertices
/questions/38030194/finding-edges-in-a-graph-with-similar-lengths
/questions/75540943/customize-the-edge-length-according-the-text-on-edges-in-networkx
/questions/65941802/cytoscape-define-edge-length
/questions/59092837/draw-a-square-using-two-clicks-one-to-set-start-and-another-for-edge-length
/questions/13326792/computing-another-graph-with-edges-of-exactly-length-l-from-an-unweighted-undir
/questions/72330837/kruskal-algorithm-cycles-and-unvisited-vertices
/questions/27915100/auto-adjusting-the-length-of-a-b%c3%a9zier-curve-to-meet-a-predefined-length-without
/questions/6962110/adding-edge-weights-in-jung-based-on-edge-length
/questions/34527286/how-to-split-a-graph-to-minimise-the-length-of-the-longest-path
/questions/12910392/linq-finding-maximal-element-not-maximal-value
/questions/54180188/calculating-edge-lengths-of-triangles-obtained-from-delaunays-triangulation
/questions/23124264/keeping-underline-length-of-a-label-in-r-consistent-with-label-length
/questions/13446454/make-quicksort-sort-by-multiple-criteria
/questions/16809268/find-the-maximum-length-of-a-graph
/questions/61284062/dijkstras-algorithm-implementation-with-binary-heaps
/questions/41488983/saving-getting-and-setting-length-of-a-cube-extending-classes
/questions/57527053/shortest-path-interpretation-of-edge-weight
/questions/73600638/how-to-get-the-length-of-lines-representing-edges-in-the-plot-of-graph-after-lay
/questions/60303846/create-a-connected-graph-with-two-types-of-edges
/questions/43322796/interpreting-networkx-circular-graphs
/questions/66707912/use-a-for-loop-as-many-times-as-the-length-of-a-list-of-igraph-vs-objects-to-cre
/questions/26106508/d3-js-radial-tree-layout-variable-node-length-text-wrap-node-description
/questions/5838247/implementations-of-spring-electrostatic-drawing-for-graphs-with-specified-edge-l
/questions/40699132/cytoscape-js-layout-edge-length
/questions/76596547/minimum-cycle-base-a-special-case
/questions/45338384/calculate-the-length-of-shared-boundaries-between-multiple-polygons
/questions/66716588/quickly-find-all-paths-of-length-n-using-igraph-and-r
/questions/13853801/how-to-find-total-number-of-minimum-spanning-trees-in-a-graph
/questions/36694384/accelerate-matlab-nested-for-loop-with-bsxfun
/questions/73682054/how-to-force-nodes-in-rows-based-on-weight-of-incoming-edges
/questions/47232970/constant-time-operations-with-adjacency-lists
/questions/70722483/summing-weights-of-edges-that-are-k-distances-from-a-subset-of-nodes-in-igraph
/questions/55496889/subdividing-edges-based-on-a-maximum-length
/questions/1851296/specified-edge-lengths-on-networkx-igraph-python
/questions/12335647/bgl-shortest-path-with-calculating-the-weights-of-edges-on-the-go
/questions/38248610/find-path-of-a-specific-weight-in-a-weighted-dag
/questions/31804665/compute-and-draw-a-weighted-networkx-graph-with-edge-lengths-corresponding-to-we
/questions/66776691/how-to-use-arm-neon-intrinsics-to-calcutale-product-matrices-whose-length-cannot
/questions/45387965/neo4j-apoc-dijkstra-procedure
/questions/16416307/networkx-encounter-node-has-no-position
/questions/40297211/how-to-check-if-there-is-a-cycle-by-given-set-of-edges
/questions/75282497/how-do-i-merge-two-very-close-non-intersecting-geometries
/questions/25679644/practical-implementation-detail-of-edge-labels-splitting-in-radix-trees
/questions/31918773/get-length-of-oracle-sql-array
/questions/50243542/return-longest-path-with-nodes-of-same-value
/questions/30065864/graph-theory-length-of-cycle-undirected-graph-adjacency-matrix
/questions/64541691/how-to-sort-an-array-which-has-factors-as-x1-y1-x2-y2-according-to-eac
/questions/55084143/set-edge-lengths-according-to-weights-in-graphviz-layout
/questions/68765996/python-connect-disconnected-graph-segments-with-minimal-cost
/questions/51718838/highlighting-the-nearest-edge-from-mouse-pointer-in-three-js
/questions/61401848/why-doesnt-this-algorithm-find-the-longest-path-in-a-directed-acyclic-graph
/questions/61578921/how-to-see-an-edge-length-in-3ds-max
/questions/11874119/running-time-of-bfs-based-path-finding-algorithm
/questions/18631001/calculating-end-points-of-a-rectangle-with-two-given-lat-long-points-and-breadth
/questions/63469927/simulated-annealing-2opt-isnt-any-better-than-2opt
/questions/58881266/how-to-have-different-edge-weights-but-same-edge-length-in-network-diagram
/questions/35188066/programming-a-bfs-shortest-path-in-python
/questions/39454617/how-to-improve-precision-of-measure-with-opencv
/questions/50093165/efficient-computation-of-influence-from-node-u-to-node-v-in-network-igraph-r
/questions/37878469/why-is-my-dijkstra-code-failing
/questions/36425678/strange-javascript-behavior-in-codepen-with-humongous-arrays
/questions/36330642/python-edge-length-distribution-of-a-regular-network
/questions/42516485/how-to-calculate-and-total-length-of-time-with-only-timestamps
/questions/28225531/find-length-of-shortest-path-containing-all-1s-starting-from-top-left-in-a-binar
/questions/12837720/windows-phone-8-startscreen-tile-sizes-and-margins
/questions/19585917/modeltest-and-negative-edges-lengths-with-phangorn-in-r
/questions/32569094/d3-js-force-directed-graph-edge-length-proportional-to-edge-weight
/questions/52817055/using-rep-inside-sapply-to-strech-a-vector-according-to-another-vector
/questions/69664264/can-any-one-explain-the-formula-2-cubic-objects-in-a-3-dimensional-space-is-capa
/questions/17703616/determining-intersections-of-segmented-lines
/questions/57614352/android-constraint-layout-views-with-weight
/questions/28688264/how-to-traverse-a-hierarchical-tree-structure-structure-backwards-using-recursiv
/questions/60278163/opencascade-cylindrical-face-with-boundary-wire
/questions/67152255/how-do-i-count-cycles-of-only-length-1-and-length-2
/questions/44394548/convert-a-multidigraph-to-multigraph-without-losing-existing-edges
/questions/67868411/i-have-some-problem-with-the-shortest-path-length-of-a-tree-a-connected-graph-w
/questions/58984963/i-have-problems-with-mygraph-properties-vertices-names-and-edges-weight
/questions/50992677/adding-instances-of-a-class-to-an-arraylist
/questions/34257964/algorithm-to-re-compute-the-shortest-path-after-edge-weight-decreases
/questions/22799674/applying-a-function-over-consecutive-pairs-of-list-elements-in-r-without-loops
/questions/55289654/diameter-of-a-binary-tree
/questions/44261035/how-to-find-optimum-graythresh-for-im2bw-function
/questions/27741450/emgucv-houghlines-length-of-line
/questions/67606083/compute-maximum-edge-length-for-subdividing-mesh
/questions/37412262/longest-path-search-on-a-topologically-sorted-weighted-directed-acyclic-graph-b
/questions/63418020/geodesic-subgraph-of-a-directed-graph
/questions/21354552/how-to-set-edges-length-proportional-to-edges-value
/questions/34384741/jgraph-create-uni-bidirectional-graph-of-paths
/questions/55040110/automation-of-cat-part-sharp-edges
/questions/75092225/use-opencv-to-measure-the-pixel-length-of-the-line-segments-on-the-paper-in-the
/questions/68345467/algorithm-for-determining-the-coordinates-of-the-vertices-of-a-polygon-by-the-le
/questions/29152131/adding-edge-weights-and-scaling-drawn-edge-lengths-in-graph-tool
/questions/69519182/how-do-you-set-an-edge-length-in-diagrammer
/questions/64441525/how-do-i-prove-this-algorithms-correctness
/questions/73734743/networkx-adjusting-the-edge-length-to-show-a-correlation-matrix
/questions/14757076/shortest-paths-in-undirected-cyclic-graphs
/questions/8440691/about-sines-in-programming
/questions/55805344/networkx-make-iteration-list-of-combinations-of-edges
/questions/51759433/check-in-template-if-variable-is-an-array-string-number
/questions/35076541/how-to-add-symbols-on-edges-to-say-they-are-same-length
/questions/45048434/how-do-i-change-the-width-height-of-a-graphviz-svg
/questions/37080746/how-to-calculate-the-mean-weight-shortest-path-in-a-network
/questions/66876866/how-to-improve-precision-while-measuring-using-opencv-python
/questions/49027999/model-transformation-to-platform-specific-nc-code
/questions/40315212/adding-edge-attribute-to-network-object-with-statnet-in-r
/questions/6986266/how-can-i-get-a-jung-edge-length
/questions/48450435/finding-the-shortest-path-between-source-and-destination-with-the-least-number
/questions/43179499/is-it-possible-to-compress-the-edges-in-dendrograms
/questions/28534994/creating-directed-graph
/questions/20847463/finding-length-of-shortest-cycle-in-undirected-graph
/questions/74660494/getting-index-out-of-bounds-error-when-trying-to-add-elements-to-a-new-2d-arrayl
/questions/56420578/draw-canvas-text-outside-the-rectangle-along-the-edges
/questions/25821063/how-to-draw-a-graph-in-r-by-considering-edges-length
/questions/60099910/error-the-data-area-passed-to-a-system-call-is-too-small-when-redirecting-ins
/questions/22021731/mean-word-length-java-applet
/questions/19208719/set-length-of-a-special-regular-expression
/questions/18537514/maximum-length-of-a-line-in-notepad
/questions/3174569/what-is-meant-by-diameter-of-a-network
/questions/75293351/how-to-find-the-length-and-width-using-contours
/questions/9800495/graph-edge-traversal-algorithm-some-edges-required-some-optional
/questions/33863550/how-to-specify-edge-length-in-networkx-for-calculating-shortest-distance
/questions/45173587/type-level-graphs-via-gadts-and-datakinds
/questions/75895594/how-to-obtain-all-pairs-shortest-path-length-for-large-graph-with-100k100-000
/questions/65124349/plot-networkx-graph-with-hierachy-horizontally-and-manipulate-length-of-arrows
/questions/23177304/add-a-node-and-delete-an-specified-edge-in-r-igraph
/questions/65124349/plot-networkx-graph-with-hierachy-horizontally-and-manipulate-length-of-arrows
/questions/73672491/creating-a-graph-from-only-the-edge-lengths-between-nodes
/questions/40151370/dijkstras-shortest-path-hackerrank
/questions/51006682/how-to-find-the-shortest-directed-cycle-in-a-directed-graph
/questions/15117983/java-applet-how-do-i-draw-a-string-in-a-square-shape
/questions/74836261/shortest-path-in-an-unweighted-graph-using-user-input-in-c
/questions/40320289/find-length-of-one-s-t-texture-coordinate-unit-in-world-space-units-on-a-plan
/questions/19073291/how-to-get-the-list-of-edge-values-corresponding-to-all-possible-paths-of-a-part
/questions/62082688/is-it-possible-to-avoid-overlapping-of-edges-and-nodes-upon-collapse-expand-of-c
/questions/68082475/constrained-delaunay-with-info
/questions/70477610/graph-where-edges-represent-vector-force-and-direction-between-nodes
/questions/62780322/is-there-a-way-to-get-20-or-30-km-h-speed-limit-roads-and-pedestrian-only-roads
/questions/42613408/cytoscape-cola-js-layout-edge-length-text-corpus-visualisation
/questions/47741520/the-shortest-path-in-graph-with-increasing-edges
/questions/56252995/algorithm-for-solving-a-shortest-edges-problem
/questions/20898266/how-to-limit-the-depth-while-using-dijkstra-algorithm-in-neo4j
/questions/9089327/z3-hamiltonian-graph-propositional-logic
/questions/29246549/implementation-of-dijkstras-algorithm-im-confused-by-a-questions-formatting
/questions/40655039/neo4j-property-name-node-name-and-edge-name-length
/questions/47098476/split-edges-in-the-road-network-of-openstreetmap
/questions/48257294/making-the-edges-of-the-visnetwork-diagram-straight-in-r
/questions/6494909/augmented-reality-measure-size-of-objects-feasability
/questions/58062160/vis-js-how-to-display-a-network-in-a-layout-with-shortest-connection-line-length
/questions/67808352/how-do-i-mutate-a-function-arguments-iteratively-instead-of-using-recursion
/questions/36083410/how-to-solve-spoj-disquery
/questions/3555343/create-2d-triangles-from-2d-points
/questions/25824161/vertical-badge-deviates-from-edge-with-increasing-text-length
/questions/28541393/find-radius-of-fixed-length-arc-of-a-circle-in-a-bounding-box-when-the-circle-in
/questions/71663362/performance-improvement-for-dijkstra-algorithm-using-heaps-in-python
/questions/66554998/how-to-show-edge-length-based-on-unique-value-in-networkx-matplotlib
/questions/8874287/a-fast-algorithm-for-minimum-spanning-trees-when-edge-lengths-are-constrained
/questions/54571716/plotting-graph-with-igraph-in-r-edge-length-proportional-to-weight
/questions/10466843/fruchterman-reingold-layout-doesnt-converge
/questions/11354796/high-performance-variable-length-fading-edges-on-a-uiscrollview
/questions/11593134/to-find-the-fractal-dimension-of-a-real-world-network-using-the-box-covering-al
/questions/60610566/extend-movement-of-input-range-with-large-custom-thumb-image
/questions/22271501/modified-shortest-path-algorithm
/questions/36610759/c-sigabrt-when-pushing-to-vector-of-vectors
/questions/63424137/how-to-select-edge-disjoint-cycles-with-maximum-combined-length
/questions/69086603/is-there-a-way-to-make-edge-length-start-from-the-nodes-borders
/questions/17564714/find-the-third-vertex-coordinates-given-the-other-2-vertices-and-the-angle
/questions/38499588/how-to-clear-the-gap-of-uitextfield
/questions/21513324/how-to-find-shortest-path-in-a-directed-graph-that-has-edge-weights-either-0-or
/questions/45231547/tranforming-a-geometrical-shape-keeping-symmetry-and-bounding-dimensions-intact
/questions/58014901/circle-gettotallength-internet-explorer-error
/questions/75259799/graph-isomorphism-of-two-graphs
/questions/24582320/infinite-path-length-of-graph-for-networkx
/questions/68809447/sequencing-of-river-network-calculation-using-sfnetworks-and-r
/questions/45729268/angular-nvd3-forced-directed-graph-increase-edge-length
/questions/48575325/do-the-edge-lengths-in-networkxs-draw-function-have-any-significance
/questions/8346880/using-range-and-dictionary-in-pythons-bellman-ford-implementation
/questions/23278081/reverse-edge-map-for-boostboykov-kolmogorov-max-flow
/questions/34823742/remove-cycles-from-connected-graph-by-finding-vertices-and-edges
/questions/54858315/how-to-find-internal-vertices-in-variable-length-edges-on-agensgraph
/questions/13437621/creating-an-adjacency-list-for-dfs
/questions/59968798/how-to-prove-a-linear-algorithm-that-identifies-all-cycles-and-the-length-in-a-g
/questions/10245180/distance-based-metric-for-locally-scaled-difference-of-distance-between-moving-p
/questions/33509276/finding-shortest-path-in-a-graph-with-additional-restrictions
/questions/19900269/an-edge-case-in-class-string
/questions/13862536/plot-edge-by-size-length-in-igraph-0-6-for-python-2-7-not-for-r
/questions/30606975/count-the-number-of-paths-in-dag-with-length-k
/questions/16860149/graph-does-not-render-properly-due-to-vertices-overlap
/questions/49789975/having-nodes-with-differing-lengths-of-attributes-add-edges-if-1-attribute-is
/questions/76639825/how-to-identify-and-list-polytrees-within-a-directed-acyclic-graph-dag-using-r
/questions/16335046/networkx-graph-finding-if-path-exists-between-any-node-in-a-given-set-of-nodes
/questions/29898295/how-to-set-the-edges-length-in-cytoscape-js-with-cola
/questions/63134125/edge-length-labels-in-networkx-are-not-well-represented
/questions/43697356/nearest-vertices-that-dont-cross-existing-path
/questions/46736064/computing-the-volume-of-a-regular-tetrahedron-with-edge-length
/questions/51192936/how-to-acquire-real-world-measurements-in-forge-viewer-2d-plan
/questions/75905386/find-longest-path-in-directed-acyclic-graph
/questions/41966571/radial-distribution-function-using-python-code
/questions/62137862/what-are-the-units-of-measure-dimensions-of-given-edge-attributes-in-osmnx
/questions/8711971/plotting-a-grid-of-squares-in-matlab
/questions/19403459/resize-image-from-edges-only-in-uiimageview
/questions/31304705/sideways-button-on-edge-of-screen
/questions/59813482/how-do-i-find-the-greatest-length-from-a-given-point-and-make-the-program-stop-a
/questions/30073288/code-output-on-graph-and-some-claims-on-local-contest
/questions/75247294/what-do-rows-3-and-4-of-the-pdetool-matlab-matrix-e-represent
/questions/47430608/unique-is-working-properly-in-google-chrome-but-not-in-mozilla-firefox-edge
/questions/71776060/how-to-detect-water-edges-from-a-flow-and-measure-length
/questions/68920958/calculate-distance-between-points-in-polygon
/questions/62322902/how-to-optimize-the-cose-bilkent-layout-with-lots-of-nodes-and-edges-like-a-mess
/questions/34295177/uistackview-with-differently-aligned-subviews
/questions/3401136/resize-font-to-fit-in-a-div-on-one-line
/questions/46180817/detecting-length-of-segmented-image-in-emgucv-c-sharp
/questions/41972761/absolute-position-elements-width-truncates-when-extending-beyond-relative-paren
/questions/24227988/how-to-fill-an-adjacency-list-for-a-weighted-graph
/questions/19771062/compute-the-diameter-of-any-kind-of-tree
/questions/8662329/ways-for-mapping-a-directed-acyclic-graph-to-a-grid-matrix
/questions/70334573/how-to-assign-a-vector-of-values-to-a-vertex-label-in-igraph-in-r
/questions/48240021/alter-edge-length-and-cluster-spacing-in-networkx-matplotlib-force-graph
/questions/57965520/would-hus-algorithm-work-for-general-unit-length-edge-dags
/questions/13108478/d3-js-how-to-automatically-calculate-arc-lengths-in-radial-dendrogram
/questions/49040798/traverse-every-edge-of-a-grid-graph-with-least-number-of-runs
/questions/6233729/how-to-make-marquee-stop-on-full-text-length-scrollingtext-length-is-less-than
/questions/20460540/random-4-pointsx-y-on-a-quadrangle-find-the-edge-lengths
/questions/6373754/efficient-way-of-getting-all-possible-paths-special-detail
/questions/2612568/calculating-the-potential-effect-of-inaccurate-triangle-vertex-positions-on-the
/questions/74183447/is-it-possible-to-get-sidewalk-width-from-openstreetmap-using-osmnx-or-some-othe
/questions/74250877/how-to-iterate-with-dynamic-changing-the-number-edges-and-nodes
/questions/70653597/simplex-with-smallest-possible-total-edge-length-in-set-of-points
/questions/40597696/how-to-prove-this-greedy-algorithm-as-optimal
/questions/60234988/finding-the-radius-of-a-circle-that-circumscribes-a-polygon
/questions/44999533/least-cost-path-destination-unknown
/questions/64774719/is-there-any-module-available-in-erlang-to-find-all-the-cycles-of-an-undirected
/questions/67102067/given-a-string-s-return-the-reversed-string-where-all-chars-that-are-not-a-le
/questions/44680395/feature-detection-technique-to-measure-the-length-of-curved-tubes-in-an-image
/questions/75203308/findcontours-in-opencv-produces-a-polygon-when-it-should-produce-a-polyline
/questions/30330270/how-to-find-maximum-number-of-such-pairs-of-connected-edges-in-a-graph-that-each
/questions/75203308/findcontours-in-opencv-produces-a-polygon-when-it-should-produce-a-polyline
/questions/30330270/how-to-find-maximum-number-of-such-pairs-of-connected-edges-in-a-graph-that-each
/questions/28438318/longest-path-edge-weight-1-in-un-directed-graph-solution
/questions/41138272/ie-at-least-11-and-edge-not-recognizing-a-length-property-in-d3-js
/questions/66139673/cypher-bfs-with-multiple-relations-in-path
/questions/3418106/getcontentlength-return-1-only-in-wifi
/questions/22116866/what-does-the-output-of-delaunay-triangulation-represents
/questions/39282202/creating-a-grid-of-adjacent-squares-of-the-same-side-length-in-netlogo
/questions/38196694/are-texture-coordinate-range-ends-at-the-outer-edges-of-edge-texels
/questions/74608016/how-to-get-the-longest-path-in-python-for-an-undirected-graph-limited-by-specif
/questions/23487886/setting-vertex-weights-in-igraphs-implementation-of-infomap
/questions/26308648/inverse-of-the-transitive-closure-of-a-weighted-graph
/questions/51730034/when-using-html5-why-does-firefox-set-length-of-wav-tracks-served-by-server-as-6
/questions/50368914/reading-file-elements-into-an-adjacency-list
/questions/41764002/is-there-a-way-to-generate-2d-stretched-mesh-using-cgal
/questions/64003338/how-to-convert-code-in-mathematica-to-python
/questions/17468210/r-determine-shortest-path
/questions/13171038/how-to-find-the-distance-between-two-nodes-using-bfs
/questions/72124847/is-it-possible-for-the-property-length-of-an-array-to-overflow
/questions/70673215/longest-series-that-can-be-built-from-a-given-graph-edges
/questions/65262286/how-to-connect-two-shapes-to-create-a-mesh-in-three-js
/questions/40703361/using-force-vs-time-space-efficiency
/questions/12811215/modified-shortest-path-no-2-consecutive-edges-w-same-color
/questions/66750617/python-finding-connected-components-in-a-graph-presented-as-edge-lists
/questions/52748708/jaccard-coefficient-of-adjacent-vertices-in-igraph-r
/questions/73228485/messing-around-with-graphics-in-java
/questions/66750617/python-finding-connected-components-in-a-graph-presented-as-edge-lists
/questions/71199096/dplyrcase-when-inexplicably-returns-namesmessage-vtmp-error
/questions/61539544/remove-content-length-using-aws-lambdaedge
/questions/62495778/gettotallength-on-line-element-svg-in-internet-explorer-edge
/questions/65958776/group-id-for-all-edges-between-points-using-sfnetwork-in-r
/questions/62336307/ape-consensus-tree-and-edge-length-lost-are-there-solutions-for-this
/questions/71914489/python-what-is-a-best-way-to-find-paths-with-x-length-in-2d-array
/questions/28529283/edge-disjoint-shortest-pair-algorithm-in-java
/questions/48717613/constrained-triangulation
