/questions/40071191/coefficients-reduction-in-linear-programming-lead-to-incoherent-results
/questions/72577829/constraint-handler-implementation
/questions/76650347/approximate-a-function-given-pairwise-comparison-data-of-entities-with-n-feature
/questions/30560690/how-to-interpret-the-output-of-the-cplex-interactive-optimizer
/questions/25815283/how-do-you-create-ease-in-reduction-in-value-in-javascript
/questions/49414283/strange-behaviour-of-hlsl-pow-function-using-directx-11
/questions/6861338/efficient-way-to-execute-the-sequential-partlarge-no-of-operations-writing-fi
/questions/31293702/programming-language-suggestion-dynamic-and-multidimensional-array-cplex-or
/questions/59532264/how-to-know-if-a-problem-belongs-to-np-class
/questions/59307196/complexity-of-a-non-integer-k-commodity-flow-without-conservation-property
/questions/28547207/java-program-is-getting-slower-over-time
/questions/61137773/a-way-of-reduction-skyscrapper-latin-square-with-height-clues-to-sat
/questions/40291401/sklearn-pipeline-model-predicting-same-results-for-all-input
/questions/73667076/parallel-algorithm-for-generalized-nonsymmetric-eigenproblems
/questions/31181076/non-exhaustive-worst-case-np-complete-solving-algorithm
/questions/69740176/what-is-the-difference-between-keras-meansquarederror-and-reduce-sumsquarediff
/questions/23998955/adding-cumulating-line-chart-components
/questions/20288379/analysis-performance-of-forkjoinpool
/questions/4456926/inlining-algorithm
/collectives/articles/72612848/migrating-the-jacobi-iterative-method-from-cuda-to-sycl
/questions/40071191/coefficients-reduction-in-linear-programming-lead-to-incoherent-results
/questions/72577829/constraint-handler-implementation
/questions/76650347/approximate-a-function-given-pairwise-comparison-data-of-entities-with-n-feature
/questions/30560690/how-to-interpret-the-output-of-the-cplex-interactive-optimizer
/questions/25815283/how-do-you-create-ease-in-reduction-in-value-in-javascript
/questions/49414283/strange-behaviour-of-hlsl-pow-function-using-directx-11
/questions/6861338/efficient-way-to-execute-the-sequential-partlarge-no-of-operations-writing-fi
/questions/31293702/programming-language-suggestion-dynamic-and-multidimensional-array-cplex-or
/questions/59532264/how-to-know-if-a-problem-belongs-to-np-class
/questions/59307196/complexity-of-a-non-integer-k-commodity-flow-without-conservation-property
/questions/28547207/java-program-is-getting-slower-over-time
/questions/61137773/a-way-of-reduction-skyscrapper-latin-square-with-height-clues-to-sat
/questions/40291401/sklearn-pipeline-model-predicting-same-results-for-all-input
/questions/73667076/parallel-algorithm-for-generalized-nonsymmetric-eigenproblems
/questions/31181076/non-exhaustive-worst-case-np-complete-solving-algorithm
/questions/69740176/what-is-the-difference-between-keras-meansquarederror-and-reduce-sumsquarediff
/questions/23998955/adding-cumulating-line-chart-components
/questions/20288379/analysis-performance-of-forkjoinpool
/questions/4456926/inlining-algorithm
/collectives/articles/72612848/migrating-the-jacobi-iterative-method-from-cuda-to-sycl
