/questions/2631726/how-to-determine-the-longest-increasing-subsequence-using-dynamic-programming
/questions/3992697/longest-increasing-subsequence
/questions/33157759/longest-increasing-subsequence-2d
/questions/72233044/longest-increasing-subsequence-with-minimum-sum
/questions/54885750/first-longest-increasing-subsequence
/questions/71026177/longest-increasing-subsequence-problem-with-javascript
/questions/10144899/longest-increasing-subsequence-from-each-element
/questions/9554266/finding-all-possible-longest-increasing-subsequence
/questions/19611865/ocaml-searchin-longest-increasing-subsequence
/questions/72839667/longest-increasing-subsequence-length-and-value
/questions/70179854/longest-increasing-subsequence-wrong-answer
/questions/10156504/find-the-longest-increasing-subsequence-with-the-maximum-sum
/questions/63549824/longest-increasing-subsequence-problem-leetcode
/questions/20421150/longest-increasing-subsequence-linear-time
/questions/38160542/longest-increasing-subsequence-optimization
/questions/28000601/patience-sort-and-finding-the-longest-increasing-subsequence
/questions/17373856/display-the-longest-increasing-subsequence
/questions/27333038/longest-increasing-subsequence
/questions/38726844/trouble-understanding-longest-increasing-subsequence
/questions/41090875/longest-increasing-subsequence-dynamic-programing
/questions/47106257/longest-increasing-subsequence-recursive-version
/questions/41822620/longest-increasing-subsequences
/questions/43162136/longest-increasing-cyclic-subsequence
/questions/39977451/how-to-find-the-longest-increasing-subsequence
/questions/48718182/longest-increasing-subsequence-efficient-algorithm-implementation-in-python
/questions/34656050/reducing-longest-common-subsequence-to-longest-increasing-subsequence
/questions/31562915/php-longest-increasing-subsequence
/questions/61756463/how-to-make-this-longest-increasing-subsequence-program-return-this-subsequence
/questions/55760809/why-am-i-finding-the-longest-increasing-subsequence-instead-of-the-longest-decre
/questions/52576052/error-in-longest-increasing-subsequence-in-python
/questions/40732489/how-to-print-the-actual-longest-increasing-subsequence-not-just-length
/questions/64759597/how-to-read-this-longest-increasing-subsequence-recurrence-relation
/questions/61779997/algorithm-behind-longest-increasing-subsequence
/questions/42310237/debug-longest-increasing-subsequence-ruby
/questions/64087026/competitive-programmer-s-handbook-longest-increasing-subsequence-explanation
/questions/32565957/prolog-finding-the-longest-increasing-subsequence
/questions/12346348/find-the-longest-increasing-subsequence-of-a-list-in-c
/questions/71862329/how-to-find-the-longest-increasing-subsequence-without-sorting
/questions/43027431/how-to-make-a-call-of-this-recursive-longest-increasing-subsequence-function
/questions/22970883/lis-longest-increasing-subsequence-algorithm
/questions/42098627/another-approach-for-finding-longest-increasing-subsequence
/questions/23762077/determine-which-items-in-an-array-are-part-of-longest-increasing-subsequences
/questions/26761577/find-the-length-of-the-longest-increasing-subsequence
/questions/47737052/longest-increasing-subsequence-length-in-nlogn-understanding-the-algo
/questions/20893357/iterative-solution-to-finding-longest-increasing-subsequence-using-python
/questions/76403742/longest-increasing-subsequence-leetcode-300
/questions/39920015/longest-increasing-subsequence-using-binary-search
/questions/21712133/the-number-of-increasing-subsequences-using-the-longest-increasing-subsequence
/questions/68290484/leetcode-longest-increasing-subsequence
/questions/35032468/longest-increasing-subsequence-in-a-2d-matrix
/questions/7288585/building-bridges-problem-how-to-apply-longest-increasing-subsequence
/questions/50472478/constrained-longest-increasing-subsequence
/questions/58346799/longest-increasing-subsequence-after-rearranging-k-subarrays
/questions/21796992/finding-all-possible-longest-increasing-subsequence-using-recursion
/questions/39232919/issues-with-longest-increasing-subsequence-naive-approach
/questions/58835850/longest-increasing-subsequence-where-is-the-error
/questions/46867679/c-sharp-collections-vs-arrays-longest-increasing-subsequence-benefits
/questions/72581336/longest-increasing-subsequence-why-topdown-code-is-not-working-working
/questions/19975276/longest-monotonic-subsequence-algorithm-not-longest-increasing-algorithm
/questions/56155854/longest-increasing-subsequence-with-k-exceptions-allowed
/questions/56155854/longest-increasing-subsequence-with-k-exceptions-allowed
/questions/27456128/longest-increasing-subsequence-of-a-1-2-n-permutation
/questions/26200468/longest-increasing-subsequence-of-a-set-of-disjoint-decreasing-sequences
/questions/46371254/how-to-find-longest-increasing-subsequence-among-all-simple-paths-of-an-unweight
/questions/21969345/number-of-longest-increasing-subsequences
/questions/63166843/top-down-approach-of-longest-increasing-subsequence
/questions/68344360/longest-increasing-subsequence-in-a-linked-list-of-integers
/questions/68027064/longest-increasing-subsequence-with-binary-search
/questions/65693558/find-the-longest-increasing-subsequence-of-a-given-array-of-integers-a
/questions/59474521/longest-k-sequential-increasing-subsequences
/questions/25608857/longest-increasing-subsequence-not-able-to-understand-the-actual-lis-creation
/questions/67827601/cost-function-of-a-dynamic-solution-to-the-longest-increasing-subsequence-prob
/questions/21505522/potential-on-solution-to-longest-increasing-subsequence
/questions/35005566/longest-common-increasing-subsequence-dynamic-programming
/questions/32599640/circular-longest-increasing-subsequence
/questions/57896097/node-structure-in-longest-increasing-subsequence-algorithm-jacobson-vo
/questions/41719683/longest-increasing-subsequence-algorithm-works-wrong-no-idea-why
/questions/7833392/how-to-find-the-actual-sequence-of-a-longest-increasing-subsequence
/questions/20588021/how-does-algorithm-for-longest-increasing-subsequence-onlogn-work
/questions/30533790/how-can-we-assure-that-a-bitonic-sequence-will-be-formed-from-one-longest-increa
/questions/52281888/find-longest-increasing-subsequence-with-adjacent-elements-having-a-difference-o
/questions/67698793/vectorization-or-efficient-way-to-calculate-longest-increasing-subsequence-of-tu
/questions/13781979/memoization-for-recursive-longest-increasing-subsequence
/questions/23743171/what-is-the-most-optimized-algorithm-to-find-all-longest-increasing-subsequence
/questions/40943834/c-lislongest-increasing-subsequence-using-segment-tree
/questions/70641267/when-adding-cache-to-my-longest-increasing-subsequence-solution-answer-is-not-c
/questions/37717410/dp-longest-increasing-subsequence-thought-process-solution
/questions/73264743/longest-increasing-subsequence-and-tracing
/questions/27324717/obtaining-the-longest-increasing-subsequence-in-python
/questions/54371081/r-print-all-longest-increasing-subsequences-lis
/questions/52028431/length-of-longest-increasing-subsequence-on-complexity
/questions/69879891/why-is-an-ancestral-array-needed-when-recovering-longest-increasing-subsequence
/questions/18901499/proof-of-longest-increasing-subsequence-using-greedy-patience-sort
/questions/76607200/python-recursion-to-find-the-longest-increasing-subsequence-with-specific-limita
/questions/6129682/longest-increasing-subsequenceonlogn
/questions/4938833/find-longest-increasing-sequence
/questions/67842204/longest-increasing-subsequence-problem-n-log-n-solution-that-returns-the-actua
/questions/64410117/finding-the-longest-increasing-subsequence-of-an-array-in-python
/questions/42350612/1d-memoization-in-recursive-solution-of-longest-increasing-subsequence
/questions/64304343/nice-subsequence-a-variant-of-longest-increasing-subsequence
/questions/71185090/what-is-the-most-efficient-way-of-finding-the-longest-increasing-subsequence-so
/questions/33244424/length-and-sum-of-longest-increasing-subsequence
/questions/12859686/sqlite-is-it-possible-to-calculate-the-length-of-the-longest-increasing-subseque
/questions/32758764/algorithm-for-determining-the-longest-increasing-subsequence
/questions/22923646/number-of-all-longest-increasing-subsequences
/questions/5370658/find-the-longest-increasing-subsequence-in-a-2-d-array
/questions/33778471/longest-increasing-unique-subsequence
/questions/23411884/longest-increasing-subsequence-linear-time-solution
/questions/29452774/algorithm-for-longest-increasing-subsequence-timing-out
/questions/72168092/how-to-find-the-longest-odd-even-increasing-subsequence-in-python
/questions/14702732/find-the-longest-increasing-subsequence-from-start-to-end
/questions/70896165/how-to-find-longest-non-decreasing-subsequence-containing-duplicates-in-on-or
/questions/12458641/applications-of-longest-increasing-subsquence
/questions/8658187/find-the-length-of-the-longest-increasing-subsequence-using-only-one-auxiliary-r
/questions/7918255/find-the-longest-increasing-subsequence-lis
/questions/43166358/maximum-of-longest-increasing-sequences
/questions/56281692/python-longest-increasing-subsequence-of-indexes-in-a-array
/questions/5795646/uva-10134-is-bigger-smarter-dynamic-programming-and-longest-increasing-subseq
/questions/60727004/longest-increasing-and-decreasing-subsequence-top-down-with-memoization
/questions/66590291/how-to-find-the-longest-alternating-increasing-subsequence-by-alternating-betwee
/questions/28704714/finding-the-longest-increasing-contiguous-subsequence
/questions/44362887/length-of-longest-increasing-subsequence
/questions/62047506/longest-increasing-subsequence-variations-dynamic-programming
/questions/67851409/where-am-i-going-wrong-in-this-implementation-of-the-longest-increasing-subsequ
/questions/29057054/longest-increasing-subsequence-using-2-3-tree
/questions/22046461/number-of-longest-increasing-subsequence
/questions/4636372/number-of-all-increasing-subsequences-in-given-sequence
/questions/51034245/constructing-longest-increasing-subsequence-from-stage-1-of-the-patience-sort
/questions/53127375/dynamic-programming-longest-increasing-subsequence
/questions/26523198/how-to-print-out-longest-increasing-subsequence-by-recursion
/questions/26770846/largest-increasing-subsequence-with-on2-using-recursions
/questions/28679991/finding-the-longest-contiguous-subsequence-in-an-array
/questions/8782943/maximum-weight-increasing-subsequence
/questions/20664920/longest-convex-subsequence-in-an-array
/questions/14492047/longest-subarray-that-has-elements-in-increasing-order
/questions/67872887/drracket-find-the-longest-increasing-subsequence
/questions/39131995/longest-increasing-subsequence-with-maximum-sum-plus-constraint-allowed-number
/questions/39074402/can-i-get-an-explanation-for-how-optimal-substructure-is-used-to-find-the-longes
/questions/53737492/increasing-subsequence-recursive-java
/questions/8716934/longest-increasing-subsequence-lis-with-two-numbers
/questions/39687644/the-length-of-second-longest-increasing-subsequence
/questions/61623917/longest-increasing-subsequence-javascript-facebook-algo
/questions/18651417/how-can-i-get-the-longest-increasing-subsequence-in-a-string
/questions/44477733/longest-increasing-substring-with-gap
/questions/69730139/largest-sum-of-all-increasing-subsequences-of-length-k
/questions/26458424/to-find-all-longest-increasing-subsequences-given-an-array-of-integers-dynamic
/questions/30861957/longest-increasing-subsequence-code-in-on
/questions/69599206/longest-increasing-subsequence-using-recursion-and-cache
/questions/74539332/function-to-find-the-longest-increasing-subsequence-without-arrays
/questions/39952186/longest-increasing-subsequence-in-on-time
/questions/9582176/non-increasing-and-non-decreasing-subsequence
/questions/47495926/counting-number-of-longest-increasing-subsequences-by-evolving-recursive-solutio
/questions/6914969/dynamic-programming-find-longest-subsequence-that-is-zig-zag
/questions/62791561/find-the-length-of-longest-increasing-subsequence-c
/questions/14806328/how-to-print-longest-increasing-subsequencelis-from-a-given-array
/questions/49985779/find-increasing-and-decreasing-subsequence-in-an-array-python
/questions/7284646/explain-the-algorithm-to-solve-longest-increasing-subsequence-problem
/questions/34561569/longest-increasing-subsequence-in-python-for-vs-while-loop
/questions/75061379/find-minium-of-increasing-subseqeunces-in-permutation
/questions/9764512/longest-subsequence-that-first-increases-then-decreases
/questions/54932944/subsequence-in-a-sequence-of-numbers-in-scala
/questions/27684943/solve-the-longest-array-subsequence-program-in-c-sharp
/questions/12462916/longest-subsequence-with-alternating-increasing-and-decreasing-values
/questions/33174985/how-do-you-check-if-one-array-is-a-subsequence-of-another
/questions/46869643/what-is-the-method-equivalent-to-push-back-c-in-java
/questions/55557384/returning-list-append-throws-typeerror-unsupported-operand-types-in-recur
/questions/37156311/lis-longest-increasing-subsequence-algorithm-in-php-onlogn
/questions/10723794/how-to-use-lis-to-solve-10635-uva
/questions/16120751/is-this-longest-common-subsequence-correct
/questions/60790740/the-system-cannot-find-the-file-specified-c
/questions/53143539/how-does-complexity-get-reduced-to-on2-from-o2n-in-case-of-memoization
/questions/34834082/finding-continuous-subsequence-that-minimizes-the-average-of-the-rest-of-the-arr
/questions/35978058/divide-and-conquer-algorithm-for-longest-increasing-consecutive-sequence-in-an-a
/questions/47244167/find-the-lis-with-the-maximum-sum
/questions/37661079/can-dynamic-programming-problems-always-be-represented-as-dag
/questions/66740038/c-multiple-conditions-in-for-loop-getting-incorrect-result
/questions/58062873/how-to-implement-lexicographical-order-string-converter-longest-increasing-subs
/questions/21437133/why-can-i-not-solve-the-longest-increasing-subsequence-by-simply-sorting-the-seq
/questions/26072635/need-to-understand-answer-of-algorithm
/questions/31810136/find-out-multiple-nonintersecting-increasing-sequences-in-an-array-of-maximal-co
/questions/37561909/does-there-exist-a-top-down-dynamic-programming-solution-for-longest-increasing
/questions/65468120/llvm-error-out-of-memory-how-to-fix-this-error-if-its-fixable
/questions/40667713/extracting-the-subsequence-of-maximum-length-from-a-sequence-python
/questions/67766370/longest-sequence-that-holds-a-property-in-dafny
/questions/19469485/longest-incresing-subsequence-to-solve-building-bridge
/questions/46007822/longest-non-decreasing-subsequence-with-minimal-sum
/questions/32427464/most-efficient-way-to-find-longest-incrementing-subsequence-in-a-list-of-lists
/questions/66497315/dynamic-programming-can-recursion-with-memoization-work-with-any-recursive-solu
/questions/38283710/python-loop-through-list-and-return-out-of-sequence-values
/questions/32533724/does-a-subsequence-need-to-be-continuous
/questions/26789126/indexoutofboundsexception-issue
/questions/31893052/what-is-the-purpose-of-the-fourth-line-of-code-particularly-lj-1-here
/questions/59009492/why-doesnt-my-recursive-longest-increasing-subsequence-function-work-for-large
/questions/6132688/finding-the-longest-palindrome-subsequence-with-less-memory
/questions/60733819/what-is-the-complexity-for-stdupper-bound-and-stdlower-bound-for-vector-in-c
/questions/35671095/explain-this-line-of-code
/questions/21715892/longest-nondecreasing-subsequence-in-onlgn
/questions/62856344/tips-on-optimizing-dp-solution-further
/questions/40958301/longest-increasing-sub-sequence-in-a-range
/questions/43236912/how-does-finding-a-longest-increasing-subsequence-that-ends-with-a-particular-el
/questions/61983382/defining-algorithm
/questions/49941251/finding-longest-sequence-according-to-requirements-dynamic-programming
/questions/41532861/lis-for-coordinate-values-in-onlogn-or-onlog2n
/questions/45067878/how-to-check-whether-each-element-is-in-any-longest-increasing-subsequence-of-an
/questions/28281773/longest-non-decreasing-sub-sequence-in-onlogn
/questions/68337336/non-tail-recursion-within-a-for-loop
/questions/49584045/can-we-solve-the-longest-increasing-subsequence-prob-by-designing-the-binary-sea
/questions/48735586/can-you-break-this-pythonic-list-comprehension-down
/questions/55157450/what-is-common-practice-of-saving-function-definitions-in-asp-net-mvc
/questions/59445681/finding-the-length-of-the-longest-subsequence
/questions/51905600/remove-one-number-from-array-of-number-to-sort-the-array
/questions/35075862/longest-bitonic-subsequence-in-onlogn-complexity
/questions/12042356/memoization-or-tabulation-approach-for-dynamic-programming
/questions/49739685/haskell-values-do-not-save-after-a-form-loop
/questions/39993507/how-do-i-memoize-this-lis-python2-7-algorithm-properly
/questions/26783760/segmentation-fault-core-dumped-error-in-a-c-search-function
/questions/60859084/recursive-call-resulting-in-nonetype-return
/questions/51469160/why-do-i-get-list-index-out-of-range-even-though-ive-kept-a-condition-to-check
/questions/41170865/longest-consecutive-subsequence-in-dates-array
/questions/33983244/how-to-prove-correctness-of-the-following-algo
/questions/71896612/how-can-i-use-issrderd-and-subsequences
/questions/57447436/length-of-longest-increasing-subarray-after-rotating-array-left-right
/questions/21230912/improving-the-longest-increasing-sequence-algorithm
/questions/9158376/dynamic-programming-algorithms-and-real-world-usage
/questions/66192501/can-someone-explain-this-longest-common-subsequence-algorithm
/questions/52610357/dictionary-mutability-issue-while-adding-new-key-and-value-to-the-dictionary-in
/questions/34776426/using-global-variables-in-python-function
/questions/65823590/finding-total-number-of-subsequences-in-an-array-with-consecutive-difference-k
/questions/31461998/how-to-print-the-actual-bitonic-subsequence
/questions/60131640/debug-recursion-problem-incorrect-output
/questions/37778862/is-this-sequence-an-increasing-or-decreasing-subsequence
/questions/54139457/need-help-understanding-why-the-following-code-does-not-work
/questions/55328671/problem-with-getting-longest-convex-subsequence
/questions/5894121/c-reading-a-sequence-of-integers
/questions/57439136/java-error-trying-to-convert-comparable-array-to-integer-array
/questions/47706958/longest-monotonically-decreasing-subsequence-with-no-consecutive-elements-inclu
/questions/7822243/obtaining-the-actual-steps-of-a-solution-that-has-been-obtained-using-dynamic-pr
/questions/61850471/longest-consecutive-sequence-where-each-element-is-less-than-3
/questions/10230883/patience-diff-what-exactly-is-done-in-the-last-phase-for-non-unique-lines
/questions/38207523/what-is-wrong-with-my-solution-spoj-altseq
/questions/71176657/why-lcis-should-be-solved-with-dynamic-programming-design
/questions/29331623/consistent-monotonic-subsequence
/questions/18241277/discover-long-patterns
/questions/18286193/get-list-of-values-from-a-nested-python-data-structure-using-a-list-comprehensio
/questions/37509395/dynamic-programming-box-stacking-variation
/questions/39380209/dynamic-programming-algorithm-notation
/questions/27804046/zig-zag-sequencedynamic-programming-bugs
/questions/17946740/add-value-to-first-list-of-lists-matching-predicate
/questions/42703518/longest-common-subsequence-required-length-on-contiguous-parts
/questions/70286899/leetcode673why-did-my-solution-run-out-of-time
/questions/70278843/when-to-use-a-matrix-vs-1d-array-for-dynamic-programming-problems
/questions/9825693/looking-for-an-efficient-array-like-structure-that-supports-replace-one-member
/questions/68010840/finding-longest-weak-twin-that-occurs-as-a-subsequence-of-a-given-sequence
/questions/34217775/minimum-number-of-actions-needed-to-sort-an-array
/questions/60477338/complexity-of-recursion-in-nested-loops-in-dynamic-and-non-dynamic-programming
/questions/25342775/algorithm-for-erase-as-few-numbers-as-possible-to-make-remaining-in-increasing
/questions/64629615/javascript-dynamic-programming-table-cant-index-2d-array-like-in-python-in-som
/questions/11486868/wrong-answer-on-spoj
/questions/23794924/longest-consecutive-downfall-in-financial-series
/questions/66282774/what-is-the-most-appropriate-data-structure-supporting-binary-search-to-solve-li
/questions/41261843/runtime-complexity-correctedness-of-lis
/questions/45314870/javascript-find-out-of-sequence-dates
/questions/45268344/solving-dynamic-programming-problems-using-functional-programming
/questions/63584076/profit-maximization-based-on-dynamix-programming
/questions/69411493/construct-chains-of-pairs-of-numbers-with-one-common-member
/questions/57318811/what-is-the-algorithm-and-underlying-structure-of-this-recursive-dp-algorithm-ab
/questions/41192639/algorithm-of-minimum-steps-to-transform-a-list-to-the-desired-array-using-inse
/questions/67482069/longest-substring-without-repeatition-bruteforce-algorithm-error-leetcode
/questions/10702217/optimize-code-for-longest-common-sequence
/questions/20509383/longest-substring-computational-complexity
/questions/26322023/sort-array-in-the-minimum-number-of-moves
/questions/62690592/how-to-get-longest-sub-ascending-array-which-is-not-necessarily-have-to-be-cont
/questions/61851439/getting-two-different-answers-on-same-input-just-by-different-methods-of-initial
/questions/56913525/what-are-the-differences-in-time-and-space-complexity-between-these-2-algorithms
/questions/67190325/helping-to-solve-the-algorithm-by-dynamic-programming
/questions/9754620/maintain-the-same-sorted-order-using-different-comparisons
/questions/47246003/maximize-sum-of-weights-with-constraints-given-on-left-and-right-indices-in-arra
/questions/51644831/why-is-my-algorithm-timing-out
/questions/41370387/find-maximal-subset-of-all-non-connected-elements-if-elements-swapped-in-bubble
/questions/63386062/is-the-computational-complexity-of-counting-runs-in-cribbage-onlogn-in-the
/questions/40813044/nested-boxes-algorithm-based-on-nested-dolls-but-fundamentally-different
/questions/51640114/pyspark-dataframe-efficient-ways-for-on2-complexity-looping
/questions/26093196/converted-c-code-into-javascript-but-return-incorrect-result
/questions/52562611/javascript-heap-out-of-memory-using-lodash-memoize
/questions/2631726/how-to-determine-the-longest-increasing-subsequence-using-dynamic-programming
/questions/3992697/longest-increasing-subsequence
/questions/33157759/longest-increasing-subsequence-2d
/questions/72233044/longest-increasing-subsequence-with-minimum-sum
/questions/54885750/first-longest-increasing-subsequence
/questions/71026177/longest-increasing-subsequence-problem-with-javascript
/questions/10144899/longest-increasing-subsequence-from-each-element
/questions/9554266/finding-all-possible-longest-increasing-subsequence
/questions/19611865/ocaml-searchin-longest-increasing-subsequence
/questions/72839667/longest-increasing-subsequence-length-and-value
/questions/70179854/longest-increasing-subsequence-wrong-answer
/questions/10156504/find-the-longest-increasing-subsequence-with-the-maximum-sum
/questions/63549824/longest-increasing-subsequence-problem-leetcode
/questions/20421150/longest-increasing-subsequence-linear-time
/questions/38160542/longest-increasing-subsequence-optimization
/questions/28000601/patience-sort-and-finding-the-longest-increasing-subsequence
/questions/17373856/display-the-longest-increasing-subsequence
/questions/27333038/longest-increasing-subsequence
/questions/38726844/trouble-understanding-longest-increasing-subsequence
/questions/41090875/longest-increasing-subsequence-dynamic-programing
/questions/47106257/longest-increasing-subsequence-recursive-version
/questions/41822620/longest-increasing-subsequences
/questions/43162136/longest-increasing-cyclic-subsequence
/questions/39977451/how-to-find-the-longest-increasing-subsequence
/questions/48718182/longest-increasing-subsequence-efficient-algorithm-implementation-in-python
/questions/34656050/reducing-longest-common-subsequence-to-longest-increasing-subsequence
/questions/31562915/php-longest-increasing-subsequence
/questions/61756463/how-to-make-this-longest-increasing-subsequence-program-return-this-subsequence
/questions/55760809/why-am-i-finding-the-longest-increasing-subsequence-instead-of-the-longest-decre
/questions/52576052/error-in-longest-increasing-subsequence-in-python
/questions/40732489/how-to-print-the-actual-longest-increasing-subsequence-not-just-length
/questions/64759597/how-to-read-this-longest-increasing-subsequence-recurrence-relation
/questions/61779997/algorithm-behind-longest-increasing-subsequence
/questions/42310237/debug-longest-increasing-subsequence-ruby
/questions/64087026/competitive-programmer-s-handbook-longest-increasing-subsequence-explanation
/questions/32565957/prolog-finding-the-longest-increasing-subsequence
/questions/12346348/find-the-longest-increasing-subsequence-of-a-list-in-c
/questions/71862329/how-to-find-the-longest-increasing-subsequence-without-sorting
/questions/43027431/how-to-make-a-call-of-this-recursive-longest-increasing-subsequence-function
/questions/22970883/lis-longest-increasing-subsequence-algorithm
/questions/42098627/another-approach-for-finding-longest-increasing-subsequence
/questions/23762077/determine-which-items-in-an-array-are-part-of-longest-increasing-subsequences
/questions/26761577/find-the-length-of-the-longest-increasing-subsequence
/questions/47737052/longest-increasing-subsequence-length-in-nlogn-understanding-the-algo
/questions/20893357/iterative-solution-to-finding-longest-increasing-subsequence-using-python
/questions/76403742/longest-increasing-subsequence-leetcode-300
/questions/39920015/longest-increasing-subsequence-using-binary-search
/questions/21712133/the-number-of-increasing-subsequences-using-the-longest-increasing-subsequence
/questions/68290484/leetcode-longest-increasing-subsequence
/questions/35032468/longest-increasing-subsequence-in-a-2d-matrix
/questions/7288585/building-bridges-problem-how-to-apply-longest-increasing-subsequence
/questions/50472478/constrained-longest-increasing-subsequence
/questions/58346799/longest-increasing-subsequence-after-rearranging-k-subarrays
/questions/21796992/finding-all-possible-longest-increasing-subsequence-using-recursion
/questions/39232919/issues-with-longest-increasing-subsequence-naive-approach
/questions/58835850/longest-increasing-subsequence-where-is-the-error
/questions/46867679/c-sharp-collections-vs-arrays-longest-increasing-subsequence-benefits
/questions/72581336/longest-increasing-subsequence-why-topdown-code-is-not-working-working
/questions/19975276/longest-monotonic-subsequence-algorithm-not-longest-increasing-algorithm
/questions/56155854/longest-increasing-subsequence-with-k-exceptions-allowed
/questions/56155854/longest-increasing-subsequence-with-k-exceptions-allowed
/questions/27456128/longest-increasing-subsequence-of-a-1-2-n-permutation
/questions/26200468/longest-increasing-subsequence-of-a-set-of-disjoint-decreasing-sequences
/questions/46371254/how-to-find-longest-increasing-subsequence-among-all-simple-paths-of-an-unweight
/questions/21969345/number-of-longest-increasing-subsequences
/questions/63166843/top-down-approach-of-longest-increasing-subsequence
/questions/68344360/longest-increasing-subsequence-in-a-linked-list-of-integers
/questions/68027064/longest-increasing-subsequence-with-binary-search
/questions/65693558/find-the-longest-increasing-subsequence-of-a-given-array-of-integers-a
/questions/59474521/longest-k-sequential-increasing-subsequences
/questions/25608857/longest-increasing-subsequence-not-able-to-understand-the-actual-lis-creation
/questions/67827601/cost-function-of-a-dynamic-solution-to-the-longest-increasing-subsequence-prob
/questions/21505522/potential-on-solution-to-longest-increasing-subsequence
/questions/35005566/longest-common-increasing-subsequence-dynamic-programming
/questions/32599640/circular-longest-increasing-subsequence
/questions/57896097/node-structure-in-longest-increasing-subsequence-algorithm-jacobson-vo
/questions/41719683/longest-increasing-subsequence-algorithm-works-wrong-no-idea-why
/questions/7833392/how-to-find-the-actual-sequence-of-a-longest-increasing-subsequence
/questions/20588021/how-does-algorithm-for-longest-increasing-subsequence-onlogn-work
/questions/30533790/how-can-we-assure-that-a-bitonic-sequence-will-be-formed-from-one-longest-increa
/questions/52281888/find-longest-increasing-subsequence-with-adjacent-elements-having-a-difference-o
/questions/67698793/vectorization-or-efficient-way-to-calculate-longest-increasing-subsequence-of-tu
/questions/13781979/memoization-for-recursive-longest-increasing-subsequence
/questions/23743171/what-is-the-most-optimized-algorithm-to-find-all-longest-increasing-subsequence
/questions/40943834/c-lislongest-increasing-subsequence-using-segment-tree
/questions/70641267/when-adding-cache-to-my-longest-increasing-subsequence-solution-answer-is-not-c
/questions/37717410/dp-longest-increasing-subsequence-thought-process-solution
/questions/73264743/longest-increasing-subsequence-and-tracing
/questions/27324717/obtaining-the-longest-increasing-subsequence-in-python
/questions/54371081/r-print-all-longest-increasing-subsequences-lis
/questions/52028431/length-of-longest-increasing-subsequence-on-complexity
/questions/69879891/why-is-an-ancestral-array-needed-when-recovering-longest-increasing-subsequence
/questions/18901499/proof-of-longest-increasing-subsequence-using-greedy-patience-sort
/questions/76607200/python-recursion-to-find-the-longest-increasing-subsequence-with-specific-limita
/questions/6129682/longest-increasing-subsequenceonlogn
/questions/4938833/find-longest-increasing-sequence
/questions/67842204/longest-increasing-subsequence-problem-n-log-n-solution-that-returns-the-actua
/questions/64410117/finding-the-longest-increasing-subsequence-of-an-array-in-python
/questions/42350612/1d-memoization-in-recursive-solution-of-longest-increasing-subsequence
/questions/64304343/nice-subsequence-a-variant-of-longest-increasing-subsequence
/questions/71185090/what-is-the-most-efficient-way-of-finding-the-longest-increasing-subsequence-so
/questions/33244424/length-and-sum-of-longest-increasing-subsequence
/questions/12859686/sqlite-is-it-possible-to-calculate-the-length-of-the-longest-increasing-subseque
/questions/32758764/algorithm-for-determining-the-longest-increasing-subsequence
/questions/22923646/number-of-all-longest-increasing-subsequences
/questions/5370658/find-the-longest-increasing-subsequence-in-a-2-d-array
/questions/33778471/longest-increasing-unique-subsequence
/questions/23411884/longest-increasing-subsequence-linear-time-solution
/questions/29452774/algorithm-for-longest-increasing-subsequence-timing-out
/questions/72168092/how-to-find-the-longest-odd-even-increasing-subsequence-in-python
/questions/14702732/find-the-longest-increasing-subsequence-from-start-to-end
/questions/70896165/how-to-find-longest-non-decreasing-subsequence-containing-duplicates-in-on-or
/questions/12458641/applications-of-longest-increasing-subsquence
/questions/8658187/find-the-length-of-the-longest-increasing-subsequence-using-only-one-auxiliary-r
/questions/7918255/find-the-longest-increasing-subsequence-lis
/questions/43166358/maximum-of-longest-increasing-sequences
/questions/56281692/python-longest-increasing-subsequence-of-indexes-in-a-array
/questions/5795646/uva-10134-is-bigger-smarter-dynamic-programming-and-longest-increasing-subseq
/questions/60727004/longest-increasing-and-decreasing-subsequence-top-down-with-memoization
/questions/66590291/how-to-find-the-longest-alternating-increasing-subsequence-by-alternating-betwee
/questions/28704714/finding-the-longest-increasing-contiguous-subsequence
/questions/44362887/length-of-longest-increasing-subsequence
/questions/62047506/longest-increasing-subsequence-variations-dynamic-programming
/questions/67851409/where-am-i-going-wrong-in-this-implementation-of-the-longest-increasing-subsequ
/questions/29057054/longest-increasing-subsequence-using-2-3-tree
/questions/22046461/number-of-longest-increasing-subsequence
/questions/4636372/number-of-all-increasing-subsequences-in-given-sequence
/questions/51034245/constructing-longest-increasing-subsequence-from-stage-1-of-the-patience-sort
/questions/53127375/dynamic-programming-longest-increasing-subsequence
/questions/26523198/how-to-print-out-longest-increasing-subsequence-by-recursion
/questions/26770846/largest-increasing-subsequence-with-on2-using-recursions
/questions/28679991/finding-the-longest-contiguous-subsequence-in-an-array
/questions/8782943/maximum-weight-increasing-subsequence
/questions/20664920/longest-convex-subsequence-in-an-array
/questions/14492047/longest-subarray-that-has-elements-in-increasing-order
/questions/67872887/drracket-find-the-longest-increasing-subsequence
/questions/39131995/longest-increasing-subsequence-with-maximum-sum-plus-constraint-allowed-number
/questions/39074402/can-i-get-an-explanation-for-how-optimal-substructure-is-used-to-find-the-longes
/questions/53737492/increasing-subsequence-recursive-java
/questions/8716934/longest-increasing-subsequence-lis-with-two-numbers
/questions/39687644/the-length-of-second-longest-increasing-subsequence
/questions/61623917/longest-increasing-subsequence-javascript-facebook-algo
/questions/18651417/how-can-i-get-the-longest-increasing-subsequence-in-a-string
/questions/44477733/longest-increasing-substring-with-gap
/questions/69730139/largest-sum-of-all-increasing-subsequences-of-length-k
/questions/26458424/to-find-all-longest-increasing-subsequences-given-an-array-of-integers-dynamic
/questions/30861957/longest-increasing-subsequence-code-in-on
/questions/69599206/longest-increasing-subsequence-using-recursion-and-cache
/questions/74539332/function-to-find-the-longest-increasing-subsequence-without-arrays
/questions/39952186/longest-increasing-subsequence-in-on-time
/questions/9582176/non-increasing-and-non-decreasing-subsequence
/questions/47495926/counting-number-of-longest-increasing-subsequences-by-evolving-recursive-solutio
/questions/6914969/dynamic-programming-find-longest-subsequence-that-is-zig-zag
/questions/62791561/find-the-length-of-longest-increasing-subsequence-c
/questions/14806328/how-to-print-longest-increasing-subsequencelis-from-a-given-array
/questions/49985779/find-increasing-and-decreasing-subsequence-in-an-array-python
/questions/7284646/explain-the-algorithm-to-solve-longest-increasing-subsequence-problem
/questions/34561569/longest-increasing-subsequence-in-python-for-vs-while-loop
/questions/75061379/find-minium-of-increasing-subseqeunces-in-permutation
/questions/9764512/longest-subsequence-that-first-increases-then-decreases
/questions/54932944/subsequence-in-a-sequence-of-numbers-in-scala
/questions/27684943/solve-the-longest-array-subsequence-program-in-c-sharp
/questions/12462916/longest-subsequence-with-alternating-increasing-and-decreasing-values
/questions/33174985/how-do-you-check-if-one-array-is-a-subsequence-of-another
/questions/46869643/what-is-the-method-equivalent-to-push-back-c-in-java
/questions/55557384/returning-list-append-throws-typeerror-unsupported-operand-types-in-recur
/questions/37156311/lis-longest-increasing-subsequence-algorithm-in-php-onlogn
/questions/10723794/how-to-use-lis-to-solve-10635-uva
/questions/16120751/is-this-longest-common-subsequence-correct
/questions/60790740/the-system-cannot-find-the-file-specified-c
/questions/53143539/how-does-complexity-get-reduced-to-on2-from-o2n-in-case-of-memoization
/questions/34834082/finding-continuous-subsequence-that-minimizes-the-average-of-the-rest-of-the-arr
/questions/35978058/divide-and-conquer-algorithm-for-longest-increasing-consecutive-sequence-in-an-a
/questions/47244167/find-the-lis-with-the-maximum-sum
/questions/37661079/can-dynamic-programming-problems-always-be-represented-as-dag
/questions/66740038/c-multiple-conditions-in-for-loop-getting-incorrect-result
/questions/58062873/how-to-implement-lexicographical-order-string-converter-longest-increasing-subs
/questions/21437133/why-can-i-not-solve-the-longest-increasing-subsequence-by-simply-sorting-the-seq
/questions/26072635/need-to-understand-answer-of-algorithm
/questions/31810136/find-out-multiple-nonintersecting-increasing-sequences-in-an-array-of-maximal-co
/questions/37561909/does-there-exist-a-top-down-dynamic-programming-solution-for-longest-increasing
/questions/65468120/llvm-error-out-of-memory-how-to-fix-this-error-if-its-fixable
/questions/40667713/extracting-the-subsequence-of-maximum-length-from-a-sequence-python
/questions/67766370/longest-sequence-that-holds-a-property-in-dafny
/questions/19469485/longest-incresing-subsequence-to-solve-building-bridge
/questions/46007822/longest-non-decreasing-subsequence-with-minimal-sum
/questions/32427464/most-efficient-way-to-find-longest-incrementing-subsequence-in-a-list-of-lists
/questions/66497315/dynamic-programming-can-recursion-with-memoization-work-with-any-recursive-solu
/questions/38283710/python-loop-through-list-and-return-out-of-sequence-values
/questions/32533724/does-a-subsequence-need-to-be-continuous
/questions/26789126/indexoutofboundsexception-issue
/questions/31893052/what-is-the-purpose-of-the-fourth-line-of-code-particularly-lj-1-here
/questions/59009492/why-doesnt-my-recursive-longest-increasing-subsequence-function-work-for-large
/questions/6132688/finding-the-longest-palindrome-subsequence-with-less-memory
/questions/60733819/what-is-the-complexity-for-stdupper-bound-and-stdlower-bound-for-vector-in-c
/questions/35671095/explain-this-line-of-code
/questions/21715892/longest-nondecreasing-subsequence-in-onlgn
/questions/62856344/tips-on-optimizing-dp-solution-further
/questions/40958301/longest-increasing-sub-sequence-in-a-range
/questions/43236912/how-does-finding-a-longest-increasing-subsequence-that-ends-with-a-particular-el
/questions/61983382/defining-algorithm
/questions/49941251/finding-longest-sequence-according-to-requirements-dynamic-programming
/questions/41532861/lis-for-coordinate-values-in-onlogn-or-onlog2n
/questions/45067878/how-to-check-whether-each-element-is-in-any-longest-increasing-subsequence-of-an
/questions/28281773/longest-non-decreasing-sub-sequence-in-onlogn
/questions/68337336/non-tail-recursion-within-a-for-loop
/questions/49584045/can-we-solve-the-longest-increasing-subsequence-prob-by-designing-the-binary-sea
/questions/48735586/can-you-break-this-pythonic-list-comprehension-down
/questions/55157450/what-is-common-practice-of-saving-function-definitions-in-asp-net-mvc
/questions/59445681/finding-the-length-of-the-longest-subsequence
/questions/51905600/remove-one-number-from-array-of-number-to-sort-the-array
/questions/35075862/longest-bitonic-subsequence-in-onlogn-complexity
/questions/12042356/memoization-or-tabulation-approach-for-dynamic-programming
/questions/49739685/haskell-values-do-not-save-after-a-form-loop
/questions/39993507/how-do-i-memoize-this-lis-python2-7-algorithm-properly
/questions/26783760/segmentation-fault-core-dumped-error-in-a-c-search-function
/questions/60859084/recursive-call-resulting-in-nonetype-return
/questions/51469160/why-do-i-get-list-index-out-of-range-even-though-ive-kept-a-condition-to-check
/questions/41170865/longest-consecutive-subsequence-in-dates-array
/questions/33983244/how-to-prove-correctness-of-the-following-algo
/questions/71896612/how-can-i-use-issrderd-and-subsequences
/questions/57447436/length-of-longest-increasing-subarray-after-rotating-array-left-right
/questions/21230912/improving-the-longest-increasing-sequence-algorithm
/questions/9158376/dynamic-programming-algorithms-and-real-world-usage
/questions/66192501/can-someone-explain-this-longest-common-subsequence-algorithm
/questions/52610357/dictionary-mutability-issue-while-adding-new-key-and-value-to-the-dictionary-in
/questions/34776426/using-global-variables-in-python-function
/questions/65823590/finding-total-number-of-subsequences-in-an-array-with-consecutive-difference-k
/questions/31461998/how-to-print-the-actual-bitonic-subsequence
/questions/60131640/debug-recursion-problem-incorrect-output
/questions/37778862/is-this-sequence-an-increasing-or-decreasing-subsequence
/questions/54139457/need-help-understanding-why-the-following-code-does-not-work
/questions/55328671/problem-with-getting-longest-convex-subsequence
/questions/5894121/c-reading-a-sequence-of-integers
/questions/57439136/java-error-trying-to-convert-comparable-array-to-integer-array
/questions/47706958/longest-monotonically-decreasing-subsequence-with-no-consecutive-elements-inclu
/questions/7822243/obtaining-the-actual-steps-of-a-solution-that-has-been-obtained-using-dynamic-pr
/questions/61850471/longest-consecutive-sequence-where-each-element-is-less-than-3
/questions/10230883/patience-diff-what-exactly-is-done-in-the-last-phase-for-non-unique-lines
/questions/38207523/what-is-wrong-with-my-solution-spoj-altseq
/questions/71176657/why-lcis-should-be-solved-with-dynamic-programming-design
/questions/29331623/consistent-monotonic-subsequence
/questions/18241277/discover-long-patterns
/questions/18286193/get-list-of-values-from-a-nested-python-data-structure-using-a-list-comprehensio
/questions/37509395/dynamic-programming-box-stacking-variation
/questions/39380209/dynamic-programming-algorithm-notation
/questions/27804046/zig-zag-sequencedynamic-programming-bugs
/questions/17946740/add-value-to-first-list-of-lists-matching-predicate
/questions/42703518/longest-common-subsequence-required-length-on-contiguous-parts
/questions/70286899/leetcode673why-did-my-solution-run-out-of-time
/questions/70278843/when-to-use-a-matrix-vs-1d-array-for-dynamic-programming-problems
/questions/9825693/looking-for-an-efficient-array-like-structure-that-supports-replace-one-member
/questions/68010840/finding-longest-weak-twin-that-occurs-as-a-subsequence-of-a-given-sequence
/questions/34217775/minimum-number-of-actions-needed-to-sort-an-array
/questions/60477338/complexity-of-recursion-in-nested-loops-in-dynamic-and-non-dynamic-programming
/questions/25342775/algorithm-for-erase-as-few-numbers-as-possible-to-make-remaining-in-increasing
/questions/64629615/javascript-dynamic-programming-table-cant-index-2d-array-like-in-python-in-som
/questions/11486868/wrong-answer-on-spoj
/questions/23794924/longest-consecutive-downfall-in-financial-series
/questions/66282774/what-is-the-most-appropriate-data-structure-supporting-binary-search-to-solve-li
/questions/41261843/runtime-complexity-correctedness-of-lis
/questions/45314870/javascript-find-out-of-sequence-dates
/questions/45268344/solving-dynamic-programming-problems-using-functional-programming
/questions/63584076/profit-maximization-based-on-dynamix-programming
/questions/69411493/construct-chains-of-pairs-of-numbers-with-one-common-member
/questions/57318811/what-is-the-algorithm-and-underlying-structure-of-this-recursive-dp-algorithm-ab
/questions/41192639/algorithm-of-minimum-steps-to-transform-a-list-to-the-desired-array-using-inse
/questions/67482069/longest-substring-without-repeatition-bruteforce-algorithm-error-leetcode
/questions/10702217/optimize-code-for-longest-common-sequence
/questions/20509383/longest-substring-computational-complexity
/questions/26322023/sort-array-in-the-minimum-number-of-moves
/questions/62690592/how-to-get-longest-sub-ascending-array-which-is-not-necessarily-have-to-be-cont
/questions/61851439/getting-two-different-answers-on-same-input-just-by-different-methods-of-initial
/questions/56913525/what-are-the-differences-in-time-and-space-complexity-between-these-2-algorithms
/questions/67190325/helping-to-solve-the-algorithm-by-dynamic-programming
/questions/9754620/maintain-the-same-sorted-order-using-different-comparisons
/questions/47246003/maximize-sum-of-weights-with-constraints-given-on-left-and-right-indices-in-arra
/questions/51644831/why-is-my-algorithm-timing-out
/questions/41370387/find-maximal-subset-of-all-non-connected-elements-if-elements-swapped-in-bubble
/questions/63386062/is-the-computational-complexity-of-counting-runs-in-cribbage-onlogn-in-the
/questions/40813044/nested-boxes-algorithm-based-on-nested-dolls-but-fundamentally-different
/questions/51640114/pyspark-dataframe-efficient-ways-for-on2-complexity-looping
/questions/26093196/converted-c-code-into-javascript-but-return-incorrect-result
/questions/52562611/javascript-heap-out-of-memory-using-lodash-memoize
