/questions/21562986/numpy-matrix-vector-multiplication
/questions/6058139/why-is-matlab-so-fast-in-matrix-multiplication
/questions/34142485/difference-between-numpy-dot-and-python-3-5-matrix-multiplication
/questions/22053050/difference-between-numpy-array-shape-r-1-and-r
/questions/26089893/understanding-numpys-einsum
/questions/3890621/how-does-multiplication-differ-for-numpy-matrix-vs-array-classes
/questions/8546756/matrix-multiplication-algorithm-time-complexity
/questions/11495723/why-is-strassen-matrix-multiplication-so-much-slower-than-standard-matrix-multip
/questions/19022226/sparse-matrix-matrix-multiplication
/questions/7636880/simple-cublas-matrix-multiplication-example
/questions/40050079/matrix-multiplication-c
/questions/5551020/cublas-matrix-multiplication
/questions/10575934/transformation-matrix-multiplication-by-matrix-type-c
/questions/32108324/matrix-multiplication-issues
/questions/15754643/java-matrix-operations-parallel-colt-matrix-matrix-multiplication
/questions/32108324/matrix-multiplication-issues
/questions/42537943/scipy-sparse-matrix-multiplication
/questions/23781473/explain-in-matrix-multiplication
/questions/14169222/faster-way-to-initialize-arrays-via-empty-matrix-multiplication-matlab
/questions/12541312/openmpi-matrix-multiplication
/questions/40938297/matrix-multiplication-issue
/questions/35924510/matrix-multiplication-issue-matlab
/questions/1907557/optimized-matrix-multiplication-in-c
/questions/33558755/matrix-multiplication-in-apache-spark
/questions/19404213/error-in-matrix-multiplication-in-java
/questions/5021930/matrix-multiplication-using-cuda
/questions/13469287/matrix-matrix-multiplication
/questions/1920031/strassens-algorithm-for-matrix-multiplication
/questions/58983425/python-matrix-multiplication-result-matrix-size
/questions/13469287/matrix-matrix-multiplication
/questions/17623876/matrix-multiplication-using-arrays
/questions/29234821/sparse-matrix-multiplication-with-python
/questions/76477717/algorithm-for-matrix-multiplication
/questions/36367313/template-matrix-matrix-multiplication-c
/questions/2658752/matrix-multiplication-in-java
/questions/22951829/ilnumerics-matrix-multiplication-operator
/questions/22807065/where-is-strassens-matrix-multiplication-useful
/questions/8332392/type-safe-matrix-multiplication
/questions/18255583/numpy-matrix-multiplication-shapes
/questions/37818772/matrix-multiplication-of-matrix-sequences
/questions/67409159/simd-matrix-multiplication-for-a-rectangular-matrix
/questions/4846938/divide-and-conquer-matrix-multiplication
/questions/67108085/matrix-multiplication-value-assigning-using-dlibmatrix
/questions/31314940/chain-matrix-multiplication
/questions/18410162/dgemm-or-dgemv-for-matrix-multiplication
/questions/46849168/abstract-matrix-multiplication-with-variables
/questions/4652268/what-are-the-different-types-of-algorithms-for-matrix-matrix-multiplication-mat
/questions/12596323/matrix-multiplication-in-hadoop
/questions/35341566/raspberry-pi-matrix-multiplication
/questions/66071262/matrix-multiplication-in-tibble
/questions/23146169/matlab-matrix-multiplication
/questions/40238135/result-of-matrix-multiplication-is-nan
/questions/15003939/matrix-multiplication-in-python
/questions/16967593/f-matrix-multiplication
/questions/40455901/multidimensional-matrix-multiplication
/questions/49761167/matrix-multiplication-c-language
/questions/33811888/matrix-vector-and-matrix-matrix-multiplication-using-sse
/questions/19590899/matrix-multiplication-error
/questions/10327726/cuda-matrix-multiplication
/questions/10327726/cuda-matrix-multiplication
/questions/61557151/matrix-multiplication-dimensions-confusing
/questions/68750782/the-openmp-matrix-multiplication
/questions/12264970/why-is-my-program-slow-when-looping-over-exactly-8192-elements
/questions/38627780/matrix-multiplication-typeerror
/questions/40313434/sse-matrix-matrix-multiplication
/questions/69160433/matrix-multiplication-for-certain-matrix-elements
/questions/55985900/custom-matrix-multiplication-with-numpy
/questions/49075029/two-matrix-multiplication-in-opencl
/questions/50106797/awk-matrix-multiplication
/questions/66953004/complex-matrix-multiplication-opencl
/questions/41575243/matrix-multiplication-using-mpi-scatter-and-mpi-gather
/questions/12701648/matrix-multiplication-optimization-via-matrix-transpose
/questions/73790008/cython-matrix-multiplication
/questions/31405643/matrix-multiplication-with-template-parameters-in-c
/questions/8480087/parallel-matrix-multiplication
/questions/28307449/matrix-multiplication-mpi-omp
/questions/74592528/matrix-vector-multiplication
/questions/14850511/js-matrix-multiplication-issue
/questions/26417295/differences-between-matrix-multiplication-and-array-dot
/questions/20014812/boolean-matrix-multiplication-in-matlab
/questions/44859321/how-to-perform-efficient-sparse-matrix-multiplication-by-using-tf-matmul
/questions/63218951/masked-matrix-multiplication
/questions/10162467/matrix-multiplication-in-c
/questions/15442244/python-matrix-multiplication
/questions/27925403/columnwise-matrix-multiplication
/questions/60966270/matrix-multiplication-using-c
/questions/67576137/matrix-multiplication-function
/questions/38376905/modifying-matrix-multiplication-in-matlab
/questions/33633370/how-to-print-the-value-of-a-tensor-object-in-tensorflow
/questions/42431649/matrix-multiplication-in-pyspark
/questions/40325165/matrix-multiplication-in-r-requires-numeric-complex-matrix-vector-arguments
/questions/72185848/jblas-2-d-matrix-multiplication
/questions/22672718/matrix-multiplication-but-with-variable-dimensions
/questions/9609747/encryption-by-matrix-multiplication
/questions/40034993/how-to-get-element-wise-matrix-multiplication-hadamard-product-in-numpy
/questions/8321851/parallel-matrix-multiplication-in-matlab
/questions/46881184/matrix-multiplication-c
/questions/65941480/replicating-matrix-matrix-multiplication-using-tensordot
/questions/24399525/openmp-for-matrix-multiplication
/questions/15502622/mysql-matrix-multiplication
/questions/69882575/cublas-matrix-matrix-multiplication-parameters
/questions/45442707/matrix-multiplication-explanation
/questions/20373880/matrix-multiplication-in-numpy
/questions/17716565/matrix-multiplication-time-complexity-in-matlab
/questions/72100483/matrix-multiplication-of-an-eigen-matrix-for-a-subset-of-columns
/questions/36470090/matrix-multiplication-floats
/questions/18405424/best-package-for-sparse-matrix-multiplication
/questions/32296003/matrix-multiplication-results-in-fraction
/questions/48515565/sparse-matrix-multiplication-complexity
/questions/25235303/matrix-multiplication-mpi-stop-working
/questions/47768767/matrix-multiplication-using-loop
/questions/43452004/implementation-of-convolution-matrix-matrix-multiplication-in-caffe
/questions/37766213/spark-matrix-multiplication-with-python
/questions/2037355/iphone-matrix-multiplication-and-inversion
/questions/64668162/matrix-multiplication-algorithm-complexity
/questions/32976487/matrix-multiplication-apache-pig
/questions/19408017/matrix-multiplication-of-10000-x-10000
/questions/35923787/fast-large-matrix-multiplication-in-r
/questions/41804380/testing-gpu-with-tensorflow-matrix-multiplication
/questions/27542085/numerical-test-for-matrix-multiplication
/questions/23674293/numpy-time-dependent-2d-matrix-multiplication
/questions/29059533/asserting-constraint-on-matrix-multiplication
/questions/3809265/numpy-matrix-multiplication
/questions/20413818/mpi-matrix-matrix-multiplication
/questions/15378811/binary-matrix-multiplication-in-java
/questions/30646998/matrix-multiplication-giving-na
/questions/52887351/scipy-gives-wrong-result-for-matrix-multiplication
/questions/15235109/pyopencl-matrix-multiplication
/questions/30040850/armadillo-matrix-multiplication-error
/questions/6061921/how-to-optimize-matrix-multiplication-operation
/questions/32775055/2d-transformation-matrix-multiplication
/questions/25424145/speedup-matrix-multiplication
/questions/75720310/broadcasting-for-matrix-multiplication
/questions/76493906/numpy-3d-matrix-multiplication-same-dimensions
/questions/51054227/why-is-this-naive-matrix-multiplication-faster-than-base-rs
/questions/18206816/error-using-simple-matrix-multiplication
/questions/13762392/matrix-multiplication-in-r-strange-results
/questions/39546756/fast-matrix-multiplication
/questions/45760666/static-matrix-multiplication-to-dynamic-matrix-in-c
/questions/74313265/segmentation-fault-during-matrix-multiplication
/questions/73683313/random-matrix-multiplication
/questions/62922016/is-numpy-matrix-multiplication-same-as-linear-algebra-matrix-multiplication
/questions/22851785/multithreading-on-numpy-pandas-matrix-multiplication
/questions/15974499/pthreads-matrix-multiplication-error
/questions/58273499/scipy-optimization-with-matrix-multiplication
/questions/46477095/matrix-multiplication-isnt-working
/questions/64541700/matrix-multiplication-with-numpy-arrays
/questions/68310018/matrix-multiplication-of-a-ndarray
/questions/4455645/what-is-the-best-matrix-multiplication-algorithm
/questions/19225184/practical-applications-of-matrix-multiplication-in-hadoop
/questions/15974499/pthreads-matrix-multiplication-error
/questions/20309239/rectangular-matrix-multiplication-in-cuda
/questions/59298903/why-can-matrix-matrix-multiplication-achieve-better-performance-than-matrix-vect
/questions/32294649/do-inner-workings-of-matlab-do-full-matrix-multiplication-when-matrix-multiplica
/questions/9207989/matrix-multiplication-in-objective-c
/questions/43440062/cannons-algorithm-of-matrix-multiplication
/questions/13663661/matrix-multiplication-behavior-in-numpy
/questions/14557067/large-matrix-multiplication-on-gpu
/questions/66468758/c-sharp-10000-x-10000-matrix-multiplication
/questions/7645201/fast-matrix-multiplication-in-matlab
/questions/65462337/how-to-combine-element-wise-multiplication-and-matrix-multiplication
/questions/56676649/tensorflow-matrix-multiplication-with-batching-and-broadcasting
/questions/74718935/matrix-multiplication-in-c-problem-with-inputs
/questions/66468758/c-sharp-10000-x-10000-matrix-multiplication
/questions/75481771/matrix-multiplication-in-c-with-unknown-sizes
/questions/66698120/matrix-multiplication-insider-a-data-table
/questions/21605051/opencl-matrix-multiplication
/questions/72983067/matrix-multiplication-from-the-data-frame-in-r
/questions/2020372/matrix-multiplication-in-gsl-gnu
/questions/12867099/strassen-matrix-multiplication-close-but-still-with-bugs
/questions/58715034/matrix-multiplication-using-numpy-array
/questions/40580149/overload-matrix-multiplication-for-s3-class-in-r
/questions/15889998/pandas-force-matrix-multiplication
/questions/32918308/matrix-multiplication-using-different-classes-java
/questions/68517564/inaccuracies-in-matrix-multiplication-c
/questions/29953066/opencv-matrix-multiplication-assertion
/questions/44937482/pandas-matrix-multiplication
/questions/74080595/incorrect-dimensions-for-matrix-multiplication
/questions/68517564/inaccuracies-in-matrix-multiplication-c
/questions/44937482/pandas-matrix-multiplication
/questions/65583672/3d-matrix-multiplication-in-numpy
/questions/40286900/java-lang-arrayindexoutofboundsexception-in-matrix-multiplication
/questions/70047061/matrix-multiplication-by-loops
/questions/52246415/dense-vector-on-sparse-matrix-multiplication-in-tensorflow
/questions/52843144/numpy-array-and-matrix-multiplication
/questions/19839539/how-to-get-faster-code-than-numpy-dot-for-matrix-multiplication
/questions/7477733/matrix-multiplication-for-sparse-matrices-in-python
/questions/31004882/opencv-mats-of-type-float-and-matrix-multiplication
/questions/49150748/4d-matrix-multiplication
/questions/45305271/blocked-matrix-multiplication
/questions/32371662/program-with-threads-for-matrix-multiplication
/questions/53952470/matrix-subtract-like-matrix-multiplication-in-tensorflow
/questions/48879643/rowwise-matrix-multiplication-in-r
/questions/53952470/matrix-subtract-like-matrix-multiplication-in-tensorflow
/questions/64799898/ocaml-matrix-multiplication
/questions/35163818/theano-matrix-multiplication-of-2d-matrix-to-give-3d-matrix
/questions/55968788/mpi-matrix-multiplication-using-scatter-and-gather
/questions/29366284/c-matrix-multiplication
/questions/30084882/matrix-multiplication-using-pig-latin
/questions/23057891/matrix-multiplication-on-hadoop
/questions/10695992/objective-c-matrix-multiplication-slow-performance
/questions/22816077/matrix-multiplication-in-knitr-code-chunk
/questions/38275519/sparse-matrix-multiplication-with-na
/questions/29472362/how-to-perform-vector-matrix-multiplication-with-blas
/questions/36067372/matrix-multiplication-matlab-vs-mathematica
/questions/54948176/matrix-multiplication-returning-wrong-matrix-python-parallel
/questions/51831561/in-place-matrix-multiplication-numpy
/questions/31137675/parallel-sparse-matrix-multiplication
/questions/76241052/getting-exception-error-when-trying-matrix-multiplication
/questions/54948176/matrix-multiplication-returning-wrong-matrix-python-parallel
/questions/37077479/matrix-multiplication-using-pointers
/questions/69066828/matrix-multiplication-in-python-3
/questions/17833189/finding-essential-matrix-matrix-multiplication-error
/questions/27908663/memory-management-for-strassens-matrix-multiplication
/questions/29598299/csr-matrix-matrix-multiplication
/questions/5252179/how-to-overload-times-and-plus-for-matrix-multiplication-in-mathematica
/questions/56149926/matrix-multiplication-optimization
/questions/18796801/increasing-the-data-locality-in-matrix-multiplication
/questions/21708489/compute-only-diagonals-of-matrix-multiplication-in-r
/questions/27856332/matrix-multiplication-error-in-java
/questions/42204849/efficient-complex-matrix-matrix-multiplication-matrix-shapes-and-memory
/questions/29688627/sparse-matrix-matrix-multiplication-in-cuda-using-cusparse
/questions/29688627/sparse-matrix-matrix-multiplication-in-cuda-using-cusparse
/questions/49563815/mpi-matrix-multiplication
/questions/71652753/trouble-with-matrix-multiplication-model
/questions/42204849/efficient-complex-matrix-matrix-multiplication-matrix-shapes-and-memory
/questions/13239543/glibc-detected-error-in-matrix-multiplication
/questions/40635337/c-overload-for-matrix-multiplication
/questions/63505445/trainable-matrix-multiplication-layer
/questions/14881046/matrix-multiplication-using-pthreads
/questions/55606776/matrix-multiplication-error-and-ggplot-output
/questions/17148589/matrix-multiplication-in-c-code
/questions/66489634/parallel-matrix-multiplication-in-python
/questions/34206275/matrix-multiplication-with-prolog
/questions/2012476/matrix-multiplication-using-matrix-template-library-mtl-2
/questions/31028636/eigen3-matrix-multiplication-performance
/questions/30838959/parallelizing-matrix-multiplication-through-threading-and-simd
/questions/17148589/matrix-multiplication-in-c-code
/questions/1574089/multi-threaded-matrix-multiplication
/questions/15377562/use-of-semaphores-for-matrix-multiplication
/questions/38523339/matrix-multiplication-issues-in-c
/questions/2868008/what-is-chain-matrix-multiplication
/questions/59236750/python-matrix-multiplication-vs-blas
/questions/41017395/i-am-trying-to-make-matrix-multiplication-code-in-php-but-instead-of-matrix-mult
/questions/11274311/non-square-matrix-multiplication-in-opencl
/questions/66112834/matrix-multiplication-mapreduce
/questions/67700647/2d-matrix-multiplication-in-c
/questions/75925131/gpu-copy-bottleneckfluctuation-during-matrix-multiplication
/questions/20583764/error-in-matrix-multiplication-using-pointer
/questions/33224832/matrix-multiplication-with-multiple-threads-in-c
/questions/28521765/matrix-multiplication-function-c
/questions/43877602/fastest-way-to-compute-matrix-multiplication
/questions/75925131/gpu-copy-bottleneckfluctuation-during-matrix-multiplication
/questions/28521765/matrix-multiplication-function-c
/questions/35408863/multithreaded-matrix-multiplication
/questions/35307870/vectorized-matrix-multiplication
/questions/18650449/cuda-matrix-multiplication-size
/questions/43265496/vectorizations-of-matrix-multiplication
/questions/16115770/block-matrix-multiplication
/questions/63273297/batching-matrix-multiplication-for-eigen-tensors
/questions/46631184/mpi-net-c-sharp-matrix-multiplication
/questions/38090188/matrix-multiplication-using-sse
/questions/53596273/matrix-multiplication-in-javascript
/questions/40337748/graphics-matrix-by-matrix-multiplication-necessary-for-transformations
/questions/1303182/how-does-blas-get-such-extreme-performance
/questions/11110604/why-is-boosts-matrix-multiplication-slower-than-mine
/questions/5972033/matrix-multiplication-using-cuda-mpi
/questions/31508416/is-it-possible-to-compute-large-matrix-multiplication-using-renderscript
/questions/4553274/faster-matrix-multiplication-in-c-sharp
/questions/43942538/matrix-multiplication-in-mpi
/questions/19684575/matrix-multiplication-using-hdf5
/questions/12185117/python-numpy-matrix-multiplication
/questions/66958544/why-is-matrix-multiplication-with-numba-slow
/questions/41030439/matrix-multiplication-performance-improvement
/questions/65795580/matrix-multiplication-using-two-classes
/questions/60329975/parallel-matrix-multiplication-in-java
/questions/15215235/recursive-matrix-multiplication-algorithm-failing-to-calculate
/questions/51247958/issue-with-numpy-matrix-multiplication
/questions/50047609/matrix-multiplication-error-after-loop-in-c-language
/questions/55946771/correct-way-to-perform-matrix-multiplication
/questions/31432979/matrix-multiplication-in-python-language
/questions/23553309/vector-matrix-matrix-matrix-multiplication-using-sse-for-any-size-of-input-mat
/questions/76341108/how-to-use-java-17-vector-instructions-to-optimize-matrix-multiplication
/questions/55589132/i-am-working-with-matrix-multiplication-but-have-problem
/questions/26031811/matrix-multiplication-and-addition-using-mysql
/questions/16798888/2-d-convolution-as-a-matrix-matrix-multiplication
/questions/12965126/repeated-squaring-matrix-multiplication-using-newmat
/questions/12678052/object-oriented-matrix-multiplication-using-multithreading
/questions/58944147/matrix-multiplication-using-vectorized-c
/questions/23879681/elasticsearch-how-to-do-matrix-multiplication-in-elasticsearch
/questions/36814291/element-wise-matrix-multiplication-in-theano
/questions/18512057/fortran-library-for-sparse-matrix-multiplication
/questions/53180532/stuck-on-matrix-multiplication-using-pthreads
/questions/36913708/java-array-split-and-matrix-multiplication
/questions/40193781/matrix-multiplication-with-threads-and-semaphore
/questions/46547801/matrix-multiplication-using-multithreading-in-c
/questions/73047330/how-to-implement-matrix-multiplication-in-c
/questions/2313499/matrix-multiplication-in-c
/questions/73047330/how-to-implement-matrix-multiplication-in-c
/questions/17662168/matrix-multiplication-implement-in-javascript
/questions/31811762/can-strassen-algorithm-be-used-for-boolean-matrix-multiplication
/questions/24937781/unexpected-result-of-matrix-multiplication-in-r
/questions/10507577/matrix-multiplication-in-python-and-mysql
/questions/31015270/is-sum-or-matrix-multiplication-faster
/questions/12810938/matrix-multiplication-vs-equations-for-image-transformations-in-matlab
/questions/44317047/matlab-equivalent-of-rs-matrix-multiplication-a-b
/questions/56715288/what-is-the-logic-behind-this-matrix-multiplication
/questions/44414905/cant-do-matrix-multiplication-with-tensorflow
/questions/15693584/fast-sparse-matrix-multiplication
/questions/38646127/performing-matrix-multiplication-after-transposing-one-matrix-vector
/questions/15369602/higher-order-matrix-multiplication
/questions/5484204/parallel-matrix-multiplication-in-java-6
/questions/42638491/mips-assembly-matrix-multiplication
/questions/42252829/matrix-multiplication-in-python-multiprocessing
/questions/36274566/removing-na-when-preforming-matrix-multiplication
/questions/5484204/parallel-matrix-multiplication-in-java-6
/questions/65251664/matrix-multiplication-of-each-row-in-data-frame
/questions/59483141/numpy-matrix-multiplication-with-vectors
/questions/44244351/cant-have-matrix-multiplication-work-properly
/questions/29938700/is-it-possible-to-speed-up-matrix-multiplication-with-texture-memory
/questions/43136681/how-to-implement-matrix-multiplication-of-umat-in-opencv
/questions/18810699/c-namespace-fw-matrix-multiplication
/questions/76087637/strassens-algorithm-for-matrix-multiplication-in-c
/questions/50548259/constant-output-for-large-matrix-multiplication-sizes
/questions/34828429/matrix-multiplication-algorithm
/questions/65622898/na%c3%afve-tiled-matrix-multiplication-with-python
/questions/18447321/binary-matrix-multiplication-bit-twiddling-hack
/questions/18447321/binary-matrix-multiplication-bit-twiddling-hack
/questions/20528005/matrix-multiplication-in-a-cpp-file-for-matlab
/questions/2582637/matrix-multiplication-using-pairs
/questions/37821927/c-matrix-multiplication-rows-and-cols
/questions/29901283/percentage-values-after-matrix-multiplication
/questions/70036876/matrix-multiplication-algorithm-breaks
/questions/14057678/cuda-matrix-multiplication-by-columns
/questions/18750153/matrix-matrix-multiplication-between-a-and-b-with-a-a-random-matrix
/questions/70199622/matrix-multiplication-and-solve-ivp
/questions/19358984/numpy-efficient-big-matrix-multiplication
/questions/63164762/running-multiple-threads-for-row-matrix-multiplication
/questions/35976121/cublas-matrix-multiplication-not-as-expected
/questions/18252526/matrix-multiplication-giving-wrong-output
/questions/49386827/matrix-multiplication-with-object-arrays-in-python
/questions/63969683/matrix-multiplication-with-pytorch
/questions/63969683/matrix-multiplication-with-pytorch
/questions/10779684/how-to-time-a-matrix-multiplication-in-c
/questions/49306005/matrix-multiplication-parallelized-implementation-openmp
/questions/51304156/element-by-element-matrix-multiplication-in-scala
/questions/2786557/matrix-multiplication-in-java-re-post
/questions/63061007/numpy-matrix-multiplication-explanation
/questions/9355768/does-divide-conquer-matrix-multiplication-perform-the-same-amount-of-additions
/questions/13575689/openmp-matrix-multiplication-nested-loops
/questions/58981423/svd-of-matrix-multiplication-in-matlab
/questions/27334005/java-multi-thread-matrix-multiplication
/questions/67905469/how-to-make-matrix-multiplication-function-in-c-static-variables-arbitrary-m
/questions/32908212/opencv-matrix-multiplication-with-a-matrix-containing-vec3d-and-a-matrix-contai
/questions/57762713/perform-matrix-multiplication-with-cosine-similarity-function
/questions/64683666/method-of-matrix-multiplication-between-two-numpy-matrices-of-log2-elements
/questions/12795143/matrix-multiplication-using-transpose-in-c
/questions/74039869/avoiding-for-loop-in-matrix-multiplication
/questions/32555580/speed-of-matrix-multiplication-with-octave
/questions/76593250/optimizing-matrix-multiplication-in-python
/questions/55238187/cpu-time-for-matrix-matrix-multiplication
/questions/52017864/creating-different-matrix-by-same-matrix-matrix-multiplication-inside-loop-using
/questions/58380272/vector-matrix-multiplication-float-vector-binary-matrix
/questions/51040326/matrix-multiplication-with-ndarray
/questions/21503882/efficient-sse-nxn-matrix-multiplication
/questions/52403157/matrix-multiplication-with-goroutine-drops-performance
/questions/17158893/does-scipy-support-multithreading-for-sparse-matrix-multiplication-when-using-mk
/questions/51214058/async-in-matrix-multiplication
/questions/71027320/3d-matrix-multiplication-into-multiple-2d-matrix-multiplications
/questions/10442365/why-is-matrix-multiplication-faster-with-numpy-than-with-ctypes-in-python
/questions/14077206/shared-memory-matrix-multiplication-kernel
/questions/21243752/geometric-matrix-multiplication
/questions/71027320/3d-matrix-multiplication-into-multiple-2d-matrix-multiplications
/questions/57388638/the-faster-way-to-do-matrix-multiplication-between-a-matrix-and-a-diagonal-matri
/questions/51558656/google-cloud-matrix-multiplication-with-bigquery-or-some-other-service
/questions/43411013/is-there-is-a-gradient-descent-implementation-that-uses-matrix-matrix-multiplica
/questions/24245225/matlab-octave-generalized-matrix-multiplication
/questions/20481390/3d-elementwise-matrix-multiplication-in-cuda
/questions/7905760/matrix-multiplication-small-difference-in-matrix-size-large-difference-in-timi
/questions/38382653/n%c3%97m-matrix-multiplication-for-python
/questions/16981207/opencv-assertion-failed-on-matrix-multiplication
/questions/3229442/why-is-matrix-multiplication-in-net-so-slow
/questions/69301809/running-time-for-matrix-multiplication-in-r-operator
/questions/61969620/tiling-in-matrix-multiplication-with-openmp-task
/questions/19278313/numpy-matrix-multiplication-with-custom-dot-product
/questions/39898135/avoid-propagation-of-na-in-matrix-multiplication
/questions/41653744/matrix-multiplication-with-bitwise-operators
/questions/20461271/numpy-matrix-multiplication-efficiency-for-matrix-with-known-structure
/questions/71331335/compute-matrix-multiplication-without-iml-sas
/questions/75646742/reshape-matrix-before-matrix-multiplication
/questions/43681100/square-matrix-multiplication-using-java
/questions/19278313/numpy-matrix-multiplication-with-custom-dot-product
/questions/60643503/matrix-multiplication-style-addition-in-numpy
/questions/2527414/segmentation-fault-while-matrix-multiplication-using-openmp
/questions/33657834/column-wise-r-matrix-multiplication
/questions/62716418/how-to-find-the-error-in-my-matrix-multiplication-calculator
/questions/48824218/sparse-boolean-matrix-multiplication
/questions/67292361/numpy-question-about-matrix-multiplication
/questions/15830913/lapack-matrix-multiplication-with-c
/questions/43155029/matrix-multiplication-within-parlapply-or-foreach-in-r
/questions/30386223/parallel-matrix-multiplication-in-c-with-mpi
/questions/57106561/matrix-multiplication-for-color-space-conversion
/questions/75722127/sparse-matrix-multiplication-in-torch-c
/questions/72133977/how-to-simplify-for-loops-using-matrix-multiplication
/questions/44375076/improving-the-performance-of-matrix-multiplication
/questions/33549323/what-is-the-quickest-method-of-matrix-multiplication
/questions/16836522/cuda-matrix-multiplication-wrong-result
/questions/53246963/how-many-many-steps-needed-for-nn-matrix-multiplication
/questions/55193411/matrix-multiplication-using-pointers-in-c
/questions/40187464/optimization-of-matrix-multiplication-in-vb-net
/questions/44348527/matrix-multiplication-at-a-in-pyspark
/questions/71277028/scipy-sparse-matrix-multiplication-memory-error
/questions/69320132/cant-perform-matrix-multiplication-on-float-matrix-in-numpy
/questions/64951610/matrix-multiplication-through-function-in-c
/questions/33358777/threaded-matrix-multiplication-function
/questions/71421566/python-pymc3-matrix-multiplication
/questions/32810170/matrix-multiplication-in-c-error-values-in-result-matrix
/questions/36379480/multithreading-matrix-multiplication-in-c-sharp
/questions/38151084/why-matrix-multiplication-with-sse-is-slower
/questions/36467022/handling-matrix-multiplication-in-log-space-in-python
/questions/21939499/cuda-to-make-matrix-multiplication
/questions/33358777/threaded-matrix-multiplication-function
/questions/36492248/strassen-matrix-multiplication-implementation
/questions/54305015/is-there-any-way-to-optimize-matrix-multiplication-in-c
/questions/29996127/mpi-row-wise-matrix-multiplication-in-c
/questions/45164318/matrix-multiplication-using-sse-intrinsics
/questions/56269542/matrix-is-represented-as-a-single-array-in-memory-and-problem-with-matrix-multip
/questions/23779421/vba-error-in-code-for-matrix-multiplication
/questions/33946481/how-do-you-do-parallel-matrix-multiplication-in-julia
/questions/23056988/hybrid-openmp-mpi-matrix-multiplication
/questions/50941004/tensorflow-matrix-multiplication-is-slower-than-numpy
/questions/43264900/matrix-multiplication-using-assembly-on-8051
/questions/23779421/vba-error-in-code-for-matrix-multiplication
/questions/61029147/multi-threading-programming-matrix-multiplication
/questions/50941004/tensorflow-matrix-multiplication-is-slower-than-numpy
/questions/28522713/triple-pointer-as-a-param-matrix-multiplication
/questions/57129636/program-error-that-measures-the-parameters-of-matrix-multiplication
/questions/53668097/plotting-a-matrix-multiplication
/questions/59050742/how-to-further-optimize-performance-of-matrix-multiplication
/questions/74680215/pandas-dataframe-matrix-multiplication-using
/questions/61162771/is-matrix-multiplication-speed-faster-for-sparse-matrixes-than-dense-matrixes
/questions/65007123/parallelized-matrix-multiplication
/questions/46865875/understanding-matrix-multiplication-in-cuda
/questions/17639155/fast-lapack-blas-for-matrix-multiplication
/questions/44823951/batch-sparse-matrix-multiplication-in-tensorflow
/questions/19291203/opencv-directly-copying-matrix-multiplication-result-to-a-subset-of-another-ma
/questions/14009049/cuda-matrix-multiplication-outputting-zero
/questions/17785736/cache-friendly-optimization-object-oriented-matrix-multiplication-and-in-functi
/questions/6060985/why-is-there-huge-performance-hit-in-2048x2048-versus-2047x2047-array-multiplica
/questions/50279954/flops-in-tensorflow-matrix-multiplication
/questions/64520575/efficient-matrix-multiplication-in-risc-v
/questions/23159986/matrix-multiplication-using-sse-error-m128-to-float-conversion
/questions/68473202/openmp-matrix-multiplication-issues
/questions/49585283/different-output-in-matrix-multiplication-python-vs-swift
/questions/46112077/scipy-sparse-matrix-multiplication-much-slower-than-numpy-array
/questions/14692224/matrix-multiplication-using-a-single-pipe
/questions/47331806/c-matrix-multiplication-stuck-if-matrix-size-4096x4096
/questions/76467392/parallel-matrix-multiplication-in-rust
/questions/47425896/8x8-float32-t-matrix-multiplication-using-arm-neon-is-slower
/questions/19755815/why-does-matrix-multiplication-in-numpy-not-call-the-add-method
/questions/18724831/efficient-way-to-perform-matrix-multiplication-repeatedly
/questions/2721060/precision-error-on-matrix-multiplication
/questions/32488027/parallel-matrix-multiplication-using-tpl
/questions/19755815/why-does-matrix-multiplication-in-numpy-not-call-the-add-method
/questions/43754870/how-to-implement-a-matrix-multiplication-in-keras
/questions/29591265/armadillo-complex-matrix-multiplication-early-approximation
/questions/71547573/draw-a-vector-field-from-matrix-multiplication-r
/questions/18742705/cpumemory-pdf-cache-optimized-matrix-multiplication
/questions/4304600/matrix-multiplication-strassen-vs-standard
/questions/25900312/optimizing-batched-matrix-multiplication-opencl-code
/questions/20305921/loop-unrolling-for-matrix-multiplication
/questions/57678890/batch-matrix-multiplication-in-julia
/questions/61789727/retrieving-documents-based-on-matrix-multiplication
/questions/52713199/matrix-multiplication-using-divideconquer
/questions/21399932/binary-matrix-multiplication-with-or-instead-of-sum
/questions/1283865/matrix-multiplication-view-projection-world-projection-etc
/questions/20590528/matrix-multiplication-error-in-c
/questions/57632365/valueerror-in-matrix-multiplication
/questions/32692810/fast-way-for-matrix-multiplication-in-python
/questions/58033765/rowwise-matrix-multiplication-of-two-matrix-columns-in-dplyr
/questions/60826622/multithreaded-matrix-multiplication-c
/questions/62061613/python-matrix-multiplication-code-problem
/questions/57678890/batch-matrix-multiplication-in-julia
/questions/60320630/matrix-multiplication-openmp-counter-intuitive-results
/questions/40502048/matrix-multiplication-with-get-row-get-column-python
/questions/34583117/recursive-function-to-calculate-matrix-multiplication
/questions/24749862/matrix-multiplication-error-between-3d-and-2d
/questions/66034293/matrix-multiplication-with-parallel-programming-in-numpy-python
/questions/38399070/text-matrix-multiplication
/questions/46467077/q-kdb-matrix-multiplication-precision
/questions/16610367/lapack-blas-matrix-multiplication-in-fortran-returns-zeros
/questions/69713191/c-dynamic-memory-allocation-matrix-multiplication
