/questions/38464887/dynamic-programming-matrix-chain-multiplication
/questions/8050734/dynamic-programming-matrix-chain-multiplication
/questions/25704038/parenthesization-matrix-chain-multiplication
/questions/8977047/time-complexity-of-matrix-chain-multiplication
/questions/66188672/matrix-chain-multiplication-different-recursive-definition
/questions/25288489/matrix-chain-multiplication
/questions/40461097/dynamic-programming-maximize-matrix-chain-multiplication
/questions/12158906/time-complexity-for-this-relation-matrix-chain-multiplication
/questions/31314940/chain-matrix-multiplication
/questions/24060821/matrix-chained-multiplication-in-php
/questions/49193550/can-anyone-explain-how-can-i-print-the-order-of-the-matrix-after-matrix-chain-mu
/questions/13720349/matrix-chain-multiplication-error-while-varying-the-size-of-matrices
/questions/55887735/segmentation-fault-during-the-execution-of-matrix-chain-multiplication
/questions/29304950/matrix-chain-multiplication-and-a-bit-different-problems
/questions/29573646/a-matrix-chain-multiplication-algorithm-in-javascript
/questions/8079889/memoized-version-of-matrix-chain-multiplication
/questions/50434265/why-are-we-using-three-loops-in-matrix-chain-multiplication
/questions/47022578/in-matrix-chain-multiplication-access-to-2d-arraysparameter-error
/questions/48194152/how-do-you-compute-the-run-time-for-the-naive-solution-for-matrix-chain-multipli
/questions/65966995/giving-infinite-as-result-when-using-matrix-chain-multiplication-to-find-the-eff
/questions/50625261/matrix-chain-multiplication-dynamic-programming
/questions/39185994/calculating-matrix-chain-mutlipication-with-catalan-numbers
/questions/41030235/can-there-be-more-than-one-answer-for-matrix-chain-multiplication
/questions/42048382/memoized-matrix-chain-multiplication-in-java
/questions/27932020/how-is-matrix-chain-multiplication-a-special-case-of-shortest-path-in-dag
/questions/16812295/am-i-using-dynamic-programming-matrix-chain-multiplication-in-c
/questions/29665594/i-think-the-java-matrix-chain-multiplication-algorithm-on-wikipedia-is-incorrect
/questions/29098938/matrix-chain-multiplication-in-prolog
/questions/36963314/mtrix-chain-multiplication-print-the-sequence-of-the-mattrices
/questions/28313957/improving-space-complexity-in-matrix-chain-multiplication
/questions/13600448/matrix-chain-multiplication-dynamic-programming-recurrance-relation
/questions/29333134/matrix-chain-multiplication-algorithm
/questions/37176472/how-does-blas-incorporate-matrix-chain-multiplication-optimisation
/questions/63096712/are-numpy-matrix-chain-multiplication-optimized
/questions/2868008/what-is-chain-matrix-multiplication
/questions/43401653/chain-matrix-multiplication-multiply-algorithm-not-working
/questions/52529409/possible-combination-of-parentheses-in-a-matrix-chain-application
/questions/16347763/java-matrix-chain-multiplication-array-index-out-of-bound-exception
/questions/75623213/why-does-this-code-for-chain-matrix-multiplication-return-a-segmentation-fault
/questions/52521370/all-possible-groupings-in-a-matrix-chain-application
/questions/57439133/assigning-result-of-chain-matrix-multiplication-to-a-variable-in-maxima
/questions/32583995/subproblem-graph-for-matrix-multiplication-using-dynamic-programming
/questions/54427374/matrix-multiplication-subproblem-graph-vertex-degree
/questions/30831919/how-to-do-matrix-chain-multiplication-mcm-with-java-threads
/questions/26120754/matrix-chain-multiplication-using-dynamic-programming-in-c-program-crashes
/questions/34984453/openmp-performance-issues-with-matrix-multiplication
/questions/30701023/explanation-for-chained-matrix-multiplication-using-dp
/questions/29137515/is-this-a-redundant-allocation-of-memory-space-in-a-multi-dimensional-array
/questions/47768767/matrix-multiplication-using-loop
/questions/25333195/dynamic-programing-mcm
/questions/70745606/does-the-tensorflows-xla-compiler-optimise-matrix-chains-as-a-part-of-its-graph
/questions/36183860/dynamic-programming-optimal-break-point
/questions/67817725/what-would-be-the-time-complexity-and-space-complexity-of-brute-force-approach-o
/questions/47765860/matrix-multiplication-for-loop-of-n-number-of-months
/questions/70319949/chain-matrix-multiplication-schedule-cost
/questions/11917114/dynamic-array-c-doesnt-work-for-all-inputs
/questions/37207579/huge-deegree-of-markov-chain-matrix
/questions/60520633/exception-java-lang-outofmemoryerror-java-heap-space-occurs-in-recursion
/questions/44317047/matlab-equivalent-of-rs-matrix-multiplication-a-b
/questions/61814578/why-c-program-generating-different-output-for-the-same-input
/questions/40965454/why-is-it-different-when-assigning-2d-arrays-in-a-method-and-outside-a-method
/questions/76026322/minimize-array-elements-by-multiplying-adjacent-elements-only-if-the-product-is
/questions/69747246/markov-chain-does-not-converge
/questions/14063481/matrix-expression-calculation
/questions/38532006/dynamic-programming-problems-using-iteration
/questions/29763108/understanding-markov-chains-in-terms-of-matrix-multiplication
/questions/39379686/pyspark-block-matrix-multiplication-fails-with-oom
/questions/39904701/recursive-version-of-java-function-is-slower-than-iterative-on-first-call-but-f
/questions/47974959/numpy-matrix-multiplication-to-return-ndarray-not-sum
/questions/76572604/how-can-i-use-numpy-einsum-for-matrix-vector-multiplication-of-an-unknown-number
/questions/64941183/multiplying-a-matrix-by-itself-in-c
/questions/36814303/r-markovchain-package-fitting-the-markov-chain-based-on-the-states-sequence-ma
/questions/24744491/dynamic-programming-maximize-value-of-arithmetic-expression-using-parenthesis
/questions/56640367/multiples-transformations-matrix-on-svg-get-cursor-point
/questions/73506076/max-product-of-a-string-that-requires-k-multiplication-operators-to-be-inserted
/questions/41619224/finding-stationary-distribution-of-a-markov-process-given-a-transition-probabili
/questions/71357540/reconstruct-a-string-from-n-continuous-substrings-of-fixed-length
/questions/34451900/matrix-class-c
/questions/30595039/guaranteed-detection-of-temporary-named-points
/questions/50619302/operator-in-r
/questions/55767844/einsum-slower-than-explicit-numpy-implementation-for-n-mode-tensor-matrix-produc
/questions/22073230/how-to-optimize-this-product-of-three-matrices-in-c-for-x86
/questions/17754995/constructing-eigen-expression-templates-with-boost-proto
/questions/58122571/why-does-the-following-for-loop-utilize-all-of-the-cores-in-my-machine-in-r
/questions/58290972/examining-multidimensional-array-passed-to-a-function-in-gdb
/questions/66093216/terminal-probabilities-of-a-probability-matrix-numpy
/questions/67171929/compute-the-equilibrium-probabilities-of-the-markov-chain-using-jacobi-iteration
/questions/30060402/how-to-multiply-a-4x4-matrix-with-a-vector-array-of-arbitrary-length
/questions/60131881/plot-how-the-probability-pxn-s-changes-as-a-function-of-time
/questions/66231839/simulate-steps-through-a-markov-chain
/questions/57575600/change-values-in-dataframe-by-lookup-matrix-df
/questions/38623224/how-to-print-values-in-memoization-method-dynamic-pragraming
/questions/37711709/maximizing-arithmetic-expression
/questions/60640643/list-object-has-no-attribute-matmul
/questions/65604310/first-order-markov-transition-matrix-for-person-period-data
/questions/12643846/going-from-optimal-substructure-to-the-actual-algorithm
/questions/66463052/multiplying-the-probability-matrix-incorrect-values-on-a-large-number-of-iterat
/questions/15609016/how-to-enumerate-all-possibilities-for-brute-force-algorithm
/questions/7273444/can-a-hit-and-trial-matrix-take-place-in-a-recursive-function-without-creating-m
/questions/59619596/parallel-method-to-get-all-the-eigenvalues-of-a-large-sparse-matrix
/questions/61778607/markov-chains-in-python-filling-the-transition-matrix-from-another-array-and-h
/questions/76194887/does-zen-4-core-have-48-flops-per-cycle-for-32-bit-precision-fp
/questions/44781712/markov-generation-and-probabilities
/questions/70300967/doing-an-euler-rotation-in-2-operations-different-result-than-doing-it-in-1-oper
/questions/28911497/c-opencl-matrix-library-with-temporary-elimination
/questions/68421352/chaining-rotation-on-model-matrix
/questions/66282836/how-to-chain-a-condition-for-multiple-arrays
/questions/72356283/calculate-population-size-with-multiple-sub-annual-projection-matrices
/questions/47001899/freeman-chain-code-infinite-loop-4-adjacency
/questions/43315388/monotonicity-in-knuth-optimization
/questions/69714770/avoiding-upcasting-in-s4-r-class-system
/questions/61299407/multiple-unmatched-matrices-in-backpropagation-through-time
/questions/51224252/mice-package-in-r-mipo-object-does-not-return-variance-covariance-matrix-anymor
/questions/60102854/how-to-optimize-pipeline-stalls-due-to-l1d-cache-bound-code-in-haswell-for-a-mat
/questions/47224665/can-google-maps-api-calculate-route-along-multiple-locations-or-journey-legs
/questions/76348037/value-error-could-not-broadcast-input-array-from-shape-3-into-shape-3-1
/questions/57947501/cgaffinetransform-operations-inconsistency-in-order-applied
/questions/5642646/hittest-using-screen-coordinates-in-svg-images-in-world-coordinates
/questions/30103001/assessing-performance-of-a-zero-inflated-negative-binomial-model
/questions/74622284/longest-unique-chains-in-a-graph-with-edges-that-follow-some-criteria
/questions/44874560/how-computational-expensive-is-running-data-through-a-neural-network-can-smartp
/questions/39804774/stuck-implementing-simple-neural-network
/questions/15958540/opengl-draw-multiple-isometric-cubes
/questions/32561687/caching-intermediate-results-in-spark-ml-pipeline
/questions/16674647/better-way-to-program-in-matrix-style-selections-in-plsql
/questions/24866290/use-subexpressions-to-simplify-long-symbolic-equations-in-matlab
/questions/41514709/computing-a-companys-shareholders-ownership-percentage
/questions/19160167/gpu-based-inclusive-scan-on-an-unbalanced-tree
/questions/58058333/proper-way-of-freeing-pointers-when-using-method-chaining
/questions/14124804/how-to-avoid-a-huge-list-of-javafx-coordinate-translations-caused-by-ui-respons
/questions/62904810/remove-all-non-upper-alphabet-characters-hits-arrayindexoutofboundsexception
/questions/62871034/scanner-hit-empty-line-throw-arrayindexoutofboundsexception
/questions/40410210/tensorflow-2-gpu-slower-then-single-gpu
/questions/65596071/predict-values-from-complex-rjags-model
/questions/64637527/how-to-properly-recurse-and-update-values-within-a-self-referential-struct
/questions/75916659/retrieving-value-from-measure-and-using-it-in-further-calculation-in-power-bi
/questions/16616252/seemingly-inexplicable-result-of-cgaffinetransforminvert
/questions/59788178/cran-package-submission-error-c-stack-usage-is-too-close-to-the-limit
/questions/52307317/parametrizing-test-with-multiple-fixtures-that-accept-arguments
/questions/49256995/how-to-set-up-jenkins-for-build-unit-test-and-system-tests
/questions/54478039/simplify-huge-conditional-statement
/questions/72470651/java-google-foobar-challenge-level-3-doomsday-fuel
/questions/57311356/rotating-an-object-properly-around-a-pivot-point-given-axis-and-angle
/questions/5141595/solving-stochastic-maximum-bipartite-matching-problem
/questions/65474471/parpack-implementation-runs-into-memory-errors
/questions/50652332/good-approaches-to-oop-with-large-data-sets-in-python
/questions/22980082/multilayer-neural-network-giving-wrong-output
/questions/35234087/effects-processor-thoughts-about-software-architecture-choice-of-programming-l
/questions/37105057/what-am-i-missing-that-prevents-me-from-making-a-generic-nsstackview-like-contai
/questions/63669712/x-must-be-an-array-of-at-least-two-dimensions-error-while-running-textminer-p
/questions/38464887/dynamic-programming-matrix-chain-multiplication
/questions/8050734/dynamic-programming-matrix-chain-multiplication
/questions/25704038/parenthesization-matrix-chain-multiplication
/questions/8977047/time-complexity-of-matrix-chain-multiplication
/questions/66188672/matrix-chain-multiplication-different-recursive-definition
/questions/25288489/matrix-chain-multiplication
/questions/40461097/dynamic-programming-maximize-matrix-chain-multiplication
/questions/12158906/time-complexity-for-this-relation-matrix-chain-multiplication
/questions/31314940/chain-matrix-multiplication
/questions/24060821/matrix-chained-multiplication-in-php
/questions/49193550/can-anyone-explain-how-can-i-print-the-order-of-the-matrix-after-matrix-chain-mu
/questions/13720349/matrix-chain-multiplication-error-while-varying-the-size-of-matrices
/questions/55887735/segmentation-fault-during-the-execution-of-matrix-chain-multiplication
/questions/29304950/matrix-chain-multiplication-and-a-bit-different-problems
/questions/29573646/a-matrix-chain-multiplication-algorithm-in-javascript
/questions/8079889/memoized-version-of-matrix-chain-multiplication
/questions/50434265/why-are-we-using-three-loops-in-matrix-chain-multiplication
/questions/47022578/in-matrix-chain-multiplication-access-to-2d-arraysparameter-error
/questions/48194152/how-do-you-compute-the-run-time-for-the-naive-solution-for-matrix-chain-multipli
/questions/65966995/giving-infinite-as-result-when-using-matrix-chain-multiplication-to-find-the-eff
/questions/50625261/matrix-chain-multiplication-dynamic-programming
/questions/39185994/calculating-matrix-chain-mutlipication-with-catalan-numbers
/questions/41030235/can-there-be-more-than-one-answer-for-matrix-chain-multiplication
/questions/42048382/memoized-matrix-chain-multiplication-in-java
/questions/27932020/how-is-matrix-chain-multiplication-a-special-case-of-shortest-path-in-dag
/questions/16812295/am-i-using-dynamic-programming-matrix-chain-multiplication-in-c
/questions/29665594/i-think-the-java-matrix-chain-multiplication-algorithm-on-wikipedia-is-incorrect
/questions/29098938/matrix-chain-multiplication-in-prolog
/questions/36963314/mtrix-chain-multiplication-print-the-sequence-of-the-mattrices
/questions/28313957/improving-space-complexity-in-matrix-chain-multiplication
/questions/13600448/matrix-chain-multiplication-dynamic-programming-recurrance-relation
/questions/29333134/matrix-chain-multiplication-algorithm
/questions/37176472/how-does-blas-incorporate-matrix-chain-multiplication-optimisation
/questions/63096712/are-numpy-matrix-chain-multiplication-optimized
/questions/2868008/what-is-chain-matrix-multiplication
/questions/43401653/chain-matrix-multiplication-multiply-algorithm-not-working
/questions/52529409/possible-combination-of-parentheses-in-a-matrix-chain-application
/questions/16347763/java-matrix-chain-multiplication-array-index-out-of-bound-exception
/questions/75623213/why-does-this-code-for-chain-matrix-multiplication-return-a-segmentation-fault
/questions/52521370/all-possible-groupings-in-a-matrix-chain-application
/questions/57439133/assigning-result-of-chain-matrix-multiplication-to-a-variable-in-maxima
/questions/32583995/subproblem-graph-for-matrix-multiplication-using-dynamic-programming
/questions/54427374/matrix-multiplication-subproblem-graph-vertex-degree
/questions/30831919/how-to-do-matrix-chain-multiplication-mcm-with-java-threads
/questions/26120754/matrix-chain-multiplication-using-dynamic-programming-in-c-program-crashes
/questions/34984453/openmp-performance-issues-with-matrix-multiplication
/questions/30701023/explanation-for-chained-matrix-multiplication-using-dp
/questions/29137515/is-this-a-redundant-allocation-of-memory-space-in-a-multi-dimensional-array
/questions/47768767/matrix-multiplication-using-loop
/questions/25333195/dynamic-programing-mcm
/questions/70745606/does-the-tensorflows-xla-compiler-optimise-matrix-chains-as-a-part-of-its-graph
/questions/36183860/dynamic-programming-optimal-break-point
/questions/67817725/what-would-be-the-time-complexity-and-space-complexity-of-brute-force-approach-o
/questions/47765860/matrix-multiplication-for-loop-of-n-number-of-months
/questions/70319949/chain-matrix-multiplication-schedule-cost
/questions/11917114/dynamic-array-c-doesnt-work-for-all-inputs
/questions/37207579/huge-deegree-of-markov-chain-matrix
/questions/60520633/exception-java-lang-outofmemoryerror-java-heap-space-occurs-in-recursion
/questions/44317047/matlab-equivalent-of-rs-matrix-multiplication-a-b
/questions/61814578/why-c-program-generating-different-output-for-the-same-input
/questions/40965454/why-is-it-different-when-assigning-2d-arrays-in-a-method-and-outside-a-method
/questions/76026322/minimize-array-elements-by-multiplying-adjacent-elements-only-if-the-product-is
/questions/69747246/markov-chain-does-not-converge
/questions/14063481/matrix-expression-calculation
/questions/38532006/dynamic-programming-problems-using-iteration
/questions/29763108/understanding-markov-chains-in-terms-of-matrix-multiplication
/questions/39379686/pyspark-block-matrix-multiplication-fails-with-oom
/questions/39904701/recursive-version-of-java-function-is-slower-than-iterative-on-first-call-but-f
/questions/47974959/numpy-matrix-multiplication-to-return-ndarray-not-sum
/questions/76572604/how-can-i-use-numpy-einsum-for-matrix-vector-multiplication-of-an-unknown-number
/questions/64941183/multiplying-a-matrix-by-itself-in-c
/questions/36814303/r-markovchain-package-fitting-the-markov-chain-based-on-the-states-sequence-ma
/questions/24744491/dynamic-programming-maximize-value-of-arithmetic-expression-using-parenthesis
/questions/56640367/multiples-transformations-matrix-on-svg-get-cursor-point
/questions/73506076/max-product-of-a-string-that-requires-k-multiplication-operators-to-be-inserted
/questions/41619224/finding-stationary-distribution-of-a-markov-process-given-a-transition-probabili
/questions/71357540/reconstruct-a-string-from-n-continuous-substrings-of-fixed-length
/questions/34451900/matrix-class-c
/questions/30595039/guaranteed-detection-of-temporary-named-points
/questions/50619302/operator-in-r
/questions/55767844/einsum-slower-than-explicit-numpy-implementation-for-n-mode-tensor-matrix-produc
/questions/22073230/how-to-optimize-this-product-of-three-matrices-in-c-for-x86
/questions/17754995/constructing-eigen-expression-templates-with-boost-proto
/questions/58122571/why-does-the-following-for-loop-utilize-all-of-the-cores-in-my-machine-in-r
/questions/58290972/examining-multidimensional-array-passed-to-a-function-in-gdb
/questions/66093216/terminal-probabilities-of-a-probability-matrix-numpy
/questions/67171929/compute-the-equilibrium-probabilities-of-the-markov-chain-using-jacobi-iteration
/questions/30060402/how-to-multiply-a-4x4-matrix-with-a-vector-array-of-arbitrary-length
/questions/60131881/plot-how-the-probability-pxn-s-changes-as-a-function-of-time
/questions/66231839/simulate-steps-through-a-markov-chain
/questions/57575600/change-values-in-dataframe-by-lookup-matrix-df
/questions/38623224/how-to-print-values-in-memoization-method-dynamic-pragraming
/questions/37711709/maximizing-arithmetic-expression
/questions/60640643/list-object-has-no-attribute-matmul
/questions/65604310/first-order-markov-transition-matrix-for-person-period-data
/questions/12643846/going-from-optimal-substructure-to-the-actual-algorithm
/questions/66463052/multiplying-the-probability-matrix-incorrect-values-on-a-large-number-of-iterat
/questions/15609016/how-to-enumerate-all-possibilities-for-brute-force-algorithm
/questions/7273444/can-a-hit-and-trial-matrix-take-place-in-a-recursive-function-without-creating-m
/questions/59619596/parallel-method-to-get-all-the-eigenvalues-of-a-large-sparse-matrix
/questions/61778607/markov-chains-in-python-filling-the-transition-matrix-from-another-array-and-h
/questions/76194887/does-zen-4-core-have-48-flops-per-cycle-for-32-bit-precision-fp
/questions/44781712/markov-generation-and-probabilities
/questions/70300967/doing-an-euler-rotation-in-2-operations-different-result-than-doing-it-in-1-oper
/questions/28911497/c-opencl-matrix-library-with-temporary-elimination
/questions/68421352/chaining-rotation-on-model-matrix
/questions/66282836/how-to-chain-a-condition-for-multiple-arrays
/questions/72356283/calculate-population-size-with-multiple-sub-annual-projection-matrices
/questions/47001899/freeman-chain-code-infinite-loop-4-adjacency
/questions/43315388/monotonicity-in-knuth-optimization
/questions/69714770/avoiding-upcasting-in-s4-r-class-system
/questions/61299407/multiple-unmatched-matrices-in-backpropagation-through-time
/questions/51224252/mice-package-in-r-mipo-object-does-not-return-variance-covariance-matrix-anymor
/questions/60102854/how-to-optimize-pipeline-stalls-due-to-l1d-cache-bound-code-in-haswell-for-a-mat
/questions/47224665/can-google-maps-api-calculate-route-along-multiple-locations-or-journey-legs
/questions/76348037/value-error-could-not-broadcast-input-array-from-shape-3-into-shape-3-1
/questions/57947501/cgaffinetransform-operations-inconsistency-in-order-applied
/questions/5642646/hittest-using-screen-coordinates-in-svg-images-in-world-coordinates
/questions/30103001/assessing-performance-of-a-zero-inflated-negative-binomial-model
/questions/74622284/longest-unique-chains-in-a-graph-with-edges-that-follow-some-criteria
/questions/44874560/how-computational-expensive-is-running-data-through-a-neural-network-can-smartp
/questions/39804774/stuck-implementing-simple-neural-network
/questions/15958540/opengl-draw-multiple-isometric-cubes
/questions/32561687/caching-intermediate-results-in-spark-ml-pipeline
/questions/16674647/better-way-to-program-in-matrix-style-selections-in-plsql
/questions/24866290/use-subexpressions-to-simplify-long-symbolic-equations-in-matlab
/questions/41514709/computing-a-companys-shareholders-ownership-percentage
/questions/19160167/gpu-based-inclusive-scan-on-an-unbalanced-tree
/questions/58058333/proper-way-of-freeing-pointers-when-using-method-chaining
/questions/14124804/how-to-avoid-a-huge-list-of-javafx-coordinate-translations-caused-by-ui-respons
/questions/62904810/remove-all-non-upper-alphabet-characters-hits-arrayindexoutofboundsexception
/questions/62871034/scanner-hit-empty-line-throw-arrayindexoutofboundsexception
/questions/40410210/tensorflow-2-gpu-slower-then-single-gpu
/questions/65596071/predict-values-from-complex-rjags-model
/questions/64637527/how-to-properly-recurse-and-update-values-within-a-self-referential-struct
/questions/75916659/retrieving-value-from-measure-and-using-it-in-further-calculation-in-power-bi
/questions/16616252/seemingly-inexplicable-result-of-cgaffinetransforminvert
/questions/59788178/cran-package-submission-error-c-stack-usage-is-too-close-to-the-limit
/questions/52307317/parametrizing-test-with-multiple-fixtures-that-accept-arguments
/questions/49256995/how-to-set-up-jenkins-for-build-unit-test-and-system-tests
/questions/54478039/simplify-huge-conditional-statement
/questions/72470651/java-google-foobar-challenge-level-3-doomsday-fuel
/questions/57311356/rotating-an-object-properly-around-a-pivot-point-given-axis-and-angle
/questions/5141595/solving-stochastic-maximum-bipartite-matching-problem
/questions/65474471/parpack-implementation-runs-into-memory-errors
/questions/50652332/good-approaches-to-oop-with-large-data-sets-in-python
/questions/22980082/multilayer-neural-network-giving-wrong-output
/questions/35234087/effects-processor-thoughts-about-software-architecture-choice-of-programming-l
/questions/37105057/what-am-i-missing-that-prevents-me-from-making-a-generic-nsstackview-like-contai
/questions/63669712/x-must-be-an-array-of-at-least-two-dimensions-error-while-running-textminer-p
