/questions/24101524/finding-median-of-list-in-python
/questions/1291152/simple-way-to-calculate-median-with-mysql
/questions/1342898/function-to-calculate-median-in-sql-server
/questions/10657503/find-running-median-from-a-stream-of-integers
/questions/10168686/image-processing-algorithm-improvement-for-coca-cola-can-recognition
/questions/2571358/calculate-the-median-of-a-billion-numbers
/questions/1309263/rolling-median-algorithm-in-c
/questions/9489061/understanding-median-of-medians-algorithm
/questions/4140719/calculate-median-in-c-sharp
/questions/4662292/scala-median-implementation
/questions/45309447/calculating-median-javascript
/questions/10662013/finding-the-median-of-an-unsorted-array
/questions/17582726/median-of-medians
/questions/14859120/calculating-median-in-ruby
/questions/11955728/how-to-calculate-the-median-of-an-array
/questions/15319561/how-to-implement-a-median-heap
/questions/31432843/how-to-find-median-and-quantiles-using-spark
/questions/57700139/placement-of-median-labels-at-median-line
/questions/52814138/finding-block-median-in-median-of-medians-algorithm
/questions/23707541/median-in-prolog
/questions/11007406/interviewstreet-median-challenge
/questions/67874226/finding-median-of-a-list-using-quick-select-and-median-of-medians
/questions/2114797/compute-median-of-values-stored-in-vector-c
/questions/9683343/median-of-median-implementation
/questions/22902192/median-of-medians-is-not-the-real-median-correct
/questions/33051429/what-is-median-split-is-it-same-as-median
/questions/12545795/explanation-of-the-median-of-medians-algorithm
/questions/9004284/median-select-algorithm-does-it-find-the-absolute-median-or-a-median-of-medi
/questions/8469171/median-of-median-algorithms-understanding
/questions/6182488/median-of-5-sorted-arrays
/questions/18790467/median-of-two-sorted-arrays
/questions/10482339/how-to-find-median
/questions/63718122/median-vs-survival-median-from-survfit
/questions/7723398/calculating-the-median
/questions/52380777/wrong-median-answer
/questions/9415291/median-of-medians-is-this-possible-or-is-there-a-different-way
/questions/43824665/tensorflow-median-value
/questions/41351163/finding-the-running-median
/questions/1719070/what-is-the-right-approach-when-using-stl-container-for-median-calculation
/questions/44563428/median-filtering
/questions/47548735/partitioned-median
/questions/36406969/median-of-medians-java-implementation
/questions/61306583/efficient-algo-for-median-of-median
/questions/73043528/replace-na-with-the-minimum-of-row-median-and-column-median
/questions/30267149/excel-median-range
/questions/73043528/replace-na-with-the-minimum-of-row-median-and-column-median
/questions/38649501/labeling-boxplot-in-seaborn-with-median-value
/questions/26108246/geom-vline-median-not-consistant-with-true-median-of-vector
/questions/40305626/median-in-vertica-sql
/questions/41769593/mysql-median-query-that-retrieves-median-for-each-grouped-ids
/questions/35324662/c-calculate-median-with-reference
/questions/17316844/find-the-median-of-the-sum-of-the-arrays
/questions/20599731/algorithmic-reduction-median-of-medians-quicksort
/questions/638030/how-to-calculate-or-approximate-the-median-of-a-list-without-storing-the-list
/questions/29778636/median-of-pandas-dataframe-column
/questions/23683777/calculate-median
/questions/19395294/finding-continuous-median
/questions/5784688/help-with-median-in-ruby
/questions/37053410/median-method-returning-higher-value-median
/questions/37053410/median-method-returning-higher-value-median
/questions/43812272/dask-dataframe-aggregate-to-median
/questions/45706989/calculate-in-mysql-the-median
/questions/17685083/finding-median-mysql
/questions/5401158/calculating-the-median-with-mysql
/questions/49599751/median-function-in-c
/questions/6166375/median-of-column-with-awk
/questions/30489014/ggplot-stat-summary-median-and-boxplot-median-disagreement
/questions/27622860/median-of-medians-space-complexity
/questions/32993370/median-calculation-in-access-with-sql
/questions/53092447/using-median-with-group-by
/questions/74711625/median-of-grouped-data
/questions/27139794/a-function-median-in-scheme
/questions/53807439/pandas-dataframe-median-function
/questions/6752724/help-needed-with-median-if-in-excel
/questions/37727848/median-of-an-array
/questions/27139794/a-function-median-in-scheme
/questions/6752724/help-needed-with-median-if-in-excel
/questions/17033013/finding-the-median-of-medians-of-quicksort
/questions/56172373/median-program-in-python
/questions/58378711/median-if-in-excel
/questions/10109514/computing-median-in-map-reduce
/questions/57411873/what-is-the-median-value-is-decimal
/questions/73984271/describe-and-median-doesnt-count-the-median
/questions/64736868/median-of-medians-in-python-doesnt-run-in-on
/questions/47037425/median-of-aggregated-data
/questions/46411507/get-corresponding-index-of-median
/questions/17158667/minimum-no-of-comparisons-to-find-median-of-3-numbers
/questions/66625593/time-complexity-for-median-of-medians
/questions/47624565/finding-median-in-c
/questions/20456095/calculate-the-median-in-mongodb-aggregation-framework
/questions/50563572/calc-median-javascript
/questions/69510657/rolling-median-in-r
/questions/37249234/weighted-median-bootstrap
/questions/44931841/r-estimating-the-population-median-value-by-combining-sample-medians
/questions/39968904/median-of-five-points-python
/questions/44450266/get-median-of-array
/questions/28072638/calculate-sql-median
/questions/7559608/median-of-three-values-strategy
/questions/12123718/mdx-median-query
/questions/32784986/calculating-median-values-in-hive
/questions/53106548/find-median-in-vba
/questions/34017132/writing-a-median-function
/questions/4558069/approximate-median-of-an-immutable-array
/questions/7578689/median-code-explanation
/questions/19409820/running-median-of-constant-size-array
/questions/7578689/median-code-explanation
/questions/43889611/median-of-panda-datetime64-column
/questions/1790360/median-of-medians-in-java
/questions/69064658/ggplot-median-and-percentile
/questions/35701663/add-hline-with-population-median-for-each-facet
/questions/40915796/pandas-median-on-index-not-values
/questions/44840233/how-to-calculate-median-in-postgres
/questions/37667250/running-median-excluding-zeros
/questions/44086109/comparing-median-and-sum-in-python
/questions/31370214/calculate-mean-and-median-efficiently
/questions/67754978/computing-an-approximate-median-pseudo-median-algorithm
/questions/26281887/find-median-of-value
/questions/17056325/replace-zeroes-in-numpy-array-with-the-median-value
/questions/44975717/median-if-equation-on-excel-file
/questions/21505514/finding-median-in-ruby
/questions/68233955/calculate-global-median-normalization-in-microarray
/questions/742547/conditional-median-in-ms-excel
/questions/46762179/median-splits-in-r
/questions/9794558/weighted-median-computation
/questions/53349332/quicksort-median-three
/questions/52434519/calculating-median-of-an-array-in-php
/questions/61514858/r-median-inconsistent
/questions/29162206/median-worked-out-incorrectly
/questions/38028575/median-filters-out-is-wrong-what-is-the-right-median-filter-algorithm
/questions/33021258/median-of-medians-not-working-properly
/questions/26863139/how-to-calculate-median-in-hive
/questions/28358935/median-of-median-algorithm-recurrence-relation
/questions/28358935/median-of-median-algorithm-recurrence-relation
/questions/25831609/calculating-median-for-columns-mysql
/questions/53573004/median-of-the-medians-of-a-list
/questions/48097866/multiple-condition-median-if-formula
/questions/56024326/calculate-a-median-in-ssrs
/questions/31868079/median-on-weekdays
/questions/58826591/median-in-pivot-in-oracle
/questions/48200191/splitting-a-data-frame-by-median
/questions/26102867/python-weighted-median-algorithm-with-pandas
/questions/27157487/function-in-scheme-to-find-median
/questions/5247756/calculating-median
/questions/29230397/find-median-in-r
/questions/73479882/median-calculation-with-condition
/questions/10966837/c-insertion-sort-median-calculation-error
/questions/11126921/interviewstreet-median-challenge-java
/questions/11126921/interviewstreet-median-challenge-java
/questions/18887382/how-to-calculate-the-median-on-grouped-dataset
/questions/37902758/median-of-medians-algorithm-misunderstanding
/questions/54366592/r-how-to-take-median-of-rows-in-dataframe
/questions/51615933/student-t-test-for-the-median-not-the-mean
/questions/69262541/generalizing-the-median-of-medians-algorithm
/questions/26077445/number-of-comparisons-median-quicksort
/questions/11596443/finding-the-median-value-of-a-random-array
/questions/48604903/display-median-mean
/questions/44150669/sql-median-function-not-working
/questions/34147259/median-function-in-mdx-pentaho-mondrian
/questions/69581009/median-with-various-criteria
/questions/64549107/quickselect-using-a-median-of-median-of-three-partitioning
/questions/9976627/implementing-geometric-median
/questions/40112487/attributeerror-numpy-ndarray-object-has-no-attribute-median
/questions/44150669/sql-median-function-not-working
/questions/48604903/display-median-mean
/questions/38405192/multiple-count-and-median-values-from-a-dataframe
/questions/64549107/quickselect-using-a-median-of-median-of-three-partitioning
/questions/3316398/find-a-median-in-parallel
/questions/43353228/median-need-numeric-data
/questions/43430759/how-to-extract-median-value
/questions/18427031/median-filter-with-python-and-opencv
/questions/46907621/sql-finding-median
/questions/11971876/how-to-fill-na-with-median
/questions/17139918/finding-median-with-pandas-transform
/questions/67804719/how-to-find-median-of-column-in-pyspark
/questions/3765950/sorting-a-boxplot-based-on-median-value
/questions/1058813/on-line-iterator-algorithms-for-estimating-statistical-median-mode-skewnes
/questions/13105145/finding-the-median
/questions/67804719/how-to-find-median-of-column-in-pyspark
/questions/34123319/java-median-when-i-have-an-array-with-a-pair-number-the-median-i-get-isnt-corr
/questions/55737654/scheme-get-median-from-a-list-of-median-from-already-sorted-list
/questions/68465132/rolling-median-in-bigquery
/questions/19291247/median-in-sqlite-on-group
/questions/480960/how-do-i-calculate-the-median-of-five-in-c
/questions/63737966/caculate-min-median-max-at-once
/questions/10930732/c-efficiently-calculating-a-running-median
/questions/40604956/conditional-median-with-or-clause
/questions/33378653/mean-median-variance-calculator
/questions/44227300/median-of-sorted-arrays-of-different-lengths
/questions/29112610/finding-median-in-spark-streaming
/questions/3908073/optimal-median-of-medians-selection-3-element-blocks-vs-5-element-blocks
/questions/29665490/not-understanding-median-of-medians-algorithm-to-find-k-th-element
/questions/29665490/not-understanding-median-of-medians-algorithm-to-find-k-th-element
/questions/5542059/how-can-write-the-median-of-medians-algorithm-in-prolog
/questions/34971519/mongodb-find-median
/questions/37014065/teradata-median-calculation-display
/questions/15763965/how-can-i-calculate-the-median-of-values-in-sqlite
/questions/28784354/position-of-median-blocks
/questions/21500540/3d-median-filter-in-matlab
/questions/21906289/how-to-get-median-is-sas
/questions/36315430/median-c-sharp-wrong-calculate
/questions/41331004/median-in-a-list-of-n-elements
/questions/25316687/finding-median-of-array-with-selection-sort
/questions/21487250/find-the-median-of-an-array
/questions/15386799/count-median-grouped-by-day
/questions/72036736/median-in-pandas-dropping-center-value
/questions/15338584/mysql-count-median-value
/questions/64537017/median-in-a-data-frame
/questions/60123084/median-with-groupby-and-frequency
/questions/48776601/median-of-an-array-in-javascript
/questions/7842347/find-median-in-olog-n
/questions/35008590/how-to-calculate-median-of-variables
/questions/16899430/find-median-excluding-diagonal-in-r
/questions/23811994/complicated-ordering-by-median-in-mysql
/questions/72527977/trying-to-compute-row-wise-median-and-then-group-the-values-by-higher-and-lower
/questions/73214578/median-of-a-list
/questions/48799800/median-of-three-values
/questions/16797999/position-of-median-within-a-list
/questions/20607708/mysql-building-median-stored-function
/questions/64989406/javascript-median-using-for
/questions/34269992/median-of-medians-vs-treemap
/questions/71801383/calculate-the-median-in-an-array
/questions/30277414/imputing-data-with-median-by-date-in-r
/questions/20607708/mysql-building-median-stored-function
/questions/16797999/position-of-median-within-a-list
/questions/41527860/aggregating-by-median-value-in-sql
/questions/50485458/median-downsampling-in-python
/questions/31132552/no-visible-global-function-definition-for-median
/questions/18827310/median-filter-of-masked-arrays
/questions/74001903/finding-median-of-an-array
/questions/55683017/how-to-use-median-function-in-mdx
/questions/50912873/python-quicksort-with-median-of-three
/questions/3372006/incremental-median-computation-with-max-memory-efficiency
/questions/45589021/mysql-outputting-median-age-from-find-median-birth-date
/questions/35211801/median-of-cagr-in-tableau
/questions/59589355/median-by-group-in-r
/questions/70663186/find-median-of-dates-in-postgresql
/questions/69185987/how-to-find-median-of-a-column-in-r
/questions/25631188/calculate-median-with-sql-db2
/questions/12125364/why-does-median-trip-up-data-table-integer-versus-double
/questions/69725032/create-a-function-in-mysql-to-calculate-median
/questions/4201292/on-algorithm-to-find-the-median-of-n%c2%b2-implicit-numbers
/questions/63484965/mysql-divides-a-column-into-2-segments-based-on-the-median-and-finds-the-median
/questions/34109027/how-to-find-median-value-in-mysql
/questions/58257890/median-filter-for-image-python3
/questions/22183315/median-and-time-python
/questions/41524129/python-median-value-of-a-list
/questions/65096489/find-the-median-of-a-listint-in-dart
/questions/58593657/implementation-of-median-maintenance
/questions/59395684/writing-a-median-function-in-r
/questions/57645192/calculate-the-median-by-excluding-outliers-25-of-median-of-four-columns-for
/questions/49127897/python-pandas-fillna-median-not-working
/questions/34274061/calculating-median-in-sql-server-2008-r2
/questions/65096489/find-the-median-of-a-listint-in-dart
/questions/57645192/calculate-the-median-by-excluding-outliers-25-of-median-of-four-columns-for
/questions/34676337/median-value-of-3d-array
/questions/60436757/median-and-boxplot-r
/questions/69789721/dplyr-median-by-group
/questions/54755354/strange-behavior-with-pandas-median
/questions/19692539/creating-a-median-filter
/questions/30299267/geometric-median-of-multidimensional-points
/questions/66457714/mysql-median-subquery-in-select
/questions/73395167/quicksort-algorithm-using-median-of-medians-as-a-pivot-for-partitioning
/questions/47321823/median-of-a-rolling-window-excluding-zeros
/questions/31256478/median-of-medians-algorithm-not-working-consistently
/questions/60123793/rolling-median-by-group
/questions/42308680/compare-column-with-median
/questions/75285545/react-nan-median-value
/questions/28507232/calculating-median-with-group-by-in-aws-redshift
/questions/28528533/find-median-of-avl-tree
/questions/3224731/john-tukey-median-median-or-resistant-line-statistical-test-for-r-and-line
/questions/3735252/is-there-a-better-way-to-calculate-the-median-not-average
/questions/24439729/weighted-median-if-in-excel
/questions/42765586/numpy-calculate-cumulative-median
/questions/57952816/median-if-s-using-groupby-of-python-pandas
/questions/45943409/rolling-moving-median-in-greenplum
/questions/16908034/zero-padding-median-filtering
/questions/11845554/i-need-to-find-median-in-mysql
/questions/14823157/get-median-from-avl-tree
/questions/43786317/mean-vs-median-that-is-the
/questions/38934710/median-standard-deviation-with-mad
/questions/60857436/calculating-moving-median-within-group
/questions/19811318/adaptive-median-filter
/questions/24439729/weighted-median-if-in-excel
/questions/47912929/get-median-value-of-an-arrays-key
/questions/12818056/function-that-returns-the-median-ocaml
/questions/56800877/compare-against-median-of-each-column
/questions/54987074/c-sharp-median-value-among-group-calculation
/questions/39332223/median-survival-in-r
/questions/46565585/random-numbers-in-a-range-around-a-median
/questions/26907496/median-windows-in-c
/questions/9342602/calculate-median-image-in-matlab
/questions/16908034/zero-padding-median-filtering
/questions/27535535/matlab-median-filter-code
/questions/36869672/ring-median-filter-in-python
/questions/39918769/replacing-value-with-median-in-python
/questions/68601097/ranking-by-median-in-python
/questions/30351079/calculate-the-median-across-several-vectors
/questions/26907496/median-windows-in-c
/questions/36620455/how-to-calculate-median-in-crate
/questions/60553060/ssas-mdx-median-with-time-series
/questions/62544994/assign-median-values-by-separating-data-to-bins
/questions/24264470/deducting-the-median-from-each-column
/questions/13144484/median-of-3-partitioning
/questions/67878101/rolling-median-in-a-pandas-pivot-table
/questions/70178386/median-in-django-annotation
/questions/49125637/jpa-method-to-implement-median
/questions/33095764/reading-column-and-find-median-bash
/questions/15320142/circular-median-filter-matlab
/questions/36869672/ring-median-filter-in-python
/questions/73711312/trying-to-find-median
/questions/69832330/median-and-mode-displaying-1
/questions/69832330/median-and-mode-displaying-1
/questions/70178386/median-in-django-annotation
/questions/51793951/r-median-large-vector
/questions/46799902/median-for-sparse-matrix-in-numpy
/questions/68031255/finding-median-using-mysql
/questions/26270803/median-in-sqlusing-abs
/questions/52461306/something-i-dont-understand-about-median-of-medians-algorithm
/questions/62747993/pandas-dataframe-median-for-certain-columns
/questions/5275115/add-a-median-method-to-a-list
/questions/21681689/excel-formula-debugging-median-calculation
/questions/25981424/function-that-return-the-median
/questions/64859946/replace-nan-value-with-a-median
/questions/26360076/mean-and-median-vs-summary
/questions/65212352/calculating-median-in-mysqlite
/questions/63664123/how-to-count-median-properly-in-mysql-5-7
/questions/62747993/pandas-dataframe-median-for-certain-columns
/questions/31819392/median-for-a-sequency-with-missing-values-in-r
/questions/35469092/sorting-and-median-with-arrays-in-javascript
/questions/64859946/replace-nan-value-with-a-median
/questions/27000069/cannot-convert-char-to-int-for-argument-1-to-int-medianint-int-arr
/questions/65212352/calculating-median-in-mysqlite
/questions/59977108/median-filter-with-renderscript-on-android
/questions/45988935/find-median-between-2-dates
/questions/32575264/confidence-intervals-for-above-median-and-below-median-differences-of-same-data
/questions/46816772/median-filter-in-image-processing
/questions/46018258/parallel-median-filter
/questions/2932503/parallel-computation-of-the-median-of-a-large-array
/questions/33597060/finding-the-median-of-a-histogram
/questions/63186507/pandas-find-median-after-group-by
/questions/51648754/median-in-500gb-file-java
/questions/29989788/find-median-in-binary-search-tree
/questions/32575264/confidence-intervals-for-above-median-and-below-median-differences-of-same-data
/questions/19599193/sql-server-median-function
/questions/55419887/python-pandas-median-value-of-a-groupedby-column
/questions/64854598/median-into-jmeter-report
/questions/47368216/median-of-arbitrary-datapoint-around-index-matlab
/questions/33591239/conditional-median-in-excel-worksheet
/questions/23854918/median-filter-for-ios
/questions/74235150/finding-a-median-in-sql-server
/questions/71243683/median-quicksort-using-pivot
/questions/10966298/c-implementing-heap-median-function
/questions/30852933/median-and-binary-classification-in-r
/questions/46449449/median-replace-needs-numeric-data
/questions/43345486/median-filter-in-r
/questions/42655585/sql-calculate-the-median-for-each-date-range
/questions/56621351/continually-updating-the-median-space-efficiency
/questions/10966298/c-implementing-heap-median-function
/questions/70969000/function-to-return-median-of-3
/questions/53570721/replace-na-values-with-median-by-group
/questions/22801766/pgsql-median-function-error
/questions/41102184/python-find-confidence-interval-around-median
/questions/55268364/how-to-replace-outliers-with-median-in-pandas-dataframe
/questions/15421007/correct-implementation-of-the-median-of-two-sorted-arrays
/questions/49363093/bootstrap-weighed-median-and-confidence-interval
/questions/23695768/java-implementation-of-quickselect-median
/questions/37662237/hsqldb-percentile-cont-median
/questions/15445863/mit-scheme-median-procedure
/questions/15561884/choosing-the-median-as-the-pivot
/questions/62402997/median-in-data-table-r
/questions/70596631/is-there-any-example-of-the-median-for-ir
/questions/31639080/finding-median-in-avl-tree
/questions/40716778/change-median-color-geom-boxplot
/questions/22223013/median-of-specific-transactions
/questions/59349655/vector-median-of-rows-in-google-sheets
/questions/20257140/computing-median-where-is-the-error
/questions/73029971/median-doesnt-work-after-group-by-in-r-function
/questions/31300437/rolling-median-for-a-large-dataset-python
/questions/62295666/median-of-2-d-matrix-minesweeper
/questions/43873583/median-for-every-nth-values-in-matlab
/questions/69853228/idl-calculating-median
/questions/47249054/annual-median-from-daily-measurements
/questions/61923021/plotting-median-concentration-profiles-with-median-abs-deviation-error-bars
/questions/7227679/median-values-in-t-sql
/questions/31733029/counting-median-of-character-variables
/questions/45417583/calculating-median-based-on-segments-in-r
/questions/45198858/array-median-if-statement-not-working
/questions/43873583/median-for-every-nth-values-in-matlab
/questions/44640378/background-subtraction-using-median-in-time
/questions/14740581/how-to-compute-median-value-of-sales-figures
/questions/34164994/sas-surveymeans-median
/questions/45417583/calculating-median-based-on-segments-in-r
/questions/27802019/find-median-in-a-colored-range
/questions/14429796/writing-a-function-to-find-the-median-of-a-vector-of-ints
/questions/12475865/change-thickness-median-line-geom-boxplot
/questions/20962833/how-to-calculate-median-in-aws-redshift
/questions/45186733/how-to-calculate-median-survival-in-randomforestsrc
/questions/54187695/median-calculation-in-kotlin
/questions/63474858/divide-median-of-a-some-rows-by-median-of-other-rows-for-each-group
/questions/25562870/plotting-median-of-an-image-on-image-coordinates
/questions/28447947/finding-median-in-array-and-returning-true
/questions/63474858/divide-median-of-a-some-rows-by-median-of-other-rows-for-each-group
/questions/25562870/plotting-median-of-an-image-on-image-coordinates
/questions/19026545/excel-median-for-multiple-conditions
/questions/60366677/weighted-median-in-spatstat-package
/questions/6981431/getting-index-of-median-value-in-matlab
/questions/76322180/finding-median-in-matlab-taking-a-lot-of-time
/questions/40375181/median-of-medians-select-python
/questions/71596280/how-to-get-the-median-in-numpy
/questions/64755680/calculating-a-simple-median-on-a-column-in-mysql
/questions/70075253/find-median-in-r-discrete-random-variables
/questions/26595377/calculating-median-report-builder-3-ssrs-median-0-what-is-wrong-with-m
/questions/21364042/computing-the-median-in-a-binary-search-tree
/questions/18538701/median-selection-in-cuda-kernel
/questions/34705214/calculating-confidence-intervals-for-a-median-in-oracle
/questions/69020905/median-and-iqr-na
/questions/1561720/how-to-calculate-median
/questions/64755680/calculating-a-simple-median-on-a-column-in-mysql
/questions/2374640/how-do-i-calculate-percentiles-with-python-numpy
/questions/75059156/median-for-data-between-2-dates
/questions/46451427/finding-median-of-a-set-of-circular-data
/questions/69020905/median-and-iqr-na
/questions/38980705/combining-median-if-roundup-formulas
/questions/9424154/calculate-mean-median-mode-c-programming-array
/questions/66314430/compute-median-of-column-in-pyspark
/questions/63137773/query-with-median-and-group-by-and-where-google-sheets
/questions/60832286/calculate-median-of-a-sliding-window-with-awk
/questions/54610602/get-median-value-from-array-of-decimals
/questions/23255903/finding-the-median-value-of-an-rgb-image-in-opencv
/questions/15300875/error-in-calculating-median-image
/questions/74503292/vba-finding-the-median-without-using-the-function
/questions/60832286/calculate-median-of-a-sliding-window-with-awk
/questions/33964676/find-the-median-of-an-unsorted-array-without-sorting
/questions/74503292/vba-finding-the-median-without-using-the-function
/questions/48874074/php-find-median-using-heap-vs-sort
/questions/8260049/selection-algorithm-to-find-median
/questions/61250661/sliding-window-median-in-c
/questions/67994522/using-median-aggregate-in-same-query-as-avg
/questions/26047508/median-of-values-in-tuple-in-pig
/questions/11091525/how-to-create-an-aggregate-function-for-median
/questions/23255903/finding-the-median-value-of-an-rgb-image-in-opencv
/questions/33084240/median-calculation-in-excel-with-conditions
/questions/35248501/issues-with-calculating-median
/questions/23311008/calculate-median-using-vba
/questions/32705216/how-to-make-the-median-in-java
/questions/73718140/pandas-get-median-of-the-daily-sum
/questions/47027145/determine-median-of-double-column-r
/questions/11091525/how-to-create-an-aggregate-function-for-median
/questions/76031876/get-the-median-of-a-power-bi-measure
/questions/1653271/how-do-you-find-the-median-of-2-columns-using-r
/questions/3216915/compute-median-of-column-in-sql-common-table-expression
/questions/64406912/calculate-median-based-on-counts-of-value
/questions/31926852/finding-median-of-an-unsorted-array-in-linear-time
/questions/9868757/using-scipy-weave-inline-for-fast-2d-median-filtering
/questions/21300778/median-of-an-array-in-ruby-not-floating
/questions/39157976/mysql-finding-median-of-a-column-grouped-by-another-rather-than-the-median-for
/questions/46779081/median-of-two-different-sized-sorted-arrays
/questions/28851255/median-depending-on-other-variable-in-sql
/questions/3938055/calculate-median-for-each-subject-with-update-on-ties
/questions/15946580/sql-ranking-query-to-compute-ranks-and-median-in-sub-groups
/questions/29776094/what-is-the-bug-in-my-find-median-implementation
/questions/9868757/using-scipy-weave-inline-for-fast-2d-median-filtering
/questions/56367900/proper-explanation-of-median-javascript-code-listed-below
/questions/71866048/understanding-the-median-in-this-graph
/questions/31926852/finding-median-of-an-unsorted-array-in-linear-time
/questions/57874430/how-to-display-median-with-comparegroups-package
/questions/46015796/what-approximate-median-filter-is-all-about
/questions/3938055/calculate-median-for-each-subject-with-update-on-ties
/questions/21300778/median-of-an-array-in-ruby-not-floating
/questions/29776094/what-is-the-bug-in-my-find-median-implementation
/questions/39157976/mysql-finding-median-of-a-column-grouped-by-another-rather-than-the-median-for
/questions/52637399/boundary-cases-in-a-median-filter-2d-int-c
/questions/10609602/combine-quicksort-and-median-selection-algorithm
/questions/58511397/computing-rolling-median-absolute-deviation
/questions/9686078/median-of-two-sorted-array
/questions/45386955/python-replacing-outliers-values-with-median-values
/questions/59094763/excel-median-across-multiple-columns
/questions/62224544/will-this-give-me-a-median-in-sql
/questions/71784791/index-error-in-function-calculating-median
/questions/57874430/how-to-display-median-with-comparegroups-package
/questions/52637399/boundary-cases-in-a-median-filter-2d-int-c
/questions/71093825/how-to-get-rolling-median-on-pandas-dataframe
/questions/63572604/dplyr-replace-na-with-median-after-grouping
/questions/20294507/r-reduce-not-working-with-median
/questions/45498982/find-median-of-datediff-result
/questions/12461429/mean-and-median-of-residuals-from-a-linear-model
/questions/4191687/how-to-calculate-mean-median-mode-and-range-from-a-set-of-numbers
/questions/3632297/median-algorithm-in-olog-n
/questions/44118860/how-to-find-median-in-sql
/questions/42821996/sql-hive-select-median
/questions/24910276/get-median-color-between-two-colors
/questions/24101524/finding-median-of-list-in-python
/questions/1291152/simple-way-to-calculate-median-with-mysql
/questions/1342898/function-to-calculate-median-in-sql-server
/questions/10657503/find-running-median-from-a-stream-of-integers
/questions/10168686/image-processing-algorithm-improvement-for-coca-cola-can-recognition
/questions/2571358/calculate-the-median-of-a-billion-numbers
/questions/1309263/rolling-median-algorithm-in-c
/questions/9489061/understanding-median-of-medians-algorithm
/questions/4140719/calculate-median-in-c-sharp
/questions/4662292/scala-median-implementation
/questions/45309447/calculating-median-javascript
/questions/10662013/finding-the-median-of-an-unsorted-array
/questions/17582726/median-of-medians
/questions/14859120/calculating-median-in-ruby
/questions/11955728/how-to-calculate-the-median-of-an-array
/questions/15319561/how-to-implement-a-median-heap
/questions/31432843/how-to-find-median-and-quantiles-using-spark
/questions/57700139/placement-of-median-labels-at-median-line
/questions/52814138/finding-block-median-in-median-of-medians-algorithm
/questions/23707541/median-in-prolog
/questions/11007406/interviewstreet-median-challenge
/questions/67874226/finding-median-of-a-list-using-quick-select-and-median-of-medians
/questions/2114797/compute-median-of-values-stored-in-vector-c
/questions/9683343/median-of-median-implementation
/questions/22902192/median-of-medians-is-not-the-real-median-correct
/questions/33051429/what-is-median-split-is-it-same-as-median
/questions/12545795/explanation-of-the-median-of-medians-algorithm
/questions/9004284/median-select-algorithm-does-it-find-the-absolute-median-or-a-median-of-medi
/questions/8469171/median-of-median-algorithms-understanding
/questions/6182488/median-of-5-sorted-arrays
/questions/18790467/median-of-two-sorted-arrays
/questions/10482339/how-to-find-median
/questions/63718122/median-vs-survival-median-from-survfit
/questions/7723398/calculating-the-median
/questions/52380777/wrong-median-answer
/questions/9415291/median-of-medians-is-this-possible-or-is-there-a-different-way
/questions/43824665/tensorflow-median-value
/questions/41351163/finding-the-running-median
/questions/1719070/what-is-the-right-approach-when-using-stl-container-for-median-calculation
/questions/44563428/median-filtering
/questions/47548735/partitioned-median
/questions/36406969/median-of-medians-java-implementation
/questions/61306583/efficient-algo-for-median-of-median
/questions/73043528/replace-na-with-the-minimum-of-row-median-and-column-median
/questions/30267149/excel-median-range
/questions/73043528/replace-na-with-the-minimum-of-row-median-and-column-median
/questions/38649501/labeling-boxplot-in-seaborn-with-median-value
/questions/26108246/geom-vline-median-not-consistant-with-true-median-of-vector
/questions/40305626/median-in-vertica-sql
/questions/41769593/mysql-median-query-that-retrieves-median-for-each-grouped-ids
/questions/35324662/c-calculate-median-with-reference
/questions/17316844/find-the-median-of-the-sum-of-the-arrays
/questions/20599731/algorithmic-reduction-median-of-medians-quicksort
/questions/638030/how-to-calculate-or-approximate-the-median-of-a-list-without-storing-the-list
/questions/29778636/median-of-pandas-dataframe-column
/questions/23683777/calculate-median
/questions/19395294/finding-continuous-median
/questions/5784688/help-with-median-in-ruby
/questions/37053410/median-method-returning-higher-value-median
/questions/37053410/median-method-returning-higher-value-median
/questions/43812272/dask-dataframe-aggregate-to-median
/questions/45706989/calculate-in-mysql-the-median
/questions/17685083/finding-median-mysql
/questions/5401158/calculating-the-median-with-mysql
/questions/49599751/median-function-in-c
/questions/6166375/median-of-column-with-awk
/questions/30489014/ggplot-stat-summary-median-and-boxplot-median-disagreement
/questions/27622860/median-of-medians-space-complexity
/questions/32993370/median-calculation-in-access-with-sql
/questions/53092447/using-median-with-group-by
/questions/74711625/median-of-grouped-data
/questions/27139794/a-function-median-in-scheme
/questions/53807439/pandas-dataframe-median-function
/questions/6752724/help-needed-with-median-if-in-excel
/questions/37727848/median-of-an-array
/questions/27139794/a-function-median-in-scheme
/questions/6752724/help-needed-with-median-if-in-excel
/questions/17033013/finding-the-median-of-medians-of-quicksort
/questions/56172373/median-program-in-python
/questions/58378711/median-if-in-excel
/questions/10109514/computing-median-in-map-reduce
/questions/57411873/what-is-the-median-value-is-decimal
/questions/73984271/describe-and-median-doesnt-count-the-median
/questions/64736868/median-of-medians-in-python-doesnt-run-in-on
/questions/47037425/median-of-aggregated-data
/questions/46411507/get-corresponding-index-of-median
/questions/17158667/minimum-no-of-comparisons-to-find-median-of-3-numbers
/questions/66625593/time-complexity-for-median-of-medians
/questions/47624565/finding-median-in-c
/questions/20456095/calculate-the-median-in-mongodb-aggregation-framework
/questions/50563572/calc-median-javascript
/questions/69510657/rolling-median-in-r
/questions/37249234/weighted-median-bootstrap
/questions/44931841/r-estimating-the-population-median-value-by-combining-sample-medians
/questions/39968904/median-of-five-points-python
/questions/44450266/get-median-of-array
/questions/28072638/calculate-sql-median
/questions/7559608/median-of-three-values-strategy
/questions/12123718/mdx-median-query
/questions/32784986/calculating-median-values-in-hive
/questions/53106548/find-median-in-vba
/questions/34017132/writing-a-median-function
/questions/4558069/approximate-median-of-an-immutable-array
/questions/7578689/median-code-explanation
/questions/19409820/running-median-of-constant-size-array
/questions/7578689/median-code-explanation
/questions/43889611/median-of-panda-datetime64-column
/questions/1790360/median-of-medians-in-java
/questions/69064658/ggplot-median-and-percentile
/questions/35701663/add-hline-with-population-median-for-each-facet
/questions/40915796/pandas-median-on-index-not-values
/questions/44840233/how-to-calculate-median-in-postgres
/questions/37667250/running-median-excluding-zeros
/questions/44086109/comparing-median-and-sum-in-python
/questions/31370214/calculate-mean-and-median-efficiently
/questions/67754978/computing-an-approximate-median-pseudo-median-algorithm
/questions/26281887/find-median-of-value
/questions/17056325/replace-zeroes-in-numpy-array-with-the-median-value
/questions/44975717/median-if-equation-on-excel-file
/questions/21505514/finding-median-in-ruby
/questions/68233955/calculate-global-median-normalization-in-microarray
/questions/742547/conditional-median-in-ms-excel
/questions/46762179/median-splits-in-r
/questions/9794558/weighted-median-computation
/questions/53349332/quicksort-median-three
/questions/52434519/calculating-median-of-an-array-in-php
/questions/61514858/r-median-inconsistent
/questions/29162206/median-worked-out-incorrectly
/questions/38028575/median-filters-out-is-wrong-what-is-the-right-median-filter-algorithm
/questions/33021258/median-of-medians-not-working-properly
/questions/26863139/how-to-calculate-median-in-hive
/questions/28358935/median-of-median-algorithm-recurrence-relation
/questions/28358935/median-of-median-algorithm-recurrence-relation
/questions/25831609/calculating-median-for-columns-mysql
/questions/53573004/median-of-the-medians-of-a-list
/questions/48097866/multiple-condition-median-if-formula
/questions/56024326/calculate-a-median-in-ssrs
/questions/31868079/median-on-weekdays
/questions/58826591/median-in-pivot-in-oracle
/questions/48200191/splitting-a-data-frame-by-median
/questions/26102867/python-weighted-median-algorithm-with-pandas
/questions/27157487/function-in-scheme-to-find-median
/questions/5247756/calculating-median
/questions/29230397/find-median-in-r
/questions/73479882/median-calculation-with-condition
/questions/10966837/c-insertion-sort-median-calculation-error
/questions/11126921/interviewstreet-median-challenge-java
/questions/11126921/interviewstreet-median-challenge-java
/questions/18887382/how-to-calculate-the-median-on-grouped-dataset
/questions/37902758/median-of-medians-algorithm-misunderstanding
/questions/54366592/r-how-to-take-median-of-rows-in-dataframe
/questions/51615933/student-t-test-for-the-median-not-the-mean
/questions/69262541/generalizing-the-median-of-medians-algorithm
/questions/26077445/number-of-comparisons-median-quicksort
/questions/11596443/finding-the-median-value-of-a-random-array
/questions/48604903/display-median-mean
/questions/44150669/sql-median-function-not-working
/questions/34147259/median-function-in-mdx-pentaho-mondrian
/questions/69581009/median-with-various-criteria
/questions/64549107/quickselect-using-a-median-of-median-of-three-partitioning
/questions/9976627/implementing-geometric-median
/questions/40112487/attributeerror-numpy-ndarray-object-has-no-attribute-median
/questions/44150669/sql-median-function-not-working
/questions/48604903/display-median-mean
/questions/38405192/multiple-count-and-median-values-from-a-dataframe
/questions/64549107/quickselect-using-a-median-of-median-of-three-partitioning
/questions/3316398/find-a-median-in-parallel
/questions/43353228/median-need-numeric-data
/questions/43430759/how-to-extract-median-value
/questions/18427031/median-filter-with-python-and-opencv
/questions/46907621/sql-finding-median
/questions/11971876/how-to-fill-na-with-median
/questions/17139918/finding-median-with-pandas-transform
/questions/67804719/how-to-find-median-of-column-in-pyspark
/questions/3765950/sorting-a-boxplot-based-on-median-value
/questions/1058813/on-line-iterator-algorithms-for-estimating-statistical-median-mode-skewnes
/questions/13105145/finding-the-median
/questions/67804719/how-to-find-median-of-column-in-pyspark
/questions/34123319/java-median-when-i-have-an-array-with-a-pair-number-the-median-i-get-isnt-corr
/questions/55737654/scheme-get-median-from-a-list-of-median-from-already-sorted-list
/questions/68465132/rolling-median-in-bigquery
/questions/19291247/median-in-sqlite-on-group
/questions/480960/how-do-i-calculate-the-median-of-five-in-c
/questions/63737966/caculate-min-median-max-at-once
/questions/10930732/c-efficiently-calculating-a-running-median
/questions/40604956/conditional-median-with-or-clause
/questions/33378653/mean-median-variance-calculator
/questions/44227300/median-of-sorted-arrays-of-different-lengths
/questions/29112610/finding-median-in-spark-streaming
/questions/3908073/optimal-median-of-medians-selection-3-element-blocks-vs-5-element-blocks
/questions/29665490/not-understanding-median-of-medians-algorithm-to-find-k-th-element
/questions/29665490/not-understanding-median-of-medians-algorithm-to-find-k-th-element
/questions/5542059/how-can-write-the-median-of-medians-algorithm-in-prolog
/questions/34971519/mongodb-find-median
/questions/37014065/teradata-median-calculation-display
/questions/15763965/how-can-i-calculate-the-median-of-values-in-sqlite
/questions/28784354/position-of-median-blocks
/questions/21500540/3d-median-filter-in-matlab
/questions/21906289/how-to-get-median-is-sas
/questions/36315430/median-c-sharp-wrong-calculate
/questions/41331004/median-in-a-list-of-n-elements
/questions/25316687/finding-median-of-array-with-selection-sort
/questions/21487250/find-the-median-of-an-array
/questions/15386799/count-median-grouped-by-day
/questions/72036736/median-in-pandas-dropping-center-value
/questions/15338584/mysql-count-median-value
/questions/64537017/median-in-a-data-frame
/questions/60123084/median-with-groupby-and-frequency
/questions/48776601/median-of-an-array-in-javascript
/questions/7842347/find-median-in-olog-n
/questions/35008590/how-to-calculate-median-of-variables
/questions/16899430/find-median-excluding-diagonal-in-r
/questions/23811994/complicated-ordering-by-median-in-mysql
/questions/72527977/trying-to-compute-row-wise-median-and-then-group-the-values-by-higher-and-lower
/questions/73214578/median-of-a-list
/questions/48799800/median-of-three-values
/questions/16797999/position-of-median-within-a-list
/questions/20607708/mysql-building-median-stored-function
/questions/64989406/javascript-median-using-for
/questions/34269992/median-of-medians-vs-treemap
/questions/71801383/calculate-the-median-in-an-array
/questions/30277414/imputing-data-with-median-by-date-in-r
/questions/20607708/mysql-building-median-stored-function
/questions/16797999/position-of-median-within-a-list
/questions/41527860/aggregating-by-median-value-in-sql
/questions/50485458/median-downsampling-in-python
/questions/31132552/no-visible-global-function-definition-for-median
/questions/18827310/median-filter-of-masked-arrays
/questions/74001903/finding-median-of-an-array
/questions/55683017/how-to-use-median-function-in-mdx
/questions/50912873/python-quicksort-with-median-of-three
/questions/3372006/incremental-median-computation-with-max-memory-efficiency
/questions/45589021/mysql-outputting-median-age-from-find-median-birth-date
/questions/35211801/median-of-cagr-in-tableau
/questions/59589355/median-by-group-in-r
/questions/70663186/find-median-of-dates-in-postgresql
/questions/69185987/how-to-find-median-of-a-column-in-r
/questions/25631188/calculate-median-with-sql-db2
/questions/12125364/why-does-median-trip-up-data-table-integer-versus-double
/questions/69725032/create-a-function-in-mysql-to-calculate-median
/questions/4201292/on-algorithm-to-find-the-median-of-n%c2%b2-implicit-numbers
/questions/63484965/mysql-divides-a-column-into-2-segments-based-on-the-median-and-finds-the-median
/questions/34109027/how-to-find-median-value-in-mysql
/questions/58257890/median-filter-for-image-python3
/questions/22183315/median-and-time-python
/questions/41524129/python-median-value-of-a-list
/questions/65096489/find-the-median-of-a-listint-in-dart
/questions/58593657/implementation-of-median-maintenance
/questions/59395684/writing-a-median-function-in-r
/questions/57645192/calculate-the-median-by-excluding-outliers-25-of-median-of-four-columns-for
/questions/49127897/python-pandas-fillna-median-not-working
/questions/34274061/calculating-median-in-sql-server-2008-r2
/questions/65096489/find-the-median-of-a-listint-in-dart
/questions/57645192/calculate-the-median-by-excluding-outliers-25-of-median-of-four-columns-for
/questions/34676337/median-value-of-3d-array
/questions/60436757/median-and-boxplot-r
/questions/69789721/dplyr-median-by-group
/questions/54755354/strange-behavior-with-pandas-median
/questions/19692539/creating-a-median-filter
/questions/30299267/geometric-median-of-multidimensional-points
/questions/66457714/mysql-median-subquery-in-select
/questions/73395167/quicksort-algorithm-using-median-of-medians-as-a-pivot-for-partitioning
/questions/47321823/median-of-a-rolling-window-excluding-zeros
/questions/31256478/median-of-medians-algorithm-not-working-consistently
/questions/60123793/rolling-median-by-group
/questions/42308680/compare-column-with-median
/questions/75285545/react-nan-median-value
/questions/28507232/calculating-median-with-group-by-in-aws-redshift
/questions/28528533/find-median-of-avl-tree
/questions/3224731/john-tukey-median-median-or-resistant-line-statistical-test-for-r-and-line
/questions/3735252/is-there-a-better-way-to-calculate-the-median-not-average
/questions/24439729/weighted-median-if-in-excel
/questions/42765586/numpy-calculate-cumulative-median
/questions/57952816/median-if-s-using-groupby-of-python-pandas
/questions/45943409/rolling-moving-median-in-greenplum
/questions/16908034/zero-padding-median-filtering
/questions/11845554/i-need-to-find-median-in-mysql
/questions/14823157/get-median-from-avl-tree
/questions/43786317/mean-vs-median-that-is-the
/questions/38934710/median-standard-deviation-with-mad
/questions/60857436/calculating-moving-median-within-group
/questions/19811318/adaptive-median-filter
/questions/24439729/weighted-median-if-in-excel
/questions/47912929/get-median-value-of-an-arrays-key
/questions/12818056/function-that-returns-the-median-ocaml
/questions/56800877/compare-against-median-of-each-column
/questions/54987074/c-sharp-median-value-among-group-calculation
/questions/39332223/median-survival-in-r
/questions/46565585/random-numbers-in-a-range-around-a-median
/questions/26907496/median-windows-in-c
/questions/9342602/calculate-median-image-in-matlab
/questions/16908034/zero-padding-median-filtering
/questions/27535535/matlab-median-filter-code
/questions/36869672/ring-median-filter-in-python
/questions/39918769/replacing-value-with-median-in-python
/questions/68601097/ranking-by-median-in-python
/questions/30351079/calculate-the-median-across-several-vectors
/questions/26907496/median-windows-in-c
/questions/36620455/how-to-calculate-median-in-crate
/questions/60553060/ssas-mdx-median-with-time-series
/questions/62544994/assign-median-values-by-separating-data-to-bins
/questions/24264470/deducting-the-median-from-each-column
/questions/13144484/median-of-3-partitioning
/questions/67878101/rolling-median-in-a-pandas-pivot-table
/questions/70178386/median-in-django-annotation
/questions/49125637/jpa-method-to-implement-median
/questions/33095764/reading-column-and-find-median-bash
/questions/15320142/circular-median-filter-matlab
/questions/36869672/ring-median-filter-in-python
/questions/73711312/trying-to-find-median
/questions/69832330/median-and-mode-displaying-1
/questions/69832330/median-and-mode-displaying-1
/questions/70178386/median-in-django-annotation
/questions/51793951/r-median-large-vector
/questions/46799902/median-for-sparse-matrix-in-numpy
/questions/68031255/finding-median-using-mysql
/questions/26270803/median-in-sqlusing-abs
/questions/52461306/something-i-dont-understand-about-median-of-medians-algorithm
/questions/62747993/pandas-dataframe-median-for-certain-columns
/questions/5275115/add-a-median-method-to-a-list
/questions/21681689/excel-formula-debugging-median-calculation
/questions/25981424/function-that-return-the-median
/questions/64859946/replace-nan-value-with-a-median
/questions/26360076/mean-and-median-vs-summary
/questions/65212352/calculating-median-in-mysqlite
/questions/63664123/how-to-count-median-properly-in-mysql-5-7
/questions/62747993/pandas-dataframe-median-for-certain-columns
/questions/31819392/median-for-a-sequency-with-missing-values-in-r
/questions/35469092/sorting-and-median-with-arrays-in-javascript
/questions/64859946/replace-nan-value-with-a-median
/questions/27000069/cannot-convert-char-to-int-for-argument-1-to-int-medianint-int-arr
/questions/65212352/calculating-median-in-mysqlite
/questions/59977108/median-filter-with-renderscript-on-android
/questions/45988935/find-median-between-2-dates
/questions/32575264/confidence-intervals-for-above-median-and-below-median-differences-of-same-data
/questions/46816772/median-filter-in-image-processing
/questions/46018258/parallel-median-filter
/questions/2932503/parallel-computation-of-the-median-of-a-large-array
/questions/33597060/finding-the-median-of-a-histogram
/questions/63186507/pandas-find-median-after-group-by
/questions/51648754/median-in-500gb-file-java
/questions/29989788/find-median-in-binary-search-tree
/questions/32575264/confidence-intervals-for-above-median-and-below-median-differences-of-same-data
/questions/19599193/sql-server-median-function
/questions/55419887/python-pandas-median-value-of-a-groupedby-column
/questions/64854598/median-into-jmeter-report
/questions/47368216/median-of-arbitrary-datapoint-around-index-matlab
/questions/33591239/conditional-median-in-excel-worksheet
/questions/23854918/median-filter-for-ios
/questions/74235150/finding-a-median-in-sql-server
/questions/71243683/median-quicksort-using-pivot
/questions/10966298/c-implementing-heap-median-function
/questions/30852933/median-and-binary-classification-in-r
/questions/46449449/median-replace-needs-numeric-data
/questions/43345486/median-filter-in-r
/questions/42655585/sql-calculate-the-median-for-each-date-range
/questions/56621351/continually-updating-the-median-space-efficiency
/questions/10966298/c-implementing-heap-median-function
/questions/70969000/function-to-return-median-of-3
/questions/53570721/replace-na-values-with-median-by-group
/questions/22801766/pgsql-median-function-error
/questions/41102184/python-find-confidence-interval-around-median
/questions/55268364/how-to-replace-outliers-with-median-in-pandas-dataframe
/questions/15421007/correct-implementation-of-the-median-of-two-sorted-arrays
/questions/49363093/bootstrap-weighed-median-and-confidence-interval
/questions/23695768/java-implementation-of-quickselect-median
/questions/37662237/hsqldb-percentile-cont-median
/questions/15445863/mit-scheme-median-procedure
/questions/15561884/choosing-the-median-as-the-pivot
/questions/62402997/median-in-data-table-r
/questions/70596631/is-there-any-example-of-the-median-for-ir
/questions/31639080/finding-median-in-avl-tree
/questions/40716778/change-median-color-geom-boxplot
/questions/22223013/median-of-specific-transactions
/questions/59349655/vector-median-of-rows-in-google-sheets
/questions/20257140/computing-median-where-is-the-error
/questions/73029971/median-doesnt-work-after-group-by-in-r-function
/questions/31300437/rolling-median-for-a-large-dataset-python
/questions/62295666/median-of-2-d-matrix-minesweeper
/questions/43873583/median-for-every-nth-values-in-matlab
/questions/69853228/idl-calculating-median
/questions/47249054/annual-median-from-daily-measurements
/questions/61923021/plotting-median-concentration-profiles-with-median-abs-deviation-error-bars
/questions/7227679/median-values-in-t-sql
/questions/31733029/counting-median-of-character-variables
/questions/45417583/calculating-median-based-on-segments-in-r
/questions/45198858/array-median-if-statement-not-working
/questions/43873583/median-for-every-nth-values-in-matlab
/questions/44640378/background-subtraction-using-median-in-time
/questions/14740581/how-to-compute-median-value-of-sales-figures
/questions/34164994/sas-surveymeans-median
/questions/45417583/calculating-median-based-on-segments-in-r
/questions/27802019/find-median-in-a-colored-range
/questions/14429796/writing-a-function-to-find-the-median-of-a-vector-of-ints
/questions/12475865/change-thickness-median-line-geom-boxplot
/questions/20962833/how-to-calculate-median-in-aws-redshift
/questions/45186733/how-to-calculate-median-survival-in-randomforestsrc
/questions/54187695/median-calculation-in-kotlin
/questions/63474858/divide-median-of-a-some-rows-by-median-of-other-rows-for-each-group
/questions/25562870/plotting-median-of-an-image-on-image-coordinates
/questions/28447947/finding-median-in-array-and-returning-true
/questions/63474858/divide-median-of-a-some-rows-by-median-of-other-rows-for-each-group
/questions/25562870/plotting-median-of-an-image-on-image-coordinates
/questions/19026545/excel-median-for-multiple-conditions
/questions/60366677/weighted-median-in-spatstat-package
/questions/6981431/getting-index-of-median-value-in-matlab
/questions/76322180/finding-median-in-matlab-taking-a-lot-of-time
/questions/40375181/median-of-medians-select-python
/questions/71596280/how-to-get-the-median-in-numpy
/questions/64755680/calculating-a-simple-median-on-a-column-in-mysql
/questions/70075253/find-median-in-r-discrete-random-variables
/questions/26595377/calculating-median-report-builder-3-ssrs-median-0-what-is-wrong-with-m
/questions/21364042/computing-the-median-in-a-binary-search-tree
/questions/18538701/median-selection-in-cuda-kernel
/questions/34705214/calculating-confidence-intervals-for-a-median-in-oracle
/questions/69020905/median-and-iqr-na
/questions/1561720/how-to-calculate-median
/questions/64755680/calculating-a-simple-median-on-a-column-in-mysql
/questions/2374640/how-do-i-calculate-percentiles-with-python-numpy
/questions/75059156/median-for-data-between-2-dates
/questions/46451427/finding-median-of-a-set-of-circular-data
/questions/69020905/median-and-iqr-na
/questions/38980705/combining-median-if-roundup-formulas
/questions/9424154/calculate-mean-median-mode-c-programming-array
/questions/66314430/compute-median-of-column-in-pyspark
/questions/63137773/query-with-median-and-group-by-and-where-google-sheets
/questions/60832286/calculate-median-of-a-sliding-window-with-awk
/questions/54610602/get-median-value-from-array-of-decimals
/questions/23255903/finding-the-median-value-of-an-rgb-image-in-opencv
/questions/15300875/error-in-calculating-median-image
/questions/74503292/vba-finding-the-median-without-using-the-function
/questions/60832286/calculate-median-of-a-sliding-window-with-awk
/questions/33964676/find-the-median-of-an-unsorted-array-without-sorting
/questions/74503292/vba-finding-the-median-without-using-the-function
/questions/48874074/php-find-median-using-heap-vs-sort
/questions/8260049/selection-algorithm-to-find-median
/questions/61250661/sliding-window-median-in-c
/questions/67994522/using-median-aggregate-in-same-query-as-avg
/questions/26047508/median-of-values-in-tuple-in-pig
/questions/11091525/how-to-create-an-aggregate-function-for-median
/questions/23255903/finding-the-median-value-of-an-rgb-image-in-opencv
/questions/33084240/median-calculation-in-excel-with-conditions
/questions/35248501/issues-with-calculating-median
/questions/23311008/calculate-median-using-vba
/questions/32705216/how-to-make-the-median-in-java
/questions/73718140/pandas-get-median-of-the-daily-sum
/questions/47027145/determine-median-of-double-column-r
/questions/11091525/how-to-create-an-aggregate-function-for-median
/questions/76031876/get-the-median-of-a-power-bi-measure
/questions/1653271/how-do-you-find-the-median-of-2-columns-using-r
/questions/3216915/compute-median-of-column-in-sql-common-table-expression
/questions/64406912/calculate-median-based-on-counts-of-value
/questions/31926852/finding-median-of-an-unsorted-array-in-linear-time
/questions/9868757/using-scipy-weave-inline-for-fast-2d-median-filtering
/questions/21300778/median-of-an-array-in-ruby-not-floating
/questions/39157976/mysql-finding-median-of-a-column-grouped-by-another-rather-than-the-median-for
/questions/46779081/median-of-two-different-sized-sorted-arrays
/questions/28851255/median-depending-on-other-variable-in-sql
/questions/3938055/calculate-median-for-each-subject-with-update-on-ties
/questions/15946580/sql-ranking-query-to-compute-ranks-and-median-in-sub-groups
/questions/29776094/what-is-the-bug-in-my-find-median-implementation
/questions/9868757/using-scipy-weave-inline-for-fast-2d-median-filtering
/questions/56367900/proper-explanation-of-median-javascript-code-listed-below
/questions/71866048/understanding-the-median-in-this-graph
/questions/31926852/finding-median-of-an-unsorted-array-in-linear-time
/questions/57874430/how-to-display-median-with-comparegroups-package
/questions/46015796/what-approximate-median-filter-is-all-about
/questions/3938055/calculate-median-for-each-subject-with-update-on-ties
/questions/21300778/median-of-an-array-in-ruby-not-floating
/questions/29776094/what-is-the-bug-in-my-find-median-implementation
/questions/39157976/mysql-finding-median-of-a-column-grouped-by-another-rather-than-the-median-for
/questions/52637399/boundary-cases-in-a-median-filter-2d-int-c
/questions/10609602/combine-quicksort-and-median-selection-algorithm
/questions/58511397/computing-rolling-median-absolute-deviation
/questions/9686078/median-of-two-sorted-array
/questions/45386955/python-replacing-outliers-values-with-median-values
/questions/59094763/excel-median-across-multiple-columns
/questions/62224544/will-this-give-me-a-median-in-sql
/questions/71784791/index-error-in-function-calculating-median
/questions/57874430/how-to-display-median-with-comparegroups-package
/questions/52637399/boundary-cases-in-a-median-filter-2d-int-c
/questions/71093825/how-to-get-rolling-median-on-pandas-dataframe
/questions/63572604/dplyr-replace-na-with-median-after-grouping
/questions/20294507/r-reduce-not-working-with-median
/questions/45498982/find-median-of-datediff-result
/questions/12461429/mean-and-median-of-residuals-from-a-linear-model
/questions/4191687/how-to-calculate-mean-median-mode-and-range-from-a-set-of-numbers
/questions/3632297/median-algorithm-in-olog-n
/questions/44118860/how-to-find-median-in-sql
/questions/42821996/sql-hive-select-median
/questions/24910276/get-median-color-between-two-colors
