/questions/2571049/how-to-sort-in-place-using-the-merge-sort-algorithm
/questions/457927/git-workflow-and-rebase-vs-merge-questions
/questions/680541/quick-sort-vs-merge-sort
/questions/15154158/why-collections-sort-uses-merge-sort-instead-of-quicksort
/questions/5817579/how-can-i-preview-a-merge-in-git
/questions/5222730/why-is-merge-sort-preferred-over-quick-sort-for-sorting-linked-lists
/questions/1557894/non-recursive-merge-sort
/questions/56696667/2-way-merge-sort-and-merge-sort
/questions/10342890/merge-sort-time-and-space-complexity
/questions/18690502/merge-sort-comparisons
/questions/18070546/merge-sort-with-insertion-sort
/questions/29460179/binary-merge-sort-natural-merge-sort
/questions/47488805/how-to-convert-merge-sort-to-parallel-merge-sort
/questions/15037098/stability-of-merge-sort
/questions/7685/merge-sort-a-linked-list
/questions/62051475/merge-sort-in-c
/questions/19533057/modification-to-merge-sort-to-implement-merge-sort-with-insertion-sort-java
/questions/12030683/implementing-merge-sort-in-c
/questions/49227706/what-type-of-merge-sort-is-this
/questions/71015177/hybrid-sorting-using-insertion-sort-and-merge-sort
/questions/5926893/merge-sort-running-time
/questions/32445391/merge-sort-recursion
/questions/65161849/merge-sort-vs-quick-sort-implemenation
/questions/50187235/understanding-merge-sort
/questions/29811551/comparisons-in-merge-sort
/questions/28323563/merge-sort-vs-selection-sort
/questions/52572185/buggy-merge-sort-implementation
/questions/26770939/merge-sort-output-scheme
/questions/19597947/modification-to-merge-sort-to-sort-using-insertion-sort-and-then-merge-normally
/questions/35013892/python-merge-sort-issue
/questions/19597947/modification-to-merge-sort-to-sort-using-insertion-sort-and-then-merge-normally
/questions/40297282/type-of-merge-sort-confusion
/questions/55155780/is-this-a-merge-sort
/questions/45227415/merge-sort-for-stacks
/questions/32637980/merge-sort-not-working
/questions/45641530/is-this-quick-sort-or-merge-sort
/questions/64017328/weird-running-time-for-merge-sort
/questions/64756434/merge-sort-c-incorrectly-sorting
/questions/18944524/fast-functional-merge-sort
/questions/3124322/merge-part-in-merge-sort
/questions/17984099/merge-sort-not-working-properly
/questions/7856463/merged-merge-sort-in-java
/questions/63976510/merge-sort-c-not-sorting
/questions/45681240/merge-sort-not-sorting-array
/questions/29501448/javascript-shell-sort-implementation-is-quicker-then-merge-sort
/questions/15800312/merge-sort-step-by-step
/questions/29515289/merge-sort-example-for-pascal
/questions/26259666/merge-sort-algorithm-dilemma
/questions/52601913/quick-sort-vs-merge-sort-performance-analysis
/questions/28117727/java-merge-sort-array
/questions/50883815/quicksort-vs-in-place-merge-sort
/questions/65532430/visualize-the-merge-sort
/questions/55710541/correct-merge-sort
/questions/10502533/explanation-of-merge-sort-for-dummies
/questions/39838386/merge-sort-in-java
/questions/18141065/merge-sort-implementation
/questions/66605219/recursive-merge-sort-with-non-recursive-merge
/questions/31360966/selection-sort-to-merge-sort
/questions/53772001/big-o-of-merge-sort
/questions/12856939/time-complexity-of-merge-sort
/questions/16391801/merge-sort-throwing-error
/questions/62153608/merge-sort-function-in-c
/questions/59906996/merge-sort-in-python-indexerror
/questions/46607568/merge-sort-in-pharo
/questions/4298676/random-merge-sort
/questions/42730540/merge-sort-for-characters
/questions/17417887/where-is-bottom-up-merge-sort-useful
/questions/10304460/c-merge-sort-not-working
/questions/54581875/merge-sort-with-linked-list
/questions/69951566/bucket-sort-or-merge-sort
/questions/13660807/merge-sort-with-a-pointer-to-an-array
/questions/42031650/understanding-merge-sort-code
/questions/25354931/error-with-merge-sort
/questions/53079467/efficiency-of-alternative-merge-sort
/questions/50150271/error-in-merge-sort
/questions/5618784/merge-sort-algorithm
/questions/75676924/second-part-of-merge-sort
/questions/21058937/merge-sort-stack-corruption-error
/questions/8536513/base-condition-in-merge-sort
/questions/3466242/multithreaded-merge-sort
/questions/29436091/recursive-merge-sort
/questions/61705366/merge-sort-in-k-parts
/questions/18928821/merge-sort-code-debugging
/questions/10654537/pram-parallel-algo-for-merge-sort
/questions/53018189/merging-function-for-merge-sort
/questions/12346054/number-of-comparisons-in-merge-sort
/questions/29039888/merge-sorting-a-struct
/questions/27404091/merge-sort-implementation-in-c
/questions/11099086/counting-operations-of-merge-sort-and-selection-sort
/questions/12346054/number-of-comparisons-in-merge-sort
/questions/67786912/sorting-a-multidimensional-array-using-merge-sort
/questions/55076761/iterative-merge-sort
/questions/58470141/coarsening-of-merge-sort
/questions/38947124/merge-sort-mergin
/questions/11099086/counting-operations-of-merge-sort-and-selection-sort
/questions/19441628/merge-sort-incorrect-output
/questions/52767944/merge-sort-with-pthreads-in-c
/questions/29817401/merge-sort-algorithm-for-stream-data
/questions/40735898/iterative-java-merge-sort
/questions/37169664/modified-version-of-merge-sort-which-uses-insertion-sort
/questions/20802396/how-external-merge-sort-algorithm-works
/questions/45291546/merge-sort-performance-compared-to-insertion-sort
/questions/26549900/merge-sort-using-one-array
/questions/66895275/python-merge-sort-algorithm
/questions/47726452/combine-merge-sort-and-comb-sort
/questions/11112789/merge-sort-implementation-check
/questions/46370099/merge-sort-3-way-split-c
/questions/18028773/merging-in-merge-sort-algorithm
/questions/29041600/logic-errors-in-a-merge-sort
/questions/26549900/merge-sort-using-one-array
/questions/53269004/heap-sort-vs-merge-sort-in-speed
/questions/45146647/merge-sort-using-recursion
/questions/39817937/merge-sort-program
/questions/19357647/merge-sort-complexity
/questions/16294261/what-is-threshold-in-merge-sort
/questions/15452419/merge-sort-with-other-data-structures
/questions/32195295/k-way-merge-operation-for-merge-sort
/questions/23063009/application-of-merge-sort
/questions/29495662/recursive-merge-sort-bug
/questions/29495662/recursive-merge-sort-bug
/questions/42524179/sorting-via-merge-sort-algorithm
/questions/26514649/merge-sort-with-help-iterators
/questions/60104418/understanding-the-sort-part-of-java-merge-sort
/questions/29192259/stack-based-merge-sort-c
/questions/30875497/merge-sort-list-java
/questions/59124618/multithreaded-merge-sort-stack-overflow-error
/questions/37648189/in-place-merge-sort-practical-usage
/questions/10360963/in-place-merge-sort
/questions/8215641/stable-merge-sort-c
/questions/69213287/merge-sort-algorithm-stdout-of-range
/questions/58576692/why-parallel-merge-sort-runs-faster-with-single-thread
/questions/54639073/merge-sort-in-a-linked-list
/questions/47598965/haskell-merge-sort-implementation
/questions/40031902/merge-sort-and-selection-sort
/questions/8215641/stable-merge-sort-c
/questions/62029282/merge-sort-visualizer
/questions/24347941/merge-sort-recursion-tree
/questions/61393831/when-would-you-use-selection-sort-versus-merge-sort
/questions/22489380/merge-sort-issues
/questions/55129965/is-this-python-code-relevant-for-merge-sort
/questions/54390778/how-to-show-time-performance-for-merge-sort
/questions/40800687/merge-sort-single-function
/questions/53135925/merge-sort-in-python-bug
/questions/21693962/merge-sort-not-merging-properly-c
/questions/15286275/about-bubble-sort-vs-merge-sort
/questions/26403686/sorting-of-an-array-using-merge-sort
/questions/24386378/in-place-merge-sort-c-sharp
/questions/33644645/merge-sort-java-lang-stackoverflowerror
/questions/9771514/implementing-merge-sort-in-java
/questions/9771514/implementing-merge-sort-in-java
/questions/24386378/in-place-merge-sort-c-sharp
/questions/23631107/is-merge-sort-an-adaptive-algorithm
/questions/35050872/purpose-of-sentinel-values-in-merge-sort
/questions/28122470/python-merge-sort-difficulties
/questions/10826568/threaded-merge-sort-giving-invalid-results
/questions/18186068/merge-sort-code-throwing-nullpointerexception
/questions/64447284/python-merge-sort-insertion-sort-hybrid-tim-sort
/questions/64123996/three-way-merge-sort-problem-not-sorting-correctly
/questions/60407058/random-randint-does-not-work-with-merge-sort
/questions/74068881/benchmarking-bubble-sort-vs-merge-sort-using-jmh
/questions/39581639/incorrect-output-of-merge-sort
/questions/47056096/merge-sort-code-in-f-not-sorting
/questions/60288089/javascript-merge-sort-and-recursion
/questions/42484390/understanding-recursion-with-merge-sort
/questions/42239436/arrayoutofbounds-exception-merge-sort
/questions/42484390/understanding-recursion-with-merge-sort
/questions/69490840/building-quick-sort-and-merge-sort
/questions/60508591/sorting-list-of-tuples-using-merge-sort
/questions/69759390/merge-sort-implementation-javascript
/questions/8695647/java-merge-sort
/questions/61138169/segfault-in-merge-sort-in-c
/questions/64291030/issue-with-merge-sort
/questions/37243200/java-natural-merge-sort-implementation
/questions/20506666/scheme-and-merge-sort
/questions/1517172/number-of-comparisons-using-merge-sort
/questions/12475991/merge-sort-without-extra-space-or-in-place
/questions/13751877/java-arraylist-merge-sort
/questions/33687524/bottom-up-merge-sort-on-linked-list
/questions/40043070/merge-sort-analysis
/questions/64353968/optimizing-a-merge-sort
/questions/59740870/in-merge-sort-why-not-merge-each-sorted-sublist-into-a-rolling-list
/questions/40298462/non-recursive-merge-sort-skipping
/questions/50187862/merge-sort-create-memory-heap
/questions/67326418/merge-sort-w-o-temp-arrays
/questions/34983980/4-threaded-merge-sort-algorithm
/questions/58695874/merge-sort-k-lists-c
/questions/67768688/merge-sort-in-c-using-recursion
/questions/75619620/how-to-return-my-merged-array-from-merge-to-sort-java-merge-sort-algorithm
/questions/33986397/templated-quick-merge-sort
/questions/62555192/merge-sort-visualisation
/questions/40155008/implementation-of-merge-sort
/questions/43788244/target-specific-attributes-with-merge-sort
/questions/27407958/java-merge-sort-not-working
/questions/41843193/merge-sort-and-quick-sort-issues
/questions/5913643/realize-worker-threads-for-merge-sort-algorithm
/questions/60610093/merge-sort-on-linked-list
/questions/16433888/merge-sort-remove-duplicates
/questions/63885468/merge-sort-function-c-sharp-not-sorting
/questions/28189289/merge-sort-in-c
/questions/7948989/understanding-and-solving-k-way-merge-sort
/questions/13455849/is-this-implementation-of-merge-sort-good
/questions/65675066/c-merge-sort-using-iterators
/questions/43163061/merge-sort-implementation-questions-in-java
/questions/12700632/pipeline-merge-sort-in-java
/questions/40963806/merge-sort-vector-subscript-out-of-range
/questions/22413728/my-merge-sort-is-not-ordering-correctly
/questions/34844613/optimized-merge-sort-faster-than-quicksort
/questions/62217470/merge-sort-segmentation-error-core-dumped
/questions/15121463/implementing-external-merge-sort
/questions/32997680/why-is-merge-sort-in-java-getting-faster-on-same-array
/questions/23438828/merge-sort-in-ruby
/questions/3381108/java-merge-sort
/questions/66808969/multithreading-and-merge-sort-3-threads-for-sort-and-merging
/questions/71478033/merge-sort-with-java-futures
/questions/6671847/merge-sort-function-natural-merge-sort
/questions/15768730/merge-sort-algorithm-infinite-loop
/questions/61372726/stackoverflowexception-on-merge-sort
/questions/34390262/merge-sort-outputs-wrongly
/questions/68425833/implementation-of-bottom-up-merge-sort
/questions/34333016/merge-sort-vector-not-sorting
/questions/61282302/trouble-with-a-java-merge-sort-algorithm
/questions/14743300/merge-sort-c-compile-error
/questions/28840500/merge-sort-in-lmc-assembly
/questions/72835727/merge-sort-sorting-dates-properly-but-not-integer-values
/questions/72835727/merge-sort-sorting-dates-properly-but-not-integer-values
/questions/18601285/merging-in-merge-sort-without-using-temporary-arrays
/questions/54426593/merge-sort-with-openmp
/questions/49578152/merge-sort-on-simd-register
/questions/8919785/the-way-merge-sort-faster-than-insertion-sort-puzzles-me
/questions/46437842/running-time-of-a-modified-merge-sort-compared-to-merge-sort
/questions/32887454/how-is-shell-sort-algorithm-any-better-than-of-merge-sort-algorithm
/questions/37337736/merge-sort-nullpointer-exception
/questions/16072838/merge-sort-generic-method
/questions/14593791/gpu-accelerated-sort-1gb-and-merge-sort-100gb
/questions/23162563/merge-sort-heap-corruption-on-delete
/questions/17000477/merge-sort-on-strings-in-java-linked-list
/questions/69079404/relationship-between-number-of-comparisons-between-merge-sort-and-merge-insertio
/questions/21360288/merge-sort-algorithm-fail
/questions/7227492/merge-sort-problem
/questions/10769749/comparisons-using-merge-sort-vs-selection-sort
/questions/69079404/relationship-between-number-of-comparisons-between-merge-sort-and-merge-insertio
/questions/18395537/merge-sort-segmentation-error
/questions/13906169/when-is-insertion-sort-faster-than-merge-sort
/questions/9764059/addition-of-merge-sort-method-for-a-random-array
/questions/71056167/merging-both-merge-sort-and-heap-sort-together
/questions/7227492/merge-sort-problem
/questions/33927184/merge-sort-implementation-query
/questions/14769319/merge-sort-sorting-a-list-with-mixed-elements
/questions/26457322/merge-sort-not-working
/questions/12435464/merge-sort-algorithm-advice
/questions/33528306/merge-sort-not-working-in-all-cases
/questions/32709430/merge-sort-logical-error
/questions/57496900/recursive-merge-sort-algorithm-implementation
/questions/20918738/go-golang-merge-sort-stack-overflow
/questions/12435464/merge-sort-algorithm-advice
/questions/57496900/recursive-merge-sort-algorithm-implementation
/questions/64421886/merge-sort-in-scilab
/questions/33525290/error-in-merge-sort-program
/questions/50520139/calling-merge-sort-c-sharp
/questions/29434372/merge-sort-java-algorithm
/questions/19256291/what-is-wrong-with-my-merge-sort-implementation
/questions/76333246/parallel-multiway-merge-sort-for-unix
/questions/33604258/real-life-example-of-multithreaded-merge-sort
/questions/19199311/merge-sort-error-c
/questions/53420834/merge-sort-logic-mistake
/questions/2861150/extra-storage-merge-sort
/questions/23175749/java-merge-sort
/questions/42192965/merge-sort-problems-in-python
/questions/61490787/optimizing-merge-sort-for-cache-misses
/questions/61490787/optimizing-merge-sort-for-cache-misses
/questions/41916166/merge-sort-by-object-attribute-in-vector
/questions/51858736/generic-merge-sort-algorithm-in-java-error
/questions/46723450/string-sort-with-merge-sort
/questions/30961249/merge-sorting-in-objective-c
/questions/42192965/merge-sort-problems-in-python
/questions/22990809/merge-sort-string-java
/questions/46227098/implementing-running-merge-sort-in-python
/questions/13338568/modified-merge-sort-algorithm
/questions/68268992/segmentation-fault-linked-list-merge-sort
/questions/69685842/why-is-my-merge-sort-slower-than-this-merge-sort
/questions/52971921/merge-sort-and-arrays
/questions/29616881/merge-sort-on-array-of-int-c
/questions/59956851/c-merge-sort-visualizer
/questions/1604869/java-recursion-and-merge-sort
/questions/14178882/embed-intel-assembly-merge-sort-code-in-c-inline-assembly
/questions/10602195/merge-sort-in-parallel
/questions/30830707/why-is-the-standard-merge-sort-not-in-place
/questions/37542767/merge-sort-is-not-working
/questions/34024690/merge-sort-recursion-error
/questions/33334324/merge-sort-throws-stackoverflowerror
/questions/26560112/recursive-merge-sort-java
/questions/17963718/merge-sort-not-working-completely
/questions/21124904/merge-sort-issues
/questions/36373771/c-merge-sort-with-vectors
/questions/53669682/implementing-merge-sort-in-python3
/questions/33455859/merge-sort-in-c-with-divide-3
/questions/1215432/merge-sort-in-haskell
/questions/20912274/recursive-merge-sort-in-c
/questions/33471319/why-insertion-sort-faster-than-merge-sort
/questions/41582770/sort-an-arraylist-of-objects-using-merge-sort
/questions/25830101/merge-sort-example
/questions/61841043/problem-with-parallel-iterative-merge-sort-using-openmp
/questions/9401019/writing-merge-sort-in-php
/questions/30328923/merge-sort-stack-overflow-vb-net
/questions/64641250/merge-sort-with-specific-arguments
/questions/1973597/how-many-variations-of-merge-sort-there-are
/questions/37322304/merge-sort-error-does-not-contain-definition-and-no-extension-method
/questions/20959627/implementing-merge-sort-algorithm-issue
/questions/73515911/merge-sort-for-2d-char-array-c
/questions/35966626/merge-sort-vs-radix-sort-merge-sort-taking-on-log-n2-time-in-special-case
/questions/60809636/how-to-combine-insertion-sort-and-merge-sort-to-make-it-more-efficient-in-c
/questions/62540794/javascript-merge-sort-visualizer-using-css-style-to-sort-having-issues
/questions/43197592/java-merge-sort-implementation
/questions/56600961/merge-sort-time-limit-exceed
/questions/35966626/merge-sort-vs-radix-sort-merge-sort-taking-on-log-n2-time-in-special-case
/questions/59806514/implementing-merge-sort-with-java
/questions/52620671/print-each-pass-of-merge-sort-and-quick-sort-algorithms
/questions/32041092/implementing-merge-sort-iteratively
/questions/56600961/merge-sort-time-limit-exceed
/questions/29131226/merge-sort-with-a-comparator-and-a-vector-as-arguments
/questions/20010884/ocaml-merge-sort-function
/questions/15213271/segmentation-fault-with-merge-sort
/questions/49582945/quick-sort-vs-merge-sort-for-nearly-sorted-arrays
/questions/25355884/merge-sort-segmentation-fault-c
/questions/61067951/sorting-an-array-of-structures-using-merge-sort
/questions/48331854/invalid-pointer-operation-recursive-merge-sort
/questions/47041109/how-to-implement-a-k-way-merge-sort
/questions/29969141/aux-complexity-on-merge-sort-modification
/questions/55039590/implementation-of-merge-sort-with-linked-lists
/questions/37366365/iterative-non-recursive-merge-sort
/questions/18108819/merge-sort-and-queue
/questions/55039590/implementation-of-merge-sort-with-linked-lists
/questions/5923531/out-of-memory-error-when-parallelizing-merge-sort
/questions/34234545/what-is-wrong-with-my-merge-sort-code
/questions/7942841/merge-sort-algorithm-not-working-correctly
/questions/64199912/stack-overflow-while-sorting-merge-sort-and-quick-sort
/questions/43808114/implementation-of-merge-sort-using-threads-and-fork
/questions/74022007/multiple-execution-times-in-python-merge-sort-function
/questions/22101933/visualisation-of-merge-sort-java
/questions/40674684/merge-sort-creates-stack-overflow
/questions/29414800/merge-sort-in-arraylist-in-java
/questions/24945237/debugging-a-merge-sort-implementation-in-c
/questions/8748097/recursive-merge-sort-c
/questions/39338938/merge-sort-complexity-confusion
/questions/16193559/merge-sort-recursions
/questions/69633573/runtime-comparison-between-merge-sort-insertion-sort-and-recursive-insertion-so
/questions/7942841/merge-sort-algorithm-not-working-correctly
/questions/32289050/implementing-merge-sort-in-python
/questions/71404636/whats-wrong-with-my-below-merge-sort-code-in-python
/questions/53346179/merge-sorting-a-2d-array
/questions/21760332/printing-time-taken-for-merge-sort
/questions/15579226/improving-merge-sort
/questions/48360377/record-execution-of-a-merge-sort
/questions/18172825/compilation-error-in-merge-sort-in-haskell
/questions/33004643/merge-sort-with-large-number-of-integers
/questions/12071251/mips-merge-sort-recursion
/questions/61024397/merge-sort-is-in-infinite-loop
/questions/66695718/why-is-recursive-merge-sort-preferred-over-iterative-merge-sort-even-though-the
/questions/26473053/merge-sort-recursion-call-stack
/questions/12071251/mips-merge-sort-recursion
/questions/34177920/difficulty-with-merge-sort-algorithm
/questions/61024397/merge-sort-is-in-infinite-loop
/questions/26473053/merge-sort-recursion-call-stack
/questions/62444359/implementing-merge-sort-in-python
/questions/48243019/the-difference-between-3-way-merge-sort-and-3-way-natural-merge-sort
/questions/73999086/segmentation-faut-when-implementing-merge-sort
/questions/21845635/merge-sort-code-in-python-using-recursion
/questions/15370044/trouble-with-merge-sort
/questions/19287196/debugging-a-merge-sort
/questions/26106829/merge-sort-sort-words-based-on-frequency
/questions/66652645/count-inversion-using-merge-sort
/questions/28461743/merge-sort-with-random-split
/questions/35494730/c-merge-sort-algorithm-with-subsequence-sorting
/questions/32936304/merge-sort-implementation-doesnt-work
/questions/6931603/merge-sort-space
/questions/26129861/merge-sort-on-an-arraylist
/questions/28802880/why-merge-sort-is-used-for-objects-in-android-java-api
/questions/66652645/count-inversion-using-merge-sort
/questions/23815891/passing-a-tuple-in-merge-sort
/questions/32806168/need-advice-on-multithreaded-merge-sort
/questions/65942286/sort-array-using-merge-sort
/questions/33455356/merge-sort-repeating-the-same-numbers
/questions/64990010/merge-sort-on-linked-list-in-c
/questions/13535358/merge-sort-on-array-of-strings
/questions/29471707/merge-sort-with-four-threads-in-c
/questions/9536936/java-arraylist-merge-sort-algorithm
/questions/29242287/why-merge-sort-time-complexity-is-not-on
/questions/42377052/multithreading-the-merge-sort
/questions/63399813/merge-sort-recursion-trouble
/questions/42377052/multithreading-the-merge-sort
/questions/25191592/merge-sort-incorrect-answer
/questions/27191321/stack-overflow-in-merge-sort
/questions/63399813/merge-sort-recursion-trouble
/questions/50203778/merge-sort-with-arraylist
/questions/10826093/sorting-with-insertion-sort-selection-sort-and-merge-sort
/questions/9276163/merge-sort-worst-case-running-time-for-lexicographic-sorting
/questions/10589876/why-is-my-merge-sort-implementation-in-java-erring
/questions/21214439/incorrect-output-in-a-basic-merge-sort
/questions/5979950/unusual-merge-sort-failure
/questions/19992992/python-merge-sort-recursive-algorithm
/questions/55204990/wrong-output-when-i-run-with-this-merge-sort-code
/questions/23450404/how-to-call-merge-sort
/questions/14824668/merge-sort-function
/questions/19200195/error-in-the-merge-functionmerge-sort
/questions/19200195/error-in-the-merge-functionmerge-sort
/questions/40563219/simple-implementation-of-merge-sort-in-javascript
/questions/14914968/visual-c-merge-sort
/questions/63577128/why-my-merge-sort-program-is-not-working
/questions/38770704/recursive-merge-sort-is-not-working
/questions/67648202/how-to-prove-the-time-complexity-of-merge-sort-and-insertion-sort
/questions/19204204/merge-sort-on-structs-not-working
/questions/12816535/linq-merge-sort-for-multiple-sources
/questions/46285976/why-does-memoization-not-improve-the-runtime-of-merge-sort
/questions/36251515/c-merge-sort-stuck-in-an-infinite-loop
/questions/40813333/google-go-parallel-merge-sort
/questions/44365026/mit-scheme-merge-sort-timing-execution
/questions/18405528/what-sorting-technique-does-merge-sort-use-while-merging
/questions/51855036/merge-sort-with-recurrsion
/questions/28644886/merge-sort-output-issue
/questions/1738658/how-do-i-use-merge-sort-to-delete-duplicates
/questions/47148326/java-iterative-merge-sort-runtime
/questions/16587736/why-is-merge-sort-used-by-java-to-sort-an-array-greater-than-elements-7
/questions/12816535/linq-merge-sort-for-multiple-sources
/questions/30680576/what-is-wrong-in-this-implementation-of-merge-sort
/questions/18698456/how-does-quick-sort-differ-from-merge-sort
/questions/22648633/how-return-value-this-merge-sort
/questions/43969756/c-merge-sort-trouble
/questions/44973765/how-to-efficiently-merge-sort-with-vectors-using-c
/questions/28388773/recursion-in-merge-sort-quick-sort-and-traversal-of-trees
/questions/33312535/parallel-merge-sort-in-scala
/questions/46004462/external-merge-sort
/questions/42685292/understanding-running-time-for-merge-sort-and-quick-sort
/questions/67676613/recursion-not-exiting-on-the-base-case-in-merge-sort
/questions/67151466/c-merge-sort-count-comparison
/questions/46004462/external-merge-sort
/questions/62205299/does-merge-sort-essentially-trade-space-for-time-when-compared-to-insertion-sort
/questions/40444308/recursive-merge-sort-in-python
/questions/27766328/recursive-merge-sort-in-java
/questions/22089002/segfault-in-c-merge-sort-code
/questions/73014318/merge-sort-with-typescript
/questions/18807354/merge-sort-implementation-using-c
/questions/11944457/parallel-merge-sort-using-openmp
/questions/60585595/implementation-of-merge-sort-in-python3
/questions/22265402/merge-sort-in-agda
/questions/39338926/merge-sort-list-implementation-topdown-bottomup-abstract-mergesort
/questions/63366728/need-help-implementing-a-visualizer-for-merge-sort-with-pygame
/questions/47838602/sorting-object-property-by-merge-sort
/questions/36958303/is-it-the-best-practice-to-use-built-in-sortfunction-rather-than-merge-sort-wh
/questions/55288158/javascript-merge-sort-visualisation
/questions/36958303/is-it-the-best-practice-to-use-built-in-sortfunction-rather-than-merge-sort-wh
/questions/52015510/sort-link-list-using-merge-sort-in-java
/questions/22265402/merge-sort-in-agda
/questions/70100695/merge-sort-c-implementation-with-linked-lists
/questions/26684481/linked-list-merge-sort
/questions/31362821/javascript-merge-sort-fatal-error
/questions/28068203/calculate-efficiency-for-insertion-sort-and-merge-sortdaa
/questions/16948231/stack-overflow-error-in-merge-sort-algorithm
/questions/33330904/concurrent-threads-merge-sort
/questions/29358346/implementing-a-merge-sort-in-java
/questions/41508221/rxswift-arrays-merge-sort-remove-duplicates
/questions/46096657/choose-the-middle-in-merge-sort
/questions/47850495/count-swap-comparisons-numbers-of-merge-sort-algorithm
/questions/17435411/c-merge-sort-implement
/questions/59345780/c-merge-sort-returning-original-vector
/questions/42417729/merge-threads-in-a-multi-threaded-merge-sort-c
/questions/21121075/how-do-i-write-a-merge-sort
/questions/21743537/merge-sorting-3-sorted-arrays
/questions/74837686/cannot-reason-with-cormen-4th-ed-problem-on-merge-sort
/questions/7554226/haskell-merge-sort-sorting-words-and-numbers
/questions/43124023/guidance-on-merge-sort-algorithm
/questions/52795275/merge-sort-flowchart-and-guidance
/questions/65632385/is-this-the-correct-implementation-of-merge-sort
/questions/36431977/how-to-fix-my-merge-sort
/questions/73693448/actual-time-complexity-of-merge-sort
/questions/9523500/want-to-implement-merge-sort-algorithm-in-different-way
/questions/34698698/c-openmp-merge-sort
/questions/45527705/merge-sort-wrong-output
/questions/39884523/merge-sort-for-multiple-types
/questions/25882697/merge-sort-most-efficient-implementation
/questions/7657645/merge-sort-of-a-linked-list-java-stack-overflow
/questions/13811114/parallel-merge-sort-in-openmp
/questions/47677225/count-comparisons-for-merge-sort
/questions/17459468/merge-sort-together-two-arrays-in-php
/questions/25882697/merge-sort-most-efficient-implementation
/questions/3536584/merge-sort-using-inplace-merging
/questions/75634705/simple-merge-sort-in-python
/questions/41794495/merge-sort-using-vectors-c
/questions/33620477/various-errors-in-c-linked-list-merge-sort
/questions/32021352/why-my-merge-sort-is-not-working
/questions/18980818/how-to-sort-k-sorted-arrays-with-merge-sort
/questions/14612340/using-executorservice-with-a-multithreaded-version-of-merge-sort
/questions/56389069/time-complexity-of-merge-sort-in-special-condition
/questions/26311630/merge-sort-not-showing-correct-output
/questions/60344118/concurrentmodificationexception-in-merge-sort-code
