/questions/14297409/how-is-a-minimum-bottleneck-spanning-tree-different-from-a-minimum-spanning-tree
/questions/10414043/is-minimum-spanning-tree-afraid-of-negative-weights
/questions/8151079/generic-minimum-spanning-tree
/questions/13127446/minimum-spanning-tree-subgraph
/questions/33706849/minimum-spanning-tree-and-cycles
/questions/21991823/finding-a-minimum-spanning-tree-on-a-directed-graph
/questions/61563270/difference-between-spanning-tree-minimum-spanning-tree
/questions/40107934/geotools-minimum-spanning-tree
/questions/13256910/minimum-spanning-tree-algorithm-in-parallel
/questions/61670021/minimum-spanning-tree-in-python
/questions/37607109/minimum-spanning-tree
/questions/1909281/use-dijkstras-to-find-a-minimum-spanning-tree
/questions/9811863/dynamic-minimum-spanning-tree
/questions/13002645/regenerating-minimum-spanning-tree-in-linear-time
/questions/64599466/julia-plotting-minimum-spanning-tree-with-graphplots
/questions/47564021/minimum-spanning-tree-of-a-complete-graph
/questions/2935754/all-minimum-spanning-trees-implementation
/questions/10448397/differences-between-minimum-spanning-tree-and-shortest-path-tree
/questions/43132794/add-edges-to-nodes-using-minimum-spanning-tree
/questions/26521647/kruskal-minimum-spanning-tree
/questions/4294790/fast-question-about-minimum-spanning-trees
/questions/32676483/multiple-minimum-spanning-tree-graph
/questions/14557896/minimum-spanning-tree-quick-graph
/questions/47664123/minimum-spanning-tree-algorithm
/questions/16133076/minimum-product-spanning-tree
/questions/50012169/cutting-the-minimum-spanning-tree
/questions/35397963/minimum-spanning-tree-with-leaves-only
/questions/53633810/kruskal-minimum-spanning-tree
/questions/7685291/construct-a-minimum-spanning-tree-covering-a-specific-subset-of-the-vertices
/questions/4992664/how-to-find-maximum-spanning-tree
/questions/4229212/sollins-minimum-spanning-tree-algorithm
/questions/63738229/neo4j-minimum-spanning-tree-not-working-properly
/questions/41071642/why-does-kruskals-algorithm-find-the-minimum-spanning-tree-if-its-greedy
/questions/4924249/the-fastest-minimum-spanning-tree-algorithm
/questions/1768149/java-minimum-spanning-tree-with-jgrapht
/questions/73716863/how-to-prove-number-of-edges-in-a-minimum-spanning-tree
/questions/49715445/what-is-dijkstras-minimum-spanning-tree
/questions/68146956/validating-minimum-spanning-tree-in-graph
/questions/30880682/update-minimum-spanning-tree-if-edge-is-removed
/questions/55210491/finding-the-minimum-spanning-tree-of-a-graph-using-kruskals-algorithm
/questions/43952406/minimum-spanning-tree-with-hashmap-java
/questions/30881340/update-minimum-spanning-tree-if-edge-is-added
/questions/40950597/minimum-spanning-tree-graph
/questions/29355121/design-a-graph-where-shortest-path-tree-is-longer-than-minimum-spanning-tree
/questions/1195872/when-should-i-use-kruskal-as-opposed-to-prim-and-vice-versa
/questions/52337906/minimum-spanning-tree-of-set-of-nodes-in-a-complete-graph
/questions/24346805/minimum-spanning-tree-in-java
/questions/43218255/minimum-spanning-tree-with-only-2-equal-edges
/questions/43710890/minimum-spanning-tree-from-array-list
/questions/37131624/error-with-getting-the-minimum-spanning-tree-from-a-graph
/questions/34374839/minimum-spanning-tree-distance-and-graph
/questions/76528293/finding-minimum-spanning-tree-with-kruskals-but-there-are-overlap-vertex
/questions/36506408/python-how-to-visualize-the-minimum-spanning-tree-of-a-network
/questions/50116985/minimum-spanning-tree-of-weighted-graph
/questions/42384051/a-minimum-spanning-tree-that-minimizes-the-degree-of-a-specific-node
/questions/49428082/boost-depth-first-visitor-minimum-spanning-tree-with-graph-weights
/questions/19358970/is-the-minimum-product-spanning-tree-different-from-a-minimum-sum-spanning-tree
/questions/22888025/updating-a-prims-algorithm-for-minimum-spanning-trees
/questions/3327708/minimum-spanning-tree-what-exactly-is-the-cut-property
/questions/20130035/dijkstra-prim-minimum-spanning-tree
/questions/29288591/traveling-salesman-minimum-spanning-tree-variant
/questions/26914950/minimum-spanning-tree-of-graph-obtained-by-prims-algorithm
/questions/66957202/minimum-spanning-trees-with-weight
/questions/74056708/proving-the-following-claim-for-mst-minimum-spanning-trees
/questions/61742045/understanding-a-part-of-minimum-spanning-tree-in-java-code
/questions/17022839/is-there-a-minimum-spanning-tree-in-a-non-planar-graph
/questions/5321532/minimum-spanning-tree-count-given-an-edge-that-must-be-included
/questions/34664135/a-new-edge-is-insert-to-a-minimum-spanning-tree
/questions/50343538/euclidean-minimum-spanning-tree-in-pandas-python
/questions/34481822/minimum-spanning-tree-different-from-another
/questions/54531951/minimum-spanning-tree-using-dijkstra-algorithm
/questions/59624905/how-to-calculate-minimum-spanning-tree-in-r
/questions/53389594/given-an-edge-find-a-minimum-spanning-tree-if-exist
/questions/27562235/how-to-represent-being-minimum-spanning-tree-in-linear-programming-constrains
/questions/33041842/minimum-spanning-tree-2-dimensional-graph
/questions/51127317/calculate-number-of-minimum-spanning-trees
/questions/13125956/finding-a-minimum-bottle-neck-spanning-tree
/questions/13996826/minimum-of-number-of-minimum-spanning-treesmst-of-complete-graph
/questions/40296852/is-there-any-minimum-spanning-tree-that-contains-the-maximum-weight-edge-on-some
/questions/51158403/weighted-minimum-spanning-tree-of-nbunch-of-graph-in-networkx
/questions/33642640/how-to-create-a-minimum-spanning-tree-with-r
/questions/2679472/updating-a-minimum-spanning-tree-when-a-new-edge-is-inserted
/questions/51722860/speeding-up-random-minimum-spanning-tree-in-networkx
/questions/61544489/split-an-undirected-graph-by-multiple-minimum-spanning-trees
/questions/33028373/compute-the-minimum-spanning-tree-of-undirected-graph
/questions/8268521/about-cut-in-minimum-spanning-tree
/questions/49242295/minimum-spanning-tree-with-additional-vertex
/questions/13281883/minimum-spanning-tree-and-shortest-path
/questions/26444334/what-is-a-minimum-leaf-spanning-tree
/questions/43145679/representing-a-minimum-spanning-tree-using-an-adjacency-list
/questions/13281883/minimum-spanning-tree-and-shortest-path
/questions/43145679/representing-a-minimum-spanning-tree-using-an-adjacency-list
/questions/22875799/how-to-compute-a-minimum-bottleneck-spanning-tree-in-linear-time
/questions/50819367/datasets-for-clustering-minimum-spanning-tree
/questions/21698856/prims-and-boruvkas-algorithm-for-minimum-spanning-tree
/questions/68713842/duplicate-edge-in-prims-minimum-spanning-tree
/questions/64263793/best-way-to-find-minimum-spanning-tree-cost
/questions/28816856/how-to-find-a-minimum-spanning-tree-in-complete-undirected-graph
/questions/13853801/how-to-find-total-number-of-minimum-spanning-trees-in-a-graph
/questions/19514744/how-to-find-the-minimum-spanning-tree-by-cycle-finding
/questions/43708359/minimum-spanning-tree-using-kruskals-algorithm
/questions/5849974/minimum-spanning-tree-out-of-adjacency-matrix
/questions/4041520/algorithm-for-minimum-diameter-spanning-tree
/questions/67434161/minimum-spanning-trees-of-sub-graphs
/questions/20249088/proving-that-no-minimum-spanning-tree-contains-the-maximum-weighted-edge
/questions/21867222/boost-minimum-spanning-tree-how-to-do-depth-first
/questions/41207264/algorithm-minimum-diameter-spanning-tree
/questions/8041880/constructing-a-minimum-spanning-tree-using-javas-treemap
/questions/4242100/krukshals-algorithm-or-prims-algorithm-which-one-is-better-in-finding-minimum-s
/questions/53362156/how-can-i-find-a-minimum-spanning-tree-containing-a-given-edge
/questions/33358153/improving-implementation-of-finding-a-minimum-spanning-tree
/questions/67769357/modified-minimum-spanning-tree
/questions/45807342/minimum-spanning-tree-which-edges-are-required-unnecessary
/questions/32868782/adding-the-lightest-possible-edges-without-affecting-the-graphs-minimum-spannin
/questions/61127233/how-to-generate-all-spanning-tree-of-a-graph
/questions/41092112/minimum-spanning-tree-variation-algorithm
/questions/52168792/update-minimum-spanning-tree-after-a-new-vertex-is-added
/questions/60997521/multiple-minimum-spanning-trees-in-a-single-graph
/questions/33128040/why-is-a-minimum-spanning-tree-also-a-minimum-bottleneck-tree-always
/questions/8874287/a-fast-algorithm-for-minimum-spanning-trees-when-edge-lengths-are-constrained
/questions/41464297/minimum-bottleneck-spanning-tree-vs-mst
/questions/24396732/method-to-split-a-scipy-minimum-spanning-tree-based-on-greatest-edge-weight
/questions/41192157/unique-minimum-spanning-tree-sufficient-and-necessary-conditions
/questions/11494067/bug-in-my-minimum-spanning-tree-implementation
/questions/37836334/boost-graph-library-minimum-spanning-tree-of-a-directed-graph
/questions/38581724/find-a-minimum-spanning-tree-in-different-sets
/questions/17514430/minimum-spanning-tree-containing-a-given-edge-after-removing-edges
/questions/74539394/how-to-build-a-minimum-spanning-tree-given-a-list-of-200-000-nodes
/questions/37471/is-this-minimum-spanning-tree-algorithm-correct
/questions/30982019/boost-minimum-spanning-tree-with-some-edges-included-excluded
/questions/8725438/how-does-minimum-spanning-tree-displays-the-overlapping-subproblem-property
/questions/16716864/kruskal-s-minimum-spanning-tree-algorithm-c
/questions/63818141/how-to-get-minimum-spanning-tree-matrix-in-python
/questions/50165752/clustering-from-minimum-spanning-tree-java
/questions/35634986/algorithm-to-find-minimum-spanning-tree-for-graph-with-edge-weights-in-1-2-3
/questions/47133889/intersections-in-kruskals-minimum-spanning-tree
/questions/62103753/graph-change-in-order-to-have-only-one-minimum-spanning-tree
/questions/15072856/finding-a-new-minimum-spanning-tree-after-a-new-edge-was-added-to-the-graph
/questions/14142606/which-minimum-spanning-tree-algorithm-to-use-in-which-situation
/questions/10056212/minimum-spanning-tree-between-a-start-location-and-a-set-of-required-nodes
/questions/19945992/minumum-spanning-tree
/questions/38293465/could-someone-help-clarify-this-implementation-of-a-minimum-spanning-tree
/questions/66911965/r-plotting-of-a-non-overlapping-minimum-spanning-tree
/questions/43259896/how-to-connect-edges-to-nodes-in-a-image-using-minimum-spanning-tree-approach
/questions/9942444/java-data-structure-for-minimum-spanning-tree
/questions/41728289/prove-a-property-of-minimum-spanning-tree
/questions/19851855/how-to-find-the-amount-of-minimum-spanning-trees-in-a-graph-using-kruskals-alg
/questions/27119680/proving-optimality-for-a-new-algorithm-that-finds-minimum-spanning-tree
/questions/67595322/finding-minimum-spanning-tree-in-ove-when-edges-have-limited-values
/questions/9968781/given-a-graph-g-does-a-divide-and-conquer-approach-work-to-finding-minimum-span
/questions/47673387/how-does-the-minimum-spanning-tree-in-neo4j-work
/questions/13146710/algorithm-to-find-minimum-spanning-tree-of-chosen-vertices
/questions/9473405/do-i-need-a-delauny-triangulation-to-find-the-minimum-spanning-tree
/questions/34122199/undirected-graph-minimum-spanning-tree-with-few-red-edges-as-possible
/questions/15464592/finding-spanning-tree-with-maximum-minimum-degree
/questions/41685268/spanning-trees-with-minimum-number-of-leaves
/questions/34645620/prims-minimum-spanning-tree
/questions/13813138/boruvka-algorithm-minimum-spanning-tree-for-directed-graphs
/questions/63203004/what-is-the-difference-between-minimum-spanning-tree-mst-and-all-pairs-shortes
/questions/57218399/converting-list-of-words-to-problem-graph-for-minimum-spanning-tree-algorithm
/questions/17093814/will-a-minimum-spanning-tree-and-shortest-path-tree-always-share-at-least-one-ed
/questions/61349135/minimum-spanning-tree-mst-algorithm-variation
/questions/75172935/how-to-export-a-minimum-spanning-tree-created-with-r-ape-package-in-newick-forma
/questions/69222774/constrained-minimum-not-quite-spanning-tree
/questions/14302628/what-is-a-minimum-spanning-forest
/questions/38868336/exporting-coordinates-of-nodes-for-a-minimum-spanning-tree-in-networkx
/questions/75371867/python-package-implementing-ant-colony-optimization-for-minimum-steiner-tree-or
/questions/43409474/prims-algorithm-for-minimum-spanning-tree-analysis
/questions/67456739/finding-minimum-spanning-tree-mst-in-graph
/questions/68705992/minimum-spanning-tree-for-pairs-of-adjacent-edges
/questions/67877763/loop-for-minimum-spanning-tree-does-not-work
/questions/8161114/using-a-minimum-spanning-tree-algorithm
/questions/8292066/algorithms-proof-regarding-minimum-spanning-tree-is-my-answer-correct
/questions/46321226/preorder-tree-walk-of-a-minimum-spanning-tree-generated-by-prims-algorithm
/questions/26373384/minimum-to-maximum-spanning-trees
/questions/43931668/minimum-product-spanning-tree-with-negative-weights
/questions/4218746/algorithm-to-find-minimum-spanning-tree-when-cost-is-given-by-multiplying-edge-w
/questions/36269775/igraph-calculating-minimum-spanning-tree-with-weights-c-interface
/questions/43996928/what-algorithms-are-used-to-find-a-minimum-spanning-forest
/questions/68579779/r-igraph-how-to-color-edges-used-in-minimum-spanning-tree
/questions/68579779/r-igraph-how-to-color-edges-used-in-minimum-spanning-tree
/questions/36985025/given-a-graph-find-a-spanning-tree-which-is-not-minimum
/questions/71849331/how-to-find-path-between-two-nodes-on-a-minimum-spanning-tree
/questions/43811258/how-to-find-a-minimum-weight-spanning-tree-for-the-following-graph-using-prims-a
/questions/51574/good-java-graph-algorithm-library
/questions/16429321/network-design-why-is-minimum-spanning-tree-so-widely-used-in-network-design
/questions/59802645/minimum-spanning-tree-given-that-a-specific-vertex-v-should-have-a-degreev-k
/questions/31888997/minimum-spanning-tree-with-two-edges-tied
/questions/3838747/whats-the-difference-between-minimmum-spanning-tree-and-travelling-salesman-pro
/questions/17287621/bug-in-finding-minimum-spanning-tree-using-kruskals-algorithm
/questions/26281371/r-depth-minimum-spanning-tree
/questions/35102027/how-to-rewire-edges-in-minimum-spanning-tree-r
/questions/9473219/select-head-node-after-minimum-weight-spanning-tree-algorithm
/questions/62053586/prims-algorithms-i-am-trying-to-find-the-minimum-spanning-tree-for-the-followin
/questions/70784712/how-to-convert-a-minimum-spanning-tree-to-a-path-route-in-java
/questions/73871123/retrieving-mst-for-geographic-coordinates-using-scipy-minimum-spanning-tree
/questions/15910337/what-is-the-logical-error-in-my-implementation-of-prims-algorithm-for-minimum-s
/questions/27772118/find-minimum-weight-complete-graph-that-spans-a-given-minimum-spanning-tree
/questions/70811249/boost-kruskal-minimum-spanning-tree-algorithm-undirected-vs-directed-graph-do
/questions/21725211/a-spanning-tree-as-a-result-of-running-dijkstras-algorithm
/questions/59124695/show-that-there-exists-a-minimum-spanning-tree-from-a-vertex-always-containing-t
/questions/20588229/how-to-compare-nodes-in-minheapify-for-minimum-spanning-tree
/questions/74170631/remove-all-symmetrical-relations-in-an-adjacency-list-based-on-a-minimum-spannin
/questions/7850321/minimum-spanning-tree-in-a-graph-with-multiple-root-vertices
/questions/64494231/minimum-spanning-tree-of-max-cost-complexity-class-problem
/questions/22548845/calculate-sub-paths-between-two-vertices-from-minimum-spanning-trees
/questions/17328953/do-minimum-depth-spanning-trees-algorithms-exist
/questions/31358323/finding-maximal-spanning-tree-using-prims-algorithm
/questions/4569272/finding-all-minimal-spanning-trees
/questions/72772483/how-to-analyze-all-traces-in-a-graph-analyzed-with-minimum-spanning-trees
/questions/49582769/prove-that-a-greedy-algorithm-for-finding-minimum-spanning-tree-will-definitely
/questions/54667319/distinct-minimum-spanning-tree
/questions/53639650/how-to-calculate-totals-and-minimum-spanning-trees-using-arrays
/questions/55429596/minimum-weight-spanning-tree-for-directed-graph-with-parallel-edges
/questions/53748259/return-the-path-between-two-nodes-in-a-minimum-spanning-tree
/questions/35727617/design-an-algorithm-which-finds-a-minimum-spanning-tree-of-this-graph-in-linear
/questions/46103615/igraph-maximum-spanning-tree-is-disconnected
/questions/22153241/what-data-structure-would-i-need-to-use-to-construct-a-minimum-spanning-tree-in
/questions/10404714/graph-the-implementation-of-updating-minimum-spanning-tree-after-adding-a-new
/questions/3340406/algorithms-for-the-constrained-degree-bounded-diameter-minimum-spanning-tree
/questions/41426294/adjacent-spanning-trees-property
/questions/29323243/polynomial-time-algorithm-for-minimum-variance-spanning-tree
/questions/40439911/distance-of-every-possible-path-between-all-nodes-in-minimum-spanning-tree
/questions/56789224/how-can-i-add-resilience-to-a-minimum-spanning-tree
/questions/70530290/give-minimum-permutation-weight-for-edges-such-that-a-given-set-of-edge-is-the-m
/questions/70530290/give-minimum-permutation-weight-for-edges-such-that-a-given-set-of-edge-is-the-m
/questions/20729109/combination-of-shortest-path-and-minumum-spanning-tree
/questions/4809448/add-new-edge-to-graph-and-find-new-spanning-tree-in-on
/questions/44092190/how-to-add-a-new-node-to-a-minimum-spanning-tree-created-via-kruskal-algorithm
/questions/29267865/minimum-spanning-trees-on-two-graphs-with-some-common-edges
/questions/16798919/add-new-edge-to-graph-and-find-new-spanning-tree
/questions/23251206/can-two-minimum-spanning-trees-for-the-same-graph-have-different-edge-weights
/questions/5885543/finding-minimum-spanning-tree-with-an-adjacency-matrix-with-more-than-1-connecte
/questions/51669436/spanning-tree-on-grid-with-minimum-number-of-turns
/questions/57427340/how-to-draw-a-dendrogram-from-a-networkx-minimum-spanning-tree
/questions/67343170/output-a-spanning-tree-given-a-directed-graph
/questions/68607769/implementing-union-find-algorithm-for-kruskals-algorithm-to-find-minimum-spanni
/questions/27694736/how-can-a-heap-be-used-to-optimizie-prims-minimum-spanning-tree-algorithm
/questions/53568255/find-a-minimum-spanning-tree
/questions/52800124/special-minimum-spanning-tree
/questions/64365002/construct-an-efficient-minimum-spanning-tree-such-that-given-subset-of-vertices
/questions/52935550/minimum-spanning-tree-issue
/questions/72575986/does-kruskals-algorithm-find-the-minimum-bottleneck-spanning-tree-if-so-how-do
/questions/20113163/create-minimum-spanning-tree-from-adjacency-matrix-using-prims-algorithm
/questions/21126916/find-solution-minimum-spanning-tree-with-conditions-when-extending-graph
/questions/40518543/is-it-right-all-edge-weights-are-positive-then-any-that-connects-all-vertices
/questions/47665338/c-prim-minimum-spanning-tree-using-boost-library
/questions/17008259/include-an-edge-and-produce-spanning-tree-with-least-weight-among-those-having-e
/questions/13891430/basic-questions-about-minimum-spanning-tree
/questions/39907760/minimum-spanning-tree-with-boost
/questions/45676556/creating-a-satisfactory-minimum-spanning-tree-mst-given-only-vertices
/questions/23988236/chu-liu-edmonds-algorithm-for-minimum-spanning-tree-on-directed-graphs
/questions/41781363/is-it-right-solution-for-minimum-spanning-tree-question
/questions/35910144/minimum-spanning-tree-vs-shortest-path-tree
/questions/66933422/how-do-i-construct-a-minimum-spanning-tree-from-a-list-of-vertexes-using-quikgr
/questions/45930167/minimum-spanning-tree-of-subgraph
/questions/43939900/kruskal-s-minimum-spanning-tree-programmc-getting-segmentation-fault-core-dum
/questions/13441397/how-to-check-a-minimum-spanning-tree
/questions/21665424/creating-a-network-undirected-weighted-graph-from-a-binary-image-for-a-minimum-s
/questions/10790909/adding-weights-to-all-edges-of-graph-change-in-spanning-tree-and-shortest-path
/questions/9933438/update-minimum-spanning-tree-with-modification-of-edge
/questions/50804913/space-efficient-minimum-spanning-tree
/questions/35808810/trying-to-use-minimum-spanning-tree-example-from-the-book-but-it-doesnt-work-wi
/questions/5245341/java-minimum-spanning-tree-problem
/questions/33606163/algorithm-for-finding-spanning-tree-with-minimum-range-in-a-given-graph
/questions/45591078/about-minimum-spanning-tree-graph
/questions/46781733/minimal-spanning-tree-allowing-equal-edges-but-each-cycle-in-the-graph-contains
/questions/60856793/if-a-graph-g-has-distinct-edge-costs-0-i-e-no-two-edge-costs-are-the-same
/questions/4916287/how-to-use-union-find-minheap-kruskals-and-a-sort-algorithm-to-create-a-mini
/questions/17370973/minimum-spanning-tree-time-complexity
/questions/15009727/finding-a-spanning-tree-that-minimizes-sum-of-nodes-depths
/questions/43465361/finding-the-slimmest-spanning-tree
/questions/48520195/python-how-to-find-the-maximum-spanning-tree-of-a-graph
/questions/33062722/minimum-spanning-tree-to-minimize-cost
/questions/39401245/pre-order-traversal-of-a-minimum-spanning-tree
/questions/65123988/how-do-i-reduce-this-spanning-tree-problem-to-np-completeness
/questions/9449967/finding-a-minimum-spanning-tree-from-an-adjacency-list-where-the-adjacency-list
/questions/8526752/graph-minimum-spanning-tree-using-bfs
/questions/4716168/efficient-minimal-spanning-tree-in-metric-space
/questions/49826258/how-to-display-minimum-spannign-tree-matrix
/questions/43480085/algorithm-to-find-the-second-best-minimum-spanning-tree-from-a-weighted-graph
/questions/74248166/what-is-a-minimal-spanning-subnet
/questions/4363403/spanning-tree-with-exactly-k-colored-edges
/questions/75151010/two-mst-in-one-graph-require-exactly-the-same-weights-on-the-edgs
/questions/2800695/a-two-way-minimum-spanning-tree-of-a-directed-graph
/questions/60144343/the-minimum-spanning-tree-prim-and-kruskal
/questions/55496319/definition-of-a-spanning-tree
/questions/16984179/matlab-minimum-spanning-tree-keep-busy
/questions/3176963/clustering-after-minimum-spanning-tree-cut
/questions/75835872/algorithm-for-finding-approximate-minimum-tree-that-spans-a-given-subset-of-vert
/questions/13314681/euclidean-minimum-spanning-tree-without-triangulation
/questions/43171519/networkx-minimum-spanning-tree-precision-issues
/questions/11633554/find-the-upper-bound-of-the-minimum-number-of-spanning-trees-needed-to-cover-all
/questions/9383121/storing-path-information-in-kruskals-algorithm
/questions/60769228/given-an-unweighted-graph-how-do-i-find-a-spanning-tree-with-1-maximum-number-o
/questions/60892233/error-on-implementing-kruskal%c2%b4s-minimal-spanning-tree-in-java
/questions/45172546/finding-two-minimum-spanning-trees-in-graph-such-that-their-sum-is-minimal
/questions/23537137/spanning-tree-of-directed-graph-with-networkx
/questions/38201658/minimum-spanning-tree-which-includes-an-edge
/questions/26955162/igraph-subsetting-edges-with-iterators
/questions/53075465/prove-that-a-subgraph-is-a-minimum-spanning-tree
/questions/43606085/mst-with-least-number-of-edges
/questions/20525956/minimal-spanning-tree-adjacency-matrix-in-java
/questions/34394210/shortest-path-spanning-tree-with-1-weighted-edges-vs-mst
/questions/65951297/issue-with-neo4j-gds-1-4-1-k-spanning-tree
/questions/22128477/how-to-efficiently-generate-all-possible-spanning-trees-from-a-graph
/questions/65116484/find-minimum-spanning-tree-of-undirected-weighed-graph-with-root-node-having-exa
/questions/67088519/how-to-clean-up-a-minimum-spanning-tree
/questions/70399861/convert-minimum-spanning-tree-to-list-of-indices-using-scipy
/questions/34388794/minimum-cost-arborescence-of-a-specific-subset-of-vertices
/questions/52324162/specify-a-root-in-igraph-minimum-spanning-tree
/questions/17156136/dfs-finding-minimum-spanning-tree-in-a-graph
/questions/69769237/minimum-spanning-tree-remove-all-extra-edges
/questions/1763649/running-time-of-minimum-spanning-tree-prim-method
/questions/30555606/what-is-the-minimum-cost-to-connect-all-the-islands
/questions/30555606/what-is-the-minimum-cost-to-connect-all-the-islands
/questions/74217753/spanning-tree-that-preserves-the-number-of-branch-vertices
/questions/64957709/algorithm-for-finding-least-weight-spanning-tree-of-g-that-contains-forest
/questions/7287899/find-whether-a-minimum-spanning-tree-contains-an-edge-in-linear-time
/questions/61264753/bug-in-minimum-spanning-tree-using-prims-algorithm
/questions/6800749/difference-between-hamiltonian-path-and-st
/questions/8948075/spanning-tree-that-minimizes-a-dynamic-metric
/questions/59776722/reducing-a-network-by-appending-strong-links-to-the-spanning-tree
/questions/69090799/time-complexity-of-minimum-spanning-tree-prims-algorithm
/questions/25106371/how-can-i-implement-finding-min-spanning-tree-algorithm-on-a-complex-graph-usi
/questions/39302925/how-to-find-a-tree-connecting-all-nodes-in-neo4j
/questions/9951363/finding-the-root-that-minimize-tree-depth
/questions/56727143/why-this-code-makes-wrong-minimal-spanning-tree-by-prims-algorythm
/questions/71466094/is-the-computed-number-of-spanning-trees-for-this-undirected-graph-reasonable-co
/questions/22649416/why-cant-prims-or-kruskals-algorithms-be-used-on-a-directed-graph
/questions/37081586/undirected-graph-what-is-the-possible-minimum-spanning-tree
/questions/20089463/minimum-product-spanning-tree-with-negatives
/questions/71185482/my-own-prim-algorithm-is-too-slow-comparing-to-tree-minimum-spanning-tree-func
/questions/68772805/how-to-compute-nearest-distance-between-points
/questions/25609717/how-to-use-neo4j-for-finding-minimum-spanning-tree
/questions/53623611/interpreting-an-answer-given-as-two-arrays
/questions/53475447/understanding-when-to-use-prim-or-kruskal-for-minimum-spanning-tree
/questions/54864822/running-time-variation-prim
/questions/28758540/proof-of-the-reverse-delete-algorithm
/questions/16605825/minimum-spaning-tree-with-kruskal-algorithm
/questions/52447723/networkx-creating-a-complete-graph-for-a-given-set-of-nodes
/questions/67576943/create-n-clusters-out-of-min-spanning-tree
/questions/20625925/randomly-generate-edges-and-vertices
/questions/30089117/kous-algorithm-to-find-steiner-tree-using-igraph
/questions/62489835/list-all-spanning-trees-with-networkx-in-python
/questions/31139580/mst-clustering-using-python
/questions/53929961/which-of-the-following-options-are-correct-with-respect-to-a-mst
/questions/36799669/bad-result-from-numpy-corrcoef-and-minimum-spanning-tree
/questions/43918076/calculating-the-height-of-a-minimum-spannning-tree
/questions/46632675/is-there-an-ov-algorithm-for-adding-a-new-node-to-a-minimum-spanning-tree-g
/questions/2616991/is-there-a-minimum-spanning-tree-that-does-not-contain-the-min-max-weighted-edge
/questions/42457288/prims-and-kruskal-algorithms-in-java
/questions/12676084/what-does-%cf%80v-%e2%86%90u-step-mean-in-prims-algorithm-for-minimum-spanning-tree
/questions/21706003/finding-a-spanning-tree-using-exactly-k-red-edges-in-a-graph-with-edges-colored
/questions/49320834/find-minimum-weighted-spanning-tree-in-neo4j-graph
/questions/19547515/guarantee-about-edge-not-being-part-of-a-minimum-spanning-tree
/questions/1775745/java-prims-with-fibonacci-heap-jgrapht
/questions/49322419/creating-several-minimum-spanning-trees-with-specific-requirements
/questions/61989386/adding-cycles-to-a-minimum-spanning-tree-without-moving-the-points
/questions/51813775/networkx-change-the-color-of-edges-conditionally
/questions/8261798/what-is-the-best-algorithm-for-computing-rectilinear-minimum-steiner-tree
/questions/64974050/cycle-detection-in-prims-algorithm
/questions/71611772/true-or-false-for-an-undirected-graph-for-every-vertex-its-edge-with-minimum
/questions/31303308/getting-stuck-and-running-out-of-nodes-in-prims-algorithm
/questions/20994997/python-multiprocessing-min-span-tree-entire-program-loops
/questions/61803791/finding-mst-with-prims-algorithm-java
/questions/76528834/confusion-while-finding-minimum-spanning-tree-with-kruskals-and-adjacency-list
/questions/35888874/from-a-matrix-of-distances-to-a-matrix-of-adjacency
/questions/27650579/find-minimum-spanning-tree-using-depth-first-search-in-c
/questions/47378098/given-an-undirected-graph-is-it-possible-to-find-a-spanning-tree-of-minimum-hei
/questions/55735425/compute-all-spanning-trees-of-a-directed-acyclic-graph-using-igraph-network-or
/questions/10574435/mst-with-modification
/questions/1932031/prims-algorithm-for-minimum-spanning-trees-confusion-in-algorithm
/questions/18035760/exception-in-thread-main-java-lang-arrayindexoutofboundsexception-1
/questions/60013851/no-of-minimum-spanning-trees-should-be-2-but-solution-says-1
/questions/60013851/no-of-minimum-spanning-trees-should-be-2-but-solution-says-1
/questions/44845280/prim-mst-algorithm-optimization
/questions/39808921/wrong-answer-while-calculating-minimum-spanning-tree-using-kruskal-algorithm
/questions/63196253/any-real-world-problem-where-we-need-shortest-path-tree
/questions/18622752/the-widest-path-challenge-the-most-efficient-way-for-finding-path-in-maximal-s
/questions/20763312/spanning-tree-including-maximum-weight
/questions/19482176/find-distance-from-a-node-to-the-one-farthest-from-it-boost
/questions/16750069/prims-algorithm
/questions/3218701/is-there-a-dynamic-programming-way-to-compute-the-k-minimum-spanning-trees
/questions/21522908/how-to-find-out-euclidean-minimum-spanning-tree-using-cgal-library
/questions/4809707/minimum-weight-connected-subset-t-of-edges-algorithm
/questions/17976075/analysis-of-prims-algorithm
/questions/1787152/prims-mst-does-the-start-node-matter
/questions/26513259/unable-to-comprehend-prims-algorithm
/questions/45782642/how-to-find-out-a-mst-of-a-given-graph-which-must-include-the-edges-from-set-a
/questions/45782642/how-to-find-out-a-mst-of-a-given-graph-which-must-include-the-edges-from-set-a
/questions/7892351/distributed-algorithm-for-minimum-weight-spanning-trees
/questions/65593711/it-is-possible-for-a-graph-to-have-multiple-minimum-spanning-trees
/questions/17494115/create-a-mst-with-depth-first-search
/questions/33199936/minimum-spanning-tree-using-kruskal-in-python-recursion-enters-a-infinite-loop
/questions/63485277/networkx-minimum-spanning-tree-has-different-cluster-arrangement-with-the-same-d
/questions/39966977/how-to-implement-minimum-spanning-tree-in-c-with-more-than-2000-nodes
/questions/34295462/find-a-minimum-weighted-spanning-tree-of-the-cycle-graph
/questions/28263061/mst-in-linear-time
/questions/33029069/derive-relationship-between-sum-of-all-edge-weights-and-mst-in-a-graph-satisfyin
/questions/5135987/minimumspanningtree-throws-nullpointerexception
/questions/12141934/graph-algorithms-prim
/questions/58976480/camerini-algorithm-to-find-minimum-bottleneck-spanning-tree-proof
/questions/27992990/whats-the-difference-between-the-minimum-spanning-tree-algorithm-for-undirected
/questions/8178072/finding-a-minimum-spanning-tree-given-the-old-mst-and-a-new-vertex-edges
/questions/8178072/finding-a-minimum-spanning-tree-given-the-old-mst-and-a-new-vertex-edges
/questions/53304245/minimum-weighted-path-tree-of-an-undirected-graph
/questions/19492509/boost-graph-queries
/questions/9459938/testing-for-a-circuit-when-implementing-kruskalls-algorithm
/questions/9389086/generate-number-of-edges-between-two-nodes
/questions/40570470/how-to-find-the-min-cost-to-span-the-entire-graph-given-the-start-and-end-vertic
/questions/51065443/networkx-and-plotly-edges-do-not-match
/questions/71193850/boost-kruskal-minimum-spanning-tree-guarantee-of-returning-edges-in-ascend
/questions/4290163/how-can-i-write-a-mst-algorithm-prim-or-kruskal-in-haskell
/questions/9208689/tree-partitioning
/questions/64279367/does-a-dfs-produce-a-mst-for-an-unweighted-directed-graph
/questions/38771622/chu-liu-edmonds-algorithm-for-directed-graph
/questions/65864446/how-can-i-use-the-delaunay-triangulation-to-output-a-matrix-with-all-the-connect
/questions/53754287/function-returning-different-value-than-what-is-in-function-body-before-return-s
/questions/1703198/minimum-cost-broadcast-routing
/questions/5354034/how-to-organize-a-mst-when-one-node-disappear
/questions/54813211/prims-algorithm-modification
/questions/926010/helper-library-for-distributed-algorithms-programming
/questions/73181418/linear-time-algorithm-to-find-mst
/questions/23460640/how-to-extract-elements-of-a-sparse-matrix
/questions/70132581/making-kruskals-algorithm-in-c-segmentation-fault
/questions/30796073/parent-array-is-always-zero-in-prims-algorithm
/questions/19949472/i-am-getting-segmentation-fault-while-segmenting-image-file
/questions/59945075/why-greedy-algorithm-is-heuristic-not-meta-heuristic
/questions/30986703/c-kruskal-algorithm-gives-out-unhandeled-exception-at-runtime
/questions/5516427/find-parent-node-of-a-tree-to-create-the-shortest-possible-tree-height
/questions/73675776/please-provide-a-valid-write-query
/questions/46779832/how-to-find-minimum-spanning-tree-connecting-a-set-of-co-ordinates-in-the-2d-pla
/questions/5611723/how-to-dynamically-change-the-color-of-a-checkbox-in-c-sharp
/questions/43693713/why-sorting-edges-of-a-graph-takes-oe-log-e-time
/questions/61088399/is-there-a-method-or-an-equation-to-generate-coordinates-based-on-relative-dista
/questions/26657148/how-to-find-maximum-edge-in-the-path-for-mst-graph-in-r
/questions/22894708/keyerror-in-python-program-but-not-in-interpreter
/questions/9092741/algorithm-to-find-a-linear-path-of-minimum-weight-in-a-graph-that-connects-all-t
/questions/43685730/how-to-change-this-prims-algorithm-function-to-take-in-and-return-an-adjacency
/questions/49467060/how-can-i-draw-a-network
/questions/1072964/names-of-graph-traversal-algorithms
/questions/29215700/graph-algorithms
/questions/26362731/boost-kruskals-algorithm-find-sum-of-edges-between-vertex-0-and-the-one-farthest
/questions/74029264/how-to-find-a-tree-with-least-number-of-links-connecting-chosen-nodes-within-a-g
/questions/53770452/unable-to-call-boostclear-vertex-while-using-lists-for-the-vertex-and-edge-lis
/questions/20676860/graph-visualisation
/questions/14793688/how-to-run-dijkestra-algorithm-to-make-it-similar-to-prim-and-generate-an-mst
/questions/9190124/how-to-partition-a-tree-into-two-subtrees
/questions/21658572/best-parallel-algorithm-for-detecting-cycles-in-a-undirect-graph
/questions/43758908/how-to-find-the-mst-of-a-new-graph-if-an-edge-which-does-not-disconnect-the-grap
/questions/23512755/obtain-a-tree-from-a-graph-by-specifing-root-and-leaves
/questions/46896629/minimum-point-link-in-8-neighborhood
/questions/19235369/determining-whether-a-treemap-is-equal-to-a-map-in-java
/questions/36915589/updating-to-networkx-2-0-in-conda
/questions/8200007/create-graph-using-jgraph
/questions/49389948/special-case-for-mst-algorithm-in-linear-time
/questions/5748525/c-sharp-graphs-algorithms-library
/questions/13369255/java-implementations-of-common-data-structures-and-algorithms
/questions/47269296/creating-a-graph-based-on-specific-conditions
/questions/55675510/kurskal-algorithm-runtime-error-in-kattis
/questions/54844643/solving-a-minimax-path-problem-with-some-constraints
/questions/15866666/what-is-a-acyclic-connected-undirected-graph
/questions/13881004/undirected-graph-into-minimum-cost-union-of-paths
/questions/14794848/reduction-of-leaf-constrained-mst-problem-to-hamiltonian-path-proble
/questions/49840928/jgrapht-kruskalminimumspanningtree-retrieving-the-edge-weights
/questions/39087013/alternative-to-this-python-code
/questions/27654570/awkward-behaviour-of-file-reading-in-c-program-sigsev-signal
/questions/21665799/cheriton-tarjan-algorithm-for-mst
/questions/22478372/prims-algorithm-for-weighted-directed-graph
/questions/62736279/segmentation-fault-in-c-implementation-of-kruskals-algorithm
/questions/66156439/networkx-graph-and-labels
/questions/76266999/error-in-wikipedia-pseudocode-for-prims-algorithm
/questions/40465058/color-edges-of-a-tree
/questions/75852754/why-the-cut-property-doesnt-work-with-cycle-in-kruskals-algorithm
/questions/13402746/looking-for-similar-known-problems
/questions/32582448/modified-version-of-prims-algorithm-with-okn-m-time-complexity
/questions/32582448/modified-version-of-prims-algorithm-with-okn-m-time-complexity
/questions/55309178/how-to-find-a-path-from-one-vertex-to-another-in-a-tree-using-breadth-first-sear
/questions/64849847/how-to-keep-graph-shape-when-read-it-by-networkx
/questions/8451389/algorithm-finding-an-mst-using-dfs
/questions/14897718/data-parallel-primitives-library-for-opencl
/questions/13826846/when-to-use-kruskals-algorithm-vs-prims
/questions/65148231/efficient-way-of-linking-grid-tiles-while-creating-distinct-edges-in-java
/questions/43483548/minimum-spanninjg-tree-with-vertex-weight-and-edge-weight
/questions/19470758/boost-c-prim-algorithm-wrong-answer
/questions/20587174/c-how-to-implement-kruskals-theorem-for-double-weight-instead-of-integers
/questions/64895314/code-for-implementation-of-kruskals-algo-produces-wrong-o-p
/questions/13781958/boruvka-algorithm-parallel-implementation-cuda
/questions/296405/dominating-set-of-a-tournament-graph
/questions/29873061/find-a-minimum-weight-spanning-tree-in-the-undirected-graph-where-there-are-nega
