/questions/58294906/modular-arithmetic-in-r
/questions/74015813/modular-arithmetic-proofs-in-agda
/questions/26223673/modular-arithmetic-in-programming
/questions/279693/modular-arithmetic
/questions/6072248/modular-arithmetic-in-haskell
/questions/12252826/modular-arithmetic-on-the-gpu
/questions/38807151/javacard-big-numbers-and-modular-arithmetic
/questions/75681892/specifying-modular-arithmetic-conditions-in-z3
/questions/49624249/tensorflow-how-to-predict-modular-arithmetic-clock-arithmetic-angles
/questions/43683959/intel-modular-arithmetic-using-avx-or-sse
/questions/31920386/modular-arithmetic-basic-cofusion
/questions/26496636/understanding-modular-arithmetic-in-encryption-example
/questions/5642443/non-linear-congruence-solver-modular-arithmetic
/questions/4433891/optimizing-modular-arithmetic-computations-in-c
/questions/31904304/modular-arithmetic-and-eucledian-algorithm
/questions/42405744/ceasar-cipher-w-modular-arithmetic
/questions/37328504/modular-arithmetic-in-python-to-iterate-a-pandas-dataframe
/questions/20604840/vectorizing-modular-arithmetic
/questions/32825670/modular-arithmetic-using-haskell-type-families-or-gadts
/questions/3944802/modular-arithmetic-on-node-names-in-tikz
/questions/5240776/bash-script-for-renaming-files-using-modular-arithmetic
/questions/28571363/list-based-modular-arithmetic-in-excel
/questions/56232981/how-to-find-the-base-value-in-modular-arithmetic
/questions/65614277/bash-checking-substring-increments-with-modular-arithmetic
/questions/29611105/link-between-modular-arithmetic-and-bitwise-and-in-c-expression
/questions/45566228/modular-exponentiation-power-in-modular-arithmetic
/questions/58866521/how-do-i-use-modular-arithmetic-on-a-list-i-wish-to-mod-121-after-each-enumerat
/questions/42455143/sine-cosine-modular-extended-precision-arithmetic
/questions/25726760/javascript-modular-arithmetic
/questions/70157819/linear-independence-of-vectors-in-modular-arithmetic-mod-2-using-python
/questions/26872232/modular-arithmetic-ab-em
/questions/49780091/number-theory-modular-arithmetic-how-to-account-for-adjustments
/questions/3719957/numpy-modular-arithmetic
/questions/14445952/java-modular-arithmetic
/questions/26130555/modular-arithmetic-division
/questions/61228886/modular-arithmetic-problems
/questions/41082029/coq-modular-arithmetic
/questions/54951055/modular-arithmetic-calculation
/questions/39918227/how-to-calculate-timespans-using-modular-arithmetic
/questions/62849759/division-in-modular-arithmetic
/questions/15467461/modular-arithmetic-in-python
/questions/18577076/modular-arithmetics-and-ntt-finite-field-dft-optimizations
/questions/32418693/modular-arithmetic-using-fractions
/questions/9056055/modular-arithmetic-in-vb
/questions/39826810/recursion-for-modular-arithmetic
/questions/67069029/python-and-modular-arithmetic
/questions/31862727/algorithm-to-determine-if-number-is-between-two-numbers-in-modular-arithmetic
/questions/45059796/modular-arithmetic-competitive-programming
/questions/10257586/when-is-the-fast-integer-multiplication-using-modular-arithmetic-2008-algori
/questions/66781172/modular-arithmetic-using-z3
/questions/36392637/modular-arithmetic-addition-and-subtraction-using-crypto
/questions/55829543/modular-arithmetic-puzzle-codeforces
/questions/8804975/time-complexity-of-modular-arithmetic
/questions/24933259/design-patterns-for-dynamic-context-dependent-operators-e-g-for-modular-arithm
/questions/64492606/how-do-i-extract-a-number-from-a-text-file-and-perform-modular-arithmetic
/questions/64151483/efficient-reasoning-in-modular-arithmetic
/questions/14736514/optimising-code-for-modular-arithmetic
/questions/62100780/uva-369-combinations-modular-arithmetic-binary-exponentiation
/questions/21201302/modular-arithmetic-division-over-factorials-prime
/questions/72848816/does-compound-assignment-of-two-unsigned-integers-of-the-same-type-always-operat
/questions/17461486/what-are-the-rules-for-modular-arithmetic-in-c
/questions/26817819/regular-expression-involving-modular-arithmetic
/questions/52157916/python-advanced-modular-arithmetic-algorithm
/questions/12760075/arduino-modular-arithmetic-for-large-numbers
/questions/12273872/scala-using-span-with-modular-arithmetic
/questions/71473787/modular-arithmetic-prove-or-disprove-calculation
/questions/28788267/modular-arithmetic-and-semi-elgamal-encryption
/questions/45254111/error-in-modular-arithmetic-calculation-in-python
/questions/43627490/recursion-using-modular-arithmetic-explain-java
/questions/27558513/java-biginteger-number-theory-modular-arithmetic
/questions/55767395/modular-arithmetic-how-to-solve-the-following-equation
/questions/51677855/is-using-an-unsigned-rather-than-signed-int-more-likely-to-cause-bugs-why
/questions/60078979/using-modular-arithmetics-for-interval
/questions/28269077/how-to-make-my-arithmetic-class-modular-c-sharp-cli-program
/questions/64083412/modular-arithmetics-and-big-powers
/questions/64083412/modular-arithmetics-and-big-powers
/questions/31366737/how-do-i-use-modular-arithmetic-on-indices
/questions/61970382/type-safe-modular-arthmetic-no-annotation
/questions/19839457/explanation-of-right-to-left-binary-method-of-modular-arithmetic
/questions/12681442/computing-modular-arithmetic-of-huge-numbers-in-matlab-rsa
/questions/25080898/performing-modular-arithmetic-in-java-to-implement-diffie-hellman
/questions/54495189/problems-converting-integrer-to-array-using-the-modular-arithmetic
/questions/66068631/how-to-convert-a-modular-arithmetic-equation-to-python-code
/questions/68371261/wrong-result-on-modular-arithmetic-on-arm-apple-m1-with-clang-o3-optimization
/questions/68261908/modular-arithmetic-does-not-work-in-threshold-signature-tss-implementation
/questions/73167128/modular-multiplication
/questions/71105603/modular-exponentiation-for-summation-series
/questions/60856679/why-is-this-modular-arithmetic-incorrect-in-my-rotate-string-function
/questions/45115797/set-bits-combined-with-exponential-modular-arithmetics
/questions/11386447/modular-comparison-of-characters
/questions/63057526/definition-of-a-type-doesn-t-work-in-agda
/questions/46982261/modular-arithmatic-in-rabin-karp-algorithm
/questions/42685284/how-can-i-do-modular-arithmetic-with-decimal-values-in-python
/questions/22077872/how-can-we-compute-modular-arithmetic-with-large-divisor-and-exponent
/questions/72252864/c-vectorization-of-user-defined-type
/questions/11248012/overflow-safe-modular-addition-and-subtraction-in-c
/questions/37017147/compute-prime-in-haskell
/questions/64091389/calculate-modulo-of-a-large-number-represented-as-a-string
/questions/68841998/beginner-question-mod-arithmetic-syntax-error
/questions/53823969/spurious-lines-using-fimplicit-on-a-modular-function
/questions/63417818/why-does-division-by-3-require-a-rightshift-and-other-oddities-on-x86
/questions/43545634/how-to-make-my-fibonacci-with-modular-arithmetic-more-efficient-to-find-the-pisa
/questions/20169525/non-exhaustive-pattern-matching
/questions/35973899/how-does-one-trap-arithmetic-overflow-errors-in-swift
/questions/63763029/how-to-order-or-compare-two-circular-variables-i-e-milliseconds-in-whole-minut
/questions/2839262/how-do-you-raise-a-java-biginteger-to-the-power-of-a-biginteger-without-doing-mo
/questions/61091813/is-there-a-mathematical-formula-for-twos-complement-multiplication-when-dealing
/questions/37686674/calculation-particular-row-mod-1097-of-pascal-table
/questions/12235110/modulo-of-division-of-two-numbers
/questions/12519535/extended-euclidean-algorithm-and-the-concept-of-multiplicative-inverse
/questions/23533235/fast-powering-successive-squaring-algorithm-moving-too-slow-with-larger-amount
/questions/14945955/does-benchmark-in-java-good-for-compared-modular-arithmatic-operations
/questions/12089514/real-modulo-operator-in-c-c
/questions/4587009/modular-math-in-java-number-line-which-wraps-around
/questions/62274752/why-does-compiling-this-code-requires-very-high-memory-usage-and-time-only-in-gc
/questions/52554069/why-is-casting-from-char-to-stdbyte-potentially-undefined-behavior
/questions/16254883/a-1024-bits-rsa-algorithm-with-c
/questions/70237779/how-to-solve-for-x-in-an-equation-with-modulus
/questions/31707614/why-are-%ce%bb-calculus-optimal-evaluators-able-to-compute-big-modular-exponentiation
/questions/56556515/i-am-having-trouble-solving-a-problem-using-modulo-arithmetic
/questions/36444607/string-formatting-with-modulus-percent-sign
/questions/74517997/finding-whether-2-indices-are-adjacent-in-circular-list
/questions/14972243/accessing-the-phantom-type-of-the-return-value
/questions/75419743/partial-homomorphic-encryption-with-haskell
/questions/6205445/checking-that-float-modulo-int-is-finite-ordinal
/questions/6109624/need-help-in-understanding-rolling-hash-computation-in-constant-time-for-rabin-k
/questions/14983541/montgomery-multiplication-vhdl-implementation
/questions/58720670/how-to-access-functions-inside-a-record-inside-a-module
/questions/17351668/python-incomplete-decryption
/questions/12198920/performance-optimization-with-modular-addition-when-the-modulus-is-of-special-fo
/questions/14666985/off-by-1-error-in-project-euler-19
/questions/33725811/optimized-arithmetic-methods-in-r
/questions/9321371/bitwise-arithmetic-tutorial
/questions/62227858/how-to-compute-a-b-mod-p-p-is-a-prime-number
/questions/38681880/free-monads-for-recursive-arithmetic-expressions-in-scala-cats
/questions/75032534/get-previous-value-on-a-list-or-array-loop-around-if-first-value-is-reached
/questions/46976282/java-arithmetic-mechanics-on-a-basic-level-or-evaluation-strategies
/questions/69079269/unexpected-behaviour-of-sapply-within-vectorized-function
/questions/5549710/guidance-in-implementation-for-cryptographic-schemes
/questions/75803669/rust-implement-modulo-arithmetic-for-direction-up-left-down-right
/questions/55050280/numpy-prod-what-overflow-really-is
/questions/54055272/how-to-calculate-x3-ax-b-mod-p-with-golang-big-int
/questions/40230951/factorial-remainder
/questions/57264547/how-ed-1-in-rsa-cryptosystem
/questions/23100114/division-with-modulus-remainders
/questions/28884840/how-to-end-a-while-loop-in-python-3
/questions/9736167/generate-time-sequence-with-step-7-seconds
/questions/32544448/speeding-up-integer-division-with-constant-divisor
/questions/22130597/maximise-value-of-xym
/questions/13462376/second-digit-from-the-right-from-a-huge-number
/questions/75269310/why-is-unsigned-left-bit-shift-overflow-different-between-runtime-and-compile-ti
/questions/8022979/operator-overloading-and-class-definition-in-r-use-a-different-base-field-corpu
/questions/26619920/cant-get-it-how-the-function-works
/questions/66075671/taking-mod-from-every-iteration-in-factorial-computing-in-c-to-not-get-a-numbe
/questions/67077846/dec2base-with-independent-bits-digits-calculation
/questions/44793223/math-behind-sorting-grade-percentages-for-grade-forecast
/questions/20790472/generating-pseudorandom-numbers-drawn-from-a-uniform-distribution
/questions/25657827/using-modualr-arithmetic-for-vector-indices-in-matlab
/questions/75557425/creating-maxima-code-to-find-the-rref-of-a-matrix-over-a-field
/questions/45985592/reducing-nested-for-loop-to-single-loop-in-r
/questions/42964399/where-is-the-pow-mod-function-defined-in-elisp
/questions/32272794/finding-the-nth-fib-number-in-ologn
/questions/66424507/add-months-to-a-date-in-format-yymm
/questions/2760502/question-about-c-behaviour-for-unsigned-integer-underflow
/questions/32385197/multos-application-programming-interface
/questions/56258266/highest-modulo-of-a-group-of-numbers
/questions/38942367/making-unsigned-integer-underflow-throw-an-exception
/questions/75242247/my-code-is-caught-in-an-infinite-loop-when-im-trying-to-find-the-maximum-non-di
/questions/33152446/floating-point-multiplication-vs-repeated-addition
/questions/7901752/parallel-arbitrary-precision-arithmetic-library
/questions/52502437/comparing-negative-indices-in-numpy-with-postive-indices
/questions/52179763/computing-mod-inverse
/questions/22683195/boolean-convolution-algorithm
/questions/26565355/increase-digits-of-a-number-by-one
/questions/59222632/create-a-type-for-each-integer-in-haskell
/questions/44632975/python-how-can-i-set-iterator-of-enumerate-to-0-while-reading-same-file-again-a
/questions/62732763/optimally-sampling-n-rows-from-location-pandas-dataframe
/questions/46135385/inferring-mrna-from-protein-rosalind
/questions/36106958/z3-power-modulo-statements
/questions/39939138/what-is-an-efficient-method-for-adding-thousands-of-numbers-quickly
/questions/23137404/iterate-over-subrange-of-weekdays
/questions/43023202/multiprecision-unsigned-subtraction-in-c
/questions/12452527/rabin-karp-hashcode-is-too-big
/questions/11859881/uncaught-referenceerror-add-is-not-defined-in-javascript-code
/questions/3658147/is-it-possible-to-output-the-permutations-of-1-n-using-only-iterators
/questions/33881027/2d-isometric-engine-math-problems-cube-selection-diamond-shape-map
/questions/73521047/examples-of-chinese-remainder-theorem-being-used-to-represent-big-numbers
/questions/60343055/permutation-cycles
/questions/14904606/time-complexity-for-most-programming-language
/questions/47237405/combine-two-dbl-columns-in-a-dataframe-into-a-new-column-with-unitetidyr-r
/questions/58260863/getting-tle-error-in-kickstart-alarm-challenge-gooogle-kickstart-2019
/questions/68907213/using-ntl-and-gmp-with-cuda
/questions/30613542/getting-the-ghc-to-accept-type-signature-with-knownnat-arithmetic
/questions/16494035/find-x-in-ax-a-mod-n
/questions/31354105/why-not-always-use-circular-array-deques-instead-of-array-lists
/questions/24880284/scala-path-dependent-type-testing-for-type-error
/questions/49178040/spring-batch-multithreaded-db-reader
/questions/21166536/best-way-to-iterate-through-unknown-number-of-lists-in-general
/questions/52337899/2-different-ways-to-reverse-an-integers-digits-preferred-way
/questions/6103822/on-undefined-behavior
/questions/12209211/addition-with-fixed-min-max-value
/questions/24633001/is-there-any-best-waymath-c-trick-of-iterate-through-forward-and-reverse-w
/questions/40227994/best-way-to-feed-which-arr-ind-t-back-into-matrix-in-r
/questions/19205125/integer-arithmetic-when-overflow-exists
/questions/9982458/creating-a-sphere-packing-nearest-neighbor-list-from-integers
/questions/19240919/how-do-you-mitigate-proposal-number-overflow-attacks-in-byzantine-paxos
/questions/70871246/treating-an-array-of-structs-containing-x-as-an-array-of-x
/questions/41530144/how-to-create-a-typesafe-range-limited-numeric-type
/questions/8640934/why-do-two-algorithms-for-finding-primes-differ-in-speed-so-much-even-though-the
/questions/59823320/montgomery-multiplication-on-pc-with-word-size-moduli-is-it-worth-it
/questions/35903982/periodic-boundary-conditions-finite-differences
/questions/67471959/can-i-ignore-the-last-k-while-expanding-a-b-k
/questions/54947427/going-from-signed-integers-to-unsigned-integers-and-vice-versa-in-c20
/questions/73327884/is-there-any-convenient-way-to-disable-clangs-undefined-sanitizer-for-system-di
/questions/58294906/modular-arithmetic-in-r
/questions/74015813/modular-arithmetic-proofs-in-agda
/questions/26223673/modular-arithmetic-in-programming
/questions/279693/modular-arithmetic
/questions/6072248/modular-arithmetic-in-haskell
/questions/12252826/modular-arithmetic-on-the-gpu
/questions/38807151/javacard-big-numbers-and-modular-arithmetic
/questions/75681892/specifying-modular-arithmetic-conditions-in-z3
/questions/49624249/tensorflow-how-to-predict-modular-arithmetic-clock-arithmetic-angles
/questions/43683959/intel-modular-arithmetic-using-avx-or-sse
/questions/31920386/modular-arithmetic-basic-cofusion
/questions/26496636/understanding-modular-arithmetic-in-encryption-example
/questions/5642443/non-linear-congruence-solver-modular-arithmetic
/questions/4433891/optimizing-modular-arithmetic-computations-in-c
/questions/31904304/modular-arithmetic-and-eucledian-algorithm
/questions/42405744/ceasar-cipher-w-modular-arithmetic
/questions/37328504/modular-arithmetic-in-python-to-iterate-a-pandas-dataframe
/questions/20604840/vectorizing-modular-arithmetic
/questions/32825670/modular-arithmetic-using-haskell-type-families-or-gadts
/questions/3944802/modular-arithmetic-on-node-names-in-tikz
/questions/5240776/bash-script-for-renaming-files-using-modular-arithmetic
/questions/28571363/list-based-modular-arithmetic-in-excel
/questions/56232981/how-to-find-the-base-value-in-modular-arithmetic
/questions/65614277/bash-checking-substring-increments-with-modular-arithmetic
/questions/29611105/link-between-modular-arithmetic-and-bitwise-and-in-c-expression
/questions/45566228/modular-exponentiation-power-in-modular-arithmetic
/questions/58866521/how-do-i-use-modular-arithmetic-on-a-list-i-wish-to-mod-121-after-each-enumerat
/questions/42455143/sine-cosine-modular-extended-precision-arithmetic
/questions/25726760/javascript-modular-arithmetic
/questions/70157819/linear-independence-of-vectors-in-modular-arithmetic-mod-2-using-python
/questions/26872232/modular-arithmetic-ab-em
/questions/49780091/number-theory-modular-arithmetic-how-to-account-for-adjustments
/questions/3719957/numpy-modular-arithmetic
/questions/14445952/java-modular-arithmetic
/questions/26130555/modular-arithmetic-division
/questions/61228886/modular-arithmetic-problems
/questions/41082029/coq-modular-arithmetic
/questions/54951055/modular-arithmetic-calculation
/questions/39918227/how-to-calculate-timespans-using-modular-arithmetic
/questions/62849759/division-in-modular-arithmetic
/questions/15467461/modular-arithmetic-in-python
/questions/18577076/modular-arithmetics-and-ntt-finite-field-dft-optimizations
/questions/32418693/modular-arithmetic-using-fractions
/questions/9056055/modular-arithmetic-in-vb
/questions/39826810/recursion-for-modular-arithmetic
/questions/67069029/python-and-modular-arithmetic
/questions/31862727/algorithm-to-determine-if-number-is-between-two-numbers-in-modular-arithmetic
/questions/45059796/modular-arithmetic-competitive-programming
/questions/10257586/when-is-the-fast-integer-multiplication-using-modular-arithmetic-2008-algori
/questions/66781172/modular-arithmetic-using-z3
/questions/36392637/modular-arithmetic-addition-and-subtraction-using-crypto
/questions/55829543/modular-arithmetic-puzzle-codeforces
/questions/8804975/time-complexity-of-modular-arithmetic
/questions/24933259/design-patterns-for-dynamic-context-dependent-operators-e-g-for-modular-arithm
/questions/64492606/how-do-i-extract-a-number-from-a-text-file-and-perform-modular-arithmetic
/questions/64151483/efficient-reasoning-in-modular-arithmetic
/questions/14736514/optimising-code-for-modular-arithmetic
/questions/62100780/uva-369-combinations-modular-arithmetic-binary-exponentiation
/questions/21201302/modular-arithmetic-division-over-factorials-prime
/questions/72848816/does-compound-assignment-of-two-unsigned-integers-of-the-same-type-always-operat
/questions/17461486/what-are-the-rules-for-modular-arithmetic-in-c
/questions/26817819/regular-expression-involving-modular-arithmetic
/questions/52157916/python-advanced-modular-arithmetic-algorithm
/questions/12760075/arduino-modular-arithmetic-for-large-numbers
/questions/12273872/scala-using-span-with-modular-arithmetic
/questions/71473787/modular-arithmetic-prove-or-disprove-calculation
/questions/28788267/modular-arithmetic-and-semi-elgamal-encryption
/questions/45254111/error-in-modular-arithmetic-calculation-in-python
/questions/43627490/recursion-using-modular-arithmetic-explain-java
/questions/27558513/java-biginteger-number-theory-modular-arithmetic
/questions/55767395/modular-arithmetic-how-to-solve-the-following-equation
/questions/51677855/is-using-an-unsigned-rather-than-signed-int-more-likely-to-cause-bugs-why
/questions/60078979/using-modular-arithmetics-for-interval
/questions/28269077/how-to-make-my-arithmetic-class-modular-c-sharp-cli-program
/questions/64083412/modular-arithmetics-and-big-powers
/questions/64083412/modular-arithmetics-and-big-powers
/questions/31366737/how-do-i-use-modular-arithmetic-on-indices
/questions/61970382/type-safe-modular-arthmetic-no-annotation
/questions/19839457/explanation-of-right-to-left-binary-method-of-modular-arithmetic
/questions/12681442/computing-modular-arithmetic-of-huge-numbers-in-matlab-rsa
/questions/25080898/performing-modular-arithmetic-in-java-to-implement-diffie-hellman
/questions/54495189/problems-converting-integrer-to-array-using-the-modular-arithmetic
/questions/66068631/how-to-convert-a-modular-arithmetic-equation-to-python-code
/questions/68371261/wrong-result-on-modular-arithmetic-on-arm-apple-m1-with-clang-o3-optimization
/questions/68261908/modular-arithmetic-does-not-work-in-threshold-signature-tss-implementation
/questions/73167128/modular-multiplication
/questions/71105603/modular-exponentiation-for-summation-series
/questions/60856679/why-is-this-modular-arithmetic-incorrect-in-my-rotate-string-function
/questions/45115797/set-bits-combined-with-exponential-modular-arithmetics
/questions/11386447/modular-comparison-of-characters
/questions/63057526/definition-of-a-type-doesn-t-work-in-agda
/questions/46982261/modular-arithmatic-in-rabin-karp-algorithm
/questions/42685284/how-can-i-do-modular-arithmetic-with-decimal-values-in-python
/questions/22077872/how-can-we-compute-modular-arithmetic-with-large-divisor-and-exponent
/questions/72252864/c-vectorization-of-user-defined-type
/questions/11248012/overflow-safe-modular-addition-and-subtraction-in-c
/questions/37017147/compute-prime-in-haskell
/questions/64091389/calculate-modulo-of-a-large-number-represented-as-a-string
/questions/68841998/beginner-question-mod-arithmetic-syntax-error
/questions/53823969/spurious-lines-using-fimplicit-on-a-modular-function
/questions/63417818/why-does-division-by-3-require-a-rightshift-and-other-oddities-on-x86
/questions/43545634/how-to-make-my-fibonacci-with-modular-arithmetic-more-efficient-to-find-the-pisa
/questions/20169525/non-exhaustive-pattern-matching
/questions/35973899/how-does-one-trap-arithmetic-overflow-errors-in-swift
/questions/63763029/how-to-order-or-compare-two-circular-variables-i-e-milliseconds-in-whole-minut
/questions/2839262/how-do-you-raise-a-java-biginteger-to-the-power-of-a-biginteger-without-doing-mo
/questions/61091813/is-there-a-mathematical-formula-for-twos-complement-multiplication-when-dealing
/questions/37686674/calculation-particular-row-mod-1097-of-pascal-table
/questions/12235110/modulo-of-division-of-two-numbers
/questions/12519535/extended-euclidean-algorithm-and-the-concept-of-multiplicative-inverse
/questions/23533235/fast-powering-successive-squaring-algorithm-moving-too-slow-with-larger-amount
/questions/14945955/does-benchmark-in-java-good-for-compared-modular-arithmatic-operations
/questions/12089514/real-modulo-operator-in-c-c
/questions/4587009/modular-math-in-java-number-line-which-wraps-around
/questions/62274752/why-does-compiling-this-code-requires-very-high-memory-usage-and-time-only-in-gc
/questions/52554069/why-is-casting-from-char-to-stdbyte-potentially-undefined-behavior
/questions/16254883/a-1024-bits-rsa-algorithm-with-c
/questions/70237779/how-to-solve-for-x-in-an-equation-with-modulus
/questions/31707614/why-are-%ce%bb-calculus-optimal-evaluators-able-to-compute-big-modular-exponentiation
/questions/56556515/i-am-having-trouble-solving-a-problem-using-modulo-arithmetic
/questions/36444607/string-formatting-with-modulus-percent-sign
/questions/74517997/finding-whether-2-indices-are-adjacent-in-circular-list
/questions/14972243/accessing-the-phantom-type-of-the-return-value
/questions/75419743/partial-homomorphic-encryption-with-haskell
/questions/6205445/checking-that-float-modulo-int-is-finite-ordinal
/questions/6109624/need-help-in-understanding-rolling-hash-computation-in-constant-time-for-rabin-k
/questions/14983541/montgomery-multiplication-vhdl-implementation
/questions/58720670/how-to-access-functions-inside-a-record-inside-a-module
/questions/17351668/python-incomplete-decryption
/questions/12198920/performance-optimization-with-modular-addition-when-the-modulus-is-of-special-fo
/questions/14666985/off-by-1-error-in-project-euler-19
/questions/33725811/optimized-arithmetic-methods-in-r
/questions/9321371/bitwise-arithmetic-tutorial
/questions/62227858/how-to-compute-a-b-mod-p-p-is-a-prime-number
/questions/38681880/free-monads-for-recursive-arithmetic-expressions-in-scala-cats
/questions/75032534/get-previous-value-on-a-list-or-array-loop-around-if-first-value-is-reached
/questions/46976282/java-arithmetic-mechanics-on-a-basic-level-or-evaluation-strategies
/questions/69079269/unexpected-behaviour-of-sapply-within-vectorized-function
/questions/5549710/guidance-in-implementation-for-cryptographic-schemes
/questions/75803669/rust-implement-modulo-arithmetic-for-direction-up-left-down-right
/questions/55050280/numpy-prod-what-overflow-really-is
/questions/54055272/how-to-calculate-x3-ax-b-mod-p-with-golang-big-int
/questions/40230951/factorial-remainder
/questions/57264547/how-ed-1-in-rsa-cryptosystem
/questions/23100114/division-with-modulus-remainders
/questions/28884840/how-to-end-a-while-loop-in-python-3
/questions/9736167/generate-time-sequence-with-step-7-seconds
/questions/32544448/speeding-up-integer-division-with-constant-divisor
/questions/22130597/maximise-value-of-xym
/questions/13462376/second-digit-from-the-right-from-a-huge-number
/questions/75269310/why-is-unsigned-left-bit-shift-overflow-different-between-runtime-and-compile-ti
/questions/8022979/operator-overloading-and-class-definition-in-r-use-a-different-base-field-corpu
/questions/26619920/cant-get-it-how-the-function-works
/questions/66075671/taking-mod-from-every-iteration-in-factorial-computing-in-c-to-not-get-a-numbe
/questions/67077846/dec2base-with-independent-bits-digits-calculation
/questions/44793223/math-behind-sorting-grade-percentages-for-grade-forecast
/questions/20790472/generating-pseudorandom-numbers-drawn-from-a-uniform-distribution
/questions/25657827/using-modualr-arithmetic-for-vector-indices-in-matlab
/questions/75557425/creating-maxima-code-to-find-the-rref-of-a-matrix-over-a-field
/questions/45985592/reducing-nested-for-loop-to-single-loop-in-r
/questions/42964399/where-is-the-pow-mod-function-defined-in-elisp
/questions/32272794/finding-the-nth-fib-number-in-ologn
/questions/66424507/add-months-to-a-date-in-format-yymm
/questions/2760502/question-about-c-behaviour-for-unsigned-integer-underflow
/questions/32385197/multos-application-programming-interface
/questions/56258266/highest-modulo-of-a-group-of-numbers
/questions/38942367/making-unsigned-integer-underflow-throw-an-exception
/questions/75242247/my-code-is-caught-in-an-infinite-loop-when-im-trying-to-find-the-maximum-non-di
/questions/33152446/floating-point-multiplication-vs-repeated-addition
/questions/7901752/parallel-arbitrary-precision-arithmetic-library
/questions/52502437/comparing-negative-indices-in-numpy-with-postive-indices
/questions/52179763/computing-mod-inverse
/questions/22683195/boolean-convolution-algorithm
/questions/26565355/increase-digits-of-a-number-by-one
/questions/59222632/create-a-type-for-each-integer-in-haskell
/questions/44632975/python-how-can-i-set-iterator-of-enumerate-to-0-while-reading-same-file-again-a
/questions/62732763/optimally-sampling-n-rows-from-location-pandas-dataframe
/questions/46135385/inferring-mrna-from-protein-rosalind
/questions/36106958/z3-power-modulo-statements
/questions/39939138/what-is-an-efficient-method-for-adding-thousands-of-numbers-quickly
/questions/23137404/iterate-over-subrange-of-weekdays
/questions/43023202/multiprecision-unsigned-subtraction-in-c
/questions/12452527/rabin-karp-hashcode-is-too-big
/questions/11859881/uncaught-referenceerror-add-is-not-defined-in-javascript-code
/questions/3658147/is-it-possible-to-output-the-permutations-of-1-n-using-only-iterators
/questions/33881027/2d-isometric-engine-math-problems-cube-selection-diamond-shape-map
/questions/73521047/examples-of-chinese-remainder-theorem-being-used-to-represent-big-numbers
/questions/60343055/permutation-cycles
/questions/14904606/time-complexity-for-most-programming-language
/questions/47237405/combine-two-dbl-columns-in-a-dataframe-into-a-new-column-with-unitetidyr-r
/questions/58260863/getting-tle-error-in-kickstart-alarm-challenge-gooogle-kickstart-2019
/questions/68907213/using-ntl-and-gmp-with-cuda
/questions/30613542/getting-the-ghc-to-accept-type-signature-with-knownnat-arithmetic
/questions/16494035/find-x-in-ax-a-mod-n
/questions/31354105/why-not-always-use-circular-array-deques-instead-of-array-lists
/questions/24880284/scala-path-dependent-type-testing-for-type-error
/questions/49178040/spring-batch-multithreaded-db-reader
/questions/21166536/best-way-to-iterate-through-unknown-number-of-lists-in-general
/questions/52337899/2-different-ways-to-reverse-an-integers-digits-preferred-way
/questions/6103822/on-undefined-behavior
/questions/12209211/addition-with-fixed-min-max-value
/questions/24633001/is-there-any-best-waymath-c-trick-of-iterate-through-forward-and-reverse-w
/questions/40227994/best-way-to-feed-which-arr-ind-t-back-into-matrix-in-r
/questions/19205125/integer-arithmetic-when-overflow-exists
/questions/9982458/creating-a-sphere-packing-nearest-neighbor-list-from-integers
/questions/19240919/how-do-you-mitigate-proposal-number-overflow-attacks-in-byzantine-paxos
/questions/70871246/treating-an-array-of-structs-containing-x-as-an-array-of-x
/questions/41530144/how-to-create-a-typesafe-range-limited-numeric-type
/questions/8640934/why-do-two-algorithms-for-finding-primes-differ-in-speed-so-much-even-though-the
/questions/59823320/montgomery-multiplication-on-pc-with-word-size-moduli-is-it-worth-it
/questions/35903982/periodic-boundary-conditions-finite-differences
/questions/67471959/can-i-ignore-the-last-k-while-expanding-a-b-k
/questions/54947427/going-from-signed-integers-to-unsigned-integers-and-vice-versa-in-c20
/questions/73327884/is-there-any-convenient-way-to-disable-clangs-undefined-sanitizer-for-system-di
