/questions/6470428/catch-multiple-exceptions-in-one-line-except-block
/questions/3040833/how-do-i-stash-only-one-file-out-of-multiple-files-that-have-changed
/questions/136035/catch-multiple-exceptions-at-once
/questions/235839/indent-multiple-lines-quickly-in-vi
/questions/3790454/how-do-i-break-a-string-in-yaml-over-multiple-lines
/questions/750172/how-do-i-change-the-author-and-committer-name-email-for-multiple-commits
/questions/452859/inserting-multiple-rows-in-a-single-sql-query
/questions/298725/multiple-order-by-in-linq
/questions/1041344/how-can-i-select-an-element-with-multiple-classes-in-jquery
/questions/134882/undoing-a-git-rebase
/questions/3042437/how-to-change-the-commit-author-for-a-single-commit
/questions/194852/how-to-concatenate-text-from-multiple-rows-into-a-single-text-string-in-sql-serv
/questions/6217156/break-a-previous-commit-into-multiple-commits
/questions/11285613/selecting-multiple-columns-in-a-pandas-dataframe
/questions/2421388/using-group-by-on-multiple-columns
/questions/1463340/how-can-i-revert-multiple-git-commits
/questions/1296646/sort-order-data-frame-rows-by-multiple-columns
/questions/847066/group-by-multiple-columns
/questions/2507766/merge-convert-multiple-pdf-files-into-one-pdf
/questions/10660435/how-do-i-split-the-definition-of-a-long-string-over-multiple-lines
/questions/276927/can-i-concatenate-multiple-mysql-rows-into-one-field
/questions/1670970/how-to-cherry-pick-multiple-commits
/questions/1653308/access-control-allow-origin-multiple-origin-domains
/questions/965053/extract-filename-and-extension-in-bash
/questions/3277367/how-does-pythons-super-work-with-multiple-inheritance
/questions/6357038/is-multiplication-and-division-using-shift-operators-in-c-actually-faster
/questions/13207927/switch-statement-for-multiple-cases-in-javascript
/questions/5308816/how-can-i-merge-multiple-commits-onto-another-branch-as-a-single-squashed-commit
/questions/53664/how-to-effectively-work-with-multiple-files-in-vim
/questions/2917175/return-multiple-values-in-javascript
/questions/21562986/numpy-matrix-vector-multiplication
/questions/26245139/how-to-create-recyclerview-with-multiple-view-types
/questions/354883/alternatives-for-returning-multiple-values-from-a-python-function
/questions/2051162/sql-multiple-column-ordering
/questions/2419566/best-way-to-use-multiple-ssh-private-keys-on-one-client
/questions/30063907/docker-compose-how-to-execute-multiple-commands
/questions/4220416/can-i-specify-multiple-users-for-myself-in-gitconfig
/questions/50718018/xcode-10-error-multiple-commands-produce
/questions/1458633/how-to-deal-with-floating-point-number-precision-in-javascript
/questions/492558/removing-multiple-files-from-a-git-repo-that-have-already-been-deleted-from-disk
/questions/14547087/extracting-bits-with-a-single-multiplication
/questions/6058139/why-is-matlab-so-fast-in-matrix-multiplication
/questions/22876978/loop-inside-react-jsx
/questions/5442910/how-to-use-multiprocessing-pool-map-with-multiple-arguments
/questions/14970516/use-mockito-to-mock-some-methods-but-not-others
/questions/179085/multiple-indexes-vs-multi-column-indexes
/questions/2846653/how-do-i-use-threading-in-python
/questions/69068/split-long-commands-in-multiple-lines-through-windows-batch-file
/questions/682504/what-is-a-clean-pythonic-way-to-implement-multiple-constructors
/questions/10271484/how-to-perform-element-wise-multiplication-of-two-lists
/questions/5684160/can-the-not-pseudo-class-have-multiple-arguments
/questions/68578/multiple-cases-in-switch-statement
/questions/1571648/tab-character-instead-of-multiple-non-breaking-spaces-nbsp
/questions/226976/how-can-i-know-if-a-branch-has-been-already-merged-into-master
/questions/4617034/how-can-i-open-multiple-files-using-with-open-in-python
/questions/2534089/how-can-i-trigger-the-same-function-from-multiple-events-with-jquery
/questions/11039876/multiplication-on-command-line-terminal
/questions/595374/whats-the-function-like-sum-but-for-multiplication-product
/questions/34142485/difference-between-numpy-dot-and-python-3-5-matrix-multiplication
/questions/635937/how-do-i-specify-unique-constraint-for-multiple-columns-in-mysql
/questions/15112125/how-to-test-multiple-variables-for-equality-against-a-single-value
/questions/10765755/how-to-apply-multiple-transforms-in-css
/questions/431628/how-to-combine-multiple-querysets-in-django
/questions/29953479/how-can-you-create-multiple-cursors-in-visual-studio-code
/questions/2812520/dealing-with-multiple-python-versions-and-pip
/questions/533631/what-is-a-mixin-and-why-is-it-useful
/questions/849308/how-can-i-pull-push-from-multiple-remote-locations
/questions/4998629/split-string-with-multiple-delimiters-in-python
/questions/1485647/removing-multiple-classes-jquery
/questions/5119946/find-exec-with-multiple-commands
/questions/22053050/difference-between-numpy-array-shape-r-1-and-r
/questions/3860112/multiple-github-accounts-on-the-same-computer
/questions/650022/how-do-i-split-a-string-with-multiple-separators-in-javascript
/questions/734689/sqlite-primary-key-on-multiple-columns
/questions/4233476/sort-a-list-by-multiple-attributes
/questions/30950032/how-can-i-run-multiple-npm-scripts-in-parallel
/questions/5210535/passing-data-between-view-controllers
/questions/9670075/css-transition-shorthand-with-multiple-properties
/questions/1059559/split-strings-into-words-with-multiple-word-boundary-delimiters
/questions/1981349/regex-to-replace-multiple-spaces-with-a-single-space
/questions/26089893/understanding-numpys-einsum
/questions/4172448/is-it-possible-to-break-a-long-line-to-multiple-lines-in-python
/questions/34521797/how-to-add-multiple-classes-to-a-reactjs-component
/questions/1103994/how-to-run-multiple-bat-files-within-a-bat-file
/questions/6760685/creating-a-singleton-in-python
/questions/18871277/adding-multiple-class-using-ng-class
/questions/3076708/can-we-have-multiple-tbody-in-same-table
/questions/442704/how-do-you-handle-multiple-submit-buttons-in-asp-net-mvc-framework
/questions/226465/should-i-use-multiplication-or-division
/questions/2745074/fast-ceiling-of-an-integer-division-in-c-c
/questions/3459098/create-list-of-single-item-repeated-n-times
/questions/1609637/is-it-possible-to-insert-multiple-rows-at-a-time-in-an-sqlite-database
/questions/3890621/how-does-multiplication-differ-for-numpy-matrix-vs-array-classes
/questions/6060985/why-is-there-huge-performance-hit-in-2048x2048-versus-2047x2047-array-multiplica
/questions/893333/multiple-variables-in-a-with-statement
/questions/3495926/can-i-catch-multiple-java-exceptions-in-the-same-catch-clause
/questions/20577930/bit-shift-vs-multiplication
/questions/34316156/how-to-comment-multiple-lines-in-visual-studio-code
/questions/29968499/vertical-rulers-in-visual-studio-code
/questions/11392478/how-to-replace-a-string-in-multiple-files-in-linux-command-line
/questions/825748/how-to-pass-command-line-arguments-to-a-rake-task
/questions/15213127/variables-multiplication-for-the-factorial-calculation
/questions/32782922/what-do-multiple-arrow-functions-mean-in-javascript
/questions/748062/return-multiple-values-to-a-method-caller
/questions/829954/how-can-i-indent-multiple-lines-in-xcode
/questions/613572/capturing-multiple-line-output-into-a-bash-variable
/questions/189645/how-can-i-break-out-of-multiple-loops
/questions/20906474/import-multiple-csv-files-into-pandas-and-concatenate-into-one-dataframe
/questions/3432/multiple-updates-in-mysql
/questions/1546226/is-there-a-simple-way-to-remove-multiple-spaces-in-a-string
/questions/4125033/floating-point-division-vs-floating-point-multiplication
/questions/990221/multiple-lines-of-text-in-uilabel
/questions/1529068/is-it-possible-to-have-multiple-styles-inside-a-textview
/questions/15202997/what-is-the-difference-between-canonical-name-simple-name-and-class-name-in-jav
/questions/14723848/push-multiple-elements-to-array
/questions/6262472/multiple-lines-of-input-in-input-type-text
/questions/11922383/how-can-i-access-and-process-nested-objects-arrays-or-json
/questions/35201998/multiplication-with-very-large-operands
/questions/9554636/the-use-of-multiple-jframes-good-or-bad-practice
/questions/447197/how-to-define-multiple-css-attributes-in-jquery
/questions/12337671/using-async-await-for-multiple-tasks
/questions/14529838/apply-multiple-functions-to-multiple-groupby-columns
/questions/11952579/watch-multiple-scope-attributes
/questions/15745819/why-is-division-more-expensive-than-multiplication
/questions/223918/iterating-through-a-collection-avoiding-concurrentmodificationexception-when-re
/questions/25899415/show-multiplication-tables-with-a-button
/questions/37716018/track-first-digit-during-a-long-multiplication-in-c
/questions/11495723/why-is-strassen-matrix-multiplication-so-much-slower-than-standard-matrix-multip
/questions/40050079/matrix-multiplication-c
/questions/3389574/check-if-multiple-strings-exist-in-another-string
/questions/17991759/c-sharp-decimal-multiplication-strange-behavior
/questions/255898/how-to-iterate-over-arguments-in-a-bash-script
/questions/17991759/c-sharp-decimal-multiplication-strange-behavior
/questions/4231736/multiplication-in-masm611
/questions/21797161/byte-array-multiplication
/questions/7325278/group-by-in-linq
/questions/5872478/how-to-implement-multiplication-without-using-multiplication-operator-in-net
/questions/12569367/addition-operation-versus-multiplication-operation
/questions/68212003/creating-the-multiplication-table
/questions/3059044/google-maps-js-api-v3-simple-multiple-marker-example
/questions/8484696/multiplication-error-in-vb-net
/questions/3722004/how-to-perform-multiplication-using-bitwise-operators
/questions/57646697/fastest-method-for-find-multiplication-array-by-minimum-number-of-operations
/questions/8546756/matrix-multiplication-algorithm-time-complexity
/questions/541920/multiple-line-code-example-in-javadoc-comment
/questions/28868367/getting-the-high-part-of-64-bit-integer-multiplication
/questions/40694380/forcing-multiplication-to-use-rmul-instead-of-numpy-array-mul-or-byp
/questions/16631064/declare-multiple-module-exports-in-node-js
/questions/12165636/django-aggregation-summation-of-multiplication-of-two-fields
/questions/56511804/tracing-a-multiplication-table-w-python-trace
/questions/4334970/hibernate-throws-multiplebagfetchexception-cannot-simultaneously-fetch-multipl
/questions/51013305/bash-scripting-multiplication-table
/questions/8722163/how-to-assign-multiple-classes-to-an-html-container
/questions/56679366/subtraction-multiplication-and-count-recursively
/questions/74592528/matrix-vector-multiplication
/questions/76496501/bitboards-uint64-t-variables-multiplication-in-c
/questions/38088279/communication-between-multiple-docker-compose-projects
/questions/29609101/parametric-matrix-multiplication
/questions/71022/sql-max-of-multiple-columns
/questions/13102895/multiplication-and-concataning-results-in-dart
/questions/60311794/multiplication-in-f
/questions/206717/how-do-i-replace-multiple-spaces-with-a-single-space-in-c
/questions/37463035/multiplication-in-a-variable
/questions/45393006/formatting-multiplication-table-f-output
/questions/21923261/boolean-multiplication
/questions/22282100/c-11-matrices-multiplication
/questions/45731484/tensorflow-how-to-perform-element-wise-multiplication-between-two-sparse-matrix
/questions/39486033/implementing-addition-using-multiplication
/questions/19325312/how-to-create-multiple-where-clause-query-using-laravel-eloquent
/questions/4109330/is-mod-operation-more-cpu-intensive-than-multiplication
/questions/21819682/is-integer-multiplication-really-done-at-the-same-speed-as-addition-on-a-modern
/questions/54735605/print-multiplication-table-of-14-from-a-list-in-which-multiplication-table-of-12
/questions/25424145/speedup-matrix-multiplication
/questions/19994922/find-and-replace-strings-in-vim-on-multiple-lines
/questions/49908829/nested-for-loop-multiplication-table-python
/questions/2989762/multi-line-comments-in-ruby
/questions/17642051/multiplication-of-bits-in-twos-complement-form
/questions/1835857/python-long-multiplication
/questions/2718246/xcode-warning-multiple-build-commands-for-output-file
/questions/36315949/mpi-vector-multiplication
/questions/8235999/multiplication-with
/questions/33072843/user-based-multiplication-table
/questions/5374001/mysql-multiplication-operation
/questions/34030140/is-sparse-tensor-multiplication-implemented-in-tensorflow
/questions/11084757/sass-scss-nesting-and-multiple-classes
/questions/4988226/how-do-i-pass-multiple-parameters-into-a-function-in-powershell
/questions/5416169/multiplication-aggregate-operator-in-sql
/questions/31285420/multiplication-using-fenwick-tree
/questions/35506226/will-the-compiler-optimize-division-into-multiplication
/questions/6958689/running-multiple-commands-with-xargs
/questions/1907557/optimized-matrix-multiplication-in-c
/questions/71722291/find-python-multiplication-from-user-input
/questions/30037808/multiline-editing-in-visual-studio-code
/questions/41522304/polynomial-multiplication-in-prolog
/questions/14885760/multiplication-table-displaying-incorrectly
/questions/32108324/matrix-multiplication-issues
/questions/68314661/multiplication-in-matlab
/questions/12503146/create-an-array-with-same-element-repeated-multiple-times
/questions/35182790/multiplication-in-avr-assembly
/questions/35924510/matrix-multiplication-issue-matlab
/questions/34242164/multiplication-shared-preferences
/questions/25593874/array-multiplication-table
/questions/22672718/matrix-multiplication-but-with-variable-dimensions
/questions/16068643/recursion-and-multiplication
/questions/74980577/multiplication-in-lc3
/questions/1920031/strassens-algorithm-for-matrix-multiplication
/questions/694102/declaring-multiple-variables-in-javascript
/questions/21022865/pandas-elementwise-multiplication-of-two-dataframes
/questions/29358282/multiplication-table-specific-formatting-using-c
/questions/37029152/why-in-argument-section-is-happen-multiplicationrecursion
/questions/19126796/given-a-string-of-numbers-and-a-number-of-multiplication-operators-what-is-the
/questions/48799704/verilog-signed-multiplication
/questions/48799704/verilog-signed-multiplication
/questions/14169222/faster-way-to-initialize-arrays-via-empty-matrix-multiplication-matlab
/questions/50724887/wrong-polynomial-value-after-multiplication-by-using-numpy
/questions/6116978/how-to-replace-multiple-substrings-of-a-string
/questions/46734913/lower-right-multiplication-table
/questions/30790184/perform-integer-division-using-multiplication
/questions/58995071/why-does-twos-complement-multiplication-need-to-do-sign-extension
/questions/55687499/matrix-multiplication-prolog
/questions/31467302/lc3-multiplication
/questions/41183935/why-does-gcc-use-multiplication-by-a-strange-number-in-implementing-integer-divi
/questions/34990479/no-matching-client-found-for-package-name-google-analytics-multiple-productf
/questions/17784791/4x4-matrix-pre-multiplication-vs-post-multiplication
/questions/15604140/replace-multiple-strings-with-multiple-other-strings
/questions/36961466/c-hexadecimal-calculator-multiplication
/questions/7636880/simple-cublas-matrix-multiplication-example
/questions/19404213/error-in-matrix-multiplication-in-java
/questions/1791902/quick-fast-integer-multiplication-in-ruby
/questions/68800617/why-do-i-get-different-numbers-by-addition-and-multiplication
/questions/48694205/multiplication-table-structure
/questions/33945261/how-to-specify-multiple-return-types-using-type-hints
/questions/260511/russian-peasant-multiplication
/questions/22137744/javascript-multiplication-timetable
/questions/30207129/arm-assembly-multiplication-error
/questions/37017320/recursive-multiplication-in-prolog
/questions/27129420/matrix-multiplication-with-threads
/questions/40958160/error-in-multiplication-of-matrix
/questions/15003939/matrix-multiplication-in-python
/questions/159118/how-do-i-match-any-character-across-multiple-lines-in-a-regular-expression
/questions/24738714/karatsuba-multiplication-in-python-execution-time
/questions/32604951/print-multiplication-table
/questions/533905/how-to-get-the-cartesian-product-of-multiple-lists
/questions/29639674/overloading-multiplication-operator
/questions/52106358/multiplication-speed-for-different-primitive-types
/questions/8577582/on-integer-multiplication-overflow-and-information-loss
/questions/21113569/creating-a-multiplication-table-using-joptionpane
/questions/35117660/numpy-ndarray-multiplication-switching-to-matrix-multiplication
/questions/60666585/multiplication-of-fixed-point-numbers
/questions/17780719/why-is-naive-multiplication-n2-time
/questions/61865795/calculates-the-multiplication-of-all-elements-of-an-array-by-calling-the-method
/questions/23781473/explain-in-matrix-multiplication
/questions/70891374/large-integer-multiplication-isnt-correct
/questions/51966491/multiplication-in-c-sharp
/questions/23781473/explain-in-matrix-multiplication
/questions/33633370/how-to-print-the-value-of-a-tensor-object-in-tensorflow
/questions/16608146/multiplication-int-and-floatdouble-in-javascript
/questions/5013157/polynomial-multiplication-complexity-reduction
/questions/65462337/how-to-combine-element-wise-multiplication-and-matrix-multiplication
/questions/66278511/which-algorithm-does-java-use-for-multiplication
/questions/76663915/cublas-element-wise-multiplication
/questions/71918023/using-omp-parallel-for-in-multiplication-algorithm-bigint-multiplication
/questions/17281880/imul-ollydbg-multiplication
/questions/62380415/printing-multiplication-table-in-python-3
/questions/47799880/understanding-multiplication-in-assembly
/questions/29782029/does-multiplication-take-unit-time
/questions/5021930/matrix-multiplication-using-cuda
/questions/5021930/matrix-multiplication-using-cuda
/questions/29598299/csr-matrix-matrix-multiplication
/questions/15754643/java-matrix-operations-parallel-colt-matrix-matrix-multiplication
/questions/34027587/is-floating-point-multiplication-commutative
/questions/7933460/how-do-you-write-multiline-strings-in-go
/questions/70451642/multiplication-in-fun-argument
/questions/46498109/optimal-bitshift-multiplication
/questions/24432648/strange-multiplication-result
/questions/49160039/optimizing-a-multiplication-and-division
/questions/67409159/simd-matrix-multiplication-for-a-rectangular-matrix
/questions/25725254/is-pow-function-slower-than-simple-multiplication-when-exponent-is-integer
/questions/54611975/user-input-output-multiplication-table
/questions/5551020/cublas-matrix-multiplication
/questions/33224832/matrix-multiplication-with-multiple-threads-in-c
/questions/54611975/user-input-output-multiplication-table
/questions/56643294/subtraction-and-multiplication-column-wise
/questions/3496117/long-long-vs-int-multiplication
/questions/48464597/tensorflow-convolution-vs-tensorflow-multiplication-and-sum-vs-numpy-multiplic
/questions/26805628/aes-word-multiplication
/questions/41974764/multiplication-of-complex-vectors-in-swift
/questions/23299070/incorrect-multiplication-result
/questions/34387768/what-is-the-difference-between-csd-multiplication-verilog-multiplication
/questions/53318681/which-algorithm-does-python-use-for-multiplication
/questions/7163837/double-integer-precision-multiplication-in-c
/questions/31339253/overflow-integer-multiplication-in-matlab
/questions/965580/c-sharp-generics-syntax-for-multiple-type-parameter-constraints
/questions/4846938/divide-and-conquer-matrix-multiplication
/questions/33790968/multiplication-table-formatting-issue
/questions/37866586/multiplication-of-two-short-values-answer-is-also-short
/questions/29234821/sparse-matrix-multiplication-with-python
/questions/12541312/openmpi-matrix-multiplication
/questions/72372738/why-is-performance-of-64bit-multiplication-comparable-to-32bit-multiplication
/questions/38457503/pyspark-mllib-densematrix-multiplication
/questions/70432633/code-problem-in-javascript-to-print-multiplication-table
/questions/2624713/insert-multiple-rows-without-repeating-the-insert-into-part-of-the-stateme
/questions/45466953/create-multiplication-table
/questions/68192987/multiplication-pooling-in-tensorflow
/questions/40938297/matrix-multiplication-issue
/questions/68192987/multiplication-pooling-in-tensorflow
/questions/2658752/matrix-multiplication-in-java
/questions/18293746/what-is-the-multiplication-operator-actually-doing-with-numpy-arrays
/questions/36512082/multiplication-operator
/questions/17014534/multidimensional-array-multiplication
/questions/13666874/when-is-multiplication-of-large-dense-matrices-useful
/questions/51560386/bigquery-straight-table-format-of-matrix-multiplication-into-more-traditional-m
/questions/17037524/orderby-multiple-fields-in-angular
/questions/2538563/arrays-multiplication
/questions/37777204/two-dimensional-array-multiplication-division
/questions/56287821/replacing-multiplication-operator-in-existing-keras-tensorflow-model
/questions/13548001/tricky-binary-multiplication
/questions/55589132/i-am-working-with-matrix-multiplication-but-have-problem
/questions/14946756/mix-left-add-multiplier-school-book-algo-for-signed-multiplication
/questions/8332392/type-safe-matrix-multiplication
/questions/32863733/scalar-multiplication
/questions/56287821/replacing-multiplication-operator-in-existing-keras-tensorflow-model
/questions/76477717/algorithm-for-matrix-multiplication
/questions/42391439/rust-type-level-multiplication
/questions/14946756/mix-left-add-multiplier-school-book-algo-for-signed-multiplication
/questions/72915224/python-range-function-increase-step-by-multiplication-of-a-number
/questions/42976292/jquery-array-multiplication-addition
/questions/23697011/cryptarithmetic-multiplication-prolog
/questions/42431649/matrix-multiplication-in-pyspark
/questions/76341108/how-to-use-java-17-vector-instructions-to-optimize-matrix-multiplication
/questions/39127968/what-will-happen-first-multiplication-after-increment-or-multiplication-before-i
/questions/22807065/where-is-strassens-matrix-multiplication-useful
/questions/43570284/multiplication-in-object-javascript
/questions/76341108/how-to-use-java-17-vector-instructions-to-optimize-matrix-multiplication
/questions/20793701/how-to-do-two-complement-multiplication-and-division-of-integers
/questions/19061355/integer-division-or-float-multiplication
/questions/25981834/are-there-errors-in-purely-integer-multiplication
/questions/11493351/multiplication-in-java-by-using
/questions/70980018/multik-vectorized-subtraction-and-multiplication
/questions/20872380/multiplication-program
/questions/18162340/polynomial-multiplication-using-linked-list-in-c
/questions/35997181/16-bit-multiplication-in-assembly
/questions/25845450/multiplication-operator-is-changing-original-values
/questions/27857220/opencv-multiplication-of-large-matrices
/questions/6577828/algorithm-to-simulate-multiplication-by-addition
/questions/66713053/multithreading-for-large-number-multiplication
/questions/49021180/operator-overloading-multiplication
/questions/49021180/operator-overloading-multiplication
/questions/71968235/question-regarding-javascript-multiplication-table
/questions/27043750/rust-doesnt-see-my-overloaded-f64-multiplication-operator
/questions/43017471/addition-and-multiplication-c-language
/questions/53228036/insert-multiplication-sign-between-parenthesis
/questions/47768767/matrix-multiplication-using-loop
/questions/7461496/question-on-karatsuba-multiplication
/questions/73167128/modular-multiplication
/questions/22432342/mpi-block-matrix-multiplication
/questions/63484250/multiplication-speed-of-zero
/questions/65171326/multiplication-table-php
/questions/27542085/numerical-test-for-matrix-multiplication
/questions/18255583/numpy-matrix-multiplication-shapes
/questions/30167044/opencv-rc1-what-causes-mat-multiplication-to-be-20x-slower-than-per-pixel-mult
/questions/6470428/catch-multiple-exceptions-in-one-line-except-block
/questions/3040833/how-do-i-stash-only-one-file-out-of-multiple-files-that-have-changed
/questions/136035/catch-multiple-exceptions-at-once
/questions/235839/indent-multiple-lines-quickly-in-vi
/questions/3790454/how-do-i-break-a-string-in-yaml-over-multiple-lines
/questions/750172/how-do-i-change-the-author-and-committer-name-email-for-multiple-commits
/questions/452859/inserting-multiple-rows-in-a-single-sql-query
/questions/298725/multiple-order-by-in-linq
/questions/1041344/how-can-i-select-an-element-with-multiple-classes-in-jquery
/questions/134882/undoing-a-git-rebase
/questions/3042437/how-to-change-the-commit-author-for-a-single-commit
/questions/194852/how-to-concatenate-text-from-multiple-rows-into-a-single-text-string-in-sql-serv
/questions/6217156/break-a-previous-commit-into-multiple-commits
/questions/11285613/selecting-multiple-columns-in-a-pandas-dataframe
/questions/2421388/using-group-by-on-multiple-columns
/questions/1463340/how-can-i-revert-multiple-git-commits
/questions/1296646/sort-order-data-frame-rows-by-multiple-columns
/questions/847066/group-by-multiple-columns
/questions/2507766/merge-convert-multiple-pdf-files-into-one-pdf
/questions/10660435/how-do-i-split-the-definition-of-a-long-string-over-multiple-lines
/questions/276927/can-i-concatenate-multiple-mysql-rows-into-one-field
/questions/1670970/how-to-cherry-pick-multiple-commits
/questions/1653308/access-control-allow-origin-multiple-origin-domains
/questions/965053/extract-filename-and-extension-in-bash
/questions/3277367/how-does-pythons-super-work-with-multiple-inheritance
/questions/6357038/is-multiplication-and-division-using-shift-operators-in-c-actually-faster
/questions/13207927/switch-statement-for-multiple-cases-in-javascript
/questions/5308816/how-can-i-merge-multiple-commits-onto-another-branch-as-a-single-squashed-commit
/questions/53664/how-to-effectively-work-with-multiple-files-in-vim
/questions/2917175/return-multiple-values-in-javascript
/questions/21562986/numpy-matrix-vector-multiplication
/questions/26245139/how-to-create-recyclerview-with-multiple-view-types
/questions/354883/alternatives-for-returning-multiple-values-from-a-python-function
/questions/2051162/sql-multiple-column-ordering
/questions/2419566/best-way-to-use-multiple-ssh-private-keys-on-one-client
/questions/30063907/docker-compose-how-to-execute-multiple-commands
/questions/4220416/can-i-specify-multiple-users-for-myself-in-gitconfig
/questions/50718018/xcode-10-error-multiple-commands-produce
/questions/1458633/how-to-deal-with-floating-point-number-precision-in-javascript
/questions/492558/removing-multiple-files-from-a-git-repo-that-have-already-been-deleted-from-disk
/questions/14547087/extracting-bits-with-a-single-multiplication
/questions/6058139/why-is-matlab-so-fast-in-matrix-multiplication
/questions/22876978/loop-inside-react-jsx
/questions/5442910/how-to-use-multiprocessing-pool-map-with-multiple-arguments
/questions/14970516/use-mockito-to-mock-some-methods-but-not-others
/questions/179085/multiple-indexes-vs-multi-column-indexes
/questions/2846653/how-do-i-use-threading-in-python
/questions/69068/split-long-commands-in-multiple-lines-through-windows-batch-file
/questions/682504/what-is-a-clean-pythonic-way-to-implement-multiple-constructors
/questions/10271484/how-to-perform-element-wise-multiplication-of-two-lists
/questions/5684160/can-the-not-pseudo-class-have-multiple-arguments
/questions/68578/multiple-cases-in-switch-statement
/questions/1571648/tab-character-instead-of-multiple-non-breaking-spaces-nbsp
/questions/226976/how-can-i-know-if-a-branch-has-been-already-merged-into-master
/questions/4617034/how-can-i-open-multiple-files-using-with-open-in-python
/questions/2534089/how-can-i-trigger-the-same-function-from-multiple-events-with-jquery
/questions/11039876/multiplication-on-command-line-terminal
/questions/595374/whats-the-function-like-sum-but-for-multiplication-product
/questions/34142485/difference-between-numpy-dot-and-python-3-5-matrix-multiplication
/questions/635937/how-do-i-specify-unique-constraint-for-multiple-columns-in-mysql
/questions/15112125/how-to-test-multiple-variables-for-equality-against-a-single-value
/questions/10765755/how-to-apply-multiple-transforms-in-css
/questions/431628/how-to-combine-multiple-querysets-in-django
/questions/29953479/how-can-you-create-multiple-cursors-in-visual-studio-code
/questions/2812520/dealing-with-multiple-python-versions-and-pip
/questions/533631/what-is-a-mixin-and-why-is-it-useful
/questions/849308/how-can-i-pull-push-from-multiple-remote-locations
/questions/4998629/split-string-with-multiple-delimiters-in-python
/questions/1485647/removing-multiple-classes-jquery
/questions/5119946/find-exec-with-multiple-commands
/questions/22053050/difference-between-numpy-array-shape-r-1-and-r
/questions/3860112/multiple-github-accounts-on-the-same-computer
/questions/650022/how-do-i-split-a-string-with-multiple-separators-in-javascript
/questions/734689/sqlite-primary-key-on-multiple-columns
/questions/4233476/sort-a-list-by-multiple-attributes
/questions/30950032/how-can-i-run-multiple-npm-scripts-in-parallel
/questions/5210535/passing-data-between-view-controllers
/questions/9670075/css-transition-shorthand-with-multiple-properties
/questions/1059559/split-strings-into-words-with-multiple-word-boundary-delimiters
/questions/1981349/regex-to-replace-multiple-spaces-with-a-single-space
/questions/26089893/understanding-numpys-einsum
/questions/4172448/is-it-possible-to-break-a-long-line-to-multiple-lines-in-python
/questions/34521797/how-to-add-multiple-classes-to-a-reactjs-component
/questions/1103994/how-to-run-multiple-bat-files-within-a-bat-file
/questions/6760685/creating-a-singleton-in-python
/questions/18871277/adding-multiple-class-using-ng-class
/questions/3076708/can-we-have-multiple-tbody-in-same-table
/questions/442704/how-do-you-handle-multiple-submit-buttons-in-asp-net-mvc-framework
/questions/226465/should-i-use-multiplication-or-division
/questions/2745074/fast-ceiling-of-an-integer-division-in-c-c
/questions/3459098/create-list-of-single-item-repeated-n-times
/questions/1609637/is-it-possible-to-insert-multiple-rows-at-a-time-in-an-sqlite-database
/questions/3890621/how-does-multiplication-differ-for-numpy-matrix-vs-array-classes
/questions/6060985/why-is-there-huge-performance-hit-in-2048x2048-versus-2047x2047-array-multiplica
/questions/893333/multiple-variables-in-a-with-statement
/questions/3495926/can-i-catch-multiple-java-exceptions-in-the-same-catch-clause
/questions/20577930/bit-shift-vs-multiplication
/questions/34316156/how-to-comment-multiple-lines-in-visual-studio-code
/questions/29968499/vertical-rulers-in-visual-studio-code
/questions/11392478/how-to-replace-a-string-in-multiple-files-in-linux-command-line
/questions/825748/how-to-pass-command-line-arguments-to-a-rake-task
/questions/15213127/variables-multiplication-for-the-factorial-calculation
/questions/32782922/what-do-multiple-arrow-functions-mean-in-javascript
/questions/748062/return-multiple-values-to-a-method-caller
/questions/829954/how-can-i-indent-multiple-lines-in-xcode
/questions/613572/capturing-multiple-line-output-into-a-bash-variable
/questions/189645/how-can-i-break-out-of-multiple-loops
/questions/20906474/import-multiple-csv-files-into-pandas-and-concatenate-into-one-dataframe
/questions/3432/multiple-updates-in-mysql
/questions/1546226/is-there-a-simple-way-to-remove-multiple-spaces-in-a-string
/questions/4125033/floating-point-division-vs-floating-point-multiplication
/questions/990221/multiple-lines-of-text-in-uilabel
/questions/1529068/is-it-possible-to-have-multiple-styles-inside-a-textview
/questions/15202997/what-is-the-difference-between-canonical-name-simple-name-and-class-name-in-jav
/questions/14723848/push-multiple-elements-to-array
/questions/6262472/multiple-lines-of-input-in-input-type-text
/questions/11922383/how-can-i-access-and-process-nested-objects-arrays-or-json
/questions/35201998/multiplication-with-very-large-operands
/questions/9554636/the-use-of-multiple-jframes-good-or-bad-practice
/questions/447197/how-to-define-multiple-css-attributes-in-jquery
/questions/12337671/using-async-await-for-multiple-tasks
/questions/14529838/apply-multiple-functions-to-multiple-groupby-columns
/questions/11952579/watch-multiple-scope-attributes
/questions/15745819/why-is-division-more-expensive-than-multiplication
/questions/223918/iterating-through-a-collection-avoiding-concurrentmodificationexception-when-re
/questions/25899415/show-multiplication-tables-with-a-button
/questions/37716018/track-first-digit-during-a-long-multiplication-in-c
/questions/11495723/why-is-strassen-matrix-multiplication-so-much-slower-than-standard-matrix-multip
/questions/40050079/matrix-multiplication-c
/questions/3389574/check-if-multiple-strings-exist-in-another-string
/questions/17991759/c-sharp-decimal-multiplication-strange-behavior
/questions/255898/how-to-iterate-over-arguments-in-a-bash-script
/questions/17991759/c-sharp-decimal-multiplication-strange-behavior
/questions/4231736/multiplication-in-masm611
/questions/21797161/byte-array-multiplication
/questions/7325278/group-by-in-linq
/questions/5872478/how-to-implement-multiplication-without-using-multiplication-operator-in-net
/questions/12569367/addition-operation-versus-multiplication-operation
/questions/68212003/creating-the-multiplication-table
/questions/3059044/google-maps-js-api-v3-simple-multiple-marker-example
/questions/8484696/multiplication-error-in-vb-net
/questions/3722004/how-to-perform-multiplication-using-bitwise-operators
/questions/57646697/fastest-method-for-find-multiplication-array-by-minimum-number-of-operations
/questions/8546756/matrix-multiplication-algorithm-time-complexity
/questions/541920/multiple-line-code-example-in-javadoc-comment
/questions/28868367/getting-the-high-part-of-64-bit-integer-multiplication
/questions/40694380/forcing-multiplication-to-use-rmul-instead-of-numpy-array-mul-or-byp
/questions/16631064/declare-multiple-module-exports-in-node-js
/questions/12165636/django-aggregation-summation-of-multiplication-of-two-fields
/questions/56511804/tracing-a-multiplication-table-w-python-trace
/questions/4334970/hibernate-throws-multiplebagfetchexception-cannot-simultaneously-fetch-multipl
/questions/51013305/bash-scripting-multiplication-table
/questions/8722163/how-to-assign-multiple-classes-to-an-html-container
/questions/56679366/subtraction-multiplication-and-count-recursively
/questions/74592528/matrix-vector-multiplication
/questions/76496501/bitboards-uint64-t-variables-multiplication-in-c
/questions/38088279/communication-between-multiple-docker-compose-projects
/questions/29609101/parametric-matrix-multiplication
/questions/71022/sql-max-of-multiple-columns
/questions/13102895/multiplication-and-concataning-results-in-dart
/questions/60311794/multiplication-in-f
/questions/206717/how-do-i-replace-multiple-spaces-with-a-single-space-in-c
/questions/37463035/multiplication-in-a-variable
/questions/45393006/formatting-multiplication-table-f-output
/questions/21923261/boolean-multiplication
/questions/22282100/c-11-matrices-multiplication
/questions/45731484/tensorflow-how-to-perform-element-wise-multiplication-between-two-sparse-matrix
/questions/39486033/implementing-addition-using-multiplication
/questions/19325312/how-to-create-multiple-where-clause-query-using-laravel-eloquent
/questions/4109330/is-mod-operation-more-cpu-intensive-than-multiplication
/questions/21819682/is-integer-multiplication-really-done-at-the-same-speed-as-addition-on-a-modern
/questions/54735605/print-multiplication-table-of-14-from-a-list-in-which-multiplication-table-of-12
/questions/25424145/speedup-matrix-multiplication
/questions/19994922/find-and-replace-strings-in-vim-on-multiple-lines
/questions/49908829/nested-for-loop-multiplication-table-python
/questions/2989762/multi-line-comments-in-ruby
/questions/17642051/multiplication-of-bits-in-twos-complement-form
/questions/1835857/python-long-multiplication
/questions/2718246/xcode-warning-multiple-build-commands-for-output-file
/questions/36315949/mpi-vector-multiplication
/questions/8235999/multiplication-with
/questions/33072843/user-based-multiplication-table
/questions/5374001/mysql-multiplication-operation
/questions/34030140/is-sparse-tensor-multiplication-implemented-in-tensorflow
/questions/11084757/sass-scss-nesting-and-multiple-classes
/questions/4988226/how-do-i-pass-multiple-parameters-into-a-function-in-powershell
/questions/5416169/multiplication-aggregate-operator-in-sql
/questions/31285420/multiplication-using-fenwick-tree
/questions/35506226/will-the-compiler-optimize-division-into-multiplication
/questions/6958689/running-multiple-commands-with-xargs
/questions/1907557/optimized-matrix-multiplication-in-c
/questions/71722291/find-python-multiplication-from-user-input
/questions/30037808/multiline-editing-in-visual-studio-code
/questions/41522304/polynomial-multiplication-in-prolog
/questions/14885760/multiplication-table-displaying-incorrectly
/questions/32108324/matrix-multiplication-issues
/questions/68314661/multiplication-in-matlab
/questions/12503146/create-an-array-with-same-element-repeated-multiple-times
/questions/35182790/multiplication-in-avr-assembly
/questions/35924510/matrix-multiplication-issue-matlab
/questions/34242164/multiplication-shared-preferences
/questions/25593874/array-multiplication-table
/questions/22672718/matrix-multiplication-but-with-variable-dimensions
/questions/16068643/recursion-and-multiplication
/questions/74980577/multiplication-in-lc3
/questions/1920031/strassens-algorithm-for-matrix-multiplication
/questions/694102/declaring-multiple-variables-in-javascript
/questions/21022865/pandas-elementwise-multiplication-of-two-dataframes
/questions/29358282/multiplication-table-specific-formatting-using-c
/questions/37029152/why-in-argument-section-is-happen-multiplicationrecursion
/questions/19126796/given-a-string-of-numbers-and-a-number-of-multiplication-operators-what-is-the
/questions/48799704/verilog-signed-multiplication
/questions/48799704/verilog-signed-multiplication
/questions/14169222/faster-way-to-initialize-arrays-via-empty-matrix-multiplication-matlab
/questions/50724887/wrong-polynomial-value-after-multiplication-by-using-numpy
/questions/6116978/how-to-replace-multiple-substrings-of-a-string
/questions/46734913/lower-right-multiplication-table
/questions/30790184/perform-integer-division-using-multiplication
/questions/58995071/why-does-twos-complement-multiplication-need-to-do-sign-extension
/questions/55687499/matrix-multiplication-prolog
/questions/31467302/lc3-multiplication
/questions/41183935/why-does-gcc-use-multiplication-by-a-strange-number-in-implementing-integer-divi
/questions/34990479/no-matching-client-found-for-package-name-google-analytics-multiple-productf
/questions/17784791/4x4-matrix-pre-multiplication-vs-post-multiplication
/questions/15604140/replace-multiple-strings-with-multiple-other-strings
/questions/36961466/c-hexadecimal-calculator-multiplication
/questions/7636880/simple-cublas-matrix-multiplication-example
/questions/19404213/error-in-matrix-multiplication-in-java
/questions/1791902/quick-fast-integer-multiplication-in-ruby
/questions/68800617/why-do-i-get-different-numbers-by-addition-and-multiplication
/questions/48694205/multiplication-table-structure
/questions/33945261/how-to-specify-multiple-return-types-using-type-hints
/questions/260511/russian-peasant-multiplication
/questions/22137744/javascript-multiplication-timetable
/questions/30207129/arm-assembly-multiplication-error
/questions/37017320/recursive-multiplication-in-prolog
/questions/27129420/matrix-multiplication-with-threads
/questions/40958160/error-in-multiplication-of-matrix
/questions/15003939/matrix-multiplication-in-python
/questions/159118/how-do-i-match-any-character-across-multiple-lines-in-a-regular-expression
/questions/24738714/karatsuba-multiplication-in-python-execution-time
/questions/32604951/print-multiplication-table
/questions/533905/how-to-get-the-cartesian-product-of-multiple-lists
/questions/29639674/overloading-multiplication-operator
/questions/52106358/multiplication-speed-for-different-primitive-types
/questions/8577582/on-integer-multiplication-overflow-and-information-loss
/questions/21113569/creating-a-multiplication-table-using-joptionpane
/questions/35117660/numpy-ndarray-multiplication-switching-to-matrix-multiplication
/questions/60666585/multiplication-of-fixed-point-numbers
/questions/17780719/why-is-naive-multiplication-n2-time
/questions/61865795/calculates-the-multiplication-of-all-elements-of-an-array-by-calling-the-method
/questions/23781473/explain-in-matrix-multiplication
/questions/70891374/large-integer-multiplication-isnt-correct
/questions/51966491/multiplication-in-c-sharp
/questions/23781473/explain-in-matrix-multiplication
/questions/33633370/how-to-print-the-value-of-a-tensor-object-in-tensorflow
/questions/16608146/multiplication-int-and-floatdouble-in-javascript
/questions/5013157/polynomial-multiplication-complexity-reduction
/questions/65462337/how-to-combine-element-wise-multiplication-and-matrix-multiplication
/questions/66278511/which-algorithm-does-java-use-for-multiplication
/questions/76663915/cublas-element-wise-multiplication
/questions/71918023/using-omp-parallel-for-in-multiplication-algorithm-bigint-multiplication
/questions/17281880/imul-ollydbg-multiplication
/questions/62380415/printing-multiplication-table-in-python-3
/questions/47799880/understanding-multiplication-in-assembly
/questions/29782029/does-multiplication-take-unit-time
/questions/5021930/matrix-multiplication-using-cuda
/questions/5021930/matrix-multiplication-using-cuda
/questions/29598299/csr-matrix-matrix-multiplication
/questions/15754643/java-matrix-operations-parallel-colt-matrix-matrix-multiplication
/questions/34027587/is-floating-point-multiplication-commutative
/questions/7933460/how-do-you-write-multiline-strings-in-go
/questions/70451642/multiplication-in-fun-argument
/questions/46498109/optimal-bitshift-multiplication
/questions/24432648/strange-multiplication-result
/questions/49160039/optimizing-a-multiplication-and-division
/questions/67409159/simd-matrix-multiplication-for-a-rectangular-matrix
/questions/25725254/is-pow-function-slower-than-simple-multiplication-when-exponent-is-integer
/questions/54611975/user-input-output-multiplication-table
/questions/5551020/cublas-matrix-multiplication
/questions/33224832/matrix-multiplication-with-multiple-threads-in-c
/questions/54611975/user-input-output-multiplication-table
/questions/56643294/subtraction-and-multiplication-column-wise
/questions/3496117/long-long-vs-int-multiplication
/questions/48464597/tensorflow-convolution-vs-tensorflow-multiplication-and-sum-vs-numpy-multiplic
/questions/26805628/aes-word-multiplication
/questions/41974764/multiplication-of-complex-vectors-in-swift
/questions/23299070/incorrect-multiplication-result
/questions/34387768/what-is-the-difference-between-csd-multiplication-verilog-multiplication
/questions/53318681/which-algorithm-does-python-use-for-multiplication
/questions/7163837/double-integer-precision-multiplication-in-c
/questions/31339253/overflow-integer-multiplication-in-matlab
/questions/965580/c-sharp-generics-syntax-for-multiple-type-parameter-constraints
/questions/4846938/divide-and-conquer-matrix-multiplication
/questions/33790968/multiplication-table-formatting-issue
/questions/37866586/multiplication-of-two-short-values-answer-is-also-short
/questions/29234821/sparse-matrix-multiplication-with-python
/questions/12541312/openmpi-matrix-multiplication
/questions/72372738/why-is-performance-of-64bit-multiplication-comparable-to-32bit-multiplication
/questions/38457503/pyspark-mllib-densematrix-multiplication
/questions/70432633/code-problem-in-javascript-to-print-multiplication-table
/questions/2624713/insert-multiple-rows-without-repeating-the-insert-into-part-of-the-stateme
/questions/45466953/create-multiplication-table
/questions/68192987/multiplication-pooling-in-tensorflow
/questions/40938297/matrix-multiplication-issue
/questions/68192987/multiplication-pooling-in-tensorflow
/questions/2658752/matrix-multiplication-in-java
/questions/18293746/what-is-the-multiplication-operator-actually-doing-with-numpy-arrays
/questions/36512082/multiplication-operator
/questions/17014534/multidimensional-array-multiplication
/questions/13666874/when-is-multiplication-of-large-dense-matrices-useful
/questions/51560386/bigquery-straight-table-format-of-matrix-multiplication-into-more-traditional-m
/questions/17037524/orderby-multiple-fields-in-angular
/questions/2538563/arrays-multiplication
/questions/37777204/two-dimensional-array-multiplication-division
/questions/56287821/replacing-multiplication-operator-in-existing-keras-tensorflow-model
/questions/13548001/tricky-binary-multiplication
/questions/55589132/i-am-working-with-matrix-multiplication-but-have-problem
/questions/14946756/mix-left-add-multiplier-school-book-algo-for-signed-multiplication
/questions/8332392/type-safe-matrix-multiplication
/questions/32863733/scalar-multiplication
/questions/56287821/replacing-multiplication-operator-in-existing-keras-tensorflow-model
/questions/76477717/algorithm-for-matrix-multiplication
/questions/42391439/rust-type-level-multiplication
/questions/14946756/mix-left-add-multiplier-school-book-algo-for-signed-multiplication
/questions/72915224/python-range-function-increase-step-by-multiplication-of-a-number
/questions/42976292/jquery-array-multiplication-addition
/questions/23697011/cryptarithmetic-multiplication-prolog
/questions/42431649/matrix-multiplication-in-pyspark
/questions/76341108/how-to-use-java-17-vector-instructions-to-optimize-matrix-multiplication
/questions/39127968/what-will-happen-first-multiplication-after-increment-or-multiplication-before-i
/questions/22807065/where-is-strassens-matrix-multiplication-useful
/questions/43570284/multiplication-in-object-javascript
/questions/76341108/how-to-use-java-17-vector-instructions-to-optimize-matrix-multiplication
/questions/20793701/how-to-do-two-complement-multiplication-and-division-of-integers
/questions/19061355/integer-division-or-float-multiplication
/questions/25981834/are-there-errors-in-purely-integer-multiplication
/questions/11493351/multiplication-in-java-by-using
/questions/70980018/multik-vectorized-subtraction-and-multiplication
/questions/20872380/multiplication-program
/questions/18162340/polynomial-multiplication-using-linked-list-in-c
/questions/35997181/16-bit-multiplication-in-assembly
/questions/25845450/multiplication-operator-is-changing-original-values
/questions/27857220/opencv-multiplication-of-large-matrices
/questions/6577828/algorithm-to-simulate-multiplication-by-addition
/questions/66713053/multithreading-for-large-number-multiplication
/questions/49021180/operator-overloading-multiplication
/questions/49021180/operator-overloading-multiplication
/questions/71968235/question-regarding-javascript-multiplication-table
/questions/27043750/rust-doesnt-see-my-overloaded-f64-multiplication-operator
/questions/43017471/addition-and-multiplication-c-language
/questions/53228036/insert-multiplication-sign-between-parenthesis
/questions/47768767/matrix-multiplication-using-loop
/questions/7461496/question-on-karatsuba-multiplication
/questions/73167128/modular-multiplication
/questions/22432342/mpi-block-matrix-multiplication
/questions/63484250/multiplication-speed-of-zero
/questions/65171326/multiplication-table-php
/questions/27542085/numerical-test-for-matrix-multiplication
/questions/18255583/numpy-matrix-multiplication-shapes
/questions/30167044/opencv-rc1-what-causes-mat-multiplication-to-be-20x-slower-than-per-pixel-mult
