/questions/210829/what-is-an-np-complete-in-computer-science
/questions/306249/how-were-the-first-np-complete-problems-shown-to-be-np-complete
/questions/4294270/how-to-prove-that-a-problem-is-np-complete
/questions/3809921/np-hard-problems-that-are-not-np-complete-are-harder
/questions/69897595/if-np-complete-problems-are-the-hardest-problems-in-np-why-are-there-multiple-n
/questions/73066837/np-complete-problems
/questions/6916162/what-are-np-and-np-complete-problems
/questions/3907545/how-to-understand-the-knapsack-problem-is-np-complete
/questions/34159646/p-and-np-complete-problems
/questions/7367537/are-all-np-problems-also-np-complete
/questions/31404296/why-do-we-say-that-np-complete-problems-are-np
/questions/2404144/relating-np-complete-problems-to-real-world-problems
/questions/5654040/what-makes-an-np-hard-problem-not-to-be-an-np-complete-problem
/questions/4429581/example-problems-not-in-p-nor-in-np-complete-but-in-np
/questions/44859419/are-all-problems-in-np-which-are-not-p-np-complete
/questions/21005651/how-can-some-np-complete-problems-be-also-np-hard
/questions/61327090/why-all-np-complete-problems-can-be-reducible-to-3-sat
/questions/20196264/numberlink-flow-game-how-to-spot-np-complete-problems
/questions/37553577/how-do-we-know-np-complete-problems-are-the-hardest-in-np
/questions/2353497/the-subsets-sum-problem-and-the-solvability-of-np-complete-problems
/questions/1777461/best-case-running-time-to-solve-an-np-complete-problem
/questions/56524907/proving-path-problem-is-not-a-np-complete-problem
/questions/1724673/is-it-correct-to-ask-to-solve-an-np-complete-problem-on-a-job-interview
/questions/53250896/prove-a-problem-that-is-np-hard-and-not-np-complete-in-not-in-p
/questions/20523578/np-complete-vs-np-hard
/questions/63160375/every-np-complete-problem-reduces-to-the-halting-problem-is-this-true
/questions/3116681/is-this-problem-np-complete
/questions/63160375/every-np-complete-problem-reduces-to-the-halting-problem-is-this-true
/questions/64738321/np-complete-problems-to-partition-problem-reductions
/questions/60796116/can-a-problem-be-in-np-but-not-np-complete-or-p
/questions/72671513/are-these-two-definitions-of-an-np-complete-problem-equivalent
/questions/73099557/polynomial-time-reduction-from-a-problem-to-a-np-complete-problem
/questions/36315529/what-are-the-examples-of-np-problems-that-is-reducible-to-a-np-complete-but-not
/questions/72005176/is-there-an-optimization-problem-that-is-np-complete
/questions/21625168/is-it-possible-to-find-the-probability-to-a-solution-of-np-complete-problems
/questions/3671429/why-are-np-problems-called-that-way-and-np-hard-and-np-complete
/questions/141779/solving-the-np-complete-problem-in-xkcd
/questions/29299182/np-complete-and-some-decision-problems-on-graph
/questions/2642476/is-the-integer-factorization-problem-used-for-many-cryptographic-applications
/questions/48156484/is-there-an-np-problem-that-is-not-np-complete-or-p
/questions/62205049/if-a-polynomial-time-algorithm-for-an-np-complete-problem-is-found-does-this-im
/questions/8271907/np-complete-vs-np-hard
/questions/73922625/why-is-the-np-complete-set-restricted-to-only-decision-problems
/questions/542053/np-complete-reduction-in-theory
/questions/36914990/is-an-np-complete-pr0blem-also-an-np-hard
/questions/65477795/classifying-np-completeness-and-hardness
/questions/20638165/np-complete-solvable-in-non-deterministic-polynomial-time
/questions/54658571/if-these-problems-are-np-complete-how-are-there-polynomial-time-algorithms-for
/questions/956699/possible-np-complete-problem
/questions/14789840/is-it-compulsory-that-the-reduction-of-problem-be-done-in-polynomial-time
/questions/49837125/confusion-about-np-hard-and-np-complete-in-traveling-salesman-problems
/questions/29123907/polynomial-time-reduction-from-np-complete-to-other-problems
/questions/13828615/which-of-these-languages-is-np-complete
/questions/34955767/definition-of-np-complete
/questions/63583929/what-is-the-class-of-the-combination-of-two-problems-which-one-of-them-is-np-com
/questions/67103227/does-solving-a-np-hard-problem-in-polynomial-time-make-it-np-complete
/questions/26995302/example-of-reduction-a-polynomial-decision-to-an-np-complete
/questions/26995302/example-of-reduction-a-polynomial-decision-to-an-np-complete
/questions/40390131/how-is-sudoku-np-complete
/questions/55112622/cooks-theorem-and-np-complete-reductions
/questions/7637714/is-there-any-well-known-np-complete-problem-that-i-can-reduce-a-node-placement
/questions/37156330/what-is-a-natural-np-complete-prob
/questions/68345550/how-to-prove-this-josephus-problem-variation-is-a-np-complete-problem
/questions/20009185/np-complete-and-np-hard
/questions/19509983/why-we-cant-have-fptas-for-strong-np-complete-problems
/questions/2085106/is-the-resolution-problem-in-osgi-np-complete
/questions/37064121/np-complete-or-np-hard
/questions/900273/what-would-a-p-np-proof-be-like-hypothetically
/questions/64889416/when-asked-if-two-graphs-are-the-same-is-the-problem-p-np-np-hard-np-complet
/questions/41050231/how-does-np-complete-compare-to-np-hard
/questions/29673709/some-clarification-regarding-p-np-ness
/questions/628568/have-you-ever-had-a-business-requirement-that-turned-out-to-be-an-np-complete-pr
/questions/71985637/if-x-is-np-complete-and-y-is-in-np-why-y-must-also-be-np-complete
/questions/4841136/proving-np-completeness-of-a-problem
/questions/47826606/np-complete-vs-np-hard-why-are-they-unequal
/questions/61681413/prove-specific-decision-problem-is-np-complete
/questions/20043093/would-an-exponential-lower-bound-on-an-np-complete-language-prove-p-does-not-equ
/questions/27304348/is-max-3-sat-np-complete-or-co-np-complete
/questions/27416362/if-p-np-why-does-p-np-np-complete
/questions/22004046/if-a-is-np-complete-and-if-there-is-a-reduction-from-a-to-b-does-it-imply-that
/questions/33876247/why-do-we-get-to-pick-the-source-in-an-np-completeness-reduction
/questions/52951472/the-shortest-path-that-connects-several-points-np-complete-algorithms
/questions/13164183/can-it-be-proven-no-polynomial-algorithm-exists-for-an-np-complete-prob
/questions/18719038/is-gap-graph-accessibility-np-complete
/questions/40971824/np-complete-to-determine-vertex-cover
/questions/15538538/np-complete-no-efficient-algorithm
/questions/7407513/is-a-reduction-enough-for-proving-np-complete-or-do-i-need-a-transformation
/questions/3426925/to-prove-something-is-np-hard-why-do-you-need-to-reduce-to-it-from-an-np-comple
/questions/7848070/np-completeness-in-the-bounded-degree-spanning-tree
/questions/6990683/proof-that-the-halting-problem-is-np-hard
/questions/539676/obtaining-all-possible-states-of-an-object-for-a-np-complete-problem-in-pytho
/questions/38646395/why-is-tsp-np-hard-while-the-hamiltonian-path-np-complete
/questions/311064/are-there-public-key-cryptography-algorithms-that-are-provably-np-hard-to-defeat
/questions/70922340/is-there-an-algorithm-to-solve-this-problem-efficiently-is-it-np-complete
/questions/53547737/proof-of-np-completeness-of-set-partition-problem
/questions/20945143/complexity-measurement-of-np-complete
/questions/27352478/np-complete-reduction-for-subset-sum
/questions/10494133/relationship-between-np-hard-and-undecidable-problems
/questions/1767907/simple-reduction-np-completeness
/questions/2128839/question-about-np-completeness-of-the-independent-set-problem
/questions/65123988/how-do-i-reduce-this-spanning-tree-problem-to-np-completeness
/questions/8462837/effect-of-number-base-when-proving-np-completeness-of-numerical-problems
/questions/62476435/deterministic-solutions-to-minimal-vertex-cover-problems-np-complete-is-fine
/questions/76454275/authentic-list-of-np-np-complete-and-np-hard-problems
/questions/17046440/whats-the-difference-between-np-and-co-np
/questions/73961766/judgesome-n-p-complete-problems-have-polynomial-time-algorithms-but-some-othe
/questions/1726126/is-the-board-game-go-np-complete
/questions/40949894/how-do-i-prove-a-class-room-scheduling-issue-to-be-np-complete-correctly
/questions/40074259/what-is-the-big-o-worst-case-running-time-for-constraint-satisfaction-problems-i
/questions/30772192/confusion-about-why-np-is-contained-in-pspace-exptime-etc
/questions/50531116/does-reducing-p-or-np-instance-to-np-complete-make-that-instance-also-np-hard
/questions/16121703/is-the-variation-of-knapsack-np-complete
/questions/4769907/is-the-problem-of-finding-the-chromatic-number-of-this-modified-interval-graph-n
/questions/11249448/is-the-0-1-knapsack-that-each-item-has-the-same-weight-np-complete
/questions/56146284/please-explain-how-the-logic-behind-defining-a-new-problem-as-np-complete-is-cor
/questions/6037481/string-to-string-correction-problem-np-completeness-proof
/questions/13206152/how-is-tsp-np-hard
/questions/31181076/non-exhaustive-worst-case-np-complete-solving-algorithm
/questions/22885910/why-does-the-formal-procedure-prove-np-completeness
/questions/61430585/understanding-poly-time-reduction-np-complete
/questions/53641607/reduction-from-to-clique-problem-to-prove-problem-is-np-complete
/questions/55078189/question-about-nsudoku-if-we-assume-that-it-is-np-complete
/questions/55191103/np-class-of-problems
/questions/7874282/proof-np-complete
/questions/25293253/heuristics-for-this-probably-np-complete-puzzle-game
/questions/53908337/example-of-longest-path-problem-having-a-np-complexity
/questions/12290641/bounded-pcp-np-complete-proof
/questions/42918678/if-y-is-reducible-to-x-in-polynomial-time-then-how-is-it-true-that-x-is-at-leas
/questions/40773886/what-are-np-intermediate-problems
/questions/29497961/complexity-of-some-problems-in-np
/questions/12254118/what-is-the-non-cyclical-definition-of-np-hard
/questions/35972954/is-this-bipartite-graph-optimization-task-np-complete
/questions/72899597/can-a-genetic-algorithm-optimize-my-np-complete-problem
/questions/29961381/showing-np-np-completeness-or-np-hardness
/questions/23504251/steiner-minimal-trees-and-np-completeness
/questions/64396633/3-occ-max-sat-np-complete
/questions/3545161/looking-for-a-model-to-represent-this-problem-which-i-suspect-may-be-np-complet
/questions/30859149/study-np-completeness-using-hamiltonian-path
/questions/62370512/is-shortest-hamiltonian-path-np-hard
/questions/50107640/reduction-between-problems-in-np
/questions/20550623/is-this-a-correct-understanding-of-proving-something-is-np-complete
/questions/73397511/proof-of-sat-np-completeness
/questions/2162397/are-all-scheduling-problems-np-hard
/questions/45353691/is-generating-all-strings-permutation-np-complete
/questions/45353691/is-generating-all-strings-permutation-np-complete
/questions/27237353/does-every-np-complete-prob-admit-a-polynomial-time-restriction
/questions/14243832/showing-that-the-decison-version-of-an-np-complete-language-is-np-complete
/questions/32156849/problems-formerly-in-np-but-now-in-p
/questions/57400977/show-np-completeness-of-disjoint-hamiltonian-path
/questions/25632686/is-this-prob-on-weighted-bipartite-graph-solvable-in-polynomial-time-or-it-is-np
/questions/47829148/proving-np-hard-by-polynomial-reduction-to-3sat
/questions/40888929/proving-np-completeness-of-optimal-path-cover
/questions/4160978/prove-np-completeness-clique-independent-set-graph
/questions/32537467/is-mapping-array-elements-to-perfect-hash-indexes-np-complete
/questions/29572564/how-to-show-that-a-prob-is-in-np-and-that-it-is-np-complete
/questions/28847966/array-search-np-complete
/questions/29511581/np-complete-and-turing-reductions
/questions/10638822/subset-inference-np-complete
/questions/71025530/with-all-the-available-problems-that-have-been-categorized-and-their-time-comple
/questions/30861413/how-to-prove-a-prob-is-np-complete-and-is-in-np
/questions/29910310/if-a-np-solved-in-polynomial-time-can-satisfiability-solved-in-polynomial-time
/questions/50959399/is-k-rainbow-coloring-of-a-hypergraph-np-complete-or-not
/questions/27164048/np-complete-reduction
/questions/6234964/factorial-time-algorithms-and-p-np
/questions/8422947/algorithm-to-maximize-profit-ways-to-solve-approach-advanced-np-complete
/questions/65619759/how-a-shortest-path-problem-with-negative-cost-cycles-can-be-polynomially-reduce
/questions/62684522/find-a-positive-simple-s-t-path-on-a-graph-is-np-complete
/questions/11579963/complexity-for-converting-any-propositional-formula-to-cnf-format
/questions/38673541/non-deterministic-polynomialnp-vs-polynomialp
/questions/7794250/theory-about-p-np-problems
/questions/35361983/why-using-linear-integer-programming-ilp-though-it-is-np-complete
/questions/43853571/is-this-geometric-cover-np-complete-and-how-can-i-prove-it
/questions/74621764/prove-for-every-i-includes-exactly-3-vertices-in-the-path-from-subset-ti-is-np-c
/questions/8379938/reducing-from-vertex-cover-to-prove-np-complete
/questions/45575824/how-to-prove-that-the-language-e-tm-is-np-hard
/questions/13675925/np-hard-but-not-npc
/questions/4558077/is-the-problem-of-finding-the-simple-path-with-maximum-cost-in-a-weighted-undire
/questions/13442795/np-completeness-need-some-clarification-in-reduction
/questions/26167224/cooks-theorem-in-plain-english
/questions/26738374/is-this-a-special-case-of-the-np-complete-set-packing
/questions/41249683/booking-system-is-np-complete
/questions/76414755/3-partition-np-completeness
/questions/56273346/proof-of-np-completeness
/questions/29058496/some-inference-about-np
/questions/8222558/polynomial-time-algorithm-for-a-np-hard
/questions/21125866/coin-distribution-exercise-is-it-np-complete
/questions/975626/is-this-valid-mathematical-expression-problem-p-or-np
/questions/32422268/trying-to-proof-np-completeness
/questions/10772290/understanding-this-np-complete-optimization
/questions/47657473/complexity-class-of-problems-solvable-in-polynomial-time-which-are-not-decision
/questions/19065002/are-virtually-all-major-distributed-computing-projects-attempting-to-solve-probl
/questions/56606004/radix-sort-is-an-example-of-complexity-algorithm-p-or-np
/questions/72069299/is-it-np-complete-to-find-a-sub-maximal-clique-which-is-at-least-max-clique-size
/questions/16093046/np-complete-graph-optimization-minimal-node-selection
/questions/36757485/reducing-3-coloring-to-10-coloring-np-completeness
/questions/34079628/reduction-of-a-to-b-true-or-false
/questions/20074728/np-problems-can-be-solved-in-deterministically-exponential-time
/questions/42455469/implementation-of-graph-coloring-algorithms
/questions/65133548/how-do-i-construct-np-reduction-for-this-matching-problem
/questions/53032446/performance-difference-between-int-a-b-and-int-a-int-b
/questions/10368218/venn-diagram-drawing-algorithms
/questions/54683208/pick-one-item-of-each-type-with-highest-value-without-exceeding-budget
/questions/12484831/list-of-on2-and-on3-algorithms-that-arent-linear-algebra
/questions/54083953/which-of-the-following-problems-can-be-reduced-to-the-hamiltonian-path-problem
/questions/23961747/np-complete-optimal-graph-embedding-for-a-graph-with-specific-constraints
/questions/19147910/class-np-polynomial-time-verification-clique
/questions/70634423/np-hardness-is-it-average-case-or-worst-case
/questions/9567992/constructing-a-permutation-graph
/questions/10939838/is-this-np-complete
/questions/44102889/difference-between-c-sat-and-sat
/questions/19648115/complexity-of-printing-all-possible-paths-on-a-graph
/questions/44237335/what-is-nondeterministic-in-np-exactly
/questions/27010999/prove-that-the-subset-sum-with-fixed-size-and-number-reusability-is-np-complete
/questions/10060379/advantage-of-using-backtracking-and-branch-and-bound
/questions/76308603/p-np-in-exponential-space
/questions/46004424/can-abstract-models-for-solving-np-hard-problems-be-built-in-reality
/questions/59224786/problem-related-to-completeness-is-p-pc
/questions/5996621/algorithm-for-checking-if-a-string-was-built-from-a-list-of-substrings
/questions/29958754/np-completeness-in-task-scheduling
/questions/7330752/minimal-addition-chain-exponentiation
/questions/56280043/multiple-knapsack-problem-with-equal-profit-and-different-weight
/questions/3090493/cuda-optimization-techniques
/questions/69830929/find-the-class-of-the-problem-pp1-and-pp2-using-the-information-given-below
/questions/69830929/find-the-class-of-the-problem-pp1-and-pp2-using-the-information-given-below
/questions/15993743/reduction-from-maximum-independent-set-to-dominating-set-to-prove-the-dominating
/questions/15630743/is-house-coloring-with-three-colors-np
/questions/19619876/network-flow-and-integer-linear-programming
/questions/2662402/algorithms-for-subgraph-isomorphism-detection
/questions/8430190/complexity-of-an-old-top-coder-riddle-making-a-number-by-inserting
/questions/30575449/reduce-subset-sum-to-polyomino-packing
/questions/61374068/need-help-to-understand-the-prove-that-the-longest-path-problem-is-np-complete-b
/questions/30990770/prove-np-completeness-of-generating-2-shortest-routes-over-given-edge-grouping-c
/questions/73328615/what-problem-type-the-power-set-belong-to
/questions/4438150/computational-complexity-of-a-longest-path-algorithm-witn-a-recursive-method
/questions/50754620/how-to-solve-0-1-knapsack-by-greedy-algorithm-and-only-focus-on-benefit
/questions/25867104/is-finding-zeros-of-a-function-a-np-pb
/questions/4853749/a-2-approximation-algorithm-for-vertex-cover-problem-using-spanning-tree
/questions/58829202/is-applying-ai-ok-and-or-practical-to-finding-the-optimal-solution-to-the-algori
/questions/10339576/delete-minium-weight-edges-to-disconnect-a-set-of-nodes
/questions/35930523/finding-a-loopless-path-passing-through-a-series-of-nodes
/questions/29404264/sub-exponential-compleixty
/questions/41727718/what-is-an-algorithm-to-find-the-circuit-with-max-weight-in-a-directed-graph
/questions/2696029/ideas-for-student-parallel-programming-project
/questions/32019747/how-to-determine-if-a-nxn-matrix-with-non-negative-integer-entries-is-a-product
/questions/6429034/list-of-problems-that-are-in-general-np-hard-but-have-polynomial-time-solution-i
/questions/70864745/ilp-in-poly-time
/questions/45794715/subset-sum-prob-congruence-variation
/questions/33617138/complexity-of-subset-sum-with-multiple-targets
/questions/4300225/is-this-an-np-problem
/questions/67303276/show-the-problem-of-find-two-subsets-such-that-the-difference-of-them-of-two-set
/questions/6025076/how-to-tell-if-greedy-algorithm-suffices-for-finding-minimum-coin-change
/questions/29133429/multiple-knapsack-weight-profit
/questions/19850580/maximum-non-overlapping-intervals-in-a-interval-tree
/questions/26050613/gurobi-optimize-a-quadratic-non-psd
/questions/32464175/i-have-found-on-the-internet-polynomial-time-algorithm-for-graph-coloring-possi
/questions/26050613/gurobi-optimize-a-quadratic-non-psd
/questions/30921996/heuristic-to-find-the-maximum-weight-independent-set-in-an-arbritary-graph
/questions/70892148/why-cant-we-use-algorithm-to-find-all-cycles-to-find-an-hamiltonian-cycle
/questions/2527129/polygon-packing-2d
/questions/24462162/how-to-assign-n-numbers-into-m-pack-that-minimize-some-target-function
/questions/56519064/problem-for-which-proof-of-np-is-non-trivial
/questions/31436530/are-there-exact-methods-to-solve-the-path-cover-in-bipartite-graphs
/questions/4557650/is-finding-a-simple-path-in-a-weighted-undirected-graph-with-maximum-cost-in-pol
/questions/15987429/edge-bi-partitioning-no-triangles-complexity
/questions/2393761/how-hard-is-this-graph-problem
/questions/15977623/is-there-a-graph-coloring-algorithm-where-limits-can-be-placed-on-number-of-vert
/questions/16145390/shortest-weight-constrained-path-to-partition-reduction
/questions/67488026/graph-coloring-with-clpfd
/questions/54506510/if-we-can-prove-that-knapsack-problem-with-limited-capacity-are-solved-in-a-poly
/questions/5642443/non-linear-congruence-solver-modular-arithmetic
/questions/8916539/sum-subset-with-a-fixed-subset-size
/questions/28380501/divide-a-given-set-of-numbers-n-in-two-groups-such-that-their-difference-of-thei
/questions/29247004/finding-the-maximum-sum-that-can-be-formed-from-a-set-by-partitioning-it-into-t
/questions/3739248/reducing-planning-to-quantified-boolean-formulae
/questions/7391287/unit-testing-approximation-algorithms
/questions/19306723/find-best-scoring-assignment-of-customers-to-products
/questions/22213319/subgraph-isomorphism-to-sat
/questions/21880419/how-to-find-the-longest-simple-path-in-a-graph
/questions/57640251/real-weights-knapsack-in-polynomialtime
/questions/6406496/is-it-possible-to-write-a-program-to-print-all-pairs-that-add-to-k-from-an-input
/questions/8304982/generate-a-minesweeper-board-which-doesnt-need-guessing
/questions/1202540/how-to-find-what-numbers-in-a-set-add-up-to-another-given-number
/questions/27055765/when-a-given-graph-is-3-colorable
/questions/56168715/reducing-knapsack-problem-to-an-inverse-knapsack-problem
/questions/11355061/minimizing-space-usage-by-moving-sets-on-a-graph
/questions/5653154/dividing-objects-into-two-piles-of-equal-weight
/questions/35337382/finding-minimum-distance-in-graph-for-path-passing-minimum-three-nodes-and-finis
/questions/3929173/is-this-combinatorial-optimization-problem-np-hard
/questions/18323058/checking-if-a-is-a-part-of-binary-tree-b
/questions/26151386/how-to-construct-a-hamilton-path-from-a-complete-directed-graph
/questions/67619958/sub-graph-selection-algorithm-problem-dynamic-programming-or-np
/questions/34046627/can-you-reduce-k-independent-set-to-2-sat
/questions/46982300/select-k-numbers-from-each-category-without-duplicates-and-maximize-the-selectio
/questions/11572949/2d-bin-packing-with-multiple-size-bins
/questions/7343046/why-eulerian-path-can-be-implemented-in-linear-time-but-not-hamiltonian-path
/questions/16093917/verification-algorithm-for-minimum-vertex-cover
/questions/13809107/explore-every-node-in-a-graph
/questions/32042072/time-complexity-analysis-of-minimum-set-cover-solution
/questions/2360468/easy-way-to-determine-whether-a-given-graph-is-subgraph-of-some-other-graph
/questions/22750434/how-to-find-the-size-of-maximal-clique-or-clique-number
/questions/70304444/how-to-remove-duplicates-elements-in-nested-list-in-c
/questions/43268548/is-this-np-complete-if-so-knapsack-mis-set-filling-or-scheduling
/questions/210829/what-is-an-np-complete-in-computer-science
/questions/306249/how-were-the-first-np-complete-problems-shown-to-be-np-complete
/questions/4294270/how-to-prove-that-a-problem-is-np-complete
/questions/3809921/np-hard-problems-that-are-not-np-complete-are-harder
/questions/69897595/if-np-complete-problems-are-the-hardest-problems-in-np-why-are-there-multiple-n
/questions/73066837/np-complete-problems
/questions/6916162/what-are-np-and-np-complete-problems
/questions/3907545/how-to-understand-the-knapsack-problem-is-np-complete
/questions/34159646/p-and-np-complete-problems
/questions/7367537/are-all-np-problems-also-np-complete
/questions/31404296/why-do-we-say-that-np-complete-problems-are-np
/questions/2404144/relating-np-complete-problems-to-real-world-problems
/questions/5654040/what-makes-an-np-hard-problem-not-to-be-an-np-complete-problem
/questions/4429581/example-problems-not-in-p-nor-in-np-complete-but-in-np
/questions/21005651/how-can-some-np-complete-problems-be-also-np-hard
/questions/44859419/are-all-problems-in-np-which-are-not-p-np-complete
/questions/61327090/why-all-np-complete-problems-can-be-reducible-to-3-sat
/questions/20196264/numberlink-flow-game-how-to-spot-np-complete-problems
/questions/37553577/how-do-we-know-np-complete-problems-are-the-hardest-in-np
/questions/2353497/the-subsets-sum-problem-and-the-solvability-of-np-complete-problems
/questions/1777461/best-case-running-time-to-solve-an-np-complete-problem
/questions/56524907/proving-path-problem-is-not-a-np-complete-problem
/questions/1724673/is-it-correct-to-ask-to-solve-an-np-complete-problem-on-a-job-interview
/questions/53250896/prove-a-problem-that-is-np-hard-and-not-np-complete-in-not-in-p
/questions/20523578/np-complete-vs-np-hard
/questions/3116681/is-this-problem-np-complete
/questions/29519236/np-complete-or-np-hard-in-a-equivalences-problems
/questions/63160375/every-np-complete-problem-reduces-to-the-halting-problem-is-this-true
/questions/64738321/np-complete-problems-to-partition-problem-reductions
/questions/72671513/are-these-two-definitions-of-an-np-complete-problem-equivalent
/questions/60796116/can-a-problem-be-in-np-but-not-np-complete-or-p
/questions/36315529/what-are-the-examples-of-np-problems-that-is-reducible-to-a-np-complete-but-not
/questions/73099557/polynomial-time-reduction-from-a-problem-to-a-np-complete-problem
/questions/72005176/is-there-an-optimization-problem-that-is-np-complete
/questions/21625168/is-it-possible-to-find-the-probability-to-a-solution-of-np-complete-problems
/questions/3671429/why-are-np-problems-called-that-way-and-np-hard-and-np-complete
/questions/141779/solving-the-np-complete-problem-in-xkcd
/questions/29299182/np-complete-and-some-decision-problems-on-graph
/questions/2642476/is-the-integer-factorization-problem-used-for-many-cryptographic-applications
/questions/48156484/is-there-an-np-problem-that-is-not-np-complete-or-p
/questions/62205049/if-a-polynomial-time-algorithm-for-an-np-complete-problem-is-found-does-this-im
/questions/8271907/np-complete-vs-np-hard
/questions/73922625/why-is-the-np-complete-set-restricted-to-only-decision-problems
/questions/36914990/is-an-np-complete-pr0blem-also-an-np-hard
/questions/542053/np-complete-reduction-in-theory
/questions/65477795/classifying-np-completeness-and-hardness
/questions/54658571/if-these-problems-are-np-complete-how-are-there-polynomial-time-algorithms-for
/questions/956699/possible-np-complete-problem
/questions/20638165/np-complete-solvable-in-non-deterministic-polynomial-time
/questions/14789840/is-it-compulsory-that-the-reduction-of-problem-be-done-in-polynomial-time
/questions/49837125/confusion-about-np-hard-and-np-complete-in-traveling-salesman-problems
/questions/29123907/polynomial-time-reduction-from-np-complete-to-other-problems
/questions/13828615/which-of-these-languages-is-np-complete
/questions/34955767/definition-of-np-complete
/questions/63583929/what-is-the-class-of-the-combination-of-two-problems-which-one-of-them-is-np-com
/questions/67103227/does-solving-a-np-hard-problem-in-polynomial-time-make-it-np-complete
/questions/26995302/example-of-reduction-a-polynomial-decision-to-an-np-complete
/questions/4074567/if-a-problem-x-decision-problem-is-known-to-be-np-complete-and-proven-to-be-r
/questions/40390131/how-is-sudoku-np-complete
/questions/55112622/cooks-theorem-and-np-complete-reductions
/questions/7637714/is-there-any-well-known-np-complete-problem-that-i-can-reduce-a-node-placement
/questions/37156330/what-is-a-natural-np-complete-prob
/questions/20009185/np-complete-and-np-hard
/questions/68345550/how-to-prove-this-josephus-problem-variation-is-a-np-complete-problem
/questions/2085106/is-the-resolution-problem-in-osgi-np-complete
/questions/19509983/why-we-cant-have-fptas-for-strong-np-complete-problems
/questions/37064121/np-complete-or-np-hard
/questions/900273/what-would-a-p-np-proof-be-like-hypothetically
/questions/64889416/when-asked-if-two-graphs-are-the-same-is-the-problem-p-np-np-hard-np-complet
/questions/41050231/how-does-np-complete-compare-to-np-hard
/questions/628568/have-you-ever-had-a-business-requirement-that-turned-out-to-be-an-np-complete-pr
/questions/628568/have-you-ever-had-a-business-requirement-that-turned-out-to-be-an-np-complete-pr
/questions/4841136/proving-np-completeness-of-a-problem
/questions/71985637/if-x-is-np-complete-and-y-is-in-np-why-y-must-also-be-np-complete
/questions/47826606/np-complete-vs-np-hard-why-are-they-unequal
/questions/61681413/prove-specific-decision-problem-is-np-complete
/questions/20043093/would-an-exponential-lower-bound-on-an-np-complete-language-prove-p-does-not-equ
/questions/27304348/is-max-3-sat-np-complete-or-co-np-complete
/questions/27416362/if-p-np-why-does-p-np-np-complete
/questions/22004046/if-a-is-np-complete-and-if-there-is-a-reduction-from-a-to-b-does-it-imply-that
/questions/33876247/why-do-we-get-to-pick-the-source-in-an-np-completeness-reduction
/questions/13164183/can-it-be-proven-no-polynomial-algorithm-exists-for-an-np-complete-prob
/questions/52951472/the-shortest-path-that-connects-several-points-np-complete-algorithms
/questions/18719038/is-gap-graph-accessibility-np-complete
/questions/40971824/np-complete-to-determine-vertex-cover
/questions/15538538/np-complete-no-efficient-algorithm
/questions/7407513/is-a-reduction-enough-for-proving-np-complete-or-do-i-need-a-transformation
/questions/3426925/to-prove-something-is-np-hard-why-do-you-need-to-reduce-to-it-from-an-np-comple
/questions/7848070/np-completeness-in-the-bounded-degree-spanning-tree
/questions/6990683/proof-that-the-halting-problem-is-np-hard
/questions/539676/obtaining-all-possible-states-of-an-object-for-a-np-complete-problem-in-pytho
/questions/38646395/why-is-tsp-np-hard-while-the-hamiltonian-path-np-complete
/questions/311064/are-there-public-key-cryptography-algorithms-that-are-provably-np-hard-to-defeat
/questions/70922340/is-there-an-algorithm-to-solve-this-problem-efficiently-is-it-np-complete
/questions/20945143/complexity-measurement-of-np-complete
/questions/53547737/proof-of-np-completeness-of-set-partition-problem
/questions/27352478/np-complete-reduction-for-subset-sum
/questions/10494133/relationship-between-np-hard-and-undecidable-problems
/questions/1767907/simple-reduction-np-completeness
/questions/2128839/question-about-np-completeness-of-the-independent-set-problem
/questions/65123988/how-do-i-reduce-this-spanning-tree-problem-to-np-completeness
/questions/62476435/deterministic-solutions-to-minimal-vertex-cover-problems-np-complete-is-fine
/questions/8462837/effect-of-number-base-when-proving-np-completeness-of-numerical-problems
/questions/17046440/whats-the-difference-between-np-and-co-np
/questions/76454275/authentic-list-of-np-np-complete-and-np-hard-problems
/questions/73961766/judgesome-n-p-complete-problems-have-polynomial-time-algorithms-but-some-othe
/questions/1726126/is-the-board-game-go-np-complete
/questions/40949894/how-do-i-prove-a-class-room-scheduling-issue-to-be-np-complete-correctly
/questions/40074259/what-is-the-big-o-worst-case-running-time-for-constraint-satisfaction-problems-i
/questions/50531116/does-reducing-p-or-np-instance-to-np-complete-make-that-instance-also-np-hard
/questions/30772192/confusion-about-why-np-is-contained-in-pspace-exptime-etc
/questions/4769907/is-the-problem-of-finding-the-chromatic-number-of-this-modified-interval-graph-n
/questions/16121703/is-the-variation-of-knapsack-np-complete
/questions/11249448/is-the-0-1-knapsack-that-each-item-has-the-same-weight-np-complete
/questions/56146284/please-explain-how-the-logic-behind-defining-a-new-problem-as-np-complete-is-cor
/questions/6037481/string-to-string-correction-problem-np-completeness-proof
/questions/13206152/how-is-tsp-np-hard
/questions/31181076/non-exhaustive-worst-case-np-complete-solving-algorithm
/questions/22885910/why-does-the-formal-procedure-prove-np-completeness
/questions/61430585/understanding-poly-time-reduction-np-complete
/questions/53641607/reduction-from-to-clique-problem-to-prove-problem-is-np-complete
/questions/55078189/question-about-nsudoku-if-we-assume-that-it-is-np-complete
/questions/55191103/np-class-of-problems
/questions/7874282/proof-np-complete
/questions/25293253/heuristics-for-this-probably-np-complete-puzzle-game
/questions/53908337/example-of-longest-path-problem-having-a-np-complexity
/questions/12290641/bounded-pcp-np-complete-proof
/questions/42918678/if-y-is-reducible-to-x-in-polynomial-time-then-how-is-it-true-that-x-is-at-leas
/questions/40773886/what-are-np-intermediate-problems
/questions/29497961/complexity-of-some-problems-in-np
/questions/12254118/what-is-the-non-cyclical-definition-of-np-hard
/questions/35972954/is-this-bipartite-graph-optimization-task-np-complete
/questions/72899597/can-a-genetic-algorithm-optimize-my-np-complete-problem
/questions/29961381/showing-np-np-completeness-or-np-hardness
/questions/64396633/3-occ-max-sat-np-complete
/questions/3545161/looking-for-a-model-to-represent-this-problem-which-i-suspect-may-be-np-complet
/questions/23504251/steiner-minimal-trees-and-np-completeness
/questions/30859149/study-np-completeness-using-hamiltonian-path
/questions/62370512/is-shortest-hamiltonian-path-np-hard
/questions/50107640/reduction-between-problems-in-np
/questions/20550623/is-this-a-correct-understanding-of-proving-something-is-np-complete
/questions/73397511/proof-of-sat-np-completeness
/questions/2162397/are-all-scheduling-problems-np-hard
/questions/45353691/is-generating-all-strings-permutation-np-complete
/questions/38419364/what-are-examples-of-exact-cover-problems-in-real-world-applications
/questions/14243832/showing-that-the-decison-version-of-an-np-complete-language-is-np-complete
/questions/27237353/does-every-np-complete-prob-admit-a-polynomial-time-restriction
/questions/25632686/is-this-prob-on-weighted-bipartite-graph-solvable-in-polynomial-time-or-it-is-np
/questions/32156849/problems-formerly-in-np-but-now-in-p
/questions/40888929/proving-np-completeness-of-optimal-path-cover
/questions/4160978/prove-np-completeness-clique-independent-set-graph
/questions/47829148/proving-np-hard-by-polynomial-reduction-to-3sat
/questions/57400977/show-np-completeness-of-disjoint-hamiltonian-path
/questions/32537467/is-mapping-array-elements-to-perfect-hash-indexes-np-complete
/questions/29572564/how-to-show-that-a-prob-is-in-np-and-that-it-is-np-complete
/questions/28847966/array-search-np-complete
/questions/29511581/np-complete-and-turing-reductions
/questions/10638822/subset-inference-np-complete
/questions/71025530/with-all-the-available-problems-that-have-been-categorized-and-their-time-comple
/questions/30861413/how-to-prove-a-prob-is-np-complete-and-is-in-np
/questions/29910310/if-a-np-solved-in-polynomial-time-can-satisfiability-solved-in-polynomial-time
/questions/50959399/is-k-rainbow-coloring-of-a-hypergraph-np-complete-or-not
/questions/27164048/np-complete-reduction
/questions/6234964/factorial-time-algorithms-and-p-np
/questions/8422947/algorithm-to-maximize-profit-ways-to-solve-approach-advanced-np-complete
/questions/65619759/how-a-shortest-path-problem-with-negative-cost-cycles-can-be-polynomially-reduce
/questions/62684522/find-a-positive-simple-s-t-path-on-a-graph-is-np-complete
/questions/11579963/complexity-for-converting-any-propositional-formula-to-cnf-format
/questions/38673541/non-deterministic-polynomialnp-vs-polynomialp
/questions/7794250/theory-about-p-np-problems
/questions/35361983/why-using-linear-integer-programming-ilp-though-it-is-np-complete
/questions/43853571/is-this-geometric-cover-np-complete-and-how-can-i-prove-it
/questions/74621764/prove-for-every-i-includes-exactly-3-vertices-in-the-path-from-subset-ti-is-np-c
/questions/8379938/reducing-from-vertex-cover-to-prove-np-complete
/questions/45575824/how-to-prove-that-the-language-e-tm-is-np-hard
/questions/4558077/is-the-problem-of-finding-the-simple-path-with-maximum-cost-in-a-weighted-undire
/questions/13675925/np-hard-but-not-npc
/questions/26738374/is-this-a-special-case-of-the-np-complete-set-packing
/questions/26167224/cooks-theorem-in-plain-english
/questions/13442795/np-completeness-need-some-clarification-in-reduction
/questions/41249683/booking-system-is-np-complete
/questions/76414755/3-partition-np-completeness
/questions/56273346/proof-of-np-completeness
/questions/29058496/some-inference-about-np
/questions/8222558/polynomial-time-algorithm-for-a-np-hard
/questions/21125866/coin-distribution-exercise-is-it-np-complete
/questions/975626/is-this-valid-mathematical-expression-problem-p-or-np
/questions/32422268/trying-to-proof-np-completeness
/questions/10772290/understanding-this-np-complete-optimization
/questions/10772290/understanding-this-np-complete-optimization
/questions/47657473/complexity-class-of-problems-solvable-in-polynomial-time-which-are-not-decision
/questions/56606004/radix-sort-is-an-example-of-complexity-algorithm-p-or-np
/questions/72069299/is-it-np-complete-to-find-a-sub-maximal-clique-which-is-at-least-max-clique-size
/questions/16093046/np-complete-graph-optimization-minimal-node-selection
/questions/36757485/reducing-3-coloring-to-10-coloring-np-completeness
/questions/34079628/reduction-of-a-to-b-true-or-false
/questions/20074728/np-problems-can-be-solved-in-deterministically-exponential-time
/questions/42455469/implementation-of-graph-coloring-algorithms
/questions/65133548/how-do-i-construct-np-reduction-for-this-matching-problem
/questions/53032446/performance-difference-between-int-a-b-and-int-a-int-b
/questions/10368218/venn-diagram-drawing-algorithms
/questions/54683208/pick-one-item-of-each-type-with-highest-value-without-exceeding-budget
/questions/12484831/list-of-on2-and-on3-algorithms-that-arent-linear-algebra
/questions/54083953/which-of-the-following-problems-can-be-reduced-to-the-hamiltonian-path-problem
/questions/23961747/np-complete-optimal-graph-embedding-for-a-graph-with-specific-constraints
/questions/19147910/class-np-polynomial-time-verification-clique
/questions/70634423/np-hardness-is-it-average-case-or-worst-case
/questions/9567992/constructing-a-permutation-graph
/questions/10939838/is-this-np-complete
/questions/44102889/difference-between-c-sat-and-sat
/questions/19648115/complexity-of-printing-all-possible-paths-on-a-graph
/questions/44237335/what-is-nondeterministic-in-np-exactly
/questions/10060379/advantage-of-using-backtracking-and-branch-and-bound
/questions/76308603/p-np-in-exponential-space
/questions/46004424/can-abstract-models-for-solving-np-hard-problems-be-built-in-reality
/questions/59224786/problem-related-to-completeness-is-p-pc
/questions/5996621/algorithm-for-checking-if-a-string-was-built-from-a-list-of-substrings
/questions/7330752/minimal-addition-chain-exponentiation
/questions/29958754/np-completeness-in-task-scheduling
/questions/3090493/cuda-optimization-techniques
/questions/56280043/multiple-knapsack-problem-with-equal-profit-and-different-weight
/questions/15993743/reduction-from-maximum-independent-set-to-dominating-set-to-prove-the-dominating
/questions/19619876/network-flow-and-integer-linear-programming
/questions/15630743/is-house-coloring-with-three-colors-np
/questions/2662402/algorithms-for-subgraph-isomorphism-detection
/questions/8430190/complexity-of-an-old-top-coder-riddle-making-a-number-by-inserting
/questions/30575449/reduce-subset-sum-to-polyomino-packing
/questions/61374068/need-help-to-understand-the-prove-that-the-longest-path-problem-is-np-complete-b
/questions/30990770/prove-np-completeness-of-generating-2-shortest-routes-over-given-edge-grouping-c
/questions/73328615/what-problem-type-the-power-set-belong-to
/questions/4438150/computational-complexity-of-a-longest-path-algorithm-witn-a-recursive-method
/questions/50754620/how-to-solve-0-1-knapsack-by-greedy-algorithm-and-only-focus-on-benefit
/questions/25867104/is-finding-zeros-of-a-function-a-np-pb
/questions/4853749/a-2-approximation-algorithm-for-vertex-cover-problem-using-spanning-tree
/questions/58829202/is-applying-ai-ok-and-or-practical-to-finding-the-optimal-solution-to-the-algori
/questions/10339576/delete-minium-weight-edges-to-disconnect-a-set-of-nodes
/questions/35930523/finding-a-loopless-path-passing-through-a-series-of-nodes
/questions/29404264/sub-exponential-compleixty
/questions/41727718/what-is-an-algorithm-to-find-the-circuit-with-max-weight-in-a-directed-graph
/questions/2696029/ideas-for-student-parallel-programming-project
/questions/70864745/ilp-in-poly-time
/questions/6429034/list-of-problems-that-are-in-general-np-hard-but-have-polynomial-time-solution-i
/questions/32019747/how-to-determine-if-a-nxn-matrix-with-non-negative-integer-entries-is-a-product
/questions/45794715/subset-sum-prob-congruence-variation
/questions/33617138/complexity-of-subset-sum-with-multiple-targets
/questions/4300225/is-this-an-np-problem
/questions/25825180/np-hardness-proof-for-constrained-scheduling-with-staircase-cost
/questions/67303276/show-the-problem-of-find-two-subsets-such-that-the-difference-of-them-of-two-set
/questions/6025076/how-to-tell-if-greedy-algorithm-suffices-for-finding-minimum-coin-change
/questions/29133429/multiple-knapsack-weight-profit
/questions/19850580/maximum-non-overlapping-intervals-in-a-interval-tree
/questions/26050613/gurobi-optimize-a-quadratic-non-psd
/questions/32464175/i-have-found-on-the-internet-polynomial-time-algorithm-for-graph-coloring-possi
/questions/32464175/i-have-found-on-the-internet-polynomial-time-algorithm-for-graph-coloring-possi
/questions/30921996/heuristic-to-find-the-maximum-weight-independent-set-in-an-arbritary-graph
/questions/70892148/why-cant-we-use-algorithm-to-find-all-cycles-to-find-an-hamiltonian-cycle
/questions/2527129/polygon-packing-2d
/questions/24462162/how-to-assign-n-numbers-into-m-pack-that-minimize-some-target-function
/questions/56519064/problem-for-which-proof-of-np-is-non-trivial
/questions/31436530/are-there-exact-methods-to-solve-the-path-cover-in-bipartite-graphs
/questions/66883644/whats-the-complexity-of-3-sat-algorithm-on-a-quantum-machine
/questions/4557650/is-finding-a-simple-path-in-a-weighted-undirected-graph-with-maximum-cost-in-pol
/questions/15987429/edge-bi-partitioning-no-triangles-complexity
/questions/2393761/how-hard-is-this-graph-problem
/questions/15977623/is-there-a-graph-coloring-algorithm-where-limits-can-be-placed-on-number-of-vert
/questions/16145390/shortest-weight-constrained-path-to-partition-reduction
/questions/67488026/graph-coloring-with-clpfd
/questions/67488026/graph-coloring-with-clpfd
/questions/54506510/if-we-can-prove-that-knapsack-problem-with-limited-capacity-are-solved-in-a-poly
/questions/5642443/non-linear-congruence-solver-modular-arithmetic
/questions/28380501/divide-a-given-set-of-numbers-n-in-two-groups-such-that-their-difference-of-thei
/questions/29247004/finding-the-maximum-sum-that-can-be-formed-from-a-set-by-partitioning-it-into-t
/questions/3739248/reducing-planning-to-quantified-boolean-formulae
/questions/7391287/unit-testing-approximation-algorithms
/questions/19306723/find-best-scoring-assignment-of-customers-to-products
/questions/22213319/subgraph-isomorphism-to-sat
/questions/57640251/real-weights-knapsack-in-polynomialtime
/questions/21880419/how-to-find-the-longest-simple-path-in-a-graph
/questions/57640251/real-weights-knapsack-in-polynomialtime
/questions/6406496/is-it-possible-to-write-a-program-to-print-all-pairs-that-add-to-k-from-an-input
/questions/8304982/generate-a-minesweeper-board-which-doesnt-need-guessing
/questions/27055765/when-a-given-graph-is-3-colorable
/questions/1202540/how-to-find-what-numbers-in-a-set-add-up-to-another-given-number
/questions/56168715/reducing-knapsack-problem-to-an-inverse-knapsack-problem
/questions/11355061/minimizing-space-usage-by-moving-sets-on-a-graph
/questions/5653154/dividing-objects-into-two-piles-of-equal-weight
/questions/35337382/finding-minimum-distance-in-graph-for-path-passing-minimum-three-nodes-and-finis
/questions/3929173/is-this-combinatorial-optimization-problem-np-hard
/questions/18323058/checking-if-a-is-a-part-of-binary-tree-b
/questions/26151386/how-to-construct-a-hamilton-path-from-a-complete-directed-graph
/questions/67619958/sub-graph-selection-algorithm-problem-dynamic-programming-or-np
/questions/34046627/can-you-reduce-k-independent-set-to-2-sat
/questions/46982300/select-k-numbers-from-each-category-without-duplicates-and-maximize-the-selectio
/questions/11572949/2d-bin-packing-with-multiple-size-bins
/questions/7343046/why-eulerian-path-can-be-implemented-in-linear-time-but-not-hamiltonian-path
/questions/13809107/explore-every-node-in-a-graph
/questions/16093917/verification-algorithm-for-minimum-vertex-cover
/questions/32042072/time-complexity-analysis-of-minimum-set-cover-solution
/questions/2360468/easy-way-to-determine-whether-a-given-graph-is-subgraph-of-some-other-graph
/questions/22750434/how-to-find-the-size-of-maximal-clique-or-clique-number
/questions/70304444/how-to-remove-duplicates-elements-in-nested-list-in-c
/questions/43268548/is-this-np-complete-if-so-knapsack-mis-set-filling-or-scheduling
