/questions/12011232/are-paths-in-graph-connected
/questions/4635402/number-of-paths-in-graph
/questions/46770610/finding-paths-in-graphs-with-integer-stack-or-array
/questions/50084752/the-number-of-possible-paths-in-graph
/questions/3441829/shortest-paths-not-path-in-graph
/questions/47584126/computing-many-shortest-paths-in-graph
/questions/31084516/find-paths-in-graphs-using-linq-only
/questions/41248914/finding-all-possible-paths-in-graph
/questions/20262712/enumerating-all-paths-in-a-directed-acyclic-graph
/questions/8052826/longest-path-in-graph
/questions/54600213/finding-all-paths-in-graph-using-neo4j
/questions/1287471/calculating-paths-in-a-graph
/questions/60441722/find-path-in-graphs
/questions/24167662/shortest-paths-in-graph
/questions/32258997/estimate-number-of-n-node-paths-in-graph-using-only-n-and-graph-density
/questions/40449404/how-to-print-paths-in-dfs-manner-in-graphs
/questions/19434438/display-all-the-paths-in-a-graph
/questions/33949235/find-all-possible-paths-in-depth-first-search-in-graph
/questions/25962914/how-to-find-longest-path-in-graph
/questions/61970915/find-number-of-paths-in-a-graph
/questions/3058992/all-possible-paths-in-a-cyclic-undirected-graph
/questions/32321671/compute-all-paths-in-graph-that-has-multiple-inputs-and-one-output
/questions/52146241/couldnt-reach-some-vertices-issue-looking-for-shortest-path-in-graphs
/questions/20901030/common-longest-and-shortest-path-in-graphs
/questions/62755631/simple-path-and-simple-cycle-in-graph-datastructure
/questions/5536108/finding-all-unique-paths-in-an-undirected-graph
/questions/73016381/finding-all-full-paths-in-directed-graph-with-cycles
/questions/22096525/how-to-find-n-most-different-paths-in-a-graph
/questions/35098341/count-the-number-of-euler-paths-in-directed-graph
/questions/52191813/find-all-paths-in-graph-without-start-or-end-node
/questions/37633941/get-list-of-parallel-paths-in-a-directed-graph
/questions/11946755/all-shortest-paths-in-a-dag-directed-acyclic-graph
/questions/63683109/find-all-paths-in-a-graph-though-a-node-vertex
/questions/43075183/finding-all-paths-in-nested-graphs
/questions/70021483/prolog-longest-path-in-graph
/questions/66922766/finding-all-paths-in-graph-python
/questions/75271415/counting-transversal-paths-in-a-graph
/questions/37521097/finding-all-paths-in-graph-python
/questions/34652042/number-of-hamilton-paths-in-an-extremely-dense-undirected-simple-graph
/questions/48643018/doxygen-exclude-path-in-caller-graph
/questions/9803143/find-all-paths-in-a-graph-with-dfs
/questions/12200953/find-all-possible-paths-in-a-directed-cyclic-graph
/questions/57819536/shortest-paths-in-graph-with-labeled-edges
/questions/28207470/eulers-path-in-partially-directed-graph
/questions/1323482/paths-in-complete-graph
/questions/48042626/undirected-graph-for-k-shortest-paths-in-dijkstra-using-java
/questions/68249815/finding-multiple-paths-in-a-directed-networkx-graph
/questions/60051295/parallel-computing-in-graphs
/questions/50078404/find-the-longest-path-in-graph
/questions/29886374/find-short-enough-paths-in-a-given-graph
/questions/14504023/finding-path-in-graph-specific-length
/questions/24361911/encoding-paths-in-a-graph-as-strings
/questions/45979168/efficient-robust-algorithm-for-making-paths-in-a-graph
/questions/76335173/what-algorithm-can-i-use-to-locate-bottleneck-paths-in-an-undirected-graph
/questions/60329862/how-to-export-store-all-paths-in-graph
/questions/67354934/finding-all-the-unique-paths-in-a-graph-and-return-the-cheapest
/questions/38639539/shortest-path-in-graph
/questions/55381144/visualize-all-short-paths-in-graph-using-r
/questions/58149743/how-to-write-all-paths-in-a-directed-graph-with-no-cycles-prolog
/questions/362102/paths-in-undirected-graphs
/questions/41789561/find-longest-path-in-graph
/questions/23809459/print-all-the-possible-shortest-paths-in-a-graph
/questions/50820799/how-to-enable-plain-id-query-rather-than-using-paths-in-api-platform-graphql
/questions/31435812/maximum-weighted-path-in-a-weighted-undirected-graph
/questions/34043582/find-all-possible-paths-in-a-graph-with-a-time-constraint
/questions/15211611/number-of-shortest-paths-in-a-graph
/questions/56418879/shortest-path-in-graph-in-couchdb
/questions/42425788/forbidden-paths-in-a-graph
/questions/23539313/how-to-find-all-eulerian-paths-in-directed-graph
/questions/47675349/path-to-adjacency-matrix-in-networkx
/questions/34577192/number-of-paths-in-a-graph
/questions/54719622/length-and-path-in-graphs-prolog-avoid-infinite-recursion-for-cycles
/questions/64938593/how-to-plot-graph-paths
/questions/49599905/shortest-path-in-directed-graph-in-networkx
/questions/30826865/get-the-longest-path-in-a-graph-with-orientdb
/questions/11741675/source-independent-path-in-graph
/questions/12385103/plotting-career-path-in-graph
/questions/21876119/finding-shortest-path-in-the-dynamic-graph
/questions/15309574/heaviest-path-in-special-graph-php
/questions/73330501/sum-paths-in-weighed-graph
/questions/18450062/is-there-any-algorithm-which-can-find-all-critical-paths-in-dag
/questions/75919833/access-sharepoint-directory-using-path-in-graph-api
/questions/288244/what-is-a-minimal-path-in-a-graph
/questions/10804148/finding-paths-in-a-undirected-graph
/questions/48699082/bfs-traversal-of-all-paths-in-graph-using-adjacency-list
/questions/44482201/build-a-random-hamiltonian-path-in-a-graph
/questions/5453530/graph-path-in-prolog
/questions/71638633/python-method-for-returning-all-possible-paths-in-a-graph-class-dag
/questions/72453880/how-to-find-2-vertex-disjoint-paths-in-a-graph-with-both-paths-having-same-sourc
/questions/70390877/shortest-path-in-graph-with-time-limit
/questions/4041837/finding-paths-in-directed-graph-with-greedy-approach-with-at-least-k-nodes-and-a
/questions/45537144/recursion-find-all-paths-in-graph-matrix-dfs
/questions/19581870/find-all-paths-in-graph-from-a-to-n
/questions/50539868/confusion-regarding-definition-of-path-in-graph-theory
/questions/69574402/graph-theory-paths-in-a-tree-in-python
/questions/60664902/find-maximum-cost-path-in-a-directed-graph
/questions/47314175/how-to-find-all-the-paths-in-a-undirected-graph-touching-all-the-nodes-of-a-give
/questions/61095972/identify-the-path-in-graph-traversing
/questions/28616964/complexity-of-a-recursive-function-that-counts-paths-in-graph
/questions/2525316/longest-acyclic-path-in-a-directed-unweighted-graph
/questions/24682131/find-all-paths-in-directed-cyclic-graph-as-regular-expression
/questions/21039591/how-to-isolate-these-image-included-paths-in-a-graph
/questions/30423802/number-of-shortest-paths-in-weighted-graph
/questions/66786431/shortest-path-in-graph-without-repetitions
/questions/68502937/fastest-way-to-find-all-paths-in-a-directed-acyclic-graph-dag-with-multiple-st
/questions/66786431/shortest-path-in-graph-without-repetitions
/questions/38492280/longest-path-in-graph-using-sql
/questions/52952242/recursive-search-of-all-viable-paths-in-graph-by-edge-length
/questions/26836750/finding-all-paths-in-graph-from-one-node-to-another-node
/questions/46258469/generate-paths-in-using-networkx-graph
/questions/39296708/find-the-common-path-among-all-possible-paths-in-a-directed-graph
/questions/50542749/saving-the-shortest-paths-in-a-graph-using-the-floyd-warshall-algorithm-in-java
/questions/38225966/all-possible-paths-in-an-undirected-graph-with-some-restrictions
/questions/61162702/find-all-possible-paths-in-a-tree
/questions/33272160/find-path-in-graph-with-weighted-vertices
/questions/47200212/find-all-paths-in-graph-given-the-vertices-and-some-restrictions
/questions/7983724/how-to-restrict-certain-paths-in-networkx-graphs
/questions/12654964/finding-maximum-number-of-edge-disjoint-path-in-a-directed-graph
/questions/50109370/k-longest-paths-in-a-dag
/questions/38773864/how-to-implement-the-search-for-all-paths-inside-a-directed-graph-in-javascript
/questions/71986973/how-to-print-the-paths-in-dijkstras-shortest-path-algorithm
/questions/33570497/finding-the-shortest-path-in-a-graph-from-start-to-end-vertex
/questions/41064896/python-list-all-possible-paths-in-graph-represented-by-dictionary
/questions/45515013/all-unique-paths-in-a-directed-acyclic-graph-in-randomized-order-via-python-ge
/questions/13735151/finding-all-paths-in-this-directed-graph
/questions/6873772/sql-postgres-shortest-path-in-graph-recursion
/questions/222413/find-the-shortest-path-in-a-graph-which-visits-certain-nodes
/questions/47741520/the-shortest-path-in-graph-with-increasing-edges
/questions/6524603/prolog-all-paths-in-a-directed-graph-with-loops
/questions/10675762/what-is-wrong-with-printing-a-path-in-graph
/questions/33287985/algorithm-to-find-top-k-paths-in-graph-with-no-common-vertices-negative-weight
/questions/55614464/how-to-implement-simulated-annealing-to-find-longest-path-in-graph
/questions/51301299/mapreduce-length-3-paths-in-directed-graph
/questions/55225913/all-pairs-shortest-paths-in-graph-directed-with-non-negative-weighted-edges
/questions/15858303/longest-path-in-a-direct-acyclic-graph
/questions/7328372/finding-all-paths-in-a-directed-graph-with-cycles
/questions/58929683/find-shortest-path-in-graph-algorithm
/questions/31071458/find-all-paths-in-a-directed-cyclic-graph
/questions/26794782/fetching-specific-paths-from-neo4j-graph-database
/questions/53749374/algorith-which-finds-shortest-path-with-negative-edges-and-without-negative-cycl
/questions/31037331/finding-best-paths-in-a-fully-connected-graph
/questions/50846070/longest-path-in-a-graph-with-dijkstra
/questions/63288246/what-algorithm-should-i-use-to-get-all-possible-paths-in-a-directed-weighted-gra
/questions/2815908/longest-path-in-boost-graph
/questions/14501456/finding-paths-in-undirected-graph-with-specific-cost
/questions/64127304/all-chains-in-graph
/questions/17933643/path-finding-in-an-undirected-graph
/questions/16902956/tracing-paths-in-a-graph-between-two-nodes
/questions/15178178/how-to-find-longest-path-in-graph
/questions/75869200/find-shortest-path-in-graph-by-following-orders-to-visit-node
/questions/14757076/shortest-paths-in-undirected-cyclic-graphs
/questions/16902956/tracing-paths-in-a-graph-between-two-nodes
/questions/17750421/retrieving-all-paths-in-an-owl-class-hierarchy-with-sparql-and-jena
/questions/36899632/k-edge-disjoint-paths-in-a-directed-graph
/questions/34956894/updating-the-matrix-of-paths-in-the-graph
/questions/61364420/ngx-graph-anchor-paths-in-center-of-nodes
/questions/23938214/scala-recursively-building-all-paths-in-a-graph
/questions/65007193/depth-first-search-to-find-path-in-graph
/questions/9833516/how-to-find-all-vertex-disjoint-paths-in-a-graph
/questions/13695432/finding-out-paths-in-a-graph-of-175k-nodes
/questions/29965084/better-way-to-remove-cycles-from-a-path-in-neo4j-graph
/questions/1642139/algorithm-to-find-the-number-of-distinct-paths-in-a-directed-graph
/questions/52399377/finding-all-paths-between-source-and-target-in-graph-tool-return-edges-instead
/questions/35268457/find-possible-paths-in-a-graph-using-neo4j
/questions/35268457/find-possible-paths-in-a-graph-using-neo4j
/questions/53674393/descending-order-of-shortest-paths-in-networkx
/questions/646569/pseudo-code-for-finding-closed-paths-in-a-graph
/questions/30097082/variable-length-matching-over-paths-in-cypher
/questions/27584381/directed-graph-euler-path
/questions/37773839/find-second-shortest-path-in-directred-graph
/questions/33992244/number-of-edge-distinct-paths-in-bipartite-graph
/questions/56456278/finding-n-shortest-paths-in-a-graph
/questions/15782285/minimum-number-of-total-paths-in-a-connected-graph
/questions/41693016/how-to-find-number-of-hamiltonian-paths-in-a-graph
/questions/74631517/find-all-possible-paths-in-a-python-graph-data-structure-without-using-recursive
/questions/43778151/find-all-shortest-paths-in-an-unweighted-graph-from-a-source-to-a-destination
/questions/36312623/get-path-in-graph-with-weighted-vertices-and-edges
/questions/45533193/infinite-loop-when-trying-to-find-the-shortest-path-in-a-graph
/questions/50717859/shortest-path-in-graph-when-it-is-obligatory-to-jump-over-every-second-edge
/questions/40807186/finding-all-possible-paths-in-a-graph-without-cycle
/questions/50717859/shortest-path-in-graph-when-it-is-obligatory-to-jump-over-every-second-edge
/questions/46500318/python-all-simple-paths-in-a-directed-graph
/questions/29730096/c-sharp-linq-graph-database-based-path-search
/questions/76539292/printing-the-paths-in-dijkstras-shortest-path-algorithm-when-the-shortest-path
/questions/53477195/prolog-order-of-clauses-for-finding-path-in-graph
/questions/75790935/finding-all-simple-paths-in-a-graph-using-networkx
/questions/17110014/best-way-to-find-the-most-costly-path-in-graph
/questions/54768946/printing-the-longest-path-in-an-undirected-graph
/questions/34497359/algorithm-for-finding-shortest-k-stride-path-in-graph
/questions/41637208/algorithm-to-test-collision-for-paths-in-undirected-graph
/questions/54441582/find-all-paths-in-dag-from-starting-node
/questions/34794149/creating-the-number-of-shortest-paths-in-a-directed-graph
/questions/60584568/find-two-non-overlapping-paths-in-undirected-graph
/questions/73253421/finding-all-possible-paths-on-a-graph-data-structure
/questions/66809440/how-to-find-shortest-path-and-longest-path-in-an-undirected-graph
/questions/18549965/most-rewarding-path-in-a-graph
/questions/73939287/how-to-find-all-unique-paths-of-a-graph-from-a-source-point-to-a-destination
/questions/67144584/reconstructing-the-shortest-path-in-a-graph-in-bfs
/questions/74923556/visit-all-edges-in-a-graph-with-minimum-number-of-paths
/questions/21325333/shortest-and-longest-path-in-a-topologically-sorted-unweighted-directed-acyclic
/questions/13435990/finding-all-paths-in-directed-graph-with-specific-cost
/questions/53399505/why-finding-the-longest-path-in-a-graph-is-np-hard
/questions/28016967/finding-top-x-shortest-path-in-complete-graph
/questions/49491355/bfs-modification-to-find-compatible-paths-in-a-directed-graph
/questions/54970810/all-shortest-paths-in-a-graph-with-one-alteration
/questions/23515881/efficient-algorithm-to-find-all-paths-between-two-nodes-in-less-time
/questions/55636977/how-can-i-specify-paths-in-fuseki
/questions/21513324/how-to-find-shortest-path-in-a-directed-graph-that-has-edge-weights-either-0-or
/questions/61688061/what-is-minimal-path-in-graph-after-dijkstras-algorithm
/questions/5333161/algorithms-to-find-the-number-of-hamiltonian-paths-in-a-graph
/questions/62326835/unvisited-neigbours-in-graph-path
/questions/50935420/how-to-find-two-disjoint-paths-in-a-bidirectional-graph
/questions/44679843/printing-all-paths-in-a-directed-graph-using-lists
/questions/57717949/find-all-cyclic-paths-in-a-directed-graph
/questions/6996277/smallest-path-in-graph-theory-social-network-analysis
/questions/31016467/control-flow-graphs-find-all-linearly-independent-paths
/questions/15549573/optimize-neo4j-cypher-path-finding-with-limited-paths-in-an-undirected-graph
/questions/41129082/shortest-path-in-a-giant-graph
/questions/17400499/are-there-internal-algorithms-in-neo4j-for-community-detection
/questions/54978570/longest-path-in-a-weighed-non-directed-graph
/questions/5446438/finding-the-hamiltonian-path-in-a-directed-cyclic-graph
/questions/9752461/how-to-find-the-best-path-in-graph-with-weighted-nodes-and-vertices
/questions/62142435/longest-path-in-ordered-graph-pseudocode
/questions/10878617/graph-algorithm-involving-chess-possible-paths-in-k-moves
/questions/10878617/graph-algorithm-involving-chess-possible-paths-in-k-moves
/questions/2053181/number-of-shortest-paths-between-2-vertex-of-a-graph
/questions/37446886/longest-path-in-small-graph-with-small-degree
/questions/61271229/2-shortest-paths-in-weighted-directed-graph-without-intersection
/questions/47998220/longest-path-in-a-graph
/questions/29314795/python-igraph-get-all-possible-paths-in-a-directed-graph
/questions/30975040/shortest-path-in-a-directed-graph-with-incorporating-global-path-weight
/questions/15849182/find-total-distinct-paths-in-a-graph-with-given-constraints
/questions/62146042/can-i-use-relative-path-in-open-graph
/questions/37485859/unique-paths-undirected-cyclic-graph
/questions/37070222/python-all-shortest-paths-in-disconnected-components-of-a-graph
/questions/2529130/graph-longest-path
/questions/13128820/is-there-an-open-source-implementation-of-shortest-path-algorithm-with-distance
/questions/55735040/find-minimum-weighted-path-in-a-vector-of-tuples-representing-a-graph
/questions/19314779/issus-in-code-to-find-the-total-number-of-distinct-nodes-visited-considering-al
/questions/58009822/calculate-shortest-path-in-graph-with-weighted-vertices
/questions/6037130/most-efficient-way-to-index-and-query-paths-in-a-graph
/questions/75746481/find-all-possible-path-in-graph-using-function-in-js
/questions/64681887/check-if-exists-any-path-in-di-graph
/questions/9171686/hamiltonian-paths-social-graph-algorithm
/questions/40404146/how-to-calculate-the-shortest-path-between-two-vertices-in-graph-with-given-para
/questions/70373677/how-do-i-find-the-longest-path-in-a-weighted-graph
/questions/70018065/find-path-in-graph-by-backtracking-using-prolog
/questions/67933737/find-heaviest-path-in-grid-like-graph
/questions/74086766/how-to-find-total-cost-of-each-path-in-graph-using-dictionary-in-python
/questions/38895993/conversation-id-leads-to-unkown-path-in-graph-api
/questions/29522351/longest-path-in-an-undirected-unweighted-graph
/questions/72742661/findings-common-paths-in-two-graphs-using-python-networkx
/questions/60447972/filter-and-sort-alternativ-paths-in-a-graph-based-environment
/questions/21503129/average-shortest-path-in-unweighted-undirected-graph
/questions/11440353/find-the-maximum-number-of-vertex-disjoint-paths-in-a-graph-with-a-constraint
/questions/72191633/how-to-automate-creating-directed-graph-using-networkx-or-graphviz-in-python-for
/questions/13881004/undirected-graph-into-minimum-cost-union-of-paths
/questions/28027779/finding-all-paths-in-a-graph-including-a-vertex
/questions/63141875/is-there-an-efficient-way-to-find-shortest-paths-in-a-functional-graph
/questions/28080189/match-only-full-paths-in-neo4j-with-cypher-not-sub-paths
/questions/21398147/shortest-path-in-a-graph
/questions/36892272/spark-graphx-fails-to-find-connected-components-in-graphs-with-few-edges-and-lo
/questions/38084571/finding-second-shortest-path-in-a-graphwith-backtracking
/questions/20334161/finding-first-meeting-point-of-paths-in-directed-acyclic-graph
/questions/48242719/construct-graph-nodes-and-edges-from-points-and-paths
/questions/52660180/how-to-create-relationships-among-similar-parallel-paths-in-neo4j
/questions/12665303/dijkstra-algorithm-alternatives-shortest-path-in-graph-bus-routes
/questions/68311743/print-possible-all-path-in-graph-in-python-using-dictionaries
/questions/54754866/all-shortest-paths-in-a-graph-using-k-reverse-edges
/questions/54754866/all-shortest-paths-in-a-graph-using-k-reverse-edges
/questions/36071435/java-finding-the-shortest-path-in-a-graph
/questions/23179502/shortest-partial-path-in-a-graph
/questions/4746452/optimal-solution-for-all-possible-acyclic-paths-in-a-graph-problem
/questions/69065689/finding-minimal-paths-that-cover-all-edges-at-least-once-in-directed-graphs-with
/questions/26855184/floyd-warshall-all-pairs-shortest-paths-on-weighted-undirected-graph-boost-g
/questions/29563566/find-the-minimum-variance-path-in-directed-acyclic-graph
/questions/59343417/how-to-get-the-shortest-path-in-a-weighted-graph-with-networkx
/questions/35380150/finding-all-possible-paths-in-a-fully-connected-graph-in-python
/questions/29334100/matching-paths-to-graph-using-branch-bound
/questions/23491556/determine-the-longest-unidirectional-path-in-a-directed-disconnected-graph
/questions/18468973/find-path-between-two-nodes-in-graph-according-to-given-criteria-optimization
/questions/22308842/finding-the-shortest-path-in-a-colored-graph
/questions/55089606/networkx-find-the-most-appearing-paths-in-weighted-network
/questions/49987759/the-shortest-path-between-nodes-in-graph
/questions/33845552/find-all-pair-shortest-path-in-a-large-scale-of-graph
/questions/40303805/finding-the-longest-path-in-a-complete-directed-graph
/questions/25442365/how-to-make-a-recursive-function-for-find-all-euler-path-in-a-graph
/questions/27681651/find-all-possible-paths-in-undirected-graph-between-2-nodes
/questions/30871579/recursion-function-in-graph-path-finding
/questions/73282035/how-to-highlight-any-given-path-in-pyvis-network-graph-visualization
/questions/20060357/dijktra-algorithm-vs-breath-first-search-for-shortest-path-in-graph
/questions/16550292/all-shortest-paths-for-weighted-graphs-with-networkx
/questions/49820455/d3-update-paths-and-circles-in-graph
/questions/18552964/finding-path-with-maximum-minimum-capacity-in-graph
/questions/72565812/bfs-for-finding-all-shortest-paths-in-a-grid
/questions/58601605/shortest-path-in-unweighted-graph-using-dfs-and-stack
/questions/59592052/how-to-count-the-different-paths-in-a-graph-given-a-source-node-and-a-path-lengt
/questions/49353702/finding-shortest-path-in-a-cyclic-weighted-graph
/questions/27564254/find-a-path-in-a-complete-graph-with-cost-limit-and-max-reward
/questions/54495449/shortest-path-in-a-graph-in-es6
/questions/28730153/find-all-paths-in-a-directed-unweighted-graph-for-a-selected-node
/questions/35199804/validate-a-given-path-and-find-total-number-of-valid-paths-in-an-undirected-and
/questions/36585575/finding-paths-in-dag-directed-acyclic-graph-given-destination
/questions/23968982/using-stdistance-in-sql-server-to-find-shortest-path-in-graph
/questions/30558133/finding-the-shortest-path-in-a-maze-graph-using-adjacency-matrix
/questions/51570027/find-all-possible-paths-in-a-directed-acyclic-graph-in-matlab
/questions/58142385/using-bfs-dfs-to-find-path-with-maximum-weight-in-directed-acyclic-graph
/questions/60046231/finding-shared-edges-in-two-paths-in-a-boost-graph
/questions/60360376/count-all-possible-paths-in-a-graph-database-for-multiple-vertices
/questions/6822774/algorithm-to-compare-similarity-of-directed-paths-through-directed-graph
/questions/8909423/find-the-shortest-paths-in-a-graph-from-s-to-all-vertices
/questions/52862402/better-performance-for-the-shortest-paths-in-undirected-unweighted-graph
/questions/26791473/longest-path-in-ordered-graph
/questions/37527469/shortest-path-in-precedence-graph
/questions/12996886/all-paths-in-a-graph-between-2-nodes-after-implementing-dijkstra
/questions/37527469/shortest-path-in-precedence-graph
/questions/43831115/longest-path-in-directed-acyclic-graph-in-jgrapht-library
/questions/51421230/find-the-shortests-paths-in-an-unweighted-graph-by-a-max-flow-constraint
/questions/35583151/find-k-shortest-paths-with-graph-tool
/questions/9459113/algorithm-for-finding-undirected-graph-path
/questions/75625919/find-all-paths-in-undirected-acyclic-graph-using-prolog
/questions/66790637/how-to-find-minimum-cost-path-in-a-directed-graph
/questions/61992934/is-there-an-algorithm-to-extend-the-shortest-path-in-a-graph-until-it-cannot-be
/questions/58934990/all-possible-path-in-a-graph
/questions/42404491/why-graph-doesnt-find-correct-path
/questions/14227345/longest-path-in-a-particular-type-of-graph
/questions/69660259/all-shortest-paths-in-networkx-subject-to-routing-criteria
/questions/53512168/how-to-apply-dynamic-programming-to-compute-shortest-path-in-graph
/questions/41227153/find-edge-disjoint-paths-not-the-number-the-paths
/questions/27534092/finding-a-single-path-in-a-graph-using-dfs
/questions/54534983/how-do-i-find-eulerian-paths-in-a-mixed-directed-undirected-graph
/questions/71433438/describing-graph-with-constriants-from-physical-world
/questions/49068832/finding-longest-cyclic-path-in-a-graph-with-gremlin
/questions/5783440/single-destination-shortest-path-in-a-graph
/questions/21918436/total-number-of-paths-in-directed-acyclic-graph-containing-a-specific-link
/questions/33837977/all-non-redundant-paths-in-a-directed-graph-digraph-from-networkx-python
/questions/72930650/finding-longest-path-in-a-directed-cyclic-graph
/questions/7711747/finding-a-pair-of-edge-disjoint-paths-in-a-graph-such-that-the-lengths-of-each
/questions/15105803/constrained-shortest-path-in-a-graph
/questions/71729090/find-all-paths-in-a-directed-graph-that-pass-a-single-node-networkx
/questions/14623738/longest-path-in-directed-acyclic-unweighted-graph-in-linear-time
/questions/28886286/depth-first-search-and-the-longest-path-in-a-graph
/questions/40888997/find-longest-path-in-graph-where-each-node-has-at-most-two-incoming-and-two-outg
/questions/28824640/find-all-possible-paths-in-a-graph-using-matlab-brute-force-search
/questions/70396339/shortest-path-algorithm-in-graph-for-queries
/questions/10462736/graph-dijkstra-for-the-single-source-longest-path
/questions/53980396/kth-shortest-path-in-undirected-graph
/questions/15188035/display-path-in-a-weighted-graph
/questions/64754349/simple-path-in-graph-with-special-nodes-with-max-amount-of-special-nodes
/questions/8098704/how-can-i-find-all-long-simple-acyclic-paths-in-a-graph
/questions/38227355/point-to-point-path-in-a-graph
/questions/36146031/find-shortest-path-in-a-directed-graph-that-goes-through-some-specified-vertices
/questions/23546320/find-two-paths-in-a-graph-that-are-in-distance-of-at-least-dconstant
/questions/49456117/most-visited-node-after-travelling-q-paths-in-a-graph
/questions/47744557/finding-a-path-in-a-graph-in-prolog
/questions/24024411/highlighting-the-shortest-path-in-a-networkx-graph
/questions/5370902/shortest-path-in-colored-edge-graph
/questions/23259298/path-of-length-n-in-graph-with-constraints
/questions/14724902/using-breadth-first-search-to-find-all-possible-paths-in-an-undirected-graph
/questions/789198/the-shortest-path-in-cycle-directed-graph
/questions/15160640/splitting-of-a-graph-into-cycles-and-then-into-paths
/questions/35732479/minimum-penalty-path-in-weighted-graph
/questions/16615179/trouble-with-dijkstra-finding-all-minimum-paths
/questions/70241643/finding-the-shortest-path-with-only-passing-specific-edge-less-or-equal-to-one-t
/questions/24476027/shortest-path-in-a-complement-graph-algorithm
/questions/16342579/graph-paths-abstraction-algorithm-needed
/questions/10881014/how-to-find-path-of-exact-length-in-graph
/questions/63792952/get-all-paths-in-a-graph-from-a-node-but-only-ones-which-terminate
/questions/27944340/longest-path-in-unweighted-undirected-graph
/questions/45521635/find-number-of-shortest-paths-in-an-unweighted-undirected-graph-using-adejacenc
/questions/29320556/finding-longest-path-in-a-graph
/questions/16618763/discover-all-paths-in-single-source-multi-terminal-possibly-cyclic-directed-g
/questions/52600185/creating-a-tree-graph-in-r-that-maps-frequency-of-paths
/questions/3038661/efficiently-finding-the-shortest-path-in-large-graphs
/questions/11338429/given-a-list-of-paths-through-a-graph-efficiently-find-the-ones-that-use-each-e
/questions/40959568/shortest-path-in-graph-where-cost-depends-on-the-history-of-traversing
/questions/2564058/search-all-paths-and-the-shortest-path-for-a-graph-prolog
/questions/30622298/finding-all-possible-paths-between-all-vertices-of-a-graph
/questions/10872298/cycle-detection-in-graphs-containing-multiple-cycles
/questions/16443833/find-all-possible-paths-w-o-loops-in-graph-in-prolog
/questions/4127754/shortest-path-in-directed-acyclic-graph
/questions/67045625/how-to-find-all-paths-in-a-graph-that-start-with-some-initial-partial-path
/questions/73704574/time-complexity-of-the-generic-algorithm-for-finding-shortest-path-in-a-graph
/questions/17372784/find-minimum-bottleneck-path-in-a-graph
/questions/22353396/additional-constraints-during-searching-shortest-path-in-weighted-graph-using-ne
/questions/68519848/shortest-path-in-the-bidirectional-weighted-graph
/questions/26342979/sql-graph-shortest-path-algorithm
/questions/40835006/path-between-two-nodes-in-graph
/questions/69291666/vertex-disjoint-paths-with-specific-length-in-graph
/questions/67975911/determine-maximal-path-in-a-directed-graph
/questions/59237942/graph-non-simple-path-longest-path
/questions/44399092/is-there-an-algorithm-to-get-all-minimal-paths-between-all-nodes-in-a-weight-gra
/questions/52260577/shortest-path-in-directed-graph-with-cycles-of-negative-length
/questions/51751256/update-path-when-point-in-graph-is-moving
/questions/29313812/create-a-list-of-all-possible-paths-in-a-graph-given-a-starting-and-ending-point
/questions/18620821/shortest-paths-in-linked-graphs
/questions/75908954/how-to-get-the-shortest-path-in-graph-between-two-vertexes
/questions/13795376/scala-how-to-find-and-return-a-loopy-path-in-a-directed-graph
/questions/26331593/max-weight-set-of-disjoint-paths-of-length-k-in-a-graph-g
/questions/68268366/find-all-possible-paths-in-a-graph-with-multiple-edges-between-two-neighbor-node
/questions/13239000/how-do-i-find-the-5-most-weighty-paths-in-a-directed-acyclic-graph
/questions/33652310/longest-path-in-unweighted-undirected-graph-each-node-visited-only-once
/questions/54136339/shortest-path-in-weighted-directed-graph
/questions/54136339/shortest-path-in-weighted-directed-graph
/questions/41919194/find-least-colorful-path-in-a-graph
/questions/67624933/finding-a-cycle-path-in-directed-graph
/questions/51509332/java-find-the-shortest-reverse-path-in-a-graph-using-dijkstra
/questions/4252215/optimizations-for-longest-path-problem-in-cyclic-graph
/questions/40751082/how-can-i-analyse-and-discover-all-possible-paths-in-an-activity-network
/questions/66117884/depth-search-of-a-path-in-tree-or-graph-data-structures
/questions/33966422/graph-path-finder
/questions/51465593/longest-non-repetitive-path-in-a-graph
/questions/51385798/find-every-paths-in-any-direction-with-specified-labels-and-hops
/questions/5060827/enumerate-all-paths-in-a-weighted-graph-from-a-to-b-where-path-length-is-between
/questions/43171925/is-there-a-counter-example-for-this-algorithm-finding-the-euler-path-in-a-euleri
/questions/39772152/printing-the-shortest-path-in-a-directed-graph
/questions/29794131/how-to-cover-maximum-number-of-nodes-via-given-path-in-a-graph
/questions/72145165/determine-if-the-shortest-path-in-a-graph-is-unique
/questions/21369799/enumerate-all-paths-from-a-single-source-in-a-graph
/questions/14578626/breadth-first-search-for-searching-all-paths-between-any-two-nodes-in-a-cyclic-g
/questions/54708178/efficient-calculations-of-paths-with-shared-subpaths-in-directed-graph
/questions/43452503/how-to-merge-multipath-in-one-single-path-to-create-a-graph
/questions/11864427/program-to-find-number-of-hamiltonian-paths-in-a-graph-given-start-and-end-point
/questions/41092942/infinite-loop-while-looking-for-all-the-paths-in-a-graph-in-python
/questions/38669453/ancestry-path-with-path-id-or-group-id-and-level-in-graph-sql-server-2008
/questions/20330787/find-all-distinct-paths-in-a-directed-graph-and-compute-minimal-cost
/questions/10867128/finding-longest-path-in-directed-acyclic-graph
/questions/48842829/shortest-path-in-directed-graph-g
/questions/64734452/sparql-how-can-i-find-the-shortest-path-through-multiple-nodes-in-a-rdf-graph
/questions/62906608/dfs-and-lexicographic-path-in-directed-graph
/questions/67417666/how-to-keep-track-of-path-in-bfs-graph-search-javascript
/questions/29496992/claims-on-shortest-path-between-two-node-in-graph
/questions/64722638/finding-the-longest-path-in-an-unweighted-graph
/questions/59292359/invalid-request-trying-to-get-sharepoint-site-resource-by-path-in-graph-api
/questions/70223321/finding-the-shortest-path-in-a-graph-with-teleports
/questions/60920305/how-to-get-all-paths-from-leaf-to-the-root-in-a-special-graph
/questions/20479166/unique-path-in-an-undirected-graph
/questions/28900290/querying-a-graph-path-in-sparql
/questions/31738058/how-to-find-alternative-redundant-shortest-paths-with-graph-tool
/questions/64721732/longest-path-in-undirected-vs-directed-graph
/questions/40233089/shortest-path-in-a-graph-how-to-return-to-origin
/questions/68704992/do-the-shortest-paths-in-from-a-node-in-a-graph-to-all-others-form-a-tree
/questions/17629693/unweighted-directed-graph-path-finding-fastest
/questions/56222301/runtime-of-singe-source-shortest-paths-in-the-directed-acyclic-graphs-algorithm
/questions/69787045/longest-path-in-weighted-cycle-directed-graph
/questions/17530201/all-non-cyclic-paths-in-a-directed-graph-between-source-destination-using-memo
/questions/75905386/find-longest-path-in-directed-acyclic-graph
/questions/31406328/all-paths-in-directed-tree-graph-from-root-to-leaves-in-igraph-r
/questions/66464249/networkx-finding-common-nodes-between-different-shortest-paths-in-a-graph-is-t
/questions/13249057/dijkstra-find-shortest-path-in-directed-graph
/questions/54610676/travelling-salesman-problem-for-a-tree-graph-no-hamiltonian-path
/questions/16177318/get-all-the-paths-between-2-nodes-in-a-directed-graph
/questions/23676543/finding-a-path-in-a-directed-graph-in-python
/questions/42882085/genetic-algorithm-shortest-path-in-weighted-graph
/questions/69778506/manual-analysis-to-determine-if-the-path-taken-in-the-graph-is-the-shortest-path
/questions/3108434/vocabulary-path-in-a-graph-of-objects
/questions/26272830/finding-shortest-path-in-non-weighted-graphs
/questions/1636826/how-can-i-find-the-shortest-path-in-a-graph-with-adding-the-least-number-of-new
/questions/50435754/retrieving-all-pair-shortest-path-of-a-dynamic-graph-efficiently
/questions/65706217/find-the-minimum-weighted-path-in-a-graph-with-additional-conditions
/questions/48898447/using-scipys-minimize-to-find-the-shortest-path-in-a-graph
/questions/50294161/breaking-relationship-cycles-when-constructing-paths-in-cypher
/questions/12118656/shortest-path-in-an-undirected-and-complete-graph
/questions/71581404/optimal-path-in-a-graph-with-node-and-edge-weights
/questions/37034325/how-to-find-probability-of-path-in-a-directed-graph
/questions/70525551/can-we-find-all-paths-from-source-to-destination-in-an-undirect-graph-without-df
/questions/43435799/path-with-the-minimum-number-of-alterations-in-graph-with-colored-edgest
/questions/46631384/graph-theory-all-paths-with-given-distance
/questions/62468011/how-to-travel-a-graph-and-return-a-minimum-path
/questions/11786627/how-to-find-the-longest-path-in-an-acyclic-directed-graph-using-ogdf-library
/questions/62587022/finding-all-possible-simple-path-in-an-undirected-graph-is-np-hard-np-complete
/questions/13054708/what-is-the-best-way-to-route-paths-in-a-large-grid
/questions/40191155/longest-simple-path-in-sparse-cyclic-graphs
/questions/72146355/shortest-path-graph-bfs-python
/questions/36485866/finding-hamiltonian-path-in-an-undirected-sparse-graph
/questions/9802755/all-the-paths-between-2-nodes-in-graph
/questions/9802755/all-the-paths-between-2-nodes-in-graph
/questions/48255977/graph-theory-start-from-vertex-a-go-through-all-paths-in-both-directions-and
/questions/32557575/algorithm-to-determine-optimal-path-in-weighted-graph
/questions/74608016/how-to-get-the-longest-path-in-python-for-an-undirected-graph-limited-by-specif
/questions/33514350/finding-paths-that-cover-every-node-once-in-weighted-directed-graph-any-languag
/questions/21880419/how-to-find-the-longest-simple-path-in-a-graph
/questions/67955136/getting-sigsegv-error-in-shortest-path-finding-in-graph
/questions/34246026/find-path-in-an-undirected-graph-bfs-java
/questions/28998597/how-to-save-shortest-path-in-dijkstra-algorithm
/questions/34370610/how-to-generate-graphs-with-a-hamiltonian-path
/questions/41605407/how-would-i-take-the-sum-of-different-paths-in-a-graph-with-haskell
/questions/11491244/shouldnt-we-consider-duplicate-paths-in-a-cheapest-first-graph-search-algorithm
/questions/38536569/shortest-path-with-multiple-must-have-nodes-in-graph
/questions/34167530/shortest-positive-path-in-a-directed-acyclic-graph
/questions/12011232/are-paths-in-graph-connected
/questions/4635402/number-of-paths-in-graph
/questions/46770610/finding-paths-in-graphs-with-integer-stack-or-array
/questions/50084752/the-number-of-possible-paths-in-graph
/questions/3441829/shortest-paths-not-path-in-graph
/questions/47584126/computing-many-shortest-paths-in-graph
/questions/31084516/find-paths-in-graphs-using-linq-only
/questions/41248914/finding-all-possible-paths-in-graph
/questions/20262712/enumerating-all-paths-in-a-directed-acyclic-graph
/questions/8052826/longest-path-in-graph
/questions/54600213/finding-all-paths-in-graph-using-neo4j
/questions/1287471/calculating-paths-in-a-graph
/questions/60441722/find-path-in-graphs
/questions/24167662/shortest-paths-in-graph
/questions/32258997/estimate-number-of-n-node-paths-in-graph-using-only-n-and-graph-density
/questions/40449404/how-to-print-paths-in-dfs-manner-in-graphs
/questions/19434438/display-all-the-paths-in-a-graph
/questions/33949235/find-all-possible-paths-in-depth-first-search-in-graph
/questions/25962914/how-to-find-longest-path-in-graph
/questions/61970915/find-number-of-paths-in-a-graph
/questions/3058992/all-possible-paths-in-a-cyclic-undirected-graph
/questions/32321671/compute-all-paths-in-graph-that-has-multiple-inputs-and-one-output
/questions/52146241/couldnt-reach-some-vertices-issue-looking-for-shortest-path-in-graphs
/questions/20901030/common-longest-and-shortest-path-in-graphs
/questions/62755631/simple-path-and-simple-cycle-in-graph-datastructure
/questions/5536108/finding-all-unique-paths-in-an-undirected-graph
/questions/73016381/finding-all-full-paths-in-directed-graph-with-cycles
/questions/22096525/how-to-find-n-most-different-paths-in-a-graph
/questions/35098341/count-the-number-of-euler-paths-in-directed-graph
/questions/52191813/find-all-paths-in-graph-without-start-or-end-node
/questions/37633941/get-list-of-parallel-paths-in-a-directed-graph
/questions/11946755/all-shortest-paths-in-a-dag-directed-acyclic-graph
/questions/63683109/find-all-paths-in-a-graph-though-a-node-vertex
/questions/43075183/finding-all-paths-in-nested-graphs
/questions/70021483/prolog-longest-path-in-graph
/questions/66922766/finding-all-paths-in-graph-python
/questions/75271415/counting-transversal-paths-in-a-graph
/questions/37521097/finding-all-paths-in-graph-python
/questions/34652042/number-of-hamilton-paths-in-an-extremely-dense-undirected-simple-graph
/questions/48643018/doxygen-exclude-path-in-caller-graph
/questions/9803143/find-all-paths-in-a-graph-with-dfs
/questions/12200953/find-all-possible-paths-in-a-directed-cyclic-graph
/questions/57819536/shortest-paths-in-graph-with-labeled-edges
/questions/28207470/eulers-path-in-partially-directed-graph
/questions/1323482/paths-in-complete-graph
/questions/48042626/undirected-graph-for-k-shortest-paths-in-dijkstra-using-java
/questions/68249815/finding-multiple-paths-in-a-directed-networkx-graph
/questions/60051295/parallel-computing-in-graphs
/questions/50078404/find-the-longest-path-in-graph
/questions/29886374/find-short-enough-paths-in-a-given-graph
/questions/14504023/finding-path-in-graph-specific-length
/questions/24361911/encoding-paths-in-a-graph-as-strings
/questions/45979168/efficient-robust-algorithm-for-making-paths-in-a-graph
/questions/76335173/what-algorithm-can-i-use-to-locate-bottleneck-paths-in-an-undirected-graph
/questions/60329862/how-to-export-store-all-paths-in-graph
/questions/67354934/finding-all-the-unique-paths-in-a-graph-and-return-the-cheapest
/questions/38639539/shortest-path-in-graph
/questions/55381144/visualize-all-short-paths-in-graph-using-r
/questions/58149743/how-to-write-all-paths-in-a-directed-graph-with-no-cycles-prolog
/questions/362102/paths-in-undirected-graphs
/questions/41789561/find-longest-path-in-graph
/questions/23809459/print-all-the-possible-shortest-paths-in-a-graph
/questions/50820799/how-to-enable-plain-id-query-rather-than-using-paths-in-api-platform-graphql
/questions/31435812/maximum-weighted-path-in-a-weighted-undirected-graph
/questions/34043582/find-all-possible-paths-in-a-graph-with-a-time-constraint
/questions/15211611/number-of-shortest-paths-in-a-graph
/questions/56418879/shortest-path-in-graph-in-couchdb
/questions/42425788/forbidden-paths-in-a-graph
/questions/23539313/how-to-find-all-eulerian-paths-in-directed-graph
/questions/47675349/path-to-adjacency-matrix-in-networkx
/questions/34577192/number-of-paths-in-a-graph
/questions/54719622/length-and-path-in-graphs-prolog-avoid-infinite-recursion-for-cycles
/questions/64938593/how-to-plot-graph-paths
/questions/49599905/shortest-path-in-directed-graph-in-networkx
/questions/30826865/get-the-longest-path-in-a-graph-with-orientdb
/questions/11741675/source-independent-path-in-graph
/questions/12385103/plotting-career-path-in-graph
/questions/21876119/finding-shortest-path-in-the-dynamic-graph
/questions/15309574/heaviest-path-in-special-graph-php
/questions/73330501/sum-paths-in-weighed-graph
/questions/18450062/is-there-any-algorithm-which-can-find-all-critical-paths-in-dag
/questions/75919833/access-sharepoint-directory-using-path-in-graph-api
/questions/288244/what-is-a-minimal-path-in-a-graph
/questions/10804148/finding-paths-in-a-undirected-graph
/questions/48699082/bfs-traversal-of-all-paths-in-graph-using-adjacency-list
/questions/44482201/build-a-random-hamiltonian-path-in-a-graph
/questions/5453530/graph-path-in-prolog
/questions/71638633/python-method-for-returning-all-possible-paths-in-a-graph-class-dag
/questions/72453880/how-to-find-2-vertex-disjoint-paths-in-a-graph-with-both-paths-having-same-sourc
/questions/70390877/shortest-path-in-graph-with-time-limit
/questions/4041837/finding-paths-in-directed-graph-with-greedy-approach-with-at-least-k-nodes-and-a
/questions/45537144/recursion-find-all-paths-in-graph-matrix-dfs
/questions/19581870/find-all-paths-in-graph-from-a-to-n
/questions/50539868/confusion-regarding-definition-of-path-in-graph-theory
/questions/69574402/graph-theory-paths-in-a-tree-in-python
/questions/60664902/find-maximum-cost-path-in-a-directed-graph
/questions/47314175/how-to-find-all-the-paths-in-a-undirected-graph-touching-all-the-nodes-of-a-give
/questions/61095972/identify-the-path-in-graph-traversing
/questions/28616964/complexity-of-a-recursive-function-that-counts-paths-in-graph
/questions/2525316/longest-acyclic-path-in-a-directed-unweighted-graph
/questions/24682131/find-all-paths-in-directed-cyclic-graph-as-regular-expression
/questions/21039591/how-to-isolate-these-image-included-paths-in-a-graph
/questions/30423802/number-of-shortest-paths-in-weighted-graph
/questions/66786431/shortest-path-in-graph-without-repetitions
/questions/68502937/fastest-way-to-find-all-paths-in-a-directed-acyclic-graph-dag-with-multiple-st
/questions/66786431/shortest-path-in-graph-without-repetitions
/questions/38492280/longest-path-in-graph-using-sql
/questions/52952242/recursive-search-of-all-viable-paths-in-graph-by-edge-length
/questions/26836750/finding-all-paths-in-graph-from-one-node-to-another-node
/questions/46258469/generate-paths-in-using-networkx-graph
/questions/39296708/find-the-common-path-among-all-possible-paths-in-a-directed-graph
/questions/50542749/saving-the-shortest-paths-in-a-graph-using-the-floyd-warshall-algorithm-in-java
/questions/38225966/all-possible-paths-in-an-undirected-graph-with-some-restrictions
/questions/61162702/find-all-possible-paths-in-a-tree
/questions/33272160/find-path-in-graph-with-weighted-vertices
/questions/47200212/find-all-paths-in-graph-given-the-vertices-and-some-restrictions
/questions/7983724/how-to-restrict-certain-paths-in-networkx-graphs
/questions/12654964/finding-maximum-number-of-edge-disjoint-path-in-a-directed-graph
/questions/50109370/k-longest-paths-in-a-dag
/questions/38773864/how-to-implement-the-search-for-all-paths-inside-a-directed-graph-in-javascript
/questions/71986973/how-to-print-the-paths-in-dijkstras-shortest-path-algorithm
/questions/33570497/finding-the-shortest-path-in-a-graph-from-start-to-end-vertex
/questions/41064896/python-list-all-possible-paths-in-graph-represented-by-dictionary
/questions/45515013/all-unique-paths-in-a-directed-acyclic-graph-in-randomized-order-via-python-ge
/questions/13735151/finding-all-paths-in-this-directed-graph
/questions/6873772/sql-postgres-shortest-path-in-graph-recursion
/questions/222413/find-the-shortest-path-in-a-graph-which-visits-certain-nodes
/questions/47741520/the-shortest-path-in-graph-with-increasing-edges
/questions/6524603/prolog-all-paths-in-a-directed-graph-with-loops
/questions/10675762/what-is-wrong-with-printing-a-path-in-graph
/questions/33287985/algorithm-to-find-top-k-paths-in-graph-with-no-common-vertices-negative-weight
/questions/55614464/how-to-implement-simulated-annealing-to-find-longest-path-in-graph
/questions/51301299/mapreduce-length-3-paths-in-directed-graph
/questions/55225913/all-pairs-shortest-paths-in-graph-directed-with-non-negative-weighted-edges
/questions/15858303/longest-path-in-a-direct-acyclic-graph
/questions/7328372/finding-all-paths-in-a-directed-graph-with-cycles
/questions/58929683/find-shortest-path-in-graph-algorithm
/questions/31071458/find-all-paths-in-a-directed-cyclic-graph
/questions/26794782/fetching-specific-paths-from-neo4j-graph-database
/questions/53749374/algorith-which-finds-shortest-path-with-negative-edges-and-without-negative-cycl
/questions/31037331/finding-best-paths-in-a-fully-connected-graph
/questions/50846070/longest-path-in-a-graph-with-dijkstra
/questions/63288246/what-algorithm-should-i-use-to-get-all-possible-paths-in-a-directed-weighted-gra
/questions/2815908/longest-path-in-boost-graph
/questions/14501456/finding-paths-in-undirected-graph-with-specific-cost
/questions/64127304/all-chains-in-graph
/questions/17933643/path-finding-in-an-undirected-graph
/questions/16902956/tracing-paths-in-a-graph-between-two-nodes
/questions/15178178/how-to-find-longest-path-in-graph
/questions/75869200/find-shortest-path-in-graph-by-following-orders-to-visit-node
/questions/14757076/shortest-paths-in-undirected-cyclic-graphs
/questions/16902956/tracing-paths-in-a-graph-between-two-nodes
/questions/17750421/retrieving-all-paths-in-an-owl-class-hierarchy-with-sparql-and-jena
/questions/36899632/k-edge-disjoint-paths-in-a-directed-graph
/questions/34956894/updating-the-matrix-of-paths-in-the-graph
/questions/61364420/ngx-graph-anchor-paths-in-center-of-nodes
/questions/23938214/scala-recursively-building-all-paths-in-a-graph
/questions/65007193/depth-first-search-to-find-path-in-graph
/questions/9833516/how-to-find-all-vertex-disjoint-paths-in-a-graph
/questions/13695432/finding-out-paths-in-a-graph-of-175k-nodes
/questions/29965084/better-way-to-remove-cycles-from-a-path-in-neo4j-graph
/questions/1642139/algorithm-to-find-the-number-of-distinct-paths-in-a-directed-graph
/questions/52399377/finding-all-paths-between-source-and-target-in-graph-tool-return-edges-instead
/questions/35268457/find-possible-paths-in-a-graph-using-neo4j
/questions/35268457/find-possible-paths-in-a-graph-using-neo4j
/questions/53674393/descending-order-of-shortest-paths-in-networkx
/questions/646569/pseudo-code-for-finding-closed-paths-in-a-graph
/questions/30097082/variable-length-matching-over-paths-in-cypher
/questions/27584381/directed-graph-euler-path
/questions/37773839/find-second-shortest-path-in-directred-graph
/questions/33992244/number-of-edge-distinct-paths-in-bipartite-graph
/questions/56456278/finding-n-shortest-paths-in-a-graph
/questions/15782285/minimum-number-of-total-paths-in-a-connected-graph
/questions/41693016/how-to-find-number-of-hamiltonian-paths-in-a-graph
/questions/74631517/find-all-possible-paths-in-a-python-graph-data-structure-without-using-recursive
/questions/43778151/find-all-shortest-paths-in-an-unweighted-graph-from-a-source-to-a-destination
/questions/36312623/get-path-in-graph-with-weighted-vertices-and-edges
/questions/45533193/infinite-loop-when-trying-to-find-the-shortest-path-in-a-graph
/questions/50717859/shortest-path-in-graph-when-it-is-obligatory-to-jump-over-every-second-edge
/questions/40807186/finding-all-possible-paths-in-a-graph-without-cycle
/questions/50717859/shortest-path-in-graph-when-it-is-obligatory-to-jump-over-every-second-edge
/questions/46500318/python-all-simple-paths-in-a-directed-graph
/questions/29730096/c-sharp-linq-graph-database-based-path-search
/questions/76539292/printing-the-paths-in-dijkstras-shortest-path-algorithm-when-the-shortest-path
/questions/53477195/prolog-order-of-clauses-for-finding-path-in-graph
/questions/75790935/finding-all-simple-paths-in-a-graph-using-networkx
/questions/17110014/best-way-to-find-the-most-costly-path-in-graph
/questions/54768946/printing-the-longest-path-in-an-undirected-graph
/questions/34497359/algorithm-for-finding-shortest-k-stride-path-in-graph
/questions/41637208/algorithm-to-test-collision-for-paths-in-undirected-graph
/questions/54441582/find-all-paths-in-dag-from-starting-node
/questions/34794149/creating-the-number-of-shortest-paths-in-a-directed-graph
/questions/60584568/find-two-non-overlapping-paths-in-undirected-graph
/questions/73253421/finding-all-possible-paths-on-a-graph-data-structure
/questions/66809440/how-to-find-shortest-path-and-longest-path-in-an-undirected-graph
/questions/18549965/most-rewarding-path-in-a-graph
/questions/73939287/how-to-find-all-unique-paths-of-a-graph-from-a-source-point-to-a-destination
/questions/67144584/reconstructing-the-shortest-path-in-a-graph-in-bfs
/questions/74923556/visit-all-edges-in-a-graph-with-minimum-number-of-paths
/questions/21325333/shortest-and-longest-path-in-a-topologically-sorted-unweighted-directed-acyclic
/questions/13435990/finding-all-paths-in-directed-graph-with-specific-cost
/questions/53399505/why-finding-the-longest-path-in-a-graph-is-np-hard
/questions/28016967/finding-top-x-shortest-path-in-complete-graph
/questions/49491355/bfs-modification-to-find-compatible-paths-in-a-directed-graph
/questions/54970810/all-shortest-paths-in-a-graph-with-one-alteration
/questions/23515881/efficient-algorithm-to-find-all-paths-between-two-nodes-in-less-time
/questions/55636977/how-can-i-specify-paths-in-fuseki
/questions/21513324/how-to-find-shortest-path-in-a-directed-graph-that-has-edge-weights-either-0-or
/questions/61688061/what-is-minimal-path-in-graph-after-dijkstras-algorithm
/questions/5333161/algorithms-to-find-the-number-of-hamiltonian-paths-in-a-graph
/questions/62326835/unvisited-neigbours-in-graph-path
/questions/50935420/how-to-find-two-disjoint-paths-in-a-bidirectional-graph
/questions/44679843/printing-all-paths-in-a-directed-graph-using-lists
/questions/57717949/find-all-cyclic-paths-in-a-directed-graph
/questions/6996277/smallest-path-in-graph-theory-social-network-analysis
/questions/31016467/control-flow-graphs-find-all-linearly-independent-paths
/questions/15549573/optimize-neo4j-cypher-path-finding-with-limited-paths-in-an-undirected-graph
/questions/41129082/shortest-path-in-a-giant-graph
/questions/17400499/are-there-internal-algorithms-in-neo4j-for-community-detection
/questions/54978570/longest-path-in-a-weighed-non-directed-graph
/questions/5446438/finding-the-hamiltonian-path-in-a-directed-cyclic-graph
/questions/9752461/how-to-find-the-best-path-in-graph-with-weighted-nodes-and-vertices
/questions/62142435/longest-path-in-ordered-graph-pseudocode
/questions/10878617/graph-algorithm-involving-chess-possible-paths-in-k-moves
/questions/10878617/graph-algorithm-involving-chess-possible-paths-in-k-moves
/questions/2053181/number-of-shortest-paths-between-2-vertex-of-a-graph
/questions/37446886/longest-path-in-small-graph-with-small-degree
/questions/61271229/2-shortest-paths-in-weighted-directed-graph-without-intersection
/questions/47998220/longest-path-in-a-graph
/questions/29314795/python-igraph-get-all-possible-paths-in-a-directed-graph
/questions/30975040/shortest-path-in-a-directed-graph-with-incorporating-global-path-weight
/questions/15849182/find-total-distinct-paths-in-a-graph-with-given-constraints
/questions/62146042/can-i-use-relative-path-in-open-graph
/questions/37485859/unique-paths-undirected-cyclic-graph
/questions/37070222/python-all-shortest-paths-in-disconnected-components-of-a-graph
/questions/2529130/graph-longest-path
/questions/13128820/is-there-an-open-source-implementation-of-shortest-path-algorithm-with-distance
/questions/55735040/find-minimum-weighted-path-in-a-vector-of-tuples-representing-a-graph
/questions/19314779/issus-in-code-to-find-the-total-number-of-distinct-nodes-visited-considering-al
/questions/58009822/calculate-shortest-path-in-graph-with-weighted-vertices
/questions/6037130/most-efficient-way-to-index-and-query-paths-in-a-graph
/questions/75746481/find-all-possible-path-in-graph-using-function-in-js
/questions/64681887/check-if-exists-any-path-in-di-graph
/questions/9171686/hamiltonian-paths-social-graph-algorithm
/questions/40404146/how-to-calculate-the-shortest-path-between-two-vertices-in-graph-with-given-para
/questions/70373677/how-do-i-find-the-longest-path-in-a-weighted-graph
/questions/70018065/find-path-in-graph-by-backtracking-using-prolog
/questions/67933737/find-heaviest-path-in-grid-like-graph
/questions/74086766/how-to-find-total-cost-of-each-path-in-graph-using-dictionary-in-python
/questions/38895993/conversation-id-leads-to-unkown-path-in-graph-api
/questions/29522351/longest-path-in-an-undirected-unweighted-graph
/questions/72742661/findings-common-paths-in-two-graphs-using-python-networkx
/questions/60447972/filter-and-sort-alternativ-paths-in-a-graph-based-environment
/questions/21503129/average-shortest-path-in-unweighted-undirected-graph
/questions/11440353/find-the-maximum-number-of-vertex-disjoint-paths-in-a-graph-with-a-constraint
/questions/72191633/how-to-automate-creating-directed-graph-using-networkx-or-graphviz-in-python-for
/questions/13881004/undirected-graph-into-minimum-cost-union-of-paths
/questions/28027779/finding-all-paths-in-a-graph-including-a-vertex
/questions/63141875/is-there-an-efficient-way-to-find-shortest-paths-in-a-functional-graph
/questions/28080189/match-only-full-paths-in-neo4j-with-cypher-not-sub-paths
/questions/21398147/shortest-path-in-a-graph
/questions/36892272/spark-graphx-fails-to-find-connected-components-in-graphs-with-few-edges-and-lo
/questions/38084571/finding-second-shortest-path-in-a-graphwith-backtracking
/questions/20334161/finding-first-meeting-point-of-paths-in-directed-acyclic-graph
/questions/48242719/construct-graph-nodes-and-edges-from-points-and-paths
/questions/52660180/how-to-create-relationships-among-similar-parallel-paths-in-neo4j
/questions/12665303/dijkstra-algorithm-alternatives-shortest-path-in-graph-bus-routes
/questions/68311743/print-possible-all-path-in-graph-in-python-using-dictionaries
/questions/54754866/all-shortest-paths-in-a-graph-using-k-reverse-edges
/questions/54754866/all-shortest-paths-in-a-graph-using-k-reverse-edges
/questions/36071435/java-finding-the-shortest-path-in-a-graph
/questions/23179502/shortest-partial-path-in-a-graph
/questions/4746452/optimal-solution-for-all-possible-acyclic-paths-in-a-graph-problem
/questions/69065689/finding-minimal-paths-that-cover-all-edges-at-least-once-in-directed-graphs-with
/questions/26855184/floyd-warshall-all-pairs-shortest-paths-on-weighted-undirected-graph-boost-g
/questions/29563566/find-the-minimum-variance-path-in-directed-acyclic-graph
/questions/59343417/how-to-get-the-shortest-path-in-a-weighted-graph-with-networkx
/questions/35380150/finding-all-possible-paths-in-a-fully-connected-graph-in-python
/questions/29334100/matching-paths-to-graph-using-branch-bound
/questions/23491556/determine-the-longest-unidirectional-path-in-a-directed-disconnected-graph
/questions/18468973/find-path-between-two-nodes-in-graph-according-to-given-criteria-optimization
/questions/22308842/finding-the-shortest-path-in-a-colored-graph
/questions/55089606/networkx-find-the-most-appearing-paths-in-weighted-network
/questions/49987759/the-shortest-path-between-nodes-in-graph
/questions/33845552/find-all-pair-shortest-path-in-a-large-scale-of-graph
/questions/40303805/finding-the-longest-path-in-a-complete-directed-graph
/questions/25442365/how-to-make-a-recursive-function-for-find-all-euler-path-in-a-graph
/questions/27681651/find-all-possible-paths-in-undirected-graph-between-2-nodes
/questions/30871579/recursion-function-in-graph-path-finding
/questions/73282035/how-to-highlight-any-given-path-in-pyvis-network-graph-visualization
/questions/20060357/dijktra-algorithm-vs-breath-first-search-for-shortest-path-in-graph
/questions/16550292/all-shortest-paths-for-weighted-graphs-with-networkx
/questions/49820455/d3-update-paths-and-circles-in-graph
/questions/18552964/finding-path-with-maximum-minimum-capacity-in-graph
/questions/72565812/bfs-for-finding-all-shortest-paths-in-a-grid
/questions/58601605/shortest-path-in-unweighted-graph-using-dfs-and-stack
/questions/59592052/how-to-count-the-different-paths-in-a-graph-given-a-source-node-and-a-path-lengt
/questions/49353702/finding-shortest-path-in-a-cyclic-weighted-graph
/questions/27564254/find-a-path-in-a-complete-graph-with-cost-limit-and-max-reward
/questions/54495449/shortest-path-in-a-graph-in-es6
/questions/28730153/find-all-paths-in-a-directed-unweighted-graph-for-a-selected-node
/questions/35199804/validate-a-given-path-and-find-total-number-of-valid-paths-in-an-undirected-and
/questions/36585575/finding-paths-in-dag-directed-acyclic-graph-given-destination
/questions/23968982/using-stdistance-in-sql-server-to-find-shortest-path-in-graph
/questions/30558133/finding-the-shortest-path-in-a-maze-graph-using-adjacency-matrix
/questions/51570027/find-all-possible-paths-in-a-directed-acyclic-graph-in-matlab
/questions/58142385/using-bfs-dfs-to-find-path-with-maximum-weight-in-directed-acyclic-graph
/questions/60046231/finding-shared-edges-in-two-paths-in-a-boost-graph
/questions/60360376/count-all-possible-paths-in-a-graph-database-for-multiple-vertices
/questions/6822774/algorithm-to-compare-similarity-of-directed-paths-through-directed-graph
/questions/8909423/find-the-shortest-paths-in-a-graph-from-s-to-all-vertices
/questions/52862402/better-performance-for-the-shortest-paths-in-undirected-unweighted-graph
/questions/26791473/longest-path-in-ordered-graph
/questions/37527469/shortest-path-in-precedence-graph
/questions/12996886/all-paths-in-a-graph-between-2-nodes-after-implementing-dijkstra
/questions/37527469/shortest-path-in-precedence-graph
/questions/43831115/longest-path-in-directed-acyclic-graph-in-jgrapht-library
/questions/51421230/find-the-shortests-paths-in-an-unweighted-graph-by-a-max-flow-constraint
/questions/35583151/find-k-shortest-paths-with-graph-tool
/questions/9459113/algorithm-for-finding-undirected-graph-path
/questions/75625919/find-all-paths-in-undirected-acyclic-graph-using-prolog
/questions/66790637/how-to-find-minimum-cost-path-in-a-directed-graph
/questions/61992934/is-there-an-algorithm-to-extend-the-shortest-path-in-a-graph-until-it-cannot-be
/questions/58934990/all-possible-path-in-a-graph
/questions/42404491/why-graph-doesnt-find-correct-path
/questions/14227345/longest-path-in-a-particular-type-of-graph
/questions/69660259/all-shortest-paths-in-networkx-subject-to-routing-criteria
/questions/53512168/how-to-apply-dynamic-programming-to-compute-shortest-path-in-graph
/questions/41227153/find-edge-disjoint-paths-not-the-number-the-paths
/questions/27534092/finding-a-single-path-in-a-graph-using-dfs
/questions/54534983/how-do-i-find-eulerian-paths-in-a-mixed-directed-undirected-graph
/questions/71433438/describing-graph-with-constriants-from-physical-world
/questions/49068832/finding-longest-cyclic-path-in-a-graph-with-gremlin
/questions/5783440/single-destination-shortest-path-in-a-graph
/questions/21918436/total-number-of-paths-in-directed-acyclic-graph-containing-a-specific-link
/questions/33837977/all-non-redundant-paths-in-a-directed-graph-digraph-from-networkx-python
/questions/72930650/finding-longest-path-in-a-directed-cyclic-graph
/questions/7711747/finding-a-pair-of-edge-disjoint-paths-in-a-graph-such-that-the-lengths-of-each
/questions/15105803/constrained-shortest-path-in-a-graph
/questions/71729090/find-all-paths-in-a-directed-graph-that-pass-a-single-node-networkx
/questions/14623738/longest-path-in-directed-acyclic-unweighted-graph-in-linear-time
/questions/28886286/depth-first-search-and-the-longest-path-in-a-graph
/questions/40888997/find-longest-path-in-graph-where-each-node-has-at-most-two-incoming-and-two-outg
/questions/28824640/find-all-possible-paths-in-a-graph-using-matlab-brute-force-search
/questions/70396339/shortest-path-algorithm-in-graph-for-queries
/questions/10462736/graph-dijkstra-for-the-single-source-longest-path
/questions/53980396/kth-shortest-path-in-undirected-graph
/questions/15188035/display-path-in-a-weighted-graph
/questions/64754349/simple-path-in-graph-with-special-nodes-with-max-amount-of-special-nodes
/questions/8098704/how-can-i-find-all-long-simple-acyclic-paths-in-a-graph
/questions/38227355/point-to-point-path-in-a-graph
/questions/36146031/find-shortest-path-in-a-directed-graph-that-goes-through-some-specified-vertices
/questions/23546320/find-two-paths-in-a-graph-that-are-in-distance-of-at-least-dconstant
/questions/49456117/most-visited-node-after-travelling-q-paths-in-a-graph
/questions/47744557/finding-a-path-in-a-graph-in-prolog
/questions/24024411/highlighting-the-shortest-path-in-a-networkx-graph
/questions/5370902/shortest-path-in-colored-edge-graph
/questions/23259298/path-of-length-n-in-graph-with-constraints
/questions/14724902/using-breadth-first-search-to-find-all-possible-paths-in-an-undirected-graph
/questions/789198/the-shortest-path-in-cycle-directed-graph
/questions/15160640/splitting-of-a-graph-into-cycles-and-then-into-paths
/questions/35732479/minimum-penalty-path-in-weighted-graph
/questions/16615179/trouble-with-dijkstra-finding-all-minimum-paths
/questions/70241643/finding-the-shortest-path-with-only-passing-specific-edge-less-or-equal-to-one-t
/questions/24476027/shortest-path-in-a-complement-graph-algorithm
/questions/16342579/graph-paths-abstraction-algorithm-needed
/questions/10881014/how-to-find-path-of-exact-length-in-graph
/questions/63792952/get-all-paths-in-a-graph-from-a-node-but-only-ones-which-terminate
/questions/27944340/longest-path-in-unweighted-undirected-graph
/questions/45521635/find-number-of-shortest-paths-in-an-unweighted-undirected-graph-using-adejacenc
/questions/29320556/finding-longest-path-in-a-graph
/questions/16618763/discover-all-paths-in-single-source-multi-terminal-possibly-cyclic-directed-g
/questions/52600185/creating-a-tree-graph-in-r-that-maps-frequency-of-paths
/questions/3038661/efficiently-finding-the-shortest-path-in-large-graphs
/questions/11338429/given-a-list-of-paths-through-a-graph-efficiently-find-the-ones-that-use-each-e
/questions/40959568/shortest-path-in-graph-where-cost-depends-on-the-history-of-traversing
/questions/2564058/search-all-paths-and-the-shortest-path-for-a-graph-prolog
/questions/30622298/finding-all-possible-paths-between-all-vertices-of-a-graph
/questions/10872298/cycle-detection-in-graphs-containing-multiple-cycles
/questions/16443833/find-all-possible-paths-w-o-loops-in-graph-in-prolog
/questions/4127754/shortest-path-in-directed-acyclic-graph
/questions/67045625/how-to-find-all-paths-in-a-graph-that-start-with-some-initial-partial-path
/questions/73704574/time-complexity-of-the-generic-algorithm-for-finding-shortest-path-in-a-graph
/questions/17372784/find-minimum-bottleneck-path-in-a-graph
/questions/22353396/additional-constraints-during-searching-shortest-path-in-weighted-graph-using-ne
/questions/68519848/shortest-path-in-the-bidirectional-weighted-graph
/questions/26342979/sql-graph-shortest-path-algorithm
/questions/40835006/path-between-two-nodes-in-graph
/questions/69291666/vertex-disjoint-paths-with-specific-length-in-graph
/questions/67975911/determine-maximal-path-in-a-directed-graph
/questions/59237942/graph-non-simple-path-longest-path
/questions/44399092/is-there-an-algorithm-to-get-all-minimal-paths-between-all-nodes-in-a-weight-gra
/questions/52260577/shortest-path-in-directed-graph-with-cycles-of-negative-length
/questions/51751256/update-path-when-point-in-graph-is-moving
/questions/29313812/create-a-list-of-all-possible-paths-in-a-graph-given-a-starting-and-ending-point
/questions/18620821/shortest-paths-in-linked-graphs
/questions/75908954/how-to-get-the-shortest-path-in-graph-between-two-vertexes
/questions/13795376/scala-how-to-find-and-return-a-loopy-path-in-a-directed-graph
/questions/26331593/max-weight-set-of-disjoint-paths-of-length-k-in-a-graph-g
/questions/68268366/find-all-possible-paths-in-a-graph-with-multiple-edges-between-two-neighbor-node
/questions/13239000/how-do-i-find-the-5-most-weighty-paths-in-a-directed-acyclic-graph
/questions/33652310/longest-path-in-unweighted-undirected-graph-each-node-visited-only-once
/questions/54136339/shortest-path-in-weighted-directed-graph
/questions/54136339/shortest-path-in-weighted-directed-graph
/questions/41919194/find-least-colorful-path-in-a-graph
/questions/67624933/finding-a-cycle-path-in-directed-graph
/questions/51509332/java-find-the-shortest-reverse-path-in-a-graph-using-dijkstra
/questions/4252215/optimizations-for-longest-path-problem-in-cyclic-graph
/questions/40751082/how-can-i-analyse-and-discover-all-possible-paths-in-an-activity-network
/questions/66117884/depth-search-of-a-path-in-tree-or-graph-data-structures
/questions/33966422/graph-path-finder
/questions/51465593/longest-non-repetitive-path-in-a-graph
/questions/51385798/find-every-paths-in-any-direction-with-specified-labels-and-hops
/questions/5060827/enumerate-all-paths-in-a-weighted-graph-from-a-to-b-where-path-length-is-between
/questions/43171925/is-there-a-counter-example-for-this-algorithm-finding-the-euler-path-in-a-euleri
/questions/39772152/printing-the-shortest-path-in-a-directed-graph
/questions/29794131/how-to-cover-maximum-number-of-nodes-via-given-path-in-a-graph
/questions/72145165/determine-if-the-shortest-path-in-a-graph-is-unique
/questions/21369799/enumerate-all-paths-from-a-single-source-in-a-graph
/questions/14578626/breadth-first-search-for-searching-all-paths-between-any-two-nodes-in-a-cyclic-g
/questions/54708178/efficient-calculations-of-paths-with-shared-subpaths-in-directed-graph
/questions/43452503/how-to-merge-multipath-in-one-single-path-to-create-a-graph
/questions/11864427/program-to-find-number-of-hamiltonian-paths-in-a-graph-given-start-and-end-point
/questions/41092942/infinite-loop-while-looking-for-all-the-paths-in-a-graph-in-python
/questions/38669453/ancestry-path-with-path-id-or-group-id-and-level-in-graph-sql-server-2008
/questions/20330787/find-all-distinct-paths-in-a-directed-graph-and-compute-minimal-cost
/questions/10867128/finding-longest-path-in-directed-acyclic-graph
/questions/48842829/shortest-path-in-directed-graph-g
/questions/64734452/sparql-how-can-i-find-the-shortest-path-through-multiple-nodes-in-a-rdf-graph
/questions/62906608/dfs-and-lexicographic-path-in-directed-graph
/questions/67417666/how-to-keep-track-of-path-in-bfs-graph-search-javascript
/questions/29496992/claims-on-shortest-path-between-two-node-in-graph
/questions/64722638/finding-the-longest-path-in-an-unweighted-graph
/questions/59292359/invalid-request-trying-to-get-sharepoint-site-resource-by-path-in-graph-api
/questions/70223321/finding-the-shortest-path-in-a-graph-with-teleports
/questions/60920305/how-to-get-all-paths-from-leaf-to-the-root-in-a-special-graph
/questions/20479166/unique-path-in-an-undirected-graph
/questions/28900290/querying-a-graph-path-in-sparql
/questions/31738058/how-to-find-alternative-redundant-shortest-paths-with-graph-tool
/questions/64721732/longest-path-in-undirected-vs-directed-graph
/questions/40233089/shortest-path-in-a-graph-how-to-return-to-origin
/questions/68704992/do-the-shortest-paths-in-from-a-node-in-a-graph-to-all-others-form-a-tree
/questions/17629693/unweighted-directed-graph-path-finding-fastest
/questions/56222301/runtime-of-singe-source-shortest-paths-in-the-directed-acyclic-graphs-algorithm
/questions/69787045/longest-path-in-weighted-cycle-directed-graph
/questions/17530201/all-non-cyclic-paths-in-a-directed-graph-between-source-destination-using-memo
/questions/75905386/find-longest-path-in-directed-acyclic-graph
/questions/31406328/all-paths-in-directed-tree-graph-from-root-to-leaves-in-igraph-r
/questions/66464249/networkx-finding-common-nodes-between-different-shortest-paths-in-a-graph-is-t
/questions/13249057/dijkstra-find-shortest-path-in-directed-graph
/questions/54610676/travelling-salesman-problem-for-a-tree-graph-no-hamiltonian-path
/questions/16177318/get-all-the-paths-between-2-nodes-in-a-directed-graph
/questions/23676543/finding-a-path-in-a-directed-graph-in-python
/questions/42882085/genetic-algorithm-shortest-path-in-weighted-graph
/questions/69778506/manual-analysis-to-determine-if-the-path-taken-in-the-graph-is-the-shortest-path
/questions/3108434/vocabulary-path-in-a-graph-of-objects
/questions/26272830/finding-shortest-path-in-non-weighted-graphs
/questions/1636826/how-can-i-find-the-shortest-path-in-a-graph-with-adding-the-least-number-of-new
/questions/50435754/retrieving-all-pair-shortest-path-of-a-dynamic-graph-efficiently
/questions/65706217/find-the-minimum-weighted-path-in-a-graph-with-additional-conditions
/questions/48898447/using-scipys-minimize-to-find-the-shortest-path-in-a-graph
/questions/50294161/breaking-relationship-cycles-when-constructing-paths-in-cypher
/questions/12118656/shortest-path-in-an-undirected-and-complete-graph
/questions/71581404/optimal-path-in-a-graph-with-node-and-edge-weights
/questions/37034325/how-to-find-probability-of-path-in-a-directed-graph
/questions/70525551/can-we-find-all-paths-from-source-to-destination-in-an-undirect-graph-without-df
/questions/43435799/path-with-the-minimum-number-of-alterations-in-graph-with-colored-edgest
/questions/46631384/graph-theory-all-paths-with-given-distance
/questions/62468011/how-to-travel-a-graph-and-return-a-minimum-path
/questions/11786627/how-to-find-the-longest-path-in-an-acyclic-directed-graph-using-ogdf-library
/questions/62587022/finding-all-possible-simple-path-in-an-undirected-graph-is-np-hard-np-complete
/questions/13054708/what-is-the-best-way-to-route-paths-in-a-large-grid
/questions/40191155/longest-simple-path-in-sparse-cyclic-graphs
/questions/72146355/shortest-path-graph-bfs-python
/questions/36485866/finding-hamiltonian-path-in-an-undirected-sparse-graph
/questions/9802755/all-the-paths-between-2-nodes-in-graph
/questions/9802755/all-the-paths-between-2-nodes-in-graph
/questions/48255977/graph-theory-start-from-vertex-a-go-through-all-paths-in-both-directions-and
/questions/32557575/algorithm-to-determine-optimal-path-in-weighted-graph
/questions/74608016/how-to-get-the-longest-path-in-python-for-an-undirected-graph-limited-by-specif
/questions/33514350/finding-paths-that-cover-every-node-once-in-weighted-directed-graph-any-languag
/questions/21880419/how-to-find-the-longest-simple-path-in-a-graph
/questions/67955136/getting-sigsegv-error-in-shortest-path-finding-in-graph
/questions/34246026/find-path-in-an-undirected-graph-bfs-java
/questions/28998597/how-to-save-shortest-path-in-dijkstra-algorithm
/questions/34370610/how-to-generate-graphs-with-a-hamiltonian-path
/questions/41605407/how-would-i-take-the-sum-of-different-paths-in-a-graph-with-haskell
/questions/11491244/shouldnt-we-consider-duplicate-paths-in-a-cheapest-first-graph-search-algorithm
/questions/38536569/shortest-path-with-multiple-must-have-nodes-in-graph
/questions/34167530/shortest-positive-path-in-a-directed-acyclic-graph
