/questions/102398/priority-queue-in-net
/questions/6976559/comparison-of-priority-queue-implementations-in-haskell
/questions/40623456/is-there-a-priority-queue-implementation-in-ats
/questions/12385375/multiway-priority-queue-implementation
/questions/13748826/reusable-priority-queue-implementation-in-google-go
/questions/10613186/priority-queue-implementation-in-c-sharp
/questions/4204250/is-there-priority-queue-data-structure-implementation-in-rubys-standard-library
/questions/29045403/best-data-structure-for-priority-queue-implementation
/questions/2613994/priority-queue-implementation-in-c
/questions/9969236/how-to-implement-priority-queues-in-python
/questions/31538199/indirect-priority-queue-implementation
/questions/13777298/priority-queue-implementation-in-go
/questions/42919469/efficient-way-to-implement-priority-queue-in-javascript
/questions/65277901/heap-based-priority-queue-implementation
/questions/43304890/priority-queue-implemented-heap
/questions/18993269/difference-between-priority-queue-and-a-heap
/questions/19744829/python-priority-queue-implementation
/questions/16497017/priority-queue-implementation
/questions/50119755/does-hazelcast-have-a-distributed-priority-queue-implementation
/questions/32707705/priority-queue-implementation-logical-error-in-c
/questions/20944305/priority-queue-implementation-explanation
/questions/2714754/php-priority-queue-implementation
/questions/24372257/implementing-priority-queue-using-hashmap
/questions/30881154/blockarray-implementation-of-a-priority-queue
/questions/28940006/c-priority-queue-implementation-to-sort-graph-edges
/questions/11203875/fast-double-valued-priority-queue-implementation-in-java
/questions/59235229/generic-priority-queue-java-implementation
/questions/4016509/concurrent-priority-queue-in-net-4-0
/questions/61824879/an-efficient-way-to-implement-circular-priority-queue
/questions/50396835/priority-queue-implementation-with-updatepriority-olog-n
/questions/61378579/trouble-understanding-priority-queue-implementation-of-dijkstra
/questions/10796509/implementation-of-priority-queue-by-avl-tree-data-structure
/questions/7300776/brodal-priority-queue-implementation
/questions/29392938/java-min-heap-priority-queue-implementation
/questions/46448125/priority-queue-using-heap-difference-between-javascript-and-c-implementation
/questions/5545634/java-priority-queue-implementation-memory-locality
/questions/10595020/priority-queue-heap-implementation
/questions/2702913/implementing-java-priority-queue
/questions/16139350/priority-queue-implementation-for-kernel-thread-timer-interrupt
/questions/33843494/implementation-of-editable-priority-queue
/questions/650197/correct-heap-implementation-in-a-priority-queue
/questions/5329312/free-implementation-of-bounded-priority-queue-in-c
/questions/27241925/heap-priority-queue-implementation
/questions/26838803/spring-amqp-rabbitmq-implementing-priority-queue
/questions/62189350/what-is-the-different-ways-to-implement-priority-queue
/questions/42573279/implement-queue-priority-in-rabbitmq
/questions/48141157/implementing-priority-queues-and-heaps
/questions/4873472/how-to-implement-stack-using-priority-queue
/questions/16304995/implement-priority-queue-in-elevator
/questions/49435076/compiler-error-with-priority-queue-implementation
/questions/30358520/how-to-implement-regular-queue-using-priority-queue
/questions/47209558/min-heap-vs-ordinary-array-implementation-of-priority-queue
/questions/14412793/implement-decreasekey-in-stl-priority-queue-c
/questions/37322277/c-dijkstra-heap-priority-queue-implementation
/questions/59277740/priority-queue-implementation-for-sqs-spring-and-java
/questions/11533580/prims-algorithm-with-priority-queues-implementation
/questions/71322188/how-to-implement-priority-queue-using-custom-interfaces-as-attached-in-both-the
/questions/43213688/priority-queue-implementation-in-c-changing-chars-to-ints
/questions/41720334/how-to-implement-queue-and-priority-queue-in-tcl
/questions/3326512/f-priority-queue
/questions/11789038/does-r-have-a-priority-queue-like-javas-priorityqueue
/questions/53980673/priority-queues-implemented-with-avl-in-python
/questions/43405251/which-implementation-of-priority-queue-will-be-effective-if-there-are-huge-numbe
/questions/67818209/how-to-implement-priority-queue-in-dart
/questions/1354204/how-to-implement-a-multiprocessing-priority-queue-in-python
/questions/3974292/priority-queue-with-a-find-function-fastest-implementation
/questions/25437682/use-a-linked-list-to-implement-a-priority-queue
/questions/28755191/priority-queue-implemented-by-vector-using-abstract-class-c
/questions/63644913/adaptive-trapezoidal-rule-and-clarifications-on-priority-queue-implementation
/questions/8253889/how-to-implement-priority-queue-in-c-programming
/questions/41166353/change-priority-of-a-priority-queue
/questions/20869538/how-to-implement-a-priority-queue-using-two-queues
/questions/29907479/python-using-my-heap-in-a-priority-queue-implementation
/questions/15958966/generics-and-arraylist-to-implement-a-priority-queue
/questions/22094737/implement-a-priority-queue-using-only-one-stack
/questions/1505747/database-based-priority-queue
/questions/44357058/nullpointerexception-while-implementing-priority-queue-with-nodes
/questions/18092115/comparator-class-implementation-for-priority-queue-used-in-dijkstras-algorithm
/questions/74435076/priority-queue-implementation-using-a-heap-should-i-do-it-through-inheritance
/questions/46996064/how-to-update-elements-within-a-heap-priority-queue
/questions/35043596/how-to-implement-a-stack-using-a-priority-queue
/questions/28970289/how-to-implement-a-priority-queue-using-sqsamazon-simple-queue-service
/questions/39692920/please-describe-how-to-use-a-priority-queue-to-implement-a-queue
/questions/12430272/priority-queue-that-utilizes-bst-deletelargest-doesnt-work
/questions/42029685/comparing-attribute-of-an-object-in-implementation-of-priority-queue
/questions/15271875/how-to-implement-the-priority-queue-in-dijkstras-algorithm
/questions/26398209/trouble-implementing-priority-queue-java
/questions/19745116/python-implementing-a-priority-queue
/questions/67635332/why-is-the-dijkstra-implementation-working-even-if-i-use-simple-queue-instead-of
/questions/15343742/how-do-i-implement-a-minimum-priority-queue
/questions/33625157/how-to-implement-priority-queue-in-c
/questions/12481256/why-does-dijkstras-algorithm-use-a-heap-priority-queue
/questions/69010438/implementing-priority-queues-in-java
/questions/10798958/priority-queue-in-r-for-optics-implementation
/questions/64432134/implementing-priority-queue-in-python
/questions/23607307/priority-queue-for-common-lisp
/questions/9209323/easiest-way-of-using-min-priority-queue-with-key-update-in-c
/questions/407734/a-generic-priority-queue-for-python
/questions/2680365/running-time-for-dijkstras-algorithm-on-a-priority-queue-implemented-by-sorted
/questions/61543179/mst-prim-implemented-by-a-min-priority-queue
/questions/61549106/implementation-of-priority-queue-using-linked-list
/questions/63473392/issue-with-implementing-custom-comparator-for-priority-queue-in-java
/questions/15782168/java-priority-queue-implementation-iterable-in-proper-order
/questions/27136691/is-there-a-simple-way-to-implement-a-fast-priority-queue-in-haskell
/questions/42747899/priority-queue-linked-list-implementation-in-c-enqueue-operation-failure
/questions/8939054/what-is-the-programmers-default-selection-for-implementation-of-priority-queue
/questions/21254442/implementing-dijkstras-algorithm-using-priority-queue
/questions/17009056/how-to-implement-ologn-decrease-key-operation-for-min-heap-based-priority-queu
/questions/47208006/implementing-priority-queue-by-linked-list-in-java
/questions/7742426/how-to-implement-priority-queues-in-rabbitmq-pika
/questions/58795166/if-priority-queue-is-the-implementation-of-min-heap-how-does-priority-queue-pro
/questions/64198092/lru-cache-implementation-in-python-using-priority-queue
/questions/39979359/implementing-simple-priority-queue-using-vector-in-c
/questions/32432945/how-to-implement-a-distributed-priority-queue-without-using-zookeeper
/questions/30496941/trying-to-implement-priority-queue-for-nearest-neighbor-search
/questions/64723276/min-priority-queue-insertion-implementation-with-sorted-arraylist
/questions/26691609/implementing-a-priority-queue-with-a-min-heap
/questions/39542504/how-to-implement-priority-queue-with-unordered-linkedlist
/questions/48840649/constructing-a-priority-queue-of-vectors
/questions/57515041/priority-queue-implementation-in-stl
/questions/5785351/find-minimum-in-array-of-numbers-using-verilog-for-priority-queue-implementation
/questions/4418492/how-do-i-priority-queue-implementation-using-circular-queue-in-c
/questions/58073288/trying-to-implement-a-priority-queue-in-a-different-way
/questions/62996723/dijkstra-with-a-priority-queue-python
/questions/16454262/priority-queue-implemented-with-a-concurrentskiplistmap-unsure-how-to-make-cons
/questions/2288241/priority-queue-with-dynamic-item-priorities
/questions/57083479/how-can-i-create-priority-queue-that-contains-my-class-implementation
/questions/18683764/java-implement-priority-queue-using-binary-heap-errors
/questions/49065781/limit-size-of-the-priority-queue-for-gos-heap-interface-implementation
/questions/7383747/implement-a-linked-list-priority-queue-in-c
/questions/50893247/priority-queues-array-based-implementation
/questions/37498261/why-are-priority-queues-implemented-as-binary-heap
/questions/40348373/java-how-to-implement-functions-in-a-heap-based-priority-queue
/questions/67378032/using-a-priority-queue
/questions/76616684/how-to-implement-priority-queue-with-redis
/questions/67708623/priority-queue-implementation-using-arrays
/questions/65195239/using-heapsort-vs-js-object-to-implement-priority-queue-in-javascript
/questions/15117246/removing-tail-element-of-priority-queue
/questions/6952660/java-priority-queue-reordering-when-editing-elements
/questions/26171902/insertion-into-a-priority-queue-implemented-by-doubly-linked-list-with-sentinels
/questions/33910821/heap-implementation-of-priority-queue
/questions/74620124/how-to-implement-string-priority-queue-with-checking-message-priority
/questions/63931629/c-whats-the-best-way-to-implement-a-priority-queue-with-varying-priority-func
/questions/52429914/event-driven-simulation-using-priority-queue-implemented-with-binary-heap
/questions/12960197/advanced-priority-queue
/questions/29721704/single-source-shortest-path-implementation-priority-vs-fifo-queue
/questions/4237323/cuda-on-thrust-how-to-implement-priority-queue
/questions/6909617/how-to-preserve-the-order-of-elements-of-the-same-priority-in-a-priority-queue-i
/questions/6344102/dequeue-a-priority-queue
/questions/18726774/matching-function-arguments-in-generic-priority-queue-type
/questions/52798862/implementing-priority-queue
/questions/6501357/starvation-free-priority-queue-c-sharp
/questions/25941673/can-i-use-priority-queue-in-java-without-implementing-a-comparator
/questions/68585821/how-can-i-implement-a-numba-jitted-priority-queue
/questions/65766313/how-can-we-implement-priority-queue-instead-of-queue-to-breadth-first-traversal
/questions/50735252/efficient-implementation-of-bpe-using-priority-queue
/questions/12093053/concurrent-mutable-priority-queue
/questions/19671755/trying-to-implement-a-priority-queue-with-an-ordered-linked-list
/questions/65516055/how-can-we-implement-priority-queue-using-hashmapusing-key-value-approach-in-r
/questions/59331424/why-find-minimum-operation-in-priority-queue-implemented-in-unsorted-array-take
/questions/62271368/how-to-implement-correct-sorting-algorithm-in-priority-queue
/questions/65882138/implementing-priority-queue-using-max-heap-vs-balanced-bst
/questions/50432664/why-would-a-min-heap-be-preferable-to-a-max-heap-to-implement-a-priority-queue
/questions/47233536/issue-implementing-a-in-c-with-priority-queues
/questions/41369074/priority-queue-not-comparing-correctly-c
/questions/41369074/priority-queue-not-comparing-correctly-c
/questions/15645907/why-use-heap-instead-of-binary-tree-when-implementing-priority-queue
/questions/44089098/implement-a-priority-queue-using-a-stack-as-the-base-data-type
/questions/1694491/implementing-a-priority-queue-with-a-condition-variable-in-c
/questions/26525409/increase-priority-in-priority-queue
/questions/8458566/implementing-priority-queue-in-kannel
/questions/14959634/dijkstras-algorithm-with-priority-queue
/questions/74918657/understanding-time-complexity-of-dijkstra-priority-queue-vs-set-implementation
/questions/8572436/thread-safe-priority-queue-for-delphi
/questions/70179125/defining-priority-queue
/questions/4582953/resources-for-pagoda-priority-queue
/questions/38254134/complexity-of-inserting-into-priority-queue
/questions/20022607/how-do-you-use-a-binary-heap-to-implement-a-priority-queue
/questions/9103742/change-priority-of-items-in-a-priority-queue
/questions/32485202/high-performance-priority-queue-to-merge-many-sorted-runs
/questions/6414622/when-would-it-be-preferred-to-implement-a-priority-queue-with-a-singly-linked-li
/questions/12739404/running-times-of-priority-queue-adt
/questions/12985327/clarify-insertion-sort-if-the-priority-queue-implemented-with-an-ordered-array
/questions/46509972/python-nonetype-attributeerror-when-implementing-priority-queue-with-linked-nod
/questions/70270323/priority-queue-with-worker-pod-autoscaler
/questions/13640611/priority-queue-in-opencl
/questions/57434864/non-blocking-updatable-priority-queue
/questions/1937690/c-sharp-priority-queue
/questions/4704144/using-a-container-heap-to-implement-a-priority-queue
/questions/40175252/priority-queue-vs-linked-list-java
/questions/28524476/priority-queue-remove-function-not-working
/questions/55208563/priority-queue-implemented-as-singly-linked-failing-to-update-pointer-refrence-o
/questions/61431425/how-does-dijkstras-algorithm-work-if-a-max-priority-queue-is-used
/questions/47299115/deallocating-array-of-struct-pointers-in-c-implementation-of-priority-queue
/questions/1899905/why-doesnt-the-net-framework-have-a-priority-queue-class
/questions/47299115/deallocating-array-of-struct-pointers-in-c-implementation-of-priority-queue
/questions/35995171/how-cna-i-implement-a-priority-queue-for-edges-in-a-graph
/questions/69511763/how-can-i-modify-this-binary-search-tree-adt-to-implement-priority-queue-adt
/questions/56315572/rabbitmq-priority-queue-with-changing-priority
/questions/17684170/objective-c-priority-queue
/questions/4421506/implementing-a-priority-queue-that-can-be-iterated-over-in-c
/questions/63163867/priority-queuesheaps-implementation-for-parallel-processing
/questions/40099562/difference-between-binary-queue-and-sorted-queue
/questions/24072714/compare-objects-in-priority-queue
/questions/637913/scheduler-using-thread-pool-priority-queue
/questions/21672095/implementing-priority-queue-in-c
/questions/16810446/is-there-a-fibonacci-heap-based-priority-queue-for-haskell
/questions/64638126/how-can-i-implement-an-optimal-purely-functional-double-ended-priority-queue
/questions/17556999/what-is-the-best-way-to-implement-a-double-ended-priority-queue
/questions/14550103/can-you-use-one-method-to-add-items-to-3-different-implementations-of-a-priority
/questions/17556999/what-is-the-best-way-to-implement-a-double-ended-priority-queue
/questions/23584621/java-implementation-priority-queue
/questions/46692537/how-to-implement-a-method-to-find-the-smallest-child-in-a-d-heap-priority-queue
/questions/74505812/how-is-remove-min-on-a-sorted-array-implementation-of-a-priority-queue-constant
/questions/33619704/implementing-insert-and-delete-function-on-priority-queue-without-array
/questions/1288813/position-index-for-binary-heap-priority-queues
/questions/64751823/can-you-impove-dijkstras-time-complexity-by-not-filling-completely-the-priority
/questions/28745768/priority-queue-using-just-array-and-binary-search
/questions/26525351/java-priority-queue-not-working-as-intended
/questions/684669/why-does-operator-need-to-be-overloaded-when-implementing-class-based-priority
/questions/64861424/have-a-problem-sorting-priority-queue-integers
/questions/29924373/prim-algorithm-priority-queue
/questions/31029162/refer-to-node-into-a-priority-queue-iterator
/questions/18127422/is-there-a-maintained-immutable-priority-queue-in-scala
/questions/45244105/priority-queue-modification-in-python
/questions/76610624/unexpected-behaviour-of-self-implemented-priority-queue-using-min-heap
/questions/44032673/c-priority-queue-with-two-comparators
/questions/30827729/does-go-has-out-of-the-box-priority-queue
/questions/6989279/priority-queue-for-objects-that-may-change-what-is-the-best-method-for-implemen
/questions/74551840/performance-metrics-for-a-priority-queue-in-dynamodb
/questions/2933758/priority-queue-with-limited-space-looking-for-a-good-algorithm
/questions/20820911/priority-queue-objective-c
/questions/8337332/priority-queue-random-access
/questions/6099344/reprioritizing-priority-queue-efficient-manner
/questions/7455673/assertion-error-on-priority-queue-with-custom-class-pointers
/questions/27063091/priority-queue-of-doubles-using-vector-c
/questions/39775717/implementation-of-double-ended-priority-queue-using-binary-search-tree-linked-li
/questions/34183341/java-min-heap-implementing-priority-queue-iteration
/questions/68713881/bounded-concurrent-priority-queue
/questions/2126411/priority-queue-where-to-insert
/questions/14674621/standard-library-priority-queue-push-method
/questions/71055096/priority-queue-without-insertion-block
/questions/41678309/a-double-ended-priority-queue-implemention-with-two-priority-queues-if-i-delete
/questions/12375392/can-the-stl-c-priority-queue-be-used-with-stl-set
/questions/15646356/priority-queue-o1-insertion-and-removal
/questions/52844370/priority-queue-with-arraylist-parameters
/questions/12444645/priority-queue-using-binary-search-tree-not-producing-correct-output
/questions/54809978/priority-queues-in-go
/questions/50152613/why-priority-queue-is-implemented-using-heaps-when-we-can-implement-it-using-jus
/questions/31060023/go-wait-for-next-item-in-a-priority-queue-if-empty
/questions/70352884/c-boost-priority-queue-behavior
/questions/39572388/the-confusion-of-the-index-priority-queue
/questions/45522629/multiway-using-priority-queue
/questions/28465411/priority-queue-doesnt-recognize-cmp-function-in-python
/questions/6005935/a-lock-free-priority-queue-in-c-sharp
/questions/3411287/priority-queue-not-sorting
/questions/30911507/how-to-implement-a-priority-queue-using-the-field-of-a-class-in-java
/questions/739038/why-do-priority-queues-mostly-use-0-as-the-most-important-priority
/questions/38696556/in-java-priority-queue-implementation-remove-at-method-why-it-does-a-sift-up-af
/questions/38924583/two-different-definitions-of-a-priority-queue
/questions/52909031/sorted-array-priority-queue
/questions/28836251/c-orderedstable-priority-queue
/questions/4422933/random-access-priority-queue
/questions/47830354/implement-unmonopoly-game-using-priority-queues
/questions/36765827/is-it-possible-to-implement-a-min-priority-queue-with-a-heap-or-is-binary-heap
/questions/7453873/implementing-idle-and-normal-priority-queues-for-long-running-tasks-in-celer
/questions/31665774/concurrent-priority-queue-using-message-passing
/questions/9232604/change-the-priority-in-a-custom-priority-queue
/questions/14411995/how-to-implement-a-dart-priority-queue-in-descending-order
/questions/19410432/bounded-priority-queue-inheritance-vs-composition
/questions/31665774/concurrent-priority-queue-using-message-passing
/questions/67590509/is-there-a-way-to-check-the-priority-in-a-priority-queue-in-java
/questions/68025848/python-heapq-priority-queue-maxheap
/questions/8937208/what-is-implicit-data-structure-and-is-heap-an-implicit-data-structure-to-imple
/questions/29526877/priority-queue-not-inserting-things-by-priority
/questions/59641891/i-want-to-iterate-through-my-priority-queue-in-c-sharp
/questions/66729730/how-do-you-use-a-custom-comparator-for-priority-queues
/questions/18314686/dijkstra-algorithm-with-min-priority-queue
/questions/73867947/prims-mst-implementation-with-priority-queue-error
/questions/23764734/implementing-a-priority-queue-in-matlab-in-order-to-solve-optimization-problems
/questions/28186097/thread-safe-bounded-priority-queue-in-java
/questions/73038373/rabbitmq-implementation-of-priority-queues-does-not-work-as-intended
/questions/60515842/what-operations-would-you-use-for-implementing-a-priority-queue-pq-with-enqueue
/questions/48477397/c-how-to-implement-priority-queue-using-binary-heap-with-tie-breaker
/questions/41204747/asymptotic-complexity-of-binary-heaps-implemented-with-sets-vs-priority-queues
/questions/65053142/custom-compare-function-for-priority-queue
/questions/37289165/pop-the-highest-value-from-a-priority-queue-while-removing-some-related-nodes
/questions/48105894/is-this-the-right-way-to-implement-a-simple-priority-queue-using-double-pointer
/questions/35059941/dequeue-in-a-priority-queue
/questions/73062565/priority-queue-based-on-the-time-in-queue-and-on-a-priority
/questions/74469770/how-to-implement-a-priority-queue-in-numba-where-one-element-of-the-item-is-a-li
/questions/75736302/issue-with-implementing-the-compare-function-in-a-priority-queue
/questions/24515387/priority-queue-in-swift
/questions/32780810/dijkstras-algorithm-implementation-for-undirected-cyclic-graphs-without-priorit
/questions/64740904/when-to-use-a-binary-heap-based-priority-queue-vs-a-linked-list-based-priority-q
/questions/12722311/java-a-comparator-always-return-1-doesnt-make-a-priority-queue-into-a-queue
/questions/47526796/priority-queue-contains-method-always-returns-false-though-elemenet-exist-in-pri
/questions/10072437/priority-queue-with-change-priority-feature-which-keeps-elements-ordered
/questions/32284470/java-priority-queue-with-2-priority-parameters
/questions/29911202/priority-queue-using-a-max-heap-data-structure
/questions/25091785/unsorted-doubly-linked-list-for-priority-queue-of-strings-in-c
/questions/32283655/java-priority-queue-rearranging-itself-after-poll-method-is-called
/questions/3705881/changing-java-priorityqueue-to-a-max-pq
/questions/5997189/how-can-i-make-a-unique-value-priority-queue-in-python
/questions/41457337/all-purpose-of-binary-heap
/questions/28486832/python-priority-queue-for-node
/questions/51681308/does-fortran-have-a-priority-queue
/questions/61079557/having-issues-implementing-remove-within-my-binary-heap-priority-queue-implement
/questions/15094284/can-we-use-character-value-in-priority-queue
/questions/43176305/c-using-a-priority-queue-of-objects
/questions/12469502/how-to-implement-priority-queue-in-matlab
/questions/76148074/how-to-implement-a-dequeue-function-for-a-node-based-priority-queue
/questions/26510041/c-priority-queue-does-not-sort
/questions/12477496/zookeeper-priority-queue
/questions/44895382/priority-queue-with-doubly-linked-list-insertion
/questions/5895792/why-is-using-a-stdmultiset-as-a-priority-queue-faster-than-using-a-stdpriori
/questions/6847233/priority-queue-skip-list-vs-fibonacci-heap
/questions/66428465/rabbitmq-in-spring-boot-with-priority-queue
/questions/21673356/implement-a-priority-queue-using-stack
/questions/51787067/priority-queue-is-not-maintaining-sorting-order
/questions/33935644/creating-a-stl-min-heap-priority-queue
/questions/29485245/classcastexception-over-priority-queue-java
/questions/1795527/how-is-the-java-priority-queue-supposed-to-work
/questions/4904613/changing-a-linkedlist-into-a-priority-queue
/questions/12720293/java-strange-order-of-queue-made-from-priority-queue
/questions/76292698/what-is-asyncio-priorityqueues-default-priority
/questions/33361489/am-i-implementing-a-heap-based-priority-queue-correctly-is-downheap-necessary
/questions/10765586/priority-queue-of-pairs-in-reverse-order
/questions/25489994/what-heap-structure-does-c-stl-priority-queue-use
/questions/44660074/how-to-implement-a-cqueue-as-a-priority-queue-in-omnet
/questions/25828788/how-can-i-delete-element-in-logn-from-priority-queue-implemented-through-heapq
/questions/67219487/building-a-priority-queue-with-a-minheap
/questions/61974975/priority-queue-with-update-ability
/questions/15684056/should-i-use-power-collections-orderedmultidictionary-as-a-priority-queue
/questions/36454530/size-limit-to-priority-queue
/questions/31553338/creating-a-priority-queue-class-in-php
/questions/7927213/java-priority-queue
/questions/28460904/dijkstra-with-priority-queue-segmentation-fault
/questions/51561127/a-pathfinding-how-to-efficiently-update-node-values-in-opennodes-priority-que
/questions/59839852/making-a-function-that-counts-number-of-elements-in-priorityqueue-in-c
/questions/42127213/c-priority-queue-declaration
/questions/31257243/how-do-i-implement-a-priority-queue-with-explicit-links-using-a-triply-linked-d
/questions/52537041/how-to-use-a-priority-queue-with-spring-boot-asyncconfigurer
/questions/32880540/how-come-my-priority-queue-with-my-self-defined-comparator-is-not-giving-the-rig
/questions/41236038/priority-queue-sink-operations
/questions/22543025/priority-queue-and-heap
/questions/32880540/how-come-my-priority-queue-with-my-self-defined-comparator-is-not-giving-the-rig
/questions/27391634/a-priority-queue-implementing-3-arrays-of-5-items-in-java
/questions/36507781/how-can-i-implement-priority-queue-without-using-any-built-in-functions
/questions/76133155/issues-with-insertion-function-for-binary-min-heap-priority-queue
/questions/25823905/how-to-iterate-over-a-priority-queue
/questions/27259747/priority-queue-generic
/questions/12462702/implementing-a-priority-queue-with-a-sorted-list
/questions/27148856/prims-algorithm-using-a-priority-queue
/questions/50315617/dijkstras-algorithm-java-implementation-with-priority-queue
/questions/5085650/c-stl-priority-queue-of-node-pointers
/questions/25837345/java-sorting-in-comparator-for-use-in-priority-queue
/questions/67077563/heaps-and-priority-queue-with-pseudocode
/questions/29063967/i-need-an-advice-for-optimal-implementation-of-a-program-with-priority-queue-and
/questions/34384293/node-sqs-priority-queue
/questions/29885653/making-a-priority-queue-using-a-heap-without-using-queue-or-heapq
/questions/20542422/when-to-use-array-and-priority-queue-respectively-for-prims-algorithm
/questions/24777569/implementation-of-a-locally-ordered-set-or-priority-queue
/questions/60116447/efficient-ways-to-find-a-value-stored-in-a-priority-queue
/questions/74715466/how-can-i-iterate-over-all-elements-in-my-generic-list-listt-backwards-and-do
/questions/19986329/i-need-to-make-a-priority-queue-with-strings-that-have-add-and-remove-functi
/questions/48364680/what-is-real-world-example-for-priority-queue
/questions/10260792/c-floating-point-van-emde-boas-veb-priority-queue
/questions/2555284/java-priority-queue-with-a-custom-anonymous-comparator
/questions/75387491/implement-hybrid-fcfs-priority-queue-in-sql-and-php
/questions/1091844/priority-queues-in-java
/questions/3465675/is-message-priority-inherently-unimportant-in-message-queue-systems
/questions/10861101/default-size-of-priority-queue-in-java
/questions/60727380/how-to-implement-a-maximum-priority-queue-using-a-heap-ordered-binary-tree-with
/questions/30072077/priority-queue-ordering-of-elements
/questions/73965990/priority-queue-printing-the-wrong-element-dequeued-even-though-it-dequeues-co
/questions/76102794/c-reverse-a-priority-queue-in-place
/questions/21022334/priority-queue-and-prims-algorithm
/questions/60117309/which-priority-queue-is-faster-in-practice
/questions/4220468/simple-priority-queue-in-java
/questions/37505725/standard-queue-package-for-haskell
/questions/24397466/boost-priority-queue-which-supports-finding-an-element-in-olog-n-time
/questions/42456000/which-link-list-would-be-the-best-to-create-a-priority-queue-in-terms-of-memory
/questions/40874744/dijkstras-algorithm-using-priority-queue-on-java
/questions/61499825/k-sorted-array-using-priority-queue-c
/questions/55085593/distinct-elements-in-priority-queue
/questions/22982253/construct-boost-priority-queue-based-on-iterators
/questions/61722896/high-level-description-of-a-priority-queue-with-adjustable-priority
/questions/47818118/huffman-coding-and-priority-queue
/questions/12761356/trying-to-sort-a-priority-queue-by-one-of-the-stored-nodes-values
/questions/64833672/javascript-and-priority-queues-in-coding-interviews
/questions/39330635/in-python-without-inporting-anything-is-it-possible-to-do-constant-time-search
/questions/10158823/priority-queue-binary-heap
/questions/71299999/in-menu-driven-program-printing-the-highest-priority-using-priority-queue-and-he
/questions/3949942/priority-queue-using-multimap-java
/questions/29639867/peek-method-for-priority-queue
/questions/7988645/priorities-in-priority-queue
/questions/25708037/no-matching-member-function-for-call-to-push-in-priority-queues-c
/questions/70653482/how-to-decrease-priority-in-a-min-priority-queue-in-dijkstras-algorithm
/questions/15519959/priority-queue-insertion-and-display-function-in-c
/questions/36193322/f-priority-queue
/questions/31746590/generic-priority-queues-design-in-c
/questions/34488108/c-a-fixed-sized-priority-queue-to-store-k-nearest-neighbors
/questions/15646451/stl-priority-queue-and-overloading-with-pointers
/questions/8089810/how-would-i-pop-and-push-with-this-priority-queue
/questions/63994172/how-do-i-get-pika-to-listen-on-priority-queues-first
/questions/39266903/how-do-i-implement-in-java-a-priority-queue-of-a-tuple-that-sorts-using-both-fie
/questions/28909261/issues-with-declaring-a-c-priority-queue-using-a-custom-comparator
/questions/63586742/how-to-implement-javas-comparable-module-in-ruby
/questions/12342539/java-comparable-object-with-priority-queue
/questions/11092633/request-priority-queue-in-node-js
/questions/71948245/implementing-dijkstras-algorithm-using-a-priority-queue
/questions/75423214/redis-performance-of-using-priority-set-as-priority-queue-with-limited-range-i
/questions/10021447/what-is-heap-sorting-and-priority-queue
/questions/52587310/prority-queue-comparison-and-update
/questions/30570341/use-celery-priority-queue-with-broadcast-tasks
/questions/49173773/safe-way-of-removing-elements-in-priority-queue-while-ranging
/questions/21565868/algorithm-for-broken-priority-queue
/questions/25755899/how-to-maintain-the-precedence-of-an-object-inside-a-priority-queue-once-it-is-b
/questions/28818500/input-the-text-file-to-priority-queue-using-heap
/questions/7864990/how-to-implement-priority-queue-using-sorted-linked-list
/questions/30826202/how-to-get-the-minimum-element-from-a-priority-queue-after-modifying-the-content
/questions/35263438/why-does-this-priority-queue-implementation-only-print-one-value-repeatedly
/questions/5852545/c-while-using-priority-queue-debug-assertion-failed-expression-invalid-heap
/questions/39947537/java-how-to-priority-queue-hashset-in-order-of-size-smallest-first
/questions/25349944/priority-queue-insertion-sort
/questions/22586024/queue-how-to-implement-with-priority
/questions/21674184/stream-compaction-within-cuda-kernel-for-maintaining-priority-queue
/questions/39541068/explanation-of-this-insert-into-priority-queue-method
/questions/1624279/priority-queue-in-net
/questions/52807854/deleting-from-indexed-priority-queue-java
/questions/44057674/binary-heap-and-priority-queues
/questions/4416724/list-to-priority-queue
/questions/76244861/why-does-julia-throw-a-bound-error-when-deleting-an-element-from-priority-queue
/questions/48765384/compare-argument-in-priority-queue
/questions/8748229/implementation-of-bfs-dfs-and-dijkstra
/questions/51582540/stack-using-priority-queue-in-python3
/questions/30181904/alamofire-priority-queue
/questions/47995987/priority-queue-that-uses-a-comparator-and-has-decrease-key-operation
/questions/49714527/why-is-the-java-priority-queue-not-empty-after-execution-in-the-following-code
/questions/24345753/problems-when-trying-to-overload-operator-in-c11
/questions/34154627/is-heap-an-abstract-data-type-if-so-what-about-priority-queues
/questions/41965431/dijkstra-algorithm-min-heap-as-a-min-priority-queue
/questions/61544162/how-to-change-the-priority-function-of-priority-queue-in-python
/questions/22373663/1-0-knapsack-how-to-make-it-parallel-with-priority-queue
/questions/64580341/python-priority-queue-with-objects-heappush-does-not-support-between-objects
/questions/45792430/java-priority-queue-in-linked-list-test-cases
/questions/45792430/java-priority-queue-in-linked-list-test-cases
/questions/72512183/find-2nd-largest-element-two-variables-vs-priority-queue-for-interview
/questions/61437686/priority-queue-synchronization-with-pthreads
/questions/40980801/handling-python-priority-queue-priority-conflicts
/questions/61048361/enqueue-for-priority-queue-not-working-properly-c
/questions/26915780/moving-elements-in-a-priority-queue-to-a-lower-level
/questions/46208619/writing-a-priority-queue-with-a-max-heap-structure-in-c
/questions/41214278/how-do-i-hide-the-heap-methods-from-the-user-when-writing-a-priority-queue
/questions/7310814/what-is-an-efficient-way-to-read-write-a-priority-queue-to-a-text-file
/questions/19025317/when-is-it-a-bad-idea-to-use-a-heap-for-a-priority-queue
/questions/75793357/how-can-i-add-a-tuple-key-value-from-avl-tree-to-a-priority-queue-in-java
/questions/52159526/iterator-for-a-list-of-sorted-lists-using-a-priority-queue
/questions/67389312/segmentation-fault-implementing-priority-queues-in-c
/questions/16994136/priority-queues-and-dijkstra
/questions/21933029/dijkstras-algorithm-how-could-a-priority-queue-or-min-heap-be-used
/questions/52159526/iterator-for-a-list-of-sorted-lists-using-a-priority-queue
/questions/72186831/i-want-a-c-priority-queue-implement-and-when-the-element-is-popped-the-corre
/questions/8240092/priority-queue-issue
/questions/6437271/serializing-a-priority-queue-with-custom-items-in-php
/questions/67319557/priority-queue-returns-wrong-order
/questions/46422993/in-python-how-to-implement-a-min-priority-queue-which-maintains-the-heap-invari
/questions/20027562/priority-queue-that-allows-event-cancelation
/questions/56369498/grid-engine-queue-priority-setup
/questions/61603311/how-priority-queue-is-used-with-heap-to-solve-min-distance
/questions/49061950/implementing-a-priority-queue-as-a-stack-java
/questions/40205223/priority-queue-with-tuples-and-dicts
/questions/28419465/priority-queue-with-insert-delmin-operations-in-constant-amortized-running-tim
/questions/42237831/java-queue-with-dynamic-priority-flag
/questions/2252793/is-there-a-c-minmax-heap-implementation
/questions/18484205/how-can-i-use-priority-queue-in-swi-prolog
/questions/39811491/double-ended-priority-queue-using-a-doubly-linkedlist
/questions/29938730/implementing-min-priority-queuec-stl-using-user-defined-objects
/questions/3619312/priority-queue-which-can-be-stored-on-disk
/questions/50530855/insert-element-in-a-priority-queue-with-priority-attribute
/questions/71818774/c-sharp-sorting-a-priority-queue-based-on-a-linked-list
/questions/70150386/using-two-different-priority-queues-in-golang
/questions/15994108/c-sharp-priority-queue-generic-type-t-conversion
/questions/64306525/java-priority-queue-with-arraylists-and-pairs
/questions/38133444/c-priority-queue-with-pointer-to-object-does-not-work-correctly
/questions/40446491/min-max-heap-or-priority-queue-data-structure-in-objective-c
/questions/26700499/c-priority-queue-to-find-and-modify-objects
/questions/15002763/java-priority-queue-to-queue-adaptation
/questions/66259407/priority-queue-using-doubly-linked-list
/questions/70323497/implementing-an-unbounded-min-priority-queue-using-a-singly-linked-list-in-pytho
/questions/16089105/removing-element-from-priority-queue
/questions/102398/priority-queue-in-net
/questions/6976559/comparison-of-priority-queue-implementations-in-haskell
/questions/40623456/is-there-a-priority-queue-implementation-in-ats
/questions/12385375/multiway-priority-queue-implementation
/questions/13748826/reusable-priority-queue-implementation-in-google-go
/questions/10613186/priority-queue-implementation-in-c-sharp
/questions/4204250/is-there-priority-queue-data-structure-implementation-in-rubys-standard-library
/questions/29045403/best-data-structure-for-priority-queue-implementation
/questions/2613994/priority-queue-implementation-in-c
/questions/9969236/how-to-implement-priority-queues-in-python
/questions/31538199/indirect-priority-queue-implementation
/questions/13777298/priority-queue-implementation-in-go
/questions/42919469/efficient-way-to-implement-priority-queue-in-javascript
/questions/65277901/heap-based-priority-queue-implementation
/questions/43304890/priority-queue-implemented-heap
/questions/18993269/difference-between-priority-queue-and-a-heap
/questions/19744829/python-priority-queue-implementation
/questions/16497017/priority-queue-implementation
/questions/50119755/does-hazelcast-have-a-distributed-priority-queue-implementation
/questions/32707705/priority-queue-implementation-logical-error-in-c
/questions/20944305/priority-queue-implementation-explanation
/questions/2714754/php-priority-queue-implementation
/questions/24372257/implementing-priority-queue-using-hashmap
/questions/30881154/blockarray-implementation-of-a-priority-queue
/questions/28940006/c-priority-queue-implementation-to-sort-graph-edges
/questions/11203875/fast-double-valued-priority-queue-implementation-in-java
/questions/59235229/generic-priority-queue-java-implementation
/questions/4016509/concurrent-priority-queue-in-net-4-0
/questions/61824879/an-efficient-way-to-implement-circular-priority-queue
/questions/50396835/priority-queue-implementation-with-updatepriority-olog-n
/questions/61378579/trouble-understanding-priority-queue-implementation-of-dijkstra
/questions/10796509/implementation-of-priority-queue-by-avl-tree-data-structure
/questions/7300776/brodal-priority-queue-implementation
/questions/29392938/java-min-heap-priority-queue-implementation
/questions/46448125/priority-queue-using-heap-difference-between-javascript-and-c-implementation
/questions/5545634/java-priority-queue-implementation-memory-locality
/questions/10595020/priority-queue-heap-implementation
/questions/2702913/implementing-java-priority-queue
/questions/16139350/priority-queue-implementation-for-kernel-thread-timer-interrupt
/questions/33843494/implementation-of-editable-priority-queue
/questions/650197/correct-heap-implementation-in-a-priority-queue
/questions/5329312/free-implementation-of-bounded-priority-queue-in-c
/questions/27241925/heap-priority-queue-implementation
/questions/26838803/spring-amqp-rabbitmq-implementing-priority-queue
/questions/62189350/what-is-the-different-ways-to-implement-priority-queue
/questions/42573279/implement-queue-priority-in-rabbitmq
/questions/48141157/implementing-priority-queues-and-heaps
/questions/4873472/how-to-implement-stack-using-priority-queue
/questions/16304995/implement-priority-queue-in-elevator
/questions/49435076/compiler-error-with-priority-queue-implementation
/questions/30358520/how-to-implement-regular-queue-using-priority-queue
/questions/47209558/min-heap-vs-ordinary-array-implementation-of-priority-queue
/questions/14412793/implement-decreasekey-in-stl-priority-queue-c
/questions/37322277/c-dijkstra-heap-priority-queue-implementation
/questions/59277740/priority-queue-implementation-for-sqs-spring-and-java
/questions/11533580/prims-algorithm-with-priority-queues-implementation
/questions/71322188/how-to-implement-priority-queue-using-custom-interfaces-as-attached-in-both-the
/questions/43213688/priority-queue-implementation-in-c-changing-chars-to-ints
/questions/41720334/how-to-implement-queue-and-priority-queue-in-tcl
/questions/3326512/f-priority-queue
/questions/11789038/does-r-have-a-priority-queue-like-javas-priorityqueue
/questions/53980673/priority-queues-implemented-with-avl-in-python
/questions/43405251/which-implementation-of-priority-queue-will-be-effective-if-there-are-huge-numbe
/questions/67818209/how-to-implement-priority-queue-in-dart
/questions/1354204/how-to-implement-a-multiprocessing-priority-queue-in-python
/questions/3974292/priority-queue-with-a-find-function-fastest-implementation
/questions/25437682/use-a-linked-list-to-implement-a-priority-queue
/questions/28755191/priority-queue-implemented-by-vector-using-abstract-class-c
/questions/63644913/adaptive-trapezoidal-rule-and-clarifications-on-priority-queue-implementation
/questions/8253889/how-to-implement-priority-queue-in-c-programming
/questions/41166353/change-priority-of-a-priority-queue
/questions/20869538/how-to-implement-a-priority-queue-using-two-queues
/questions/29907479/python-using-my-heap-in-a-priority-queue-implementation
/questions/15958966/generics-and-arraylist-to-implement-a-priority-queue
/questions/22094737/implement-a-priority-queue-using-only-one-stack
/questions/1505747/database-based-priority-queue
/questions/44357058/nullpointerexception-while-implementing-priority-queue-with-nodes
/questions/18092115/comparator-class-implementation-for-priority-queue-used-in-dijkstras-algorithm
/questions/74435076/priority-queue-implementation-using-a-heap-should-i-do-it-through-inheritance
/questions/46996064/how-to-update-elements-within-a-heap-priority-queue
/questions/35043596/how-to-implement-a-stack-using-a-priority-queue
/questions/28970289/how-to-implement-a-priority-queue-using-sqsamazon-simple-queue-service
/questions/39692920/please-describe-how-to-use-a-priority-queue-to-implement-a-queue
/questions/12430272/priority-queue-that-utilizes-bst-deletelargest-doesnt-work
/questions/42029685/comparing-attribute-of-an-object-in-implementation-of-priority-queue
/questions/15271875/how-to-implement-the-priority-queue-in-dijkstras-algorithm
/questions/26398209/trouble-implementing-priority-queue-java
/questions/19745116/python-implementing-a-priority-queue
/questions/67635332/why-is-the-dijkstra-implementation-working-even-if-i-use-simple-queue-instead-of
/questions/15343742/how-do-i-implement-a-minimum-priority-queue
/questions/33625157/how-to-implement-priority-queue-in-c
/questions/12481256/why-does-dijkstras-algorithm-use-a-heap-priority-queue
/questions/69010438/implementing-priority-queues-in-java
/questions/10798958/priority-queue-in-r-for-optics-implementation
/questions/64432134/implementing-priority-queue-in-python
/questions/23607307/priority-queue-for-common-lisp
/questions/9209323/easiest-way-of-using-min-priority-queue-with-key-update-in-c
/questions/407734/a-generic-priority-queue-for-python
/questions/2680365/running-time-for-dijkstras-algorithm-on-a-priority-queue-implemented-by-sorted
/questions/61543179/mst-prim-implemented-by-a-min-priority-queue
/questions/61549106/implementation-of-priority-queue-using-linked-list
/questions/63473392/issue-with-implementing-custom-comparator-for-priority-queue-in-java
/questions/15782168/java-priority-queue-implementation-iterable-in-proper-order
/questions/27136691/is-there-a-simple-way-to-implement-a-fast-priority-queue-in-haskell
/questions/42747899/priority-queue-linked-list-implementation-in-c-enqueue-operation-failure
/questions/8939054/what-is-the-programmers-default-selection-for-implementation-of-priority-queue
/questions/21254442/implementing-dijkstras-algorithm-using-priority-queue
/questions/17009056/how-to-implement-ologn-decrease-key-operation-for-min-heap-based-priority-queu
/questions/47208006/implementing-priority-queue-by-linked-list-in-java
/questions/7742426/how-to-implement-priority-queues-in-rabbitmq-pika
/questions/58795166/if-priority-queue-is-the-implementation-of-min-heap-how-does-priority-queue-pro
/questions/64198092/lru-cache-implementation-in-python-using-priority-queue
/questions/39979359/implementing-simple-priority-queue-using-vector-in-c
/questions/32432945/how-to-implement-a-distributed-priority-queue-without-using-zookeeper
/questions/30496941/trying-to-implement-priority-queue-for-nearest-neighbor-search
/questions/64723276/min-priority-queue-insertion-implementation-with-sorted-arraylist
/questions/26691609/implementing-a-priority-queue-with-a-min-heap
/questions/39542504/how-to-implement-priority-queue-with-unordered-linkedlist
/questions/48840649/constructing-a-priority-queue-of-vectors
/questions/57515041/priority-queue-implementation-in-stl
/questions/5785351/find-minimum-in-array-of-numbers-using-verilog-for-priority-queue-implementation
/questions/4418492/how-do-i-priority-queue-implementation-using-circular-queue-in-c
/questions/58073288/trying-to-implement-a-priority-queue-in-a-different-way
/questions/62996723/dijkstra-with-a-priority-queue-python
/questions/16454262/priority-queue-implemented-with-a-concurrentskiplistmap-unsure-how-to-make-cons
/questions/2288241/priority-queue-with-dynamic-item-priorities
/questions/57083479/how-can-i-create-priority-queue-that-contains-my-class-implementation
/questions/18683764/java-implement-priority-queue-using-binary-heap-errors
/questions/49065781/limit-size-of-the-priority-queue-for-gos-heap-interface-implementation
/questions/7383747/implement-a-linked-list-priority-queue-in-c
/questions/50893247/priority-queues-array-based-implementation
/questions/37498261/why-are-priority-queues-implemented-as-binary-heap
/questions/40348373/java-how-to-implement-functions-in-a-heap-based-priority-queue
/questions/67378032/using-a-priority-queue
/questions/76616684/how-to-implement-priority-queue-with-redis
/questions/67708623/priority-queue-implementation-using-arrays
/questions/65195239/using-heapsort-vs-js-object-to-implement-priority-queue-in-javascript
/questions/15117246/removing-tail-element-of-priority-queue
/questions/6952660/java-priority-queue-reordering-when-editing-elements
/questions/26171902/insertion-into-a-priority-queue-implemented-by-doubly-linked-list-with-sentinels
/questions/33910821/heap-implementation-of-priority-queue
/questions/74620124/how-to-implement-string-priority-queue-with-checking-message-priority
/questions/63931629/c-whats-the-best-way-to-implement-a-priority-queue-with-varying-priority-func
/questions/52429914/event-driven-simulation-using-priority-queue-implemented-with-binary-heap
/questions/12960197/advanced-priority-queue
/questions/29721704/single-source-shortest-path-implementation-priority-vs-fifo-queue
/questions/4237323/cuda-on-thrust-how-to-implement-priority-queue
/questions/6909617/how-to-preserve-the-order-of-elements-of-the-same-priority-in-a-priority-queue-i
/questions/6344102/dequeue-a-priority-queue
/questions/18726774/matching-function-arguments-in-generic-priority-queue-type
/questions/52798862/implementing-priority-queue
/questions/6501357/starvation-free-priority-queue-c-sharp
/questions/25941673/can-i-use-priority-queue-in-java-without-implementing-a-comparator
/questions/68585821/how-can-i-implement-a-numba-jitted-priority-queue
/questions/65766313/how-can-we-implement-priority-queue-instead-of-queue-to-breadth-first-traversal
/questions/50735252/efficient-implementation-of-bpe-using-priority-queue
/questions/12093053/concurrent-mutable-priority-queue
/questions/19671755/trying-to-implement-a-priority-queue-with-an-ordered-linked-list
/questions/65516055/how-can-we-implement-priority-queue-using-hashmapusing-key-value-approach-in-r
/questions/59331424/why-find-minimum-operation-in-priority-queue-implemented-in-unsorted-array-take
/questions/62271368/how-to-implement-correct-sorting-algorithm-in-priority-queue
/questions/65882138/implementing-priority-queue-using-max-heap-vs-balanced-bst
/questions/50432664/why-would-a-min-heap-be-preferable-to-a-max-heap-to-implement-a-priority-queue
/questions/47233536/issue-implementing-a-in-c-with-priority-queues
/questions/41369074/priority-queue-not-comparing-correctly-c
/questions/41369074/priority-queue-not-comparing-correctly-c
/questions/15645907/why-use-heap-instead-of-binary-tree-when-implementing-priority-queue
/questions/44089098/implement-a-priority-queue-using-a-stack-as-the-base-data-type
/questions/1694491/implementing-a-priority-queue-with-a-condition-variable-in-c
/questions/26525409/increase-priority-in-priority-queue
/questions/8458566/implementing-priority-queue-in-kannel
/questions/14959634/dijkstras-algorithm-with-priority-queue
/questions/74918657/understanding-time-complexity-of-dijkstra-priority-queue-vs-set-implementation
/questions/8572436/thread-safe-priority-queue-for-delphi
/questions/70179125/defining-priority-queue
/questions/4582953/resources-for-pagoda-priority-queue
/questions/38254134/complexity-of-inserting-into-priority-queue
/questions/20022607/how-do-you-use-a-binary-heap-to-implement-a-priority-queue
/questions/9103742/change-priority-of-items-in-a-priority-queue
/questions/32485202/high-performance-priority-queue-to-merge-many-sorted-runs
/questions/6414622/when-would-it-be-preferred-to-implement-a-priority-queue-with-a-singly-linked-li
/questions/12739404/running-times-of-priority-queue-adt
/questions/12985327/clarify-insertion-sort-if-the-priority-queue-implemented-with-an-ordered-array
/questions/46509972/python-nonetype-attributeerror-when-implementing-priority-queue-with-linked-nod
/questions/70270323/priority-queue-with-worker-pod-autoscaler
/questions/13640611/priority-queue-in-opencl
/questions/57434864/non-blocking-updatable-priority-queue
/questions/1937690/c-sharp-priority-queue
/questions/4704144/using-a-container-heap-to-implement-a-priority-queue
/questions/40175252/priority-queue-vs-linked-list-java
/questions/28524476/priority-queue-remove-function-not-working
/questions/55208563/priority-queue-implemented-as-singly-linked-failing-to-update-pointer-refrence-o
/questions/61431425/how-does-dijkstras-algorithm-work-if-a-max-priority-queue-is-used
/questions/47299115/deallocating-array-of-struct-pointers-in-c-implementation-of-priority-queue
/questions/1899905/why-doesnt-the-net-framework-have-a-priority-queue-class
/questions/47299115/deallocating-array-of-struct-pointers-in-c-implementation-of-priority-queue
/questions/35995171/how-cna-i-implement-a-priority-queue-for-edges-in-a-graph
/questions/69511763/how-can-i-modify-this-binary-search-tree-adt-to-implement-priority-queue-adt
/questions/56315572/rabbitmq-priority-queue-with-changing-priority
/questions/17684170/objective-c-priority-queue
/questions/4421506/implementing-a-priority-queue-that-can-be-iterated-over-in-c
/questions/63163867/priority-queuesheaps-implementation-for-parallel-processing
/questions/40099562/difference-between-binary-queue-and-sorted-queue
/questions/24072714/compare-objects-in-priority-queue
/questions/637913/scheduler-using-thread-pool-priority-queue
/questions/21672095/implementing-priority-queue-in-c
/questions/16810446/is-there-a-fibonacci-heap-based-priority-queue-for-haskell
/questions/64638126/how-can-i-implement-an-optimal-purely-functional-double-ended-priority-queue
/questions/17556999/what-is-the-best-way-to-implement-a-double-ended-priority-queue
/questions/14550103/can-you-use-one-method-to-add-items-to-3-different-implementations-of-a-priority
/questions/17556999/what-is-the-best-way-to-implement-a-double-ended-priority-queue
/questions/23584621/java-implementation-priority-queue
/questions/46692537/how-to-implement-a-method-to-find-the-smallest-child-in-a-d-heap-priority-queue
/questions/74505812/how-is-remove-min-on-a-sorted-array-implementation-of-a-priority-queue-constant
/questions/33619704/implementing-insert-and-delete-function-on-priority-queue-without-array
/questions/1288813/position-index-for-binary-heap-priority-queues
/questions/64751823/can-you-impove-dijkstras-time-complexity-by-not-filling-completely-the-priority
/questions/28745768/priority-queue-using-just-array-and-binary-search
/questions/26525351/java-priority-queue-not-working-as-intended
/questions/684669/why-does-operator-need-to-be-overloaded-when-implementing-class-based-priority
/questions/64861424/have-a-problem-sorting-priority-queue-integers
/questions/29924373/prim-algorithm-priority-queue
/questions/31029162/refer-to-node-into-a-priority-queue-iterator
/questions/18127422/is-there-a-maintained-immutable-priority-queue-in-scala
/questions/45244105/priority-queue-modification-in-python
/questions/76610624/unexpected-behaviour-of-self-implemented-priority-queue-using-min-heap
/questions/44032673/c-priority-queue-with-two-comparators
/questions/30827729/does-go-has-out-of-the-box-priority-queue
/questions/6989279/priority-queue-for-objects-that-may-change-what-is-the-best-method-for-implemen
/questions/74551840/performance-metrics-for-a-priority-queue-in-dynamodb
/questions/2933758/priority-queue-with-limited-space-looking-for-a-good-algorithm
/questions/20820911/priority-queue-objective-c
/questions/8337332/priority-queue-random-access
/questions/6099344/reprioritizing-priority-queue-efficient-manner
/questions/7455673/assertion-error-on-priority-queue-with-custom-class-pointers
/questions/27063091/priority-queue-of-doubles-using-vector-c
/questions/39775717/implementation-of-double-ended-priority-queue-using-binary-search-tree-linked-li
/questions/34183341/java-min-heap-implementing-priority-queue-iteration
/questions/68713881/bounded-concurrent-priority-queue
/questions/2126411/priority-queue-where-to-insert
/questions/14674621/standard-library-priority-queue-push-method
/questions/71055096/priority-queue-without-insertion-block
/questions/41678309/a-double-ended-priority-queue-implemention-with-two-priority-queues-if-i-delete
/questions/12375392/can-the-stl-c-priority-queue-be-used-with-stl-set
/questions/15646356/priority-queue-o1-insertion-and-removal
/questions/52844370/priority-queue-with-arraylist-parameters
/questions/12444645/priority-queue-using-binary-search-tree-not-producing-correct-output
/questions/54809978/priority-queues-in-go
/questions/50152613/why-priority-queue-is-implemented-using-heaps-when-we-can-implement-it-using-jus
/questions/31060023/go-wait-for-next-item-in-a-priority-queue-if-empty
/questions/70352884/c-boost-priority-queue-behavior
/questions/39572388/the-confusion-of-the-index-priority-queue
/questions/45522629/multiway-using-priority-queue
/questions/28465411/priority-queue-doesnt-recognize-cmp-function-in-python
/questions/6005935/a-lock-free-priority-queue-in-c-sharp
/questions/3411287/priority-queue-not-sorting
/questions/30911507/how-to-implement-a-priority-queue-using-the-field-of-a-class-in-java
/questions/739038/why-do-priority-queues-mostly-use-0-as-the-most-important-priority
/questions/38696556/in-java-priority-queue-implementation-remove-at-method-why-it-does-a-sift-up-af
/questions/38924583/two-different-definitions-of-a-priority-queue
/questions/52909031/sorted-array-priority-queue
/questions/28836251/c-orderedstable-priority-queue
/questions/4422933/random-access-priority-queue
/questions/47830354/implement-unmonopoly-game-using-priority-queues
/questions/36765827/is-it-possible-to-implement-a-min-priority-queue-with-a-heap-or-is-binary-heap
/questions/7453873/implementing-idle-and-normal-priority-queues-for-long-running-tasks-in-celer
/questions/31665774/concurrent-priority-queue-using-message-passing
/questions/9232604/change-the-priority-in-a-custom-priority-queue
/questions/14411995/how-to-implement-a-dart-priority-queue-in-descending-order
/questions/19410432/bounded-priority-queue-inheritance-vs-composition
/questions/31665774/concurrent-priority-queue-using-message-passing
/questions/67590509/is-there-a-way-to-check-the-priority-in-a-priority-queue-in-java
/questions/68025848/python-heapq-priority-queue-maxheap
/questions/8937208/what-is-implicit-data-structure-and-is-heap-an-implicit-data-structure-to-imple
/questions/29526877/priority-queue-not-inserting-things-by-priority
/questions/59641891/i-want-to-iterate-through-my-priority-queue-in-c-sharp
/questions/66729730/how-do-you-use-a-custom-comparator-for-priority-queues
/questions/18314686/dijkstra-algorithm-with-min-priority-queue
/questions/73867947/prims-mst-implementation-with-priority-queue-error
/questions/23764734/implementing-a-priority-queue-in-matlab-in-order-to-solve-optimization-problems
/questions/28186097/thread-safe-bounded-priority-queue-in-java
/questions/73038373/rabbitmq-implementation-of-priority-queues-does-not-work-as-intended
/questions/60515842/what-operations-would-you-use-for-implementing-a-priority-queue-pq-with-enqueue
/questions/48477397/c-how-to-implement-priority-queue-using-binary-heap-with-tie-breaker
/questions/41204747/asymptotic-complexity-of-binary-heaps-implemented-with-sets-vs-priority-queues
/questions/65053142/custom-compare-function-for-priority-queue
/questions/37289165/pop-the-highest-value-from-a-priority-queue-while-removing-some-related-nodes
/questions/48105894/is-this-the-right-way-to-implement-a-simple-priority-queue-using-double-pointer
/questions/35059941/dequeue-in-a-priority-queue
/questions/73062565/priority-queue-based-on-the-time-in-queue-and-on-a-priority
/questions/74469770/how-to-implement-a-priority-queue-in-numba-where-one-element-of-the-item-is-a-li
/questions/75736302/issue-with-implementing-the-compare-function-in-a-priority-queue
/questions/24515387/priority-queue-in-swift
/questions/32780810/dijkstras-algorithm-implementation-for-undirected-cyclic-graphs-without-priorit
/questions/64740904/when-to-use-a-binary-heap-based-priority-queue-vs-a-linked-list-based-priority-q
/questions/12722311/java-a-comparator-always-return-1-doesnt-make-a-priority-queue-into-a-queue
/questions/47526796/priority-queue-contains-method-always-returns-false-though-elemenet-exist-in-pri
/questions/10072437/priority-queue-with-change-priority-feature-which-keeps-elements-ordered
/questions/32284470/java-priority-queue-with-2-priority-parameters
/questions/29911202/priority-queue-using-a-max-heap-data-structure
/questions/25091785/unsorted-doubly-linked-list-for-priority-queue-of-strings-in-c
/questions/32283655/java-priority-queue-rearranging-itself-after-poll-method-is-called
/questions/3705881/changing-java-priorityqueue-to-a-max-pq
/questions/5997189/how-can-i-make-a-unique-value-priority-queue-in-python
/questions/41457337/all-purpose-of-binary-heap
/questions/28486832/python-priority-queue-for-node
/questions/51681308/does-fortran-have-a-priority-queue
/questions/61079557/having-issues-implementing-remove-within-my-binary-heap-priority-queue-implement
/questions/15094284/can-we-use-character-value-in-priority-queue
/questions/43176305/c-using-a-priority-queue-of-objects
/questions/12469502/how-to-implement-priority-queue-in-matlab
/questions/76148074/how-to-implement-a-dequeue-function-for-a-node-based-priority-queue
/questions/26510041/c-priority-queue-does-not-sort
/questions/12477496/zookeeper-priority-queue
/questions/44895382/priority-queue-with-doubly-linked-list-insertion
/questions/5895792/why-is-using-a-stdmultiset-as-a-priority-queue-faster-than-using-a-stdpriori
/questions/6847233/priority-queue-skip-list-vs-fibonacci-heap
/questions/66428465/rabbitmq-in-spring-boot-with-priority-queue
/questions/21673356/implement-a-priority-queue-using-stack
/questions/51787067/priority-queue-is-not-maintaining-sorting-order
/questions/33935644/creating-a-stl-min-heap-priority-queue
/questions/29485245/classcastexception-over-priority-queue-java
/questions/1795527/how-is-the-java-priority-queue-supposed-to-work
/questions/4904613/changing-a-linkedlist-into-a-priority-queue
/questions/12720293/java-strange-order-of-queue-made-from-priority-queue
/questions/76292698/what-is-asyncio-priorityqueues-default-priority
/questions/33361489/am-i-implementing-a-heap-based-priority-queue-correctly-is-downheap-necessary
/questions/10765586/priority-queue-of-pairs-in-reverse-order
/questions/25489994/what-heap-structure-does-c-stl-priority-queue-use
/questions/44660074/how-to-implement-a-cqueue-as-a-priority-queue-in-omnet
/questions/25828788/how-can-i-delete-element-in-logn-from-priority-queue-implemented-through-heapq
/questions/67219487/building-a-priority-queue-with-a-minheap
/questions/61974975/priority-queue-with-update-ability
/questions/15684056/should-i-use-power-collections-orderedmultidictionary-as-a-priority-queue
/questions/36454530/size-limit-to-priority-queue
/questions/31553338/creating-a-priority-queue-class-in-php
/questions/7927213/java-priority-queue
/questions/28460904/dijkstra-with-priority-queue-segmentation-fault
/questions/51561127/a-pathfinding-how-to-efficiently-update-node-values-in-opennodes-priority-que
/questions/59839852/making-a-function-that-counts-number-of-elements-in-priorityqueue-in-c
/questions/42127213/c-priority-queue-declaration
/questions/31257243/how-do-i-implement-a-priority-queue-with-explicit-links-using-a-triply-linked-d
/questions/52537041/how-to-use-a-priority-queue-with-spring-boot-asyncconfigurer
/questions/32880540/how-come-my-priority-queue-with-my-self-defined-comparator-is-not-giving-the-rig
/questions/41236038/priority-queue-sink-operations
/questions/22543025/priority-queue-and-heap
/questions/32880540/how-come-my-priority-queue-with-my-self-defined-comparator-is-not-giving-the-rig
/questions/27391634/a-priority-queue-implementing-3-arrays-of-5-items-in-java
/questions/36507781/how-can-i-implement-priority-queue-without-using-any-built-in-functions
/questions/76133155/issues-with-insertion-function-for-binary-min-heap-priority-queue
/questions/25823905/how-to-iterate-over-a-priority-queue
/questions/27259747/priority-queue-generic
/questions/12462702/implementing-a-priority-queue-with-a-sorted-list
/questions/27148856/prims-algorithm-using-a-priority-queue
/questions/50315617/dijkstras-algorithm-java-implementation-with-priority-queue
/questions/5085650/c-stl-priority-queue-of-node-pointers
/questions/25837345/java-sorting-in-comparator-for-use-in-priority-queue
/questions/67077563/heaps-and-priority-queue-with-pseudocode
/questions/29063967/i-need-an-advice-for-optimal-implementation-of-a-program-with-priority-queue-and
/questions/34384293/node-sqs-priority-queue
/questions/29885653/making-a-priority-queue-using-a-heap-without-using-queue-or-heapq
/questions/20542422/when-to-use-array-and-priority-queue-respectively-for-prims-algorithm
/questions/24777569/implementation-of-a-locally-ordered-set-or-priority-queue
/questions/60116447/efficient-ways-to-find-a-value-stored-in-a-priority-queue
/questions/74715466/how-can-i-iterate-over-all-elements-in-my-generic-list-listt-backwards-and-do
/questions/19986329/i-need-to-make-a-priority-queue-with-strings-that-have-add-and-remove-functi
/questions/48364680/what-is-real-world-example-for-priority-queue
/questions/10260792/c-floating-point-van-emde-boas-veb-priority-queue
/questions/2555284/java-priority-queue-with-a-custom-anonymous-comparator
/questions/75387491/implement-hybrid-fcfs-priority-queue-in-sql-and-php
/questions/1091844/priority-queues-in-java
/questions/3465675/is-message-priority-inherently-unimportant-in-message-queue-systems
/questions/10861101/default-size-of-priority-queue-in-java
/questions/60727380/how-to-implement-a-maximum-priority-queue-using-a-heap-ordered-binary-tree-with
/questions/30072077/priority-queue-ordering-of-elements
/questions/73965990/priority-queue-printing-the-wrong-element-dequeued-even-though-it-dequeues-co
/questions/76102794/c-reverse-a-priority-queue-in-place
/questions/21022334/priority-queue-and-prims-algorithm
/questions/60117309/which-priority-queue-is-faster-in-practice
/questions/4220468/simple-priority-queue-in-java
/questions/37505725/standard-queue-package-for-haskell
/questions/24397466/boost-priority-queue-which-supports-finding-an-element-in-olog-n-time
/questions/42456000/which-link-list-would-be-the-best-to-create-a-priority-queue-in-terms-of-memory
/questions/40874744/dijkstras-algorithm-using-priority-queue-on-java
/questions/61499825/k-sorted-array-using-priority-queue-c
/questions/55085593/distinct-elements-in-priority-queue
/questions/22982253/construct-boost-priority-queue-based-on-iterators
/questions/61722896/high-level-description-of-a-priority-queue-with-adjustable-priority
/questions/47818118/huffman-coding-and-priority-queue
/questions/12761356/trying-to-sort-a-priority-queue-by-one-of-the-stored-nodes-values
/questions/64833672/javascript-and-priority-queues-in-coding-interviews
/questions/39330635/in-python-without-inporting-anything-is-it-possible-to-do-constant-time-search
/questions/10158823/priority-queue-binary-heap
/questions/71299999/in-menu-driven-program-printing-the-highest-priority-using-priority-queue-and-he
/questions/3949942/priority-queue-using-multimap-java
/questions/29639867/peek-method-for-priority-queue
/questions/7988645/priorities-in-priority-queue
/questions/25708037/no-matching-member-function-for-call-to-push-in-priority-queues-c
/questions/70653482/how-to-decrease-priority-in-a-min-priority-queue-in-dijkstras-algorithm
/questions/15519959/priority-queue-insertion-and-display-function-in-c
/questions/36193322/f-priority-queue
/questions/31746590/generic-priority-queues-design-in-c
/questions/34488108/c-a-fixed-sized-priority-queue-to-store-k-nearest-neighbors
/questions/15646451/stl-priority-queue-and-overloading-with-pointers
/questions/8089810/how-would-i-pop-and-push-with-this-priority-queue
/questions/63994172/how-do-i-get-pika-to-listen-on-priority-queues-first
/questions/39266903/how-do-i-implement-in-java-a-priority-queue-of-a-tuple-that-sorts-using-both-fie
/questions/28909261/issues-with-declaring-a-c-priority-queue-using-a-custom-comparator
/questions/63586742/how-to-implement-javas-comparable-module-in-ruby
/questions/12342539/java-comparable-object-with-priority-queue
/questions/11092633/request-priority-queue-in-node-js
/questions/71948245/implementing-dijkstras-algorithm-using-a-priority-queue
/questions/75423214/redis-performance-of-using-priority-set-as-priority-queue-with-limited-range-i
/questions/10021447/what-is-heap-sorting-and-priority-queue
/questions/52587310/prority-queue-comparison-and-update
/questions/30570341/use-celery-priority-queue-with-broadcast-tasks
/questions/49173773/safe-way-of-removing-elements-in-priority-queue-while-ranging
/questions/21565868/algorithm-for-broken-priority-queue
/questions/25755899/how-to-maintain-the-precedence-of-an-object-inside-a-priority-queue-once-it-is-b
/questions/28818500/input-the-text-file-to-priority-queue-using-heap
/questions/7864990/how-to-implement-priority-queue-using-sorted-linked-list
/questions/30826202/how-to-get-the-minimum-element-from-a-priority-queue-after-modifying-the-content
/questions/35263438/why-does-this-priority-queue-implementation-only-print-one-value-repeatedly
/questions/5852545/c-while-using-priority-queue-debug-assertion-failed-expression-invalid-heap
/questions/39947537/java-how-to-priority-queue-hashset-in-order-of-size-smallest-first
/questions/25349944/priority-queue-insertion-sort
/questions/22586024/queue-how-to-implement-with-priority
/questions/21674184/stream-compaction-within-cuda-kernel-for-maintaining-priority-queue
/questions/39541068/explanation-of-this-insert-into-priority-queue-method
/questions/1624279/priority-queue-in-net
/questions/52807854/deleting-from-indexed-priority-queue-java
/questions/44057674/binary-heap-and-priority-queues
/questions/4416724/list-to-priority-queue
/questions/76244861/why-does-julia-throw-a-bound-error-when-deleting-an-element-from-priority-queue
/questions/48765384/compare-argument-in-priority-queue
/questions/8748229/implementation-of-bfs-dfs-and-dijkstra
/questions/51582540/stack-using-priority-queue-in-python3
/questions/30181904/alamofire-priority-queue
/questions/47995987/priority-queue-that-uses-a-comparator-and-has-decrease-key-operation
/questions/49714527/why-is-the-java-priority-queue-not-empty-after-execution-in-the-following-code
/questions/24345753/problems-when-trying-to-overload-operator-in-c11
/questions/34154627/is-heap-an-abstract-data-type-if-so-what-about-priority-queues
/questions/41965431/dijkstra-algorithm-min-heap-as-a-min-priority-queue
/questions/61544162/how-to-change-the-priority-function-of-priority-queue-in-python
/questions/22373663/1-0-knapsack-how-to-make-it-parallel-with-priority-queue
/questions/64580341/python-priority-queue-with-objects-heappush-does-not-support-between-objects
/questions/45792430/java-priority-queue-in-linked-list-test-cases
/questions/45792430/java-priority-queue-in-linked-list-test-cases
/questions/72512183/find-2nd-largest-element-two-variables-vs-priority-queue-for-interview
/questions/61437686/priority-queue-synchronization-with-pthreads
/questions/40980801/handling-python-priority-queue-priority-conflicts
/questions/61048361/enqueue-for-priority-queue-not-working-properly-c
/questions/26915780/moving-elements-in-a-priority-queue-to-a-lower-level
/questions/46208619/writing-a-priority-queue-with-a-max-heap-structure-in-c
/questions/41214278/how-do-i-hide-the-heap-methods-from-the-user-when-writing-a-priority-queue
/questions/7310814/what-is-an-efficient-way-to-read-write-a-priority-queue-to-a-text-file
/questions/19025317/when-is-it-a-bad-idea-to-use-a-heap-for-a-priority-queue
/questions/75793357/how-can-i-add-a-tuple-key-value-from-avl-tree-to-a-priority-queue-in-java
/questions/52159526/iterator-for-a-list-of-sorted-lists-using-a-priority-queue
/questions/67389312/segmentation-fault-implementing-priority-queues-in-c
/questions/16994136/priority-queues-and-dijkstra
/questions/21933029/dijkstras-algorithm-how-could-a-priority-queue-or-min-heap-be-used
/questions/52159526/iterator-for-a-list-of-sorted-lists-using-a-priority-queue
/questions/72186831/i-want-a-c-priority-queue-implement-and-when-the-element-is-popped-the-corre
/questions/8240092/priority-queue-issue
/questions/6437271/serializing-a-priority-queue-with-custom-items-in-php
/questions/67319557/priority-queue-returns-wrong-order
/questions/46422993/in-python-how-to-implement-a-min-priority-queue-which-maintains-the-heap-invari
/questions/20027562/priority-queue-that-allows-event-cancelation
/questions/56369498/grid-engine-queue-priority-setup
/questions/61603311/how-priority-queue-is-used-with-heap-to-solve-min-distance
/questions/49061950/implementing-a-priority-queue-as-a-stack-java
/questions/40205223/priority-queue-with-tuples-and-dicts
/questions/28419465/priority-queue-with-insert-delmin-operations-in-constant-amortized-running-tim
/questions/42237831/java-queue-with-dynamic-priority-flag
/questions/2252793/is-there-a-c-minmax-heap-implementation
/questions/18484205/how-can-i-use-priority-queue-in-swi-prolog
/questions/39811491/double-ended-priority-queue-using-a-doubly-linkedlist
/questions/29938730/implementing-min-priority-queuec-stl-using-user-defined-objects
/questions/3619312/priority-queue-which-can-be-stored-on-disk
/questions/50530855/insert-element-in-a-priority-queue-with-priority-attribute
/questions/71818774/c-sharp-sorting-a-priority-queue-based-on-a-linked-list
/questions/70150386/using-two-different-priority-queues-in-golang
/questions/15994108/c-sharp-priority-queue-generic-type-t-conversion
/questions/64306525/java-priority-queue-with-arraylists-and-pairs
/questions/38133444/c-priority-queue-with-pointer-to-object-does-not-work-correctly
/questions/40446491/min-max-heap-or-priority-queue-data-structure-in-objective-c
/questions/26700499/c-priority-queue-to-find-and-modify-objects
/questions/15002763/java-priority-queue-to-queue-adaptation
/questions/66259407/priority-queue-using-doubly-linked-list
/questions/70323497/implementing-an-unbounded-min-priority-queue-using-a-singly-linked-list-in-pytho
/questions/16089105/removing-element-from-priority-queue
