/questions/32440964/maple-defining-recursive-relations
/questions/52294589/android-room-recursive-relation
/questions/48448886/laravel-recursive-relations-and-returning-this
/questions/64465848/how-to-find-recursive-relation-of-this-recursive-function
/questions/59691221/tried-to-have-recursive-relation
/questions/74060886/er-diagram-and-recursive-relation
/questions/55267123/laravel-recursive-relations
/questions/24033097/many-to-many-recursive-relation
/questions/14942145/entity-framewok-recursive-relation-and-childrens-select
/questions/54471019/django-rest-framework-extremly-slow-recursive-relations
/questions/22045550/design-and-analysis-of-algorithm-recursive-relation
/questions/38489593/recursive-relations-django-queires
/questions/70132225/prisma-nested-recursive-relations-depth
/questions/66807800/how-to-reverse-unlimited-sub-categories-in-laravel-using-recursive-relations
/questions/25211215/how-can-i-find-the-recursive-relation
/questions/59281273/loading-two-way-recursive-relation-in-laravel
/questions/19781294/whats-the-difference-in-notation-for-total-participation-and-recursive-relation
/questions/48520335/dynamic-programming-tabulation-of-a-recursive-relation
/questions/9421965/finding-a-recursion-relation
/questions/33671842/traversing-a-recursive-relations-matrix-in-javascript
/questions/52989853/defining-recursive-relation-in-maple-by-for-loop
/questions/29368460/what-is-the-notation-of-recursive-relation-in-oracle-11g
/questions/5385950/solution-to-recursive-relations-with-arrays
/questions/72220101/recursive-relations-search-between-2-columns-in-a-table-using-python-list-dic
/questions/24281340/error-when-trying-to-map-a-recursive-relation
/questions/59681983/recursive-relation-in-java-when-only-one-parent
/questions/64497432/how-can-i-find-a-recursive-relation-for-this-code
/questions/57758292/conditioning-the-records-to-be-related-in-a-recursive-relation
/questions/49470048/recursion-of-a-linked-list-recurrence-relations-and-recursive-trees
/questions/37418231/hibernate-entity-with-more-than-one-self-relations-recursive-relations
/questions/59648984/eloquent-recursive-relation
/questions/23638788/render-doctrine-entities-including-recursive-relations-as-json
/questions/1223163/eagerly-load-recursive-relation
/questions/49589393/entity-framework-recursive-relations-and-attaching-errors
/questions/61349199/calculating-complexity-for-recursive-algorithm-with-codependent-relations
/questions/66841110/recursion-relation-and-overlapping-sub-problems
/questions/63903910/recurrence-relations-solving-with-two-recursive-calls
/questions/15085647/entity-framework-5-recursive-relations
/questions/23245515/reaching-root-of-recursive-relation
/questions/61718096/recursive-relation-and-relative-table-query-with-sub-queries
/questions/5829000/sorting-related-records-in-recursive-relation
/questions/7615351/model-with-recursive-self-relation-in-djangos-admin
/questions/71268650/criteriabulder-in-recursive-related-db
/questions/60073725/why-recurrence-relations-arise-in-analyzing-the-running-times-of-recursive-algor
/questions/28863883/resolving-a-running-time-of-recursive-relations
/questions/46955273/simple-recursive-relation
/questions/42053922/convert-recursive-relation-to-functional-program
/questions/19205067/confused-about-a-pair-of-recursion-relations
/questions/47441861/laravel-5-5-multi-level-menu-query-order
/questions/15506060/convert-simple-recursive-relation-to-functional-program
/questions/25656683/mysql-reflexive-recursive-relation
/questions/21818850/recursion-related-to-trees
/questions/67649145/recursive-relation-for-the-max-heapify-algorithm-and-the-worst-case
/questions/56203451/solving-a-stackoverflow-exception-in-a-recursive-relation
/questions/13500227/recursive-relation-help-for-dynamic-programming-2d-plane-algorithm
/questions/23105895/wrong-result-of-a-recursive-relation
/questions/53427494/recursive-relation-roles-laravel-5-6
/questions/52621711/recursive-query-by-multiple-relations-neo4j
/questions/52621711/recursive-query-by-multiple-relations-neo4j
/questions/70343875/finding-the-recursive-relation-of-an-algorithm-and-then-using-to-find-the-runtim
/questions/24210178/how-would-one-deal-with-a-cyclically-recursive-relation
/questions/10011627/recursive-query-with-peer-relations
/questions/25105247/one-to-many-and-recursive-relation-force-value-to-be-set
/questions/59519626/with-recursive-over-a-complex-hierarchy
/questions/4664855/how-to-compute-recursion-relations-in-mathematica-efficiently
/questions/76147042/using-simplified-recursive-relation-to-solve-nth-catalan-problem
/questions/62997347/unrolling-recursive-recurrence-relations
/questions/8346209/recursive-relations-list-people-with-a-supervisor-and-those-without-a-supervis
/questions/54155058/how-to-use-recursive-relation-in-laravel
/questions/23279009/tastypie-foreign-key-recursive-relation-loading-an-internal-foreign-key
/questions/38635698/does-silverstripe-have-recursive-data-relationships
/questions/37624521/recursively-process-list-of-relations
/questions/71692644/symmetric-relation-recursive-sml
/questions/22893494/mongodb-how-to-model-recursive-relation-categories
/questions/72939740/how-to-determine-recursive-relations-within-dataset-using-php-and-mysql
/questions/4665138/how-to-solve-recursion-relations-analytically-in-mathematica
/questions/60744212/how-ro-make-recursive-relation-in-room
/questions/8269678/how-to-not-cascade-delete-in-a-recursive-relation
/questions/54083904/golang-go-pg-relation-recursive-query
/questions/31656747/how-to-get-a-recursive-many-to-many-relation-with-greendao
/questions/22573576/how-to-find-recurrence-relation-from-recursive-algorithm
/questions/35853391/laravel-relationships-recursive
/questions/50492552/php-data-mapper-with-recursive-mtm-relations-between-domains
/questions/51564124/relations-between-same-model-in-ruby-on-rails
/questions/24204601/laravel-eloquent-get-model-with-all-associated-relations-recursively
/questions/24535218/related-name-for-recursive-many-to-many-relationship-not-working
/questions/66138130/how-to-model-a-recursive-relationship-in-a-relational-model
/questions/12656914/how-to-map-recursive-relation-on-self-in-entity-framework-code-first-approach
/questions/40885279/how-can-i-convert-from-a-sql-recursive-hierarchical-relational-table-to-neo4j
/questions/40883872/i-want-recursive-relation-like-cakephp-in-laravel
/questions/30757575/determining-recurrence-relation-from-recursive-algorithm
/questions/18229991/a-recursion-related-issue-in-c-sharp
/questions/5163478/doxygen-report-potential-recursive-class-relation
/questions/76592407/recurrence-relation-of-recursive-functions-that
/questions/27392117/recursive-inline-with-foreign-fields-django-admin
/questions/59434572/spring-boot-how-to-set-parent-child-relationshierarchical-or-recursive-in-a-t
/questions/67237305/loading-related-data-recursive-comments
/questions/69183613/how-to-count-objects-on-a-recursive-relation-on-mongodb
/questions/929882/what-is-the-relation-between-parser-combinators-and-recursive-descent-parsers
/questions/20168278/is-it-better-to-store-recursive-data-in-one-or-two-tables
/questions/28169480/recurrence-relation-for-a-hypothetical-recursive-function
/questions/21854205/prolog-family-tree-blood-relations-recursion
/questions/33005282/best-practice-for-modeling-a-recursive-relation-in-a-table-in-a-relational-datab
/questions/56410517/solving-a-recurrence-relation-for-a-recursive-function
/questions/66656515/recursive-cte-parent-child-relation
/questions/16019105/recursive-mysql-query-with-relational-innodb
/questions/64669623/mapping-recursive-relation-via-secondary-table-with-spring-data
/questions/75011585/how-to-set-additional-query-to-recursive-relation-in-laravel
/questions/64137436/how-to-fetch-indirect-relations-through-another-node-recursively-in-neo4j
/questions/62261204/how-to-create-an-entity-that-would-relate-to-another-one-of-the-same-type-recur
/questions/68823880/mapping-out-db-relations-to-js-object-recursive-object-refs-issue
/questions/67408728/how-does-polymorphic-recursion-relate-to-infinite-type-errors
/questions/50154032/python-recursive-sequence-related-code
/questions/71585533/recursive-function-for-a-linear-recurrence-relation-runs-into-recursion-error
/questions/50784469/what-is-the-complexity-of-int-multiplyrecint-m-int-n-ifn-1-return-m-re
/questions/16066940/cakephp-recursive-2-with-translate-behavior
/questions/62138797/whats-the-difference-between-normal-recursive-solutions-and-dynamic-programming
/questions/68423809/recursive-query-with-parent-child-relation
/questions/71816637/cant-create-a-recursive-relationship-in-mysql
/questions/9733192/recursion-related-product-of-two-numbers
/questions/63796590/full-recursive-employee-boss-relation-in-sql-server
/questions/5337464/anonymous-recursive-function-in-scala
/questions/53243208/how-do-you-deal-with-recursive-relationships-nm-in-database-relational-schema
/questions/25111106/recursive-fibonacci-algorithm-with-variant
/questions/37026776/match-recursive-pattern-consisting-of-multiple-relations-in-cypher
/questions/21716193/proving-upper-bound-complexity-for-a-recursive-function
/questions/76023946/dart-how-to-filter-list-with-self-relation-using-recursive-function
/questions/53469761/dynamic-programming-coin-row-problem-how-its-recurrsive-relation-is-developed
/questions/60080704/recurrence-relation-for-running-time-of-recursive-algorithm-for-finding-factoria
/questions/61508185/directory-path-to-recursive-array-with-children-relation
/questions/17014331/explain-recursive-function-what-if-it-calls-itself-two-times
/questions/43728734/dynamic-programming-with-recursive-function-in-python
/questions/68866719/java-binary-tree-recursion-related-questions
/questions/19164130/what-is-the-time-complexity-of-the-below-recurrsive-function
/questions/61195738/finding-minimum-nodes-in-avl-tree-without-recursive-call
/questions/49388604/recursive-sql-with-1n-relation-to-another-table
/questions/3122092/how-to-handle-mututally-recursively-related-tables
/questions/55617518/how-to-find-recurrence-relation-from-a-given-recursive-function
/questions/45044550/order-by-in-a-recursive-query-in-postgres
/questions/1071149/define-a-django-model-relationship
/questions/75950792/convert-array-of-objects-with-parent-child-relations-to-nested-object
/questions/20819771/how-can-i-use-recursive-concept-with-a-relational-class
/questions/72390128/django-how-to-use-outerref-for-get-in-annotate
/questions/61172396/tail-recursion-on-double-factorial-equation-in-c
/questions/50754451/dto-projection-on-a-recursive-structure
/questions/33090675/is-is-possible-to-set-m2m-object-not-to-have-recursive-relation-to-itself
/questions/37378484/postgres-vs-mongodb-on-modeling-recursive-multi-child-relations
/questions/59233776/palindromic-permutated-substrings
/questions/37326371/sql-recursive-function-only-show-nods-that-have-specifik-relation
/questions/68120797/recurrence-relation-of-recursive-function-that-contains-while-loop
/questions/30711069/create-properly-a-manytomany-recursive-reflexive-relation-with-doctrine-orm-s
/questions/67562817/recursion-in-sql-to-find-a-friend-of-a-friend
/questions/42167816/hibernate-recursive-mapping-parent-child-structure-stackoverflowerror-when-ret
/questions/35656810/does-python-have-an-iterative-recursion-generator-function-for-first-order-recur
/questions/62502426/recursive-function-to-get-nested-items-with-parent-child-relations
/questions/68887054/is-this-recursive-implementation-of-bubble-sort-inefficient-and-how-could-it-be
/questions/31045317/rails-how-to-create-recursive-nested-form-for-for-child-parent-relations
/questions/33909345/a-recurrence-relation
/questions/17576563/how-do-i-make-a-recursive-call-with-sql
/questions/72430342/hibernate-infinite-recursive-error-in-many-to-one-relation
/questions/25366737/django-orm-recursive-many-to-many-field-join
/questions/9560563/practicing-big-o-and-finding-recurrence-relations
/questions/35164628/solving-recurrences-in-loops
/questions/41890134/how-to-get-desired-table-with-recursive-query
/questions/7000240/how-to-define-a-recursive-relation-between-an-exception-type-and-another-type
/questions/18235856/recursive-sql-relation-query
/questions/46487150/use-of-recursive-cte-in-udf
/questions/32373925/recurrence-relation-for-recursive-algorithm
/questions/68272247/i-cannot-delete-related-records-with-a-recursive-function
/questions/63390434/problem-related-to-recursion-in-typescript
/questions/68119162/how-to-do-recursion-on-typeorm-relations
/questions/3464691/masters-method-which-case
/questions/47104395/optimizing-a-recursive-postgres-query-that-uses-where-clause-and-a-lot-of-ands
/questions/73280907/how-to-make-a-recursive-function-to-find-related-elements
/questions/6250376/what-does-recursive-mean-in-relation-to-the-git-rm-r-filename
/questions/38765543/recursive-query-in-hive
/questions/55860262/how-can-to-implement-recursion-for-loopback-self-relations
/questions/46362338/django-create-object-from-recursive-model
/questions/26385984/recursive-pattern-in-regex
/questions/22120949/recursively-find-nested-active-record-relations-in-yii
/questions/12659581/functional-programming-lots-of-emphasis-on-recursion-why
/questions/35427056/how-can-i-implement-recursive-join-using-loopback-self-relations
/questions/38186181/quotienting-a-mutually-recursive-family-of-datatypes
/questions/12939126/recursive-vs-non-recursive
/questions/1757260/simplest-way-to-do-a-recursive-self-join
/questions/22643477/solving-recurrence-relation-via-recursion-trees-of-the-form-tn-1
/questions/5511296/jpa-how-to-add-the-first-entity-of-recursive-non-null-relation
/questions/9509062/recursive-query-with-ordered-values-in-sqlite-android
/questions/74235248/pseudo-code-for-a-recurrence-relation-with-a-number-of-recursive-calls-proportio
/questions/63186303/why-does-this-default-parameter-break-my-recursive-function
/questions/68501341/postgresql-recursive-query-with-a-where-clause
/questions/39006863/boost-netbeans-recursive-includes-related-to-bsd-on-linux-mint-17-2
/questions/37666073/how-to-recursively-get-path-between-related-objects
/questions/12115973/cakephp-deeper-recursive
/questions/39323753/recursive-select-and-join-related-table
/questions/29662213/can-my-recursive-solution-for-knapsack-be-improved
/questions/38071683/sqlachemy-recursively-fetch-children-and-ancestors-with-relations
/questions/3149436/sqlalchemy-recursive-many-to-many-relation
/questions/45380294/sql-server-skip-duplicate-relations-parent-child-in-recursion
/questions/57692678/improve-recursive-count-of-entries-with-related-parent-id
/questions/40564996/forming-recurrence-relations
/questions/48786234/control-of-the-combinatorial-aspects-of-a-dynamic-programming-solution
/questions/55813748/enforce-order-of-relations-in-multipath-queries
/questions/9330988/sql-server-2008-and-matching-of-subsets
/questions/61390296/finding-a-recurrence-relation-for-this-recursive-function
/questions/1294590/how-to-remove-all-svn-directories-from-my-application-directories
/questions/58414430/recursive-self-referenced-table-to-flat-structure
/questions/6035832/creating-treeview-from-database
/questions/68117828/how-to-pull-a-related-anchor-value-on-all-recursive-rows-of-a-cte
/questions/58524416/how-to-avoid-overflow-error-with-recursive-entities-hibernate-5-mysql-8
/questions/54545075/recursion-in-mybatis-sql-causing-stack-overflow-while-compile
/questions/49392969/asp-net-mvc-how-to-show-nested-parent-child-relation-using-recursive-technique
/questions/28427141/first-time-running-issue-in-ef6
/questions/36400698/easter-egg-recursive-function-on-java
/questions/48809772/complex-combinatorial-conditions-on-dynamic-programming
/questions/59339174/recurrence-relations-in-computer-science-mathematics-tn-6tn-6-2n-3-for
/questions/14483948/general-recursive-method-for-iterate-all-controls-and-their-related-controls-in
/questions/11599449/cakephp-relations-model
/questions/32847476/recursive-algorithm-to-a-simple-counting-issue
/questions/33272263/insert-recursive-nested-object-in-recursive-table
/questions/18243165/tastypie-display-raw-foreign-key-id-value
/questions/71377575/optimization-queries-with-foreign-key-to-self-model
/questions/15411222/r-converting-recursive-code-to-functional-programming
/questions/48238936/postgresql-infinite-recursion-detected-in-policy-for-relation
/questions/16313700/cake-low-recursive-and-non-working-bindmodel
/questions/47609494/complexity-analyisis-recurrence-relations
/questions/56808946/updating-a-python-array-without-loops
/questions/11570443/django-tastypie-throws-a-maximum-recursion-depth-exceeded-when-full-true-on-re
/questions/12593641/is-there-a-relation-between-dfa-and-loop-nfa-and-recursion
/questions/54759066/time-complexity-of-a-recursive-function-with-three-recursive-calls
/questions/16661156/binding-recursive-treeview
/questions/56413345/recurence-relation-of-recursive-call-inside-another
/questions/67101888/time-complexity-variable
/questions/18040457/explain-recursive-call-possibly-related-to-scope
/questions/60150757/modifying-default-queryset-for-recursive-self-relation
/questions/68314549/django-db-utils-programmingerror-relation-does-not-exist-with-recursive-model
/questions/58238637/sql-query-two-columns-with-relation
/questions/27302483/solving-recursive-sequence
/questions/59159166/typeerror-float-object-is-not-subscriptable-in-python-for-recursive-equation
/questions/32548121/how-is-the-recursive-function-working-which-seems-to-be-infinite-recursive
/questions/3249925/hibernate-envers-traversing-the-relations
/questions/72912214/get-product-table-from-category
/questions/53013078/clipsrecursion-family-relations-how-to-implement-correctly-the-relation-of
/questions/56405142/leetcode-best-time-to-buy-and-sell-stock-with-transaction-fee-how-to-think-in-i
/questions/50123407/simple-recursive-query-in-oracle
/questions/42555361/database-concept-for-events-with-relations-between-them-to-execute-at-specific-t
/questions/59448167/bit-string-without-consecutive-1s-using-top-down-dp
/questions/44155458/recursive-generic-type-deep-type-check
/questions/55958273/how-are-recursive-tree-algorithms-implemented-to-the-nested-recursive-array
/questions/40087646/complex-relations-in-database-with-laravel
/questions/27529845/recurrence-relation-tn-2tn-4-tn-2-n2
/questions/26016073/boostgraph-recursive-traverse-and-graph-copy
/questions/67589993/recursive-query-to-find-previous-related-row-meeting-criteria
/questions/9967602/database-design-for-a-recursive-relationship
/questions/59171693/mutually-recursive-functions-over-product-type
/questions/48359714/how-to-create-a-recursive-function-in-python-to-create-a-dict-which-maps-odoo-8
/questions/4725343/django-self-recursive-foreignkey-filter-query-for-all-childs
/questions/60447821/biderectional-relations-in-pojos-parent-children
/questions/38143191/scala-recursive-reduction
/questions/57133390/how-to-understand-which-recursive-function-program-needs
/questions/62675737/how-to-memoize-nodes-in-a-recursive-cte-query-traversing-a-graph
/questions/16186168/recursive-table-which-child-parent-relationship
/questions/22284736/entity-framework-database-first-table-per-hierarchy-tph-recursive-relationsh
/questions/68304589/creating-an-has-many-relationship-through-a-recursive-has-many-relation
/questions/9198080/left-recursive-rules-in-context-free-grammar
/questions/33164612/required-recursive-function-for-parent-child-relation-tree
/questions/41943800/neo4j-slower-than-mysql-in-performing-recursive-query
/questions/46422994/self-referencing-manytomany-relations-in-hibernate
/questions/69817271/how-to-solve-recurrence-relations-in-r
/questions/66457965/python-recursive-function-not-returning
/questions/20372723/multidimensional-array-using-recursive-function-for-relational-data
/questions/56060075/avoid-loops-in-recursive-m2m-relation-self-referencing
/questions/72407986/javascript-recursion-related-question-about-push-and-unshift-methods-working
/questions/61380342/count-number-of-each-foreign-key-in-a-table-with-recursive-relationship
/questions/35235512/how-do-i-find-a-recurrence-relation-for-a-recursive-method
/questions/62689737/how-to-limit-nubmer-of-foreign-key-relations-in-django-orm
/questions/74155303/how-do-you-solve-this-recurrence-relation-using-the-recursion-tree
/questions/41929339/exc-bad-access-code-2-in-recursive-function-call
/questions/34260134/get-all-child-categories-in-relationships-laravel-5
/questions/9269918/setting-up-and-solving-a-recurrence-relation-for-a-recursive-function
/questions/43952971/plsql-recursive-query-for-friend-analysis
/questions/49936356/recursive-query-on-sqlalchemy
/questions/43562553/recursive-definitions-of-values-and-bytecode-calls-to-primitives
/questions/47735790/query-recursive-views
/questions/66677076/prisma-get-all-tree
/questions/50876032/typo3-remove-validation-from-objectstorage-property-in-model
/questions/47778513/django-deleting-a-one-to-one-related-field-in-post-delete-causes-recursion
/questions/34076519/how-do-i-relate-an-alias-to-a-recursive-id
/questions/46359069/algorithm-time-complexity-using-recurrence-relations
/questions/14579413/questions-related-to-recursion
/questions/34186375/related-to-function-and-recursion
/questions/27253616/hadoop-warn-ebadf-bad-file-descriptor
/questions/75572727/scala-3-recursive-definition-similar-to-haskell-recursive-definition
/questions/20923351/recursive-sql-query-descending
/questions/23900010/gruntfile-js-throwing-error-recursive-process-nexttick-detected
/questions/71693986/for-loop-is-related-to-an-array-in-the-same-way-as-recursion-is-related-to-trees
/questions/3796235/querying-an-entity-on-a-recursive-relationship
/questions/46821111/recursion-related-exception-unable-to-get-property-tag-of-undefined-or-null-r
/questions/35780618/big-o-and-big-omega-related-to-big-theta-recursion
/questions/43097124/how-to-do-a-recursive-function-in-mips
/questions/66722933/jena-shacl-shape-max-recursion
/questions/42990925/bookshelf-js-recursive-query-plus-ordering
/questions/59236331/infinite-loop-with-recursive-sql-query
/questions/43324284/recursive-cte-for-family-tree-does-not-recurse
/questions/12062214/how-to-populate-the-child-collections-associations-of-an-entity-from-a-stored
/questions/55197676/sql-get-sum-of-sequece-relations
/questions/58886796/dynamic-fetching-for-relations-in-spring-jpa
/questions/25339997/model-recursive-relationship-without-graph-database
/questions/70133866/save-descendence-in-family-tree-with-a-recursive-function-in-python
/questions/47152052/recursive-function-not-working-in-codeigniter
/questions/10135296/recursive-function-analysis
/questions/29463093/using-recursive-method-for-exponents-in-java
/questions/61661334/recursive-function-appropriate
/questions/73062881/pyspark-python-recursive-join-x-level
/questions/48524155/recursive-query-mysql
/questions/74897149/typing-recursive-function-with-nested-type
/questions/57386254/recursive-member-of-a-common-table-expression-cte-has-multiple-recursive-refer
/questions/22895918/database-logic-for-conversation-like-forum-php-mysql
/questions/38157573/delete-entity-with-self-referencing-foreign-key-using-recursive-function-in-enti
/questions/57386254/recursive-member-of-a-common-table-expression-cte-has-multiple-recursive-refer
/questions/70535933/entity-framework-core-automatically-recursively-including-collection-for-each-en
/questions/21134889/recursive-calls-for-fibonacci-sequence
/questions/63888581/deflation-method-for-multiple-root-finding
/questions/75913499/identifying-mutually-recursive-definitions
/questions/40184601/calculate-complexity-in-recursive-algorithm-with-deep-limit
/questions/20391089/entity-framework-include-all-related-entities-recursively
/questions/17511433/scala-tree-insert-tail-recursion-with-complex-structure
/questions/46543892/using-a-recursive-common-table-expression-to-find-related-tables-in-sql-server-u
/questions/56775985/how-to-fix-failed-to-convert-from-type-java-lang-string-to-type-javax-persiste
/questions/13780843/postgresql-recursive-via-2-parent-child-tables
/questions/31857785/recursive-self-query-in-postgres-padb-without-ctes
/questions/58899774/php-parent-child-relation-recursion
/questions/9446073/cakephp-habtm-and-recursive-attribute-to-get-all-related-data
/questions/23832405/muz3-non-deterministic-recursive-call
/questions/58539844/recursive-program-to-obtain-legendre-polynomials
/questions/50571152/what-is-this-attributeerror-recurse-related-black-hat-python-chapter7-github-c
/questions/66794057/complex-object-comparison-in-c-sharp-without-using-recursive-calls
/questions/47322286/django-how-to-add-recursive-asymmetrical-many-to-many-relation
/questions/74365372/sql-recursive-cte-for-parent-child-relation-with-two-tables
/questions/50019864/query-which-will-perform-better-than-recursive-cte
/questions/72656647/issue-all-relations-are-loaded-recursively-on-eloquent-model-create-in-laravel
/questions/20575850/graph-or-relational-db-specifically-recursion
/questions/1308158/how-does-entity-framework-work-with-recursive-hierarchies-include-seems-not-t
/questions/5152311/drupal-7-render-a-node-chain
/questions/39146334/django-many-to-many-symmetrical-recursive-through-inheritance-solution
/questions/1308158/how-does-entity-framework-work-with-recursive-hierarchies-include-seems-not-t
/questions/34131691/recursive-algorithm-using-iteration-method
/questions/63225544/recursive-cte-to-find-min-and-max-related-datas-in-sql
/questions/60847556/cakephp-2-x-couple-of-questions-on-hasmany-relation
/questions/9540686/run-time-complexities-for-recursive-algorithms
/questions/8944331/self-referencing-with-entity-framework
/questions/69664154/performance-of-the-tail-recursive-functions
/questions/44975347/e-r-modelling-and-business-rules
/questions/62489157/event-related-recursion-on-node-js
/questions/64089364/is-it-possible-to-avoid-recursion-and-stackoverflowerror-in-onetomany-manytoone
/questions/57571767/generate-hierarchical-structure-based-on-relational-data
/questions/53847665/how-to-recursively-convert-from-multidimensional-form-array-to-the-related-entit
/questions/39844741/recurrence-relation-to-a-specific-algorithm
/questions/68082458/how-i-run-loop-for-laravel-recursive-relationship
/questions/11511595/xsl-transformation-with-recursive-elements
/questions/287445/why-do-people-hate-sql-cursors-so-much
/questions/7839027/recursing-properly-through-related-entities
/questions/1265770/ordering-on-a-field-in-the-through-model-of-recursive-manytomany-relation-in-d
/questions/71687910/composistion-in-sml-discreate-math-and-functional-programming
/questions/11621579/recursion-in-rearranging-related-data
/questions/34119370/recursive-algorithm-solving-by-iteration-method
/questions/34734178/recursive-relationship-in-oracle
/questions/52261898/is-recursion-in-algorithm-necessary-to-write-a-recurrence-relation
/questions/3768966/c-recursive-header-file-inclusion-problem
/questions/33782988/recursive-backtracking-in-simple-graph
/questions/39593260/angularjs-directives-composition-vs-recursive-directive
/questions/43328538/squeryl-nullable-foreign-key
/questions/46281247/what-would-be-the-most-djangoish-way-to-run-through-relations-until-last-child
/questions/49896116/spring-data-projections-recursive-problems
/questions/55031308/laravel-manage-different-api-responses
/questions/47807589/postgresql-view-join-table-has-and-belongs-to-many-association-how-to-skip-ca
/questions/23322686/use-of-scanner-class-in-recursive-functions
/questions/14274942/sql-server-cte-and-recursion-example
/questions/30201391/how-to-write-a-recurrence-relation-for-a-given-piece-of-code
/questions/60365354/consolidating-2-recursive-cte-statements
/questions/10110033/recursively-hydrate-all-related-objects-in-propel
/questions/58355602/recursive-generator-in-rust
/questions/7587575/how-to-define-a-parameter-recursively-in-gams
/questions/7587575/how-to-define-a-parameter-recursively-in-gams
/questions/68020858/python-pandas-find-related-names-recursively
/questions/24345554/why-loop-inside-recursive-function-not-complete-in-javascript
/questions/8456308/recursive-search-in-java
/questions/19811274/recursive-category-and-inner-join
/questions/25194553/detecting-cycles-in-a-recursive-query
/questions/63711496/how-get-recursive-categories-from-mongodb-with-nodejs-or-javascript
/questions/25291125/racket-how-to-define-a-recursive-generator-like-python
/questions/63916567/why-use-a-helper-function-inside-a-recursive-function
/questions/25953909/serializing-a-recursive-manytomany-model-in-django
/questions/27277880/testing-recursive-functions-c
/questions/46157468/doctrine-relations-for-parent-and-child-classes
/questions/3282857/sum-of-the-largest-odd-divisors-of-the-first-n-numbers
/questions/4821885/habtm-echo-value-like-standard-relationship
/questions/40940540/create-a-recursive-view-that-has-a-with-recursive-statement-in-teradata
/questions/1691813/specify-which-model-relations-to-load
/questions/34269530/how-can-i-use-java-recursion-with-this-relation
/questions/49352643/data-structure-recursive-functions
/questions/30561324/fraction-class-for-finding-square-root-2-convegerence
/questions/31619195/why-no-inheritance-relations-between-the-c-mutex-mutexes
/questions/66596265/recurrence-relations-with-multiparameter-functions
/questions/76113681/how-to-properly-seed-a-mongodb-collection-with-two-many-to-many-self-relations-v
/questions/1347909/how-to-determine-the-height-of-a-recursion-tree-from-a-recurrence-relation
/questions/74619555/recursive-function-call-fails-to-recurse-in-aws-lambda-python3
/questions/18203068/example-of-recursive-define-in-real-system-programs
/questions/18826116/parallel-building-in-recursive-autotools-project
/questions/40900603/can-this-result-be-achieved-with-a-recursive-cte
/questions/53062258/php-recursive-function-for-genealogical-tree
/questions/64644967/recurse-for-kth-cousin-n-times-removed-in-prolog
/questions/40476530/python-recursive-minimax-implementation
/questions/49027819/jpa-all-referenced-relations-are-retrieved-manytomany-manytoone-onetomany
/questions/31012697/node-warning-recursive-process-nexttick-detected-this-will-break-in-the-next
/questions/35109114/trampolining-in-javascript-how-to-handle-try-catch-in-recursive-call
/questions/25139789/relationship-between-following-two-recursive-methods-which-generates-balanced-pa
/questions/22431364/abstract-recursive-generic-causes-bound-mismatch
/questions/68604824/how-can-i-shorten-a-string-of-colours-using-recursion
/questions/74452572/does-superstruct-support-discriminated-unions-with-a-recursive-type
/questions/32295730/printing-relations-between-members
/questions/65062676/can-i-use-a-recursive-parentalkey-in-wagtail
/questions/69474039/recursive-time-complexity-with-fibonacci-numbers
/questions/74076777/recursive-query-to-replicate-imitate-dense-rank
/questions/61745261/recursive-relationship-issues
/questions/74371917/infinite-recursion-with-serialization-jackson-on-manytomany-only-in-relation
/questions/8188305/return-zero-when-list-contains-negatives
/questions/67484110/segmentation-fault-on-recursive-merge-sort
/questions/46850680/laravel-5-5-how-to-disable-autoappending-relations-to-array-json
/questions/65818868/time-complexity-of-recursive-function
/questions/22547907/recursive-template-consuming-node-set-and-using-preceding-sibling-axis
/questions/46629081/time-compexity-of-palindrome-recursive-algorithm
/questions/37793968/recursive-jdbc-queries-are-throwing-java-lang-stackoverflowerror-at-oracle-jdbc
/questions/48929765/reading-onetomany-loaded-recursive-tree
/questions/40694099/hibernate-infinite-loop-recursion-in-many-to-many-relation
/questions/40694099/hibernate-infinite-loop-recursion-in-many-to-many-relation
/questions/29577227/how-to-do-permutation-in-polynomial-time
/questions/33438992/sql-recursive-query-as-subquery
/questions/43166330/recursive-sql-query
/questions/37193623/proper-way-to-set-up-a-trainer-member-relationship-using-one-entity
/questions/28569592/avoid-recursion-on-this-function-xml-related
/questions/1781402/sql-recursive-query-to-identify-relation-between-2-users-of-family-tree
/questions/66375472/js-recursive-binary-search-stackoverflow
/questions/65668027/how-do-i-relate-recursion-to-the-remainder-operator
/questions/71834929/trying-to-make-a-hashset-dynamic-with-recursive-children-to-populate-a-treeview
/questions/53118823/neo4j-plugin-recursive
/questions/41228399/find-a-list-of-related-classes-recursively
/questions/55025056/master-theorem-to-find-time-complexity-of-recurrence-relation
