/questions/9388167/openmp-parallel-for-loop-with-two-or-more-reductions
/questions/31546381/lambda-calculus-reductions
/questions/5227503/clojure-reduce-reductions-and-infinite-lists
/questions/73892161/openmp-multiple-reductions-in-parallel
/questions/20611577/clojure-how-to-do-reductions-function-but-drop-state
/questions/24108243/efficient-boolean-reductions-any-all-for-pyspark-rdd
/questions/42355322/faster-parallel-reductions-on-kepler
/questions/16532757/using-np-reductions
/questions/31751766/reductions-in-the-erlang-beam-machine
/questions/416956/is-it-possible-to-print-all-reductions-in-haskell-using-winhugs
/questions/13098507/printing-all-reductions-in-bison
/questions/16706918/why-is-the-openmp-reduction-clause-needed-to-make-reductions-concurrent
/questions/33249579/javascript-equivalent-to-clojures-reductions-or-pythons-itertools-accumulate
/questions/36270165/perform-multiple-reductions-in-a-single-pass-in-clojure
/questions/40623922/clojure-reductions-applying-function-n-times-keeping-intermediate-results
/questions/28803782/julia-parallel-for-loop-with-two-reductions
/questions/55253688/polynomial-time-mapping-reductions-for-np
/questions/50869179/mutation-reductions-for-parallelstream-in-java-8
/questions/68237942/haskell-algorithm-to-find-all-possible-beta-reductions
/questions/29873745/kolmogorov-complexity-is-uncomputable-using-reductions
/questions/76325938/regarding-openmp-parallel-simd-reductions
/questions/62160513/c-eigen-reductions-are-slower-than-simple-loop
/questions/76148322/not-returning-all-possible-one-step-reductions-for-combinatory-expressions
/questions/15394882/need-help-understanding-opencl-reductions
/questions/37719448/a-language-that-is-re-complete-with-respect-to-polynomial-time-reductions
/questions/35675466/reductions-in-parallel-in-logarithmic-time
/questions/52263216/where-does-openssl-perform-its-modular-reductions-on-binary-finite-fields
/questions/42863146/numpy-reductions-over-successive-non-contiguous-slices
/questions/20205659/does-gcc-via-nvcc-vectorize-these-sum-and-max-reductions
/questions/64738321/np-complete-problems-to-partition-problem-reductions
/questions/1243819/reductions-in-programming
/questions/57117743/to-find-the-minimumleast-number-of-unique-numbers-in-a-given-list-after-n-re
/questions/71119005/understanding-reductions-to-show-np-completeness
/questions/60176469/proving-a-language-is-undecidable-using-turing-reductions
/questions/63452002/python-equivalent-to-clojure-reductions
/questions/45111312/nested-reductions-what-is-the-most-idiomatic-way-to-write-these-in-chapel
/questions/15657388/python-file-reduction-part-2
/questions/2888777/algorithm-reductions
/questions/14542145/reductions-down-a-column-in-pandas
/questions/62991392/clojure-how-to-reductions-with-a-predicate
/questions/28803996/nonassociative-reductions-with-java-streams
/questions/54996968/how-to-define-generic-reductions-using-any-binary-operator-example-or-or-and-cu
/questions/75413247/openmp-reductions-inside-subgrograms
/questions/55596267/scip-jack-gives-incorrect-steiner-arborescence-solution-when-reductions-are-enab
/questions/11075483/remquo-argument-reduction
/questions/28541543/lambda-calculus-beta-reduction
/questions/47683548/erlang-elixir-observer-ui-what-does-reds-reductions-mean-in-processes-tab
/questions/44278317/cuda-shuffle-instruction-reduction-slower-than-shared-memory-reduction
/questions/10028564/erlang-processes-reduction-count
/questions/24882425/openmp-array-reductions-with-fortran
/questions/61177218/openmp-templated-custom-reduction-for-container-eigen-type
/questions/31009034/openmp-using-loops-and-array-reductions
/questions/36533455/reduction-of-array-in-cython-parallel
/questions/29511581/np-complete-and-turing-reductions
/questions/3401833/efficient-reduction-of-2d-array-in-cuda
/questions/33763474/np-complete-proofs-reductions-direction
/questions/15139656/precision-in-sum-reduction-kernel-with-floats
/questions/9090761/efficient-partial-reductions-given-arrays-of-elements-offsets-to-and-lengths-of
/questions/36727832/listen-for-font-reductions-on-ios
/questions/56359227/lambda-expression-reduction-to-nf
/questions/18123407/cuda-thrust-reduction-with-double2-arrays
/questions/71199904/multigraph-reduction-in-omn-time
/questions/45170888/are-lower-bounds-established-by-reductions-tight
/questions/38818500/clojure-loop-see-values
/questions/33193112/principal-component-analysis-and-feature-reductions
/questions/18287819/is-there-good-method-to-profile-the-process-for-large-reductions
/questions/29906486/cuda-multiple-parallel-reductions-sometimes-fail
/questions/55112622/cooks-theorem-and-np-complete-reductions
/questions/64902535/reduction-of-stream-of-object-does-not-work-for-me
/questions/15430069/reduction-with-openmp-with-sse-avx
/questions/4866065/terminating-unactive-threads-during-reduction
/questions/44538200/how-to-do-an-ordered-reduction-in-openmp
/questions/42883400/reductions-from-vertex-cover-to-lp
/questions/52942860/accumulate-partial-reductions-into-array-in-numpy
/questions/10124528/parallel-reduction-on-cuda-with-array-in-device
/questions/65377481/determining-time-complexity-of-solution-by-reductions
/questions/49520234/does-reduction-on-an-ordered-stream-reduce-in-order
/questions/28243804/cormens-introduction-to-algorithms-reductions-is-the-proof-correct
/questions/26538438/how-to-make-multiple-eta-reductions-in-haskell
/questions/30373725/algebraic-reductions-of-signed-integer-expressions-in-c-c
/questions/73529481/numpy-based-spatial-reduction
/questions/71701041/jaxxla-vs-numballvm-reduction
/questions/45885660/fortran-openmp-with-multiple-simultaneous-reductions-results-in-seg-fault
/questions/8419240/lambda-calculus-expanded-and-compressed-form-have-different-beta-reductions
/questions/15778046/lambda-reductions-prove-s-k-k-i
/questions/26355400/optimal-workgroup-size-for-sum-reduction-in-opencl
/questions/54186268/why-should-i-use-a-reduction-rather-than-an-atomic-variable
/questions/65476580/show-that-term-cons-works-by-showing-all-beta-reductions
/questions/34140819/lambda-calculus-reduction-steps
/questions/76284552/ill-typed-with-abstraction-while-pattern-matching-on-the-decideable-comparator
/questions/26571972/yacc-loses-values-among-reduction
/questions/71595663/futurewarning-dropping-of-nuisance-columns-in-dataframe-reductions-with-df-medi
/questions/21984601/pandas-reduction-of-timedelta64-using-sum-results-in-int64
/questions/27258155/lambda-calculus-operator-precedence-and-reduction-strategies
/questions/35347021/excel-sumif-combined-with-lookup-for-date-between-date-range
/questions/28983729/class-scheduling-to-boolean-satisfiability-polynomial-time-reduction
/questions/21071278/is-there-a-good-implementation-of-reduction-algorithm-callable-from-kernel-with
/questions/72050177/futurewarning-dropping-of-nuisance-columns-in-dataframe-reductions-warning-wh
/questions/13442795/np-completeness-need-some-clarification-in-reduction
/questions/50274208/attribute-reduction-vs-dimensional-reduction
/questions/69985122/the-difference-between-defining-a-step-in-pipline-or-as-a-step-in-param-grid-e
/questions/1690953/transitive-reduction-algorithm-pseudocode
/questions/4443794/ios-multitasking-reductions-performed-by-system-upon-entering-background
/questions/13290245/reduction-with-openmp
/questions/43903823/from-angular-2-to-angular-4-file-size-reduction-and-speed-enhancement
/questions/57742654/non-atomic-parallel-reduction-with-metal
/questions/133675/red-eye-reduction-algorithm
/questions/44993310/c-armadillo-and-openmp-parallelization-of-summation-of-outer-products-defin
/questions/65326863/dask-how-to-scatter-data-when-doing-a-reduction
/questions/61141297/openmp-reduction-on-user-defined-fortran-type-containing-allocatable-array
/questions/12451002/improving-my-image-resize-function-for-better-quality-images-loop-reductions
/questions/56304465/openmp-reduction-of-large-arrays-in-fortran
/questions/54678836/benchmark-in-ghci-how-can-i-enable-to-show-number-of-reductions-for-expression
/questions/33899494/linear-time-reduction-of-languages-in-class-p-complexity-implications
/questions/69234042/gcp-gpu-staging-time-reduction
/questions/32891071/does-church-rosser-theorem-apply-to-call-by-value-reduction
/questions/54651230/user-defined-reduction-not-returning-expected-result-with-each-run
/questions/36849679/how-can-i-utilize-the-red-and-atom-ptx-instructions-in-cuda-c-code
/questions/51218815/opencl-2-x-sum-reduction-function
/questions/13621645/parallel-reduction
/questions/72456314/sequelizer-console-log-output-not-printing
/questions/33876247/why-do-we-get-to-pick-the-source-in-an-np-completeness-reduction
/questions/45861556/matrix-reduction-custom-reduction-operators-in-openmp
/questions/63284265/xslt-how-to-call-other-node-by-substring-of-current-node-name
/questions/39842877/opencl-reduction-2d-matrix-to-1-d-array
/questions/37066164/method-to-do-final-sum-with-reduction
/questions/47620881/numpy-faster-computation-of-triple-nested-loops-involving-sum-reductions
/questions/76402711/in-pandas-or-numpy-how-do-you-multipaly-reduce-with-xor-a-row-until-all-reductio
/questions/14998530/output-operand-requires-a-reduction-but-reduction-is-not-enabled-python
/questions/53488889/lambda-calculus-reduction-with-%ce%b1-reduction
/questions/68350486/how-to-revert-beta-reductions-to-named-functions-in-a-lambda-calculus-based-syst
/questions/46972884/dimensionality-reduction
/questions/68350486/how-to-revert-beta-reductions-to-named-functions-in-a-lambda-calculus-based-syst
/questions/34035310/polynomial-reduction-of-hamiltonian-path-to-cycle-and-cycle-to-path
/questions/67531149/yacc-parse-wont-finish-reduction-of-a-production
/questions/76247513/how-can-i-do-segmented-reduction-using-cuda-thrust
/questions/63141887/index-an-array-with-a-ragged-indexing-list-and-perform-sum-mean-reductions
/questions/6703663/lattice-reduction
/questions/20416277/openmp-slower-reduction
/questions/35971814/difference-between-beta-reduction-and-single-step-beta-reduction
/questions/33759802/reduction-in-openacc
/questions/36089994/how-to-generate-a-curved-price-reduction-rather-than-stepped
/questions/3358277/lambda-calculus-reduction
/questions/19425156/why-cant-i-use-reduction-with-defaultshared
/questions/76599398/user-defined-reduction-when-target-cannot-be-used-in-intermediate-steps-of-reduc
/questions/23518717/is-eta-reduction-possible
/questions/16564189/openmp-reduction-for-operator
/questions/16564189/openmp-reduction-for-operator
/questions/63262675/xslt-how-to-call-xml-item-without-id-partameter
/questions/3331745/audio-noise-reduction
/questions/58699213/openmp-shared-array-in-c-reduction-vs-atomic-update-problem
/questions/13603882/feature-selection-and-reduction-for-text-classification
/questions/13990214/please-explain-me-the-following-clojure-code
/questions/20324277/reduction-in-cuda
/questions/18485301/reduction-in-lambda-calculus
/questions/74845109/how-to-output-the-cumulative-sum-of-a-variable-that-undergo-multiple-numeric-r
/questions/13891149/string-reduction
/questions/21583480/are-there-functional-programming-languages-that-run-on-the-gpu
/questions/22939034/block-reduction-in-cuda
/questions/11873405/groupby-reduction-in-opencl
/questions/29776737/reduction-expression-in-java
/questions/4177951/wikipedia-rainbow-tables-entry
/questions/2230453/spam-prevention-reduction-contact-form
/questions/29776737/reduction-expression-in-java
/questions/51129456/highlight-reduction-in-images
/questions/30740709/java-8-stop-reduction-operation-from-examining-all-stream-elements
/questions/36583121/coordinates-reduction-python
/questions/32380992/sum-reduction-with-cub
/questions/40819136/when-is-the-reduction-needed
/questions/44569067/reflection-reduction-in-image
/questions/799956/view-reduction-steps-in-haskell
/questions/65396345/reduction-in-the-elements-of-list
/questions/47042731/eta-reduction-in-haskell
/questions/65446908/whats-the-difference-between-the-worst-case-and-average-case-of-a-problem
/questions/6281429/openmp-slow-reduction
/questions/14558691/parallel-reduction-technique
/questions/18199276/circular-dimensionality-reduction
/questions/46324039/beta-reduction-on-type
/questions/21445901/openmp-implementation-of-reduction
/questions/13063734/controlling-token-reduction
/questions/2887879/haskell-source-reduction
/questions/33043059/reduction-in-georeferenced-tweets
/questions/10841895/queue-reduction-algorithm
/questions/74143214/loss-reduction-in-tf-distributed-mirroredstrategy
/questions/17606989/android-noise-reduction
/questions/17761154/sse-reduction-of-float-vector
/questions/62517001/extending-a-reduction-relation
/questions/75211606/openmp-reproducible-reduction
/questions/17036934/cuda-array-reduction
/questions/31135981/is-dimensionality-reduction-reversible
/questions/52313551/graph-reduction
/questions/35137690/why-is-context-reduction-necessary
/questions/1538656/dimension-reduction
/questions/27164048/np-complete-reduction
/questions/10485809/dimension-reduction-methods-for-images
/questions/59399554/reduction-meta-operator-inconsistency
/questions/3775147/is-it-possible-to-do-a-reduction-on-an-array-with-openmp
/questions/71245676/understanding-bison-with-no-declared-type
/questions/16532229/what-is-the-usage-of-reduction-in-openmp
/questions/14661346/parallel-reduction-example
/questions/5687949/openmp-and-reduction
/questions/51161370/how-to-perform-multiple-reusing-reductions-mapping-mixed-operations-from-one-s
/questions/31345691/is-the-reduction-function-a-correspondence
/questions/72274442/openacc-reduction-operation-on-arrays
/questions/1240452/hash-length-reduction
/questions/34205029/best-dimensionality-reduction-algorithms
/questions/2989259/tictactoe-strategic-reduction
/questions/1085886/css-reduction-tool
/questions/38394803/normal-applicative-order-reduction
/questions/75608025/post-request-returns-error-500-because-of-meta-in-json
/questions/14661346/parallel-reduction-example
/questions/31349854/parentheses-reduction
/questions/37155072/cuda-reduction-optimizations
/questions/10559788/noise-reduction
/questions/52466611/conditions-reduction
/questions/63800408/about-pytorch-reduction-mean
/questions/33813973/scheme-beta-reduction-challenge
/questions/16176155/openmp-reduction-with-overloaded-operator
/questions/9399929/parallel-reduction-of-an-array-on-cpu
/questions/33595954/rxjs-reduce-doesnt-continue
/questions/76480632/performance-slowdown-using-a-pointer-to-perform-a-reduction-vs-using-a-normal-v
/questions/33056543/dimensionality-reduction-algorithms
/questions/2748100/reduction-functions-for-rainbow-tables
/questions/16176155/openmp-reduction-with-overloaded-operator
/questions/37360141/feature-reduction
/questions/58584406/mutable-reduction-into-a-stringbuilder-object
/questions/8511166/memory-reduction
/questions/63151770/lambda-reduction
/questions/50879438/sparsity-reduction
/questions/13384542/reduction-of-matrix-rows-in-opencl
/questions/49820238/duplicates-reduction
/questions/51572691/cuda-parallel-reduction-6-works-and-reduction-7-fails
/questions/31119037/a-simple-reduction-program-in-cuda
/questions/72683966/trigonometric-functions-argument-reduction
/questions/3849115/image-palette-reduction
/questions/63151770/lambda-reduction
/questions/50879438/sparsity-reduction
/questions/21485954/leftmost-outermost-reduction-haskell
/questions/55188918/open-mp-reduction-confusing
/questions/17762186/cuda-reduction-in-2d-array
/questions/73523396/colour-space-reduction-calculation
/questions/35175957/openmp-critical-section-reduction
/questions/12071337/omp-reduction-and-lambda-functions
/questions/1857733/tdd-as-a-defect-reduction-strategy
/questions/10629721/combinator-reduction-wolfram-mathematica
/questions/59133572/explain-reduction-in-throughput-at-802-11
/questions/51071169/unfolding-a-definition-without-reduction
/questions/29840284/reduction-on-array-in-fortran
/questions/55395542/openmp-handmade-reduction-directive
/questions/37431756/understanding-downstream-reduction-implementation
/questions/27908239/lambda-calculus-reduction-explanation
/questions/41868439/beta-reduction-of-some-lambda
/questions/70199447/understanding-the-reduction-process-of-a-foldl
/questions/12754485/openmp-custom-reduction-variable
/questions/50082227/trigonometric-argument-reduction-reduction-modulo-2%cf%80
/questions/53471539/openmp-reduction-with-parallel-task
/questions/4149840/about-codds-reduction-algorithm
/questions/61127361/openmp-reduction-on-container-elements
/questions/16307536/is-linear-time-reduction-symmetric
/questions/39393634/openmp-min-reduction-and-stdmin
/questions/40495250/openmp-reduction-with-eigenvectorxd
/questions/37854257/how-to-parallelize-this-for-loop-using-reduction
/questions/58536859/beta-reduction-lambda-calculus
/questions/13217492/how-to-make-parallel-this-for-in-openmp
/questions/67424587/verilog-and-reduction-duty-cycle
/questions/6785102/cuda-reduction-using-registers
/questions/39638679/whats-the-mapping-reduction-function
/questions/27985856/lambda-calculus-expression-reduction
/questions/61127361/openmp-reduction-on-container-elements
/questions/45771644/questions-on-pca-dimensionality-reduction
/questions/5479705/dimension-reduction-of-matrix-tfidf
/questions/16307536/is-linear-time-reduction-symmetric
/questions/57412471/categorical-variables-dimensionality-reduction
/questions/68252730/how-to-execute-pacmap-dimension-reduction-in-r-from-reduction-wrappers
/questions/9801182/scheme-lambda-reduction-improvement
/questions/60099362/pandas-subtract-add-data-to-consecutive-rows-by-priority-based-on-condition-t
/questions/73237000/autoencoder-for-dimesionality-reduction-in-dl4j
/questions/28511427/pycuda-reduction-doesnt-work
/questions/26333761/wrong-reduction-using-openmp
/questions/22960024/dimension-reduction-in-spam-filtering
/questions/28511427/pycuda-reduction-doesnt-work
/questions/22938901/initialize-variable-for-omp-reduction
/questions/9419216/thrustreduce-by-key-performance-with-few-key-repetitions
/questions/11244710/solving-string-reduction-challenge
/questions/19542157/to-do-beta-reduction-in-matlab
/questions/41006676/reduction-of-numpy-bitwise-and-function
/questions/65099225/openacc-reduction-clause-with-max
/questions/36967622/haskell-foldr-reduction
/questions/73967830/pyspark-tsne-dimension-reduction
/questions/70354590/python-pca-dimensionality-reduction
/questions/1994431/what-does-dimensionality-reduction-mean
/questions/8790249/lambda-calculus-predecessor-function-reduction-steps
/questions/11903636/range-reduction-for-trigonometric-functions
/questions/32231822/different-results-after-reduction
/questions/21603288/reduction-with-openmp-linear-merging-or-lognumber-of-threads-merging
/questions/3064995/create-an-mdx-calculated-member-to-make-a-stacked-bar-chart-using-data-with-tota
/questions/21603288/reduction-with-openmp-linear-merging-or-lognumber-of-threads-merging
/questions/48989329/reduction-of-eigen-based-templates
/questions/24850442/strided-reduction-by-cuda-thrust
/questions/25634197/data-reduction-via-importrange
/questions/29638195/variable-domain-reduction-in-halide
/questions/53051749/erlang-will-process-priority-affect-long-running-tasks
/questions/42422467/beta-reduction-lambda-calculus
/questions/16253096/boosting-parallel-reduction-opencl
/questions/47083199/cuda-parallel-reduction-sum
/questions/76402569/why-is-openmp-reduction-failing-with-error-message-user-defined-reduction-not-f
/questions/48103393/cuda-reduction-race-condition
/questions/44107995/result-of-reduction1-is-wrong
/questions/70712362/openmp-task-reduction-reduction-what-is-in-reduction
/questions/59840554/beta-reduction-of-lambda-calculus
/questions/76402569/why-is-openmp-reduction-failing-with-error-message-user-defined-reduction-not-f
/questions/30571125/prove-np-completeness-of-clique-or-independent-set
/questions/70712362/openmp-task-reduction-reduction-what-is-in-reduction
/questions/29440450/floating-point-range-reduction
/questions/11321623/lambda-calculus-reduction-of-functions
/questions/16367317/vectorized-transition-matrix-reduction
/questions/33509954/explaining-the-church-rosser-theorem-in-basic-terms
/questions/59019127/openmp-reduction-issue-with-cython
/questions/27328087/openmp-reduction-with-template-type
/questions/21205471/cuda-in-warp-reduction-and-volatile-keyword
/questions/33614938/learning-prefix-sum-by-tree-reduction
/questions/6315923/openmp-nowait-and-reduction-clauses-on-the-same-pragma
/questions/50107640/reduction-between-problems-in-np
/questions/65852864/array-reduction-with-openmp-leads-to-user-defined-reduction-not-found-for
/questions/5923978/cuda-reduction-or-atomic-operations
/questions/48989329/reduction-of-eigen-based-templates
/questions/66728644/loop-dependencis-when-parallelizing-loops-with-openmp
/questions/25634197/data-reduction-via-importrange
/questions/35130326/is-stream-toarray-a-thread-safe-mutable-reduction
/questions/27856876/color-reduction-with-imagemagick
/questions/37602406/reduction-for-longest-common-subsequence-lcs
/questions/36879187/strategy-for-doing-final-reduction
/questions/65664628/dimensionality-reduction-heterogenous-data
/questions/28398880/dimension-reduction-with-svd-in-r
/questions/11974739/red-shared-instruction
/questions/34250322/count-reduction-using-thrust
/questions/33971144/parallelize-transitive-reduction
/questions/40506393/can-java-8-streams-cause-a-o1-memory-reduction-on-unbounded-data-to-become-on
/questions/235394/when-is-theoretical-computer-science-useful
/questions/20307322/lambda-calculus-reduction-of-expression
/questions/33971144/parallelize-transitive-reduction
/questions/40506393/can-java-8-streams-cause-a-o1-memory-reduction-on-unbounded-data-to-become-on
/questions/235394/when-is-theoretical-computer-science-useful
/questions/20307322/lambda-calculus-reduction-of-expression
/questions/67709887/error-reduction-variable-is-private-in-outer-context-omp-reduction
/questions/8176488/sum-reduction-with-cuda-what-is-n
/questions/35663772/cyclomatic-complexity-reduction
/questions/35353375/min-reduction-cuda-does-not-work
/questions/64492881/haskell-eta-reduction-and-eta-expansion
/questions/10766449/solving-string-reduction-algorithm
/questions/14316451/parallel-list-reduction-in-cuda
/questions/23334793/conditional-reduction-in-cuda
/questions/63656333/reduction-parameter-in-tf-keras-losses
/questions/1467274/path-simplification-reduction
/questions/6008379/candidate-keys-reduction
/questions/40161626/opencv-grayscale-color-reduction
/questions/23114619/how-to-pca-reduction-in-matlab
/questions/35353375/min-reduction-cuda-does-not-work
/questions/30843604/direct-reduction-turing-machine-and-a-dfa
/questions/17602290/existence-of-simd-reduction-in-gcc-and-msvc
/questions/74141355/dimensionality-reduction-autoencoder-pytorch
/questions/16306440/order-of-execution-in-reduction-operation-in-openmp
/questions/10050345/segmented-reduction-with-scattered-segments
/questions/51846766/conv1d-as-dimensionality-reduction-for-lstm
/questions/40941946/is-polynomial-reduction-reversible
/questions/49792486/pythonic-way-for-recursive-reduction-in-python
/questions/55661348/role-of-and-array-reduction
/questions/14420740/how-to-use-reduction-on-an-array-in-fortran
/questions/62220374/multiple-if-statement-reduction
/questions/15745725/library-for-noise-reduction
/questions/45690913/spark-ml-dataframe-and-dimension-reduction
/questions/17613215/cuda-reduction-in-nested-for-loops
/questions/20549969/pca-dimensionality-reduction
/questions/62220374/multiple-if-statement-reduction
/questions/15745725/library-for-noise-reduction
/questions/43538893/what-is-the-opencl-equivalent-of-gpureduce-opencv-2-4
/questions/44588527/rabbitmq-server-start-up-error-at-application-master-erl-line-138
/questions/54378125/crc-calculation-reduction
/questions/11101539/cuda-reduction-basics
/questions/29706726/reduction-to-clique-prob
/questions/7954426/c-net-audio-noise-reduction
/questions/37136561/stream-and-reduction-contract
/questions/25510691/opencl-reduction-is-not-as-expected
/questions/30353432/dimensionality-reduction-in-matlab
/questions/40541781/openmp-reduction-and-sharing
/questions/19800402/lda-and-dimensionality-reduction
/questions/60495763/beta-reduction-strategies-in-haskell
/questions/50147029/pyopencl-reduction-algorithm-error
/questions/17613215/cuda-reduction-in-nested-for-loops
/questions/19967113/rounding-error-reduction
/questions/54102058/data-reduction-transformation
/questions/30353432/dimensionality-reduction-in-matlab
/questions/37136561/stream-and-reduction-contract
/questions/25510691/opencl-reduction-is-not-as-expected
/questions/75899017/resolution-reduction-in-jbig-for-sequential-mode
/questions/51682069/reduction-of-internal-width
/questions/60075963/crossfilter-reduction-is-crashing
/questions/47617628/openmp-with-custom-reduction-for-gmp-addition
/questions/54378125/crc-calculation-reduction
/questions/40729589/warp-shuffling-to-reduction-of-arrays-with-any-length
/questions/20988669/reduction-to-bipartite-matching
/questions/54378125/crc-calculation-reduction
/questions/40729589/warp-shuffling-to-reduction-of-arrays-with-any-length
/questions/87062/color-reduction-in-java
/questions/11341371/javascript-array-reduction
/questions/7954426/c-net-audio-noise-reduction
/questions/6037864/selective-string-reduction
/questions/71236081/c-best-approach-for-reduction-operation
/questions/27217256/set-cover-reduction
/questions/17067398/reduction-of-each-row-in-the-table-of-database
/questions/71373176/openmp-reduction-on-multiple-variables-array
/questions/57681458/tf-print-output-reduction
/questions/73851628/dimensionality-reduction-valueerror
/questions/7954426/c-net-audio-noise-reduction
/questions/27217256/set-cover-reduction
/questions/71373176/openmp-reduction-on-multiple-variables-array
/questions/19800402/lda-and-dimensionality-reduction
/questions/9239738/xhr-bandwidth-reduction
/questions/38143191/scala-recursive-reduction
/questions/44001032/error-reduction-in-gbm
/questions/59410775/cant-compile-renderscript-reduction-kernel
/questions/6996764/fastest-way-to-do-horizontal-sse-vector-sum-or-other-reduction
/questions/22428198/if-else-if-statement-reduction
/questions/47740363/repetitive-if-statements-reduction
/questions/24782038/omp-max-reduction-with-storage-of-index
/questions/15863737/cuda-summation-reduction-puzzle
/questions/17067398/reduction-of-each-row-in-the-table-of-database
/questions/6996764/fastest-way-to-do-horizontal-sse-vector-sum-or-other-reduction
/questions/58203528/reduction-on-infixes-in-racket
/questions/44932749/reduction-of-rows-in-a-table
/questions/58980110/example-of-stream-reduction-with-distinct-combiner-and-accumulator
/questions/39698120/hackerrank-string-reduction
/questions/21784606/if-statement-condtion-reduction
/questions/17936560/how-to-evaluate-dimensionality-reduction-technique
/questions/11873925/reduction-link-in-category
/questions/28411035/omp-parallel-for-reduction
/questions/6921095/functional-dependency-reduction
/questions/41712368/sql-code-reduction
/questions/35039902/cuda-reduction-approach-for-big-arrays
/questions/41007474/dimension-reduction-in-cldnn-tensorflow
/questions/53372549/time-complexity-of-parallel-reduction-algorithm
/questions/61142442/matrix-gauss-reduction
/questions/49082929/openmp-reduction-clause
/questions/49426686/kml-size-reduction
/questions/25341794/show-reduction-process-step-by-step
/questions/69313189/cuda-array-reduction-optimisation
/questions/5474811/split-reduction-by-items-in-shopping-cart
/questions/53372549/time-complexity-of-parallel-reduction-algorithm
/questions/11873925/reduction-link-in-category
/questions/28411035/omp-parallel-for-reduction
/questions/14812397/color-depth-reduction-with-opencv-and-lut
/questions/30627170/c-openmp-reduction-scalability
/questions/13793097/openmp-to-cuda-reduction
/questions/36590014/reduction-in-solr-size
/questions/76598217/picture-dimension-reduction
/questions/20599731/algorithmic-reduction-median-of-medians-quicksort
/questions/69880486/multiprocessing-performance-reduction
/questions/20599731/algorithmic-reduction-median-of-medians-quicksort
/questions/60380132/documents-terms-matrix-dimensionality-reduction
/questions/57415707/reduction-parameter-of-the-negative-log-likelihood
/questions/66001975/can-z3-apply-bit-width-reduction-techniques-to-solve-a-bit-vector-equivalence
/questions/67339113/can-pca-be-used-for-row-reduction
/questions/66526971/array-extension-reduction
/questions/49082929/openmp-reduction-clause
/questions/49159239/wxpython-size-reduction
/questions/8789166/np-hardness-reduction
/questions/55466119/java-script-reduction
/questions/65548244/no-speedup-for-omp-simd-reduction
/questions/14667368/rainbow-tables-hash-reduction-java
/questions/49111443/openmp-offloading-to-nvidia-wrong-reduction
/questions/70322434/beta-reduction-steps-on-y-combinator
/questions/62518937/c-sharp-byte-leftshift-for-an-output-reduction
/questions/59807871/autoencoders-for-dimensionality-reduction-of-mixed-data
/questions/21713519/using-an-equivalence-in-the-context-to-force-reduction
/questions/43037481/matlab-pca-for-dimensionality-reduction
/questions/54295955/how-to-implement-user-defined-reduction-with-openacc
/questions/61290218/beta-reduction-lambda-calculus-example
/questions/52390526/openmp-argmin-reduction-for-multiple-values
/questions/28132108/mpi-reduction-on-user-defined-communicator
/questions/71195993/reduction-procedure-for-methodreference-expressions
/questions/73084831/opencl-shared-memory-reduction-correctness
/questions/335525/lookup-table-size-reduction
/questions/54053457/dimensional-reduction-through-subspace-clustering
/questions/74731411/looking-for-a-fast-reduction-algorithm
/questions/33835214/openmdao-1-x-relevance-reduction
/questions/9388167/openmp-parallel-for-loop-with-two-or-more-reductions
/questions/31546381/lambda-calculus-reductions
/questions/5227503/clojure-reduce-reductions-and-infinite-lists
/questions/73892161/openmp-multiple-reductions-in-parallel
/questions/20611577/clojure-how-to-do-reductions-function-but-drop-state
/questions/24108243/efficient-boolean-reductions-any-all-for-pyspark-rdd
/questions/42355322/faster-parallel-reductions-on-kepler
/questions/16532757/using-np-reductions
/questions/31751766/reductions-in-the-erlang-beam-machine
/questions/416956/is-it-possible-to-print-all-reductions-in-haskell-using-winhugs
/questions/13098507/printing-all-reductions-in-bison
/questions/16706918/why-is-the-openmp-reduction-clause-needed-to-make-reductions-concurrent
/questions/33249579/javascript-equivalent-to-clojures-reductions-or-pythons-itertools-accumulate
/questions/36270165/perform-multiple-reductions-in-a-single-pass-in-clojure
/questions/40623922/clojure-reductions-applying-function-n-times-keeping-intermediate-results
/questions/28803782/julia-parallel-for-loop-with-two-reductions
/questions/55253688/polynomial-time-mapping-reductions-for-np
/questions/50869179/mutation-reductions-for-parallelstream-in-java-8
/questions/68237942/haskell-algorithm-to-find-all-possible-beta-reductions
/questions/29873745/kolmogorov-complexity-is-uncomputable-using-reductions
/questions/76325938/regarding-openmp-parallel-simd-reductions
/questions/62160513/c-eigen-reductions-are-slower-than-simple-loop
/questions/76148322/not-returning-all-possible-one-step-reductions-for-combinatory-expressions
/questions/15394882/need-help-understanding-opencl-reductions
/questions/37719448/a-language-that-is-re-complete-with-respect-to-polynomial-time-reductions
/questions/35675466/reductions-in-parallel-in-logarithmic-time
/questions/52263216/where-does-openssl-perform-its-modular-reductions-on-binary-finite-fields
/questions/42863146/numpy-reductions-over-successive-non-contiguous-slices
/questions/20205659/does-gcc-via-nvcc-vectorize-these-sum-and-max-reductions
/questions/64738321/np-complete-problems-to-partition-problem-reductions
/questions/1243819/reductions-in-programming
/questions/57117743/to-find-the-minimumleast-number-of-unique-numbers-in-a-given-list-after-n-re
/questions/71119005/understanding-reductions-to-show-np-completeness
/questions/60176469/proving-a-language-is-undecidable-using-turing-reductions
/questions/63452002/python-equivalent-to-clojure-reductions
/questions/45111312/nested-reductions-what-is-the-most-idiomatic-way-to-write-these-in-chapel
/questions/15657388/python-file-reduction-part-2
/questions/2888777/algorithm-reductions
/questions/14542145/reductions-down-a-column-in-pandas
/questions/62991392/clojure-how-to-reductions-with-a-predicate
/questions/28803996/nonassociative-reductions-with-java-streams
/questions/54996968/how-to-define-generic-reductions-using-any-binary-operator-example-or-or-and-cu
/questions/75413247/openmp-reductions-inside-subgrograms
/questions/55596267/scip-jack-gives-incorrect-steiner-arborescence-solution-when-reductions-are-enab
/questions/11075483/remquo-argument-reduction
/questions/28541543/lambda-calculus-beta-reduction
/questions/47683548/erlang-elixir-observer-ui-what-does-reds-reductions-mean-in-processes-tab
/questions/44278317/cuda-shuffle-instruction-reduction-slower-than-shared-memory-reduction
/questions/10028564/erlang-processes-reduction-count
/questions/24882425/openmp-array-reductions-with-fortran
/questions/61177218/openmp-templated-custom-reduction-for-container-eigen-type
/questions/31009034/openmp-using-loops-and-array-reductions
/questions/36533455/reduction-of-array-in-cython-parallel
/questions/29511581/np-complete-and-turing-reductions
/questions/3401833/efficient-reduction-of-2d-array-in-cuda
/questions/33763474/np-complete-proofs-reductions-direction
/questions/15139656/precision-in-sum-reduction-kernel-with-floats
/questions/9090761/efficient-partial-reductions-given-arrays-of-elements-offsets-to-and-lengths-of
/questions/36727832/listen-for-font-reductions-on-ios
/questions/56359227/lambda-expression-reduction-to-nf
/questions/18123407/cuda-thrust-reduction-with-double2-arrays
/questions/71199904/multigraph-reduction-in-omn-time
/questions/45170888/are-lower-bounds-established-by-reductions-tight
/questions/38818500/clojure-loop-see-values
/questions/33193112/principal-component-analysis-and-feature-reductions
/questions/18287819/is-there-good-method-to-profile-the-process-for-large-reductions
/questions/29906486/cuda-multiple-parallel-reductions-sometimes-fail
/questions/55112622/cooks-theorem-and-np-complete-reductions
/questions/64902535/reduction-of-stream-of-object-does-not-work-for-me
/questions/15430069/reduction-with-openmp-with-sse-avx
/questions/4866065/terminating-unactive-threads-during-reduction
/questions/44538200/how-to-do-an-ordered-reduction-in-openmp
/questions/42883400/reductions-from-vertex-cover-to-lp
/questions/52942860/accumulate-partial-reductions-into-array-in-numpy
/questions/10124528/parallel-reduction-on-cuda-with-array-in-device
/questions/65377481/determining-time-complexity-of-solution-by-reductions
/questions/49520234/does-reduction-on-an-ordered-stream-reduce-in-order
/questions/28243804/cormens-introduction-to-algorithms-reductions-is-the-proof-correct
/questions/26538438/how-to-make-multiple-eta-reductions-in-haskell
/questions/30373725/algebraic-reductions-of-signed-integer-expressions-in-c-c
/questions/73529481/numpy-based-spatial-reduction
/questions/71701041/jaxxla-vs-numballvm-reduction
/questions/45885660/fortran-openmp-with-multiple-simultaneous-reductions-results-in-seg-fault
/questions/8419240/lambda-calculus-expanded-and-compressed-form-have-different-beta-reductions
/questions/15778046/lambda-reductions-prove-s-k-k-i
/questions/26355400/optimal-workgroup-size-for-sum-reduction-in-opencl
/questions/54186268/why-should-i-use-a-reduction-rather-than-an-atomic-variable
/questions/65476580/show-that-term-cons-works-by-showing-all-beta-reductions
/questions/34140819/lambda-calculus-reduction-steps
/questions/76284552/ill-typed-with-abstraction-while-pattern-matching-on-the-decideable-comparator
/questions/26571972/yacc-loses-values-among-reduction
/questions/71595663/futurewarning-dropping-of-nuisance-columns-in-dataframe-reductions-with-df-medi
/questions/21984601/pandas-reduction-of-timedelta64-using-sum-results-in-int64
/questions/27258155/lambda-calculus-operator-precedence-and-reduction-strategies
/questions/35347021/excel-sumif-combined-with-lookup-for-date-between-date-range
/questions/28983729/class-scheduling-to-boolean-satisfiability-polynomial-time-reduction
/questions/21071278/is-there-a-good-implementation-of-reduction-algorithm-callable-from-kernel-with
/questions/72050177/futurewarning-dropping-of-nuisance-columns-in-dataframe-reductions-warning-wh
/questions/13442795/np-completeness-need-some-clarification-in-reduction
/questions/50274208/attribute-reduction-vs-dimensional-reduction
/questions/69985122/the-difference-between-defining-a-step-in-pipline-or-as-a-step-in-param-grid-e
/questions/1690953/transitive-reduction-algorithm-pseudocode
/questions/4443794/ios-multitasking-reductions-performed-by-system-upon-entering-background
/questions/13290245/reduction-with-openmp
/questions/43903823/from-angular-2-to-angular-4-file-size-reduction-and-speed-enhancement
/questions/57742654/non-atomic-parallel-reduction-with-metal
/questions/133675/red-eye-reduction-algorithm
/questions/44993310/c-armadillo-and-openmp-parallelization-of-summation-of-outer-products-defin
/questions/65326863/dask-how-to-scatter-data-when-doing-a-reduction
/questions/61141297/openmp-reduction-on-user-defined-fortran-type-containing-allocatable-array
/questions/12451002/improving-my-image-resize-function-for-better-quality-images-loop-reductions
/questions/56304465/openmp-reduction-of-large-arrays-in-fortran
/questions/54678836/benchmark-in-ghci-how-can-i-enable-to-show-number-of-reductions-for-expression
/questions/33899494/linear-time-reduction-of-languages-in-class-p-complexity-implications
/questions/69234042/gcp-gpu-staging-time-reduction
/questions/32891071/does-church-rosser-theorem-apply-to-call-by-value-reduction
/questions/54651230/user-defined-reduction-not-returning-expected-result-with-each-run
/questions/36849679/how-can-i-utilize-the-red-and-atom-ptx-instructions-in-cuda-c-code
/questions/51218815/opencl-2-x-sum-reduction-function
/questions/13621645/parallel-reduction
/questions/72456314/sequelizer-console-log-output-not-printing
/questions/33876247/why-do-we-get-to-pick-the-source-in-an-np-completeness-reduction
/questions/45861556/matrix-reduction-custom-reduction-operators-in-openmp
/questions/63284265/xslt-how-to-call-other-node-by-substring-of-current-node-name
/questions/39842877/opencl-reduction-2d-matrix-to-1-d-array
/questions/37066164/method-to-do-final-sum-with-reduction
/questions/47620881/numpy-faster-computation-of-triple-nested-loops-involving-sum-reductions
/questions/76402711/in-pandas-or-numpy-how-do-you-multipaly-reduce-with-xor-a-row-until-all-reductio
/questions/14998530/output-operand-requires-a-reduction-but-reduction-is-not-enabled-python
/questions/53488889/lambda-calculus-reduction-with-%ce%b1-reduction
/questions/68350486/how-to-revert-beta-reductions-to-named-functions-in-a-lambda-calculus-based-syst
/questions/46972884/dimensionality-reduction
/questions/68350486/how-to-revert-beta-reductions-to-named-functions-in-a-lambda-calculus-based-syst
/questions/34035310/polynomial-reduction-of-hamiltonian-path-to-cycle-and-cycle-to-path
/questions/67531149/yacc-parse-wont-finish-reduction-of-a-production
/questions/76247513/how-can-i-do-segmented-reduction-using-cuda-thrust
/questions/63141887/index-an-array-with-a-ragged-indexing-list-and-perform-sum-mean-reductions
/questions/6703663/lattice-reduction
/questions/20416277/openmp-slower-reduction
/questions/35971814/difference-between-beta-reduction-and-single-step-beta-reduction
/questions/33759802/reduction-in-openacc
/questions/36089994/how-to-generate-a-curved-price-reduction-rather-than-stepped
/questions/3358277/lambda-calculus-reduction
/questions/19425156/why-cant-i-use-reduction-with-defaultshared
/questions/76599398/user-defined-reduction-when-target-cannot-be-used-in-intermediate-steps-of-reduc
/questions/23518717/is-eta-reduction-possible
/questions/16564189/openmp-reduction-for-operator
/questions/16564189/openmp-reduction-for-operator
/questions/63262675/xslt-how-to-call-xml-item-without-id-partameter
/questions/3331745/audio-noise-reduction
/questions/58699213/openmp-shared-array-in-c-reduction-vs-atomic-update-problem
/questions/13603882/feature-selection-and-reduction-for-text-classification
/questions/13990214/please-explain-me-the-following-clojure-code
/questions/20324277/reduction-in-cuda
/questions/18485301/reduction-in-lambda-calculus
/questions/74845109/how-to-output-the-cumulative-sum-of-a-variable-that-undergo-multiple-numeric-r
/questions/13891149/string-reduction
/questions/21583480/are-there-functional-programming-languages-that-run-on-the-gpu
/questions/22939034/block-reduction-in-cuda
/questions/11873405/groupby-reduction-in-opencl
/questions/29776737/reduction-expression-in-java
/questions/4177951/wikipedia-rainbow-tables-entry
/questions/2230453/spam-prevention-reduction-contact-form
/questions/29776737/reduction-expression-in-java
/questions/51129456/highlight-reduction-in-images
/questions/30740709/java-8-stop-reduction-operation-from-examining-all-stream-elements
/questions/36583121/coordinates-reduction-python
/questions/32380992/sum-reduction-with-cub
/questions/40819136/when-is-the-reduction-needed
/questions/44569067/reflection-reduction-in-image
/questions/799956/view-reduction-steps-in-haskell
/questions/65396345/reduction-in-the-elements-of-list
/questions/47042731/eta-reduction-in-haskell
/questions/65446908/whats-the-difference-between-the-worst-case-and-average-case-of-a-problem
/questions/6281429/openmp-slow-reduction
/questions/14558691/parallel-reduction-technique
/questions/18199276/circular-dimensionality-reduction
/questions/46324039/beta-reduction-on-type
/questions/21445901/openmp-implementation-of-reduction
/questions/13063734/controlling-token-reduction
/questions/2887879/haskell-source-reduction
/questions/33043059/reduction-in-georeferenced-tweets
/questions/10841895/queue-reduction-algorithm
/questions/74143214/loss-reduction-in-tf-distributed-mirroredstrategy
/questions/17606989/android-noise-reduction
/questions/17761154/sse-reduction-of-float-vector
/questions/62517001/extending-a-reduction-relation
/questions/75211606/openmp-reproducible-reduction
/questions/17036934/cuda-array-reduction
/questions/31135981/is-dimensionality-reduction-reversible
/questions/52313551/graph-reduction
/questions/35137690/why-is-context-reduction-necessary
/questions/1538656/dimension-reduction
/questions/27164048/np-complete-reduction
/questions/10485809/dimension-reduction-methods-for-images
/questions/59399554/reduction-meta-operator-inconsistency
/questions/3775147/is-it-possible-to-do-a-reduction-on-an-array-with-openmp
/questions/71245676/understanding-bison-with-no-declared-type
/questions/16532229/what-is-the-usage-of-reduction-in-openmp
/questions/14661346/parallel-reduction-example
/questions/5687949/openmp-and-reduction
/questions/51161370/how-to-perform-multiple-reusing-reductions-mapping-mixed-operations-from-one-s
/questions/31345691/is-the-reduction-function-a-correspondence
/questions/72274442/openacc-reduction-operation-on-arrays
/questions/1240452/hash-length-reduction
/questions/34205029/best-dimensionality-reduction-algorithms
/questions/2989259/tictactoe-strategic-reduction
/questions/1085886/css-reduction-tool
/questions/38394803/normal-applicative-order-reduction
/questions/75608025/post-request-returns-error-500-because-of-meta-in-json
/questions/14661346/parallel-reduction-example
/questions/31349854/parentheses-reduction
/questions/37155072/cuda-reduction-optimizations
/questions/10559788/noise-reduction
/questions/52466611/conditions-reduction
/questions/63800408/about-pytorch-reduction-mean
/questions/33813973/scheme-beta-reduction-challenge
/questions/16176155/openmp-reduction-with-overloaded-operator
/questions/9399929/parallel-reduction-of-an-array-on-cpu
/questions/33595954/rxjs-reduce-doesnt-continue
/questions/76480632/performance-slowdown-using-a-pointer-to-perform-a-reduction-vs-using-a-normal-v
/questions/33056543/dimensionality-reduction-algorithms
/questions/2748100/reduction-functions-for-rainbow-tables
/questions/16176155/openmp-reduction-with-overloaded-operator
/questions/37360141/feature-reduction
/questions/58584406/mutable-reduction-into-a-stringbuilder-object
/questions/8511166/memory-reduction
/questions/63151770/lambda-reduction
/questions/50879438/sparsity-reduction
/questions/13384542/reduction-of-matrix-rows-in-opencl
/questions/49820238/duplicates-reduction
/questions/51572691/cuda-parallel-reduction-6-works-and-reduction-7-fails
/questions/31119037/a-simple-reduction-program-in-cuda
/questions/72683966/trigonometric-functions-argument-reduction
/questions/3849115/image-palette-reduction
/questions/63151770/lambda-reduction
/questions/50879438/sparsity-reduction
/questions/21485954/leftmost-outermost-reduction-haskell
/questions/55188918/open-mp-reduction-confusing
/questions/17762186/cuda-reduction-in-2d-array
/questions/73523396/colour-space-reduction-calculation
/questions/35175957/openmp-critical-section-reduction
/questions/12071337/omp-reduction-and-lambda-functions
/questions/1857733/tdd-as-a-defect-reduction-strategy
/questions/10629721/combinator-reduction-wolfram-mathematica
/questions/59133572/explain-reduction-in-throughput-at-802-11
/questions/51071169/unfolding-a-definition-without-reduction
/questions/29840284/reduction-on-array-in-fortran
/questions/55395542/openmp-handmade-reduction-directive
/questions/37431756/understanding-downstream-reduction-implementation
/questions/27908239/lambda-calculus-reduction-explanation
/questions/41868439/beta-reduction-of-some-lambda
/questions/70199447/understanding-the-reduction-process-of-a-foldl
/questions/12754485/openmp-custom-reduction-variable
/questions/50082227/trigonometric-argument-reduction-reduction-modulo-2%cf%80
/questions/53471539/openmp-reduction-with-parallel-task
/questions/4149840/about-codds-reduction-algorithm
/questions/61127361/openmp-reduction-on-container-elements
/questions/16307536/is-linear-time-reduction-symmetric
/questions/39393634/openmp-min-reduction-and-stdmin
/questions/40495250/openmp-reduction-with-eigenvectorxd
/questions/37854257/how-to-parallelize-this-for-loop-using-reduction
/questions/58536859/beta-reduction-lambda-calculus
/questions/13217492/how-to-make-parallel-this-for-in-openmp
/questions/67424587/verilog-and-reduction-duty-cycle
/questions/6785102/cuda-reduction-using-registers
/questions/39638679/whats-the-mapping-reduction-function
/questions/27985856/lambda-calculus-expression-reduction
/questions/61127361/openmp-reduction-on-container-elements
/questions/45771644/questions-on-pca-dimensionality-reduction
/questions/5479705/dimension-reduction-of-matrix-tfidf
/questions/16307536/is-linear-time-reduction-symmetric
/questions/57412471/categorical-variables-dimensionality-reduction
/questions/68252730/how-to-execute-pacmap-dimension-reduction-in-r-from-reduction-wrappers
/questions/9801182/scheme-lambda-reduction-improvement
/questions/60099362/pandas-subtract-add-data-to-consecutive-rows-by-priority-based-on-condition-t
/questions/73237000/autoencoder-for-dimesionality-reduction-in-dl4j
/questions/28511427/pycuda-reduction-doesnt-work
/questions/26333761/wrong-reduction-using-openmp
/questions/22960024/dimension-reduction-in-spam-filtering
/questions/28511427/pycuda-reduction-doesnt-work
/questions/22938901/initialize-variable-for-omp-reduction
/questions/9419216/thrustreduce-by-key-performance-with-few-key-repetitions
/questions/11244710/solving-string-reduction-challenge
/questions/19542157/to-do-beta-reduction-in-matlab
/questions/41006676/reduction-of-numpy-bitwise-and-function
/questions/65099225/openacc-reduction-clause-with-max
/questions/36967622/haskell-foldr-reduction
/questions/73967830/pyspark-tsne-dimension-reduction
/questions/70354590/python-pca-dimensionality-reduction
/questions/1994431/what-does-dimensionality-reduction-mean
/questions/8790249/lambda-calculus-predecessor-function-reduction-steps
/questions/11903636/range-reduction-for-trigonometric-functions
/questions/32231822/different-results-after-reduction
/questions/21603288/reduction-with-openmp-linear-merging-or-lognumber-of-threads-merging
/questions/3064995/create-an-mdx-calculated-member-to-make-a-stacked-bar-chart-using-data-with-tota
/questions/21603288/reduction-with-openmp-linear-merging-or-lognumber-of-threads-merging
/questions/48989329/reduction-of-eigen-based-templates
/questions/24850442/strided-reduction-by-cuda-thrust
/questions/25634197/data-reduction-via-importrange
/questions/29638195/variable-domain-reduction-in-halide
/questions/53051749/erlang-will-process-priority-affect-long-running-tasks
/questions/42422467/beta-reduction-lambda-calculus
/questions/16253096/boosting-parallel-reduction-opencl
/questions/47083199/cuda-parallel-reduction-sum
/questions/76402569/why-is-openmp-reduction-failing-with-error-message-user-defined-reduction-not-f
/questions/48103393/cuda-reduction-race-condition
/questions/44107995/result-of-reduction1-is-wrong
/questions/70712362/openmp-task-reduction-reduction-what-is-in-reduction
/questions/59840554/beta-reduction-of-lambda-calculus
/questions/76402569/why-is-openmp-reduction-failing-with-error-message-user-defined-reduction-not-f
/questions/30571125/prove-np-completeness-of-clique-or-independent-set
/questions/70712362/openmp-task-reduction-reduction-what-is-in-reduction
/questions/29440450/floating-point-range-reduction
/questions/11321623/lambda-calculus-reduction-of-functions
/questions/16367317/vectorized-transition-matrix-reduction
/questions/33509954/explaining-the-church-rosser-theorem-in-basic-terms
/questions/59019127/openmp-reduction-issue-with-cython
/questions/27328087/openmp-reduction-with-template-type
/questions/21205471/cuda-in-warp-reduction-and-volatile-keyword
/questions/33614938/learning-prefix-sum-by-tree-reduction
/questions/6315923/openmp-nowait-and-reduction-clauses-on-the-same-pragma
/questions/50107640/reduction-between-problems-in-np
/questions/65852864/array-reduction-with-openmp-leads-to-user-defined-reduction-not-found-for
/questions/5923978/cuda-reduction-or-atomic-operations
/questions/48989329/reduction-of-eigen-based-templates
/questions/66728644/loop-dependencis-when-parallelizing-loops-with-openmp
/questions/25634197/data-reduction-via-importrange
/questions/35130326/is-stream-toarray-a-thread-safe-mutable-reduction
/questions/27856876/color-reduction-with-imagemagick
/questions/37602406/reduction-for-longest-common-subsequence-lcs
/questions/36879187/strategy-for-doing-final-reduction
/questions/65664628/dimensionality-reduction-heterogenous-data
/questions/28398880/dimension-reduction-with-svd-in-r
/questions/11974739/red-shared-instruction
/questions/34250322/count-reduction-using-thrust
/questions/33971144/parallelize-transitive-reduction
/questions/40506393/can-java-8-streams-cause-a-o1-memory-reduction-on-unbounded-data-to-become-on
/questions/235394/when-is-theoretical-computer-science-useful
/questions/20307322/lambda-calculus-reduction-of-expression
/questions/33971144/parallelize-transitive-reduction
/questions/40506393/can-java-8-streams-cause-a-o1-memory-reduction-on-unbounded-data-to-become-on
/questions/235394/when-is-theoretical-computer-science-useful
/questions/20307322/lambda-calculus-reduction-of-expression
/questions/67709887/error-reduction-variable-is-private-in-outer-context-omp-reduction
/questions/8176488/sum-reduction-with-cuda-what-is-n
/questions/35663772/cyclomatic-complexity-reduction
/questions/35353375/min-reduction-cuda-does-not-work
/questions/64492881/haskell-eta-reduction-and-eta-expansion
/questions/10766449/solving-string-reduction-algorithm
/questions/14316451/parallel-list-reduction-in-cuda
/questions/23334793/conditional-reduction-in-cuda
/questions/63656333/reduction-parameter-in-tf-keras-losses
/questions/1467274/path-simplification-reduction
/questions/6008379/candidate-keys-reduction
/questions/40161626/opencv-grayscale-color-reduction
/questions/23114619/how-to-pca-reduction-in-matlab
/questions/35353375/min-reduction-cuda-does-not-work
/questions/30843604/direct-reduction-turing-machine-and-a-dfa
/questions/17602290/existence-of-simd-reduction-in-gcc-and-msvc
/questions/74141355/dimensionality-reduction-autoencoder-pytorch
/questions/16306440/order-of-execution-in-reduction-operation-in-openmp
/questions/10050345/segmented-reduction-with-scattered-segments
/questions/51846766/conv1d-as-dimensionality-reduction-for-lstm
/questions/40941946/is-polynomial-reduction-reversible
/questions/49792486/pythonic-way-for-recursive-reduction-in-python
/questions/55661348/role-of-and-array-reduction
/questions/14420740/how-to-use-reduction-on-an-array-in-fortran
/questions/62220374/multiple-if-statement-reduction
/questions/15745725/library-for-noise-reduction
/questions/45690913/spark-ml-dataframe-and-dimension-reduction
/questions/17613215/cuda-reduction-in-nested-for-loops
/questions/20549969/pca-dimensionality-reduction
/questions/62220374/multiple-if-statement-reduction
/questions/15745725/library-for-noise-reduction
/questions/43538893/what-is-the-opencl-equivalent-of-gpureduce-opencv-2-4
/questions/44588527/rabbitmq-server-start-up-error-at-application-master-erl-line-138
/questions/54378125/crc-calculation-reduction
/questions/11101539/cuda-reduction-basics
/questions/29706726/reduction-to-clique-prob
/questions/7954426/c-net-audio-noise-reduction
/questions/37136561/stream-and-reduction-contract
/questions/25510691/opencl-reduction-is-not-as-expected
/questions/30353432/dimensionality-reduction-in-matlab
/questions/40541781/openmp-reduction-and-sharing
/questions/19800402/lda-and-dimensionality-reduction
/questions/60495763/beta-reduction-strategies-in-haskell
/questions/50147029/pyopencl-reduction-algorithm-error
/questions/17613215/cuda-reduction-in-nested-for-loops
/questions/19967113/rounding-error-reduction
/questions/54102058/data-reduction-transformation
/questions/30353432/dimensionality-reduction-in-matlab
/questions/37136561/stream-and-reduction-contract
/questions/25510691/opencl-reduction-is-not-as-expected
/questions/75899017/resolution-reduction-in-jbig-for-sequential-mode
/questions/51682069/reduction-of-internal-width
/questions/60075963/crossfilter-reduction-is-crashing
/questions/47617628/openmp-with-custom-reduction-for-gmp-addition
/questions/54378125/crc-calculation-reduction
/questions/40729589/warp-shuffling-to-reduction-of-arrays-with-any-length
/questions/20988669/reduction-to-bipartite-matching
/questions/54378125/crc-calculation-reduction
/questions/40729589/warp-shuffling-to-reduction-of-arrays-with-any-length
/questions/87062/color-reduction-in-java
/questions/11341371/javascript-array-reduction
/questions/7954426/c-net-audio-noise-reduction
/questions/6037864/selective-string-reduction
/questions/71236081/c-best-approach-for-reduction-operation
/questions/27217256/set-cover-reduction
/questions/17067398/reduction-of-each-row-in-the-table-of-database
/questions/71373176/openmp-reduction-on-multiple-variables-array
/questions/57681458/tf-print-output-reduction
/questions/73851628/dimensionality-reduction-valueerror
/questions/7954426/c-net-audio-noise-reduction
/questions/27217256/set-cover-reduction
/questions/71373176/openmp-reduction-on-multiple-variables-array
/questions/19800402/lda-and-dimensionality-reduction
/questions/9239738/xhr-bandwidth-reduction
/questions/38143191/scala-recursive-reduction
/questions/44001032/error-reduction-in-gbm
/questions/59410775/cant-compile-renderscript-reduction-kernel
/questions/6996764/fastest-way-to-do-horizontal-sse-vector-sum-or-other-reduction
/questions/22428198/if-else-if-statement-reduction
/questions/47740363/repetitive-if-statements-reduction
/questions/24782038/omp-max-reduction-with-storage-of-index
/questions/15863737/cuda-summation-reduction-puzzle
/questions/17067398/reduction-of-each-row-in-the-table-of-database
/questions/6996764/fastest-way-to-do-horizontal-sse-vector-sum-or-other-reduction
/questions/58203528/reduction-on-infixes-in-racket
/questions/44932749/reduction-of-rows-in-a-table
/questions/58980110/example-of-stream-reduction-with-distinct-combiner-and-accumulator
/questions/39698120/hackerrank-string-reduction
/questions/21784606/if-statement-condtion-reduction
/questions/17936560/how-to-evaluate-dimensionality-reduction-technique
/questions/11873925/reduction-link-in-category
/questions/28411035/omp-parallel-for-reduction
/questions/6921095/functional-dependency-reduction
/questions/41712368/sql-code-reduction
/questions/35039902/cuda-reduction-approach-for-big-arrays
/questions/41007474/dimension-reduction-in-cldnn-tensorflow
/questions/53372549/time-complexity-of-parallel-reduction-algorithm
/questions/61142442/matrix-gauss-reduction
/questions/49082929/openmp-reduction-clause
/questions/49426686/kml-size-reduction
/questions/25341794/show-reduction-process-step-by-step
/questions/69313189/cuda-array-reduction-optimisation
/questions/5474811/split-reduction-by-items-in-shopping-cart
/questions/53372549/time-complexity-of-parallel-reduction-algorithm
/questions/11873925/reduction-link-in-category
/questions/28411035/omp-parallel-for-reduction
/questions/14812397/color-depth-reduction-with-opencv-and-lut
/questions/30627170/c-openmp-reduction-scalability
/questions/13793097/openmp-to-cuda-reduction
/questions/36590014/reduction-in-solr-size
/questions/76598217/picture-dimension-reduction
/questions/20599731/algorithmic-reduction-median-of-medians-quicksort
/questions/69880486/multiprocessing-performance-reduction
/questions/20599731/algorithmic-reduction-median-of-medians-quicksort
/questions/60380132/documents-terms-matrix-dimensionality-reduction
/questions/57415707/reduction-parameter-of-the-negative-log-likelihood
/questions/66001975/can-z3-apply-bit-width-reduction-techniques-to-solve-a-bit-vector-equivalence
/questions/67339113/can-pca-be-used-for-row-reduction
/questions/66526971/array-extension-reduction
/questions/49082929/openmp-reduction-clause
/questions/49159239/wxpython-size-reduction
/questions/8789166/np-hardness-reduction
/questions/55466119/java-script-reduction
/questions/65548244/no-speedup-for-omp-simd-reduction
/questions/14667368/rainbow-tables-hash-reduction-java
/questions/49111443/openmp-offloading-to-nvidia-wrong-reduction
/questions/70322434/beta-reduction-steps-on-y-combinator
/questions/62518937/c-sharp-byte-leftshift-for-an-output-reduction
/questions/59807871/autoencoders-for-dimensionality-reduction-of-mixed-data
/questions/21713519/using-an-equivalence-in-the-context-to-force-reduction
/questions/43037481/matlab-pca-for-dimensionality-reduction
/questions/54295955/how-to-implement-user-defined-reduction-with-openacc
/questions/61290218/beta-reduction-lambda-calculus-example
/questions/52390526/openmp-argmin-reduction-for-multiple-values
/questions/28132108/mpi-reduction-on-user-defined-communicator
/questions/71195993/reduction-procedure-for-methodreference-expressions
/questions/73084831/opencl-shared-memory-reduction-correctness
/questions/335525/lookup-table-size-reduction
/questions/54053457/dimensional-reduction-through-subspace-clustering
/questions/74731411/looking-for-a-fast-reduction-algorithm
/questions/33835214/openmdao-1-x-relevance-reduction
