/questions/1335851/what-does-use-strict-do-in-javascript-and-what-is-the-reasoning-behind-it
/questions/14415881/how-can-i-pair-socks-from-a-pile-efficiently
/questions/2067472/what-is-jsonp-and-why-was-it-created
/questions/6372037/binary-search-problems
/questions/12689996/sql-search-problems
/questions/13822269/wordpress-search-problems
/questions/64088493/acm-digital-library-search-problems
/questions/5647461/how-do-i-send-a-post-request-with-php
/questions/8552891/avl-tree-traversal-search-problems
/questions/37550343/datetime-search-problems-asp-net
/questions/35453408/full-text-search-prefix-search-problems
/questions/37141650/mysql-fulltext-search-problems
/questions/19338182/twitter4j-3-0-5-searching-problems
/questions/24163997/depth-first-search-problems
/questions/3345497/lucene-search-problem
/questions/13105664/google-image-search-problems-in-android
/questions/12511922/permutation-tree-for-combinatorial-search-problems
/questions/5020704/how-to-design-restful-search-filtering
/questions/48400802/cosmos-db-indexed-search-problems
/questions/24487540/riak-search-problems-with-fields-starting-with
/questions/25437047/refining-my-instant-search-problems
/questions/7154525/sharepoint-search-problem
/questions/4965551/simple-eclipse-search-problem
/questions/49837915/propertytype-search-problems-with-reso-api
/questions/288663/does-the-sql-server-2008-search-problem-affect-sharepoint-search
/questions/4549605/scalable-search-problem
/questions/8124687/expression-engine-advanced-search-problems-searching-for-keyword
/questions/28544957/using-pybrain-optimization-algorithm-to-solve-search-problems
/questions/30845571/elasticsearch-geospatial-search-problems-with-index-setup
/questions/59457166/optimised-way-to-solve-naive-string-search-problem-in-javascript
/questions/6008100/sphinx-search-problem
/questions/8172637/validation-of-the-text-field-for-search-problems
/questions/7246325/linear-search-problem
/questions/42711175/what-does-the-symbol-do-in-javascript-imports
/questions/6830126/expression-engine-search-problem
/questions/36373311/python-pandas-dataframe-string-search-problems-with
/questions/45035901/grid-search-problems-with-svc-how-to-troubleshoot
/questions/4263109/net-application-search-problem
/questions/5406844/unix-shell-reverse-search-problem
/questions/59401367/flutter-searchable-dropdown-search-problem
/questions/16631170/search-box-css-problems
/questions/64826655/linear-search-problems-with-my-code-basic-program
/questions/56719876/problems-with-search
/questions/60819254/dfs-soln-to-word-search-problem-in-leetcode
/questions/3698457/android-2-2-webview-search-problem
/questions/21974533/problems-with-search-display-controller
/questions/4921249/searching-problem
/questions/9162770/google-maps-v3-search-problems
/questions/3446832/search-problem-in-sql-server
/questions/4894774/rails-thinking-sphinx-fuzzy-search-problem
/questions/5056417/mysql-fulltext-search-problem
/questions/64495738/mailkit-search-query-problems
/questions/2551389/apidemo-invoke-search-problem-android
/questions/71244754/leetcode-79-word-search-problems-storing-previously-visited
/questions/53911/in-vim-how-do-i-go-back-to-where-i-was-before-a-search
/questions/7782309/how-to-define-the-completeness-of-stochastic-search-problems
/questions/44417243/how-are-these-two-breadth-first-search-problems-different-from-each-other
/questions/5424448/array-search-problem
/questions/4447153/search-problem-in-lucene-3-0-2
/questions/5252085/sql-full-text-search-problem
/questions/9096245/facebook-live-friend-search-fql-problems
/questions/35139424/php-problems-with-ldap-search
/questions/50514243/problems-querying-the-windows-search-index
/questions/3636938/lucene-solr-searching-problem
/questions/6663060/few-problems-with-my-search-box
/questions/63575882/jquery-datatablejs-turkish-character-search-problem
/questions/5177888/website-for-particular-search-problem-using-c-language-or-not
/questions/48540215/problems-with-search-results
/questions/57660265/problems-with-search-engine-on-dnn
/questions/6685942/google-custom-search-problem-from-phonegap
/questions/5462441/string-searching-problem
/questions/59246076/search-performance-problems-with-alfresco-search-services
/questions/15314029/problems-with-my-search-module-on-my-website
/questions/63954005/change-inputs-after-filtered-searched-problems-vuejs
/questions/24493222/problems-with-td-search-in-table-using-regex
/questions/40143575/binary-search-tree-implementation-problems-with-compilation
/questions/70610882/problems-with-if-in-search-mongoose
/questions/6028712/magento-1-3-x-quick-search-problem
/questions/5866847/problems-with-my-binary-search-and-linear-search
/questions/6979605/searching-problem-with-lucene
/questions/10238728/problems-with-search-on-graph
/questions/14821765/xcode-4-5-2-header-search-path-problems
/questions/2043698/sql-server-2005-fulltext-search-problem
/questions/45591256/hibernate-search-configuration-problems
/questions/45134158/problems-with-searching-arrays
/questions/10184406/problems-searching-dates
/questions/76665055/mongodb-search-problem-returning-all-query
/questions/29279061/problems-with-and-or-search-in-solr
/questions/5521986/regex-string-search-problem
/questions/7126527/accent-insensitive-searches-problems-with-utf8-general-ci-collation
/questions/2223116/problem-with-faceted-search
/questions/29207278/select2-problems-with-search-and-initselection
/questions/67698554/problems-with-updating-state-in-next-js-app-with-search-function
/questions/4703016/graph-search-problem-with-route-restrictions
/questions/66504681/angulrjs-ui-tree-search-problem-with-same-title
/questions/46437127/access-2010-sql-search-within-a-subform-problems-with-apostrophe-in-the-search
/questions/9669762/search-filter-problems
/questions/3963029/rails-problems-with-join-search
/questions/22461983/search-query-problems
/questions/23041959/search-paths-problems
/questions/2532278/efficient-mass-string-search-problem
/questions/3385677/search-problem-abc-abc-in-c-sharp-how-to-solve-this
/questions/73022362/how-to-solve-this-depth-first-search-problem
/questions/10658789/php-search-page-problems
/questions/18777633/mysql-search-perfomance-problems
/questions/4686833/lucene-tag-searching-problems-with-c-escape-problems
/questions/44811553/eclipse-oxygen-problems-console-search-view-grayed-out
/questions/67081800/im-getting-a-error-on-an-avl-tree-search-problem
/questions/73835692/solr-fuzzy-search-problem-for-some-tokens
/questions/5478683/library-for-tree-search-for-combinatorial-optimization-problems
/questions/52744295/elastic-search-problem-with-node-disk-size
/questions/24047513/problems-implementing-sunspot-search-through-associations
/questions/43263459/django-search-bar-problems
/questions/23191448/linked-list-search-and-read-data-problems
/questions/65686644/binary-search-problem-help-trying-for-hours
/questions/60515955/laravel-6-search-function-problems
/questions/15806021/problems-in-create-advanced-search-using-query
/questions/21451621/codeigniter-search-with-pagination-problems
/questions/29997916/having-problems-with-binary-search-c
/questions/73202137/can-any-one-explain-me-this-question-consider-the-searching-problem
/questions/44090361/problems-with-advanced-search-using-button
/questions/19032963/problems-with-a-search-query-in-php
/questions/11103189/how-to-find-out-which-package-version-is-loaded-in-r
/questions/23713791/php-problems-in-search-function
/questions/10996551/search-for-a-site-with-problems
/questions/2484084/java-file-searching-problem
/questions/23573748/problems-using-binary-search
/questions/29718122/is-range-tree-widely-used-in-spacial-search-problems
/questions/33179724/ajax-search-return-problems
/questions/61560361/vector-subscript-out-of-range-for-binary-search-problem
/questions/52088828/mariadb-innodb-engine-full-text-search-problem
/questions/45074520/sql-where-problems-when-a-mark-is-in-the-search-string
/questions/43118613/problems-implementing-a-search-filter-using-linq
/questions/17764808/mysql-search-query-problems
/questions/29873478/problems-to-search-actsastaggableon-with-sunspot
/questions/7202485/problem-with-list-search-in-sencha
/questions/7746409/android-webview-launches-browser-when-calling-loadurl
/questions/3459847/google-maps-api-v3-and-local-search-problem-empty-results
/questions/28608566/problems-with-binary-search-algorithm
/questions/70964576/time-complexity-analysis-of-search-problem
/questions/25822698/problems-implementing-a-binary-search
/questions/22306218/simple-search-engine-problems
/questions/59131484/bisection-search-problem-mit-intro-to-cs-problem-set
/questions/59949712/problems-implementing-search-controller-with-cncontacts-swift
/questions/7179818/oracle-search-problem-with-georgian-symbols
/questions/11726048/problems-searching-with-mysql
/questions/51508362/binary-search-implemention-mostly-code-structure-problems-aka-newbie-problems
/questions/31702763/search-results-tableview-adjusting-problems
/questions/1628125/php-parsing-with-simple-html-dom-search-problem
/questions/979809/hibernate-search-problem-could-not-initialize-proxy-no-session
/questions/16528339/problems-at-postgresql-full-text-search-with-words-containing-single-quotes
/questions/42150250/search-problems-with-oracle-dataaccess-2-121-2-0-oracle-12-client-when-change
/questions/6306583/complex-search-problem-in-mysql-query
/questions/3266358/geocoder-rails-plugin-near-search-problem-with-activerecord
/questions/53711791/odoo-problems-to-execute-search-in-java
/questions/22796837/problems-passing-variable-to-search-method
/questions/14187432/problems-with-tire-and-sorted-search
/questions/34559522/problems-implementing-search-bar-with-parse
/questions/11044344/problems-with-php-member-search
/questions/3984009/problems-with-binary-search-function
/questions/55252166/problem-in-linear-search-to-solve-a-twosum-problem
/questions/36116069/problems-with-word-search-program
/questions/5171020/jqgrid-client-side-searching-problem
/questions/4191390/problem-with-search
/questions/71791949/a-seemingly-simple-binary-search-problem-using-python
/questions/9254745/problems-using-the-amazon-api-to-search-isbn
/questions/33243608/problems-with-search-bar-ruby-on-rails
/questions/62546845/problems-with-css-search-results-on-web-sites
/questions/34850058/query-problems-with-twitter-search-api
/questions/4596821/c-sharp-binary-search-tree-problem
/questions/26509270/display-problems-ie9-google-search-appliance
/questions/69079149/discord-py-adding-a-queue-on-a-music-bot-for-discord-and-search-problems
/questions/16134043/problems-with-search-interface-in-android-app
/questions/23277321/problems-with-compatible-search-bar-in-android-fragment
/questions/42535837/problems-using-and-in-query-param-elastic-search
/questions/54090220/constraint-satisfaction-problems-with-solvers-vs-systematic-search
/questions/75450407/search-problem-with-special-characters-in-postgresql
/questions/45211402/problems-with-spring-data-elastic-search-findbylocationwithin
/questions/36367005/problems-with-search-feature-in-php
/questions/14088632/mysql-codeigniter-search-form-problems
/questions/27734547/problems-disabling-search-using-jquery-chosen
/questions/7540385/mysql-search-problem-to-find-lowercase-and-uppercase-letters-at-the-sametime
/questions/55670745/live-data-search-problem-how-to-notify-user-to-be-more-specific-in-search
/questions/24182396/search-bar-and-display-controller-tableview-problems
/questions/5148855/logic-problem-combining-paging-and-search
/questions/1334346/problems-using-mysql-fulltext-search
/questions/70141336/facing-problems-in-binary-search-in-c
/questions/7377038/simple-search-with-mvc-problems-with-view
/questions/47390107/problems-with-content-search-in-div-with-selenium
/questions/5197084/better-way-to-solve-this-grid-search-problem
/questions/3971402/php-problem-with-displaying-text-around-a-search-term
/questions/20036958/ajax-search-deep-linking-with-hashbag-problems
/questions/74925725/react-redux-search-problem-data-from-api-action-call-unlimited
/questions/40470667/angularjs-application-problems-appearance-in-google-search
/questions/48500523/problems-with-mongoose-searches
/questions/4038764/sql-search-problem-with-new-searchcontent-function
/questions/34278685/problems-with-search-widget-arcgis-api-for-javascript
/questions/61716994/using-breadth-first-search-instead-of-bidirectional-search
/questions/6074379/having-problems-theming-the-search-box-in-drupal
/questions/32971902/problems-with-custom-search-suggestion-on-a-searchview
/questions/3027679/problem-with-sharepoint-search
/questions/74628157/jquery-datatables-recursive-problem-with-drawcallback-and-search-function
/questions/3027679/problem-with-sharepoint-search
/questions/29521364/search-view-rendering-problems-in-api-22
/questions/33195181/search-controller-problems-using-nspredicate-with-model
/questions/53232970/binary-search-tree-problem-with-insert-function
/questions/52577301/python-2-7-regex-problems-with-search
/questions/63880203/how-to-search-query-in-elastic-search-with-synonyms-in-python
/questions/70236306/problems-performing-an-asynchronous-search-wpf-c
/questions/2577940/problem-with-yahoo-search
/questions/33557221/problems-sorting-and-searching-with-datatables
/questions/4193787/jquery-search-problem-all-forms-are-showing
/questions/13950307/what-are-the-problems-associated-to-best-first-search-in-artificial-intelligence
/questions/61876604/concert-tickets-sorting-and-searching-problem
/questions/17782869/problems-in-using-search-function-in-rails
/questions/23790187/problems-with-search-replace-by-using-substr-replace
/questions/62777542/advance-search-function-of-google-search-using-javascript-but-getting-some-probl
/questions/2146073/problem-with-search-module-in-drupal
/questions/63066854/problems-with-jquery-ajax-search-form-div-display
/questions/63618490/having-some-problems-with-binary-search-can-someone-look-to-it
/questions/63827551/problems-trying-to-incorporate-search-into-responsive-menu
/questions/68919911/binary-search-on-problems-which-contains-some-integers-and-not-an-array
/questions/54663374/how-to-solve-linear-search-problem-in-c
/questions/25367781/tips-on-solving-binary-tree-binary-search-tree-problems-using-recursion-java
/questions/73186646/problems-with-a-backend-part-of-search-line-in-django
/questions/62934118/problems-with-boolean-search-mode-in-mysql-fulltext-index
/questions/43859465/problems-setting-up-conditional-search-space-in-hyperopt
/questions/12881358/problems-with-standard-search-in-android-2-1-running-in-another-process
/questions/17844303/search-short-text-against-large-list-of-search-terms
/questions/6700025/css-problem-with-navigation-and-search-filters-in-ie7
/questions/66364756/what-is-the-problem-in-this-binary-search
/questions/70613248/vs-code-search-and-quick-open-having-problems
/questions/71613578/what-is-a-good-heuristic-funtion-in-the-multiple-positions-search-problem
/questions/11787132/problems-when-downloading-csv-files-from-google-insight-for-search-using-perl
/questions/70280431/dynamic-search-bar-in-jquery-with-result-display-problems
/questions/32378599/solr-5-1-problems-with-search-queries-containing-underscores
/questions/6223675/problem-with-solr-search
/questions/60387615/problem-with-the-search-function-in-react
/questions/8377414/location-and-oauth-problems-using-twitter-search-api
/questions/11759616/depth-first-search-did-find-solution-state-in-missionaries-and-cannibals-problem
/questions/27579750/problems-with-cyrillic-search-on-string
/questions/3404371/php-search-engine-problem
/questions/29592310/problems-with-forward-and-backwards-search-in-sublime-latextools
/questions/28200934/mysql-query-problems-with-php-in-search-form
/questions/12214746/find-a-commit-on-github-given-the-commit-hash
/questions/34452301/reactive-problems-getting-results-with-meteor-search-source-package
/questions/28181080/problems-implementing-search-bar-with-parse-data
/questions/70816986/java-ternary-operator-on-simple-binary-search-problem
/questions/20562658/problems-with-look-up-search
/questions/70612727/search-function-problems-in-javascript
/questions/69783785/type-error-in-python-recursive-binary-search-problem
/questions/56365687/trying-to-solve-python-problem-with-binary-search
/questions/2179935/problem-in-array-search
/questions/59245375/gc-oom-problems-with-alfresco-search-services-and-openjdk11
/questions/71370156/problem-searching-in-my-binary-search-tree
/questions/4205258/sharepoint-problem-with-search-refinement-when-values-contain-spaces
/questions/75112216/problem-searching-domain-with-elastic-search
/questions/60512143/python-beginner-has-some-problems-with-the-spotipy-search-function
/questions/76243662/mongoose-object-multi-search-problem-object-in-object
/questions/14866882/binary-search-on-large-disk-file-in-c-problems
/questions/14866882/binary-search-on-large-disk-file-in-c-problems
/questions/70029510/responsive-top-bar-search-box-in-mobile-search-button-problem
/questions/7248017/jstree-search-json-problem
/questions/58991075/having-a-problem-with-my-java-bst-search-implementation
/questions/73653827/max-recursion-depth-error-with-grid-search-problem
/questions/15866185/problems-with-using-pdo-to-perform-an-advanced-search-query
/questions/72077420/problems-with-rendering-the-results-of-searching-in-symfony-5-4
/questions/61364895/google-custom-search-problem-request-throttled-due-to-daily-limit-being-reached
/questions/2045961/some-problems-searching-mysql-database-via-php
/questions/7404151/search-optimization-problem
/questions/73408833/problems-with-google-gsce-search-and-sticky-top-nav-bar-in-bootstrap-5
/questions/26303445/looking-for-words-in-a-2d-array-of-chars-in-java-why-am-i-having-search-problem
/questions/6121431/problem-with-search-operation
/questions/5731742/javascript-problem-with-search
/questions/21657905/problems-understanding-the-workings-behind-c-algorithm-binary-search
/questions/21657905/problems-understanding-the-workings-behind-c-algorithm-binary-search
/questions/48011181/problems-removing-case-sensitivity-while-searching-strings
/questions/60236435/problems-using-common-lisp-running-a-hill-climbing-search
/questions/45471125/programatic-search-bar-in-collection-view-implementation-problems
/questions/48271672/grid-search-in-multi-class-classification-problems-using-neural-networks
/questions/19065002/are-virtually-all-major-distributed-computing-projects-attempting-to-solve-probl
/questions/55762358/facing-problem-at-codeigniter-multiple-word-search
/questions/5752609/yahoo-search-api-problem
/questions/62926998/using-an-invariant-to-determine-the-boundary-conditions-in-a-typical-binary-sear
/questions/4263041/solr-search-avoid-defaultsearchfield
/questions/1792833/jquery-search-replace-all-body-text-problems
/questions/43840774/searching-for-simple-problems-naturally-solved-using-stacks
/questions/62171789/2d-array-word-search-problem-exception-thrown-error
/questions/280435/escaping-regex-string
/questions/22703919/problems-emulating-facebook-search-using-textbox-textchanged-event-when-text-is
/questions/22703919/problems-emulating-facebook-search-using-textbox-textchanged-event-when-text-is
/questions/5657038/binary-search-tree-problem
/questions/4862902/javascript-search-working-problem
/questions/66567956/having-problems-w-recursion-in-binary-search-tree-algorithm
/questions/59567152/is-this-a-binary-search-tree-hackerrank-problem
/questions/75964255/styling-and-interface-problems-with-a-bootstrap-search-site
/questions/3470478/switching-from-wordpress-to-drupal-search-engine-problems
/questions/65564138/problems-with-sigsegv-when-working-on-binary-search-tree
/questions/7049969/generating-search-query-having-problem
/questions/648279/problems-while-adding-google-search-to-my-website
/questions/4947132/problem-using-jqgrid-search-function
/questions/4723382/problem-with-quick-search-android
/questions/61537339/having-problems-running-a-simple-binary-search-on-c
/questions/40688106/titan-loading-problems-with-elastic-search
/questions/70724732/problem-filter-search-with-checkbox-vuejs
/questions/40688106/titan-loading-problems-with-elastic-search
/questions/70724732/problem-filter-search-with-checkbox-vuejs
/questions/6349196/binary-search-tree-pointer-problem
/questions/5515774/sql-creating-a-search-statement-problem
/questions/73946734/i-have-a-problem-with-the-search-implementation
/questions/5790123/problem-with-multiple-search-keywords
/questions/54243020/nest-elastic-search-performance-problem-because-of-empty-search
/questions/69345451/select2-problem-when-letting-users-search-options-and-enter-their-custom-value
/questions/56054147/problem-extracting-youtube-search-results
/questions/42736038/android-emulator-not-able-to-access-the-internet
/questions/56442492/searchbar-problem-while-trying-to-search-firestore-and-reload-the-tableview
/questions/7352493/failed-to-load-the-jni-shared-library-jdk
/questions/3672644/sql-server-fulltext-search-contains-phrase-problem
/questions/60698217/problems-in-android-firebaserecyclerview-implementing-a-search-users-function
/questions/57934354/symfony-4-problem-with-pagination-filter-search
/questions/25244103/google-drive-api-search-query-problems
/questions/67154172/problem-creating-loop-for-repeat-search-option-advice-for-underlining-search-qu
/questions/73090431/search-component-render-problem-with-validate-js
/questions/57934354/symfony-4-problem-with-pagination-filter-search
/questions/47558202/problems-implementing-a-star-search-c
/questions/57273836/problem-with-laravel-scope-in-search-form
/questions/10870731/problems-with-mysql-natural-language-search-not-returning-expected-result
/questions/18005549/search-in-mongodb-problems-local-remote
/questions/9096818/problems-with-search-engine-friendly-urls
/questions/772450/need-help-with-sql-server-full-text-search-problem
/questions/2180602/problems-with-css-and-styling-input-tags-for-a-search-bar
/questions/51113436/javascript-search-with-regex-why-is-the-plus-operator-causing-problems
/questions/54377015/problem-with-search-filter-in-my-database
/questions/9856920/php-problems-searching-text-in-a-file
/questions/49091290/problems-with-full-text-search-in-postgres
/questions/56315368/problems-trying-to-create-a-search-box-filter-with-vanillajavascript
/questions/58232212/searching-in-database-and-some-problems
/questions/51499567/problems-with-full-text-search-in-postgresql-net-core-2-1
/questions/75582092/optimization-search-problem-how-to-appropriately-search-on-a-list-that-has-solu
/questions/62091677/i-have-a-problem-with-the-in-django-search-function
/questions/35825748/nested-model-searching-rails-tire-elasticsearch-indexing-problems
/questions/4094234/javascript-custom-array-search-prototype-got-some-problems
/questions/26887065/notepad-wildcard-problems-in-search-and-replace
/questions/5474699/binary-search-problem-with-my-code-please-look-into-my-following-problem
/questions/1345921/whoosh-full-text-search-index-problem
/questions/60227129/simple-search-using-php-and-mysql-problem
/questions/16154327/problems-searching-html-with-regular-expressions
/questions/6964392/speed-comparison-with-project-euler-c-vs-python-vs-erlang-vs-haskell
/questions/32780887/problems-with-searching-for-available-device-via-bluetooth-in-android
/questions/58800603/java-heap-space-problem-with-elastic-search
/questions/20204929/problems-about-binary-search-tree-in-clojure-immutable-structure
/questions/19827779/kendo-grid-problems-with-search-in-database
/questions/4747222/search-bar-with-segmented-control-problem
/questions/5487222/problem-displaying-the-search-toolbar-in-jqgrid
/questions/52971567/problems-with-showing-rating-stars-in-google-search-results-wordpress-site
/questions/70064503/problem-with-commits-search-by-user-in-gitlab
/questions/4469929/could-not-load-file-or-assembly-or-one-of-its-dependencies
/questions/6364412/problem-in-downloading-twitter-search-pages
/questions/76173867/stacfastapi-pgstac-problem-or-condition-in-search
/questions/57727473/how-to-solve-following-problem-using-binary-search
/questions/30561797/getting-search-field-to-filter-results-in-angular-problems-gulp-ng-model
/questions/2700750/problems-with-searching-in-files-and-directories-windows-programming
/questions/63589524/problems-with-searching-multiple-line-in-regex
/questions/74816952/flutter-search-listview-in-array-index-problem
/questions/56089587/mysql-select-query-cant-able-to-search-symbolic-string
/questions/47088052/google-analytics-organic-search-loop-problems
/questions/20250416/im-having-problems-adding-a-new-search-criteria-to-solr
/questions/14648109/fast-esp-or-fast-search-server-for-sharepoint
/questions/55721119/problem-with-insertion-in-binary-search-tree
/questions/29813141/how-could-i-utilize-algorithms-for-nearest-neighbor-search-to-do-fixed-radius-se
/questions/72711551/how-solve-timeout-problem-in-elastic-search
/questions/30067950/problems-using-praw-searching-and-posting
/questions/1929599/zend-framework-twitter-search-json-problem-since-id
/questions/6635372/annoying-problem-with-search-field-sprite-and-deselect
/questions/67199267/back-tracking-search-at-c-sharp-in-this-problem
/questions/14474180/zend-lucene-search-illegal-character-problems
/questions/57797947/double-regex-search-loop-makes-problems
/questions/75786297/bidirectional-search-for-multiple-goal-states
/questions/53260741/optimization-problem-with-pandas-apply-and-multiindex-search
/questions/14474180/zend-lucene-search-illegal-character-problems
/questions/54095335/problem-with-implementing-stackoverflow-like-tag-search-bar
/questions/6467067/how-to-search-for-a-part-of-a-word-with-elasticsearch
/questions/75786297/bidirectional-search-for-multiple-goal-states
/questions/14206143/binary-search-tree-insert-problems-java
/questions/65635455/problem-with-google-search-and-my-webpage
/questions/5129216/mod-rewrite-search-feature-problem-with-slash-404-error
/questions/2297083/how-do-you-solve-the-lag-problem-of-a-live-search
/questions/62998802/angular-filtering-problem-when-clearing-search-box
/questions/3249414/android-quick-search-box-problem
/questions/47931533/partial-searching-with-an-if-statement-syntax-problems
/questions/1361286/nhibernate-search-hibernate-class-problem
/questions/59588527/problems-searching-through-observable-array-in-knockout
/questions/38096311/ruby-on-rails-load-more-button-with-kaminari-and-search-form-jquery-problems
/questions/38096311/ruby-on-rails-load-more-button-with-kaminari-and-search-form-jquery-problems
/questions/52635426/laravel-search-filter-in-relationship-problem-in-fetching-data
/questions/67141343/problem-with-wp-query-search-s-parameter-searching-a-string-with-separated-wor
/questions/7719898/rails-how-to-get-search-display-blank-when-search-field-is-blank
/questions/16326235/graph-search-on-google-app-engine-with-ndb-python-efficiency-problems
/questions/70103626/how-can-i-optimize-the-search-in-a-csp-problem-using-docplex-cpomodel
/questions/42936615/how-to-deal-with-proxy-restriction-problems-when-using-a-search-api-like-algolia
/questions/6020877/problem-with-the-cakephp-search-plugin
/questions/5127369/mysql-full-text-search-exact-phrase-problem
/questions/5081962/nhibernate-and-nhibernate-search-version-problem
/questions/66519370/problem-in-implementing-two-search-filters-in-react-table
/questions/74855237/page-indexing-problem-with-google-search-console
/questions/5124907/problem-with-autocomplete-search-with-linq-and-datagrid
/questions/70843983/simple-artificial-intelligence-search-problem-infinite-loop-bug-in-python
/questions/9310444/class-constructor-problems-while-doing-a-linear-search-across-two-classes
/questions/5127369/mysql-full-text-search-exact-phrase-problem
/questions/74107113/looking-for-a-solution-to-the-web-site-searching-problem
/questions/70704110/problem-with-a-fetch-search-and-pagination-with-react
/questions/62699270/problems-searching-directories
/questions/43329521/lucene-3-6-problems-with-searching-for-terms-with-apostrophe
/questions/6955991/i-have-problems-with-installing-sphinx-search
/questions/56806884/symfony-4-datatable-search-filter-problem
/questions/75740910/a-greedy-binary-search-programming-problem
/questions/52450878/codeigniter-and-datatable-search-filter-column-problem
/questions/56607764/pip-install-pycairo-fails-on-osx-pkg-config-search-path-problems
/questions/5635635/lucene-3-0-3-searching-problem-with-docx-file
/questions/6424949/problems-printing-searches-not-found
/questions/60042120/having-problems-to-pass-searched-data-from-controller-blade-file-using-ajax-in-l
/questions/11998820/problems-serializing-my-scikit-learn-sklearn-grid-search-classifier-in-ipython
/questions/59943500/problem-moving-image-with-search-bar-animation
/questions/64527856/problem-nesting-approximation-search-algorithm
/questions/59943500/problem-moving-image-with-search-bar-animation
/questions/2228102/cscope-problem-search-results-invisible
/questions/53604781/file-search-has-encountered-a-problem-in-eclipse
/questions/63006286/breadth-first-search-how-to-get-currency-exchange
/questions/3113479/file-reading-searching-and-looping-problems
/questions/70961340/problem-with-sphinx-search-when-searching-by-second-word-in-phrase
/questions/18729233/problems-with-vector-to-vector-string-comparison-search
/questions/69324734/problem-when-i-install-react-leaflet-search
/questions/2554578/mysql-full-text-search-ampersand-problem
/questions/68756047/problem-occur-when-create-a-search-function-in-react
/questions/2038904/back-to-search-results-problem
/questions/56200933/problem-search-predicate-with-graph-ver-3-1-1
/questions/24685292/problems-trying-to-do-an-ldap-search-filter
/questions/63424748/uniform-cost-search-in-romania-map-problem
/questions/74154089/problems-searching-in-access
/questions/52311336/problems-with-search-query-using-php-and-mysql
/questions/71494303/there-is-a-problem-with-elasticsearch-paging-searches
/questions/19608769/searching-database-for-existing-record-problems
/questions/45684769/problems-making-a-search-page-php-and-mysql
/questions/53127267/looking-to-solve-the-arbitrage-search-opportunity-but-have-problems-with-the-txt
/questions/54252544/problem-with-search-function-in-mulipledimensional-array-javascript
/questions/24685292/problems-trying-to-do-an-ldap-search-filter
/questions/54884488/how-can-i-solve-the-error-ts2532-object-is-possibly-undefined
/questions/20752124/problems-searching-empty-user-database-with-objectdb
/questions/6166549/search-or-found-inside-of-vector-problem
/questions/48238932/grep-problems-with-pattern-and-search-behaviour-with-terminal
/questions/55684136/having-a-problem-with-axios-while-writing-on-search-box
/questions/59972148/hibernate-search-in-spring-boot-integration-test-problem
/questions/52630600/how-can-i-solve-this-search-button-problem
/questions/59972148/hibernate-search-in-spring-boot-integration-test-problem
/questions/68078640/chess-problem-with-negamax-search-missing-checkmate
/questions/29225478/what-are-some-common-admissible-heuristics-for-distance
/questions/37135253/search-result-in-eclipse-opens-in-tab-in-same-panel
/questions/66965735/problem-in-implementing-quiescence-search
/questions/35432607/eclipse-java-package-name-sequential-search
/questions/56864538/problem-with-filter-in-my-search-form-in-laravel
/questions/60072888/problem-with-implementing-the-binary-search-algorithm
/questions/75967066/python-a-search-for-coloring-maze-problem
/questions/67447999/problems-with-the-build-in-travis-ci-in-the-file-search-master-xml-via-liquibase
/questions/58547746/problem-with-searching-multiple-keywords-using-google-custom-search-api
/questions/3991191/iphone-sdk-noob-problem-with-search-bar
/questions/10041273/efficient-implementation-of-the-nearest-neighbour-search
/questions/23991695/postgresql-full-text-search-characters-probl%c3%a8me
/questions/58999959/problem-rendering-search-results-in-search-component-react-semantic-ui-react
/questions/68850595/azure-cognitive-search-and-dictionary-serialization-problem
/questions/7429075/problem-with-sql-with-left-join-for-a-radius-search
/questions/32104533/having-problems-with-a-search-method-between-arrays-and-array-lists
/questions/75531735/hibernate-search-6-2-0-alpha2-index-problem
/questions/21148209/asp-net-identity-httpcontext-has-no-extension-method-for-getowincontext
/questions/73646247/problem-with-search-function-in-combination-with-pagination-react-redux-toolki
/questions/67871030/powershell-problems-at-value-adding-for-the-search-loop
/questions/105838/real-world-examples-of-recursion
/questions/70218666/angular-filtering-problem-when-i-clear-the-search-box
/questions/69748653/two-sum-problem-using-binary-search-approach
/questions/18980878/mysql-search-query-search-many-columns
/questions/68003345/problem-while-connecting-google-search-console-with-analytics
/questions/64163157/how-can-i-search-a-complicated-mapping
