/questions/19304574/center-set-zoom-of-map-to-cover-all-visible-markers
/questions/4282003/an-algorithm-to-find-the-minimum-size-set-cover-for-the-set-cover-problem
/questions/3130897/minimum-set-cover-php
/questions/16843663/set-covering-in-shipments-between-cities
/questions/148747/what-is-the-difference-between-a-framework-and-a-library
/questions/4287302/find-combinations-of-all-sets-set-cover
/questions/76310170/genetic-algorithm-does-not-improve-solution-set-covering-problem
/questions/27217256/set-cover-reduction
/questions/18893769/greedy-set-cover-algorithm
/questions/9233125/approximation-for-set-cover
/questions/70445055/confused-about-the-for-loop-in-the-set-covering-problem-greedy-algorithms
/questions/31150398/maximal-rectangle-set-cover
/questions/4255963/a-variation-on-set-cover
/questions/18981685/minimum-set-cover
/questions/36231236/whether-this-is-a-set-cover
/questions/4055834/backtracking-algorithm-for-set-cover
/questions/42109885/greedy-algorithm-set-cover
/questions/26400763/brute-force-complexity-of-set-cover
/questions/56706377/minimal-list-of-sub-sets-covering-elements
/questions/6843945/not-greedy-algorithm-for-set-cover
/questions/7936037/any-good-implementation-of-greedy-set-cover-for-large-datasets
/questions/23020273/fastest-algorithm-for-finding-a-minimum-set-cover
/questions/27782671/greedy-algorithm-for-set-cover-c
/questions/18985964/solving-minimum-set-cover-using-available-libraries
/questions/40297825/query-for-set-cover
/questions/39887905/how-to-get-all-minimal-set-covers
/questions/56637007/how-can-i-improve-the-speed-of-solution-of-set-covering-problem-with-minizinc
/questions/17190976/set-cover-facebook-via-php-without-notifications
/questions/68861890/minimal-vs-minimum-solution-for-set-cover
/questions/39184257/set-cover-approximation-in-r
/questions/45192790/set-cover-a-couple-different-versions
/questions/29726190/minimum-set-cover-algorithm-finding-size-of-optimal-cover
/questions/40463762/assignment-optimization-set-covering
/questions/12622424/how-do-i-animate-constraint-changes
/questions/44217935/set-cover-generating-test-instances
/questions/52665162/get-set-cover-for-mp3-file-in-golang
/questions/3185103/how-to-define-a-circle-shape-in-an-android-xml-drawable-file
/questions/25982586/approximate-minimal-set-cover-python
/questions/50662793/minimum-set-cover-with-no-overlapping-element-between-solution-sets
/questions/4354183/branch-and-bound-algorithm-for-the-set-cover-problem
/questions/56493736/maximally-set-covering-set-of-k-elements
/questions/3897893/how-to-optimize-this-suboptimal-set-cover-solution
/questions/17813029/an-optimal-algorithm-for-the-weighted-set-cover-issue
/questions/22999200/looking-for-better-bound-to-stop-earlier-in-set-cover
/questions/5305239/is-this-a-minimal-set-cover-problem
/questions/71600750/minimal-set-cover-solution-in-clojure
/questions/10820326/minimal-multiplications-vs-a-set-cover-issue
/questions/74316480/setting-cover-and-media-in-shopware-6
/questions/51635033/how-to-set-cover-art-to-mp4-media-file-jcodec-android
/questions/67950706/extended-version-of-the-set-cover-problem
/questions/41475811/subset-and-set-cover
/questions/32042072/time-complexity-analysis-of-minimum-set-cover-solution
/questions/7942312/how-do-i-make-my-implementation-of-greedy-set-cover-faster
/questions/49702989/coverage-matrix-to-covering-constraints-in-python-gurobi
/questions/22323705/maximum-set-cover-of-graph
/questions/54338368/how-to-write-set-cover-code-by-using-lisp-algorithm-is-included
/questions/11527327/finding-a-minimal-set-of-rectangles-covering-a-binary-matrix
/questions/61470596/minimum-geometric-set-cover-problem-or-minimum-disk-coverage-problem-with-graphs
/questions/11115240/is-there-any-appproximate-algorithms-in-set-cover-when-there-are-too-many-sets
/questions/58621212/set-cover-problem-with-unknown-elements-inside-of-subset
/questions/29893189/bootstrap-set-cover-image-over-navbar
/questions/19159117/implementing-a-set-cover-data-structure
/questions/46812269/set-covering-find-a-set-of-arrays-that-overlap-the-elements-of-a-target-array
/questions/6750795/variation-on-set-cover-problem-in-r-c
/questions/56030571/an-example-of-an-input-to-the-set-cover-problem-which-does-not-provide-a-2-appro
/questions/32553050/what-is-the-fastest-way-to-do-greedy-set-cover-with-pandas
/questions/4069628/find-near-minimal-covering-set-of-discs-on-a-2-d-plane
/questions/10589995/set-cover-in-3-dimensional-space
/questions/23732633/set-cover-photo-facebook-event-with-php
/questions/57421161/why-does-this-two-line-change-break-this-minizinc-set-cover-program
/questions/20197214/android-code-to-set-wallpaper-to-phone-screen-size-not-covering-navigation-bar
/questions/23220254/currentmember-not-covering-a-set-of-dates
/questions/76404922/background-image-for-beamer-set-in-quarto-is-not-covering-the-full-slides
/questions/26810092/how-to-find-the-smallest-ellipse-covering-a-given-fraction-of-a-set-of-points-in
/questions/74423066/maximal-set-of-string-covering-substring-terms
/questions/63193643/set-a-maximum-height-for-background-image-but-with-horizontal-cover
/questions/27655256/variation-to-the-set-covering-prob-maybe-an-activity-selection-prob
/questions/64863625/return-keys-when-solving-set-cover-problem-with-a-dictionary-and-the-greedy-algo
/questions/53136969/set-cover-with-the-minimal-maximal-intersection-size
/questions/61257837/set-background-width-of-img-to-cover-in-jsx
/questions/14539174/vertex-cover-vs-dominating-set
/questions/69010758/how-to-group-route-of-journey-set-cover-problem
/questions/25112492/create-layout-set-that-is-covering-most-of-the-android-devices
/questions/21973126/set-cover-or-hitting-set-numpy-least-element-combinations-to-make-up-full-set
/questions/44992648/css-set-background-size-cover-property-to-cover-div-instead-of-whole-screen
/questions/37495092/find-the-set-of-all-possible-paths-from-the-source-to-destination-covering-all-e
/questions/5919298/algorithm-for-finding-the-fewest-rectangles-to-cover-a-set-of-rectangles-without
/questions/11128091/minimal-set-of-n-tuples-covering-a-given-set-of-n-tuples
/questions/30915531/cover-image-not-setting-up-in-safari-and-ie-9
/questions/41028569/which-writing-systems-does-given-character-set-cover
/questions/5051289/iterate-set-covered-by-cross-product-of-ranges-in-ruby
/questions/31860162/mysql-select-groups-having-values-covering-a-set
/questions/27348422/covering-n-sets-of-contiguous-integers-with-minimum-nos
/questions/52579747/calculate-the-probability-of-one-set-to-be-covered-by-random-subsets
/questions/70414464/path-double-cover-recursion-set-up
/questions/74644945/how-to-set-cover-of-playing-song-in-safari-for-now-playing-widget
/questions/39284222/set-cover-photo-facebook-with-javascript-in-a-smarthphone
/questions/55617857/react-native-imagebackground-with-resizemode-set-to-repeat-is-not-covering-ent
/questions/46153237/set-cover-image-while-record-audio-in-android
/questions/33057383/finding-smallest-polygon-covering-a-set-of-points-in-a-grid
/questions/50758214/get-set-not-covering-in-test-class-apex
/questions/38027791/how-to-check-if-a-set-rows-is-covering-the-whole-time-range
/questions/7595026/set-timeline-cover-in-facebook
/questions/6514604/is-there-any-document-covering-android-and-java-sdk-1-6-difference-in-term-of-cl
/questions/3259161/can-i-make-wpf-set-ismouseover-for-both-the-covering-and-covered-element
/questions/29068772/video-set-as-div-background-does-not-cover-full-width-of-the-page
/questions/64369575/selecting-minimum-number-of-vertices-in-set-u-of-a-bipartite-graph-to-cover-at-l
/questions/4705922/finding-a-cover-of-a-set-of-points-with-circles
/questions/16850685/find-if-any-set-is-covered-by-member-sets
/questions/75877264/the-background-image-in-html-could-not-cover-the-full-width-even-i-had-already-s
/questions/20620459/html5-video-tag-how-to-set-cover-background-size
/questions/75176093/pdfbox-setting-cover-sheet-for-pdf-portfolio
/questions/44560468/onedrive-api-set-folder-cover
/questions/10870808/ubuntu-set-g-is-not-available-to-change-the-behaviour-of-scrolling-in-tmux-ge
/questions/50499186/setting-cover-page-and-last-page-with-mpdf
/questions/30285069/set-bitmap-as-cover-art-for-mp3
/questions/70725170/attributeerror-lpaffineexpression-object-has-no-attribute-solve-error-in-p
/questions/71928647/root-div-still-covering-half-of-the-page-even-the-height-sets-to-zero
/questions/25797224/set-cover-background-to-always-start-from-top-of-image
/questions/68474201/how-to-find-if-a-set-of-intervals-can-cover-a-region-below-a-certain-cost
/questions/14537698/set-transparency-of-background-cover-using-css
/questions/20466383/ios-7-newsstand-default-cover-is-not-set
/questions/70730047/set-lottie-to-cover-on-web-player
/questions/10249536/coverity-set-up-cygwin-warning
/questions/13893327/minimum-cover-of-set-of-functional-dependency
/questions/315911/git-for-beginners-the-definitive-practical-guide
/questions/75729288/setting-cover-sheet-of-pdf-portfolio-as-first-file-using-itext7-c-sharp
/questions/34847306/uitableview-covering-button
/questions/54232802/how-to-set-background-size-with-double-cover
/questions/16772166/set-user-facebook-user-cover-image
/questions/61195972/a-set-of-vertices-is-a-vertex-cover-if-and-only-if-its-complement-is-an-independ
/questions/2773433/query-doesnt-use-a-covering-index-when-applicable
/questions/40468023/cannot-understand-covering-index-query-plan-for-update-query
/questions/37470428/find-totally-covered-circles-in-a-set-of-circles
/questions/75110570/flex-items-not-covering-the-whole-width
/questions/4357171/css-covering-a-div-with-other-that-got-opacity-set-with-css
/questions/46391206/how-to-set-first-photo-for-cover-by-plupload
/questions/44954088/background-not-covering-full-page
/questions/25373350/set-a-users-cover-photo-with-facebook-api
/questions/41226510/the-exit-button-covers-the-whole-screen
/questions/44350132/setting-a-showcaseview-to-opaque-without-covering-showcased-item
/questions/12747777/set-facebook-photo-as-album-cover
/questions/19599797/set-events-cover-offset-y-via-api
/questions/72921144/set-y-offset-of-box-collider-to-zero-and-cover-the-whole-image
/questions/50437358/c-sharp-taglib-set-album-cover-for-mp3
/questions/60114801/find-minimal-set-of-subsets-that-covers-a-given-set
/questions/40748412/minimum-area-geometric-cover-for-a-set-of-line-segments
/questions/53998371/running-into-problems-setting-cover-art-for-mp4-files-using-python-and-mutagen
/questions/33403700/how-to-set-background-size-cover-on-a-canvas
/questions/70762823/covering-a-calayer-with-a-cgimage
/questions/28224379/algorithm-to-determine-if-a-set-of-sets-can-cover-a-range
/questions/12654083/how-to-set-the-cover-for-custom-album-in-ios-photos
/questions/32291496/google-maps-is-not-covering-the-whole-screen-when-clicked-on-button
/questions/44300570/can-i-set-facebook-albums-cover-photo
/questions/52383964/determine-if-a-range-is-completely-covered-by-a-set-of-ranges
/questions/38603424/optimize-choices-maximize-set-from-selecting-a-limited-number-of-bags-from-a-l
/questions/20248877/jquery-ui-datepicker-covering-controls-below
/questions/46590776/find-all-disjoint-sets-of-any-size-that-cover-a-given-set
/questions/50629188/why-is-my-outer-wrapper-div-no-longer-covering-the-entire-browser-window
/questions/13745361/set-color-of-character-covered-by-cursor-in-vimno-gvim
/questions/28191239/search-bar-not-covering-the-whole-navigation-bar-when-tapped
/questions/32571341/iad-covering-up-buttons
/questions/2367249/a-set-of-typefaces-that-cover-the-whole-unicode-character-range
/questions/23518501/retrieve-the-size-of-a-background-image-set-to-cover
/questions/7849783/setting-facebook-cover-photo-via-api
/questions/49638018/puzzle-for-boolean-matrix-find-permutation-of-rows-and-colums-that-allows-decom
/questions/27753830/finding-minimum-number-of-points-which-covers-entire-set-of-intervals
/questions/76373725/check-if-a-quad-is-fully-covered-by-a-set-of-others
/questions/1606610/finding-the-minimum-set-of-properties-that-describe-a-referent-in-a-set-of-entit
/questions/70028759/background-image-shows-when-set-to-cover-but-not-when-set-to-contain
/questions/20869072/laravel-schema-ondelete-set-null
/questions/23027649/set-background-image-to-cover-according-to-viewport-size
/questions/13518402/minimum-cost-subset-of-sensors-covering-targets
/questions/61599206/toolbar-covering-the-label-in-kivymd
/questions/42278688/how-to-set-a-cover-using-nreco-pdf-generator
/questions/19974715/div-container-covering-full-height
/questions/23711055/finding-the-minimal-cover-of-a-given-set-of-functional-dependencies
/questions/69689421/fix-position-covering-the-content-but-relative-postion-doesnt
/questions/11619139/toggle-ipad-cover-lock-unlock-setting-for-smart-cover
/questions/63797015/setting-stylesheet-of-qmainwindow-covers-qwidget
/questions/40689777/adding-different-sublayers-to-uitableviewcell-covering-subviews-of-cell
/questions/31181612/set-strictmode-does-not-cover-the-whole-powershell-script
/questions/44887520/css-background-color-oversizing-covering-paragraph-text-rather-than-just-h3
/questions/25558570/tabbar-hopelessly-covering-my-containerview
/questions/9070550/prevent-jquery-ui-resizable-element-from-covering-another-element
/questions/56424201/how-to-set-an-anchor-point-for-css-img-cover
/questions/10824775/algorithm-to-cover-set-of-k-combinations-of-m-with-subsets-of-m
/questions/73095377/setting-training-testing-set-based-on-observation-number
/questions/25952232/how-to-find-the-minimal-cover-for-a-set-of-functional-dependencies
/questions/69068135/matplotlib-duplicated-axes-prevent-gridlines-from-covering-data-set-right
/questions/19211096/how-to-test-if-keyboard-is-covering-uitextfield-in-uitableview
/questions/74725696/how-to-output-result-of-set-cover-algorithm-as-integers-in-python-instead-of-no
/questions/72398464/fixed-top-navigation-bar-covering-words
/questions/2753106/how-to-prevent-fullscreen-form-covering-the-taskbar
/questions/57209471/how-to-select-the-minimal-set-of-circles-that-covers-another-circle
/questions/64134724/how-to-properly-set-the-backgroundcolor-for-a-screen-imported-in-react-native
/questions/76235087/creating-a-trello-card-with-a-solid-cover-color-using-trello-api-does-not-set-th
/questions/19511334/sprite-with-userinteractionenabled-set-to-yes-does-not-receive-touches-when-cove
/questions/21064497/adt-most-efficient-set-of-emulator-devices-to-cover-actuals
/questions/33539955/optimal-algorithm-for-covering-all-non-ordered-3-tuples-in-a-set-of-n-using-m-t
/questions/25345002/can-you-set-the-background-color-on-a-toggle-button-without-covering-up-the-togg
/questions/68831512/how-to-set-an-svg-rect-shape-with-a-background-image-covering-100-not-tiling
/questions/65974310/shopware-setting-the-product-cover-programmatically
/questions/2493721/minimizing-the-number-of-boxes-that-cover-a-given-set-of-intervals
/questions/63550824/background-colour-is-not-covering-all-of-the-page-in-reactjs-css
/questions/58234038/xamarin-forms-4-1-scrollview-scroll-is-covering-header-view-in-android-device-9
/questions/30792377/covering-index-and-getting-rid-of-key-lookup
/questions/16953894/how-do-i-set-the-cover-art-for-my-game
/questions/9044084/efficient-date-range-overlap-calculation
/questions/28964660/minimum-set-to-cover-all-patterns-within-hamming-distance-1
/questions/5988002/grid-view-not-covering
/questions/37328596/how-to-set-buttons-at-the-bottom-of-a-scrollview-such-that-the-buttons-are-cover
/questions/55302595/how-can-i-set-up-up-components-in-coverity-scan
/questions/67158355/set-boxfit-cover-for-lottie-animation
/questions/38176038/why-is-my-image-not-covering-my-entire-modal
/questions/3789340/combining-c-and-c-how-does-ifdef-cplusplus-work
/questions/36930244/given-a-set-of-binary-trees-select-a-subset-such-that-it-covers-all-the-trees
/questions/45451726/networkx-min-weighted-vertex-cover-in-python-returns-whole-set-instead-of-vertex
/questions/4701887/find-the-set-of-largest-contiguous-rectangles-to-cover-multiple-areas
/questions/52211486/vimeo-embedded-video-covering-full-visible-height-and-screen
/questions/22615336/background-size-cover-ie11-not-covering-full-area
/questions/24188684/covering-index-decision-in-mysql
/questions/4397226/algorithm-required-to-determine-if-a-rectangle-is-completely-covered-by-another
/questions/31510602/how-to-set-background-image-for-complete-screen-in-phone-gap-android
/questions/70508321/the-object-fit-cover-i-set-as-the-main-visual-does-not-work
/questions/66638893/set-declaration-in-pyomo-with-tuples-as-key
/questions/46564260/c-find-a-minimum-set-of-rectangles-that-cover-a-binary-image
/questions/29136340/html-element-set-to-relative-position-covers-top-navigation-bar-set-to-fixed
/questions/17686260/toolstrip-covering-controls
/questions/2197698/how-to-set-the-text-of-a-back-button-on-a-uinavigationbar
/questions/32531421/given-a-set-of-points-calculate-the-outline-of-the-area-that-the-points-cover
/questions/41873186/non-disjunct-rectangle-edge-covering-for-2d-squares-on-a-grid
/questions/9359687/set-a-html5-video-element-to-cover
/questions/52332967/problem-with-many-50-states-in-gganimate
/questions/26245717/fotorama-covering-other-divs-how-can-i-set-it-to-sit-behind-other-content
/questions/63872910/tiling-fixed-size-rectangles-to-cover-a-given-set-of-points
/questions/6570567/why-is-canvas-covering-peer-controls-in-dockpanel
/questions/38327722/why-is-my-bootstrap-header-covering-other-content
/questions/18137819/how-can-i-make-ismouseover-not-care-about-other-things-covering-up-the-control
/questions/43549040/html5-video-covering-elements-in-safari-despite-z-index-settings
/questions/68512167/cardview-background-set-using-cardbackgroundcolor-covers-shadow
/questions/63289358/multiset-of-sets-choosing-the-elements-which-cover-the-most-sets
/questions/61435367/how-to-set-background-image-which-cover-full-with-using-css
/questions/8047370/set-the-height-of-a-master-page-to-cover-all-resolutions
/questions/2734608/flash-video-covering-jqueryui-model-dialog
/questions/45319828/qml-swipeview-is-covering-entire-window
/questions/22769490/finding-the-smallest-set-of-rectangles-that-covers-the-given-rectilinear-simple
/questions/38904616/fire-departments-covering-area
/questions/75089919/pulp-lp-objective-function-formulation
/questions/12621908/can-i-set-the-uiview-image-to-cover-like-in-css
/questions/51169682/cover-page-height-set-to-100-has-it-halfway
/questions/15104083/algorithm-required-to-determine-if-a-rectangle-is-completely-covered-by-a-set-of
/questions/19784010/how-to-set-body-background-image-as-cover-for-ios-devices
/questions/66416046/assign-partial-values-to-a-set-of-features-in-a-dataset-covering-the-total-value
/questions/18825626/unable-to-set-gwt-buttons-covers-in-rounded-form
/questions/5012054/covering-numeric-combinations
/questions/68162760/networkx-node-reachability-if-condition
/questions/67832016/is-there-a-css-alternative-for-for-background-attachment-fixed-for-a-background
/questions/19228529/panel-cover-the-rest-control-when-setted-displayblock
/questions/55428999/how-to-set-background-image-in-kivy-image-keeps-on-covering-all-other-buttons
/questions/62952258/do-not-fire-interaction-listener-if-something-covering-interactive-element-was
/questions/63852049/curious-about-setting-html-content-to-disappear-or-scroll-with-content-without-c
/questions/56913511/how-to-apply-short-time-series-linear-regression-over-a-large-time-series-datafr
/questions/6037481/string-to-string-correction-problem-np-completeness-proof
/questions/30145913/checking-if-several-sets-of-pairs-covers-a-given-set-of-pairs
/questions/68580396/how-can-i-find-the-least-number-of-sets-whos-unions-could-represent-another-set
/questions/75625749/set-airflow-data-interval-to-cover-the-previous-month
/questions/55464218/how-to-cover-the-default-value-set-inside-the-function
/questions/60071650/how-can-i-use-svg-fragments-and-set-background-size-cover
/questions/37898133/translucent-white-covering-my-button-in-uitableview
/questions/72515777/what-should-be-the-size-of-the-minimum-vertex-cover-set-for-the-below-test-case
/questions/75764423/how-to-assign-tasks-to-a-set-of-machines-given-that-the-more-tasks-you-assign-t
/questions/46986843/android-avoid-keyboard-covering-edit-text-programmatically
/questions/23149969/image-of-dimension-25601600-px-is-covering-the-entire-page-when-width-is-set-to
/questions/6734585/create-the-minimum-number-of-sets-to-cover-all-data
/questions/23598164/html-css-what-is-preventing-the-body-from-covering-the-whole-page
/questions/51346250/find-minimum-number-of-points-which-covers-entire-set-of-intervals
/questions/24911470/how-can-i-set-the-first-and-second-page-as-cover-in-ssrs-report
/questions/28947964/subset-of-colorbrewer-set-in-d3
/questions/71599159/rollapply-fails-to-cover-roll-the-whole-data-set
/questions/24995808/google-plus-cover-photo-in-android
/questions/49612770/apex-cover-getset-in-test-class
/questions/28945437/set-img-as-cover-to-its-parent-container
/questions/37523385/plotband-covered-area-columns-to-be-highlighted-or-set-opacity-higher-in-highcha
/questions/67404000/image-set-does-not-work-without-using-background-size-cover-on-firefox-88
/questions/75419067/minimum-collection-of-vertice-disjoint-path-that-covers-a-given-vertice-set
/questions/75419067/minimum-collection-of-vertice-disjoint-path-that-covers-a-given-vertice-set
/questions/76681180/modalbottomsheet-covering-persistent-bottom-navigation-bar
/questions/34366389/construct-htaccess-file-to-cover-set-of-cases
/questions/11892099/nivo-slider-is-covering-my-drop-dorwn-menu-is-it-the-z-index
/questions/63907258/code-coverage-doesnt-reach-void-set-function
/questions/71755660/aws-quicksight-filter-broker-but-show-every-other-broker-covering-the-same-cou
/questions/10077306/find-the-smallest-set-group-to-cover-all-combinatory-possibilities
/questions/45592606/resharper-show-covering-tests-is-greyed-out
/questions/28785233/android-toolbar-covering-content
/questions/13412530/how-to-set-a-visible-div-inactive
/questions/45571313/r-plotly-rangeslider-covers-tick-labels-is-it-possible-to-set-location-of-rang
/questions/23841354/reduce-the-width-of-the-covering-layout-in-slidepanelayout-android-in-closed-sta
/questions/2171177/what-is-an-application-binary-interface-abi
/questions/34973107/how-to-set-the-featured-cover-image-of-a-webpage
/questions/34973107/how-to-set-the-featured-cover-image-of-a-webpage
/questions/36453501/set-uiimage-to-cover-the-screen-for-all-device-screens-xib-file
/questions/5872614/is-jgrowl-covering-my-elements-after-it-fades-out
/questions/70333195/accordion-button-not-wide-despite-width-set-to-100
/questions/47238530/maximal-spanning-tree-to-find-a-minimal-set-of-edges-that-cover-each-cycle
/questions/72034545/optimizing-the-area-covered-by-a-fixed-set-of-polygons
/questions/11970576/slider-covering-mega-drop-down-menu
/questions/32859884/how-to-set-zoom-of-map-to-cover-all-markers-visible-markers
/questions/75055098/qtwhy-tooltip-set-by-qstylesheet-is-covered-when-the-enabled-property-of-a-qact
/questions/55959394/minimal-subset-to-cover-all-sets
/questions/75782488/how-can-i-prevent-other-agents-from-covering-the-pop-up-that-appears-when-clicki
/questions/18377417/jquery-cycle-and-css-setting-img-as-cover
/questions/67409692/how-can-i-upload-and-image-to-trello-a-trello-but-not-set-it-as-cover-which-is
/questions/3453110/opaque-form-overlay-without-covering-task-bar
/questions/60769820/selecting-best-combination-of-worker-set-that-are-capable-to-perform-given-set-o
/questions/59437692/how-do-i-save-a-cover-image-from-posts-image-set-using-pillow-in-django
/questions/31532204/how-can-i-find-the-range-of-a-field-covered-by-each-page-of-a-paginated-set
/questions/20945143/complexity-measurement-of-np-complete
/questions/46087589/mkmapview-covering-skspritenodes
/questions/47411808/istanbul-test-coverage-report-show-that-im-covering-only-one-file
/questions/31602251/set-the-calayer-borderwidth-and-cornerradius-in-ios-can-not-fully-covers-ba
/questions/67140320/how-to-set-the-pageviewcontroller-to-cover-the-whole-screen-and-not-be-modal
/questions/19314465/how-to-speed-up-code-to-solve-bit-deletion-puzzle
/questions/24251879/proving-inapproximability-for-minimum-cycle-covering
/questions/24251879/proving-inapproximability-for-minimum-cycle-covering
/questions/48668388/how-to-set-keyboard-tab-borders-not-to-cover-the-rest-of-the-ui
/questions/26299277/find-paths-covering-all-nodes-in-neo4j
/questions/12383228/how-to-set-background-image-for-the-entire-scene-in-cocos2d-xcode
/questions/26213124/set-default-lockscreen-background-when-no-media-cover
/questions/53774960/set-classname-for-menu-kendoreact
/questions/25035839/spatial-set-operations-in-apache-spark
/questions/29932966/foreign-key-column-as-a-covering-index
/questions/33421752/appbar-covers-my-settings-fragment
/questions/73089657/css-cover-part-of-element-without-covering-background
/questions/42701628/setting-a-cover-image-for-a-specific-category-in-wordpress
/questions/43696205/how-to-find-the-shortest-path-cover-a-specific-set-of-edges-in-a-weighted-undire
/questions/6415099/full-screen-mode-but-dont-cover-the-taskbar
/questions/64583258/how-do-i-set-the-main-text-far-left-in-bootstrap-4-cover-template
/questions/33076212/when-the-uitabbar-is-translucent-and-the-uiviewcontroller-is-not-extended-behind
/questions/75739396/minimum-cost-of-intervals-covering-target-interval
/questions/72654989/fewest-number-of-classes-for-everyone-to-attend-polynomial-time-solution
/questions/23217902/how-to-set-matplotlib-bar-graph-width-when-there-is-only-one-data
/questions/16180667/given-a-rectangular-area-and-a-set-of-rectangles-check-if-the-entire-area-is-co
/questions/11362097/random-number-generator-to-cover-all-numbers-in-the-set
/questions/49225502/my-main-container-is-not-covering-the-entire-page-while-using-flexbox-and-sittin
/questions/71994230/well-trained-lstm-model-cant-predict-real-data
/questions/12474786/how-to-calculate-a-set-of-sub-rectangles-which-exactly-cover-a-rectangle-board-w
/questions/48805523/css-overlaying-images-in-animation
/questions/18445711/jquery-mobile-set-textbox-background
/questions/57331812/overlay-not-covering-navbar
/questions/48723189/image-inside-jumbotron-div-cover-the-navigation-bar-when-navbar-set-to-position
/questions/4929578/iphone-how-to-set-uiviewcontroller-frame
/questions/43477847/is-there-anyway-to-set-background-size-to-both-contain-and-cover
/questions/4841136/proving-np-completeness-of-a-problem
/questions/69296935/matplotlib-how-to-display-timespans-covering-minutes-and-seconds
/questions/30704489/upload-cover-photo-on-facebook-fan-page
/questions/75031763/how-can-set-table-to-fit-cover-in-div-size-in-react-useeffect
/questions/29357092/finding-net-code-covered-exclusively-by-a-set-of-tests
/questions/46431348/vertically-align-two-divs-within-a-background-image-set-to-cover
/questions/34128875/ios-image-is-not-horizontally-covering-the-full-width-of-the-screen
/questions/1429605/creating-a-css3-box-shadow-on-all-sides-but-one
/questions/34951390/hover-content-covering-sibling-div-as-well
/questions/68628872/why-would-a-persisted-computed-column-that-is-stored-in-a-covering-index-not-be
/questions/75595786/setting-up-secondary-condition-for-exact-cover-problem
/questions/24224063/how-to-set-background-size-to-cover-plus-a-little-more-in-css
/questions/43096444/set-cookie-for-root-page-only
/questions/55013051/unit-testing-covering-the-branch-case
/questions/34959309/minimum-sets-to-cover-all-sub-arrays
/questions/12153642/padding-size-set-to-100-but-covers-half-of-the-page
/questions/14530592/sql-select-for-minimum-result-set-which-has-a-sum-that-covers-a-given-value
/questions/19300735/computing-the-smallest-positive-integer-not-covered-by-any-of-a-set-of-intervals
/questions/48865595/is-there-a-way-to-set-the-bounds-and-zoom-level-in-agm-map
/questions/37104624/html-tag-not-covering-full-content
/questions/53290253/dynamically-setting-padding-widget-so-column-is-not-covered-by-fab
/questions/50261603/fast-algorithm-for-generating-all-combinations-n-choose-k-based-on-an-initial
/questions/74967029/how-to-efficiently-cover-a-set-of-points-with-circles-when-you-cant-access-poin
/questions/23121091/automatically-setting-height-for-a-covered-background-image
/questions/65910834/how-to-set-the-color-of-a-card-cover-in-trello-api
/questions/61521247/setting-svg-color-in-css-to-cover-the-whole-background
/questions/28090121/contextual-actionbar-not-covering-toolbar
/questions/68419535/how-to-set-the-quota-of-local-storage-cover-all-nova-computes-in-openstack
/questions/59866675/how-to-find-a-set-of-paths-that-cover-all-edges-from-source-to-sink-in-a-dag
/questions/24720378/adjust-cover-picture-according-to-user-wish-css
/questions/76035263/flutter-scaffold-not-resizing-after-i-open-the-keyboard
/questions/3846133/show-thumbnails-and-select-the-cover-photo
/questions/46949141/setting-search-controller-as-part-of-navigation-item-covers-the-shadow-image-se
/questions/31248015/how-to-center-set-zoom-of-map-to-cover-all-markers-visible-on-xamarin-forms
/questions/19373800/algorithm-to-figure-out-whether-a-given-set-of-characters-covers-a-given-set-of
/questions/46912786/how-to-set-qpixmap-in-a-specific-coordinates-of-qlabel
/questions/54887534/bulma-navbar-overlaps-main-section
/questions/13474754/how-to-set-borders-thickness-in-percentages
/questions/47760348/align-two-sets-of-x-y-coordinates-that-nominally-cover-the-same-region
/questions/37044362/proving-np-completeness
/questions/73843283/setting-a-cover-with-mpmediaitemartwork-not-working-ios-16
/questions/7342935/algorithm-to-compute-total-area-covered-by-a-set-of-overlapping-segments
