/questions/4127754/shortest-path-in-directed-acyclic-graph
/questions/42055793/directed-acyclic-graph-shortest-path-within-n-steps
/questions/43653253/shortest-path-in-directed-acyclic-graph-with-small-degree
/questions/34167530/shortest-positive-path-in-a-directed-acyclic-graph
/questions/35259353/how-to-generate-directed-acyclic-graph-with-long-shortest-path-between-two-nodes
/questions/43831115/longest-path-in-directed-acyclic-graph-in-jgrapht-library
/questions/11946755/all-shortest-paths-in-a-dag-directed-acyclic-graph
/questions/10573710/shortest-paths-for-directed-acyclic-graphs
/questions/63197947/shortest-path-in-a-directed-acyclic-graph-with-two-types-of-costs
/questions/15399538/k-edge-shortest-path-in-positive-weighted-directed-acyclic-graph
/questions/56222301/runtime-of-singe-source-shortest-paths-in-the-directed-acyclic-graphs-algorithm
/questions/18564340/why-doesnt-the-linear-shortest-path-algorithm-work-for-non-directed-cyclic-grap
/questions/54869292/how-to-design-linear-dynamic-programming-algorithm-for-shortest-path
/questions/28145491/shortest-path-algorithms-dynamic-programming-vs-dijkstras-algorithm
/questions/21325333/shortest-and-longest-path-in-a-topologically-sorted-unweighted-directed-acyclic
/questions/63559955/time-complexity-in-a-given-graph
/questions/73461064/what-is-the-intuition-behind-topological-sort-to-find-the-shortest-distance-in-w
/questions/1482619/shortest-path-for-a-dag
/questions/20317840/dag-kth-shortest-path-dynamic-programming
/questions/51006682/how-to-find-the-shortest-directed-cycle-in-a-directed-graph
/questions/6546959/weighted-directed-acyclic-graphs-algorithm-to-find-edge-weights-such-that-they
/questions/19520672/shortest-acyclic-path-on-directed-cyclic-graph-with-negative-weights-cycles
/questions/11786627/how-to-find-the-longest-path-in-an-acyclic-directed-graph-using-ogdf-library
/questions/8681648/shortest-paths-with-resource-constraints
/questions/54293553/efficient-shortest-path-in-dag-with-pythons-graph-tool
/questions/26770159/dag-shortest-path
/questions/37236324/convert-cyclic-to-acyclic-graph
/questions/2792865/how-to-minimize-total-cost-of-shortest-path-tree
/questions/17884986/finding-shortest-paths-with-python-igraph-on-dags-with-negative-weights
/questions/32816228/recursive-dynamic-programming-algorithm-to-find-shortest-path-length-and-actu
/questions/33196046/find-all-paths-without-specifing-end-node
/questions/22296170/shortest-path-in-a-dag-but-must-go-through-m-type-a-edges-and-n-type-b-edges
/questions/20246318/a-search-in-neo4j
/questions/43953630/how-to-load-a-tiff-image-like-a-graph-in-c-boost
/questions/72930650/finding-longest-path-in-a-directed-cyclic-graph
/questions/66584661/how-to-calculate-overall-distances-from-lowest-roots-of-a-directed-graph-with
/questions/44187240/dijkstra-s-algorithm-dag-shortest-path-with-only-negative-costs
/questions/3940204/graph-algorithm-question
/questions/25732258/do-yens-modifications-of-bellman-ford-algorithm-work-for-dags
/questions/17985202/networkx-efficiently-find-absolute-longest-path-in-digraph
/questions/31267470/how-can-i-find-the-cheapest-way-in-a-dag-if-i-have-limited-money
/questions/43569508/can-we-use-bfs-in-the-most-optimal-way-to-find-the-shortest-paths-from-a-sourc
/questions/19421572/finding-all-shortest-paths-from-source-to-all-vertices-in-a-digraph
/questions/58842611/describing-an-algorithm-at-most-onm-log-n-run-time
/questions/40714167/on-a-weighted-directed-graph-of-unknown-size-how-can-one-iterate-over-all-possi
/questions/42568705/is-there-always-some-mst-that-is-a-shortest-path-tree
/questions/12775704/find-the-most-advantageous-sequence-of-currency-exchange
/questions/1617012/why-dont-the-mainstream-dbmss-have-graph-functionality
/questions/43620777/shortest-route-from-one-source-to-multiple-destinations-simpler-variation-of-th
/questions/8451473/pathfinding-while-forcing-unique-node-attributes-which-algorithm-should-i-use
/questions/69198052/finding-the-shortest-path-to-solve-colored-water-sorting-games
/questions/13221044/graph-theory-learn-cost-function-to-find-optimal-path
/questions/320721/how-do-i-find-all-paths-through-a-set-of-given-nodes-in-a-dag
/questions/18598399/what-algorithm-should-i-use-to-find-the-minimum-flow-on-a-digraph-where-there-ar
/questions/18804831/combinatorial-optimization-multiple-upgrade-paths-with-inventory-constraints
/questions/44009477/list-of-environment-variables-used-by-msbuild-dotnet-sdks-azure-kudu-etc
/questions/4127754/shortest-path-in-directed-acyclic-graph
/questions/42055793/directed-acyclic-graph-shortest-path-within-n-steps
/questions/43653253/shortest-path-in-directed-acyclic-graph-with-small-degree
/questions/34167530/shortest-positive-path-in-a-directed-acyclic-graph
/questions/35259353/how-to-generate-directed-acyclic-graph-with-long-shortest-path-between-two-nodes
/questions/43831115/longest-path-in-directed-acyclic-graph-in-jgrapht-library
/questions/11946755/all-shortest-paths-in-a-dag-directed-acyclic-graph
/questions/10573710/shortest-paths-for-directed-acyclic-graphs
/questions/63197947/shortest-path-in-a-directed-acyclic-graph-with-two-types-of-costs
/questions/15399538/k-edge-shortest-path-in-positive-weighted-directed-acyclic-graph
/questions/56222301/runtime-of-singe-source-shortest-paths-in-the-directed-acyclic-graphs-algorithm
/questions/18564340/why-doesnt-the-linear-shortest-path-algorithm-work-for-non-directed-cyclic-grap
/questions/54869292/how-to-design-linear-dynamic-programming-algorithm-for-shortest-path
/questions/28145491/shortest-path-algorithms-dynamic-programming-vs-dijkstras-algorithm
/questions/21325333/shortest-and-longest-path-in-a-topologically-sorted-unweighted-directed-acyclic
/questions/63559955/time-complexity-in-a-given-graph
/questions/73461064/what-is-the-intuition-behind-topological-sort-to-find-the-shortest-distance-in-w
/questions/1482619/shortest-path-for-a-dag
/questions/20317840/dag-kth-shortest-path-dynamic-programming
/questions/51006682/how-to-find-the-shortest-directed-cycle-in-a-directed-graph
/questions/6546959/weighted-directed-acyclic-graphs-algorithm-to-find-edge-weights-such-that-they
/questions/19520672/shortest-acyclic-path-on-directed-cyclic-graph-with-negative-weights-cycles
/questions/11786627/how-to-find-the-longest-path-in-an-acyclic-directed-graph-using-ogdf-library
/questions/8681648/shortest-paths-with-resource-constraints
/questions/54293553/efficient-shortest-path-in-dag-with-pythons-graph-tool
/questions/26770159/dag-shortest-path
/questions/37236324/convert-cyclic-to-acyclic-graph
/questions/2792865/how-to-minimize-total-cost-of-shortest-path-tree
/questions/17884986/finding-shortest-paths-with-python-igraph-on-dags-with-negative-weights
/questions/32816228/recursive-dynamic-programming-algorithm-to-find-shortest-path-length-and-actu
/questions/33196046/find-all-paths-without-specifing-end-node
/questions/22296170/shortest-path-in-a-dag-but-must-go-through-m-type-a-edges-and-n-type-b-edges
/questions/20246318/a-search-in-neo4j
/questions/43953630/how-to-load-a-tiff-image-like-a-graph-in-c-boost
/questions/72930650/finding-longest-path-in-a-directed-cyclic-graph
/questions/66584661/how-to-calculate-overall-distances-from-lowest-roots-of-a-directed-graph-with
/questions/44187240/dijkstra-s-algorithm-dag-shortest-path-with-only-negative-costs
/questions/3940204/graph-algorithm-question
/questions/25732258/do-yens-modifications-of-bellman-ford-algorithm-work-for-dags
/questions/17985202/networkx-efficiently-find-absolute-longest-path-in-digraph
/questions/31267470/how-can-i-find-the-cheapest-way-in-a-dag-if-i-have-limited-money
/questions/43569508/can-we-use-bfs-in-the-most-optimal-way-to-find-the-shortest-paths-from-a-sourc
/questions/19421572/finding-all-shortest-paths-from-source-to-all-vertices-in-a-digraph
/questions/58842611/describing-an-algorithm-at-most-onm-log-n-run-time
/questions/40714167/on-a-weighted-directed-graph-of-unknown-size-how-can-one-iterate-over-all-possi
/questions/42568705/is-there-always-some-mst-that-is-a-shortest-path-tree
/questions/12775704/find-the-most-advantageous-sequence-of-currency-exchange
/questions/1617012/why-dont-the-mainstream-dbmss-have-graph-functionality
/questions/43620777/shortest-route-from-one-source-to-multiple-destinations-simpler-variation-of-th
/questions/8451473/pathfinding-while-forcing-unique-node-attributes-which-algorithm-should-i-use
/questions/69198052/finding-the-shortest-path-to-solve-colored-water-sorting-games
/questions/13221044/graph-theory-learn-cost-function-to-find-optimal-path
/questions/320721/how-do-i-find-all-paths-through-a-set-of-given-nodes-in-a-dag
/questions/18598399/what-algorithm-should-i-use-to-find-the-minimum-flow-on-a-digraph-where-there-ar
/questions/18804831/combinatorial-optimization-multiple-upgrade-paths-with-inventory-constraints
/questions/44009477/list-of-environment-variables-used-by-msbuild-dotnet-sdks-azure-kudu-etc
