/questions/2339101/knights-shortest-path-on-chessboard
/questions/7208720/finding-kth-shortest-paths
/questions/11370041/floyd-warshall-all-shortest-paths
/questions/63989263/shortest-paths-network
/questions/2603692/what-is-the-difference-between-tree-depth-and-height
/questions/3441829/shortest-paths-not-path-in-graph
/questions/65562174/shortest-path-of-multiple-shortest-pathes
/questions/20257227/how-to-find-all-shortest-paths
/questions/11369829/bellman-ford-all-shortest-paths
/questions/68840376/shortest-paths-and-dictionary
/questions/8379785/how-does-a-breadth-first-search-work-when-looking-for-shortest-path
/questions/6940051/shortest-paths-geodesics
/questions/16262744/multiple-shortest-paths-using-dijkstra
/questions/44929690/python-graph-tool-get-all-shortest-paths
/questions/24901190/jgrapht-equal-cost-shortest-paths
/questions/59716614/arangodb-find-conditional-shortest-paths
/questions/43000508/arangodb-find-all-shortest-paths
/questions/6709066/c-k-shortest-paths-algorithm
/questions/16497219/finding-all-shortest-paths-between-two-vertices
/questions/47584126/computing-many-shortest-paths-in-graph
/questions/8681648/shortest-paths-with-resource-constraints
/questions/43283539/find-all-shortest-paths-using-traversaldescription
/questions/14144071/finding-all-the-shortest-paths-between-two-nodes-in-unweighted-undirected-graph
/questions/40244894/minimize-absolute-difference-between-shortest-paths
/questions/15211611/number-of-shortest-paths-in-a-graph
/questions/54910905/shortest-paths-excluding-one-node
/questions/60760899/elementary-shortest-path-problem-vs-shortest-path-problem
/questions/24167662/shortest-paths-in-graph
/questions/35583151/find-k-shortest-paths-with-graph-tool
/questions/56456278/finding-n-shortest-paths-in-a-graph
/questions/35583151/find-k-shortest-paths-with-graph-tool
/questions/13611060/quickgraph-ranked-shortest-path-paths-missing
/questions/7710995/shortest-paths-faster-spfa-algorithm
/questions/39635541/modified-shortest-path-algorithm-forbidden-paths
/questions/8610788/shortest-path-in-a-directed-unweighted-graph-with-a-selection-criterion-between
/questions/43442919/floyd-warshall-algorithm-get-the-shortest-paths
/questions/2819347/dijkstras-algorithm-to-find-all-the-shortest-paths-possible
/questions/44653517/dijkstra-algorithm-are-all-shortest-paths-acyclic
/questions/10738478/how-to-find-all-the-shortest-paths-by-using-a-algorithm
/questions/14177124/all-pairs-shortest-paths-by-dijkstra
/questions/14014242/shortest-paths-graph
/questions/61699563/algorithms-single-source-shortest-paths-dijkstras-algorithm
/questions/1846836/the-best-shortest-path-algorithm
/questions/47116641/enumerating-all-shortest-paths
/questions/23053540/shortest-path-implementation-issue
/questions/57819536/shortest-paths-in-graph-with-labeled-edges
/questions/23053540/shortest-path-implementation-issue
/questions/58854347/how-to-select-shortest-paths-according-to-selected-edges
/questions/10186848/shortest-path-variation
/questions/13519030/python-dijkstra-k-shortest-paths
/questions/57165167/reconstructing-the-paths-for-multiple-shortest-paths-between-2-vertices
/questions/29785190/count-number-of-shortest-paths-on-a-board
/questions/16646326/all-shortest-paths-to-a-given-vertex
/questions/57080420/second-shortest-k-th-shortest-path
/questions/32527026/shortest-path-in-javascript
/questions/72992380/all-shortest-paths-between-a-given-node-and-a-destination
/questions/66593936/listing-the-shortest-path-available-using-heapq-for-dijkstra-shortest-path-algor
/questions/62615321/yens-k-shortest-paths-algoritm-wiki-pseudocode
/questions/76539292/printing-the-paths-in-dijkstras-shortest-path-algorithm-when-the-shortest-path
/questions/8385160/all-pairs-shortest-paths-with-dynamic-programming
/questions/74600409/neo4j-find-alternative-shortest-paths-between-nodes
/questions/9351568/kth-shortest-path
/questions/39607721/number-of-shortest-paths
/questions/222413/find-the-shortest-path-in-a-graph-which-visits-certain-nodes
/questions/71986973/how-to-print-the-paths-in-dijkstras-shortest-path-algorithm
/questions/30423802/number-of-shortest-paths-in-weighted-graph
/questions/50288178/shortest-paths-based-on-edge-attribute-with-igraph
/questions/58745377/shortest-paths-that-is-strictly-increasing
/questions/18561279/neo4j-find-first-n-shortest-paths
/questions/2053181/number-of-shortest-paths-between-2-vertex-of-a-graph
/questions/64750149/shortest-path-with-given-edges
/questions/42745046/networkx-not-giving-all-shortest-paths-for-weighted-graphs
/questions/56926694/computing-shortest-paths-with-networkx
/questions/50217978/networkx-using-shortest-paths-to-make-shortest-cycles
/questions/54874515/shortest-paths-problem-with-one-alteration
/questions/75135401/find-the-first-shortest-path-and-then-the-second-shortest-path-in-a-matrix
/questions/38177683/preprocess-shortest-paths-under-contention
/questions/33907305/dijkstras-algorithm-to-calculate-n-shortest-paths
/questions/41203940/prolog-shortest-path-for-knight
/questions/50958152/yens-algorithm-implementation-not-choosing-shortest-paths
/questions/74558297/find-next-shortest-path-in-neo4j
/questions/69575861/shortest-path-generator-in-networkx
/questions/18386898/betweenness-and-shortest-paths-in-r
/questions/47608582/visualize-the-paths-and-find-shortest-paths-in-3d-cube
/questions/48132792/generating-shortest-paths
/questions/25817421/algorithm-to-find-the-number-of-shortest-paths
/questions/29085139/boost-bgl-dijkstra-shortest-paths
/questions/38442830/all-nodes-shortest-paths
/questions/68930051/how-to-extract-edge-types-for-all-shortest-paths-in-r-with-igraph
/questions/53583341/k-shortest-paths-using-networkx-package-in-python
/questions/2564058/search-all-paths-and-the-shortest-path-for-a-graph-prolog
/questions/65937876/shortest-path-path-length-in-igraph
/questions/29884527/bfs-modification-for-total-shortest-paths
/questions/75076061/shortest-path-in-answer-set-programming
/questions/53674393/descending-order-of-shortest-paths-in-networkx
/questions/68606777/the-shortest-paths-from-all-nodes-to-one-node
/questions/69539672/find-all-shortest-paths-between-all-pairs-of-nodes-in-networkx
/questions/72227992/how-does-boost-graph-dijkstra-shortest-paths-pick-the-shortest-path-when-there-a
/questions/71282167/throw-an-error-if-multiple-shortest-paths-are-found
/questions/33512704/effect-on-shortest-paths-after-edges-have-been-deleted
/questions/22271501/modified-shortest-path-algorithm
/questions/44554747/how-to-get-more-paths-than-the-shortest-path-between-nodes
/questions/14784753/shortest-path-dfs-bfs-or-both
/questions/20282560/verify-the-shortest-path-of-a-graph
/questions/34382497/how-to-count-all-of-the-shortest-paths-between-2-vertices
/questions/67770604/how-to-find-the-weight-of-shortest-paths-in-sparse-matrix
/questions/55919115/sum-up-shortest-paths-in-a-weighted-network
/questions/36891092/python-how-to-optimize-the-count-of-all-possible-shortest-paths
/questions/20041931/find-the-shortest-path-with-the-least-number-of-edges
/questions/32116289/how-turn-restrictions-in-k-shortest-paths-algorithm-in-pgrouting
/questions/44511520/partial-all-pairs-shortest-paths
/questions/40123438/edges-used-in-shortest-path
/questions/49599905/shortest-path-in-directed-graph-in-networkx
/questions/23019778/shortest-path-2-weight-functions
/questions/5783440/single-destination-shortest-path-in-a-graph
/questions/25455288/floyd-warshall-computing-top-k-shortest-paths-per-vertex-pair
/questions/28241901/shortest-paths-with-2-constraints-weight-and-colour
/questions/61271229/2-shortest-paths-in-weighted-directed-graph-without-intersection
/questions/48753103/find-a-minimum-in-a-list-of-shortest-paths
/questions/43050410/arangodb-find-all-shortest-paths-with-conditions
/questions/73887334/shortest-paths-all-between-source-and-destination-vertex
/questions/48753103/find-a-minimum-in-a-list-of-shortest-paths
/questions/64286192/how-to-record-the-paths-in-shortest-path-algorithm-floyd-warshall
/questions/33723395/match-doesnt-found-shortest-paths
/questions/13458876/finding-all-the-shortest-paths-between-two-node-using-jung
/questions/20564429/find-shortest-path-using-gremlinpipeline
/questions/69660259/all-shortest-paths-in-networkx-subject-to-routing-criteria
/questions/34456875/property-path-does-not-work-for-getting-shortest-paths-in-corese
/questions/14090954/how-to-compute-single-source-shortest-paths-with-osrm
/questions/11436716/all-pairs-shortest-paths-tie-breaking
/questions/9221772/corner-to-corner-shortest-paths-in-a-rectangular-grid
/questions/17631953/cypher-shortest-path-with-constraint
/questions/33691114/successive-shortest-paths-vs-ford-fulkerson
/questions/56051539/printing-shortest-path-in-adjacency-matrix
/questions/28998597/how-to-save-shortest-path-in-dijkstra-algorithm
/questions/10226251/how-to-find-the-number-of-different-shortest-paths-between-two-vertices-in-dire
/questions/53629209/k-shortest-path-algorithm-for-python-3
/questions/37054006/python-distribution-of-shortest-paths-is-irregular-with-regular-grid
/questions/49357388/shortest-path-challenge
/questions/20334694/storing-the-shortest-path
/questions/65021179/updating-shortest-path-tree
/questions/37168724/modify-dijkstra-algorithm-to-find-the-shortest-path
/questions/2792865/how-to-minimize-total-cost-of-shortest-path-tree
/questions/37566922/dijkstras-algorithm-finding-all-possible-shortest-paths
/questions/26931218/export-all-shortest-paths-to-csv-with-r
/questions/25407059/shortest-path-in-a-matrix
/questions/37242916/continuous-space-shortest-path
/questions/40024019/number-of-intermediate-nodes-in-shortest-path
/questions/48042626/undirected-graph-for-k-shortest-paths-in-dijkstra-using-java
/questions/1482619/shortest-path-for-a-dag
/questions/67522260/shortest-path-algoritmh
/questions/43029800/shortest-path-linear-programming
/questions/70593196/the-shortest-path
/questions/31738058/how-to-find-alternative-redundant-shortest-paths-with-graph-tool
/questions/35025199/how-to-subset-a-list-of-shortest-paths-by-a-sequence-of-vertices
/questions/54369811/shortest-paths-problem-with-two-conditions
/questions/67759833/edge-attributes-of-multiple-shortest-paths-in-dictionary-using-networkx
/questions/50766929/calculating-the-shortest-path-on-a-grid
/questions/68777130/how-to-find-shortest-paths-between-specific-set-of-nodes-using-networkx
/questions/43229712/apache-spark-computing-shortest-path
/questions/36981498/sna-modification-of-the-dijkstra-algorithm-shortest-paths
/questions/30345171/boost-shortest-path-finding-algorithm
/questions/64479578/finding-all-shortest-paths-between-two-nodes-in-networkx
/questions/13249057/dijkstra-find-shortest-path-in-directed-graph
/questions/3131978/performance-of-shortest-path-algorithm-in-jung-api
/questions/44457406/shortest-path-finder-in-neo4j
/questions/36830843/shortest-path-with-dynamic-programming
/questions/21503129/average-shortest-path-in-unweighted-undirected-graph
/questions/21659149/shortest-path-c-sharp
/questions/11599257/graph-shortest-path
/questions/72672034/bfs-can-only-search-shortest-path
/questions/7763432/what-is-the-difference-between-travelling-salesman-and-finding-shortest-path
/questions/58891572/shortest-path-with-priority-nodes
/questions/64966643/sql-shortest-path
/questions/59719504/find-shortest-paths-through-predefined-set-of-vertices-and-edges-in-arangodb
/questions/40432592/jgrapht-graph-shortest-path
/questions/76249093/shortest-path-dfs
/questions/54495449/shortest-path-in-a-graph-in-es6
/questions/16291676/shortest-path-with-one-skippable-edge
/questions/61328707/shortest-path-algorithm-without-loading-graph-in-memory
/questions/59719504/find-shortest-paths-through-predefined-set-of-vertices-and-edges-in-arangodb
/questions/36552135/python-how-to-compute-the-number-of-shortest-paths-passing-through-one-node
/questions/56597440/standard-deviation-of-shortest-path-lengths-in-networkx
/questions/13336229/shortest-path-in-hexagon-plan
/questions/50319901/shortest-path-in-a-maze-with-health-loss
/questions/26696125/shortest-path-in-a-grid-using-prolog
/questions/34797242/finding-the-number-of-all-the-shortest-paths-between-two-nodes-in-directed-unwei
/questions/27377795/algorithm-to-check-track-of-shortest-path
/questions/43122279/is-there-a-true-single-pair-shortest-path-algorithm
/questions/61771328/how-to-ignore-paths-of-equal-length-in-yens-shortest-path-algorithm-python-net
/questions/43052119/shortest-paths-without-supernodes-in-neo4j
/questions/47192045/oe-shortest-path
/questions/59961134/floyd-algorithm-shortest-path
/questions/16075150/shortest-path-linkedlist
/questions/22963905/about-a-shortest-path
/questions/53487087/count-number-of-shortest-paths-boost-graph-c
/questions/22695017/different-shortest-path-for-each-test
/questions/10568914/how-to-return-the-n-best-shortest-path-dijkstra-algorithm
/questions/37018182/neo4j-search-for-second-shortest-path
/questions/7314718/finding-a-shortest-path-that-passes-through-some-arbitrary-sequence-of-nodes
/questions/49934102/how-to-get-all-the-shortest-paths-of-the-length-of-the-diameter-for-igraph-objec
/questions/74331664/multiple-source-and-multiple-target-shortest-path-problem
/questions/16631850/finding-shortest-path
/questions/28885235/shortest-paths-that-are-impossible-for-bfs-to-find
/questions/13102381/number-of-shortest-paths-exponential-to-the-number-of-nodes-dijkstra
/questions/57362358/shortest-path-between-two-vertexes
/questions/51864195/networkx-shortest-path-from-a-path-to-vertex
/questions/19959764/shortest-path-or-route-algorithm
/questions/62239310/bidirectional-a-a-star-not-returning-the-shortest-path
/questions/24189897/graph-with-colored-edges-shortest-paths-with-at-most-k-color-changes
/questions/62239310/bidirectional-a-a-star-not-returning-the-shortest-path
/questions/19998399/shortest-path-direction-in-android
/questions/10700853/giraph-shortest-paths-example-classnotfoundexception
/questions/68328647/shortest-path-bounded-by-circles
/questions/62371242/bfs-print-shortest-path
/questions/25449781/what-is-difference-between-bfs-and-dijkstras-algorithms-when-looking-for-shorte
/questions/39854906/does-a-always-provide-shortest-path
/questions/17453417/k-negative-edges-single-source-shortest-path
/questions/52520564/is-r-igraph-computing-undirected-shortest-path-in-directed-network
/questions/15802993/shortest-path-algorithm-in-android
/questions/29702446/shortest-path-after-doubling-edge-weights
/questions/65848417/implementing-the-k-shortest-paths-problem
/questions/76115139/create-subgraph-from-shortest-path-calculation-sfnetworks-r
/questions/1690347/shortest-path-with-a-fixed-number-of-edges
/questions/61375406/graphframes-shortest-paths-gives-distance-and-not-the-actual-path
/questions/61375406/graphframes-shortest-paths-gives-distance-and-not-the-actual-path
/questions/19996444/find-all-shortest-paths-using-igraph-r
/questions/62172671/stuck-with-shortest-path-in-java
/questions/20341990/prolog-shortest-path-using-list-of-lists
/questions/52506533/find-total-number-of-shortest-paths-between-nodes-u-and-v-that-pass-through-node
/questions/14088483/dijkstra-shortest-paths-fast-recalculation-if-only-an-edge-got-removed
/questions/15300003/shortest-path-in-a-trie
/questions/32155396/single-source-shortest-path-criterion-in-case-of-multiple-shortest-paths
/questions/40432721/shortest-path-destination-origin
/questions/4412031/what-are-the-applications-of-the-shortest-path-algorithm
/questions/34215947/floyd-warshall-implementation-appears-to-be-missing-a-shortest-path
/questions/52601588/time-complexity-of-shortest-path-algorithm
/questions/38639539/shortest-path-in-graph
/questions/23623324/a-find-the-second-shortest-path
/questions/59006899/find-all-shortest-paths-in-2d-array
/questions/30410559/find-shortest-path-on-svg-object
/questions/8375148/variation-complex-on-the-shortest-path
/questions/59006899/find-all-shortest-paths-in-2d-array
/questions/69331861/optimal-substructure-of-shortest-path-and-dijkstra
/questions/11946755/all-shortest-paths-in-a-dag-directed-acyclic-graph
/questions/46001663/get-subgraph-of-shortest-path-between-n-nodes
/questions/37595234/find-number-of-non-edge-intersecting-shortest-paths
/questions/29295886/neo4j-uni-directional-shortest-path
/questions/53980396/kth-shortest-path-in-undirected-graph
/questions/73892687/incorrect-shortest-path-in-python-igraph
/questions/27377196/one-to-many-shortest-path-query-support-in-neo4j
/questions/59506079/mysql-shortest-path-between-two-nodes
/questions/33359731/shortest-path-with-a-maximum-number-of-vertices
/questions/32003087/k-shortest-path-in-r-igraph
/questions/41364249/sub-tree-of-shortest-path-tree-is-also-a-shortest-tree
/questions/72197891/shortest-path-between-two-nodes-vs-shortest-path-from-one-node-to-all-other-node
/questions/75308311/getting-the-shortest-path-geometry-using-python-networkx
/questions/54754866/all-shortest-paths-in-a-graph-using-k-reverse-edges
/questions/19827139/highlight-shortest-path-on-plot-of-graph
/questions/73892687/incorrect-shortest-path-in-python-igraph
/questions/41364249/sub-tree-of-shortest-path-tree-is-also-a-shortest-tree
/questions/44863420/shortest-path-in-r
/questions/51178956/searching-for-shortest-path
/questions/31529040/fastest-way-to-find-all-pair-shortest-paths-in-a-undirected-cycle
/questions/5774228/shortest-path-with-specified-number-of-edges
/questions/72145165/determine-if-the-shortest-path-in-a-graph-is-unique
/questions/44389782/the-k-shortest-paths-between-a-pair-of-vertices-with-negative-edges
/questions/9535819/find-all-paths-between-two-graph-nodes
/questions/28670320/python-circular-shortest-path
/questions/43778151/find-all-shortest-paths-in-an-unweighted-graph-from-a-source-to-a-destination
/questions/31529040/fastest-way-to-find-all-pair-shortest-paths-in-a-undirected-cycle
/questions/61360237/find-shortest-path-on-graph-python
/questions/23463713/networkx-vs-scipy-all-shortest-path-algorithms
/questions/43002965/neo4j-shortest-paths-with-specific-relation-types-sequence-constrain
/questions/53488422/java-shortest-path-problems
/questions/55584841/calculating-shortest-paths-from-points-that-originates-mid-edge
/questions/4467884/updating-shortest-path-distances-matrix-if-one-edge-weight-is-decreased
/questions/14689325/hamiltonian-path-vs-shortest-path
/questions/40064739/shortest-path-without-diagonally-moves
/questions/19148852/breadth-first-search-for-shortest-path-code-doesnt-work
/questions/37773839/find-second-shortest-path-in-directred-graph
/questions/43791616/shortest-path-in-matrix
/questions/20729109/combination-of-shortest-path-and-minumum-spanning-tree
/questions/63059958/shortest-path-preventing-particular-edge-combinations
/questions/15806181/the-first-10-shortest-paths-in-a-graph-igraph-0-6-python-2-7
/questions/31301939/how-to-improve-several-shortest-paths-search-over-the-same-graph
/questions/20732052/dijkstra-s-shortest-path-algorithm-what-if-there-are-paths-with-same-distance
/questions/15806181/the-first-10-shortest-paths-in-a-graph-igraph-0-6-python-2-7
/questions/14510586/neo4j-shortest-path-with-cycles
/questions/42044901/bidirectional-a-not-finding-the-shortest-path
/questions/26647083/find-the-shortest-path-with-maximum-gain
/questions/59307621/python-shortest-path-point
/questions/12343105/igraph-how-to-get-edge-ids-along-the-shortest-paths
/questions/5852720/dijkstras-algorithm-shortest-path
/questions/72565812/bfs-for-finding-all-shortest-paths-in-a-grid
/questions/6760163/dynamically-updating-shortest-paths
/questions/44623856/neo4j-shortest-path-with-label-constraint
/questions/24024411/highlighting-the-shortest-path-in-a-networkx-graph
/questions/2732927/getting-shortest-path-between-2-nodes-in-quickgraph
/questions/2660328/finding-all-the-shortest-paths-between-two-nodes-in-unweighted-directed-graphs-u
/questions/56138928/shortest-path-using-dijkstras-algorithm-output-question
/questions/37070222/python-all-shortest-paths-in-disconnected-components-of-a-graph
/questions/14088898/how-can-i-use-the-a-star-algorithm-to-find-the-first-100-shortest-paths
/questions/39331889/shortest-path-in-a-3d-maze
/questions/62780959/find-the-shortest-path-through-a-store
/questions/52890378/display-the-shortest-path-using-bfs-in-java
/questions/27711841/shortest-path-algorithm-with-updates
/questions/52250065/gremlin-all-shortest-paths-from-multiple-vertices-to-a-single-vertex
/questions/16068811/how-to-record-all-the-shortest-paths-from-a-source-vertex-to-a-destination-verte
/questions/39162144/how-to-understand-details-in-this-program-of-dijkstra-s-shortest-path-algorithm
/questions/54387800/sum-of-all-shortest-paths-queries
/questions/30415979/dijkstra-algorithm-for-finding-shortest-paths
/questions/19127055/shortest-path-using-php
/questions/55564546/finding-all-shortest-paths-between-two-nodes-in-a-graph-having-a-multidimensiona
/questions/780607/shortest-path-in-hash-map
/questions/36903309/shortest-path-tsp-algorithm
/questions/28671066/true-shortest-path-in-binary-image-map
/questions/780607/shortest-path-in-hash-map
/questions/48756396/r-calculating-single-shortest-path-between-two-vertices
/questions/5414969/shortest-path-program
/questions/9430027/networkx-shortest-path-length
/questions/68653761/parallel-implementation-of-shortest-path-in-graph-tool
/questions/32228699/shortest-path-by-minimum-number-of-vertices
/questions/23236663/to-find-shortest-path
/questions/6897546/is-a-graph-database-better-for-shortest-paths-algorithms
/questions/41129082/shortest-path-in-a-giant-graph
/questions/27381373/least-nodes-traversed-shortest-path-algorithm
/questions/65843293/shortest-path-with-sparql-and-blazegraph
/questions/43344504/shortest-path-in-matrix-with-obstacles-with-cheat-paths
/questions/65670258/very-hard-and-elegant-question-on-shortest-path
/questions/65670258/very-hard-and-elegant-question-on-shortest-path
/questions/14674961/storing-a-huge-graph-for-shortest-path-calculations
/questions/4526574/how-to-output-the-shortest-path-in-floyd-warshall-algorithm
/questions/35447524/neo4j-shortest-paths-constrained-by-node-and-rel-properties
/questions/5316609/shortest-path-bellman-ford-vs-johnson
/questions/44098799/k-shortest-path-python
/questions/33205417/shortest-path-breadth-first-search
/questions/34794149/creating-the-number-of-shortest-paths-in-a-directed-graph
/questions/71688444/how-to-find-the-shortest-path-matrix
/questions/55714356/shortest-path-in-paragliding-race
/questions/49240203/dijkstra-algorithm-run-only-one-time-for-shortest-paths-of-some-nodes-not-two
/questions/41574474/shortest-path-performance-in-graphx-with-spark
/questions/33063408/how-can-i-get-shortest-path-cypher-query
/questions/33609682/dijkstras-shortest-path-algorithm-not-returning-shortest-path-with-smallest-wei
/questions/7380661/a-pathfinding-guaranteed-to-find-shortest-path
/questions/13123417/dissimilarity-between-shortest-path-trees
/questions/26458589/shortest-path-through-weighted-graph
/questions/68704992/do-the-shortest-paths-in-from-a-node-in-a-graph-to-all-others-form-a-tree
/questions/38141109/spark-graphx-shortest-paths-and-print-the-vertexs
/questions/32722448/shortest-path-with-even-number-of-edges
/questions/56196446/shortest-path-problem-with-priority-queue
/questions/69481481/find-all-shortest-paths-between-two-nodes-in-a-graph-without-adding-weight-attri
/questions/23397497/seemingly-correct-bfs-implementation-finding-paths-but-not-shortest-paths-we
/questions/55706785/a-recursive-dfs-template-to-find-the-shortest-path
/questions/24549354/all-pairs-shortest-path-with-varying-weights
/questions/55677389/find-shortest-path-with-relationships-condition
/questions/13674710/the-number-of-shortest-path-between-two-nodes
/questions/72003407/r-igraph-fast-shortest-path
/questions/63095618/bi-directional-really-gives-shortest-path
/questions/72146355/shortest-path-graph-bfs-python
/questions/52074234/query-shortest-path-with-conditions-on-orient-db
/questions/31397920/optimizing-search-of-all-the-shortest-paths-in-a-graph-with-n-vertices-and-n-edg
/questions/50870403/shortest-paths-with-one-negative-edge
/questions/11879166/number-of-shortest-paths-between-two-coordinate-points-in-a-graph-with-constrain
/questions/39801304/bfs-reconstructing-the-path-to-get-shortest-path
/questions/18191621/neo4j-shortest-path-based-on-property
/questions/34881249/find-k-shortest-path-in-orientdb
/questions/45153468/find-k-shortest-path-in-neo4j
/questions/9419869/java-shortest-path
/questions/14127039/shortest-paths-with-yellow-and-black-edges
/questions/51439918/maximum-flow-algorithm-of-shortest-path
/questions/37784324/shortest-path-in-a-grid
/questions/52256456/networkx-shortest-paths-for-two-point-layers
/questions/65320943/how-to-find-shortest-paths-with-k-negative-weighted-edges
/questions/26272830/finding-shortest-path-in-non-weighted-graphs
/questions/26272830/finding-shortest-path-in-non-weighted-graphs
/questions/64162683/how-can-i-find-the-number-of-distinct-shortest-paths-in-undirected-graph-in-line
/questions/66786431/shortest-path-in-graph-without-repetitions
/questions/21915444/print-shortest-path-in-terminal
/questions/28030144/find-a-shortest-path-with-some-conditions
/questions/10573710/shortest-paths-for-directed-acyclic-graphs
/questions/76629185/constrained-shortest-path-in-lemon-c
/questions/46849256/maze-solve-and-shortest-path-with-java-bfs
/questions/31145082/bgl-dijkstra-shortest-paths-with-bundled-properties
/questions/26948391/shortest-path-tree-claim-graph
/questions/67152607/is-there-anyway-i-can-output-all-the-shortest-path-in-coq
/questions/64073245/quickest-way-to-find-shortest-paths-from-origin-to-all-destinations-in-a-directe
/questions/36431905/how-get-the-shortest-path
/questions/49986312/find-shortest-path-between-two-vertices-in-undirected-graph
/questions/13405338/bfs-shortest-path-only-using-adjacency-matrix
/questions/26948391/shortest-path-tree-claim-graph
/questions/49986312/find-shortest-path-between-two-vertices-in-undirected-graph
/questions/2724937/shortest-path-algorithms-which-use-a-space-time-tradeoff
/questions/13405338/bfs-shortest-path-only-using-adjacency-matrix
/questions/11128799/find-shortest-path-using-boost-dijkstra-with-specified-max-distance
/questions/19695967/maze-recursion-and-shortest-path
/questions/40175071/all-shortest-paths-that-traverse-at-least-one-node-of-a-given-groups-of-nodes
/questions/46242483/shortest-path-along-skeletonized-3d-mask
/questions/75992028/shortest-path-algorithm-isnt-working-as-intended
/questions/42629390/all-pairs-shortest-path-issue
/questions/34452062/how-to-use-jsprit-for-calculating-the-shortest-path
/questions/4971850/which-algorithm-can-i-use-to-find-the-next-to-shortest-path-in-a-graph
/questions/65333301/graphs-traverse-every-edge-in-undirected-graph-with-shortest-path
/questions/3182339/an-algorithmic-question-concerning-shortest-paths-and-such
/questions/63141875/is-there-an-efficient-way-to-find-shortest-paths-in-a-functional-graph
/questions/53002148/counts-the-number-of-shortest-paths-passing-through-an-arc-u-v
/questions/45595227/spark-one-to-one-shortest-path-using-pregel-graphx
/questions/72942823/neo4j-cypher-query-shortest-path
/questions/35733833/shortest-path-dijkstra-java
/questions/64144768/shortest-path-in-a-street-network
/questions/33323051/shortest-path-between-two-strings
/questions/47754657/single-source-shortest-bitonic-path
/questions/42701047/google-maps-api-finding-the-shortest-path
/questions/63141875/is-there-an-efficient-way-to-find-shortest-paths-in-a-functional-graph
/questions/14119973/how-to-modify-the-a-algorithm-in-order-to-find-the-first-klets-say-50-shorte
/questions/74022333/find-shortest-path-must-visit-at-least-1-node-from-a-list
/questions/28054907/find-shortest-path-between-nodes-with-additional-filter
/questions/42284805/shortest-path-on-graph-with-changing-weights
/questions/55603435/confused-about-dijkstras-shortest-path-and-mst
/questions/4713772/graphical-tool-for-shortest-path-problem
/questions/37338282/shortest-path-maximum-profit
/questions/55603435/confused-about-dijkstras-shortest-path-and-mst
/questions/31036349/complexity-of-dijkstra-shortest-path
/questions/49571510/networkx-average-shortest-path-with-labels
/questions/58116731/sql-graph-shortest-path-example
/questions/23716285/shortest-path-on-a-grid-with-obstacles
/questions/16550292/all-shortest-paths-for-weighted-graphs-with-networkx
/questions/55123504/design-an-algorithm-for-the-single-source-shortest-path-problem
/questions/29537365/specific-graph-and-some-claims-on-shortest-path
/questions/60854583/how-do-i-calculate-average-shortest-path-of-a-network-in-neo4j-using-cypher
/questions/46126335/parallel-bgl-dijkstra-shortest-paths
/questions/13761524/computing-shortest-path-from-complete-graph
/questions/65331732/implementing-shortest-path-in-racket-using-bfs-in-a-purely-functional-way
/questions/61131586/shortest-path-between-2-nodes-in-dag-unweighed
/questions/41609160/how-to-find-all-shortest-paths-efficiently-based-on-the-cost-in-neo4j-using-cyph
/questions/3340598/shortest-path-through-a-maze
/questions/25644953/google-map-finding-shortest-path
/questions/60854583/how-do-i-calculate-average-shortest-path-of-a-network-in-neo4j-using-cypher
/questions/46126335/parallel-bgl-dijkstra-shortest-paths
/questions/49082181/how-to-get-path-on-dijkstra-shortest-path
/questions/32420047/algorithms-shortest-path-with-contingent-costs
/questions/45521635/find-number-of-shortest-paths-in-an-unweighted-undirected-graph-using-adejacenc
/questions/35108429/maze-shortest-path-c
/questions/33741409/other-uses-of-shortest-path-algorithm-in-neo4j
/questions/66501808/how-to-limit-the-number-of-shortest-path-in-igraph-r
/questions/50542749/saving-the-shortest-paths-in-a-graph-using-the-floyd-warshall-algorithm-in-java
/questions/64135850/generalization-of-the-longest-shortest-path-algorithms-bellman-ford-floyd-wars
/questions/13562707/find-the-shortest-path-for-scanner
/questions/10995699/how-do-you-use-a-bidirectional-bfs-to-find-the-shortest-path
/questions/68490806/bfs-to-find-all-shortest-paths-between-source-s-and-multiple-destination
/questions/64135850/generalization-of-the-longest-shortest-path-algorithms-bellman-ford-floyd-wars
/questions/68490806/bfs-to-find-all-shortest-paths-between-source-s-and-multiple-destination
/questions/25395797/shortest-path-in-2d-arrays
/questions/13562707/find-the-shortest-path-for-scanner
/questions/40376270/boost-create-graph-from-shortest-path
/questions/66387073/shortest-path-between-a-source-and-multiple-destinations
/questions/73386828/mapbox-shortest-path-for-routing-api
/questions/5831608/shortest-path-on-a-sphere-direction-descision
/questions/25271637/slow-neo4j-cypher-queries-using-baconator-query-for-less-short-paths-than-short
/questions/38556573/shortest-path-between-two-matrices
/questions/58920951/algorithm-for-shortest-path-between-2-vertices
/questions/31087045/shortest-path-to-accomplish-given-scenario
/questions/38583455/find-a-shortest-path-for-a-directed-graph
/questions/48201182/finding-the-shortest-path-between-source-and-destination-in-graph-using-dijkstra
/questions/30104036/finding-the-shortest-paths-of-a-directed-graph-c
/questions/30104036/finding-the-shortest-paths-of-a-directed-graph-c
/questions/42107916/find-shortest-path-in-a-weighted-digraph-with-graphframes-spark
/questions/7285771/the-shortest-path-between-two-integers-by-adding-or-subtracting
/questions/70287660/shortest-path-queries-in-a-graph
/questions/67520587/networkx-live-ploting-the-shortest-path
/questions/28339185/restrictions-on-dijkstra-bellman-ford-and-topoloical-shortest-path-algorithms
/questions/37124788/shortest-path-algorithm-js-error
/questions/22898122/heuristic-function-for-shortest-path
/questions/8860572/backtracking-algorithm-to-solve-shortest-path
/questions/2710516/dijkstra-shortest-path-algorithm-with-edge-cost
/questions/10976498/floyd-warshall-algorithm-shortest-path
/questions/11951329/hadoop-mapreduce-implementation-of-shortest-path-in-a-graph-not-just-the-distan
/questions/54742722/converting-bfs-to-djikstra-to-find-the-shortest-path
/questions/28016967/finding-top-x-shortest-path-in-complete-graph
/questions/15192712/decide-whether-all-shortest-paths-from-s-to-t-contain-the-edge-e
/questions/65972195/compute-the-shortest-path-in-a-maze-through-backtracking
/questions/57991733/can-tensorflow-nsl-solve-the-shortest-path-problem
/questions/64166758/is-it-true-in-case-of-graphs-that-shortest-path-change
/questions/66185665/shortest-path-with-stopover-in-circular-graph
/questions/59919888/finding-shortest-path-algorithms
/questions/53242473/how-to-find-shortest-path-in-prolog-with-weighted-graph
/questions/64735903/c-modify-djikstras-algorithm-to-give-second-shortest-path
/questions/75403568/algorithm-not-returning-shortest-path-in-python
/questions/56439971/cgal-triangulated-surface-mesh-shortest-paths-algorithm-assertion-errors
/questions/4127754/shortest-path-in-directed-acyclic-graph
/questions/17468210/r-determine-shortest-path
/questions/8329133/dijkstra-s-shortest-path-algorithm
/questions/15399538/k-edge-shortest-path-in-positive-weighted-directed-acyclic-graph
/questions/38811831/how-to-find-shortest-path-in-a-equal-weighted-graph
/questions/55316735/shortest-path-in-a-grid-using-bfs
