/questions/13159337/why-doesnt-dijkstras-algorithm-work-for-negative-weight-edges
/questions/72458248/dijkstras-shortest-path-algorithm-on-directed-tree-with-negative-weight-edges
/questions/65320943/how-to-find-shortest-paths-with-k-negative-weighted-edges
/questions/22891420/why-do-all-pair-shortest-path-algorithms-work-with-negative-weights
/questions/28030442/dijkstras-algorithm-for-directed-graphs-with-negative-weight-edges
/questions/10414043/is-minimum-spanning-tree-afraid-of-negative-weights
/questions/55225913/all-pairs-shortest-paths-in-graph-directed-with-non-negative-weighted-edges
/questions/44389782/the-k-shortest-paths-between-a-pair-of-vertices-with-negative-edges
/questions/6799172/negative-weights-using-dijkstras-algorithm
/questions/50870403/shortest-paths-with-one-negative-edge
/questions/17884986/finding-shortest-paths-with-python-igraph-on-dags-with-negative-weights
/questions/58743850/which-algorithm-is-helpful-in-finding-shortest-path-from-source-to-sink-in-a-gra
/questions/58745377/shortest-paths-that-is-strictly-increasing
/questions/53826557/difference-between-relaxing-and-setting-weight-in-graph-theory
/questions/14127039/shortest-paths-with-yellow-and-black-edges
/questions/69776074/networkx-is-negatively-weighted-is-false-but-use-dijkstra-return-contradictor
/questions/9509595/finding-the-shortest-path-in-a-graph-without-any-negative-prefixes
/questions/8385160/all-pairs-shortest-paths-with-dynamic-programming
/questions/55857605/brute-force-solution-to-shortest-path-in-a-directed-weighted-graph-with-negative
/questions/23330462/finding-shortest-path-between-two-nodes-in-a-weighted-dag-with-negative-weights
/questions/3833500/dijkstras-algorithm-with-negative-edges-on-a-directed-graph
/questions/44187240/dijkstra-s-algorithm-dag-shortest-path-with-only-negative-costs
/questions/19760077/what-does-bellman-ford-algorithm-detects-negative-weight-or-negative-cycle
/questions/5678588/shortest-path-identify-edges-that-cause-negative-cycles
/questions/4809707/minimum-weight-connected-subset-t-of-edges-algorithm
/questions/59530905/dijkstra-algorithm-with-all-negative-weights
/questions/40852458/smallest-total-weight-in-weighted-directed-graph
/questions/13281883/minimum-spanning-tree-and-shortest-path
/questions/11369829/bellman-ford-all-shortest-paths
/questions/29079010/linear-time-single-pair-shortest-path-algorithm
/questions/57029567/is-there-a-way-that-gives-shortest-path-using-floyd-warshalls-algorithm-where-n
/questions/26272830/finding-shortest-path-in-non-weighted-graphs
/questions/21556978/finding-shortest-path-distances-in-a-graph-containing-at-most-two-negative-edges
/questions/51099146/shortest-path-from-one-source-which-goes-through-n-edges
/questions/54382534/johnsons-algorithm-h-function
/questions/5316609/shortest-path-bellman-ford-vs-johnson
/questions/52157625/backtrack-after-running-johnson-algorithm
/questions/33888958/shortest-cycle-in-a-graph-with-negative-weights-repeated-edges-and-vertices-all
/questions/50709079/manipulating-edge-costs-of-a-negatively-weighted-digraph-to-allow-use-of-dijkstr
/questions/26043924/dijkstra-vs-bellman-ford-a-directed-graph-which-will-give-different-result
/questions/41758089/can-bellman-ford-algorithm-have-any-arbitary-order-of-edges
/questions/47116641/enumerating-all-shortest-paths
/questions/29715022/dijkstras-algorithm-for-negative-weights
/questions/28857918/bellman-ford-algorithm-explanation
/questions/65021413/sedgewick-wayne-bellmanfordsp-java-how-does-findnegativecycle-make-sure-a-n
/questions/13681406/finding-shortest-path-contaning-exactly-one-negative-edge-in-a-graph
/questions/24549354/all-pairs-shortest-path-with-varying-weights
/questions/44343754/given-directed-weighted-graph-that-has-one-negeative-edge-u-v-find-shortest-p
/questions/50627622/the-shortest-even-path-to-minimum-weight-perfect-matching
/questions/50511158/proof-of-part-of-bellman-ford-algorithm
/questions/39316895/a-better-algorithm-than-dijkstras
/questions/15192712/decide-whether-all-shortest-paths-from-s-to-t-contain-the-edge-e
/questions/11786627/how-to-find-the-longest-path-in-an-acyclic-directed-graph-using-ogdf-library
/questions/48845547/shortest-path-with-another-constraint
/questions/72197891/shortest-path-between-two-nodes-vs-shortest-path-from-one-node-to-all-other-node
/questions/29932048/dijsktras-algorithm-to-accept-a-single-negative-edge
/questions/29496992/claims-on-shortest-path-between-two-node-in-graph
/questions/7938376/weighted-graph-problems-true-false-explanation
/questions/7313798/can-we-use-dijkstras-to-find-the-shortest-path-even-in-a-graph-having-negative
/questions/40157977/shortest-path-in-a-directed-weighted-graph-that-uses-at-most-k-vertices
/questions/50009566/improving-bellman-ford-to-linear-run-time
/questions/20317840/dag-kth-shortest-path-dynamic-programming
/questions/29520550/bellman-ford-and-one-olympiad-questions
/questions/7165356/fastest-implementation-for-all-pairs-shortest-paths-problem
/questions/57577735/how-to-assign-edge-weights-to-certain-edges-in-r-igraph
/questions/42340567/can-we-run-dijkstras-algorithm-on-the-modified-graph-and-subtract-the-added-wei
/questions/7314333/find-shortest-path-from-vertex-u-to-v-passing-through-a-vertex-w
/questions/28998597/how-to-save-shortest-path-in-dijkstra-algorithm
/questions/28666579/why-cannot-we-turn-longest-path-into-shortest-graph
/questions/29139398/graph-and-prim-and-dijkstra-problems
/questions/29101889/some-claims-on-shortest-path-between-two-vertex-in-diagraph
/questions/53629209/k-shortest-path-algorithm-for-python-3
/questions/45467641/given-undirected-weighted-connected-graph-s-t-find-path-from-s-to-t-that-its-m
/questions/20024294/correctness-of-bellman-ford-algorithm-can-we-still-do-better
/questions/30073288/code-output-on-graph-and-some-claims-on-local-contest
/questions/11946755/all-shortest-paths-in-a-dag-directed-acyclic-graph
/questions/12075308/finding-path-of-zero-negative-weight-between-two-nodes-on-graph-by-utilizing-neg
/questions/49263065/why-need-node-number-1-iterations-in-bellman-ford-algorithm-to-find-shortest
/questions/33287985/algorithm-to-find-top-k-paths-in-graph-with-no-common-vertices-negative-weight
/questions/29315148/bellman-ford-and-some-facts-about-graph-g
/questions/25544442/how-can-the-shortest-path-between-two-nodes-in-a-balanced-binary-tree-be-affecte
/questions/21351052/find-longest-path-in-dag-with-positive-and-negative-edges-using-bellman-ford-and
/questions/47778959/how-to-find-the-unique-shortest-path-for-a-weighted-directed-graph-with-swi-prol
/questions/30526308/dijkstra-looped-tree
/questions/58647534/how-to-make-bellman-ford-run-in-worst-case
/questions/39531556/find-shortest-path-from-s-to-every-v-with-a-limit-on-length
/questions/76193147/how-to-get-the-direction-of-roads-in-osmnx-for-finding-shortest-path-for-an-emer
/questions/48035476/two-vertices-with-shortest-path
/questions/10462736/graph-dijkstra-for-the-single-source-longest-path
/questions/19317306/about-dijkstra-s-algorithm
/questions/42500120/floyd-warshall-for-longest-distance-for-undirected-graph
/questions/16495031/breadth-first-search-in-olog-n
/questions/50925448/find-shortest-path-in-a-directed-weighted-graph-from-list-of-sources-and-list-of
/questions/54136339/shortest-path-in-weighted-directed-graph
/questions/14875206/single-pair-shortest-path-multiple-travelers
/questions/24064203/shortest-path-from-single-source-to-single-destination-in-a-non-negative-weighte
/questions/28549262/dijkstras-algorithm-with-minimum-edge
/questions/39108634/bellman-ford-algorithm-fails-to-compute-shortest-path-for-a-directed-edge-weight
/questions/74691363/why-would-one-consider-using-bellman-ford
/questions/60021879/shortest-path-distance-from-sources-to-all-nodes-in-the-graph-om-n-logn
/questions/48186870/verify-a-shortest-path-for-every-vertex-in-a-directed-graph
/questions/28612121/code-on-weighted-acyclic-graph
/questions/56635154/how-to-receive-the-complete-path-from-networkx-shortest-path-algorithms
/questions/24144478/finding-shortest-circuit-in-a-graph-that-visits-x-nodes-at-least-once
/questions/63570901/why-cant-bellman-ford-be-used-for-single-source-longest-path
/questions/76151223/algorithm-to-solve-constrained-longest-path-problem
/questions/34750331/an-algorithm-to-choose-the-best-edge-to-reinsert-after-deleting
/questions/69350266/manhattan-tourist
/questions/34333038/re-modelling-maxflow-mincost-to-lose-negative-edge-weights
/questions/67671469/calculate-shortest-path-in-networkx-using-edge-cost-function
/questions/59429555/algorithm-to-solve-the-replacement-paths-problem-for-specific-situations
/questions/44181103/check-if-all-paths-from-a-vertex-v-to-another-vertex-w-are-of-the-same-length
/questions/31267470/how-can-i-find-the-cheapest-way-in-a-dag-if-i-have-limited-money
/questions/48037215/find-two-vertices-with-lowest-path-weight
/questions/7195385/route-problem-in-a-graph-minimize-average-edge-cost-instead-of-total-cost
/questions/50064875/find-a-path-in-a-directed-graph-with-a-given-length-allowing-for-loops-and-nega
/questions/4977112/how-to-find-the-shortest-simple-path-in-a-tree-in-a-linear-time
/questions/29721704/single-source-shortest-path-implementation-priority-vs-fifo-queue
/questions/29721704/single-source-shortest-path-implementation-priority-vs-fifo-queue
/questions/71140260/why-can-dijkstras-algorithm-be-modified-to-find-k-shortest-paths
/questions/36912703/jgrapht-avoid-loops-bellman-ford
/questions/47491806/find-the-lowest-weight-cycle-in-a-weighted-directed-graph-using-dijkstras
/questions/55413368/sssp-algorithm-minimum-distance-but-under-a-certain-number-of-hops
/questions/11704643/am-i-right-about-the-differences-between-floyd-warshall-dijkstras-and-bellman
/questions/35465235/modified-dijkstra-to-find-most-optimized-shortest-path-given-extra-properties
/questions/75732839/why-isnt-my-a-implementation-finding-the-shortest-path-but-rather-the-first-pa
/questions/72416188/finding-heaviest-path-biggest-sum-of-weights-of-an-undirected-weighted-graph
/questions/1862867/what-is-the-best-single-source-shortest-path-algorithm-for-programming-contests
/questions/62684522/find-a-positive-simple-s-t-path-on-a-graph-is-np-complete
/questions/54610676/travelling-salesman-problem-for-a-tree-graph-no-hamiltonian-path
/questions/76561425/whats-does-bellman-ford-algorithm-sloved-during-v-1-rounds-calculation
/questions/45318058/efficiency-of-stdmin-in-c
/questions/46759883/best-way-for-three-people-to-visit-some-graph-nodes-in-a-given-order
/questions/13159337/why-doesnt-dijkstras-algorithm-work-for-negative-weight-edges
/questions/72458248/dijkstras-shortest-path-algorithm-on-directed-tree-with-negative-weight-edges
/questions/65320943/how-to-find-shortest-paths-with-k-negative-weighted-edges
/questions/22891420/why-do-all-pair-shortest-path-algorithms-work-with-negative-weights
/questions/28030442/dijkstras-algorithm-for-directed-graphs-with-negative-weight-edges
/questions/10414043/is-minimum-spanning-tree-afraid-of-negative-weights
/questions/55225913/all-pairs-shortest-paths-in-graph-directed-with-non-negative-weighted-edges
/questions/44389782/the-k-shortest-paths-between-a-pair-of-vertices-with-negative-edges
/questions/6799172/negative-weights-using-dijkstras-algorithm
/questions/50870403/shortest-paths-with-one-negative-edge
/questions/17884986/finding-shortest-paths-with-python-igraph-on-dags-with-negative-weights
/questions/58743850/which-algorithm-is-helpful-in-finding-shortest-path-from-source-to-sink-in-a-gra
/questions/58745377/shortest-paths-that-is-strictly-increasing
/questions/53826557/difference-between-relaxing-and-setting-weight-in-graph-theory
/questions/14127039/shortest-paths-with-yellow-and-black-edges
/questions/69776074/networkx-is-negatively-weighted-is-false-but-use-dijkstra-return-contradictor
/questions/9509595/finding-the-shortest-path-in-a-graph-without-any-negative-prefixes
/questions/8385160/all-pairs-shortest-paths-with-dynamic-programming
/questions/55857605/brute-force-solution-to-shortest-path-in-a-directed-weighted-graph-with-negative
/questions/23330462/finding-shortest-path-between-two-nodes-in-a-weighted-dag-with-negative-weights
/questions/3833500/dijkstras-algorithm-with-negative-edges-on-a-directed-graph
/questions/44187240/dijkstra-s-algorithm-dag-shortest-path-with-only-negative-costs
/questions/19760077/what-does-bellman-ford-algorithm-detects-negative-weight-or-negative-cycle
/questions/5678588/shortest-path-identify-edges-that-cause-negative-cycles
/questions/4809707/minimum-weight-connected-subset-t-of-edges-algorithm
/questions/59530905/dijkstra-algorithm-with-all-negative-weights
/questions/40852458/smallest-total-weight-in-weighted-directed-graph
/questions/13281883/minimum-spanning-tree-and-shortest-path
/questions/11369829/bellman-ford-all-shortest-paths
/questions/29079010/linear-time-single-pair-shortest-path-algorithm
/questions/57029567/is-there-a-way-that-gives-shortest-path-using-floyd-warshalls-algorithm-where-n
/questions/26272830/finding-shortest-path-in-non-weighted-graphs
/questions/21556978/finding-shortest-path-distances-in-a-graph-containing-at-most-two-negative-edges
/questions/51099146/shortest-path-from-one-source-which-goes-through-n-edges
/questions/54382534/johnsons-algorithm-h-function
/questions/5316609/shortest-path-bellman-ford-vs-johnson
/questions/52157625/backtrack-after-running-johnson-algorithm
/questions/33888958/shortest-cycle-in-a-graph-with-negative-weights-repeated-edges-and-vertices-all
/questions/50709079/manipulating-edge-costs-of-a-negatively-weighted-digraph-to-allow-use-of-dijkstr
/questions/26043924/dijkstra-vs-bellman-ford-a-directed-graph-which-will-give-different-result
/questions/41758089/can-bellman-ford-algorithm-have-any-arbitary-order-of-edges
/questions/47116641/enumerating-all-shortest-paths
/questions/29715022/dijkstras-algorithm-for-negative-weights
/questions/28857918/bellman-ford-algorithm-explanation
/questions/65021413/sedgewick-wayne-bellmanfordsp-java-how-does-findnegativecycle-make-sure-a-n
/questions/13681406/finding-shortest-path-contaning-exactly-one-negative-edge-in-a-graph
/questions/24549354/all-pairs-shortest-path-with-varying-weights
/questions/44343754/given-directed-weighted-graph-that-has-one-negeative-edge-u-v-find-shortest-p
/questions/50627622/the-shortest-even-path-to-minimum-weight-perfect-matching
/questions/50511158/proof-of-part-of-bellman-ford-algorithm
/questions/39316895/a-better-algorithm-than-dijkstras
/questions/15192712/decide-whether-all-shortest-paths-from-s-to-t-contain-the-edge-e
/questions/11786627/how-to-find-the-longest-path-in-an-acyclic-directed-graph-using-ogdf-library
/questions/48845547/shortest-path-with-another-constraint
/questions/72197891/shortest-path-between-two-nodes-vs-shortest-path-from-one-node-to-all-other-node
/questions/29932048/dijsktras-algorithm-to-accept-a-single-negative-edge
/questions/29496992/claims-on-shortest-path-between-two-node-in-graph
/questions/7938376/weighted-graph-problems-true-false-explanation
/questions/7313798/can-we-use-dijkstras-to-find-the-shortest-path-even-in-a-graph-having-negative
/questions/40157977/shortest-path-in-a-directed-weighted-graph-that-uses-at-most-k-vertices
/questions/50009566/improving-bellman-ford-to-linear-run-time
/questions/20317840/dag-kth-shortest-path-dynamic-programming
/questions/29520550/bellman-ford-and-one-olympiad-questions
/questions/7165356/fastest-implementation-for-all-pairs-shortest-paths-problem
/questions/57577735/how-to-assign-edge-weights-to-certain-edges-in-r-igraph
/questions/42340567/can-we-run-dijkstras-algorithm-on-the-modified-graph-and-subtract-the-added-wei
/questions/7314333/find-shortest-path-from-vertex-u-to-v-passing-through-a-vertex-w
/questions/28998597/how-to-save-shortest-path-in-dijkstra-algorithm
/questions/28666579/why-cannot-we-turn-longest-path-into-shortest-graph
/questions/29139398/graph-and-prim-and-dijkstra-problems
/questions/29101889/some-claims-on-shortest-path-between-two-vertex-in-diagraph
/questions/53629209/k-shortest-path-algorithm-for-python-3
/questions/45467641/given-undirected-weighted-connected-graph-s-t-find-path-from-s-to-t-that-its-m
/questions/20024294/correctness-of-bellman-ford-algorithm-can-we-still-do-better
/questions/30073288/code-output-on-graph-and-some-claims-on-local-contest
/questions/11946755/all-shortest-paths-in-a-dag-directed-acyclic-graph
/questions/12075308/finding-path-of-zero-negative-weight-between-two-nodes-on-graph-by-utilizing-neg
/questions/49263065/why-need-node-number-1-iterations-in-bellman-ford-algorithm-to-find-shortest
/questions/33287985/algorithm-to-find-top-k-paths-in-graph-with-no-common-vertices-negative-weight
/questions/29315148/bellman-ford-and-some-facts-about-graph-g
/questions/25544442/how-can-the-shortest-path-between-two-nodes-in-a-balanced-binary-tree-be-affecte
/questions/21351052/find-longest-path-in-dag-with-positive-and-negative-edges-using-bellman-ford-and
/questions/47778959/how-to-find-the-unique-shortest-path-for-a-weighted-directed-graph-with-swi-prol
/questions/30526308/dijkstra-looped-tree
/questions/58647534/how-to-make-bellman-ford-run-in-worst-case
/questions/39531556/find-shortest-path-from-s-to-every-v-with-a-limit-on-length
/questions/76193147/how-to-get-the-direction-of-roads-in-osmnx-for-finding-shortest-path-for-an-emer
/questions/48035476/two-vertices-with-shortest-path
/questions/10462736/graph-dijkstra-for-the-single-source-longest-path
/questions/19317306/about-dijkstra-s-algorithm
/questions/42500120/floyd-warshall-for-longest-distance-for-undirected-graph
/questions/16495031/breadth-first-search-in-olog-n
/questions/50925448/find-shortest-path-in-a-directed-weighted-graph-from-list-of-sources-and-list-of
/questions/54136339/shortest-path-in-weighted-directed-graph
/questions/14875206/single-pair-shortest-path-multiple-travelers
/questions/24064203/shortest-path-from-single-source-to-single-destination-in-a-non-negative-weighte
/questions/28549262/dijkstras-algorithm-with-minimum-edge
/questions/39108634/bellman-ford-algorithm-fails-to-compute-shortest-path-for-a-directed-edge-weight
/questions/74691363/why-would-one-consider-using-bellman-ford
/questions/60021879/shortest-path-distance-from-sources-to-all-nodes-in-the-graph-om-n-logn
/questions/48186870/verify-a-shortest-path-for-every-vertex-in-a-directed-graph
/questions/28612121/code-on-weighted-acyclic-graph
/questions/56635154/how-to-receive-the-complete-path-from-networkx-shortest-path-algorithms
/questions/24144478/finding-shortest-circuit-in-a-graph-that-visits-x-nodes-at-least-once
/questions/63570901/why-cant-bellman-ford-be-used-for-single-source-longest-path
/questions/76151223/algorithm-to-solve-constrained-longest-path-problem
/questions/34750331/an-algorithm-to-choose-the-best-edge-to-reinsert-after-deleting
/questions/69350266/manhattan-tourist
/questions/34333038/re-modelling-maxflow-mincost-to-lose-negative-edge-weights
/questions/67671469/calculate-shortest-path-in-networkx-using-edge-cost-function
/questions/59429555/algorithm-to-solve-the-replacement-paths-problem-for-specific-situations
/questions/44181103/check-if-all-paths-from-a-vertex-v-to-another-vertex-w-are-of-the-same-length
/questions/31267470/how-can-i-find-the-cheapest-way-in-a-dag-if-i-have-limited-money
/questions/48037215/find-two-vertices-with-lowest-path-weight
/questions/7195385/route-problem-in-a-graph-minimize-average-edge-cost-instead-of-total-cost
/questions/50064875/find-a-path-in-a-directed-graph-with-a-given-length-allowing-for-loops-and-nega
/questions/4977112/how-to-find-the-shortest-simple-path-in-a-tree-in-a-linear-time
/questions/29721704/single-source-shortest-path-implementation-priority-vs-fifo-queue
/questions/29721704/single-source-shortest-path-implementation-priority-vs-fifo-queue
/questions/71140260/why-can-dijkstras-algorithm-be-modified-to-find-k-shortest-paths
/questions/36912703/jgrapht-avoid-loops-bellman-ford
/questions/47491806/find-the-lowest-weight-cycle-in-a-weighted-directed-graph-using-dijkstras
/questions/55413368/sssp-algorithm-minimum-distance-but-under-a-certain-number-of-hops
/questions/11704643/am-i-right-about-the-differences-between-floyd-warshall-dijkstras-and-bellman
/questions/35465235/modified-dijkstra-to-find-most-optimized-shortest-path-given-extra-properties
/questions/75732839/why-isnt-my-a-implementation-finding-the-shortest-path-but-rather-the-first-pa
/questions/72416188/finding-heaviest-path-biggest-sum-of-weights-of-an-undirected-weighted-graph
/questions/1862867/what-is-the-best-single-source-shortest-path-algorithm-for-programming-contests
/questions/62684522/find-a-positive-simple-s-t-path-on-a-graph-is-np-complete
/questions/54610676/travelling-salesman-problem-for-a-tree-graph-no-hamiltonian-path
/questions/76561425/whats-does-bellman-ford-algorithm-sloved-during-v-1-rounds-calculation
/questions/45318058/efficiency-of-stdmin-in-c
/questions/46759883/best-way-for-three-people-to-visit-some-graph-nodes-in-a-given-order
