/questions/57003277/simplex-algorithm-worst-case
/questions/41653658/simplex-algorithm
/questions/1333905/lp-simplex-algorithm-in-c
/questions/48412538/simplex-algorithm-importance-of-basic-solution
/questions/58964951/simplex-algorithm-initialize-simplex
/questions/29413453/speed-up-simplex-algorithm
/questions/20291387/how-to-calculate-the-efficiency-of-simplex-algorithm-for-diet
/questions/34111952/what-is-complexity-of-simplex-algorithm-for-binary-integer-programming
/questions/67817855/python-network-simplex-algorithm-for-transportation-problem
/questions/53215176/how-to-solve-linear-programming-problem-with-simplex-algorithm
/questions/44429356/simplex-algorithm-in-scipy-package-python
/questions/33740772/simplex-algorithm-stuck-in-loop
/questions/22200246/simplex-algorithm-why-so-complicated
/questions/21096363/alter-simplex-algorithm-to-minimize-on-objective-function-not-maximize
/questions/20916180/are-there-linear-programming-libraries-with-the-simplex-algorithm-for-clojure
/questions/63452210/simplex-algorithm-shifting-origin-in-linear-programming
/questions/50583321/big-datasets-for-simplex-algorithm-linear-programming
/questions/54711572/numerical-stability-of-simplex-algorithm
/questions/69161947/2d-fiber-alignment-using-the-simplex-algorithm
/questions/34663948/how-to-handle-the-special-cases-of-simplex-algorithm-for-linear-programming
/questions/56923843/is-there-an-r-function-for-applying-simplex-algorithm-from-a-given-feasible-star
/questions/17260363/why-simplex-algorithm-works-for-solving-linear-programming
/questions/33610749/implementing-simplex-algorithm-and-getting-matrix-singular-to-machine-precision
/questions/24268579/algorithm-for-maximal-hypervolume-simplex
/questions/66714809/how-to-use-the-nelder-meade-simplex-algorithm-in-mathdotnet-for-function-maximiz
/questions/8650426/how-to-determine-simplex-time-complexity-ie-max-flow
/questions/1313259/tiling-simplex-noise
/questions/12473434/whats-the-randomness-quality-of-the-perlin-simplex-noise-algorithms
/questions/41061783/linear-programming-with-dual-simplex-in-r
/questions/46221447/simplex-algorithm-in-excel-without-solver
/questions/56042395/what-is-the-difference-between-simplex-method-and-network-simplex
/questions/43697203/the-shadow-price-is-different-under-different-simple-algorithm
/questions/66522616/how-to-create-a-simplex-algorithm-table
/questions/17928010/choosing-the-initial-simplex-in-the-nelder-mead-optimization-algorithm
/questions/23725742/minimize-simplex-method
/questions/14031942/minimizing-a-very-noisy-6-parameters-function-with-simplex-and-a-genetic-algorit
/questions/68331495/gjk-algorithm-creates-simplex-with-two-opposite-points
/questions/6439350/simplex-noise-vs-perlin-noise
/questions/16824167/desiring-jagged-results-from-simplex-noise-or-another-algorithm-just-as-fast
/questions/31463515/weight-middle-range-for-use-of-scipy-optimize-linprog-simplex-algorithm
/questions/40856617/performance-gain-by-implementing-streamlined-simplex
/questions/6577855/cplex-quadratic-simplex
/questions/12507929/is-there-an-algorithmic-way-to-find-the-scaling-factor-for-a-given-simplex-noise
/questions/30377406/add-initial-basic-feasible-solution-for-simplex-using-glpk
/questions/46134671/can-we-assign-a-new-propagator-different-from-domain-and-bounds-in-gecode-solver
/questions/59147829/python-simplex-returning-different-values-for-the-primal-and-the-dual
/questions/75016999/how-to-give-an-initial-simplex-to-scipy-minimize
/questions/18801877/why-do-all-simplex-noise-algorithms-have-a-permutation-gradient-table
/questions/37402230/nelder-mead-initial-simplex-size
/questions/67074812/print-a-table-format-of-a-numpy-matrix
/questions/11565760/delphi-mathematical-optimisation-techniques-including-simplex-or-genetic-algorit
/questions/19548023/linear-programming-algorithm
/questions/13721057/how-fast-is-simplex-method-to-solve-tsp
/questions/63046006/why-is-the-quality-of-my-glsl-simplex-noise-so-much-worse-then-the-one-run-on-ja
/questions/18885440/why-does-simplex-noise-seem-to-have-more-artifacts-than-classic-perlin-noise
/questions/40122271/simplex-noise-reference-to-array
/questions/31738959/finding-the-point-on-a-simplex-closest-to-the-origin-using-gjks-distance-subalg
/questions/42355762/how-does-scipy-optimize-fmin-simplex-deal-with-parameters-associated-with-diff
/questions/33580925/how-to-find-the-smallest-n-dimensional-simplex-from-a-set-of-points-that-contain
/questions/46517525/simplex-code-in-r
/questions/64320497/replacing-specific-matrix-element-in-numpy
/questions/21839533/linear-programming-with-constraints
/questions/3956950/c-c-implementation-of-simplex-method
/questions/21819132/how-do-i-check-if-a-simplex-contains-the-origin
/questions/59070673/program-received-segmentation-fault-while-debug-in-clion
/questions/11128070/cannot-import-minimize-in-scipy
/questions/75343907/downhill-simplex-on-finite-intervals
/questions/50049658/largest-simplex-in-convex-hull-of-points-in-n-dimensions
/questions/41545484/does-choosing-initial-starting-point-for-simplex-construction-influences-the-res
/questions/38536361/fix-directional-artifacts-generated-by-perlin-noise-with-another-algorithm
/questions/27229502/simple-simplex-method
/questions/38685624/algorithm-for-cutting-patterns
/questions/40302193/scipy-optimization-algorithm
/questions/6011999/simplex-method-linear-programming-help
/questions/26336108/curve-fit-in-python-using-simplex-algorithm-routine-stops-even-when-chi2-does
/questions/55827156/how-can-i-solve-a-system-of-non-linear-equations-in-python
/questions/24931756/implementation-of-m-method-of-simplex-for-lp-in-java
/questions/27828211/comparision-between-vectors-fails
/questions/67359004/algorithm-behind-standard-pulp-solver
/questions/24451412/offsetting-simplex-noise-return-values
/questions/3010837/sample-uniformly-at-random-from-an-n-dimensional-unit-simplex
/questions/53375383/how-does-pulp-linear-programming-solver-work
/questions/38495424/will-z3-adaptively-change-strategy-in-solving-linear-real-arithmetic-constraints
/questions/70775871/creating-first-triangle-in-dewall-algorithm-delaunay-triangulation
/questions/46739221/linear-program-to-solve-np-hard-problems
/questions/14761294/how-safe-mature-is-the-simulated-annealing-algorithm-given-in-numerical-recipes
/questions/19070943/numpy-scipy-analog-of-matlabs-fminsearch
/questions/25750552/gjk-algorithm-gets-stuck-in-a-loop-of-different-voronoi-region-cases
/questions/63197593/accessing-the-nelder-mead-simplex-at-every-iteration-using-scipy-optimize-minimi
/questions/6584329/light-generation-algorithm-for-clouds-on-the-ios-platform
/questions/68748106/how-does-bowyer-watson-algorithm-for-delaunay-triangulation-run-in-on2-but-ru
/questions/15302841/does-integer-linear-programming-give-optimal-solution
/questions/75249993/passing-soplex-parameters-to-scip
/questions/27515662/analytic-normals-to-a-sphere-displaced-with-simplex-noise
/questions/67115576/revised-simplex-method-enters-endless-loop
/questions/76668746/value-error-too-many-values-to-unpack-in-python-networkx
/questions/37716147/excel-solver-simplex-lp-binary-constraints
/questions/48588453/triple-integral-of-perlin-simplex-noises
/questions/64031080/solving-linear-simultaneous-equations-with-7-unknowns
/questions/48979868/implementing-the-expanding-polytope-algorithm-in-3d-space
/questions/41448316/nelder-mead-algorithm-for-constrained-optimization
/questions/25573186/looking-for-a-template-based-c-library-that-solves-linear-programs
/questions/27176453/scipy-find-bases-of-column-space-of-matrix
/questions/5707250/optimizing-numerical-array-performance-in-haskell
/questions/22516384/multiply-2-sparse-matrices-using-cusp-library
/questions/471544/worse-is-better-is-there-an-example
/questions/69110871/alpha-shapes-in-3d-follow-up
/questions/53239265/implementing-simplex-method-infinite-loop
/questions/40364590/multivariate-gradient-descent-for-python
/questions/34555895/zero-multiplier-for-the-value-in-objective-function-doesnt-give-the-most-feasib
/questions/67985877/choosing-barrier-for-vrp
/questions/55714308/solving-negative-coefficients-in-linear-program
/questions/74411545/algorithm-finding-dedicated-sum-from-the-population-of-variables
/questions/27632655/degenerate-in-simplex-method
/questions/18172021/better-understanding-of-simplex-noise
/questions/31120447/does-z3-support-rational-arithmetic-for-its-input-constraints
/questions/10378002/is-there-a-well-understood-algorithm-or-solution-model-for-this-meeting-scheduli
/questions/61539846/handling-box-constraints-in-nelder-mead-optimisation-by-distorting-the-parameter
/questions/15398659/segmentation-fault-when-passing-functions-with-array-arguments-to-subroutine-in
/questions/35849995/does-numbapro-support-simd-programming-architecture
/questions/21363743/c-sharp-xna-noise-for-terrain-generation
/questions/66297650/gain-persistence-in-simplex-noise-based-on-slope
/questions/67976129/why-does-scipys-convex-hull-algorithm-find-so-many-simplices-that-share-the-sam
/questions/22177293/natural-language-processing-finding-semantic-similarities-with-standard-algorit
/questions/69955863/example-for-simplexsolver-in-apache-commons-maths-3-6-1
/questions/57224053/fast-maximum-matching-algorithm-for-bipartite-graphs-with-initial-guess
/questions/76178299/item-assignment-algorithm-on-python
/questions/24137732/n-dimensional-convex-hull-qhull-algorithm-optimality
/questions/74310922/compute-the-tableaus-nonbasic-term-in-scip-separator
/questions/43626431/how-to-use-index-to-derive-pseudorandom-gradient-in-2d-simplex-noise
/questions/14271969/arc4random-initialisation
/questions/17823024/how-could-i-draw-an-outlined-mesh-like-this
/questions/17761572/glpsol-tool-split-mip-and-lp-solutions
/questions/18943576/threejs-procedural-plane-vertices-not-aligning
/questions/45670746/speed-up-gaussian-elimination-step-with-numpy
/questions/46979268/vector-refilling-is-slower-than-creating-a-new-one
/questions/6090815/library-of-optimzation-algorithms-in-java
/questions/45644127/issues-with-simplex-method-for-linear-programming-in-matlab-linprog-funcion
/questions/61097676/is-there-a-way-where-i-can-optimize-the-output-restricting-the-parameters-in-fmi
/questions/40753466/how-to-represent-a-bus-ride-in-linear-programming
/questions/29897090/matlab-linprog-violates-constraints
/questions/6603877/generating-tile-noise-maps-on-the-fly
/questions/19106965/java-2d-side-view-terrain-generation
/questions/63007582/how-to-get-output-from-compute-shader
/questions/46856080/procedural-maze-algorithm-with-cells-determined-independently-of-neighbors
/questions/13540603/glsl-es-random-grainy-noise-with-fp16-limit
/questions/60931538/sometimes-entering-an-infinite-loop-in-epa-algorithm-when-calculating-contact-no
/questions/31181076/non-exhaustive-worst-case-np-complete-solving-algorithm
/questions/24800820/random-vectors-uniformely-distributed-into-convex-n-polytope
/questions/67915858/how-can-i-generate-scipy-spatial-delaunay-object-from-an-array-of-points-and-an
/questions/52118804/why-is-wrapping-coordinates-not-making-my-simplex-noise-tile-seamlessly
/questions/22458855/perlin-noise-erlang-and-javascript
/questions/63162549/how-to-calculate-if-3d-model-is-intersecting-terrain-surface-lwjgl
/questions/15386527/optimization-python-and-scypi-minimize
/questions/71117847/scipy-linear-programming-returns-false-for-success
/questions/75450685/what-are-the-equivalent-functions-of-fmincon-with-trust-region-reflective-algo
/questions/48981463/how-to-use-interior-point-method-to-get-an-extreme-point-with-optimal-objective
/questions/63772193/how-would-i-modify-a-3d-cave-systems-so-that-it-is-does-not-remove-as-much-mater
/questions/43681340/angular4-error-message-shows-code-which-differs-from-the-code-thats-supposed-to
/questions/17624020/collision-prediction-using-minkowski-sum
/questions/39780134/how-to-make-and-draw-a-perlin-noise-on-a-jpanel
/questions/35961615/expectation-vs-direct-numerical-optimization-of-likelihood-function-for-estimat
/questions/76408085/how-can-i-improve-the-performance-of-my-html5-2d-canvas
/questions/30363501/setting-convergence-criteria-for-scipy-optimize-fmin-and-others
/questions/17378559/how-to-get-multiple-different-unsat-cores-or-make-the-core-smaller-with-z3-qf-l
/questions/9695112/why-do-perlin-noise-algorithms-use-lookup-tables-for-random-numbers
/questions/63064690/is-there-any-way-to-improve-performance-of-my-procedural-generation-code
/questions/58485293/how-to-draw-weighted-convex-hull-in-matlab
/questions/67508998/plot-triangles-in-real-time
/questions/73255628/infinte-map-generation-in-isometric-game-java-libgdx
/questions/64843961/is-there-a-way-to-initialize-the-starting-point-of-scipy-optimize-linprog
/questions/31562666/2-dimensional-minimization-without-derivatives-and-ignoring-certain-input-parame
/questions/43307487/how-to-create-post-and-delete-unpost-constraints-during-search-in-choco
/questions/56828109/global-random-seed-parameter-in-scip
/questions/52931234/find-best-combination-between-many-products-and-multiple-sellers
/questions/23509873/connect-two-procedurally-generated-landscape-pieces
/questions/63212143/calculating-object-rotation-based-on-plane-normal
/questions/36302861/3d-procedural-generation-of-infinite-caves
/questions/45349528/pulling-non-zero-values-from-excel
/questions/41173944/is-there-any-documentation-on-the-memory-required-by-scipy-optimize-linprog-or-o
/questions/6515529/gjk-collision-detection-implementation-from-2d-to-3d
/questions/59532264/how-to-know-if-a-problem-belongs-to-np-class
/questions/14875206/single-pair-shortest-path-multiple-travelers
/questions/40910351/why-is-each-iteration-in-nelder-mead-in-scipy-so-slow
/questions/57547460/how-to-simulate-mouse-movement-to-procedurally-generate-beautiful-galaxies-in-js
/questions/59930408/how-to-get-optimal-cutoff-values-for-two-variables-with-linear-programming
/questions/18598399/what-algorithm-should-i-use-to-find-the-minimum-flow-on-a-digraph-where-there-ar
/questions/70870774/networkx-network-simplex-function-overflow-warning-without-floating-numbers
/questions/51430040/references-or-standardization-of-value-updating-in-constraint-satisfaction
/questions/45226931/triangulate-a-set-of-points-with-a-concave-domain
/questions/13919358/identifying-lakes-in-a-bit-mask-in-javascript
/questions/14949828/many-to-many-generalized-assignment-%ce%a1roblem
/questions/36246666/find-exact-solutions-to-linear-program
/questions/22487133/how-to-find-the-optimal-sum
/questions/61393463/is-there-an-efficient-way-to-generate-n-random-integers-in-a-range-that-have-a-g
/questions/40828836/feasible-method-is-stucked-in-infinite-loop
/questions/70529076/draw-non-overlapping-lines-between-objects
/questions/10593595/dynamic-programming-problems-with-an-additional-condition-besides-the-value-that
/questions/62105405/how-does-constrained-nonlinear-optimization-vi-works-theory
/questions/14884/find-the-best-combination-from-a-given-set-of-multiple-sets
/questions/57443867/how-to-color-voronoi-polygons-defined-by-area-1-area
/questions/64229245/mle-for-censored-distributions-of-the-exponential-family
/questions/11681715/generalized-load-balancing-glb-using-linear-programming-lp
/questions/39008772/understanding-cplex-output
/questions/41661369/smoothly-mapping-a-2d-uv-point-onto-a-3d-xyz-sphere
/questions/37594926/stitching-multiple-2d-arrays
/questions/67279570/what-algorithms-can-i-use-to-optimize-in-a-high-dimensional-discrete-space-in-py
/questions/42048893/matlab-linprog-yields-an-unbounded-result-to-a-bounded-model
/questions/42048893/matlab-linprog-yields-an-unbounded-result-to-a-bounded-model
/questions/20520449/in-ipython-qt-console-sp-info-doesnt-print-inside-the-console
/questions/54833334/finding-optimal-solution-to-multivariable-function-with-non-negligible-solution
/questions/75534993/trying-to-find-a-good-allocation-algorithm-for-a-rota
/questions/34821894/scipy-linear-programming-with-sparse-matrices
/questions/60886532/checking-which-triangles-intersect-a-convex-hull
/questions/41204430/normalising-parameter-scale-with-fminsearch
/questions/34220477/connect-points-to-plane-draw-polygon
/questions/43202913/procedural-terrain-programming-in-unity-3d
/questions/1997797/what-is-the-best-way-for-polling
/questions/60817219/linear-programming-explanation-in-algorithms-by-sanjoy-dasgupta
/questions/26130725/vector-of-n-numbers-around-a-specific-number
/questions/43221084/terrain-generation-with-realistic-height-map
/questions/53652749/matplotlib-extract-2d-contour-of-a-3d-polygons-plot
/questions/24866106/graph-partitioning-optimization
/questions/19363960/closest-points-set-on-simplicial-complex
/questions/63443904/implementing-raycasting-for-pathfinding-lwjgl
/questions/69586047/why-is-microsoft-solver-foundation-not-returning-a-solution
/questions/40609159/optimization-of-horizontal-lines
/questions/43179809/diamond-square-improper-implementation
/questions/63463124/resource-with-schedules-allocation-problem
/questions/42445151/keep-c-modularity-without-passing-functions-between-classes
/questions/68455171/stretch-noise-value-meanwhile-keep-it-in-range-math-issue
/questions/11538660/how-to-get-different-centrality-indexes-of-each-node-from-a-neo4j-graph
/questions/44072530/valgrind-finds-implausible-number-of-invalid-writes-and-reads
/questions/73409787/gekko-and-pulp-results-differs-but-both-are-valid-why
/questions/61127555/how-to-create-a-multidimenisonal-prng
/questions/61127555/how-to-create-a-multidimenisonal-prng
/questions/31605431/incrementally-adding-constraints-to-a-linear-programming-instance
/questions/67663563/change-output-of-random-list-shuffle-slightly-when-changing-seed-slightly
/questions/56867927/using-fminsearch-for-parameter-estimation
/questions/57003277/simplex-algorithm-worst-case
/questions/41653658/simplex-algorithm
/questions/1333905/lp-simplex-algorithm-in-c
/questions/48412538/simplex-algorithm-importance-of-basic-solution
/questions/58964951/simplex-algorithm-initialize-simplex
/questions/29413453/speed-up-simplex-algorithm
/questions/20291387/how-to-calculate-the-efficiency-of-simplex-algorithm-for-diet
/questions/34111952/what-is-complexity-of-simplex-algorithm-for-binary-integer-programming
/questions/67817855/python-network-simplex-algorithm-for-transportation-problem
/questions/53215176/how-to-solve-linear-programming-problem-with-simplex-algorithm
/questions/44429356/simplex-algorithm-in-scipy-package-python
/questions/33740772/simplex-algorithm-stuck-in-loop
/questions/22200246/simplex-algorithm-why-so-complicated
/questions/21096363/alter-simplex-algorithm-to-minimize-on-objective-function-not-maximize
/questions/20916180/are-there-linear-programming-libraries-with-the-simplex-algorithm-for-clojure
/questions/63452210/simplex-algorithm-shifting-origin-in-linear-programming
/questions/50583321/big-datasets-for-simplex-algorithm-linear-programming
/questions/54711572/numerical-stability-of-simplex-algorithm
/questions/69161947/2d-fiber-alignment-using-the-simplex-algorithm
/questions/34663948/how-to-handle-the-special-cases-of-simplex-algorithm-for-linear-programming
/questions/56923843/is-there-an-r-function-for-applying-simplex-algorithm-from-a-given-feasible-star
/questions/17260363/why-simplex-algorithm-works-for-solving-linear-programming
/questions/33610749/implementing-simplex-algorithm-and-getting-matrix-singular-to-machine-precision
/questions/24268579/algorithm-for-maximal-hypervolume-simplex
/questions/66714809/how-to-use-the-nelder-meade-simplex-algorithm-in-mathdotnet-for-function-maximiz
/questions/8650426/how-to-determine-simplex-time-complexity-ie-max-flow
/questions/1313259/tiling-simplex-noise
/questions/12473434/whats-the-randomness-quality-of-the-perlin-simplex-noise-algorithms
/questions/41061783/linear-programming-with-dual-simplex-in-r
/questions/46221447/simplex-algorithm-in-excel-without-solver
/questions/56042395/what-is-the-difference-between-simplex-method-and-network-simplex
/questions/43697203/the-shadow-price-is-different-under-different-simple-algorithm
/questions/66522616/how-to-create-a-simplex-algorithm-table
/questions/17928010/choosing-the-initial-simplex-in-the-nelder-mead-optimization-algorithm
/questions/23725742/minimize-simplex-method
/questions/14031942/minimizing-a-very-noisy-6-parameters-function-with-simplex-and-a-genetic-algorit
/questions/68331495/gjk-algorithm-creates-simplex-with-two-opposite-points
/questions/6439350/simplex-noise-vs-perlin-noise
/questions/16824167/desiring-jagged-results-from-simplex-noise-or-another-algorithm-just-as-fast
/questions/31463515/weight-middle-range-for-use-of-scipy-optimize-linprog-simplex-algorithm
/questions/40856617/performance-gain-by-implementing-streamlined-simplex
/questions/6577855/cplex-quadratic-simplex
/questions/12507929/is-there-an-algorithmic-way-to-find-the-scaling-factor-for-a-given-simplex-noise
/questions/30377406/add-initial-basic-feasible-solution-for-simplex-using-glpk
/questions/46134671/can-we-assign-a-new-propagator-different-from-domain-and-bounds-in-gecode-solver
/questions/59147829/python-simplex-returning-different-values-for-the-primal-and-the-dual
/questions/75016999/how-to-give-an-initial-simplex-to-scipy-minimize
/questions/18801877/why-do-all-simplex-noise-algorithms-have-a-permutation-gradient-table
/questions/37402230/nelder-mead-initial-simplex-size
/questions/67074812/print-a-table-format-of-a-numpy-matrix
/questions/11565760/delphi-mathematical-optimisation-techniques-including-simplex-or-genetic-algorit
/questions/19548023/linear-programming-algorithm
/questions/13721057/how-fast-is-simplex-method-to-solve-tsp
/questions/63046006/why-is-the-quality-of-my-glsl-simplex-noise-so-much-worse-then-the-one-run-on-ja
/questions/18885440/why-does-simplex-noise-seem-to-have-more-artifacts-than-classic-perlin-noise
/questions/40122271/simplex-noise-reference-to-array
/questions/31738959/finding-the-point-on-a-simplex-closest-to-the-origin-using-gjks-distance-subalg
/questions/42355762/how-does-scipy-optimize-fmin-simplex-deal-with-parameters-associated-with-diff
/questions/33580925/how-to-find-the-smallest-n-dimensional-simplex-from-a-set-of-points-that-contain
/questions/46517525/simplex-code-in-r
/questions/64320497/replacing-specific-matrix-element-in-numpy
/questions/21839533/linear-programming-with-constraints
/questions/3956950/c-c-implementation-of-simplex-method
/questions/21819132/how-do-i-check-if-a-simplex-contains-the-origin
/questions/59070673/program-received-segmentation-fault-while-debug-in-clion
/questions/11128070/cannot-import-minimize-in-scipy
/questions/75343907/downhill-simplex-on-finite-intervals
/questions/50049658/largest-simplex-in-convex-hull-of-points-in-n-dimensions
/questions/41545484/does-choosing-initial-starting-point-for-simplex-construction-influences-the-res
/questions/38536361/fix-directional-artifacts-generated-by-perlin-noise-with-another-algorithm
/questions/27229502/simple-simplex-method
/questions/38685624/algorithm-for-cutting-patterns
/questions/40302193/scipy-optimization-algorithm
/questions/6011999/simplex-method-linear-programming-help
/questions/26336108/curve-fit-in-python-using-simplex-algorithm-routine-stops-even-when-chi2-does
/questions/55827156/how-can-i-solve-a-system-of-non-linear-equations-in-python
/questions/24931756/implementation-of-m-method-of-simplex-for-lp-in-java
/questions/27828211/comparision-between-vectors-fails
/questions/67359004/algorithm-behind-standard-pulp-solver
/questions/24451412/offsetting-simplex-noise-return-values
/questions/3010837/sample-uniformly-at-random-from-an-n-dimensional-unit-simplex
/questions/53375383/how-does-pulp-linear-programming-solver-work
/questions/38495424/will-z3-adaptively-change-strategy-in-solving-linear-real-arithmetic-constraints
/questions/70775871/creating-first-triangle-in-dewall-algorithm-delaunay-triangulation
/questions/46739221/linear-program-to-solve-np-hard-problems
/questions/14761294/how-safe-mature-is-the-simulated-annealing-algorithm-given-in-numerical-recipes
/questions/19070943/numpy-scipy-analog-of-matlabs-fminsearch
/questions/25750552/gjk-algorithm-gets-stuck-in-a-loop-of-different-voronoi-region-cases
/questions/63197593/accessing-the-nelder-mead-simplex-at-every-iteration-using-scipy-optimize-minimi
/questions/6584329/light-generation-algorithm-for-clouds-on-the-ios-platform
/questions/68748106/how-does-bowyer-watson-algorithm-for-delaunay-triangulation-run-in-on2-but-ru
/questions/15302841/does-integer-linear-programming-give-optimal-solution
/questions/75249993/passing-soplex-parameters-to-scip
/questions/27515662/analytic-normals-to-a-sphere-displaced-with-simplex-noise
/questions/67115576/revised-simplex-method-enters-endless-loop
/questions/76668746/value-error-too-many-values-to-unpack-in-python-networkx
/questions/37716147/excel-solver-simplex-lp-binary-constraints
/questions/48588453/triple-integral-of-perlin-simplex-noises
/questions/64031080/solving-linear-simultaneous-equations-with-7-unknowns
/questions/48979868/implementing-the-expanding-polytope-algorithm-in-3d-space
/questions/41448316/nelder-mead-algorithm-for-constrained-optimization
/questions/25573186/looking-for-a-template-based-c-library-that-solves-linear-programs
/questions/27176453/scipy-find-bases-of-column-space-of-matrix
/questions/5707250/optimizing-numerical-array-performance-in-haskell
/questions/22516384/multiply-2-sparse-matrices-using-cusp-library
/questions/471544/worse-is-better-is-there-an-example
/questions/69110871/alpha-shapes-in-3d-follow-up
/questions/53239265/implementing-simplex-method-infinite-loop
/questions/40364590/multivariate-gradient-descent-for-python
/questions/34555895/zero-multiplier-for-the-value-in-objective-function-doesnt-give-the-most-feasib
/questions/67985877/choosing-barrier-for-vrp
/questions/55714308/solving-negative-coefficients-in-linear-program
/questions/74411545/algorithm-finding-dedicated-sum-from-the-population-of-variables
/questions/27632655/degenerate-in-simplex-method
/questions/18172021/better-understanding-of-simplex-noise
/questions/31120447/does-z3-support-rational-arithmetic-for-its-input-constraints
/questions/10378002/is-there-a-well-understood-algorithm-or-solution-model-for-this-meeting-scheduli
/questions/61539846/handling-box-constraints-in-nelder-mead-optimisation-by-distorting-the-parameter
/questions/15398659/segmentation-fault-when-passing-functions-with-array-arguments-to-subroutine-in
/questions/35849995/does-numbapro-support-simd-programming-architecture
/questions/21363743/c-sharp-xna-noise-for-terrain-generation
/questions/66297650/gain-persistence-in-simplex-noise-based-on-slope
/questions/67976129/why-does-scipys-convex-hull-algorithm-find-so-many-simplices-that-share-the-sam
/questions/22177293/natural-language-processing-finding-semantic-similarities-with-standard-algorit
/questions/69955863/example-for-simplexsolver-in-apache-commons-maths-3-6-1
/questions/57224053/fast-maximum-matching-algorithm-for-bipartite-graphs-with-initial-guess
/questions/76178299/item-assignment-algorithm-on-python
/questions/24137732/n-dimensional-convex-hull-qhull-algorithm-optimality
/questions/74310922/compute-the-tableaus-nonbasic-term-in-scip-separator
/questions/43626431/how-to-use-index-to-derive-pseudorandom-gradient-in-2d-simplex-noise
/questions/14271969/arc4random-initialisation
/questions/17823024/how-could-i-draw-an-outlined-mesh-like-this
/questions/17761572/glpsol-tool-split-mip-and-lp-solutions
/questions/18943576/threejs-procedural-plane-vertices-not-aligning
/questions/45670746/speed-up-gaussian-elimination-step-with-numpy
/questions/46979268/vector-refilling-is-slower-than-creating-a-new-one
/questions/6090815/library-of-optimzation-algorithms-in-java
/questions/45644127/issues-with-simplex-method-for-linear-programming-in-matlab-linprog-funcion
/questions/61097676/is-there-a-way-where-i-can-optimize-the-output-restricting-the-parameters-in-fmi
/questions/40753466/how-to-represent-a-bus-ride-in-linear-programming
/questions/29897090/matlab-linprog-violates-constraints
/questions/6603877/generating-tile-noise-maps-on-the-fly
/questions/19106965/java-2d-side-view-terrain-generation
/questions/63007582/how-to-get-output-from-compute-shader
/questions/46856080/procedural-maze-algorithm-with-cells-determined-independently-of-neighbors
/questions/13540603/glsl-es-random-grainy-noise-with-fp16-limit
/questions/60931538/sometimes-entering-an-infinite-loop-in-epa-algorithm-when-calculating-contact-no
/questions/31181076/non-exhaustive-worst-case-np-complete-solving-algorithm
/questions/24800820/random-vectors-uniformely-distributed-into-convex-n-polytope
/questions/67915858/how-can-i-generate-scipy-spatial-delaunay-object-from-an-array-of-points-and-an
/questions/52118804/why-is-wrapping-coordinates-not-making-my-simplex-noise-tile-seamlessly
/questions/22458855/perlin-noise-erlang-and-javascript
/questions/63162549/how-to-calculate-if-3d-model-is-intersecting-terrain-surface-lwjgl
/questions/15386527/optimization-python-and-scypi-minimize
/questions/71117847/scipy-linear-programming-returns-false-for-success
/questions/75450685/what-are-the-equivalent-functions-of-fmincon-with-trust-region-reflective-algo
/questions/48981463/how-to-use-interior-point-method-to-get-an-extreme-point-with-optimal-objective
/questions/63772193/how-would-i-modify-a-3d-cave-systems-so-that-it-is-does-not-remove-as-much-mater
/questions/43681340/angular4-error-message-shows-code-which-differs-from-the-code-thats-supposed-to
/questions/17624020/collision-prediction-using-minkowski-sum
/questions/39780134/how-to-make-and-draw-a-perlin-noise-on-a-jpanel
/questions/35961615/expectation-vs-direct-numerical-optimization-of-likelihood-function-for-estimat
/questions/76408085/how-can-i-improve-the-performance-of-my-html5-2d-canvas
/questions/30363501/setting-convergence-criteria-for-scipy-optimize-fmin-and-others
/questions/17378559/how-to-get-multiple-different-unsat-cores-or-make-the-core-smaller-with-z3-qf-l
/questions/9695112/why-do-perlin-noise-algorithms-use-lookup-tables-for-random-numbers
/questions/63064690/is-there-any-way-to-improve-performance-of-my-procedural-generation-code
/questions/58485293/how-to-draw-weighted-convex-hull-in-matlab
/questions/67508998/plot-triangles-in-real-time
/questions/73255628/infinte-map-generation-in-isometric-game-java-libgdx
/questions/64843961/is-there-a-way-to-initialize-the-starting-point-of-scipy-optimize-linprog
/questions/31562666/2-dimensional-minimization-without-derivatives-and-ignoring-certain-input-parame
/questions/43307487/how-to-create-post-and-delete-unpost-constraints-during-search-in-choco
/questions/56828109/global-random-seed-parameter-in-scip
/questions/52931234/find-best-combination-between-many-products-and-multiple-sellers
/questions/23509873/connect-two-procedurally-generated-landscape-pieces
/questions/63212143/calculating-object-rotation-based-on-plane-normal
/questions/36302861/3d-procedural-generation-of-infinite-caves
/questions/45349528/pulling-non-zero-values-from-excel
/questions/41173944/is-there-any-documentation-on-the-memory-required-by-scipy-optimize-linprog-or-o
/questions/6515529/gjk-collision-detection-implementation-from-2d-to-3d
/questions/59532264/how-to-know-if-a-problem-belongs-to-np-class
/questions/14875206/single-pair-shortest-path-multiple-travelers
/questions/40910351/why-is-each-iteration-in-nelder-mead-in-scipy-so-slow
/questions/57547460/how-to-simulate-mouse-movement-to-procedurally-generate-beautiful-galaxies-in-js
/questions/59930408/how-to-get-optimal-cutoff-values-for-two-variables-with-linear-programming
/questions/18598399/what-algorithm-should-i-use-to-find-the-minimum-flow-on-a-digraph-where-there-ar
/questions/70870774/networkx-network-simplex-function-overflow-warning-without-floating-numbers
/questions/51430040/references-or-standardization-of-value-updating-in-constraint-satisfaction
/questions/45226931/triangulate-a-set-of-points-with-a-concave-domain
/questions/13919358/identifying-lakes-in-a-bit-mask-in-javascript
/questions/14949828/many-to-many-generalized-assignment-%ce%a1roblem
/questions/36246666/find-exact-solutions-to-linear-program
/questions/22487133/how-to-find-the-optimal-sum
/questions/61393463/is-there-an-efficient-way-to-generate-n-random-integers-in-a-range-that-have-a-g
/questions/40828836/feasible-method-is-stucked-in-infinite-loop
/questions/70529076/draw-non-overlapping-lines-between-objects
/questions/10593595/dynamic-programming-problems-with-an-additional-condition-besides-the-value-that
/questions/62105405/how-does-constrained-nonlinear-optimization-vi-works-theory
/questions/14884/find-the-best-combination-from-a-given-set-of-multiple-sets
/questions/57443867/how-to-color-voronoi-polygons-defined-by-area-1-area
/questions/64229245/mle-for-censored-distributions-of-the-exponential-family
/questions/11681715/generalized-load-balancing-glb-using-linear-programming-lp
/questions/39008772/understanding-cplex-output
/questions/41661369/smoothly-mapping-a-2d-uv-point-onto-a-3d-xyz-sphere
/questions/37594926/stitching-multiple-2d-arrays
/questions/67279570/what-algorithms-can-i-use-to-optimize-in-a-high-dimensional-discrete-space-in-py
/questions/42048893/matlab-linprog-yields-an-unbounded-result-to-a-bounded-model
/questions/42048893/matlab-linprog-yields-an-unbounded-result-to-a-bounded-model
/questions/20520449/in-ipython-qt-console-sp-info-doesnt-print-inside-the-console
/questions/54833334/finding-optimal-solution-to-multivariable-function-with-non-negligible-solution
/questions/75534993/trying-to-find-a-good-allocation-algorithm-for-a-rota
/questions/34821894/scipy-linear-programming-with-sparse-matrices
/questions/60886532/checking-which-triangles-intersect-a-convex-hull
/questions/41204430/normalising-parameter-scale-with-fminsearch
/questions/34220477/connect-points-to-plane-draw-polygon
/questions/43202913/procedural-terrain-programming-in-unity-3d
/questions/1997797/what-is-the-best-way-for-polling
/questions/60817219/linear-programming-explanation-in-algorithms-by-sanjoy-dasgupta
/questions/26130725/vector-of-n-numbers-around-a-specific-number
/questions/43221084/terrain-generation-with-realistic-height-map
/questions/53652749/matplotlib-extract-2d-contour-of-a-3d-polygons-plot
/questions/24866106/graph-partitioning-optimization
/questions/19363960/closest-points-set-on-simplicial-complex
/questions/63443904/implementing-raycasting-for-pathfinding-lwjgl
/questions/69586047/why-is-microsoft-solver-foundation-not-returning-a-solution
/questions/40609159/optimization-of-horizontal-lines
/questions/43179809/diamond-square-improper-implementation
/questions/63463124/resource-with-schedules-allocation-problem
/questions/42445151/keep-c-modularity-without-passing-functions-between-classes
/questions/68455171/stretch-noise-value-meanwhile-keep-it-in-range-math-issue
/questions/11538660/how-to-get-different-centrality-indexes-of-each-node-from-a-neo4j-graph
/questions/44072530/valgrind-finds-implausible-number-of-invalid-writes-and-reads
/questions/73409787/gekko-and-pulp-results-differs-but-both-are-valid-why
/questions/61127555/how-to-create-a-multidimenisonal-prng
/questions/61127555/how-to-create-a-multidimenisonal-prng
/questions/31605431/incrementally-adding-constraints-to-a-linear-programming-instance
/questions/67663563/change-output-of-random-list-shuffle-slightly-when-changing-seed-slightly
/questions/56867927/using-fminsearch-for-parameter-estimation
