/questions/44594132/finding-a-strongly-connected-components-in-undirected-graphs
/questions/51254686/strongly-connected-components-in-graph-networkx-library
/questions/13764583/finding-strongly-connected-components-in-a-graph-through-dfs
/questions/23691980/finding-strongly-connected-component-in-a-directed-graph
/questions/13033343/finding-the-strongly-connected-components-in-a-di-graph-in-one-dfs
/questions/11212676/what-are-strongly-connected-components-used-for
/questions/24631445/strongly-connected-component-in-directed-graphs
/questions/2890001/graph-strongly-connected-components
/questions/74564384/a-graph-with-maximum-number-of-strongly-connected-components
/questions/53113010/strongly-connected-components-kosaraju-algorithm
/questions/67448660/graph-definition-of-strongly-connected-component-scc
/questions/67318844/how-to-create-a-graph-of-largest-strongly-connected-component
/questions/11093690/finding-strongly-connected-components
/questions/31634199/how-to-process-nodes-of-strongly-connected-components-in-a-directed-graph
/questions/33590974/how-to-find-strongly-connected-components-in-a-graph
/questions/48932654/how-many-strongly-connected-components-is-there-in-this-graph
/questions/46316874/largest-strongly-connected-components-of-a-directed-graph
/questions/34501010/matlab-finding-strongly-connected-components-in-undirected-graph
/questions/42477945/how-can-i-find-strongly-connected-components-within-larger-strongly-connected-co
/questions/36612685/strongly-connected-component
/questions/30105232/visualize-strongly-connected-components-in-r
/questions/18545463/how-can-the-number-of-strongly-connected-components-of-a-graph-change-if-a-new-e
/questions/60616912/is-it-possible-to-visualize-the-strongly-connected-components-of-directed-graph
/questions/31732038/computing-the-top-5-sccstrongly-connected-components-components-in-a-directed
/questions/30217411/how-to-get-the-edge-list-of-a-strongly-connected-components-in-a-graph
/questions/12681785/creating-strongly-connected-components-from-a-dag
/questions/26282281/implement-strongly-connected-components-for-integers-in-file
/questions/25108104/creating-a-graph-and-finding-strongly-connected-components-in-a-single-pass-not
/questions/19431252/how-to-find-if-the-whole-graph-is-one-strongly-connected-component
/questions/53437095/strongly-connected-components-with-bfs
/questions/55231034/update-strongly-connected-components-as-edges-are-added
/questions/31161188/connected-subgraph-from-several-strongly-connected-components
/questions/50826023/strongly-connected-component-algorithm
/questions/21000259/how-to-find-connected-components-in-graph-with-ruby
/questions/30581633/doing-topological-sort-using-strongly-connected-components-to-find-cycles-digra
/questions/9455112/detecting-all-simple-cycles-in-strongly-connected-componentscomplexity
/questions/47996115/finding-a-strongly-connected-component-with-a-desired-node-in-it
/questions/40393127/dfs-strongly-connected-components-dilemma
/questions/31217642/finding-cliques-or-strongly-connected-components-in-apache-spark-using-graphx
/questions/6575058/tarjans-strongly-connected-components-algorithm-in-python-not-working
/questions/27219813/gc-overhead-error-in-scala-while-computing-strongly-connected-components-of-grap
/questions/37291876/finding-fully-connected-components
/questions/65294828/strongly-connected-components-quastion
/questions/71907534/finding-no-of-strongly-connected-components-wrong-answer-by-my-code
/questions/64212554/in-a-directed-graph-why-are-finish-times-used-instead-of-discovery-time-to-dete
/questions/64212554/in-a-directed-graph-why-are-finish-times-used-instead-of-discovery-time-to-dete
/questions/12994991/why-doesnt-increasing-order-of-the-post-no-gives-sink-node-in-strongly-connect
/questions/49352911/finding-arcs-between-strongly-connected-components
/questions/23182766/i-can-not-really-understand-how-the-strongly-connected-component-algorithm-works
/questions/66698126/strongly-connected-components
/questions/4602429/find-all-sets-of-strongly-connected-vertices
/questions/36611360/javascript-equivalent-of-matlab-for-finding-strongly-connected-components-in-a-b
/questions/8249285/define-strongly-connected-components
/questions/53871352/scala-computing-strongly-connected-components-stack-overflow-error
/questions/53249042/i-understand-2-sat-can-be-solved-in-polynomial-time-finding-out-strongly-connect
/questions/48588261/how-to-build-an-array-to-present-relationship-of-nodes-in-strongly-connected-com
/questions/12959799/using-strongly-connected-components-algo-as-cycle-detection
/questions/10077512/finding-strongly-connected-components-no-recursion
/questions/66714829/finding-the-number-of-strongly-connected-components
/questions/39545803/make-an-undirected-graph-a-strongly-connected-component-scc
/questions/21061507/finding-strongly-connected-components-kosaraju-s-algorithm
/questions/36091593/algorithm-for-finding-every-weakly-connected-component-of-a-directed-graph
/questions/58550827/implementing-tarjans-strongly-connected-components-without-relying-on-potential
/questions/62310600/spark-graphframes-label-propagation-vs-strongly-connected-components
/questions/18043867/is-it-allowed-to-have-strongly-connected-components-in-a-graph-in-cpm-pert
/questions/58132419/finding-number-of-edges-on-strongly-connected-component
/questions/2168311/strongly-connected-components-scc-graph-algorithm-in-sml
/questions/33676519/strongly-connected-component-with-constraint
/questions/50302930/why-do-i-get-stackoverflowerror-when-trying-to-dfs-this-graph-for-finding-strong
/questions/53353750/in-the-graph-theory-is-a-strongly-connected-component-scc-form-a-dag
/questions/41527693/tarjans-strong-connected-component-wrong-or-my-code-is-wrong
/questions/17765975/finding-a-different-sort-of-connected-component
/questions/76152228/networkx-how-to-find-the-average-shortest-path-length-of-weakly-connected-comp
/questions/40069275/c-how-to-increase-stack-size-to-allow-more-recursion-for-kosarajus-algorithm
/questions/47637850/get-nodes-from-a-graph-condensation
/questions/46939471/strongly-component
/questions/25229624/using-bfs-for-topological-sort
/questions/73841959/getting-segmentation-fault-while-implementing-kosaraju-algorithm
/questions/62863858/find-a-path-from-vertex-s-to-vertex-t-with-minimal-number-of-color-alternates
/questions/71807026/how-to-connect-all-components-of-a-digraph-in-networkx
/questions/72358458/kosaraju-implementation-in-c-not-completely-correct
/questions/20901274/why-do-we-need-to-run-dfs-on-the-complement-of-a-graph-in-the-kosarajus-algorit
/questions/64648771/what-does-not-strongly-connected-graph-means-in-centiserve-centroid-computatio
/questions/14948770/minimize-set-of-edges-in-a-directed-graph-keeping-connected-components
/questions/50022151/how-to-get-the-strongly-connected-components-of-a-rascal-context-free-grammar
/questions/11082676/finding-strong-connected-components
/questions/76127386/how-to-measure-connectivity-using-tarjans-algorithm-in-apache-age-to-measure-co
/questions/56637990/what-does-the-argument-weak-or-strong-do-for-scipy-sparse-csgraph-connected
/questions/21405321/find-all-cycles-in-the-directed-graph
/questions/43163851/2-satisfiability-strongly-connected-components-topological-ordering
/questions/10152447/maximum-number-of-cycles-in-a-directed-graph-with-verices-v-and-edges-e
/questions/46511682/non-recursive-version-of-tarjans-algorithm
/questions/59116628/algorithm-to-partition-graph-into-complete-subgraphs
/questions/54229074/size-number-of-edges-of-strongly-connected-components-scc-in-a-graph-using-k
/questions/22314164/ensuring-a-partially-connected-digraph-is-strongly-connected
/questions/38732559/can-the-finishing-times-for-kosarajus-algorithm-be-generated-from-the-original
/questions/53462584/nodes-or-set-of-nodes-connected-to-a-subgraph-networkx
/questions/40604155/how-is-johnsons-algorithm-not-polynomial
/questions/8224129/find-cycles-of-specific-length
/questions/76255106/find-a-group-of-unreachable-nodes-from-each-other
/questions/10186576/does-a-path-exist-through-all-vertices-of-a-directed-graph
/questions/72853805/let-g-v-e-directed-graph-let-v-be-a-vertex-in-g-find-the-number-of-vertices
/questions/47115722/how-to-find-if-a-path-exists-from-one-scc-to-another
/questions/18655356/impact-on-sccs-of-adding-an-edge-to-a-graph
/questions/15400993/cycle-detection-in-a-multigraph
/questions/23213993/what-is-the-lowelink-mean-of-tarjans-algorithm
/questions/45094121/reason-for-finding-partial-order-of-a-graph
/questions/32525755/let-g-be-a-directed-graph-there-is-a-special-vertex-s-such-that-there-is-a-path
/questions/56878508/kosarajus-scc-recursive-program-terminates-automatically-while-executing-on-lar
/questions/73043051/tarjans-algorithm-in-graph-theory
/questions/8787903/how-to-read-a-dot-file-using-a-boost-library
/questions/67589448/can-we-use-only-one-index-array-in-tarjan-algorithm
/questions/61300715/euler-circuit-in-a-directed-graph
/questions/16133329/finding-a-group-of-vertices-in-a-graph-so-that-each-vertex-can-reach-k-other-ver
/questions/18351953/computing-numbers-of-simple-path-in-directed-graph-containing-cycles
/questions/53680188/kosaraju-s-algorithm-for-scc
/questions/61211219/kosarajus-algorithm-implementation-problem
/questions/74453129/how-to-break-down-strongly-connected-components-scc-in-a-graph-to-obtain-small
/questions/63446665/weakly-connected-graph-if-there-is-a-single-vertex-without-incoming-edges-is-i
/questions/20246417/how-to-detect-if-adding-an-edge-to-a-directed-graph-results-in-a-cycle
/questions/39281720/running-dfs-on-large-graph
/questions/57118516/finding-all-edges-that-appear-on-at-least-one-s-t-path
/questions/58580017/can-i-create-a-graph-in-c-using-stl
/questions/64941807/algorithm-for-shortest-path-to-cover-all-the-routes
/questions/70491133/implementing-kosarajus-algorithm-for-sccs
/questions/53194010/is-dfs-faster-than-bfs-when-searching-a-specific-node-in-ssc
/questions/58576317/graph-traversal-topologicalsort-post-visit-number-and-pre-visit-number
/questions/53561625/label-an-edge-with-number-of-cycles-it-participates-in
/questions/68426043/get-components-of-a-graph-scc
/questions/61664379/graphx-or-graphframe-community-detection-in-undirected-weighted-graph
/questions/62120042/tarjan-algorithm-recursion-mistakes
/questions/6903484/graph-library-for-mono
/questions/33647315/how-do-i-explore-a-directed-graph-dag-by-visting-minimum-number-of-starting-ve
/questions/29101038/new-graph-with-adding-1-edges-and-number
/questions/19736393/using-bfs-or-dfs-to-determine-the-connectivity-in-a-non-connected-graph
/questions/32691756/finding-a-number-of-cycles-in-a-graph
/questions/4625440/cycle-enumeration-of-a-directed-graph-with-multi-edges
/questions/55815321/appending-a-list-item-during-reccursion-callat-the-end-i-get-empty-list
/questions/40284774/efficient-way-for-finding-all-the-complete-subgraphs-of-a-given-graph-python
/questions/1703553/enumerating-all-minimal-directed-cycles-of-a-directed-graph
/questions/72139569/segmentation-fault-unordered-maptarjans-algorithm
/questions/33606608/directed-graph-decomposition
/questions/14477309/error-while-creating-stdvector-object-c
/questions/37130079/cannot-use-an-edge-sequence-from-another-graph-error
/questions/10764597/graph-clustering-for-almost-clustered-graph-by-removing-nodesvertices
/questions/11242767/making-a-bipartite-graph-scc-by-adding-minimum-edges
/questions/31170769/verify-if-an-undirected-graph-has-cycles
/questions/51583213/finding-the-longest-path-in-a-directed-cyclic-graph
/questions/51583213/finding-the-longest-path-in-a-directed-cyclic-graph
/questions/27494929/pairs-of-vertices-unreachable-from-each-other-in-a-directed-graph
/questions/37293070/how-to-design-neural-network-ouput-to-segment-or-label-an-image-with-some-overla
/questions/10149878/c-library-for-graphs
/questions/41731783/pythonw-exe-has-stopped-working
/questions/61672654/boost-strong-components-with-lists
/questions/70337795/weighted-directed-graph-clustering
/questions/10195034/java-stack-overflow-on-computing-scc-on-large-graph
/questions/20087283/will-scc-pattern-change-if-we-reverse-a-graphusing-kosarajus-algorithm
/questions/75401520/how-to-intake-strings-and-input-them-to-a-graph
/questions/52904647/how-to-look-for-the-edges-that-must-exist-in-every-minimum-spanning-trees-of-a-w
/questions/34257157/non-recursive-kosarajus-two-pass-algorithm-implementation-taking-forever-to-exe
/questions/6342582/efficient-algorithm-for-loop-identification-in-a-directed-graph
/questions/14150011/why-doesnt-haskell-support-mutually-recursive-modules
/questions/60585206/find-the-highest-reachable-node-from-each-node
/questions/63404896/tarjans-algorithm-implementation-low-value-node-issue
/questions/59423606/dfs-implementation-for-abstract-graph-in-haskell
/questions/40961732/detecting-a-cycle-in-a-path-between-2-vertices
/questions/27964286/tarjans-cycle-detection-missing-cycles
/questions/15425129/tarjans-circular-cycle-multigraph-unique-nodes
/questions/54567933/how-to-indetify-loops-cyclines-in-an-underected-graph
/questions/23147705/bug-in-my-ruby-version-of-tarjans-algorithm
/questions/74184028/networkx-community-detection-algorithms-run-indefinetely
/questions/15514990/how-can-i-determine-if-a-directed-graph-has-a-path-that-consumes-all-edges-start
/questions/72533491/detect-disconnected-subtours-in-graph
/questions/2839908/find-all-cycles-in-graph-redux
/questions/67442900/finding-a-minimal-set-of-vertices-that-satisfy-the-given-constraints
/questions/38401154/how-to-experimentally-simulate-and-compare-various-graph-cycle-detection-algorit
/questions/61831654/why-does-it-makes-unknown-signal-11
/questions/47424351/most-lightweight-circle-in-directed-graph-that-goes-through-specific-vertex
/questions/31805404/algorithm-for-finding-cost-of-a-node-based-on-preceding-nodes-in-a-cyclic-graph
/questions/28355323/can-i-use-just-a-simple-set-for-cycle-detection-in-directed-graph
/questions/43964492/segmentation-fault-while-accepting-graph-inputs-from-input-file
/questions/63732271/how-can-i-get-rid-of-this-stack-overflow-problem-in-python-for-kosarajus-algori
/questions/64817457/grouping-people-by-hobbies
/questions/30240878/how-to-find-path-of-a-cycle-from-an-adjacency-list
/questions/71044069/same-id-generation-for-same-users-in-spark
/questions/27218194/should-d-b-johnsons-elementary-circuits-algorithm-produce-distinct-results
/questions/74336557/how-to-topologically-sort-a-directed-graph-with-cycles
/questions/15588068/using-dfs-on-a-graph-determine-if-a-graph-is-a-clique-with-specific-scc
/questions/13695432/finding-out-paths-in-a-graph-of-175k-nodes
/questions/8038717/incremental-graph-algorithms
/questions/3747313/non-recursive-depth-first-search-on-graphs-for-delphi
/questions/30995899/equivalence-relation-in-dfs
/questions/72330587/kattis-problem-dominos-run-time-error-on-the-final-testcase-am-i-missing-somet
/questions/71240808/classifying-components-by-similar-tag-values
/questions/26827066/appropriate-data-structure-for-storing-data-read-from-a-large-text-file
/questions/57363426/how-to-know-the-maximum-recursion-depth-one-can-set-for-a-platform-in-python-3
/questions/36106287/c-implement-merging-of-graph-nodes-using-dereference-operator-overloading
/questions/49411719/print-edges-that-connect-a-scc-to-another-scc
/questions/32909424/abort-boost-graph-dfs-on-back-edge
/questions/42263870/memoryerror-when-using-networkx-simple-cycles-function
/questions/21565713/dfs-on-directed-graph-kosarajus-algorithm
/questions/62986053/breaking-cycles-in-a-digraph-with-the-condition-of-preserving-connectivity-for-c
/questions/45776022/how-to-sort-the-keys-of-a-dictionary-in-python
/questions/62753260/kosaraju-algorithm-computing-sccs
/questions/54665847/knapsack-problem-with-dependent-selection
/questions/25685203/how-to-effectively-join-all-intersected-vectors
/questions/55258926/extract-clusters-sets-of-nodes-from-an-undirected-graph
/questions/68532604/traverse-as-many-edges-as-possible-between-two-vertices-in-a-directed-graph
/questions/57315299/how-can-i-check-unreachable-subgraph-exists-when-i-cut-the-specific-edge
/questions/23966145/order-of-steps-in-kosarajus-algorithm
/questions/65040059/node-with-the-lowest-number-of-path-ending
/questions/44594132/finding-a-strongly-connected-components-in-undirected-graphs
/questions/51254686/strongly-connected-components-in-graph-networkx-library
/questions/13764583/finding-strongly-connected-components-in-a-graph-through-dfs
/questions/23691980/finding-strongly-connected-component-in-a-directed-graph
/questions/13033343/finding-the-strongly-connected-components-in-a-di-graph-in-one-dfs
/questions/11212676/what-are-strongly-connected-components-used-for
/questions/24631445/strongly-connected-component-in-directed-graphs
/questions/2890001/graph-strongly-connected-components
/questions/74564384/a-graph-with-maximum-number-of-strongly-connected-components
/questions/53113010/strongly-connected-components-kosaraju-algorithm
/questions/67448660/graph-definition-of-strongly-connected-component-scc
/questions/67318844/how-to-create-a-graph-of-largest-strongly-connected-component
/questions/11093690/finding-strongly-connected-components
/questions/31634199/how-to-process-nodes-of-strongly-connected-components-in-a-directed-graph
/questions/33590974/how-to-find-strongly-connected-components-in-a-graph
/questions/48932654/how-many-strongly-connected-components-is-there-in-this-graph
/questions/46316874/largest-strongly-connected-components-of-a-directed-graph
/questions/34501010/matlab-finding-strongly-connected-components-in-undirected-graph
/questions/42477945/how-can-i-find-strongly-connected-components-within-larger-strongly-connected-co
/questions/36612685/strongly-connected-component
/questions/30105232/visualize-strongly-connected-components-in-r
/questions/18545463/how-can-the-number-of-strongly-connected-components-of-a-graph-change-if-a-new-e
/questions/60616912/is-it-possible-to-visualize-the-strongly-connected-components-of-directed-graph
/questions/31732038/computing-the-top-5-sccstrongly-connected-components-components-in-a-directed
/questions/30217411/how-to-get-the-edge-list-of-a-strongly-connected-components-in-a-graph
/questions/12681785/creating-strongly-connected-components-from-a-dag
/questions/26282281/implement-strongly-connected-components-for-integers-in-file
/questions/25108104/creating-a-graph-and-finding-strongly-connected-components-in-a-single-pass-not
/questions/19431252/how-to-find-if-the-whole-graph-is-one-strongly-connected-component
/questions/53437095/strongly-connected-components-with-bfs
/questions/55231034/update-strongly-connected-components-as-edges-are-added
/questions/31161188/connected-subgraph-from-several-strongly-connected-components
/questions/50826023/strongly-connected-component-algorithm
/questions/21000259/how-to-find-connected-components-in-graph-with-ruby
/questions/30581633/doing-topological-sort-using-strongly-connected-components-to-find-cycles-digra
/questions/9455112/detecting-all-simple-cycles-in-strongly-connected-componentscomplexity
/questions/47996115/finding-a-strongly-connected-component-with-a-desired-node-in-it
/questions/40393127/dfs-strongly-connected-components-dilemma
/questions/31217642/finding-cliques-or-strongly-connected-components-in-apache-spark-using-graphx
/questions/6575058/tarjans-strongly-connected-components-algorithm-in-python-not-working
/questions/27219813/gc-overhead-error-in-scala-while-computing-strongly-connected-components-of-grap
/questions/37291876/finding-fully-connected-components
/questions/65294828/strongly-connected-components-quastion
/questions/71907534/finding-no-of-strongly-connected-components-wrong-answer-by-my-code
/questions/64212554/in-a-directed-graph-why-are-finish-times-used-instead-of-discovery-time-to-dete
/questions/64212554/in-a-directed-graph-why-are-finish-times-used-instead-of-discovery-time-to-dete
/questions/12994991/why-doesnt-increasing-order-of-the-post-no-gives-sink-node-in-strongly-connect
/questions/49352911/finding-arcs-between-strongly-connected-components
/questions/23182766/i-can-not-really-understand-how-the-strongly-connected-component-algorithm-works
/questions/66698126/strongly-connected-components
/questions/4602429/find-all-sets-of-strongly-connected-vertices
/questions/36611360/javascript-equivalent-of-matlab-for-finding-strongly-connected-components-in-a-b
/questions/8249285/define-strongly-connected-components
/questions/53871352/scala-computing-strongly-connected-components-stack-overflow-error
/questions/53249042/i-understand-2-sat-can-be-solved-in-polynomial-time-finding-out-strongly-connect
/questions/48588261/how-to-build-an-array-to-present-relationship-of-nodes-in-strongly-connected-com
/questions/12959799/using-strongly-connected-components-algo-as-cycle-detection
/questions/10077512/finding-strongly-connected-components-no-recursion
/questions/66714829/finding-the-number-of-strongly-connected-components
/questions/39545803/make-an-undirected-graph-a-strongly-connected-component-scc
/questions/21061507/finding-strongly-connected-components-kosaraju-s-algorithm
/questions/36091593/algorithm-for-finding-every-weakly-connected-component-of-a-directed-graph
/questions/58550827/implementing-tarjans-strongly-connected-components-without-relying-on-potential
/questions/62310600/spark-graphframes-label-propagation-vs-strongly-connected-components
/questions/18043867/is-it-allowed-to-have-strongly-connected-components-in-a-graph-in-cpm-pert
/questions/58132419/finding-number-of-edges-on-strongly-connected-component
/questions/2168311/strongly-connected-components-scc-graph-algorithm-in-sml
/questions/33676519/strongly-connected-component-with-constraint
/questions/50302930/why-do-i-get-stackoverflowerror-when-trying-to-dfs-this-graph-for-finding-strong
/questions/53353750/in-the-graph-theory-is-a-strongly-connected-component-scc-form-a-dag
/questions/41527693/tarjans-strong-connected-component-wrong-or-my-code-is-wrong
/questions/17765975/finding-a-different-sort-of-connected-component
/questions/76152228/networkx-how-to-find-the-average-shortest-path-length-of-weakly-connected-comp
/questions/40069275/c-how-to-increase-stack-size-to-allow-more-recursion-for-kosarajus-algorithm
/questions/47637850/get-nodes-from-a-graph-condensation
/questions/46939471/strongly-component
/questions/25229624/using-bfs-for-topological-sort
/questions/73841959/getting-segmentation-fault-while-implementing-kosaraju-algorithm
/questions/62863858/find-a-path-from-vertex-s-to-vertex-t-with-minimal-number-of-color-alternates
/questions/71807026/how-to-connect-all-components-of-a-digraph-in-networkx
/questions/72358458/kosaraju-implementation-in-c-not-completely-correct
/questions/20901274/why-do-we-need-to-run-dfs-on-the-complement-of-a-graph-in-the-kosarajus-algorit
/questions/64648771/what-does-not-strongly-connected-graph-means-in-centiserve-centroid-computatio
/questions/14948770/minimize-set-of-edges-in-a-directed-graph-keeping-connected-components
/questions/50022151/how-to-get-the-strongly-connected-components-of-a-rascal-context-free-grammar
/questions/11082676/finding-strong-connected-components
/questions/76127386/how-to-measure-connectivity-using-tarjans-algorithm-in-apache-age-to-measure-co
/questions/56637990/what-does-the-argument-weak-or-strong-do-for-scipy-sparse-csgraph-connected
/questions/21405321/find-all-cycles-in-the-directed-graph
/questions/43163851/2-satisfiability-strongly-connected-components-topological-ordering
/questions/10152447/maximum-number-of-cycles-in-a-directed-graph-with-verices-v-and-edges-e
/questions/46511682/non-recursive-version-of-tarjans-algorithm
/questions/59116628/algorithm-to-partition-graph-into-complete-subgraphs
/questions/54229074/size-number-of-edges-of-strongly-connected-components-scc-in-a-graph-using-k
/questions/22314164/ensuring-a-partially-connected-digraph-is-strongly-connected
/questions/38732559/can-the-finishing-times-for-kosarajus-algorithm-be-generated-from-the-original
/questions/53462584/nodes-or-set-of-nodes-connected-to-a-subgraph-networkx
/questions/40604155/how-is-johnsons-algorithm-not-polynomial
/questions/8224129/find-cycles-of-specific-length
/questions/76255106/find-a-group-of-unreachable-nodes-from-each-other
/questions/10186576/does-a-path-exist-through-all-vertices-of-a-directed-graph
/questions/72853805/let-g-v-e-directed-graph-let-v-be-a-vertex-in-g-find-the-number-of-vertices
/questions/47115722/how-to-find-if-a-path-exists-from-one-scc-to-another
/questions/18655356/impact-on-sccs-of-adding-an-edge-to-a-graph
/questions/15400993/cycle-detection-in-a-multigraph
/questions/23213993/what-is-the-lowelink-mean-of-tarjans-algorithm
/questions/45094121/reason-for-finding-partial-order-of-a-graph
/questions/32525755/let-g-be-a-directed-graph-there-is-a-special-vertex-s-such-that-there-is-a-path
/questions/56878508/kosarajus-scc-recursive-program-terminates-automatically-while-executing-on-lar
/questions/73043051/tarjans-algorithm-in-graph-theory
/questions/8787903/how-to-read-a-dot-file-using-a-boost-library
/questions/67589448/can-we-use-only-one-index-array-in-tarjan-algorithm
/questions/61300715/euler-circuit-in-a-directed-graph
/questions/16133329/finding-a-group-of-vertices-in-a-graph-so-that-each-vertex-can-reach-k-other-ver
/questions/18351953/computing-numbers-of-simple-path-in-directed-graph-containing-cycles
/questions/53680188/kosaraju-s-algorithm-for-scc
/questions/61211219/kosarajus-algorithm-implementation-problem
/questions/74453129/how-to-break-down-strongly-connected-components-scc-in-a-graph-to-obtain-small
/questions/63446665/weakly-connected-graph-if-there-is-a-single-vertex-without-incoming-edges-is-i
/questions/20246417/how-to-detect-if-adding-an-edge-to-a-directed-graph-results-in-a-cycle
/questions/39281720/running-dfs-on-large-graph
/questions/57118516/finding-all-edges-that-appear-on-at-least-one-s-t-path
/questions/58580017/can-i-create-a-graph-in-c-using-stl
/questions/64941807/algorithm-for-shortest-path-to-cover-all-the-routes
/questions/70491133/implementing-kosarajus-algorithm-for-sccs
/questions/53194010/is-dfs-faster-than-bfs-when-searching-a-specific-node-in-ssc
/questions/58576317/graph-traversal-topologicalsort-post-visit-number-and-pre-visit-number
/questions/53561625/label-an-edge-with-number-of-cycles-it-participates-in
/questions/68426043/get-components-of-a-graph-scc
/questions/61664379/graphx-or-graphframe-community-detection-in-undirected-weighted-graph
/questions/62120042/tarjan-algorithm-recursion-mistakes
/questions/6903484/graph-library-for-mono
/questions/33647315/how-do-i-explore-a-directed-graph-dag-by-visting-minimum-number-of-starting-ve
/questions/29101038/new-graph-with-adding-1-edges-and-number
/questions/19736393/using-bfs-or-dfs-to-determine-the-connectivity-in-a-non-connected-graph
/questions/32691756/finding-a-number-of-cycles-in-a-graph
/questions/4625440/cycle-enumeration-of-a-directed-graph-with-multi-edges
/questions/55815321/appending-a-list-item-during-reccursion-callat-the-end-i-get-empty-list
/questions/40284774/efficient-way-for-finding-all-the-complete-subgraphs-of-a-given-graph-python
/questions/1703553/enumerating-all-minimal-directed-cycles-of-a-directed-graph
/questions/72139569/segmentation-fault-unordered-maptarjans-algorithm
/questions/33606608/directed-graph-decomposition
/questions/14477309/error-while-creating-stdvector-object-c
/questions/37130079/cannot-use-an-edge-sequence-from-another-graph-error
/questions/10764597/graph-clustering-for-almost-clustered-graph-by-removing-nodesvertices
/questions/11242767/making-a-bipartite-graph-scc-by-adding-minimum-edges
/questions/31170769/verify-if-an-undirected-graph-has-cycles
/questions/51583213/finding-the-longest-path-in-a-directed-cyclic-graph
/questions/51583213/finding-the-longest-path-in-a-directed-cyclic-graph
/questions/27494929/pairs-of-vertices-unreachable-from-each-other-in-a-directed-graph
/questions/37293070/how-to-design-neural-network-ouput-to-segment-or-label-an-image-with-some-overla
/questions/10149878/c-library-for-graphs
/questions/41731783/pythonw-exe-has-stopped-working
/questions/61672654/boost-strong-components-with-lists
/questions/70337795/weighted-directed-graph-clustering
/questions/10195034/java-stack-overflow-on-computing-scc-on-large-graph
/questions/20087283/will-scc-pattern-change-if-we-reverse-a-graphusing-kosarajus-algorithm
/questions/75401520/how-to-intake-strings-and-input-them-to-a-graph
/questions/52904647/how-to-look-for-the-edges-that-must-exist-in-every-minimum-spanning-trees-of-a-w
/questions/34257157/non-recursive-kosarajus-two-pass-algorithm-implementation-taking-forever-to-exe
/questions/6342582/efficient-algorithm-for-loop-identification-in-a-directed-graph
/questions/14150011/why-doesnt-haskell-support-mutually-recursive-modules
/questions/60585206/find-the-highest-reachable-node-from-each-node
/questions/63404896/tarjans-algorithm-implementation-low-value-node-issue
/questions/59423606/dfs-implementation-for-abstract-graph-in-haskell
/questions/40961732/detecting-a-cycle-in-a-path-between-2-vertices
/questions/27964286/tarjans-cycle-detection-missing-cycles
/questions/15425129/tarjans-circular-cycle-multigraph-unique-nodes
/questions/54567933/how-to-indetify-loops-cyclines-in-an-underected-graph
/questions/23147705/bug-in-my-ruby-version-of-tarjans-algorithm
/questions/74184028/networkx-community-detection-algorithms-run-indefinetely
/questions/15514990/how-can-i-determine-if-a-directed-graph-has-a-path-that-consumes-all-edges-start
/questions/72533491/detect-disconnected-subtours-in-graph
/questions/2839908/find-all-cycles-in-graph-redux
/questions/67442900/finding-a-minimal-set-of-vertices-that-satisfy-the-given-constraints
/questions/38401154/how-to-experimentally-simulate-and-compare-various-graph-cycle-detection-algorit
/questions/61831654/why-does-it-makes-unknown-signal-11
/questions/47424351/most-lightweight-circle-in-directed-graph-that-goes-through-specific-vertex
/questions/31805404/algorithm-for-finding-cost-of-a-node-based-on-preceding-nodes-in-a-cyclic-graph
/questions/28355323/can-i-use-just-a-simple-set-for-cycle-detection-in-directed-graph
/questions/43964492/segmentation-fault-while-accepting-graph-inputs-from-input-file
/questions/63732271/how-can-i-get-rid-of-this-stack-overflow-problem-in-python-for-kosarajus-algori
/questions/64817457/grouping-people-by-hobbies
/questions/30240878/how-to-find-path-of-a-cycle-from-an-adjacency-list
/questions/71044069/same-id-generation-for-same-users-in-spark
/questions/27218194/should-d-b-johnsons-elementary-circuits-algorithm-produce-distinct-results
/questions/74336557/how-to-topologically-sort-a-directed-graph-with-cycles
/questions/15588068/using-dfs-on-a-graph-determine-if-a-graph-is-a-clique-with-specific-scc
/questions/13695432/finding-out-paths-in-a-graph-of-175k-nodes
/questions/8038717/incremental-graph-algorithms
/questions/3747313/non-recursive-depth-first-search-on-graphs-for-delphi
/questions/30995899/equivalence-relation-in-dfs
/questions/72330587/kattis-problem-dominos-run-time-error-on-the-final-testcase-am-i-missing-somet
/questions/71240808/classifying-components-by-similar-tag-values
/questions/26827066/appropriate-data-structure-for-storing-data-read-from-a-large-text-file
/questions/57363426/how-to-know-the-maximum-recursion-depth-one-can-set-for-a-platform-in-python-3
/questions/36106287/c-implement-merging-of-graph-nodes-using-dereference-operator-overloading
/questions/49411719/print-edges-that-connect-a-scc-to-another-scc
/questions/32909424/abort-boost-graph-dfs-on-back-edge
/questions/42263870/memoryerror-when-using-networkx-simple-cycles-function
/questions/21565713/dfs-on-directed-graph-kosarajus-algorithm
/questions/62986053/breaking-cycles-in-a-digraph-with-the-condition-of-preserving-connectivity-for-c
/questions/45776022/how-to-sort-the-keys-of-a-dictionary-in-python
/questions/62753260/kosaraju-algorithm-computing-sccs
/questions/54665847/knapsack-problem-with-dependent-selection
/questions/25685203/how-to-effectively-join-all-intersected-vectors
/questions/55258926/extract-clusters-sets-of-nodes-from-an-undirected-graph
/questions/68532604/traverse-as-many-edges-as-possible-between-two-vertices-in-a-directed-graph
/questions/57315299/how-can-i-check-unreachable-subgraph-exists-when-i-cut-the-specific-edge
/questions/23966145/order-of-steps-in-kosarajus-algorithm
/questions/65040059/node-with-the-lowest-number-of-path-ending
