/questions/26250030/universal-hashing-misunderstanding
/questions/6621881/universal-hashing
/questions/34324189/universal-hashing-integers
/questions/5203326/why-doesnt-javas-hashcode-support-universal-hashing
/questions/53805278/use-of-universal-hashing
/questions/26442531/confusion-related-to-universal-hashing
/questions/41298682/universal-hashing-performs-worse-than-modulo-hashing-what-is-wrong
/questions/7956774/understanding-universal-hashing-chapter-on-clrs
/questions/1131421/dynamic-perfect-hashing-and-universal-hash-functions-explanation-please
/questions/31302766/is-it-possible-to-implement-universal-hashing-for-the-complete-range-of-integers
/questions/37927734/why-hash-code-computed-using-division-method-instead-of-universal-hashing-method
/questions/43531607/integer-overflow-in-universal-hashing-implementation
/questions/9040199/basics-in-universal-hashing-how-to-ensure-accessibility
/questions/28266176/why-do-we-select-random-hash-function-in-universal-hashing
/questions/34733804/universal-hashing-should-get-the-same-hash-value-for-the-same-key
/questions/52826424/describe-an-explicit-universal-hash-function-family
/questions/46481089/python-faster-universal-hashing-function-with-built-in-libs
/questions/70036257/universal-hash-function-implementation-for-strings-in-java
/questions/10416404/finding-items-in-an-universal-hash-table
/questions/38129154/universal-hash-with-collisions
/questions/18205106/does-universal-hashing-choose-a-new-hash-function-again-after-each-operation-has
/questions/9244208/universal-hash-function-implementation-for-bloom-filters-in-c
/questions/36737371/how-to-get-a-family-of-independent-universal-hash-function
/questions/46935380/very-fast-universal-hash-function-for-128-bit-keys
/questions/50968063/expected-bounds-on-universal-hashing
/questions/12735225/notation-from-some-text-about-universal-hashing
/questions/31266749/what-hashing-method-is-implemented-in-standard-unordered-containers
/questions/16536873/universal-hashfunctions-for-string
/questions/21096015/how-to-generate-64-bit-random-numbers
/questions/33175233/for-hashing-what-happens-to-number-of-empty-slots-when-n-tends-to-inifinity
/questions/15579946/sql-bigint-hash-to-match-c-sharp-int64-hash
/questions/18338890/are-there-any-sha-256-javascript-implementations-that-are-generally-considered-t
/questions/28184524/parse-universe-hash-data-files-in-r
/questions/33456924/choose-the-universe-of-keys
/questions/33240960/is-it-better-to-build-a-hash-table-from-an-existing-array-than-to-create-a-hash
/questions/21984959/hashing-algorithms-for-strings
/questions/55501614/how-to-create-a-universal-identity-based-hashing-dict
/questions/35237721/is-universal-family-of-hash-functions-only-to-prevent-enemy-attack
/questions/35463833/how-to-find-the-value-for-a-given-key-if-a-hash-function-is-chosen-randomly-from
/questions/29752495/java-library-providing-perfect-hashing
/questions/32383427/open-addressing-vs-chained-hashing
/questions/37010646/why-is-encrypting-necessary-for-security-after-hashing-in-the-umac-universal-me
/questions/35464393/analysis-of-open-addressing
/questions/32346434/chained-hash-table-keys-with-universal-hasing-does-it-need-a-rehash
/questions/50653086/how-to-serve-images-in-angular-universal
/questions/47973406/why-does-message-authentication-using-2-universal-family-of-hash-functions-requi
/questions/12120313/generating-k-pairwise-independent-hash-functions
/questions/40266164/is-client-side-routing-recommended-along-with-the-server-side-routing-provided-a
/questions/35374962/how-does-the-universal-hash-function-that-randomly-generates-an-integer-perform
/questions/43815773/using-c-class-as-mere-bit-container
/questions/20478679/identifier-a-is-undefined-in-c
/questions/25712506/is-perfect-hash-function-achieveable
/questions/2369467/why-are-hash-table-expansions-usually-done-by-doubling-the-size
/questions/63920485/hash-mark-in-universal-links-in-react-native-expo
/questions/61859574/what-is-the-simplest-poor-performance-hash-class-for-standard-library-container
/questions/74406202/hashtable-double-hashing-function-implementation-problem
/questions/19915793/find-all-possible-sums-from-two-number-sequences-of-length-n-and-insert-them-int
/questions/47162639/find-pair-with-difference-less-than-k-with-on-complexity-on-average
/questions/20462794/what-are-the-options-for-obtaining-k-pair-wise-independent-hash-functions-that-a
/questions/45068001/hash-tables-perfect-hashing
/questions/45685003/how-to-deploy-angular-4-universal-app-to-firebase
/questions/11313205/generate-a-unique-id
/questions/43613514/angular4-universal-server-side-rendering-would-return-more-html-rendered-on-requ
/questions/13853434/hashing-file-in-custom-pattern
/questions/42914660/values-for-mad-compression-method
/questions/8733783/understanding-the-count-sketch-data-structure-and-associated-algorithms
/questions/31805585/issue-while-integrating-payu-in-windows-universal-apps
/questions/69959067/how-to-overload-stdstring-operator-for-hashing
/questions/1250332/hashing-passwords-for-on-disk-storage-more-details-inside
/questions/61781890/cant-upgrade-settings-when-updating-a-wpf-desktop-bridge-universal-app
/questions/6106627/passing-parameters-via-get-to-any-url-in-universal-way
/questions/35891394/ios-xamarin-branch-io-universal-links-integration-issue
/questions/13924790/migrating-users-to-universal-membership-provider
/questions/50632444/is-there-a-universal-function-f-that-fshaa-shab-shaab
/questions/47131138/angular-with-universal-does-not-work
/questions/57591375/angular-universal-renders-page-in-wrong-way-without-events
/questions/58611091/how-to-add-dynamic-link-tag-prefetch-with-hash-files-on-angular8-ssr
/questions/71235729/easily-memorable-hash-what-3-words
/questions/47941457/angular-universal-server-rendered-app-not-functioning-as-expected
/questions/10798529/hashing-function-guaranteed-to-be-unique
/questions/47863743/deploying-angular-universal-app-to-heroku
/questions/47135094/angular-4-with-universal
/questions/67843734/how-does-stdunordered-map-actually-use-hash-functions
/questions/52033178/angular-universal-not-rendering-data-from-the-server
/questions/64469496/algorithm-for-hashing-encoding-multiple-values-into-a-single-integer-value
/questions/32241090/is-r-uuid-guaranteed-to-be-unique
/questions/34779325/hashtable-problems-complexity-implementation
/questions/64818444/how-do-you-avoid-collision-in-hash-if-a-malicious-hacker-is-trying-to-force-coll
/questions/8834126/how-to-efficiently-check-if-variable-is-array-or-object-in-nodejs-v8
/questions/47120096/is-it-a-secure-method-to-generate-token
/questions/33310959/sha256-transformblock-in-win10-universal-app
/questions/40523475/how-to-hash-file-md5-sha-v-v-in-uwp
/questions/23268343/highly-repeating-one-way-hashing-algorithm
/questions/24703911/can-json-ld-be-used-to-build-a-unique-hash-signature-of-a-json-object
/questions/46043888/hash-table-o1-amortized-or-o1-average-amortized
/questions/57817954/hash-different-for-the-same-object-swift-hashable
/questions/7970455/microsoft-dynamics-crm-password-hashing-algorithm
/questions/75150314/bigcommerce-university-unable-to-get-https-api-bigcommerce-com-stores-store
/questions/71744490/angular-node-universal-remove-with-working-refresh
/questions/45619283/storing-duplicate-values-in-mongodb
/questions/21743911/hash-table-complexity
/questions/53054123/how-can-you-use-auth0-with-existing-asp-net-core-identity-database
/questions/19451679/issue-with-double-hashing-java
/questions/1689883/is-there-a-good-enough-hash-function-for-the-average-programmer
/questions/48980713/why-angular-universal-server-side-rendering-get-an-error-after-deployment-in-fir
/questions/15301180/how-best-to-display-a-file-hash
/questions/2624549/reconstructing-trees-from-a-fingerprint
/questions/26603896/universal-image-loader-custom-filenamegenerator-based-on-local-file-name
/questions/16464793/how-do-facebook-android-sample-apps-work-without-debug-hash
/questions/23071415/how-to-track-google-analytics-anchor-clicks-using-universal-analytics
/questions/5882624/rules-for-using-sign-in-a-custom-url
/questions/46917625/pairwise-independent-hash-functions-in-java
/questions/37540377/database-password-decryption-in-uwp
/questions/10593850/does-md5-have-any-uniqueness-guarantee-for-short-strings-finite-number-of-strin
/questions/74163465/angular-universal-getting-nodeinternal-modules-cjs-loader988-throw-err-error
/questions/9764720/asp-net-universal-providers-azure-users-created-through-asp-net-configuratio
/questions/36599116/kentico-9-pagination-and-anchor-links
/questions/44178275/hash-function-for-a-string-based-on-scalar-product-with-random-numbers
/questions/42646055/windows-10-sdk-10-01-14393-installation-problems
/questions/20433662/cchmac-with-kcchmacalgsha1-has-inconsistent-output-length
/questions/48203118/build-in-ubuntu-dockers-container-is-different-than-in-mac-os
/questions/5199602/how-to-determine-correspondence-between-two-lists-of-names
/questions/59828556/hash-password-in-a-laravel-app-and-check-in-another-one
/questions/21766733/applescript-error-can-t-make-into-type-integer-number-1700
/questions/40154946/login-accepts-password-with-any-extra-characters-appended
/questions/37558821/how-to-replace-djangos-primary-key-with-a-different-integer-that-is-unique-for
/questions/1502027/whats-a-reliable-way-to-check-an-rss-feed-for-new-entries
/questions/12131768/silverlight-wcf-ria-services-app-built-with-visual-studio-2012-fails-while-creat
/questions/18110250/python-with-etc-shadow
/questions/74567932/arrays-ptr-dynamic-allocation-in-c
/questions/17477546/converting-from-md5-legacy-auth-system-to-cakephp
/questions/32504866/verify-signature-generated-with-rsa-2048-bit-key-sha256-algorithm-and-pkcsv1-5
/questions/15976101/safely-handling-passwords-in-python
/questions/51939047/hash-function-for-sequence-of-unique-ids-uuid
/questions/52194196/change-default-hash-function-for-block-hashing
/questions/12757926/where-and-how-are-passwords-stored-in-magento
/questions/10032205/how-to-get-length-of-javascript-array
/questions/10032205/how-to-get-length-of-javascript-array
/questions/38634052/what-is-the-structure-of-appxsignature-p7x
/questions/27934994/how-can-i-get-ga-utm-parameters-in-a-secondary-page-in-users-session
/questions/13556516/how-to-automatically-generate-salt-for-crypt-method-with-blowfish
/questions/9130555/django-static-files-versioning
/questions/3747029/how-to-store-passwords-offline
/questions/38061880/checking-if-hash-value-has-a-text
/questions/30537601/how-to-hash-a-row-in-python
/questions/34425353/why-does-git-store-and-hash-blob-size-in-the-blob-file
/questions/40009243/fish-shell-how-to-simulate-or-implement-a-hash-table-associative-array-or
/questions/60531814/quasar-framework-how-to-store-login-hash-so-that-it-works-on-web-and-mobile-us
/questions/38080915/what-does-the-html-webpack-plugin-mean-when-it-says-hash-in-the-filename
/questions/37368871/how-to-delete-a-dynamic-array-of-objects-with-pointers-to-other-objects-c
/questions/51604995/angular-6-server-side-errror-module-not-found-error-cant-resolve-dist-ser
/questions/59344735/sign-apk-same-as-aab
/questions/59344735/sign-apk-same-as-aab
/questions/74439923/what-stops-impersonation-of-a-certificate-issuer-on-the-blockchain
/questions/49580860/how-to-implement-angular-server-side-rendering-in-laravel
/questions/38188998/mapping-unique-16-digit-numeric-id-to-unique-alphanumeric-id
/questions/49572544/heroku-nodejs-procfile-never-picked-up
/questions/60689443/solved-hash-content-access-is-inconsistent-with-different-perl-version
/questions/53233203/ssms-and-active-directory-authentication-doesnt-work-with-azure-sql-and-non-azu
/questions/5942732/export-users-and-passwords-from-active-directory-into-php
/questions/71670470/git-diff-doesnt-print-an-error-for-bad-filenames
/questions/38233532/aes128-ecb-under-uwp
/questions/71609828/what-are-the-implications-of-migrating-from-createwebhashhistory-to-createwebh
/questions/5960223/config-file-handling-in-perl
/questions/18855635/is-it-possible-to-install-perl-prerequisites-before-distribution-testing-and-how
/questions/3492188/what-are-the-practical-limitations-of-a-non-turing-complete-language-like-coq
/questions/12935409/safely-generated-encryption-key-from-users-password
/questions/12935409/safely-generated-encryption-key-from-users-password
/questions/28261393/i-have-a-string-with-a-package-name-is-it-possible-to-get-a-package-variable
/questions/21058505/pbkdf2-computation-not-consistent-between-c-sharp-and-javascript
/questions/68877947/how-to-extract-at-runtime-the-ast-or-the-bytecode-or-anything-that-uniquelly-de
/questions/53695559/is-hashcode-considered-as-a-hash-function
/questions/70265066/very-high-memory-usage-in-these-digit-analysis-hash-algorithms-in-c
/questions/58546722/how-exactly-does-stddistance-calculate-the-return-value-unclear-problem-with
/questions/57357123/angular-page-on-server-is-blank-after-compiling-and-starting-server
/questions/4508574/remove-hash-from-url
/questions/69678269/how-to-use-bcrypt-bcryptjs-in-angular
/questions/60785246/failed-to-fetch-hash-sum-mismatch
/questions/34666835/how-to-organize-log-files-from-jenkins-builds
/questions/56775449/problem-with-server-side-rendering-in-angular-can-not-generate-main-bundle-js
/questions/61935297/using-an-iterator-of-a-mapchar-strring-to-return-a-pointer-mapchar-strring
/questions/35236628/password-protection-for-php-5-3-3
/questions/75907291/best-way-to-debug-the-source-code-of-typescript-dependencies-npm-link-how-to-r
/questions/68215186/serialization-in-haskell
/questions/8106087/transferring-a-file-from-one-host-to-another-and-checking-its-integrity
/questions/28001714/error-in-2-files-when-checking-disk
/questions/10799175/proving-a-perfect-hash-function-over-a-fixed-length-input
/questions/57721160/why-would-openssl-be-returning-a-different-sha1-hash-output-in-my-terminal
/questions/37038328/what-is-the-best-way-to-implement-a-hash-rotation-method-in-c
/questions/29229556/should-a-utlity-class-be-instantiated
/questions/40252327/how-to-filter-members-of-more-than-one-list-with-linq
/questions/31123369/checking-database-table-for-inserted-updated-or-delete-rows-through-a-c-sharp
/questions/56076130/cannot-find-module-error-for-interfaces-in-angular-universal-build
/questions/38813558/optional-prebuildevent-in-msbuild
/questions/2120026/what-is-a-suitable-lexer-generator-that-i-can-use-to-strip-identifiers-from-many
/questions/54929026/speed-up-ci-process-in-gitlab
/questions/4688290/collision-attacks-message-digests-and-a-possible-solution
/questions/15651666/tracking-a-file-over-time
/questions/7999816/having-trouble-with-perl-script-that-converts-xml-to-hash
/questions/20371439/what-should-i-do-to-protect-user-information-as-non-company
/questions/25784744/recover-password-via-mysql-phpmyadmin
/questions/37049490/deleting-last-n-bytes-from-a-file
/questions/27999142/representing-a-truth-table
/questions/75287016/laravel-9-is-rejecting-a-valid-password-hashed-with-bcrypt
/questions/72129673/how-to-store-additional-data-in-a-text-file-apart-from-its-content-c
/questions/34909529/database-handling-problems-insertion-trouble-with-pdo
/questions/25535378/regex-removing-space-between-quotes-and-stopping-before-a-colon-with-yahoo-pi
/questions/10486025/alternative-to-hashed-ssn-as-a-key-in-mysql
/questions/64494618/finding-the-longest-sequence-of-cards-with-dynamic-programming
/questions/42601382/imported-scss-class-names-converted-to-hashes
/questions/33678740/heroku-and-postgresql-command-line-using-c-command-to-process-query-with-char
/questions/23382354/iterate-to-every-element-of-the-multidimension-array-in-ruby
/questions/11491753/memcached-like-software-with-disk-persistence
/questions/45067315/is-there-a-cleaner-way-to-check-a-hashed-password-than-this
/questions/40701843/bloom-filters-for-determining-which-sets-in-a-family-are-subsets-of-a-given-set
/questions/70965558/cant-run-angular-app-ng-serve-throwing-errors
/questions/60181960/perl-accessing-methods-and-json-hashref-data-via-the-same-object-in-class
/questions/45310238/i-am-getting-a-stackoverflow-error-in-a-hashfunction-code-but-i-cannot-determine
/questions/16241449/why-a-variable-is-undefined-in-this-circumstance
/questions/27621457/hash-table-in-c-find-the-frequency-of-every-word
/questions/5543670/preventing-pass-the-hash-attacks-in-a-web-api
/questions/62879319/how-to-wrap-web-app-to-windows-10-desktop-app
/questions/70220181/unable-to-retrieve-values-from-axios-response-data
/questions/28789662/md5-value-mismatch-between-sql-server-and-postgresql
/questions/70220181/unable-to-retrieve-values-from-axios-response-data
/questions/5671665/is-a-data-structure-implementation-with-o1-search-possible-without-using-array
/questions/30881683/sqlite-net-extensions-loads-the-same-entity-multiple-times-rather-than-returning
/questions/36272844/adldap-2-can-connect-and-find-a-user-but-cannot-authenticate
/questions/67043706/how-to-set-password-to-user-in-database-directly
/questions/23070936/gost-digital-signature-verification-with-openssl-in-ruby
/questions/9667571/graph-what-are-the-disadvantages-if-i-replace-each-linked-list-in-adjacency-li
/questions/8825088/is-there-a-way-to-force-usage-of-named-parameters-instead-of-your-standard-funct
/questions/67385641/how-do-i-hash-my-passwords-in-a-user-table-in-mysql-phpmyadmin
/questions/16019367/gem-for-finding-associated-university-of-email-addresses
/questions/22489143/clustering-text-using-3-different-approches-minhash-hac-k-means
/questions/16146860/filter-large-json-file-with-ruby
/questions/34262144/apt-get-update-fail-with-hash-sum-mismatch-in-docker
/questions/25538396/evenly-distributing-byte-array-into-buckets
/questions/16146860/filter-large-json-file-with-ruby
/questions/58333490/the-effect-of-otherwise-inconsequential-calls-to-readlines-on-the-speed-of-ope
/questions/22198172/generating-a-structure-for-aggregation
/questions/42153152/safe-exam-browse-request-hash
