/questions/62957021/is-it-possible-to-apply-alpha-beta-pruning-for-non0zero-sum-games-with-2-players
/questions/71134785/finding-dominant-strategy-pure-nash-equilibrium-and-mixed-nash-equilibrium-in-2
/questions/37086388/zero-sum-game-16-bit-version
/questions/55589813/is-it-possible-to-use-alpha-beta-pruning-for-non-zero-sum-games-with-more-than-t
/questions/43985047/prevent-genetic-algorithm-in-zero-sum-game-from-cooperating
/questions/46871501/what-is-a-good-fitness-function-for-an-ai-of-a-zero-sum-game
/questions/58630353/type-constraint-in-constructor
/questions/49131860/precision-error-with-two-mathematically-identical-expressions-around-zero
/questions/11642068/what-exactly-is-a-board-in-the-minimax-function-and-how-is-it-implemented
/questions/40221251/does-optimization-kill-abstraction-and-vice-versa
/questions/67899407/generate-batches-of-random-numbers-that-each-are-zero-sum-and-for-which-mean-of
/questions/56416331/trouble-with-scipy-linprog-simplex
/questions/61024975/affect-on-minmax-algorithm-if-opponent-doesnt-play-optimally
/questions/35359735/is-there-a-way-of-binding-all-double-click-events-to-their-single-click-equivale
/questions/33389161/difference-between-hypermax-and-approximate-deep-maxn
/questions/15177194/error-about-inequality-constraint-in-cvxopt-using-glpk
/questions/71234684/how-to-make-minimax-function-run-for-multiple-piles
/questions/28464919/tree-implementation-in-minmax-with-alpha-beta-pruning
/questions/57745954/how-i-can-change-learning-rate-of-rllib-training-agent-in-dynamic
/questions/48627678/excel-solver-5x5-sum-game
/questions/71162492/minimax-function-for-nimsticks-game-python
/questions/21559777/java-dice-rolling-game-while-loops-randomon-generation
/questions/63007051/calculate-tic-tac-toe-game-winner-c-sharp-online-practice-assessment-test-que
/questions/12873879/can-monte-carlo-tree-search-be-applied-on-a-two-player-game-with-imperfect-in
/questions/20730914/alternative-to-minimax-for-boardgame-ai
/questions/5166549/understanding-definition-of-minimax-value
/questions/73199518/mone-carlo-tree-search-and-terminal-nodes-handling
/questions/55695177/paypal-baid-mp-status-is-not-clear-and-doesnt-seem-documented
/questions/70971023/how-to-create-a-map-of-settlement-for-a-game-of-poker-algorithmically-containing
/questions/49121217/difficulty-implementing-alpha-beta-pruning-to-minimax-algorithm
/questions/59249085/how-should-the-tree-be-expanded-if-we-want-to-maximize-the-bene%ef%ac%81t-of-%ce%b1%ce%b2-pruning
/questions/72084938/javascript-how-to-ensure-sum-of-two-numbers-is-not-negative
/questions/43906140/counting-the-number-of-wins-for-teams-in-a-nested-list
/questions/67966998/what-is-a-formula-to-sum-a-row-based-on-criteria-in-a-different-sheet
/questions/26410670/jquery-counter-stop-at-zero-and-if-zero-show-replace-html
/questions/30509132/monte-carlo-tree-search-backpropagation-backup-step-why-change-perspective-o
/questions/48138813/monte-carlo-tree-search-in-board-games-how-to-implement-opponent-moves
/questions/74298222/sum-count-by-grouping-according-to-another-column-in-c
/questions/67676964/sum-a-list-but-only-for-values-after-a-certain-point
/questions/56722644/pandas-group-by-cumsum-shift-with-a-where-clause
/questions/67458147/what-is-the-optimal-solution-for-this-problem
/questions/17308978/why-must-coq-mutually-inductive-types-have-the-same-parameters
/questions/69843841/how-to-check-if-costs-go-below-zero-in-python
/questions/73345564/finding-sum-of-all-integer-substring-using-dynamic-programming
/questions/65521989/predicting-remaining-runtime-for-minimax-algorithm-with-alpha-beta-pruning
/questions/16781193/how-to-perform-click-event-with-tags-in-c-sharp
/questions/23582663/fastest-way-to-sum-two-lists-of-items-with-each-other-in-python
/questions/49098806/get-zeros-with-car-plates
/questions/27511104/slick-pick-game-boolean-functions-and-return-statements
/questions/15392607/imagelist-always-returns-1
/questions/57731737/how-to-prevent-numbers-from-getting-too-low-high-in-python
/questions/48159511/how-can-i-increment-the-counter-and-score-values-of-dice-game-with-jsf
/questions/58641509/pacman-ai-minimax-application-avoiding-repeated-game-tree-states
/questions/71455767/adding-an-arrays-elements-to-last-element-and-compare-it-with-another-array-in
/questions/1575061/ga-written-in-java
/questions/67075150/is-it-possible-to-calculate-a-conditional-cumsum-with-dplyr
/questions/46616830/good-evaluation-function-for-game-playing-minmax-agent-with-alpha-beta-pruning
/questions/40567537/game-of-craps-java-programming
/questions/7055214/mathematical-error-in-physics-restitution-formula
/questions/38626231/what-is-the-logic-behind-the-algorithm
/questions/35074757/how-to-evaluate-two-items-of-the-same-list-and-return-their-sum-if-equal
/questions/67767322/how-to-update-a-rating-sequentially
/questions/29792899/calculation-of-points-in-a-database-in-3rd-nf
/questions/11000440/simple-encryption-sum-of-hashes-in-c
/questions/26062638/mixed-strategy-approximations-in-a-large-game
/questions/21350451/resetting-score-in-as3
/questions/75546176/why-does-this-simulation-explode
/questions/42885240/excel-sumif-multiple-columns-based-on-the-same-criteria
/questions/63809648/unable-to-debug-segmentation-fault-for-this-code
/questions/8050153/finding-maximum-taking-too-much-time-in-ilp-why
/questions/877679/mysql-initialize-a-summary-table-with-placeholders-for-non-existent-data
/questions/63046562/pandas-deviation-from-a-fixed-mean
/questions/6654978/how-to-one-up-for-points-and-rounds-in-a-game
/questions/66930752/can-i-apply-softmax-only-on-specific-output-neurons
/questions/29185605/dynamic-programming-find-all-possible-team-combinations
/questions/21412994/uniform-int-is-always-zero-in-fragment-shader
/questions/54435180/finding-elements-in-a-3x3-array
/questions/39848984/what-is-phi-in-deep-q-learning-algorithm
/questions/59431273/algorithmic-puzzle-ball-stacking-problem
/questions/34367077/how-to-express-ordinal-cardinal-directions-that-can-be-added-together-in-c
/questions/40493867/game-of-life-modifying-array-values-in-numpy-while-iterating-with-conditions
/questions/75839009/game-countdown-bad-accuracy-in-react-native
/questions/56809243/slow-performance-in-agent-based-model-python
/questions/19934825/how-to-properly-update-monogame-with-a-github-pr
/questions/50233537/what-must-i-add-to-this-code-to-meet-very-detailed-requirements-about-a-turn-bas
/questions/75744683/algorithm-for-evaluating-chess-positions-with-custom-pieces-and-different-board
/questions/13060410/bulgarian-solitaire-java
/questions/1202343/combinatorics-counting-puzzle-roll-20-8-sided-dice-what-is-the-probability-of
/questions/29040865/a-and-b-and-chess
/questions/57465029/generate-all-combinations-from-a-limited-list-of-single-digit-numbers-equating-t
/questions/31478927/chessboard-game-excercise-c-sharp
/questions/62492179/problems-calling-another-class
/questions/54496010/need-help-figuring-out-orbits-in-2d-for-my-game
/questions/75169231/how-do-i-find-the-maximim-number-of-iterations-in-a-4-tuple-ducci-series-given-s
/questions/13320611/how-can-i-create-arrays-within-a-loop-within-another-loop-and-pass-them-back-o
/questions/19576807/generating-a-list-in-arrays-and-use-of-functions
/questions/56721256/my-implementation-of-the-evaluation-function-and-alpha-beta-pruning-for-connect
/questions/49848695/running-mr-job-in-hadoop-mode-error-launching-job-bad-input-path-file-doe
/questions/73352280/shiny-app-wont-deploy-but-it-runs-locally
/questions/62957021/is-it-possible-to-apply-alpha-beta-pruning-for-non0zero-sum-games-with-2-players
/questions/71134785/finding-dominant-strategy-pure-nash-equilibrium-and-mixed-nash-equilibrium-in-2
/questions/37086388/zero-sum-game-16-bit-version
/questions/55589813/is-it-possible-to-use-alpha-beta-pruning-for-non-zero-sum-games-with-more-than-t
/questions/43985047/prevent-genetic-algorithm-in-zero-sum-game-from-cooperating
/questions/46871501/what-is-a-good-fitness-function-for-an-ai-of-a-zero-sum-game
/questions/58630353/type-constraint-in-constructor
/questions/49131860/precision-error-with-two-mathematically-identical-expressions-around-zero
/questions/11642068/what-exactly-is-a-board-in-the-minimax-function-and-how-is-it-implemented
/questions/40221251/does-optimization-kill-abstraction-and-vice-versa
/questions/67899407/generate-batches-of-random-numbers-that-each-are-zero-sum-and-for-which-mean-of
/questions/56416331/trouble-with-scipy-linprog-simplex
/questions/61024975/affect-on-minmax-algorithm-if-opponent-doesnt-play-optimally
/questions/35359735/is-there-a-way-of-binding-all-double-click-events-to-their-single-click-equivale
/questions/33389161/difference-between-hypermax-and-approximate-deep-maxn
/questions/15177194/error-about-inequality-constraint-in-cvxopt-using-glpk
/questions/71234684/how-to-make-minimax-function-run-for-multiple-piles
/questions/28464919/tree-implementation-in-minmax-with-alpha-beta-pruning
/questions/57745954/how-i-can-change-learning-rate-of-rllib-training-agent-in-dynamic
/questions/48627678/excel-solver-5x5-sum-game
/questions/71162492/minimax-function-for-nimsticks-game-python
/questions/21559777/java-dice-rolling-game-while-loops-randomon-generation
/questions/63007051/calculate-tic-tac-toe-game-winner-c-sharp-online-practice-assessment-test-que
/questions/12873879/can-monte-carlo-tree-search-be-applied-on-a-two-player-game-with-imperfect-in
/questions/20730914/alternative-to-minimax-for-boardgame-ai
/questions/5166549/understanding-definition-of-minimax-value
/questions/73199518/mone-carlo-tree-search-and-terminal-nodes-handling
/questions/55695177/paypal-baid-mp-status-is-not-clear-and-doesnt-seem-documented
/questions/70971023/how-to-create-a-map-of-settlement-for-a-game-of-poker-algorithmically-containing
/questions/49121217/difficulty-implementing-alpha-beta-pruning-to-minimax-algorithm
/questions/59249085/how-should-the-tree-be-expanded-if-we-want-to-maximize-the-bene%ef%ac%81t-of-%ce%b1%ce%b2-pruning
/questions/72084938/javascript-how-to-ensure-sum-of-two-numbers-is-not-negative
/questions/43906140/counting-the-number-of-wins-for-teams-in-a-nested-list
/questions/67966998/what-is-a-formula-to-sum-a-row-based-on-criteria-in-a-different-sheet
/questions/26410670/jquery-counter-stop-at-zero-and-if-zero-show-replace-html
/questions/30509132/monte-carlo-tree-search-backpropagation-backup-step-why-change-perspective-o
/questions/48138813/monte-carlo-tree-search-in-board-games-how-to-implement-opponent-moves
/questions/74298222/sum-count-by-grouping-according-to-another-column-in-c
/questions/67676964/sum-a-list-but-only-for-values-after-a-certain-point
/questions/56722644/pandas-group-by-cumsum-shift-with-a-where-clause
/questions/67458147/what-is-the-optimal-solution-for-this-problem
/questions/17308978/why-must-coq-mutually-inductive-types-have-the-same-parameters
/questions/69843841/how-to-check-if-costs-go-below-zero-in-python
/questions/73345564/finding-sum-of-all-integer-substring-using-dynamic-programming
/questions/65521989/predicting-remaining-runtime-for-minimax-algorithm-with-alpha-beta-pruning
/questions/16781193/how-to-perform-click-event-with-tags-in-c-sharp
/questions/23582663/fastest-way-to-sum-two-lists-of-items-with-each-other-in-python
/questions/49098806/get-zeros-with-car-plates
/questions/27511104/slick-pick-game-boolean-functions-and-return-statements
/questions/15392607/imagelist-always-returns-1
/questions/57731737/how-to-prevent-numbers-from-getting-too-low-high-in-python
/questions/48159511/how-can-i-increment-the-counter-and-score-values-of-dice-game-with-jsf
/questions/58641509/pacman-ai-minimax-application-avoiding-repeated-game-tree-states
/questions/71455767/adding-an-arrays-elements-to-last-element-and-compare-it-with-another-array-in
/questions/1575061/ga-written-in-java
/questions/67075150/is-it-possible-to-calculate-a-conditional-cumsum-with-dplyr
/questions/46616830/good-evaluation-function-for-game-playing-minmax-agent-with-alpha-beta-pruning
/questions/40567537/game-of-craps-java-programming
/questions/7055214/mathematical-error-in-physics-restitution-formula
/questions/38626231/what-is-the-logic-behind-the-algorithm
/questions/35074757/how-to-evaluate-two-items-of-the-same-list-and-return-their-sum-if-equal
/questions/67767322/how-to-update-a-rating-sequentially
/questions/29792899/calculation-of-points-in-a-database-in-3rd-nf
/questions/11000440/simple-encryption-sum-of-hashes-in-c
/questions/26062638/mixed-strategy-approximations-in-a-large-game
/questions/21350451/resetting-score-in-as3
/questions/75546176/why-does-this-simulation-explode
/questions/42885240/excel-sumif-multiple-columns-based-on-the-same-criteria
/questions/63809648/unable-to-debug-segmentation-fault-for-this-code
/questions/8050153/finding-maximum-taking-too-much-time-in-ilp-why
/questions/877679/mysql-initialize-a-summary-table-with-placeholders-for-non-existent-data
/questions/63046562/pandas-deviation-from-a-fixed-mean
/questions/6654978/how-to-one-up-for-points-and-rounds-in-a-game
/questions/66930752/can-i-apply-softmax-only-on-specific-output-neurons
/questions/29185605/dynamic-programming-find-all-possible-team-combinations
/questions/21412994/uniform-int-is-always-zero-in-fragment-shader
/questions/54435180/finding-elements-in-a-3x3-array
/questions/39848984/what-is-phi-in-deep-q-learning-algorithm
/questions/59431273/algorithmic-puzzle-ball-stacking-problem
/questions/34367077/how-to-express-ordinal-cardinal-directions-that-can-be-added-together-in-c
/questions/40493867/game-of-life-modifying-array-values-in-numpy-while-iterating-with-conditions
/questions/75839009/game-countdown-bad-accuracy-in-react-native
/questions/56809243/slow-performance-in-agent-based-model-python
/questions/19934825/how-to-properly-update-monogame-with-a-github-pr
/questions/50233537/what-must-i-add-to-this-code-to-meet-very-detailed-requirements-about-a-turn-bas
/questions/75744683/algorithm-for-evaluating-chess-positions-with-custom-pieces-and-different-board
/questions/13060410/bulgarian-solitaire-java
/questions/1202343/combinatorics-counting-puzzle-roll-20-8-sided-dice-what-is-the-probability-of
/questions/29040865/a-and-b-and-chess
/questions/57465029/generate-all-combinations-from-a-limited-list-of-single-digit-numbers-equating-t
/questions/31478927/chessboard-game-excercise-c-sharp
/questions/62492179/problems-calling-another-class
/questions/54496010/need-help-figuring-out-orbits-in-2d-for-my-game
/questions/75169231/how-do-i-find-the-maximim-number-of-iterations-in-a-4-tuple-ducci-series-given-s
/questions/13320611/how-can-i-create-arrays-within-a-loop-within-another-loop-and-pass-them-back-o
/questions/19576807/generating-a-list-in-arrays-and-use-of-functions
/questions/56721256/my-implementation-of-the-evaluation-function-and-alpha-beta-pruning-for-connect
/questions/49848695/running-mr-job-in-hadoop-mode-error-launching-job-bad-input-path-file-doe
/questions/73352280/shiny-app-wont-deploy-but-it-runs-locally
