work('bert-base-chinese', "bert-base-chinese", 32, False, 5e-5)

start 0-th train
0 0.6875191926956177 0.5625
50 0.6269833445549011 0.65625
100 0.5495510101318359 0.75
150 0.5960136651992798 0.6875
200 0.616578996181488 0.6875
250 0.5456756353378296 0.78125
300 0.5557835102081299 0.71875
test 0 score: 0.6875
start 1-th train
0 0.5676554441452026 0.75
50 0.5640255808830261 0.78125
100 0.5458803176879883 0.75
150 0.5880674719810486 0.75
200 0.5813318490982056 0.6875
250 0.6534556150436401 0.625
300 0.6411694884300232 0.59375
test 1 score: 0.6592741935483871
start 2-th train
0 0.6100696325302124 0.6875
50 0.5784497857093811 0.71875
100 0.5558858513832092 0.78125
150 0.5485503077507019 0.75
200 0.6052206754684448 0.75
250 0.6413140892982483 0.65625
300 0.5993663668632507 0.71875
test 2 score: 0.6743951612903226
start 3-th train
0 0.5824050307273865 0.71875
50 0.4976103901863098 0.84375
100 0.5696361660957336 0.71875
150 0.5935199856758118 0.71875
200 0.5763347148895264 0.75
250 0.5356730818748474 0.75
300 0.48035117983818054 0.84375
test 3 score: 0.719758064516129
start 4-th train
0 0.4655485451221466 0.875
50 0.4910251200199127 0.8125
100 0.5227025747299194 0.78125
150 0.4931809604167938 0.8125
200 0.49801120162010193 0.8125
250 0.5169655084609985 0.78125
300 0.4795466661453247 0.84375
test 4 score: 0.7046370967741935
start 5-th train
0 0.5273500084877014 0.75
50 0.6218633055686951 0.65625
100 0.46886077523231506 0.84375
150 0.4474811255931854 0.90625
200 0.42151057720184326 0.90625
250 0.39656737446784973 0.9375
300 0.4553873538970947 0.875
test 5 score: 0.7540322580645161
start 6-th train
0 0.5108839273452759 0.8125
50 0.38145458698272705 0.96875
100 0.5002303123474121 0.8125
150 0.4721856117248535 0.875
200 0.5380831956863403 0.75
250 0.44514772295951843 0.84375
300 0.448555588722229 0.84375
test 6 score: 0.7016129032258065
start 7-th train
0 0.482851505279541 0.84375
50 0.42661774158477783 0.9375
100 0.47934091091156006 0.875
150 0.37417083978652954 0.96875
200 0.5031071305274963 0.84375
250 0.44300079345703125 0.90625
300 0.4857226312160492 0.84375
test 7 score: 0.7278225806451613
start 8-th train
0 0.553565263748169 0.75
50 0.3824986219406128 0.9375
100 0.42541855573654175 0.90625
150 0.37970221042633057 0.96875
200 0.4352980852127075 0.90625
250 0.46094366908073425 0.84375
300 0.48277533054351807 0.8125
test 8 score: 0.748991935483871
start 9-th train
0 0.45794615149497986 0.875
50 0.40752601623535156 0.90625
100 0.3823799192905426 0.90625
150 0.39811640977859497 0.90625
200 0.4482172727584839 0.875
250 0.46298709511756897 0.8125
300 0.4847193658351898 0.84375
test 9 score: 0.7550403225806451
start 10-th train
0 0.47456544637680054 0.84375
50 0.4241628348827362 0.90625
100 0.4447130560874939 0.84375
150 0.34191060066223145 1.0
200 0.4140752851963043 0.90625
250 0.4792526662349701 0.84375
300 0.43647366762161255 0.875
test 10 score: 0.7278225806451613
start 11-th train
0 0.4179059863090515 0.90625
50 0.41111111640930176 0.90625
100 0.49413037300109863 0.84375
150 0.5398442149162292 0.6875
200 0.4904167354106903 0.8125
250 0.4730444550514221 0.84375
300 0.40309301018714905 0.9375
test 11 score: 0.7610887096774194
start 12-th train
0 0.44561758637428284 0.875
50 0.42570915818214417 0.84375
100 0.40882229804992676 0.90625
150 0.4385753571987152 0.875
200 0.3663027584552765 0.96875
250 0.3366239070892334 1.0
300 0.4134365916252136 0.875
test 12 score: 0.7620967741935484
start 13-th train
0 0.46503695845603943 0.84375
50 0.36486223340034485 0.96875
100 0.38184481859207153 0.90625
150 0.40997904539108276 0.90625
200 0.4491637349128723 0.84375
250 0.4377308785915375 0.875
300 0.4139641225337982 0.90625
test 13 score: 0.7459677419354839
start 14-th train
0 0.3788548409938812 0.90625
50 0.432691752910614 0.875
100 0.33169880509376526 1.0
150 0.44631707668304443 0.875
200 0.45625612139701843 0.875
250 0.40897589921951294 0.90625
300 0.4691319167613983 0.84375
test 14 score: 0.7641129032258065
start 15-th train
0 0.3544122576713562 0.96875
50 0.46748805046081543 0.8125
100 0.39405542612075806 0.90625
150 0.3225211799144745 1.0
200 0.3996065557003021 0.90625
250 0.34988677501678467 0.96875
300 0.42863816022872925 0.875
test 15 score: 0.7792338709677419
start 16-th train
0 0.3562019169330597 0.96875
50 0.39938685297966003 0.875
100 0.34920641779899597 0.96875
150 0.3575320541858673 0.96875
200 0.40016213059425354 0.9375
250 0.3411290943622589 0.96875
300 0.42640364170074463 0.875
test 16 score: 0.7983870967741935
start 17-th train
0 0.3650127053260803 0.96875
50 0.37739014625549316 0.9375
100 0.34876593947410583 0.96875
150 0.43885281682014465 0.90625
200 0.44755125045776367 0.875
250 0.4076416790485382 0.9375
300 0.3164062201976776 1.0
test 17 score: 0.7772177419354839
start 18-th train
0 0.40129145979881287 0.90625
50 0.3775812089443207 0.9375
100 0.40197449922561646 0.9375
150 0.3790947496891022 0.9375
200 0.36676061153411865 0.9375
250 0.4310479462146759 0.875
300 0.4048885107040405 0.90625
test 18 score: 0.7560483870967742
start 19-th train
0 0.35132649540901184 0.96875
50 0.367720365524292 0.9375
100 0.31714412569999695 1.0
150 0.4163070619106293 0.90625
200 0.41460391879081726 0.90625
250 0.34981396794319153 0.96875
300 0.4307631552219391 0.90625
test 19 score: 0.7792338709677419
start 20-th train
0 0.40300220251083374 0.90625
50 0.34962841868400574 0.96875
100 0.3299816846847534 1.0
150 0.41848868131637573 0.90625
200 0.33434411883354187 1.0
250 0.3807426989078522 0.9375
300 0.38403916358947754 0.9375
test 20 score: 0.7731854838709677
start 21-th train
0 0.3434964418411255 0.96875
50 0.3907589018344879 0.90625
100 0.37110912799835205 0.9375
150 0.4198715388774872 0.90625
200 0.34472259879112244 0.96875
250 0.35403645038604736 0.96875
300 0.3899378776550293 0.9375
test 21 score: 0.748991935483871
start 22-th train
0 0.3802897036075592 0.9375
50 0.39955317974090576 0.90625
100 0.3827913701534271 0.9375
150 0.35579320788383484 0.96875
200 0.3491396903991699 0.96875
250 0.3947247564792633 0.90625
300 0.39067891240119934 0.875
test 22 score: 0.8004032258064516
start 23-th train
0 0.3927622139453888 0.90625
50 0.40228360891342163 0.90625
100 0.34603917598724365 0.96875
150 0.35476863384246826 0.96875
200 0.37584060430526733 0.96875
250 0.3534192442893982 0.96875
300 0.46145525574684143 0.84375
test 23 score: 0.7721774193548387
start 24-th train
0 0.38757625222206116 0.9375
50 0.37851113080978394 0.9375
100 0.31450140476226807 1.0
150 0.39608141779899597 0.9375
200 0.3310620188713074 1.0
250 0.4467005133628845 0.84375
300 0.43303829431533813 0.875
test 24 score: 0.7379032258064516
start 25-th train
0 0.3807040750980377 0.9375
50 0.35914161801338196 0.9375
100 0.35006237030029297 0.96875