work('bert-base-chinese', 'bert-base-chinese', 32, 512, True, 5e-5, 1e-5) Model1
start 0-th train
0 0.7026163339614868 0.46875
50 0.6062076091766357 0.6875
100 0.6478455066680908 0.625
150 0.6397510170936584 0.6875
200 0.6230961680412292 0.625
250 0.6429282426834106 0.625
300 0.6380152106285095 0.65625
test 0 score: 0.6985887096774194
start 1-th train
0 0.5545800924301147 0.71875
50 0.4778837263584137 0.84375
100 0.6204972863197327 0.6875
150 0.6320092678070068 0.6875
200 0.5240713357925415 0.78125
250 0.5947713255882263 0.71875
300 0.5775039792060852 0.71875
test 1 score: 0.7036290322580645
start 2-th train
0 0.46627190709114075 0.875
50 0.5484634041786194 0.71875
100 0.5283845663070679 0.71875
150 0.4970751702785492 0.78125
200 0.5474363565444946 0.71875
250 0.4487287700176239 0.90625
300 0.5440326929092407 0.75
test 2 score: 0.6875
start 3-th train
0 0.5624680519104004 0.78125
50 0.4940400719642639 0.84375
100 0.5272676944732666 0.8125
150 0.5906685590744019 0.6875
200 0.49674052000045776 0.8125
250 0.585705041885376 0.71875
300 0.4780155420303345 0.84375
test 3 score: 0.6592741935483871
start 4-th train
0 0.511014997959137 0.8125
50 0.4933832287788391 0.8125
100 0.5059489607810974 0.8125
150 0.5244187116622925 0.78125
200 0.5609152913093567 0.6875
250 0.5474010109901428 0.71875
300 0.4009850025177002 0.90625
test 4 score: 0.7237903225806451
start 5-th train
0 0.48343783617019653 0.78125
50 0.4296364486217499 0.875
100 0.532346785068512 0.8125
150 0.5392367243766785 0.78125
200 0.5694113373756409 0.71875
250 0.44906583428382874 0.84375
300 0.5147377848625183 0.8125
test 5 score: 0.7379032258064516
start 6-th train
0 0.45056799054145813 0.875
50 0.5288923978805542 0.75
100 0.5606805086135864 0.75
150 0.496576189994812 0.78125
200 0.5110951662063599 0.8125
250 0.38726386427879333 0.96875
300 0.5540940761566162 0.71875
test 6 score: 0.7247983870967742
start 7-th train
0 0.3746301829814911 0.96875
50 0.4570532739162445 0.875
100 0.5218651294708252 0.8125
150 0.39524325728416443 0.9375
200 0.5101038217544556 0.8125
250 0.45813819766044617 0.875
300 0.4547160863876343 0.875
test 7 score: 0.748991935483871
start 8-th train
0 0.4169711768627167 0.90625
50 0.5370292067527771 0.75
100 0.48347008228302 0.8125
150 0.3800434172153473 0.96875
200 0.5338987708091736 0.78125
250 0.5044308304786682 0.78125
300 0.44866862893104553 0.875
test 8 score: 0.7620967741935484
start 9-th train
0 0.35972860455513 0.96875
50 0.5274348258972168 0.78125
100 0.4393971562385559 0.875
150 0.4631783962249756 0.8125
200 0.44554615020751953 0.875
250 0.44880199432373047 0.90625
300 0.43451830744743347 0.84375
test 9 score: 0.7741935483870968
start 10-th train
0 0.4046635925769806 0.90625
50 0.44028010964393616 0.90625
100 0.48935824632644653 0.84375
150 0.43866413831710815 0.875
200 0.4165315330028534 0.90625
250 0.44534143805503845 0.875
300 0.4205171465873718 0.90625
test 10 score: 0.7540322580645161
start 11-th train
0 0.41499555110931396 0.90625
50 0.34995073080062866 0.96875
100 0.41431453824043274 0.90625
150 0.4373142123222351 0.90625
200 0.38450273871421814 0.9375
250 0.37776562571525574 0.9375
300 0.3869960308074951 0.9375
test 11 score: 0.7268145161290323
start 12-th train
0 0.4048673212528229 0.90625
50 0.3595552146434784 0.96875
100 0.41760677099227905 0.90625
150 0.43877503275871277 0.875
200 0.37277910113334656 0.9375
250 0.4172937572002411 0.90625
300 0.45209476351737976 0.84375
test 12 score: 0.7772177419354839
start 13-th train
0 0.37526628375053406 0.96875
50 0.3513312339782715 0.96875
100 0.3706936240196228 0.9375
150 0.33155757188796997 1.0
200 0.49248847365379333 0.8125
250 0.4143032133579254 0.90625
300 0.4453742206096649 0.875
test 13 score: 0.782258064516129
start 14-th train
0 0.35265305638313293 0.96875
50 0.4397701025009155 0.875
100 0.3581673502922058 0.96875
150 0.3586806654930115 0.9375
200 0.5131519436836243 0.8125
250 0.3649269640445709 0.96875
300 0.3869859278202057 0.9375
test 14 score: 0.7479838709677419
start 15-th train
0 0.3808441460132599 0.9375
50 0.32886335253715515 0.96875
100 0.3518282473087311 0.96875
150 0.3251492381095886 1.0
200 0.38721323013305664 0.9375
250 0.41720935702323914 0.90625
300 0.4031398296356201 0.90625
test 15 score: 0.7842741935483871
start 16-th train
0 0.45258116722106934 0.84375
50 0.3441929519176483 1.0
100 0.3810654282569885 0.96875
150 0.4812776446342468 0.84375
200 0.3199298679828644 1.0
250 0.3556625247001648 0.96875
300 0.3643457293510437 0.9375
test 16 score: 0.7872983870967742
start 17-th train
0 0.39429783821105957 0.9375
50 0.4278944730758667 0.875
100 0.37620896100997925 0.9375
150 0.3546513319015503 0.96875
200 0.4772317707538605 0.8125
250 0.3785795569419861 0.9375
300 0.36197012662887573 0.9375
test 17 score: 0.7469758064516129
start 18-th train
0 0.38758885860443115 0.9375
50 0.3964237570762634 0.90625
100 0.36773717403411865 0.9375
150 0.43922287225723267 0.875
200 0.32328683137893677 1.0
250 0.32678982615470886 1.0
300 0.39641934633255005 0.9375
test 18 score: 0.7792338709677419
start 19-th train
0 0.40232884883880615 0.90625
50 0.34840795397758484 0.96875
100 0.3524637818336487 0.96875
150 0.3982659876346588 0.90625
200 0.4052121341228485 0.875
250 0.3962383568286896 0.90625
300 0.4746913015842438 0.84375
test 19 score: 0.7439516129032258
start 20-th train
0 0.3663645088672638 0.9375
50 0.34571361541748047 0.96875
100 0.37594008445739746 0.9375
150 0.3959868252277374 0.90625
200 0.3504532277584076 0.96875
250 0.3942340314388275 0.9375
300 0.4105522334575653 0.875
test 20 score: 0.7449596774193549
start 21-th train
0 0.3570927381515503 0.96875
50 0.3465234041213989 0.96875
100 0.41021785140037537 0.90625
150 0.39638248085975647 0.90625
200 0.4551023542881012 0.84375
250 0.3484993577003479 0.96875
300 0.3803575336933136 0.9375
test 21 score: 0.7631048387096774
start 22-th train
0 0.3764127194881439 0.9375
50 0.3645927608013153 0.96875
100 0.39525657892227173 0.9375
150 0.43481141328811646 0.875
200 0.32281845808029175 1.0
250 0.4307650327682495 0.875
300 0.3269743323326111 1.0
test 22 score: 0.7943548387096774
start 23-th train
0 0.4406803250312805 0.875
50 0.34403738379478455 0.96875
100 0.34440574049949646 0.96875
150 0.32205480337142944 1.0
200 0.3479269742965698 0.96875
250 0.37957069277763367 0.9375
300 0.32342201471328735 1.0
test 23 score: 0.7701612903225806
start 24-th train
0 0.35950779914855957 0.96875
50 0.3978431224822998 0.90625
100 0.3793063759803772 0.9375
150 0.3935025632381439 0.90625
200 0.4123362600803375 0.90625
250 0.35189270973205566 0.96875
300 0.3726649284362793 0.9375
test 24 score: 0.7641129032258065
start 25-th train
0 0.44179779291152954 0.875
50 0.3209141194820404 1.0
100 0.3512706458568573 0.96875
150 0.31718820333480835 1.0
200 0.3492528796195984 0.96875
250 0.40982720255851746 0.90625
300 0.42394617199897766 0.90625
test 25 score: 0.7913306451612904
start 26-th train
0 0.32156187295913696 1.0
50 0.4400060474872589 0.875
100 0.4275064170360565 0.875
150 0.44299134612083435 0.875
200 0.40892788767814636 0.90625
250 0.35514628887176514 0.96875
300 0.3156552314758301 1.0
test 26 score: 0.7681451612903226
start 27-th train
0 0.42210909724235535 0.875
50 0.3177756369113922 1.0
100 0.31848999857902527 1.0
150 0.35239875316619873 0.96875
200 0.34730836749076843 0.96875
250 0.4116041660308838 0.90625
300 0.3203164339065552 1.0
test 27 score: 0.7883064516129032
start 28-th train
0 0.34726372361183167 0.96875
50 0.32470202445983887 1.0
100 0.31963351368904114 1.0
150 0.34978315234184265 0.96875
200 0.3703955411911011 0.9375
250 0.32585179805755615 1.0
300 0.32957834005355835 1.0
test 28 score: 0.7590725806451613
start 29-th train
0 0.3331131935119629 0.96875
50 0.3439866900444031 0.96875
100 0.3552975058555603 0.96875
150 0.3470451235771179 0.96875
200 0.4482383728027344 0.84375
250 0.3980062007904053 0.9375
300 0.3475216031074524 0.96875
test 29 score: 0.7479838709677419
start 30-th train
0 0.31467923521995544 1.0
50 0.35119831562042236 0.96875
100 0.3755835294723511 0.9375
150 0.347367525100708 0.96875
200 0.38087937235832214 0.9375
250 0.45519551634788513 0.875
300 0.34300872683525085 0.96875
test 30 score: 0.7711693548387096
start 31-th train
0 0.36033010482788086 0.96875
50 0.32089459896087646 1.0
100 0.5151687860488892 0.78125
150 0.33461299538612366 0.96875
200 0.39273667335510254 0.90625
250 0.38462960720062256 0.9375
300 0.36510226130485535 0.9375
test 31 score: 0.8004032258064516
start 32-th train
0 0.3457370400428772 0.96875
50 0.3452645540237427 0.96875
100 0.3202827274799347 1.0
150 0.3183533549308777 1.0
200 0.3702734708786011 0.9375
250 0.3703314960002899 0.9375
300 0.3802141845226288 0.9375
test 32 score: 0.7762096774193549
start 33-th train
0 0.3448392152786255 0.96875
50 0.4555279612541199 0.8125
100 0.35223856568336487 0.96875
150 0.3417651057243347 0.96875
200 0.38408970832824707 0.9375
250 0.3472524583339691 0.96875
300 0.39875251054763794 0.9375
test 33 score: 0.7842741935483871
start 34-th train
0 0.35749131441116333 0.96875
50 0.36380600929260254 0.9375
100 0.3494340181350708 0.96875
150 0.3738873302936554 0.9375
200 0.37155675888061523 0.9375
250 0.40711313486099243 0.90625
300 0.4083801507949829 0.90625
test 34 score: 0.7883064516129032
start 35-th train
0 0.39146697521209717 0.9375
50 0.35981810092926025 0.96875
100 0.40799692273139954 0.90625
150 0.40592196583747864 0.90625
200 0.394094318151474 0.90625
250 0.42215853929519653 0.90625
300 0.37713587284088135 0.9375
test 35 score: 0.7983870967741935
start 36-th train
0 0.376565158367157 0.90625
50 0.37111321091651917 0.9375
100 0.3741191327571869 0.9375
150 0.3463527262210846 0.96875
200 0.36791738867759705 0.9375
250 0.3775707185268402 0.9375
300 0.3769114017486572 0.9375
test 36 score: 0.7993951612903226
start 37-th train
0 0.3985595703125 0.9375
50 0.34433069825172424 0.96875
100 0.3846963047981262 0.9375
150 0.40691936016082764 0.90625
200 0.3439384698867798 0.96875
250 0.32015976309776306 1.0
300 0.3200222849845886 1.0
test 37 score: 0.8014112903225806
start 38-th train
0 0.3170435428619385 1.0
50 0.3750907778739929 0.9375
100 0.3166579306125641 1.0
150 0.3154686987400055 1.0
200 0.377254456281662 0.9375
250 0.34666725993156433 0.96875
300 0.4174874722957611 0.875
test 38 score: 0.7772177419354839
start 39-th train
0 0.3888980746269226 0.90625
50 0.4266824722290039 0.875
100 0.3452140986919403 0.96875
150 0.3721914291381836 0.9375
200 0.3196764588356018 1.0
250 0.35275301337242126 0.96875
300 0.38654524087905884 0.9375
test 39 score: 0.7772177419354839
start 40-th train
0 0.3522031605243683 0.96875
50 0.31990256905555725 1.0
100 0.44035080075263977 0.875
150 0.3245299160480499 1.0
200 0.3409828841686249 0.96875
250 0.3451698422431946 0.96875
300 0.40057677030563354 0.90625
test 40 score: 0.7772177419354839
start 41-th train
0 0.3477676510810852 0.96875
50 0.336235910654068 0.96875
100 0.37738510966300964 0.9375
150 0.31358811259269714 1.0
200 0.31506413221359253 1.0
250 0.3772036135196686 0.9375
300 0.3782272934913635 0.9375
test 41 score: 0.7590725806451613
start 42-th train
0 0.43533214926719666 0.875
50 0.3164156973361969 1.0
100 0.31632834672927856 1.0
150 0.3540339469909668 0.96875
200 0.3483065366744995 0.96875
250 0.40873777866363525 0.90625
300 0.37481772899627686 0.9375
test 42 score: 0.7691532258064516
start 43-th train
0 0.34699371457099915 0.96875
50 0.3160504698753357 1.0
100 0.31426146626472473 1.0
150 0.3139422833919525 1.0
200 0.3410089612007141 0.96875
250 0.36724743247032166 0.9375
300 0.3943067193031311 0.90625
test 43 score: 0.7772177419354839
start 44-th train
0 0.34491249918937683 0.96875
50 0.3137499690055847 1.0
100 0.404217928647995 0.90625
150 0.3268103301525116 1.0
200 0.37138107419013977 0.96875
250 0.3184729218482971 1.0
300 0.35165464878082275 0.96875
test 44 score: 0.7893145161290323
start 45-th train
0 0.34536728262901306 0.96875
50 0.4130668044090271 0.90625
100 0.34755241870880127 0.96875
150 0.3446362018585205 0.96875
200 0.3165637254714966 1.0
250 0.3905053734779358 0.9375
300 0.36956608295440674 0.9375
test 45 score: 0.7903225806451613
start 46-th train
0 0.335488498210907 0.96875
50 0.32143518328666687 1.0
100 0.41469210386276245 0.90625
150 0.4345814883708954 0.875
200 0.31705474853515625 1.0
250 0.3829542100429535 0.9375
300 0.40290576219558716 0.90625
test 46 score: 0.8014112903225806
start 47-th train
0 0.3437352478504181 0.96875
50 0.3490526080131531 0.96875
100 0.3675071895122528 0.9375
150 0.39333805441856384 0.90625
200 0.3693692088127136 0.9375
250 0.31473854184150696 1.0
300 0.3656402826309204 0.9375
test 47 score: 0.7903225806451613
start 48-th train
0 0.3140897750854492 1.0
50 0.3743082582950592 0.9375
100 0.3274327516555786 0.96875
150 0.35215499997138977 0.96875
200 0.32742565870285034 0.96875
250 0.3400937616825104 0.96875
300 0.3527106046676636 0.96875
test 48 score: 0.7842741935483871
start 49-th train
0 0.36550113558769226 0.9375
50 0.3336528241634369 0.96875
100 0.31549715995788574 1.0
150 0.3754020631313324 0.9375
200 0.3451303541660309 0.96875
250 0.3489554226398468 0.96875
300 0.387429803609848 0.9375
test 49 score: 0.7903225806451613
start 50-th train
0 0.3144204020500183 1.0
50 0.3224029242992401 1.0
100 0.34476855397224426 0.96875
150 0.3612991273403168 0.9375
200 0.320532888174057 1.0
250 0.377147912979126 0.9375
300 0.3459523320198059 0.96875
test 50 score: 0.7772177419354839
start 51-th train
0 0.3452674150466919 0.96875
50 0.44110044836997986 0.875
100 0.3485443890094757 0.96875
150 0.3446172773838043 0.96875
200 0.3486993908882141 0.96875
250 0.36258235573768616 0.9375
300 0.38533854484558105 0.90625
test 51 score: 0.7479838709677419
start 52-th train
0 0.360090970993042 0.96875
50 0.3452370762825012 0.96875
100 0.3699724078178406 0.9375
150 0.39288145303726196 0.90625
200 0.32023605704307556 1.0
250 0.329170286655426 0.96875
300 0.36904847621917725 0.9375
test 52 score: 0.7883064516129032
start 53-th train
0 0.34735941886901855 0.96875
50 0.31331533193588257 1.0
100 0.3457484245300293 0.96875
150 0.3814563453197479 0.9375
200 0.3328222632408142 0.96875
250 0.38062745332717896 0.9375
300 0.34824249148368835 0.96875
test 53 score: 0.7620967741935484
start 54-th train
0 0.4192054569721222 0.875
50 0.40904515981674194 0.90625
100 0.3788774609565735 0.9375
150 0.4066993296146393 0.90625
200 0.41829147934913635 0.90625
250 0.36703723669052124 0.9375
300 0.4065231680870056 0.90625
test 54 score: 0.7883064516129032
start 55-th train
0 0.34455931186676025 0.96875
50 0.3445567190647125 0.96875
100 0.31742891669273376 1.0
150 0.3562327027320862 0.96875
200 0.37796956300735474 0.9375
250 0.337104469537735 0.96875
300 0.31345638632774353 1.0
test 55 score: 0.7671370967741935
start 56-th train
0 0.3779720664024353 0.9375
50 0.3740908205509186 0.9375
100 0.3449464440345764 0.96875
150 0.32720932364463806 0.96875
200 0.34899407625198364 0.96875
250 0.34716713428497314 0.96875
300 0.3520418405532837 0.96875
test 56 score: 0.7852822580645161
start 57-th train
0 0.33123770356178284 1.0
50 0.31421318650245667 1.0
100 0.3683876395225525 0.9375
150 0.34688881039619446 0.96875
200 0.33615031838417053 0.96875
250 0.32732927799224854 1.0
300 0.3166676461696625 1.0
test 57 score: 0.7711693548387096
start 58-th train
0 0.34541600942611694 0.96875
50 0.34453603625297546 0.96875
100 0.33148714900016785 0.96875
150 0.36079666018486023 0.9375
200 0.31976208090782166 1.0
250 0.3482072055339813 0.96875
300 0.3957284390926361 0.90625
test 58 score: 0.7983870967741935
start 59-th train
0 0.3448801636695862 0.96875
50 0.3138848543167114 1.0
100 0.34503650665283203 0.96875
150 0.3463592231273651 0.96875
200 0.40640148520469666 0.90625
250 0.3758355677127838 0.9375
300 0.38395312428474426 0.9375
test 59 score: 0.7449596774193549
start 60-th train
0 0.3727557957172394 0.9375
50 0.3503032922744751 0.96875
100 0.3964105546474457 0.90625
150 0.31730037927627563 1.0
200 0.34420856833457947 0.96875
250 0.34489983320236206 0.96875
300 0.34599825739860535 0.96875
test 60 score: 0.8054435483870968
start 61-th train
0 0.3158244788646698 1.0
50 0.31557396054267883 1.0
100 0.3139873147010803 1.0
150 0.3391474783420563 0.96875
200 0.3405044376850128 0.96875
250 0.37788307666778564 0.9375
300 0.3493387997150421 0.96875
test 61 score: 0.7782258064516129
start 62-th train
0 0.36402738094329834 0.9375
50 0.37459635734558105 0.9375
100 0.3445669412612915 0.96875
150 0.3797782361507416 0.9375
200 0.3618567883968353 0.9375
250 0.3449091613292694 0.96875
300 0.3759646713733673 0.9375
test 62 score: 0.7741935483870968
start 63-th train
0 0.4383046329021454 0.875
50 0.4025130569934845 0.90625
100 0.4170444905757904 0.90625
150 0.404156357049942 0.90625
200 0.35051611065864563 0.96875
250 0.3136087954044342 1.0
300 0.3164079487323761 1.0
test 63 score: 0.7641129032258065
start 64-th train
0 0.3904529809951782 0.9375
50 0.36211174726486206 0.9375
100 0.37940606474876404 0.9375
150 0.3449326455593109 0.96875
200 0.3373013436794281 0.96875
250 0.4064706861972809 0.90625
300 0.3232609033584595 1.0
test 64 score: 0.7610887096774194
start 65-th train
0 0.34455958008766174 0.96875
50 0.36244308948516846 0.96875
100 0.31344977021217346 1.0
150 0.3213745355606079 1.0
200 0.40885016322135925 0.90625
250 0.3132621943950653 1.0
300 0.3497096300125122 0.96875
test 65 score: 0.7832661290322581
start 66-th train
0 0.36793529987335205 0.9375
50 0.3450671434402466 0.96875
100 0.31471091508865356 1.0
150 0.3664086163043976 0.96875
200 0.37650325894355774 0.9375
250 0.34400540590286255 0.96875
300 0.40723368525505066 0.90625
test 66 score: 0.7782258064516129
start 67-th train
0 0.34511798620224 0.96875
50 0.3139037787914276 1.0
100 0.37609776854515076 0.9375
150 0.4035765826702118 0.90625
200 0.3430989682674408 0.96875
250 0.3759617805480957 0.9375
300 0.34456148743629456 0.96875
test 67 score: 0.7953629032258065
start 68-th train
0 0.34463053941726685 0.96875
50 0.40549832582473755 0.90625
100 0.3626824617385864 0.9375
150 0.3608129918575287 0.9375
200 0.4151606261730194 0.90625
250 0.3246772587299347 1.0
300 0.3623736798763275 0.9375
test 68 score: 0.7772177419354839
start 69-th train
0 0.4207368493080139 0.875
50 0.34452810883522034 0.96875
100 0.3174141049385071 1.0
150 0.34452664852142334 0.96875
200 0.3942907452583313 0.90625
250 0.35117366909980774 0.96875
300 0.34451937675476074 0.96875
test 69 score: 0.7772177419354839
start 70-th train
0 0.31500720977783203 1.0
50 0.3172439932823181 1.0
100 0.3442871570587158 0.96875
150 0.3487311899662018 0.96875
200 0.3767247200012207 0.9375
250 0.3409839868545532 0.96875
300 0.313763290643692 1.0
test 70 score: 0.7661290322580645
start 71-th train
0 0.3493521809577942 0.96875
50 0.34824252128601074 0.96875
100 0.34782716631889343 0.96875
150 0.3504348695278168 0.96875
200 0.34460383653640747 0.96875
250 0.3757963478565216 0.9375
300 0.31444278359413147 1.0
test 71 score: 0.7651209677419355
start 72-th train
0 0.3473547101020813 0.96875
50 0.3769603967666626 0.9375
100 0.3486897945404053 0.96875
150 0.40717172622680664 0.90625
200 0.3136241137981415 1.0
250 0.36906757950782776 0.9375
300 0.3473241925239563 0.96875
test 72 score: 0.7792338709677419
start 73-th train
0 0.3758408725261688 0.9375
50 0.3133196234703064 1.0
100 0.37111103534698486 0.9375
150 0.3781675398349762 0.9375
200 0.33997446298599243 1.0
250 0.3654697835445404 0.9375
300 0.3162052631378174 1.0
test 73 score: 0.7560483870967742
start 74-th train
0 0.3423708975315094 0.96875
50 0.3785783648490906 0.9375
100 0.37726014852523804 0.9375
150 0.31633904576301575 1.0
200 0.3143542408943176 1.0
250 0.31626638770103455 1.0
300 0.3132687509059906 1.0
test 74 score: 0.7872983870967742
start 75-th train
0 0.42341941595077515 0.90625
50 0.3199272155761719 1.0
100 0.3459867537021637 0.96875
150 0.34455713629722595 0.96875
200 0.37615638971328735 0.9375
250 0.3898123502731323 0.90625
300 0.3134264647960663 1.0
test 75 score: 0.7842741935483871
start 76-th train
0 0.3135959804058075 1.0
50 0.3134554922580719 1.0
100 0.34532657265663147 0.96875
150 0.3152160942554474 1.0
200 0.36963146924972534 0.9375
250 0.3149449825286865 1.0
300 0.3539965748786926 0.96875
test 76 score: 0.8084677419354839
start 77-th train
0 0.4267522096633911 0.875
50 0.3874916136264801 0.90625
100 0.35253894329071045 0.96875
150 0.3452340364456177 0.96875
200 0.4070795178413391 0.90625
250 0.4090001881122589 0.90625
300 0.3382676839828491 0.96875
test 77 score: 0.7862903225806451
start 78-th train
0 0.34941527247428894 0.96875
50 0.4423901438713074 0.84375
100 0.32045868039131165 1.0
150 0.40470731258392334 0.90625
200 0.31331077218055725 1.0
250 0.31341609358787537 1.0
300 0.34401291608810425 0.9375
test 78 score: 0.7852822580645161
start 79-th train
0 0.34490442276000977 0.96875
50 0.3459043800830841 0.96875
100 0.3134590983390808 1.0
150 0.37330102920532227 0.9375
200 0.344522625207901 0.96875
250 0.31479114294052124 1.0
300 0.38250380754470825 0.9375
test 79 score: 0.7953629032258065
start 80-th train
0 0.3134268522262573 1.0
50 0.36078134179115295 0.9375
100 0.3132919669151306 1.0
150 0.31334495544433594 1.0
200 0.31332120299339294 1.0
250 0.3442097008228302 0.96875
300 0.3133571445941925 1.0
test 80 score: 0.7963709677419355
start 81-th train
0 0.3449243903160095 0.96875
50 0.34483030438423157 0.96875
100 0.3764411509037018 0.9375
150 0.37374794483184814 0.9375
200 0.3154003322124481 1.0
250 0.3674136698246002 0.9375
300 0.3162916302680969 1.0
test 81 score: 0.7963709677419355
start 82-th train
0 0.37592169642448425 0.9375
50 0.3487068712711334 0.96875
100 0.40667441487312317 0.90625
150 0.34454911947250366 0.96875
200 0.3441055119037628 0.96875
250 0.31966710090637207 1.0
300 0.4040954113006592 0.90625
test 82 score: 0.7762096774193549
start 83-th train
0 0.33609139919281006 0.96875
50 0.36555376648902893 0.9375
100 0.37601059675216675 0.9375
150 0.39642348885536194 0.90625
200 0.3166346251964569 1.0
250 0.3446063995361328 0.96875
300 0.37563908100128174 0.9375
test 83 score: 0.7993951612903226
start 84-th train
0 0.37658417224884033 0.9375
50 0.3472534120082855 0.96875
100 0.41261526942253113 0.90625
150 0.3758353888988495 0.9375
200 0.37794914841651917 0.90625
250 0.3460092842578888 0.96875
300 0.34455934166908264 0.96875
test 84 score: 0.8004032258064516
start 85-th train
0 0.3750223219394684 0.9375
50 0.31334540247917175 1.0
100 0.3321266174316406 0.96875
150 0.31329619884490967 1.0
200 0.34571704268455505 0.96875
250 0.36077412962913513 0.9375
300 0.31411442160606384 1.0
test 85 score: 0.7671370967741935
start 86-th train
0 0.3151398301124573 1.0
50 0.3458422124385834 0.96875
100 0.375766396522522 0.9375
150 0.3134011924266815 1.0
200 0.3133169710636139 1.0
250 0.3189091086387634 1.0
300 0.3133109211921692 1.0
test 86 score: 0.780241935483871
start 87-th train
0 0.4084554612636566 0.90625
50 0.34479713439941406 0.96875
100 0.3763839900493622 0.9375
150 0.34460118412971497 0.96875
200 0.3153778314590454 1.0
250 0.4753601849079132 0.8125
300 0.34687674045562744 0.96875
test 87 score: 0.7983870967741935
start 88-th train
0 0.3431735932826996 0.96875
50 0.33238378167152405 0.96875
100 0.4073232114315033 0.90625
150 0.3453036844730377 0.96875
200 0.31638240814208984 1.0
250 0.3252938687801361 0.96875
300 0.3445886969566345 0.96875
test 88 score: 0.8094758064516129
start 89-th train
0 0.3758082687854767 0.9375
50 0.4070679843425751 0.90625
100 0.39330756664276123 0.90625
150 0.34579747915267944 0.96875
200 0.31501564383506775 1.0
250 0.314769446849823 1.0
300 0.3287464380264282 0.96875
test 89 score: 0.8044354838709677
start 90-th train
0 0.313275009393692 1.0
50 0.44831255078315735 0.875
100 0.31331542134284973 1.0
150 0.34808656573295593 0.96875
200 0.3291556239128113 0.96875
250 0.34621644020080566 0.96875
300 0.371610164642334 0.9375
test 90 score: 0.8074596774193549
start 91-th train
0 0.3133244812488556 1.0
50 0.38808009028434753 0.90625
100 0.33841484785079956 0.96875
150 0.32504233717918396 1.0
200 0.4069626033306122 0.90625
250 0.3460873067378998 0.96875
300 0.36103978753089905 0.9375
test 91 score: 0.7923387096774194
start 92-th train
0 0.4640514850616455 0.84375
50 0.31340330839157104 1.0
100 0.3540746569633484 0.96875
150 0.34495240449905396 0.96875
200 0.35168278217315674 0.96875
250 0.3671181797981262 0.9375
300 0.33358877897262573 0.96875
test 92 score: 0.8104838709677419
start 93-th train
0 0.3950917720794678 0.90625
50 0.3582231104373932 0.9375
100 0.3474576473236084 0.96875
150 0.32810938358306885 0.96875
200 0.3476943373680115 0.96875
250 0.36755695939064026 0.9375
300 0.3463905155658722 0.96875
test 93 score: 0.7721774193548387
start 94-th train
0 0.37586209177970886 0.9375
50 0.3892979919910431 0.90625
100 0.31327056884765625 1.0
150 0.37637725472450256 0.9375
200 0.3210315704345703 1.0
250 0.3757909834384918 0.9375
300 0.34451737999916077 0.96875
test 94 score: 0.7792338709677419
start 95-th train
0 0.31503891944885254 1.0
50 0.3153857886791229 1.0
100 0.3421521782875061 0.96875
150 0.3451124429702759 0.96875
200 0.31965503096580505 1.0
250 0.31533297896385193 1.0
300 0.3445630371570587 0.96875
test 95 score: 0.7661290322580645
start 96-th train
0 0.3696058392524719 0.9375
50 0.34504473209381104 0.96875
100 0.41986098885536194 0.875
150 0.31328508257865906 1.0
200 0.3820163905620575 0.9375
250 0.3510527014732361 0.96875
300 0.31375834345817566 1.0
test 96 score: 0.7620967741935484
start 97-th train
0 0.33219847083091736 0.96875
50 0.35593417286872864 0.96875
100 0.314871609210968 1.0
150 0.31328365206718445 1.0
200 0.31427329778671265 1.0
250 0.3169425129890442 1.0
300 0.31327441334724426 1.0
test 97 score: 0.782258064516129
start 98-th train
0 0.3448219895362854 0.96875
50 0.3970538377761841 0.90625
100 0.4067944288253784 0.90625
150 0.3190208375453949 1.0
200 0.3132723867893219 1.0
250 0.4071962833404541 0.90625
300 0.375504732131958 0.9375
test 98 score: 0.7631048387096774
start 99-th train
0 0.31413713097572327 1.0
50 0.32436060905456543 1.0
100 0.3882204294204712 0.90625
150 0.31467562913894653 1.0
200 0.3500353693962097 0.96875
250 0.3133009374141693 1.0
300 0.34495973587036133 0.96875
test 99 score: 0.7963709677419355
[0.6985887096774194, 0.7036290322580645, 0.6875, 0.6592741935483871, 0.7237903225806451, 0.7379032258064516, 0.7247983870967742, 0.748991935483871, 0.7620967741935484, 0.7741935483870968, 0.7540322580645161, 0.7268145161290323, 0.7772177419354839, 0.782258064516129, 0.7479838709677419, 0.7842741935483871, 0.7872983870967742, 0.7469758064516129, 0.7792338709677419, 0.7439516129032258, 0.7449596774193549, 0.7631048387096774, 0.7943548387096774, 0.7701612903225806, 0.7641129032258065, 0.7913306451612904, 0.7681451612903226, 0.7883064516129032, 0.7590725806451613, 0.7479838709677419, 0.7711693548387096, 0.8004032258064516, 0.7762096774193549, 0.7842741935483871, 0.7883064516129032, 0.7983870967741935, 0.7993951612903226, 0.8014112903225806, 0.7772177419354839, 0.7772177419354839, 0.7772177419354839, 0.7590725806451613, 0.7691532258064516, 0.7772177419354839, 0.7893145161290323, 0.7903225806451613, 0.8014112903225806, 0.7903225806451613, 0.7842741935483871, 0.7903225806451613, 0.7772177419354839, 0.7479838709677419, 0.7883064516129032, 0.7620967741935484, 0.7883064516129032, 0.7671370967741935, 0.7852822580645161, 0.7711693548387096, 0.7983870967741935, 0.7449596774193549, 0.8054435483870968, 0.7782258064516129, 0.7741935483870968, 0.7641129032258065, 0.7610887096774194, 0.7832661290322581, 0.7782258064516129, 0.7953629032258065, 0.7772177419354839, 0.7772177419354839, 0.7661290322580645, 0.7651209677419355, 0.7792338709677419, 0.7560483870967742, 0.7872983870967742, 0.7842741935483871, 0.8084677419354839, 0.7862903225806451, 0.7852822580645161, 0.7953629032258065, 0.7963709677419355, 0.7963709677419355, 0.7762096774193549, 0.7993951612903226, 0.8004032258064516, 0.7671370967741935, 0.780241935483871, 0.7983870967741935, 0.8094758064516129, 0.8044354838709677, 0.8074596774193549, 0.7923387096774194, 0.8104838709677419, 0.7721774193548387, 0.7792338709677419, 0.7661290322580645, 0.7620967741935484, 0.782258064516129, 0.7631048387096774, 0.7963709677419355]