work('bert-base-chinese', "bert-base-chinese", 32, 512, False, 1e-3, 1e-5)
Model1
start 0-th train
0 0.7384306788444519 0.375
50 0.5433878898620605 0.75
100 0.5938348174095154 0.6875
150 0.7281028628349304 0.46875
200 0.7096054553985596 0.5625
250 0.5586722493171692 0.71875
300 0.5110089778900146 0.75
test 0 score: 0.6703629032258065
start 1-th train
0 0.5790696144104004 0.71875
50 0.48572418093681335 0.84375
100 0.6238552331924438 0.6875
150 0.601513683795929 0.75
200 0.5932408571243286 0.625
250 0.6023228764533997 0.65625
300 0.6800423860549927 0.53125
test 1 score: 0.6653225806451613
start 2-th train
0 0.5393781661987305 0.78125
50 0.6673247218132019 0.625
100 0.551733672618866 0.71875
150 0.6639565825462341 0.6875
200 0.5390642285346985 0.78125
250 0.6182332634925842 0.625
300 0.5049648880958557 0.8125
test 2 score: 0.6925403225806451
start 3-th train
0 0.5942126512527466 0.71875
50 0.5591862201690674 0.75
100 0.5772114396095276 0.71875
150 0.7246441841125488 0.46875
200 0.48794957995414734 0.8125
250 0.5321893692016602 0.78125
300 0.6262462735176086 0.625
test 3 score: 0.7066532258064516
start 4-th train
0 0.5745630264282227 0.78125
50 0.5271812677383423 0.8125
100 0.5009883642196655 0.75
150 0.5350509881973267 0.6875
200 0.5652092099189758 0.6875
250 0.5121532082557678 0.78125
300 0.43054190278053284 0.875
test 4 score: 0.6935483870967742
start 5-th train
0 0.571237325668335 0.71875
50 0.5986071228981018 0.75
100 0.554654598236084 0.65625
150 0.6321157217025757 0.625
200 0.5813449025154114 0.6875
250 0.5430330038070679 0.71875
300 0.5183508992195129 0.75
test 5 score: 0.7056451612903226
start 6-th train
0 0.5532969236373901 0.78125
50 0.576708197593689 0.6875
100 0.770866334438324 0.46875
150 0.6209456324577332 0.65625
200 0.5236846804618835 0.78125
250 0.5825251340866089 0.71875
300 0.6166092157363892 0.6875
test 6 score: 0.6975806451612904
start 7-th train
0 0.4319738447666168 0.90625
50 0.5916212797164917 0.78125
100 0.6306105256080627 0.65625
150 0.6896204948425293 0.59375
200 0.625042736530304 0.6875
250 0.5622150301933289 0.75
300 0.6494132876396179 0.59375
test 7 score: 0.7026209677419355
start 8-th train
0 0.47762390971183777 0.84375
50 0.600016713142395 0.71875
100 0.7095621228218079 0.59375
150 0.7062199711799622 0.5625
200 0.5934344530105591 0.6875
250 0.5961522459983826 0.6875
300 0.6031206250190735 0.6875
test 8 score: 0.6370967741935484
start 9-th train
0 0.5969398617744446 0.71875
50 0.6224592924118042 0.6875
100 0.510566234588623 0.8125
150 0.6109318733215332 0.65625
200 0.5261877179145813 0.78125
250 0.4777824878692627 0.75
300 0.45343753695487976 0.875
test 9 score: 0.6502016129032258
start 10-th train
0 0.7247858643531799 0.59375
50 0.5442173480987549 0.8125
100 0.6364362239837646 0.5625
150 0.5052530169487 0.84375
200 0.48961660265922546 0.84375
250 0.4362146258354187 0.84375
300 0.5753862261772156 0.71875
test 10 score: 0.7278225806451613
start 11-th train
0 0.5792896747589111 0.71875
50 0.49232038855552673 0.84375
100 0.5763700008392334 0.71875
150 0.5181553363800049 0.75
200 0.530180811882019 0.8125
250 0.6375799179077148 0.6875
300 0.6397518515586853 0.625
test 11 score: 0.7157258064516129
start 12-th train
0 0.6617072224617004 0.65625
50 0.5393917560577393 0.75
100 0.5784395933151245 0.71875
150 0.5412362813949585 0.75
200 0.5872861742973328 0.71875
250 0.5354264974594116 0.75
300 0.5399250984191895 0.75
test 12 score: 0.7278225806451613
start 13-th train
0 0.6091026663780212 0.71875
50 0.5752645134925842 0.78125
100 0.6659340262413025 0.65625
150 0.5582351088523865 0.75
200 0.5295574069023132 0.75
250 0.5384384393692017 0.75
300 0.5975831747055054 0.6875
test 13 score: 0.6703629032258065
start 14-th train
0 0.5618654489517212 0.78125
50 0.5741528272628784 0.65625
100 0.588277280330658 0.71875
150 0.46192583441734314 0.875
200 0.5204470753669739 0.8125
250 0.5195686221122742 0.8125
300 0.4949611723423004 0.8125
test 14 score: 0.686491935483871
start 15-th train
0 0.4637606739997864 0.8125
50 0.6887580156326294 0.59375
100 0.4949827194213867 0.8125
150 0.5144189596176147 0.75
200 0.5489217042922974 0.6875
250 0.5778483748435974 0.75
300 0.5515627861022949 0.71875
test 15 score: 0.6965725806451613
start 16-th train
0 0.49604713916778564 0.8125
50 0.4665607810020447 0.875
100 0.5990660190582275 0.6875
150 0.5786051750183105 0.71875
200 0.5351976752281189 0.75
250 0.5579975247383118 0.71875
300 0.6176996231079102 0.6875
test 16 score: 0.7207661290322581
start 17-th train
0 0.5281342267990112 0.8125
50 0.5519868731498718 0.75
100 0.6227361559867859 0.6875
150 0.42301449179649353 0.90625
200 0.37783992290496826 0.96875
250 0.4705033302307129 0.875
300 0.4538813531398773 0.8125
test 17 score: 0.7056451612903226
start 18-th train
0 0.5487483143806458 0.75
50 0.477878212928772 0.8125
100 0.5474287271499634 0.71875
150 0.5296712517738342 0.75
200 0.5594931840896606 0.71875
250 0.4315022826194763 0.875
300 0.5391030311584473 0.78125
test 18 score: 0.7157258064516129
start 19-th train
0 0.4240094721317291 0.875
50 0.550909161567688 0.75
100 0.40085938572883606 0.875
150 0.5505777597427368 0.75
200 0.5405011177062988 0.78125
250 0.5218510627746582 0.78125
300 0.5137879848480225 0.78125
test 19 score: 0.7167338709677419
start 20-th train
0 0.37592095136642456 0.96875
50 0.5676425099372864 0.75
100 0.6184090971946716 0.625
150 0.4596574008464813 0.8125
200 0.4113173484802246 0.875
250 0.49751344323158264 0.8125
300 0.46541836857795715 0.84375
test 20 score: 0.7207661290322581
start 21-th train
0 0.5502265095710754 0.78125
50 0.42899325489997864 0.90625
100 0.506572961807251 0.8125
150 0.5010948777198792 0.8125
200 0.47378242015838623 0.84375
250 0.4797784388065338 0.8125
300 0.5831018686294556 0.6875
test 21 score: 0.7016129032258065
start 22-th train
0 0.3787730932235718 0.9375
50 0.5066967010498047 0.84375
100 0.4930131733417511 0.8125
150 0.43317633867263794 0.84375
200 0.5790696740150452 0.6875
250 0.5843538641929626 0.71875
300 0.556611955165863 0.71875
test 22 score: 0.7217741935483871
start 23-th train
0 0.47829294204711914 0.8125
50 0.5286832451820374 0.78125
100 0.6357112526893616 0.625
150 0.570855975151062 0.75
200 0.44058966636657715 0.875
250 0.5667641758918762 0.75
300 0.4453757405281067 0.84375
test 23 score: 0.7348790322580645
start 24-th train
0 0.5858328938484192 0.6875
50 0.4659937024116516 0.8125
100 0.5404413938522339 0.75
150 0.5496424436569214 0.75
200 0.5482921600341797 0.75
250 0.5264918804168701 0.8125
300 0.4663275480270386 0.84375
test 24 score: 0.7207661290322581
start 25-th train
0 0.6718713045120239 0.625
50 0.41416633129119873 0.90625
100 0.44980841875076294 0.8125
150 0.4696606993675232 0.875
200 0.44091618061065674 0.875
250 0.5786329507827759 0.6875
300 0.5126249194145203 0.78125
test 25 score: 0.7328629032258065
start 26-th train
0 0.40537407994270325 0.90625
50 0.5317447781562805 0.78125
100 0.5775246620178223 0.75
150 0.43834933638572693 0.875
200 0.46144142746925354 0.875
250 0.4646252691745758 0.84375
300 0.47689470648765564 0.84375
test 26 score: 0.7076612903225806
start 27-th train
0 0.4733218550682068 0.875
50 0.5029500722885132 0.8125
100 0.5044391751289368 0.78125
150 0.5452671051025391 0.78125
200 0.6977157592773438 0.59375
250 0.4657527506351471 0.8125
300 0.5357564687728882 0.75
test 27 score: 0.7137096774193549
start 28-th train
0 0.5429986119270325 0.75
50 0.4902549982070923 0.84375
100 0.5314065217971802 0.8125
150 0.4628666639328003 0.84375
200 0.5289536118507385 0.78125
250 0.5121141076087952 0.75
300 0.3399018347263336 1.0
test 28 score: 0.7086693548387096
start 29-th train
0 0.4834456145763397 0.875
50 0.4036063551902771 0.90625
100 0.48476889729499817 0.8125
150 0.4662410616874695 0.84375
200 0.5200116038322449 0.78125
250 0.4402005672454834 0.875
300 0.41278785467147827 0.90625
test 29 score: 0.7237903225806451
start 30-th train
0 0.47243809700012207 0.84375
50 0.4735717475414276 0.84375
100 0.35054731369018555 0.96875
150 0.4060463309288025 0.90625
200 0.5069513320922852 0.8125
250 0.47573813796043396 0.8125
300 0.40507179498672485 0.90625
test 30 score: 0.7308467741935484
start 31-th train
0 0.37612420320510864 0.9375
50 0.5344817042350769 0.78125
100 0.49948468804359436 0.8125
150 0.4598422348499298 0.875
200 0.5020243525505066 0.8125
250 0.639288604259491 0.65625
300 0.42595139145851135 0.84375
test 31 score: 0.7227822580645161
start 32-th train
0 0.45247882604599 0.84375
50 0.4911029040813446 0.78125
100 0.5063190460205078 0.8125
150 0.5572298169136047 0.71875
200 0.4855564534664154 0.8125
250 0.5791453123092651 0.71875
300 0.5173294544219971 0.78125
test 32 score: 0.7086693548387096
start 33-th train
0 0.5237036943435669 0.8125
50 0.4912114143371582 0.8125
100 0.4341323971748352 0.8125
150 0.5313180685043335 0.78125
200 0.427219957113266 0.875
250 0.46641990542411804 0.84375
300 0.44267764687538147 0.875
test 33 score: 0.71875
start 34-th train
0 0.43889307975769043 0.84375
50 0.43130162358283997 0.875
100 0.43535882234573364 0.84375
150 0.45982834696769714 0.84375