work('bert-base-chinese', 'bert-base-chinese', 32, 512, False, 5e-5, 1e-5)
Model2
start 0-th train
0 0.7633750438690186 0.375
50 0.6077061891555786 0.75
100 0.6076067686080933 0.75
150 0.5712493658065796 0.78125
200 0.6354867815971375 0.71875
250 0.5565410852432251 0.84375
300 0.5838634371757507 0.78125
test 0 score: 0.6814516129032258
start 1-th train
0 0.6304581761360168 0.78125
50 0.6705155372619629 0.59375
100 0.6242135763168335 0.71875
150 0.6107920408248901 0.65625
200 0.6131387948989868 0.75
250 0.5555676817893982 0.78125
300 0.7075945734977722 0.59375
test 1 score: 0.6602822580645161
start 2-th train
0 0.5426359176635742 0.75
50 0.5747303366661072 0.65625
100 0.5541549324989319 0.75
150 0.5625945925712585 0.75
200 0.6684722304344177 0.59375
250 0.6078022122383118 0.6875
300 0.6229571104049683 0.6875
test 2 score: 0.6743951612903226
start 3-th train
0 0.5759960412979126 0.6875
50 0.5979216694831848 0.625
100 0.6222982406616211 0.65625
150 0.5484186410903931 0.75
200 0.6042260527610779 0.71875
250 0.6770836710929871 0.59375
300 0.501509428024292 0.8125
test 3 score: 0.7006048387096774
start 4-th train
0 0.4497321844100952 0.875
50 0.5026866793632507 0.78125
100 0.5621424317359924 0.6875
150 0.5859337449073792 0.65625
200 0.5226463079452515 0.78125
250 0.588687539100647 0.71875
300 0.5876353979110718 0.65625
test 4 score: 0.7207661290322581
start 5-th train
0 0.4610280692577362 0.90625
50 0.5453820824623108 0.75
100 0.5046079158782959 0.8125
150 0.5049941539764404 0.8125
200 0.6246728897094727 0.6875
250 0.43688786029815674 0.875
300 0.4476199448108673 0.875
test 5 score: 0.7167338709677419
start 6-th train
0 0.4041284918785095 0.9375
50 0.5600382685661316 0.8125
100 0.5941912531852722 0.6875
150 0.502974271774292 0.84375
200 0.5065150260925293 0.8125
250 0.506365954875946 0.8125
300 0.6018953323364258 0.65625
test 6 score: 0.7338709677419355
start 7-th train
0 0.5120474100112915 0.78125
50 0.46827948093414307 0.8125
100 0.6026731133460999 0.71875
150 0.5321201682090759 0.8125
200 0.6087371706962585 0.71875
250 0.5981472134590149 0.6875
300 0.4021115303039551 0.96875
test 7 score: 0.7258064516129032
start 8-th train
0 0.5403544902801514 0.75
50 0.47153380513191223 0.84375
100 0.4295702874660492 0.9375
150 0.5937099456787109 0.75
200 0.44533365964889526 0.90625
250 0.518267810344696 0.8125
300 0.4882005453109741 0.84375
test 8 score: 0.7207661290322581
start 9-th train
0 0.5574336051940918 0.71875
50 0.46827244758605957 0.875
100 0.5107823610305786 0.78125
150 0.437029629945755 0.90625
200 0.5040201544761658 0.8125
250 0.522748589515686 0.75
300 0.5389572978019714 0.78125
test 9 score: 0.7449596774193549
start 10-th train
0 0.4945850372314453 0.8125
50 0.4862237870693207 0.875
100 0.5013632774353027 0.8125
150 0.46052786707878113 0.84375
200 0.5049922466278076 0.8125
250 0.5172353386878967 0.8125
300 0.5318872332572937 0.75
test 10 score: 0.7469758064516129
start 11-th train
0 0.43314993381500244 0.90625
50 0.44439896941185 0.90625
100 0.4571699798107147 0.875
150 0.5344394445419312 0.75
200 0.41501864790916443 0.9375
250 0.48661065101623535 0.84375
300 0.46468237042427063 0.875
test 11 score: 0.7106854838709677
start 12-th train
0 0.43988296389579773 0.875
50 0.41982731223106384 0.875
100 0.37857335805892944 0.96875
150 0.39473170042037964 0.96875
200 0.43380385637283325 0.9375
250 0.5080640912055969 0.75
300 0.49854305386543274 0.84375
test 12 score: 0.7439516129032258
start 13-th train
0 0.4343656897544861 0.875
50 0.48576080799102783 0.84375
100 0.4706098437309265 0.84375
150 0.3819113075733185 0.96875
200 0.40770772099494934 0.875
250 0.3806670308113098 0.96875
300 0.4211621582508087 0.9375
test 13 score: 0.7550403225806451
start 14-th train
0 0.41209641098976135 0.9375
50 0.4023522734642029 0.90625
100 0.43646153807640076 0.875
150 0.492084801197052 0.8125
200 0.4408412575721741 0.90625
250 0.4829966425895691 0.84375
300 0.43948620557785034 0.9375
test 14 score: 0.7671370967741935
start 15-th train
0 0.478135883808136 0.84375
50 0.4812401533126831 0.8125
100 0.5028278231620789 0.8125
150 0.42591503262519836 0.9375
200 0.44339388608932495 0.84375
250 0.5109053254127502 0.84375
300 0.4369359016418457 0.90625
test 15 score: 0.7620967741935484
start 16-th train
0 0.503951907157898 0.8125
50 0.47005218267440796 0.875
100 0.393482506275177 0.9375
150 0.4012066721916199 0.9375
200 0.4806728661060333 0.90625
250 0.37535011768341064 0.9375
300 0.45022720098495483 0.84375
test 16 score: 0.7358870967741935
start 17-th train
0 0.39711794257164 0.96875
50 0.47323471307754517 0.84375
100 0.37221306562423706 0.96875
150 0.3771247863769531 1.0
200 0.42292460799217224 0.90625
250 0.41220223903656006 0.90625
300 0.43384015560150146 0.90625
test 17 score: 0.7651209677419355
start 18-th train
0 0.43096163868904114 0.90625
50 0.4851699769496918 0.8125
100 0.4259171783924103 0.90625
150 0.3889654874801636 0.9375
200 0.38884657621383667 0.90625
250 0.47684869170188904 0.875
300 0.3937755525112152 0.9375
test 18 score: 0.7459677419354839
start 19-th train
0 0.39452746510505676 0.9375
50 0.4041244685649872 0.9375
100 0.46148768067359924 0.84375
150 0.39692923426628113 0.9375
200 0.4561123251914978 0.84375
250 0.4539208710193634 0.84375
300 0.38774406909942627 0.9375
test 19 score: 0.7298387096774194
start 20-th train
0 0.41158854961395264 0.9375
50 0.38507816195487976 0.9375
100 0.41136273741722107 0.90625
150 0.3522505462169647 0.9375
200 0.4872784912586212 0.8125
250 0.4241551160812378 0.90625
300 0.4168473482131958 0.90625
test 20 score: 0.7389112903225806
start 21-th train
0 0.47676363587379456 0.84375
50 0.3914125859737396 0.96875
100 0.37953710556030273 0.9375
150 0.41332384943962097 0.9375
200 0.41643384099006653 0.90625
250 0.443103551864624 0.84375
300 0.4031372368335724 0.90625
test 21 score: 0.7721774193548387
start 22-th train
0 0.4049529731273651 0.9375
100 0.4587714374065399 0.875
150 0.4760809540748596 0.84375
200 0.39090460538864136 0.96875
250 0.48812758922576904 0.8125
300 0.4173029065132141 0.9375
test 22 score: 0.7590725806451613
start 23-th train
0 0.35728785395622253 1.0
50 0.44736525416374207 0.875
100 0.39741384983062744 0.9375
150 0.42293882369995117 0.90625
200 0.4382982850074768 0.90625
250 0.3806403577327728 0.9375
300 0.5114275813102722 0.8125
test 23 score: 0.7459677419354839
start 24-th train
0 0.38530483841896057 0.96875
50 0.34307149052619934 1.0
100 0.38829779624938965 0.96875
150 0.3725764751434326 0.96875
200 0.3645772337913513 0.96875
250 0.413760781288147 0.90625
300 0.36884787678718567 0.96875
test 24 score: 0.7701612903225806
start 25-th train
0 0.4561728835105896 0.875
50 0.40163758397102356 0.90625
100 0.403549462556839 0.90625
150 0.4300879240036011 0.90625
200 0.4864557087421417 0.8125
250 0.4182814657688141 0.90625
300 0.3712618350982666 0.96875
test 25 score: 0.7641129032258065
start 26-th train
0 0.36200234293937683 0.96875
50 0.35690703988075256 0.96875
100 0.40575551986694336 0.9375
150 0.388060599565506 0.9375
200 0.4773043990135193 0.8125
250 0.3564719259738922 0.96875
300 0.37281376123428345 0.96875
test 26 score: 0.7580645161290323
start 27-th train
0 0.40915995836257935 0.90625
50 0.4044733941555023 0.90625
100 0.3948020040988922 0.9375
150 0.39317587018013 0.9375
200 0.37726640701293945 0.9375
250 0.4279639422893524 0.875
300 0.3915832042694092 0.9375
test 27 score: 0.75
start 28-th train
0 0.3724856674671173 0.9375
50 0.3997921645641327 0.90625
100 0.3919515609741211 0.9375
150 0.3242416977882385 1.0
200 0.3599783778190613 0.96875
250 0.3745284676551819 0.9375
300 0.5057246685028076 0.8125
test 28 score: 0.7439516129032258
start 29-th train
0 0.4147143065929413 0.90625
50 0.3604240417480469 0.96875
100 0.3895992040634155 0.9375
150 0.4189381003379822 0.90625
200 0.3967297673225403 0.90625
250 0.3561699092388153 0.96875
300 0.3451847434043884 0.96875
test 29 score: 0.7842741935483871
start 30-th train
0 0.3487866222858429 1.0
50 0.4087144732475281 0.90625
100 0.46696946024894714 0.84375
150 0.3530905544757843 0.96875
200 0.34512442350387573 0.96875
250 0.4471438527107239 0.875
300 0.45183220505714417 0.875
test 30 score: 0.7701612903225806
start 31-th train
0 0.32757219672203064 1.0
50 0.31697016954421997 1.0
100 0.39046192169189453 0.9375
150 0.4129320979118347 0.90625
200 0.34829825162887573 1.0
250 0.34590837359428406 0.96875
300 0.4148809015750885 0.90625
test 31 score: 0.7691532258064516
start 32-th train
0 0.37663212418556213 0.9375
50 0.423213392496109 0.90625
100 0.46136754751205444 0.875
150 0.3812434673309326 0.9375
200 0.3255098760128021 1.0
250 0.3832359313964844 0.9375
300 0.37782397866249084 0.9375
test 32 score: 0.7681451612903226
start 33-th train
0 0.39544638991355896 0.90625
50 0.4344492256641388 0.90625
100 0.375715434551239 0.9375
150 0.38115376234054565 0.96875
200 0.3412329852581024 1.0
250 0.3501572608947754 0.96875
300 0.352185994386673 0.9375
test 33 score: 0.7651209677419355
start 34-th train
0 0.3878352642059326 0.9375
50 0.3796921372413635 0.9375
100 0.40055373311042786 0.9375
150 0.3816891312599182 0.9375
200 0.36239391565322876 0.9375
250 0.3915903866291046 0.9375
300 0.3505879044532776 0.96875
test 34 score: 0.7842741935483871
start 35-th train
0 0.324020117521286 1.0
50 0.3845408856868744 0.9375
100 0.3211251199245453 1.0
150 0.36192598938941956 0.96875
200 0.32552629709243774 1.0
250 0.3824506402015686 0.9375
300 0.39082419872283936 0.9375
test 35 score: 0.7752016129032258
start 36-th train
0 0.31929197907447815 1.0
50 0.383741170167923 0.9375
100 0.3344007134437561 0.96875
150 0.4211549460887909 0.90625
200 0.37209048867225647 0.96875
250 0.3721983730792999 0.9375
300 0.42254674434661865 0.875
test 36 score: 0.7752016129032258
start 37-th train
0 0.4241487681865692 0.875
50 0.3228236734867096 1.0
100 0.3392014503479004 0.96875
150 0.34062477946281433 0.96875
200 0.33046290278434753 1.0
250 0.36798223853111267 0.96875
300 0.3302653133869171 1.0
test 37 score: 0.7832661290322581
start 38-th train
0 0.34336093068122864 1.0
50 0.35391560196876526 0.96875
100 0.37137869000434875 0.9375
150 0.3861803412437439 0.9375
200 0.3873140811920166 0.9375
250 0.36106330156326294 0.96875
300 0.31816717982292175 1.0
test 38 score: 0.7752016129032258
start 39-th train
0 0.3821110427379608 0.9375
50 0.3586130738258362 0.96875
100 0.3819091022014618 0.9375
150 0.3473789393901825 0.96875
200 0.32588234543800354 1.0
250 0.38259369134902954 0.9375
300 0.36010515689849854 0.96875
test 39 score: 0.7721774193548387
start 40-th train
0 0.31870782375335693 1.0
50 0.32103246450424194 1.0
100 0.3654763102531433 0.9375
150 0.33992478251457214 1.0
200 0.3406338095664978 0.96875
250 0.34040915966033936 0.96875
300 0.41011568903923035 0.90625
test 40 score: 0.7752016129032258
start 41-th train
0 0.32835859060287476 1.0
50 0.3338398337364197 1.0
100 0.34923943877220154 0.96875
150 0.3566134572029114 0.96875
200 0.3516063392162323 0.96875
250 0.35220226645469666 0.96875
300 0.3886861801147461 0.9375
test 41 score: 0.7893145161290323
start 42-th train
0 0.32127314805984497 1.0
50 0.3477119207382202 0.96875
100 0.316694438457489 1.0
150 0.333153635263443 0.96875
200 0.3840612471103668 0.90625
250 0.35546934604644775 0.96875
300 0.3419833183288574 0.96875
test 42 score: 0.7772177419354839
start 43-th train
0 0.31982871890068054 1.0
50 0.38558176159858704 0.9375
100 0.3501151502132416 0.96875
150 0.42493361234664917 0.84375
200 0.35349804162979126 0.96875
250 0.380549818277359 0.9375
300 0.32432839274406433 1.0
test 43 score: 0.78125
start 44-th train
0 0.32682132720947266 1.0
50 0.3751182556152344 0.9375
100 0.3491571545600891 0.96875
150 0.34892863035202026 0.96875
200 0.3574346899986267 0.96875
250 0.4179709255695343 0.90625
300 0.33192214369773865 1.0
test 44 score: 0.78125
start 45-th train
0 0.35848090052604675 0.96875
50 0.3790920674800873 0.9375
100 0.3725929260253906 0.96875
150 0.3155469596385956 1.0
200 0.3502340614795685 0.96875
250 0.3750489056110382 0.9375
300 0.4005815386772156 0.9375
test 45 score: 0.7641129032258065
start 46-th train
0 0.31545236706733704 1.0
50 0.35375237464904785 0.96875
100 0.3465072810649872 0.96875
150 0.38495180010795593 0.9375
200 0.44189801812171936 0.84375
250 0.4187380373477936 0.9375
300 0.36601585149765015 0.9375
test 46 score: 0.782258064516129
start 47-th train
0 0.315986692905426 1.0
50 0.35023146867752075 0.96875
100 0.3587614595890045 0.96875
150 0.3814318776130676 0.9375
200 0.3602670431137085 0.96875
250 0.3186537027359009 1.0
300 0.34847569465637207 0.96875
test 47 score: 0.7762096774193549
start 48-th train
0 0.4487650990486145 0.875
50 0.34942716360092163 0.96875
100 0.33952680230140686 0.96875
150 0.3755066394805908 0.9375
200 0.42253780364990234 0.875
250 0.3830963373184204 0.9375
300 0.38101330399513245 0.9375
test 48 score: 0.7600806451612904
start 49-th train
0 0.3417467772960663 0.96875
50 0.345869779586792 0.96875
100 0.38085636496543884 0.9375
150 0.4193553924560547 0.90625
200 0.34839189052581787 0.96875
250 0.31888172030448914 1.0
300 0.3478253185749054 0.96875
test 49 score: 0.7752016129032258
start 50-th train
0 0.31493112444877625 1.0
50 0.4398869574069977 0.875
100 0.3487902879714966 0.96875
150 0.3633192777633667 0.9375
200 0.34660354256629944 0.96875
250 0.3456282615661621 0.96875
300 0.34558048844337463 0.96875
test 50 score: 0.7842741935483871
start 51-th train
0 0.3178318738937378 1.0
50 0.3179969787597656 1.0
100 0.3456959128379822 0.96875
150 0.3482378125190735 0.96875
200 0.3484524190425873 0.96875
250 0.4405139684677124 0.875
300 0.350287526845932 0.96875
test 51 score: 0.7580645161290323
start 52-th train
0 0.3205980062484741 1.0
50 0.3883510231971741 0.90625
100 0.3256285786628723 1.0
150 0.3478645980358124 0.96875
200 0.3476250469684601 0.96875
250 0.36057567596435547 0.9375
300 0.31819963455200195 1.0
test 52 score: 0.7620967741935484
start 53-th train
0 0.3207816481590271 1.0
50 0.36114972829818726 0.9375
100 0.3188384771347046 1.0
150 0.31461650133132935 1.0
200 0.3793904483318329 0.9375
250 0.3776138424873352 0.9375
300 0.3172127604484558 1.0
test 53 score: 0.7671370967741935
start 54-th train
0 0.3319537937641144 1.0
50 0.3473787307739258 0.96875
100 0.3808485269546509 0.9375
150 0.34560835361480713 0.96875
200 0.3784807324409485 0.9375
250 0.4402916133403778 0.875
300 0.320292592048645 1.0
test 54 score: 0.782258064516129
start 55-th train
0 0.32466521859169006 1.0
50 0.3201625943183899 1.0
100 0.34603798389434814 0.96875
150 0.319028377532959 1.0
200 0.347642719745636 0.96875
250 0.34814053773880005 0.96875
300 0.393121600151062 0.9375
test 55 score: 0.8074596774193549
start 56-th train
0 0.4149790406227112 0.90625
50 0.32003816962242126 1.0
100 0.3484635353088379 0.96875
150 0.34664788842201233 0.96875
200 0.37721511721611023 0.9375
250 0.34771960973739624 0.96875
300 0.31487318873405457 1.0
test 56 score: 0.7671370967741935
start 57-th train
0 0.3859459459781647 0.9375
50 0.38292211294174194 0.9375
100 0.34648483991622925 0.96875
150 0.3465564250946045 0.96875
200 0.31718143820762634 1.0
250 0.40389248728752136 0.90625
300 0.34552693367004395 0.96875
test 57 score: 0.780241935483871
start 58-th train
0 0.31621354818344116 1.0
50 0.3461814820766449 0.96875
100 0.3485493063926697 0.96875
150 0.3475063741207123 0.96875
200 0.3234165906906128 1.0
250 0.31924498081207275 1.0
300 0.3766401708126068 0.9375
test 58 score: 0.8004032258064516
start 59-th train
0 0.3495601415634155 0.96875
50 0.3791276812553406 0.9375
100 0.3214394450187683 1.0
150 0.3467509150505066 0.96875
200 0.44568654894828796 0.875
250 0.33214330673217773 1.0
300 0.3184656798839569 1.0
test 59 score: 0.7671370967741935
start 60-th train
0 0.35125401616096497 0.96875
50 0.34913185238838196 0.96875
100 0.31455448269844055 1.0
150 0.3767894208431244 0.9375
200 0.3788810968399048 0.9375
250 0.3481248915195465 0.96875
300 0.3729410469532013 0.9375
test 60 score: 0.7752016129032258
start 61-th train
0 0.3471984565258026 0.96875
50 0.31478893756866455 1.0
100 0.40652215480804443 0.90625
150 0.31554922461509705 1.0
200 0.37885650992393494 0.9375
250 0.37732216715812683 0.9375
300 0.3343740701675415 0.96875
test 61 score: 0.7832661290322581
start 62-th train
0 0.3453807532787323 0.96875
50 0.31416699290275574 1.0
100 0.3799550235271454 0.9375
150 0.33634400367736816 0.96875
200 0.3164886236190796 1.0
250 0.31613829731941223 1.0
300 0.3184422254562378 1.0
test 62 score: 0.78125
start 63-th train
0 0.37714260816574097 0.9375
50 0.3273325264453888 0.96875
100 0.35201916098594666 0.96875
150 0.37830474972724915 0.9375
200 0.3501705527305603 0.96875
250 0.3204173743724823 1.0
300 0.3554608225822449 0.9375
test 63 score: 0.7731854838709677
start 64-th train
0 0.35496076941490173 0.96875
50 0.31543445587158203 1.0
100 0.3509378135204315 0.96875
150 0.34862667322158813 0.96875
200 0.34672239422798157 0.96875
250 0.346035361289978 0.96875
300 0.3564273416996002 0.96875
test 64 score: 0.7872983870967742
start 65-th train
0 0.3140343427658081 1.0
50 0.3765276074409485 0.9375
100 0.41287147998809814 0.90625
150 0.3185693323612213 1.0
200 0.31440412998199463 1.0
250 0.3293265700340271 1.0
300 0.36753347516059875 0.96875
test 65 score: 0.7913306451612904
start 66-th train
0 0.3463428318500519 0.96875
50 0.34706538915634155 0.96875
100 0.31448987126350403 1.0
150 0.3151252567768097 1.0
200 0.3165092170238495 1.0
250 0.37667232751846313 0.9375
300 0.3734087646007538 0.9375
test 66 score: 0.7832661290322581
start 67-th train
0 0.3458036780357361 0.96875
50 0.31386658549308777 1.0
100 0.34674569964408875 0.96875
150 0.3831040561199188 0.9375
200 0.3718815743923187 0.9375
250 0.35044071078300476 0.96875
300 0.37418878078460693 0.9375
test 67 score: 0.7792338709677419
start 68-th train
0 0.31473079323768616 1.0
50 0.3155338764190674 1.0
100 0.38270193338394165 0.9375
150 0.34602880477905273 0.96875
200 0.3209078907966614 1.0
250 0.34543511271476746 0.96875
300 0.3864518404006958 0.9375
test 68 score: 0.7731854838709677
start 69-th train
0 0.3790534436702728 0.9375
50 0.3792433738708496 0.9375
100 0.345847487449646 0.96875
150 0.31390535831451416 1.0
200 0.37418222427368164 0.9375
250 0.350724458694458 0.96875
300 0.3777502775192261 0.9375
test 69 score: 0.7731854838709677
start 70-th train
0 0.3453855812549591 0.96875
50 0.3463333249092102 0.96875
100 0.3213067352771759 1.0
150 0.3495756983757019 0.96875
200 0.3142188787460327 1.0
250 0.406879723072052 0.90625
300 0.317110151052475 1.0
test 70 score: 0.78125
start 71-th train
0 0.3530125021934509 0.96875
50 0.3175092041492462 1.0
100 0.3451589047908783 0.96875
150 0.3447491526603699 0.96875
200 0.382671982049942 0.9375
250 0.3272996246814728 1.0
300 0.3147176206111908 1.0
test 71 score: 0.7923387096774194
start 72-th train
0 0.31876620650291443 1.0
50 0.31370410323143005 1.0
100 0.31420642137527466 1.0
150 0.34732863306999207 0.96875
200 0.34892141819000244 0.96875
250 0.3150750994682312 1.0
300 0.3403454124927521 0.96875
test 72 score: 0.7993951612903226
start 73-th train
0 0.3522838354110718 0.96875
50 0.40743783116340637 0.90625
100 0.3394832909107208 0.96875
150 0.31382590532302856 1.0
200 0.31813061237335205 1.0
250 0.34544843435287476 0.96875
300 0.3149927854537964 1.0
test 73 score: 0.751008064516129
start 74-th train
0 0.38803234696388245 0.9375
50 0.34521058201789856 0.96875
100 0.3250028192996979 1.0
150 0.31605395674705505 1.0
200 0.37739306688308716 0.9375
250 0.32275471091270447 1.0
300 0.34558531641960144 0.96875
test 74 score: 0.7661290322580645
start 75-th train
0 0.3447577953338623 0.96875
50 0.40829384326934814 0.90625
100 0.3760853707790375 0.9375
150 0.3465818762779236 0.96875
200 0.3140854835510254 1.0
250 0.3449910283088684 0.96875
300 0.35226452350616455 0.96875
test 75 score: 0.782258064516129
start 76-th train
0 0.3147820830345154 1.0
50 0.3141574561595917 1.0
100 0.32192593812942505 1.0
150 0.3734428286552429 0.9375
200 0.3580317199230194 0.9375
250 0.3333224952220917 0.96875
300 0.37706997990608215 0.9375
test 76 score: 0.7832661290322581
start 77-th train
0 0.37663760781288147 0.9375
50 0.31541362404823303 1.0
100 0.3773372769355774 0.9375
150 0.315318763256073 1.0
200 0.3657071590423584 0.9375
250 0.34485965967178345 0.96875
300 0.4079967439174652 0.90625
test 77 score: 0.7741935483870968
start 78-th train
0 0.3463013470172882 0.96875
50 0.34467896819114685 0.96875
100 0.35648390650749207 0.96875
150 0.31683149933815 1.0
200 0.34529948234558105 0.96875
250 0.39938196539878845 0.90625
300 0.4203185439109802 0.90625
test 78 score: 0.7872983870967742
start 79-th train
0 0.31380873918533325 1.0
50 0.3793307840824127 0.9375
100 0.36193913221359253 0.9375
150 0.3450247645378113 0.96875
200 0.3229330778121948 1.0
250 0.3144146502017975 1.0
300 0.33639904856681824 0.96875
test 79 score: 0.7852822580645161
start 80-th train
0 0.3463520109653473 0.96875
50 0.37629345059394836 0.9375
100 0.3774130940437317 0.9375
150 0.34537169337272644 0.96875
200 0.3769757151603699 0.9375
250 0.41041359305381775 0.90625
300 0.38274937868118286 0.9375
test 80 score: 0.7731854838709677
start 81-th train
0 0.3136192858219147 1.0
50 0.3782675862312317 0.9375
100 0.32554891705513 0.96875
150 0.34685784578323364 0.96875
200 0.3448280096054077 0.96875
250 0.35840627551078796 0.9375
300 0.3163283169269562 1.0
test 81 score: 0.8074596774193549
start 82-th train
0 0.3449489176273346 0.96875
50 0.31500083208084106 1.0
100 0.31367242336273193 1.0
150 0.3182268738746643 1.0
200 0.34544557332992554 0.96875
250 0.31428971886634827 1.0
300 0.35675618052482605 0.96875
test 82 score: 0.7772177419354839
start 83-th train
0 0.37906670570373535 0.9375
50 0.3254423439502716 0.96875
100 0.31392085552215576 1.0
150 0.3454837203025818 0.96875
200 0.3457374572753906 0.96875
250 0.3762938678264618 0.9375
300 0.34583398699760437 0.96875
test 83 score: 0.7782258064516129
start 84-th train
0 0.37633028626441956 0.9375
50 0.34374168515205383 0.96875
100 0.34877508878707886 0.96875
150 0.37632858753204346 0.9375
200 0.3151530921459198 1.0
250 0.3142819106578827 1.0
300 0.31347155570983887 1.0
test 84 score: 0.7741935483870968
start 85-th train
0 0.3451412618160248 0.96875
50 0.3452438414096832 0.96875
100 0.37601983547210693 0.9375
150 0.3134423494338989 1.0
200 0.34991908073425293 0.96875
250 0.4355131983757019 0.875
300 0.3201853632926941 1.0
test 85 score: 0.7842741935483871
start 86-th train
0 0.3155891001224518 1.0
50 0.3157934248447418 1.0
100 0.34470808506011963 0.96875
150 0.35273832082748413 0.96875
200 0.344823956489563 0.96875
250 0.3176477253437042 1.0
300 0.3452545702457428 0.96875
test 86 score: 0.7883064516129032
start 87-th train
0 0.3135720491409302 1.0
50 0.3478323519229889 0.96875
100 0.34549206495285034 0.96875
150 0.3134879767894745 1.0
200 0.31365013122558594 1.0
250 0.3470190763473511 0.96875
300 0.3143642842769623 1.0
test 87 score: 0.7913306451612904
start 88-th train
0 0.43835753202438354 0.875
50 0.31454330682754517 1.0
100 0.3457241952419281 0.96875
150 0.34477463364601135 0.96875
200 0.31343668699264526 1.0
250 0.3449331820011139 0.96875
300 0.3764197826385498 0.9375
test 88 score: 0.7872983870967742
start 89-th train
0 0.34475407004356384 0.96875
50 0.3140934407711029 1.0
100 0.3469882607460022 0.96875
150 0.31467553973197937 1.0
200 0.3450397849082947 0.96875
250 0.34475454688072205 0.96875
300 0.31416991353034973 1.0
test 89 score: 0.780241935483871
start 90-th train
0 0.3137363791465759 1.0
50 0.3810475170612335 0.9375
100 0.34525802731513977 0.96875
150 0.31425029039382935 1.0
200 0.34477853775024414 0.96875
250 0.34549564123153687 0.96875
300 0.3735983073711395 0.9375
test 90 score: 0.7983870967741935
start 91-th train
0 0.31351175904273987 1.0
50 0.3223162591457367 1.0
100 0.34561818838119507 0.96875
150 0.318867027759552 1.0
200 0.4086238443851471 0.90625
250 0.3148147463798523 1.0