work(0, 'bert-base-chinese', "bert-base-chinese", 32, 512, False, 5e-5, 1e-5)
random slice
Model1
0: start 0-th train
0 0.7247307300567627 0.5
100 0.6086295247077942 0.71875
200 0.6157728433609009 0.625
300 0.548276424407959 0.75
0: test 0 score: 0.6975806451612904
0: start 1-th train
0 0.5930758714675903 0.6875
100 0.5291624069213867 0.78125
200 0.5537334084510803 0.71875
300 0.5667562484741211 0.71875
0: test 1 score: 0.688508064516129
0: start 2-th train
0 0.6071882247924805 0.625
100 0.506790816783905 0.8125
200 0.5742080807685852 0.71875
300 0.5114107131958008 0.84375
0: test 2 score: 0.7106854838709677
0: start 3-th train
0 0.49768316745758057 0.8125
100 0.5218578577041626 0.75
200 0.5372987389564514 0.78125
300 0.543827474117279 0.8125
0: test 3 score: 0.6481854838709677
0: start 4-th train
0 0.5778951048851013 0.6875
100 0.5817316770553589 0.625
200 0.5071206092834473 0.8125
300 0.45310649275779724 0.84375
0: test 4 score: 0.7096774193548387
0: start 5-th train
0 0.47520697116851807 0.84375
100 0.4774530231952667 0.8125
200 0.42900872230529785 0.875
300 0.4282272160053253 0.90625
0: test 5 score: 0.7247983870967742
0: start 6-th train
0 0.5422359704971313 0.75
100 0.3924371004104614 0.90625
200 0.40794235467910767 0.90625
300 0.49999621510505676 0.84375
0: test 6 score: 0.7237903225806451
0: start 7-th train
0 0.4273366332054138 0.90625
100 0.468891441822052 0.875
200 0.45049330592155457 0.875
300 0.48377519845962524 0.84375
0: test 7 score: 0.7258064516129032
0: start 8-th train
0 0.44124335050582886 0.84375
100 0.44469740986824036 0.90625
200 0.46074390411376953 0.875
300 0.4556671380996704 0.875
0: test 8 score: 0.7479838709677419
0: start 9-th train
0 0.49686697125434875 0.84375
100 0.4635292589664459 0.875
200 0.4142686426639557 0.90625
300 0.45381611585617065 0.875
0: test 9 score: 0.7399193548387096
0: start 10-th train
0 0.5148122906684875 0.78125
100 0.43456292152404785 0.875
200 0.45466160774230957 0.875
300 0.40522241592407227 0.90625
0: test 10 score: 0.7711693548387096
0: start 11-th train
0 0.4334701597690582 0.875
100 0.449562668800354 0.84375
200 0.39183753728866577 0.9375
300 0.3306739926338196 1.0
0: test 11 score: 0.7600806451612904
0: start 12-th train
0 0.421624094247818 0.84375
100 0.3698985278606415 0.9375
200 0.45678579807281494 0.875
300 0.3747044503688812 0.96875
0: test 12 score: 0.7409274193548387
0: start 13-th train
0 0.4662186801433563 0.84375
100 0.39618149399757385 0.9375
200 0.46185988187789917 0.84375
300 0.4531779885292053 0.875
0: test 13 score: 0.7610887096774194
0: start 14-th train
0 0.4200323522090912 0.875
100 0.4451262056827545 0.875
200 0.40047359466552734 0.90625
300 0.41115662455558777 0.90625
0: test 14 score: 0.7338709677419355
0: start 15-th train
0 0.5110652446746826 0.78125
100 0.3864990472793579 0.9375
200 0.4112529456615448 0.90625
300 0.39603087306022644 0.90625
0: test 15 score: 0.7691532258064516
0: start 16-th train
0 0.3898221552371979 0.9375
100 0.3749924600124359 0.9375
200 0.3813616931438446 0.9375
300 0.39487960934638977 0.90625
0: test 16 score: 0.7399193548387096
0: start 17-th train
0 0.4050566256046295 0.90625
100 0.31843480467796326 1.0
200 0.44030746817588806 0.875
300 0.3870300054550171 0.96875
0: test 17 score: 0.7671370967741935
0: start 18-th train
0 0.3736906945705414 0.9375
100 0.4447654187679291 0.8125
200 0.33302193880081177 1.0
300 0.3945631980895996 0.9375
0: test 18 score: 0.780241935483871
0: start 19-th train
0 0.44003182649612427 0.875
100 0.3432706296443939 0.96875
200 0.37884020805358887 0.9375
300 0.39562317728996277 0.90625
0: test 19 score: 0.7449596774193549
0: start 20-th train
0 0.3751266300678253 0.9375
100 0.3620705306529999 0.96875
200 0.3497486412525177 0.96875
300 0.3664282262325287 0.9375
0: test 20 score: 0.7389112903225806
0: start 21-th train
0 0.4187225103378296 0.90625
100 0.32873424887657166 1.0
200 0.42112648487091064 0.90625
300 0.45475053787231445 0.875
0: test 21 score: 0.7842741935483871
0: start 22-th train
0 0.3605975806713104 0.96875
100 0.38429737091064453 0.90625
200 0.3660846948623657 0.9375
300 0.3762001097202301 0.9375
0: test 22 score: 0.7358870967741935
0: start 23-th train
0 0.3157256543636322 1.0
100 0.3477557599544525 0.96875
200 0.40924960374832153 0.90625
300 0.3173619210720062 1.0
0: test 23 score: 0.7711693548387096
0: start 24-th train
0 0.3848148286342621 0.9375
100 0.3425942659378052 0.96875
200 0.3609713315963745 0.96875
300 0.328763872385025 0.96875
0: test 24 score: 0.78125
0: start 25-th train
0 0.3547254800796509 0.9375
100 0.4287790060043335 0.84375
200 0.4075529873371124 0.90625
300 0.34418946504592896 0.96875
0: test 25 score: 0.7933467741935484
0: start 26-th train
0 0.3768020272254944 0.9375
100 0.3491503596305847 0.96875
200 0.4085213840007782 0.90625
300 0.3641599118709564 0.9375
0: test 26 score: 0.7641129032258065
0: start 27-th train
0 0.3483508229255676 0.96875
100 0.34939393401145935 0.96875
200 0.3656245470046997 0.9375
300 0.42727354168891907 0.875
0: test 27 score: 0.7469758064516129
0: start 28-th train
0 0.4463688135147095 0.875
100 0.3596344292163849 0.96875
200 0.4094805121421814 0.90625
300 0.4061132073402405 0.90625
0: test 28 score: 0.7691532258064516
0: start 29-th train
0 0.39003121852874756 0.9375
100 0.40959498286247253 0.875
200 0.34626373648643494 0.96875
300 0.3303808569908142 0.96875
0: test 29 score: 0.7651209677419355
0: start 30-th train
0 0.4018717408180237 0.90625
100 0.4415307939052582 0.875
200 0.4139244258403778 0.90625
300 0.3716179430484772 0.9375
0: test 30 score: 0.7641129032258065
0: start 31-th train
0 0.43901416659355164 0.875
100 0.32372143864631653 1.0
200 0.36042848229408264 0.96875
300 0.43958693742752075 0.875
0: test 31 score: 0.7792338709677419
0: start 32-th train
0 0.3553202748298645 0.9375
100 0.3229163587093353 1.0
200 0.3428744375705719 0.96875
300 0.399056613445282 0.9375
0: test 32 score: 0.75
0: start 33-th train
0 0.31428495049476624 1.0
100 0.3677060008049011 0.9375
200 0.344963937997818 0.96875
300 0.4415318965911865 0.84375
0: test 33 score: 0.7893145161290323
0: start 34-th train
0 0.3678889274597168 0.9375
100 0.34752753376960754 0.96875
200 0.39186134934425354 0.9375
300 0.32710736989974976 0.96875
0: test 34 score: 0.7913306451612904
0: start 35-th train
0 0.34671276807785034 0.96875
100 0.3444279134273529 0.96875
200 0.3763943910598755 0.9375
300 0.345530241727829 0.96875
0: test 35 score: 0.7943548387096774
0: start 36-th train
0 0.3275560140609741 1.0
100 0.3988043963909149 0.90625
200 0.43436333537101746 0.875
300 0.3447781205177307 0.96875
0: test 36 score: 0.7641129032258065
0: start 37-th train
0 0.33691710233688354 0.96875
100 0.37516042590141296 0.9375
200 0.3204285204410553 1.0
300 0.502220869064331 0.8125
0: test 37 score: 0.7641129032258065
0: start 38-th train
0 0.3509785532951355 0.96875
100 0.3513675034046173 0.96875
200 0.3166213929653168 1.0
300 0.3456146717071533 0.96875
0: test 38 score: 0.7681451612903226
0: start 39-th train
0 0.35513022541999817 0.96875
100 0.37620455026626587 0.9375
200 0.3466053009033203 0.96875
300 0.31941521167755127 1.0
0: test 39 score: 0.782258064516129
0: start 40-th train
0 0.35033437609672546 0.96875
100 0.3575475215911865 0.96875
200 0.34642064571380615 0.96875
300 0.36293652653694153 0.9375
0: test 40 score: 0.7419354838709677
0: start 41-th train
0 0.34937408566474915 0.96875
100 0.37894392013549805 0.9375
200 0.316654235124588 1.0
300 0.40567728877067566 0.90625
0: test 41 score: 0.7550403225806451
0: start 42-th train
0 0.41137921810150146 0.90625
100 0.31504642963409424 1.0
200 0.3484930694103241 0.96875
300 0.3744675815105438 0.9375
0: test 42 score: 0.780241935483871
0: start 43-th train
0 0.40408721566200256 0.90625
100 0.3455123007297516 0.96875
200 0.31978103518486023 1.0
300 0.3362341821193695 0.96875
0: test 43 score: 0.780241935483871
0: start 44-th train
0 0.3137442171573639 1.0
100 0.32349157333374023 1.0
200 0.3236933648586273 1.0
300 0.3736070394515991 0.9375
0: test 44 score: 0.7933467741935484
0: start 45-th train
0 0.34567537903785706 0.96875
100 0.3215179443359375 1.0
200 0.31411048769950867 1.0
300 0.40870723128318787 0.90625
0: test 45 score: 0.7933467741935484
0: start 46-th train
0 0.3145107328891754 1.0
100 0.34744781255722046 0.96875
200 0.3457048833370209 0.96875
300 0.3370753228664398 0.96875
0: test 46 score: 0.7993951612903226
0: start 47-th train
0 0.39887842535972595 0.90625
100 0.40207281708717346 0.90625
200 0.3767394423484802 0.9375
300 0.39213502407073975 0.90625
0: test 47 score: 0.7973790322580645
0: start 48-th train
0 0.3445669114589691 0.96875
100 0.3133249580860138 1.0
200 0.3499319851398468 0.96875
300 0.3792378902435303 0.9375
0: test 48 score: 0.7701612903225806
0: start 49-th train
0 0.3136283755302429 1.0
100 0.378376305103302 0.9375
200 0.3762122690677643 0.9375
300 0.37540683150291443 0.9375
0: test 49 score: 0.7610887096774194
0: start 50-th train
0 0.4263830780982971 0.875
100 0.3531564474105835 0.96875
200 0.34358274936676025 0.96875
300 0.3280382454395294 0.96875
0: test 50 score: 0.8094758064516129
0: start 51-th train
0 0.34505555033683777 0.96875
100 0.4168221056461334 0.90625
200 0.44336292147636414 0.84375
300 0.33744433522224426 0.96875
0: test 51 score: 0.7953629032258065
0: start 52-th train
0 0.31567665934562683 1.0
100 0.40706562995910645 0.90625
200 0.34648194909095764 0.96875
300 0.34163033962249756 0.96875
0: test 52 score: 0.7620967741935484
0: start 53-th train
0 0.3153001666069031 1.0
100 0.3501861095428467 0.96875
200 0.35423043370246887 0.96875
300 0.34582945704460144 0.96875
0: test 53 score: 0.8054435483870968
0: start 54-th train
0 0.3888970911502838 0.90625
100 0.3592017590999603 0.9375
200 0.38580167293548584 0.9375
300 0.3447566032409668 0.96875
0: test 54 score: 0.8064516129032258
0: start 55-th train
0 0.3460952639579773 0.96875
100 0.318042516708374 1.0
200 0.3833729326725006 0.9375
300 0.31668874621391296 1.0
0: test 55 score: 0.7459677419354839
0: start 56-th train
0 0.4151577949523926 0.90625
100 0.3428558111190796 0.96875
200 0.35309648513793945 0.96875
300 0.36672788858413696 0.9375
0: test 56 score: 0.7792338709677419
0: start 57-th train
0 0.3320997655391693 0.96875
100 0.34469303488731384 0.96875
200 0.31550532579421997 1.0
300 0.3475671112537384 0.96875
0: test 57 score: 0.7953629032258065
0: start 58-th train
0 0.31409552693367004 1.0
100 0.34498918056488037 0.96875
200 0.4880104959011078 0.8125
300 0.31912633776664734 1.0
0: test 58 score: 0.7590725806451613
0: start 59-th train
0 0.41216936707496643 0.90625
100 0.48446351289749146 0.84375
200 0.409084677696228 0.90625
300 0.3132708966732025 1.0
0: test 59 score: 0.8104838709677419
0: start 60-th train
0 0.3759828507900238 0.9375
100 0.31989726424217224 1.0
200 0.378275066614151 0.9375
300 0.34137946367263794 0.96875
0: test 60 score: 0.7963709677419355
0: start 61-th train
0 0.34786978363990784 0.96875
100 0.44288042187690735 0.875
200 0.33765533566474915 0.96875
300 0.3622009754180908 0.9375
0: test 61 score: 0.7893145161290323
0: start 62-th train
0 0.34402021765708923 0.96875
100 0.3134322166442871 1.0
200 0.35942041873931885 0.96875
300 0.3445885181427002 0.96875
0: test 62 score: 0.8004032258064516
0: start 63-th train
0 0.3428979516029358 0.96875
100 0.3790706992149353 0.9375
200 0.3248065114021301 1.0
300 0.3133634924888611 1.0
0: test 63 score: 0.7772177419354839
0: start 64-th train
0 0.3135300576686859 1.0
100 0.31690219044685364 1.0
200 0.3150635361671448 1.0
300 0.3675370514392853 0.9375
0: test 64 score: 0.813508064516129
0: start 65-th train
0 0.3749004304409027 0.9375
100 0.34464335441589355 0.96875
200 0.37499532103538513 0.9375
300 0.40704262256622314 0.90625
0: test 65 score: 0.8004032258064516
0: start 66-th train
0 0.3757796287536621 0.9375
100 0.3133082389831543 1.0
200 0.3788902461528778 0.90625
300 0.3193986415863037 1.0
0: test 66 score: 0.780241935483871
0: start 67-th train
0 0.3446413278579712 0.96875
100 0.3606647551059723 0.96875
200 0.36482858657836914 0.9375
300 0.3190039396286011 1.0
0: test 67 score: 0.7993951612903226
0: start 68-th train
0 0.3391224443912506 0.96875
100 0.32894980907440186 0.96875
200 0.3757970631122589 0.9375
300 0.36507248878479004 0.9375
0: test 68 score: 0.78125
0: start 69-th train
0 0.3448452055454254 0.96875
100 0.3133305609226227 1.0
200 0.407732218503952 0.90625
300 0.373099148273468 0.9375
0: test 69 score: 0.7772177419354839
0: start 70-th train
0 0.3134078085422516 1.0
100 0.3291712701320648 0.96875
200 0.31525465846061707 1.0
300 0.40183398127555847 0.90625
0: test 70 score: 0.7963709677419355
0: start 71-th train
0 0.3136090636253357 1.0
100 0.377556711435318 0.9375
200 0.33181583881378174 1.0
300 0.31328025460243225 1.0
0: test 71 score: 0.7721774193548387
0: start 72-th train
0 0.4083840250968933 0.90625
100 0.38123196363449097 0.9375
200 0.3716171085834503 0.9375
300 0.3407824635505676 0.96875
0: test 72 score: 0.7782258064516129
0: start 73-th train
0 0.3134351670742035 1.0
100 0.3389340043067932 0.96875
200 0.3651116192340851 0.9375
300 0.31350210309028625 1.0
0: test 73 score: 0.7973790322580645
0: start 74-th train
0 0.31326764822006226 1.0
100 0.3135053813457489 1.0
200 0.35222136974334717 0.96875
300 0.37592270970344543 0.9375
0: test 74 score: 0.8074596774193549
0: start 75-th train
0 0.37567248940467834 0.9375
100 0.31362488865852356 1.0
200 0.34526321291923523 0.96875
300 0.313312292098999 1.0
0: test 75 score: 0.7993951612903226
0: start 76-th train
0 0.37677857279777527 0.9375
100 0.3232933580875397 1.0
200 0.3455863296985626 0.96875
300 0.33569392561912537 0.96875
0: test 76 score: 0.7923387096774194
0: start 77-th train
0 0.41001221537590027 0.90625
100 0.3447496294975281 0.96875
200 0.31338945031166077 1.0
300 0.32835066318511963 0.96875
0: test 77 score: 0.8024193548387096
0: start 78-th train
0 0.3897351622581482 0.90625
100 0.3160058259963989 1.0
200 0.3984261453151703 0.90625
300 0.34486910700798035 0.96875
0: test 78 score: 0.8004032258064516
0: start 79-th train