work(0, 'bert-base-chinese', "bert-base-chinese", 32, 512, False, 1e-3, 1e-5)
Model1
random slice

0: start 0-th train
0 0.6989253163337708 0.5
100 0.5575220584869385 0.75
200 0.566071629524231 0.625
300 0.5246028304100037 0.875
0: test 0 score: 0.6965725806451613
0: start 1-th train
0 0.6390484571456909 0.65625
100 0.5332725048065186 0.8125
200 0.6030354499816895 0.71875
300 0.6174519658088684 0.65625
0: test 1 score: 0.6612903225806451
0: start 2-th train
0 0.5992347002029419 0.65625
100 0.6203271150588989 0.65625
200 0.7371808886528015 0.53125
300 0.6403336524963379 0.59375
0: test 2 score: 0.6925403225806451
0: start 3-th train
0 0.5586636662483215 0.6875
100 0.6169559359550476 0.65625
200 0.6297896504402161 0.65625
300 0.6138917207717896 0.65625
0: test 3 score: 0.6693548387096774
0: start 4-th train
0 0.4769795835018158 0.875
100 0.5139169096946716 0.8125
200 0.5619774460792542 0.75
300 0.6020543575286865 0.6875
0: test 4 score: 0.6794354838709677
0: start 5-th train
0 0.6351446509361267 0.59375
100 0.5362545847892761 0.71875
200 0.5978282690048218 0.65625
300 0.49716049432754517 0.78125
0: test 5 score: 0.6622983870967742
0: start 6-th train
0 0.617790162563324 0.6875
100 0.49809810519218445 0.84375
200 0.6624124646186829 0.625
300 0.695885181427002 0.5625
0: test 6 score: 0.655241935483871
0: start 7-th train
0 0.5896545648574829 0.71875
100 0.6061152815818787 0.65625
200 0.5411832332611084 0.75
300 0.6170415282249451 0.65625
0: test 7 score: 0.6935483870967742
0: start 8-th train
0 0.5218891501426697 0.75
100 0.4966777563095093 0.75
200 0.5495678782463074 0.75
300 0.6280353665351868 0.65625
0: test 8 score: 0.7147177419354839
0: start 9-th train
0 0.5444746017456055 0.78125
100 0.6131452918052673 0.6875
200 0.5688936710357666 0.75
300 0.5344907641410828 0.71875
0: test 9 score: 0.6915322580645161
0: start 10-th train
0 0.5808121562004089 0.6875
100 0.48022428154945374 0.8125
200 0.6502792835235596 0.625
300 0.5040620565414429 0.78125
0: test 10 score: 0.6945564516129032
0: start 11-th train
0 0.560451090335846 0.6875
100 0.5258890986442566 0.78125
200 0.5151011347770691 0.75
300 0.4708276391029358 0.8125
0: test 11 score: 0.6784274193548387
0: start 12-th train
0 0.6008861064910889 0.71875
100 0.4866848289966583 0.84375
200 0.563200056552887 0.71875
300 0.4880199730396271 0.75
0: test 12 score: 0.7026209677419355
0: start 13-th train
0 0.5573110580444336 0.75
100 0.5568258762359619 0.78125
200 0.5715563893318176 0.75
300 0.6255113482475281 0.65625
0: test 13 score: 0.7026209677419355
0: start 14-th train
0 0.5837153196334839 0.75
100 0.5577484965324402 0.71875
200 0.4670267701148987 0.8125
300 0.6143134236335754 0.6875
0: test 14 score: 0.7056451612903226
0: start 15-th train
0 0.6829778552055359 0.625
100 0.5050658583641052 0.78125
200 0.6707263588905334 0.59375
300 0.5401802659034729 0.78125
0: test 15 score: 0.7036290322580645
0: start 16-th train
0 0.6713685989379883 0.625
100 0.5677539706230164 0.78125
200 0.5811662673950195 0.71875
300 0.48393553495407104 0.84375
0: test 16 score: 0.7076612903225806
0: start 17-th train
0 0.46891751885414124 0.8125
100 0.6132395267486572 0.71875
200 0.5825046896934509 0.71875
300 0.5632488131523132 0.75
0: test 17 score: 0.7147177419354839
0: start 18-th train
0 0.48612648248672485 0.78125
100 0.49418899416923523 0.8125
200 0.48866745829582214 0.84375
300 0.5666903257369995 0.75
0: test 18 score: 0.6471774193548387
0: start 19-th train
0 0.70442134141922 0.59375
100 0.4847983419895172 0.84375
200 0.5229648947715759 0.78125
300 0.4670870006084442 0.84375
0: test 19 score: 0.7076612903225806
0: start 20-th train
0 0.4419497847557068 0.90625
100 0.5533307790756226 0.75
200 0.5873085260391235 0.71875
300 0.5825771689414978 0.71875
0: test 20 score: 0.7016129032258065
0: start 21-th train
0 0.5110610127449036 0.78125
100 0.4657706916332245 0.84375
200 0.518392026424408 0.78125
300 0.5282324552536011 0.78125
0: test 21 score: 0.6834677419354839
0: start 22-th train
0 0.618794322013855 0.625
100 0.5721896290779114 0.6875
200 0.5901980996131897 0.71875
300 0.48590704798698425 0.8125
0: test 22 score: 0.6965725806451613
0: start 23-th train
0 0.5315713882446289 0.78125
100 0.5131088495254517 0.78125
200 0.41163620352745056 0.90625
300 0.45399171113967896 0.875
0: test 23 score: 0.7096774193548387
0: start 24-th train
0 0.4255284368991852 0.84375
100 0.48204904794692993 0.8125
200 0.5929397344589233 0.6875
300 0.4639115035533905 0.84375
0: test 24 score: 0.7338709677419355
0: start 25-th train
0 0.5776934623718262 0.71875
100 0.49258339405059814 0.875
200 0.570343017578125 0.75
300 0.6194058060646057 0.6875
0: test 25 score: 0.7006048387096774
0: start 26-th train
0 0.46793854236602783 0.84375
100 0.5878584980964661 0.71875
200 0.4780150055885315 0.8125
300 0.46927914023399353 0.84375
0: test 26 score: 0.7247983870967742
0: start 27-th train
0 0.4402722716331482 0.875
100 0.5423197746276855 0.78125
200 0.5277417898178101 0.78125
300 0.4381506145000458 0.875
0: test 27 score: 0.7318548387096774
0: start 28-th train
0 0.47327184677124023 0.84375
100 0.512649655342102 0.78125
200 0.4562939405441284 0.84375
300 0.4522739052772522 0.875
0: test 28 score: 0.7288306451612904
0: start 29-th train
0 0.44615134596824646 0.875
100 0.5863354802131653 0.6875
200 0.4773117005825043 0.8125
300 0.4555816948413849 0.875
0: test 29 score: 0.7298387096774194
0: start 30-th train
0 0.48143285512924194 0.84375
100 0.4554177522659302 0.875
200 0.5412569642066956 0.78125
300 0.4694903492927551 0.8125
0: test 30 score: 0.7318548387096774
0: start 31-th train
0 0.5025556087493896 0.8125
100 0.4390292167663574 0.875
200 0.5515090227127075 0.75
300 0.4279647767543793 0.875
0: test 31 score: 0.7258064516129032
0: start 32-th train
0 0.5086395144462585 0.78125
100 0.42477306723594666 0.875
200 0.479800283908844 0.8125
300 0.4963703155517578 0.8125
0: test 32 score: 0.7268145161290323
0: start 33-th train
0 0.4969274401664734 0.8125
100 0.4057224690914154 0.90625
200 0.39217323064804077 0.9375
300 0.5542685985565186 0.75
0: test 33 score: 0.71875
0: start 34-th train
0 0.50569748878479 0.8125
100 0.4889870882034302 0.8125
200 0.38589876890182495 0.9375
300 0.47052890062332153 0.84375
0: test 34 score: 0.7066532258064516
0: start 35-th train
0 0.5301581025123596 0.75
100 0.4107627272605896 0.90625
200 0.42972955107688904 0.875
300 0.4644463360309601 0.84375
0: test 35 score: 0.7268145161290323
0: start 36-th train
0 0.4564426839351654 0.84375
100 0.47392892837524414 0.84375
200 0.48980486392974854 0.84375
300 0.41912177205085754 0.9375
0: test 36 score: 0.7399193548387096
0: start 37-th train
0 0.407876193523407 0.90625
100 0.5507798790931702 0.75
200 0.43111416697502136 0.875
300 0.658441424369812 0.65625
0: test 37 score: 0.7056451612903226
0: start 38-th train
0 0.41262635588645935 0.90625
100 0.41367197036743164 0.90625
200 0.4446053206920624 0.875
300 0.48108211159706116 0.8125
0: test 38 score: 0.7358870967741935
0: start 39-th train
0 0.35463690757751465 0.96875
100 0.4717959463596344 0.8125
200 0.4820467233657837 0.84375
300 0.4099842309951782 0.90625
0: test 39 score: 0.7137096774193549
0: start 40-th train
0 0.45782536268234253 0.8125
100 0.44982412457466125 0.875
200 0.3911365270614624 0.9375
300 0.414421409368515 0.90625
0: test 40 score: 0.7066532258064516
0: start 41-th train
0 0.45853596925735474 0.84375
100 0.4582483172416687 0.84375
200 0.4576827883720398 0.875
300 0.46404120326042175 0.84375
0: test 41 score: 0.7389112903225806
0: start 42-th train
0 0.42106401920318604 0.875
100 0.45892077684402466 0.84375
200 0.42102861404418945 0.90625
300 0.46730974316596985 0.84375
0: test 42 score: 0.7409274193548387
0: start 43-th train
0 0.45407506823539734 0.84375
100 0.5688338279724121 0.71875
200 0.3887209892272949 0.9375
300 0.40719684958457947 0.90625
0: test 43 score: 0.7258064516129032
0: start 44-th train
0 0.42619672417640686 0.875
100 0.3752654194831848 0.9375
200 0.39059966802597046 0.90625
300 0.48695680499076843 0.78125
0: test 44 score: 0.7288306451612904
0: start 45-th train
0 0.37378591299057007 0.9375
100 0.4437311291694641 0.875
200 0.4585539400577545 0.84375
300 0.44386202096939087 0.875
0: test 45 score: 0.7368951612903226
0: start 46-th train
0 0.4425852596759796 0.875
100 0.49057474732398987 0.8125
200 0.408089280128479 0.90625
300 0.44150447845458984 0.84375
0: test 46 score: 0.7328629032258065
0: start 47-th train
0 0.4498744308948517 0.84375
100 0.38895338773727417 0.9375
200 0.4151252508163452 0.875
300 0.4770156741142273 0.78125
0: test 47 score: 0.7268145161290323
0: start 48-th train
0 0.4151512384414673 0.90625
100 0.36925652623176575 0.9375
200 0.41301846504211426 0.84375
300 0.4944334328174591 0.8125
0: test 48 score: 0.7348790322580645
0: start 49-th train
0 0.4206411838531494 0.90625
100 0.5374751687049866 0.78125
200 0.44066381454467773 0.875
300 0.47011736035346985 0.84375
0: test 49 score: 0.7258064516129032
0: start 50-th train
0 0.49653851985931396 0.8125
100 0.38708415627479553 0.9375
200 0.39153310656547546 0.9375
300 0.37501072883605957 0.9375
0: test 50 score: 0.7449596774193549
0: start 51-th train
0 0.5130602121353149 0.8125
100 0.4643169045448303 0.84375
200 0.34753483533859253 0.96875
300 0.5034643411636353 0.8125
0: test 51 score: 0.7288306451612904
0: start 52-th train
0 0.4924067556858063 0.8125
100 0.40524351596832275 0.90625
200 0.4320542514324188 0.84375
300 0.41517719626426697 0.90625
0: test 52 score: 0.7379032258064516
0: start 53-th train
0 0.446798175573349 0.84375
100 0.4196351170539856 0.90625
200 0.4192890226840973 0.90625
300 0.41317832469940186 0.90625
0: test 53 score: 0.7358870967741935
0: start 54-th train
0 0.4365904927253723 0.875
100 0.4252125918865204 0.875
200 0.46962210536003113 0.84375
300 0.3760090470314026 0.9375
0: test 54 score: 0.7379032258064516
0: start 55-th train
0 0.3946998715400696 0.875
100 0.44370508193969727 0.875
200 0.4430737793445587 0.84375
300 0.43687450885772705 0.875
0: test 55 score: 0.75
0: start 56-th train
0 0.4771957993507385 0.8125
100 0.3853709399700165 0.9375
200 0.34505560994148254 0.96875
300 0.40617555379867554 0.90625
0: test 56 score: 0.7540322580645161
0: start 57-th train
0 0.5108222365379333 0.78125
100 0.5026981830596924 0.8125
200 0.356920450925827 0.96875
300 0.4729120135307312 0.84375
0: test 57 score: 0.7389112903225806
0: start 58-th train
0 0.3887501657009125 0.90625
100 0.4096721112728119 0.90625
200 0.43835482001304626 0.875
300 0.41650477051734924 0.90625
0: test 58 score: 0.7278225806451613
0: start 59-th train
0 0.47385066747665405 0.84375
100 0.3603260815143585 0.96875
200 0.4356740117073059 0.875
300 0.45935186743736267 0.84375
0: test 59 score: 0.748991935483871
0: start 60-th train
0 0.3945872485637665 0.90625
100 0.5013628602027893 0.8125
200 0.6392726898193359 0.65625
300 0.43269774317741394 0.875
0: test 60 score: 0.7358870967741935
0: start 61-th train
0 0.36190885305404663 0.96875
100 0.535679280757904 0.75
200 0.3800273835659027 0.9375
300 0.4429306089878082 0.875
0: test 61 score: 0.7429435483870968
0: start 62-th train
0 0.4833841323852539 0.84375
100 0.4285306930541992 0.875
200 0.5614069700241089 0.75
300 0.42578646540641785 0.90625
0: test 62 score: 0.7459677419354839
0: start 63-th train
0 0.4184359610080719 0.90625
100 0.5221258997917175 0.75
200 0.36568596959114075 0.9375
300 0.38476961851119995 0.9375
0: test 63 score: 0.7338709677419355
0: start 64-th train
0 0.4748079180717468 0.8125
100 0.43457725644111633 0.90625
200 0.37666866183280945 0.9375
300 0.3917160630226135 0.9375
0: test 64 score: 0.7217741935483871
0: start 65-th train
0 0.4412803053855896 0.875
100 0.4599487781524658 0.84375
200 0.5641430020332336 0.75
300 0.4271598756313324 0.875
0: test 65 score: 0.7348790322580645
0: start 66-th train
0 0.3133446276187897 1.0
100 0.4100598394870758 0.90625
200 0.4966711401939392 0.8125
300 0.4683135151863098 0.84375
0: test 66 score: 0.7167338709677419
0: start 67-th train
0 0.45092931389808655 0.875
100 0.4567326307296753 0.84375
200 0.35773220658302307 0.96875
300 0.3800404667854309 0.9375
0: test 67 score: 0.7127016129032258
0: start 68-th train
0 0.4158475697040558 0.90625
100 0.4540913999080658 0.84375
200 0.47049179673194885 0.84375
300 0.43258509039878845 0.875
0: test 68 score: 0.7358870967741935
0: start 69-th train
0 0.4059094786643982 0.875
100 0.41272592544555664 0.90625
200 0.4209846556186676 0.875
300 0.5358453989028931 0.78125
0: test 69 score: 0.7338709677419355
0: start 70-th train
0 0.4561052918434143 0.84375
100 0.42953306436538696 0.875
200 0.3458801805973053 0.96875
300 0.47515004873275757 0.8125
0: test 70 score: 0.7610887096774194
0: start 71-th train
0 0.46949508786201477 0.84375
100 0.4427121877670288 0.875
200 0.3842068314552307 0.9375
300 0.4292203187942505 0.875
0: test 71 score: 0.7530241935483871
0: start 72-th train
0 0.42427223920822144 0.875
100 0.3777691721916199 0.9375
200 0.3519793450832367 0.96875
300 0.5131839513778687 0.78125
0: test 72 score: 0.719758064516129
0: start 73-th train
0 0.43655428290367126 0.90625
100 0.3945038616657257 0.9375
200 0.37695637345314026 0.9375
300 0.5123424530029297 0.8125
0: test 73 score: 0.6985887096774194
0: start 74-th train
0 0.47827139496803284 0.84375
100 0.4553876221179962 0.84375
200 0.5018579959869385 0.8125
300 0.3566223382949829 0.96875
0: test 74 score: 0.7409274193548387
0: start 75-th train
0 0.4157288074493408 0.90625
100 0.43566593527793884 0.875
200 0.4086655378341675 0.90625
300 0.43023908138275146 0.875
0: test 75 score: 0.7318548387096774
0: start 76-th train
0 0.3976946771144867 0.90625
100 0.3447636067867279 0.96875
200 0.4297774136066437 0.875
300 0.455171674489975 0.84375
0: test 76 score: 0.7459677419354839
0: start 77-th train
0 0.37791675329208374 0.9375
100 0.40443432331085205 0.90625
200 0.3826473653316498 0.9375
300 0.4443344175815582 0.875
0: test 77 score: 0.7479838709677419
0: start 78-th train
0 0.4606655538082123 0.84375
100 0.5105790495872498 0.78125
200 0.43891963362693787 0.875
300 0.39772140979766846 0.90625
0: test 78 score: 0.7409274193548387
0: start 79-th train
0 0.4064728021621704 0.90625
100 0.4686816334724426 0.84375
200 0.4329795837402344 0.875
300 0.3692745566368103 0.9375
0: test 79 score: 0.7429435483870968
0: start 80-th train
0 0.3762938380241394 0.9375
100 0.3756364583969116 0.9375
200 0.36762452125549316 0.9375
300 0.47302496433258057 0.84375
0: test 80 score: 0.7691532258064516
0: start 81-th train
0 0.3140445053577423 1.0
100 0.4000816345214844 0.9375
200 0.43937650322914124 0.875
300 0.44403398036956787 0.875
0: test 81 score: 0.7358870967741935
0: start 82-th train
0 0.4809231460094452 0.84375
100 0.4182625710964203 0.90625
200 0.3959091603755951 0.90625
300 0.4165620505809784 0.90625
0: test 82 score: 0.7661290322580645
0: start 83-th train
0 0.4764695465564728 0.84375
100 0.4106883704662323 0.90625
200 0.3763229250907898 0.9375
300 0.3827161192893982 0.9375
0: test 83 score: 0.751008064516129
0: start 84-th train
0 0.40705546736717224 0.90625
100 0.41122713685035706 0.90625
200 0.47764885425567627 0.8125
300 0.4433412253856659 0.875
0: test 84 score: 0.7368951612903226
0: start 85-th train
0 0.5625038146972656 0.75
100 0.4375385046005249 0.875
200 0.4324955642223358 0.875
300 0.3758600950241089 0.9375
0: test 85 score: 0.7469758064516129
0: start 86-th train
0 0.3707559406757355 0.9375
100 0.3836732506752014 0.9375