bert-base-chinese", 32, 512, False, 5e-4, 1e-5
Model1
random slice
0: start 0-th train
0 0.6823439002037048 0.5
100 0.5859058499336243 0.71875
200 0.5786630511283875 0.71875
300 0.5919950008392334 0.6875
0: test 0 score: 0.6854838709677419
0: start 1-th train
0 0.5067005753517151 0.875
100 0.6444621682167053 0.625
200 0.5999086499214172 0.6875
300 0.5389857888221741 0.78125
0: test 1 score: 0.6794354838709677
0: start 2-th train
0 0.5735742449760437 0.65625
100 0.5345684289932251 0.78125
200 0.5372765064239502 0.75
300 0.4630295932292938 0.875
0: test 2 score: 0.6985887096774194
0: start 3-th train
0 0.524852991104126 0.71875
100 0.5662676692008972 0.75
200 0.574961245059967 0.78125
300 0.6405929923057556 0.625
0: test 3 score: 0.6875
0: start 4-th train
0 0.5111084580421448 0.78125
100 0.47601842880249023 0.84375
200 0.5348494052886963 0.71875
300 0.568875253200531 0.71875
0: test 4 score: 0.6512096774193549
0: start 5-th train
0 0.5939081311225891 0.6875
100 0.5929654836654663 0.71875
200 0.6123197674751282 0.65625
300 0.4535611867904663 0.8125
0: test 5 score: 0.7016129032258065
0: start 6-th train
0 0.5728580355644226 0.65625
100 0.6136963367462158 0.6875
200 0.5615352988243103 0.78125
300 0.48517391085624695 0.84375
0: test 6 score: 0.6764112903225806
0: start 7-th train
0 0.6009994745254517 0.6875
100 0.5735689997673035 0.71875
200 0.4927200376987457 0.84375
300 0.7483043074607849 0.53125
0: test 7 score: 0.7006048387096774
0: start 8-th train
0 0.5970631241798401 0.71875
100 0.5165920853614807 0.78125
200 0.6431289911270142 0.625
300 0.7199038863182068 0.53125
0: test 8 score: 0.6975806451612904
0: start 9-th train
0 0.4242221713066101 0.90625
100 0.581024706363678 0.6875
200 0.5568407773971558 0.71875
300 0.576521098613739 0.75
0: test 9 score: 0.6895161290322581
0: start 10-th train
0 0.5085806846618652 0.8125
100 0.4178885519504547 0.9375
200 0.5014705061912537 0.875
300 0.6499804258346558 0.5625
0: test 10 score: 0.7016129032258065
0: start 11-th train
0 0.5407346487045288 0.71875
100 0.4951992332935333 0.8125
200 0.7065720558166504 0.5625
300 0.6413819789886475 0.625
0: test 11 score: 0.6975806451612904
0: start 12-th train
0 0.5714419484138489 0.71875
100 0.5606001615524292 0.75
200 0.5032692551612854 0.8125
300 0.5049722790718079 0.78125
0: test 12 score: 0.6945564516129032
0: start 13-th train
0 0.5668333172798157 0.65625
100 0.5090279579162598 0.75
200 0.5015933513641357 0.78125
300 0.46134236454963684 0.84375
0: test 13 score: 0.7127016129032258
0: start 14-th train
0 0.43012699484825134 0.875
100 0.562106728553772 0.71875
200 0.4253970980644226 0.90625
300 0.5199154019355774 0.78125
0: test 14 score: 0.7247983870967742
0: start 15-th train
0 0.5149341821670532 0.78125
100 0.4783749282360077 0.8125
200 0.5868532061576843 0.6875
300 0.48815077543258667 0.8125
0: test 15 score: 0.7016129032258065
0: start 16-th train
0 0.4654349982738495 0.90625
100 0.5358315110206604 0.78125
200 0.43240976333618164 0.875
300 0.5657496452331543 0.75
0: test 16 score: 0.719758064516129
0: start 17-th train
0 0.5439781546592712 0.75
100 0.5784534811973572 0.65625
200 0.5506546497344971 0.71875
300 0.508357584476471 0.78125
0: test 17 score: 0.7207661290322581
0: start 18-th train
0 0.6423423290252686 0.65625
100 0.5103429555892944 0.78125
200 0.46188440918922424 0.84375
300 0.6828791499137878 0.625
0: test 18 score: 0.6622983870967742
0: start 19-th train
0 0.4416990578174591 0.84375
100 0.42451369762420654 0.84375
200 0.6602229475975037 0.625
300 0.41835397481918335 0.90625
0: test 19 score: 0.7258064516129032
0: start 20-th train
0 0.4039546847343445 0.90625
100 0.4215092658996582 0.90625
200 0.6024507880210876 0.6875
300 0.5466752052307129 0.78125
0: test 20 score: 0.7328629032258065
0: start 21-th train
0 0.4585014879703522 0.875
100 0.4931648075580597 0.8125
200 0.42670026421546936 0.84375
300 0.4923478960990906 0.84375
0: test 21 score: 0.7409274193548387
0: start 22-th train
0 0.42329472303390503 0.875
100 0.423875093460083 0.90625
200 0.3859483599662781 0.90625
300 0.4609633982181549 0.84375
0: test 22 score: 0.6955645161290323
0: start 23-th train
0 0.594558835029602 0.71875
100 0.40644457936286926 0.90625
200 0.4366990327835083 0.875
300 0.5151389837265015 0.78125
0: test 23 score: 0.7237903225806451
0: start 24-th train
0 0.39779993891716003 0.90625
100 0.5871516466140747 0.6875
200 0.5190156698226929 0.78125
300 0.411214679479599 0.90625
0: test 24 score: 0.71875
0: start 25-th train
0 0.38535311818122864 0.9375
100 0.4783686399459839 0.84375
200 0.43541190028190613 0.90625
300 0.48492631316185 0.8125
0: test 25 score: 0.7207661290322581
0: start 26-th train
0 0.4406624734401703 0.84375
100 0.45712774991989136 0.84375
200 0.497862309217453 0.78125
300 0.5157294869422913 0.78125
0: test 26 score: 0.7207661290322581
0: start 27-th train
0 0.488271027803421 0.84375
100 0.5323953628540039 0.78125
200 0.44255807995796204 0.875
300 0.4219677150249481 0.875
0: test 27 score: 0.7227822580645161
0: start 28-th train
0 0.5071362257003784 0.84375
100 0.43970993161201477 0.875
200 0.5059584975242615 0.8125
300 0.5394756197929382 0.75
0: test 28 score: 0.7227822580645161
0: start 29-th train
0 0.5673152804374695 0.75
100 0.45795315504074097 0.8125
200 0.36777111887931824 0.9375
300 0.4968383014202118 0.8125
0: test 29 score: 0.688508064516129
0: start 30-th train
0 0.524893045425415 0.75
100 0.5082293748855591 0.78125
200 0.423408180475235 0.90625
300 0.5700191259384155 0.71875
0: test 30 score: 0.6582661290322581
0: start 31-th train
0 0.4074558913707733 0.90625
100 0.45601436495780945 0.84375