'algolet/bert-large-chinese', "algolet/bert-large-chinese", 32, 512, False, 5e-5

start 0-th train
0 0.6826892495155334 0.53125
50 0.690248429775238 0.5
100 0.6774155497550964 0.5625
150 0.6583828330039978 0.5625
200 0.6156037449836731 0.625
250 0.5770851373672485 0.78125
300 0.5427808165550232 0.78125
test 0 score: 0.6512096774193549
test 0 score: 0.6491935483870968
start 1-th train
0 0.6040564179420471 0.65625
50 0.6025968194007874 0.65625
100 0.5725163817405701 0.65625
150 0.6081961989402771 0.6875
200 0.6779436469078064 0.59375
250 0.614413321018219 0.65625
300 0.6349943280220032 0.65625
test 1 score: 0.6854838709677419
test 1 score: 0.6844758064516129
start 2-th train
0 0.5113893747329712 0.84375
50 0.6187354326248169 0.71875
100 0.593508780002594 0.65625
150 0.5423988699913025 0.71875
200 0.5472441911697388 0.78125
250 0.5781605839729309 0.71875
300 0.49774181842803955 0.875
test 2 score: 0.6925403225806451
test 2 score: 0.688508064516129
start 3-th train
0 0.5492647290229797 0.75
50 0.5240243077278137 0.75
100 0.6082979440689087 0.6875
150 0.6644707918167114 0.625
200 0.6573964357376099 0.625
250 0.6604801416397095 0.53125
300 0.6842403411865234 0.59375
test 3 score: 0.6764112903225806
test 3 score: 0.6774193548387096
start 4-th train
0 0.6436865329742432 0.625
50 0.6180652379989624 0.625
100 0.4621461033821106 0.84375
150 0.6028360724449158 0.71875
200 0.6180419921875 0.59375
250 0.5992476344108582 0.65625
300 0.5863856077194214 0.6875
test 4 score: 0.6622983870967742
test 4 score: 0.6693548387096774
start 5-th train
0 0.514539361000061 0.78125
50 0.6037641167640686 0.6875
100 0.48005107045173645 0.84375
150 0.5348177552223206 0.75
200 0.5219986438751221 0.75
250 0.4833332300186157 0.78125
300 0.5548915863037109 0.6875
test 5 score: 0.6915322580645161
test 5 score: 0.6945564516129032
start 6-th train
0 0.5027961134910583 0.78125
50 0.6043798327445984 0.6875
100 0.6461526155471802 0.625
150 0.4911283850669861 0.84375
200 0.4615801274776459 0.8125
250 0.5940680503845215 0.6875
300 0.5351026058197021 0.75
test 6 score: 0.7036290322580645
test 6 score: 0.7076612903225806
start 7-th train
0 0.4969389736652374 0.8125
50 0.4608749449253082 0.84375
100 0.536224901676178 0.71875
150 0.5326998233795166 0.78125
200 0.48592859506607056 0.84375
250 0.5345346331596375 0.75
300 0.43890514969825745 0.90625
test 7 score: 0.7147177419354839
test 7 score: 0.7157258064516129
start 8-th train
0 0.46186354756355286 0.875
50 0.560410737991333 0.6875
100 0.5363588929176331 0.75
150 0.6128541231155396 0.6875
200 0.5708085894584656 0.71875
250 0.41393032670021057 0.96875
300 0.47627127170562744 0.8125
test 8 score: 0.7006048387096774
test 8 score: 0.7006048387096774
start 9-th train
0 0.466156005859375 0.84375
50 0.5284332036972046 0.75
100 0.49948087334632874 0.84375
150 0.5238422155380249 0.75
200 0.4436776638031006 0.875
250 0.5306913256645203 0.75
300 0.6579383611679077 0.625
test 9 score: 0.6915322580645161
test 9 score: 0.6935483870967742
start 10-th train
0 0.42894065380096436 0.90625
50 0.5437614321708679 0.75
100 0.6321685910224915 0.625
150 0.5942807197570801 0.65625
200 0.5304651260375977 0.78125
250 0.6332944631576538 0.625
300 0.46655333042144775 0.8125
test 10 score: 0.6925403225806451
test 10 score: 0.6895161290322581
start 11-th train
0 0.5331826210021973 0.6875
50 0.4164785146713257 0.90625
100 0.5382078886032104 0.78125
150 0.5367017388343811 0.78125
200 0.4899352788925171 0.875
250 0.4765642583370209 0.875
300 0.5848044753074646 0.6875
test 11 score: 0.6965725806451613
test 11 score: 0.6975806451612904
start 12-th train
0 0.43945664167404175 0.8125
50 0.4617021679878235 0.84375
100 0.5213765501976013 0.78125
150 0.48481523990631104 0.84375
200 0.44840899109840393 0.90625
250 0.5377511978149414 0.75
300 0.5777034759521484 0.71875
test 12 score: 0.6965725806451613
test 12 score: 0.7006048387096774
start 13-th train
0 0.5002049803733826 0.8125
50 0.4936356544494629 0.8125
100 0.48301002383232117 0.8125
150 0.5354614853858948 0.75
200 0.42488929629325867 0.90625
250 0.5378499031066895 0.78125
300 0.43445080518722534 0.90625
test 13 score: 0.7358870967741935
test 13 score: 0.7348790322580645
start 14-th train
0 0.4490009844303131 0.875
50 0.4330514669418335 0.84375
100 0.42073845863342285 0.875
150 0.3935064375400543 0.9375
200 0.4528338611125946 0.875
250 0.5614495277404785 0.6875
300 0.4612131118774414 0.875
test 14 score: 0.7157258064516129
test 14 score: 0.719758064516129
start 15-th train
0 0.597388744354248 0.6875
50 0.4797248840332031 0.84375
100 0.4935125410556793 0.8125
150 0.4831283986568451 0.8125
200 0.4952947199344635 0.78125
250 0.40676385164260864 0.875
300 0.43034541606903076 0.875
test 15 score: 0.7167338709677419
test 15 score: 0.7127016129032258
start 16-th train
0 0.4728474020957947 0.84375
50 0.49470528960227966 0.78125
100 0.4533306062221527 0.875
150 0.48675596714019775 0.78125
200 0.5081695914268494 0.8125
250 0.5088741183280945 0.8125
300 0.5333442687988281 0.75
test 16 score: 0.7137096774193549
test 16 score: 0.7127016129032258
start 17-th train
0 0.4698401093482971 0.8125
50 0.47364988923072815 0.84375
100 0.5202847123146057 0.78125
150 0.4518427550792694 0.875
200 0.38316610455513 0.9375
250 0.527550458908081 0.78125
300 0.4478250741958618 0.84375
test 17 score: 0.7449596774193549
test 17 score: 0.7449596774193549
start 18-th train
0 0.42697873711586 0.90625
50 0.4899969696998596 0.8125
100 0.3933790624141693 0.90625
150 0.4735546410083771 0.8125
200 0.44059470295906067 0.875
250 0.43341362476348877 0.875
300 0.41778185963630676 0.90625
test 18 score: 0.7268145161290323
test 18 score: 0.7247983870967742
start 19-th train
0 0.4521760642528534 0.875
50 0.47923555970191956 0.875
100 0.3993654251098633 0.875
150 0.43314942717552185 0.90625
200 0.5343493223190308 0.78125
250 0.5216897130012512 0.75
300 0.41707149147987366 0.875
test 19 score: 0.7237903225806451
test 19 score: 0.7217741935483871
start 20-th train
0 0.35448575019836426 0.96875
50 0.5203254818916321 0.75
100 0.4539971649646759 0.875
150 0.46900901198387146 0.84375
200 0.45293471217155457 0.875
250 0.49230003356933594 0.8125
300 0.43530017137527466 0.8125
test 20 score: 0.7167338709677419
test 20 score: 0.7157258064516129
start 21-th train
0 0.36777758598327637 0.96875
50 0.4261828660964966 0.875
100 0.37495866417884827 0.96875
150 0.36384713649749756 0.9375
200 0.48584285378456116 0.8125
250 0.43482011556625366 0.90625
300 0.4917379915714264 0.8125
test 21 score: 0.7207661290322581
test 21 score: 0.7258064516129032
start 22-th train
0 0.4310116767883301 0.875
50 0.49318569898605347 0.78125
100 0.4383786916732788 0.875
150 0.41266220808029175 0.90625
200 0.3817834258079529 0.90625
250 0.4260592758655548 0.875
300 0.43173953890800476 0.875
test 22 score: 0.7318548387096774
test 22 score: 0.7237903225806451
start 23-th train
0 0.3989677429199219 0.90625
50 0.393407940864563 0.90625
100 0.4332219660282135 0.90625
150 0.5331136584281921 0.78125
200 0.4320128560066223 0.875
250 0.4480362832546234 0.875
300 0.3507142663002014 0.96875
test 23 score: 0.7348790322580645
test 23 score: 0.7338709677419355
start 24-th train
0 0.47598108649253845 0.8125
50 0.4566725492477417 0.875
100 0.38567137718200684 0.9375
150 0.41507434844970703 0.90625
200 0.42499274015426636 0.875
250 0.5279636383056641 0.75
300 0.5224016308784485 0.78125
test 24 score: 0.717741935483871
test 24 score: 0.7207661290322581
start 25-th train
0 0.4133930504322052 0.90625
50 0.4894188642501831 0.84375
100 0.3527355492115021 0.96875
150 0.43043825030326843 0.90625
200 0.48015254735946655 0.8125
250 0.5305580496788025 0.75
300 0.4399968683719635 0.875
test 25 score: 0.7348790322580645
test 25 score: 0.7379032258064516
start 26-th train
0 0.4682418704032898 0.78125
50 0.4381871223449707 0.875
100 0.4292750656604767 0.90625
150 0.47050318121910095 0.84375
200 0.40419918298721313 0.90625
250 0.40619194507598877 0.90625
300 0.43659329414367676 0.875
test 26 score: 0.7237903225806451
test 26 score: 0.7207661290322581
start 27-th train
0 0.47820258140563965 0.8125
50 0.4823737144470215 0.84375
100 0.45734474062919617 0.84375
150 0.4237978458404541 0.90625
200 0.45529675483703613 0.875
250 0.46740251779556274 0.84375
300 0.45262348651885986 0.875
test 27 score: 0.719758064516129
test 27 score: 0.719758064516129
start 28-th train
0 0.38368403911590576 0.9375
50 0.4539075195789337 0.84375
100 0.491476833820343 0.8125
200 0.48650944232940674 0.8125
250 0.4595274329185486 0.875
300 0.38945910334587097 0.9375
test 28 score: 0.7308467741935484
test 28 score: 0.7298387096774194
start 29-th train
0 0.41022732853889465 0.90625
50 0.4656633138656616 0.84375
100 0.4269731044769287 0.875
150 0.5068979263305664 0.8125
200 0.4387378990650177 0.90625
250 0.42667219042778015 0.875
300 0.44000035524368286 0.875
test 29 score: 0.7258064516129032
test 29 score: 0.7237903225806451
start 30-th train
0 0.3700321614742279 0.9375
50 0.44118449091911316 0.84375
100 0.4176194965839386 0.90625
150 0.46325233578681946 0.84375
200 0.37072527408599854 0.9375
250 0.3895171880722046 0.9375
300 0.3728564977645874 0.9375
test 30 score: 0.6955645161290323
test 30 score: 0.6935483870967742
start 31-th train
0 0.4693262577056885 0.875
50 0.3969995081424713 0.9375
100 0.37845635414123535 0.96875
150 0.5305506587028503 0.78125
200 0.37406039237976074 0.96875
250 0.40949296951293945 0.90625
300 0.41234344244003296 0.90625
test 31 score: 0.7409274193548387
test 31 score: 0.7389112903225806
start 32-th train
0 0.42000895738601685 0.875
50 0.40208280086517334 0.90625
100 0.39947310090065 0.90625
150 0.4649406671524048 0.84375
200 0.3843880295753479 0.9375
250 0.43354958295822144 0.90625
300 0.5774760842323303 0.75
test 32 score: 0.7106854838709677
test 32 score: 0.7046370967741935
start 33-th train
0 0.419023722410202 0.875
50 0.5450257658958435 0.75
100 0.38329052925109863 0.9375
150 0.46231552958488464 0.84375
200 0.33774590492248535 1.0
250 0.42875993251800537 0.90625
300 0.373856782913208 0.9375
test 33 score: 0.7288306451612904
test 33 score: 0.7308467741935484
start 34-th train
0 0.39503365755081177 0.90625
50 0.35684770345687866 0.96875
100 0.3688916563987732 0.9375
150 0.4275384843349457 0.875
200 0.3904229700565338 0.9375
250 0.4432666599750519 0.84375
300 0.3795829117298126 0.9375
test 34 score: 0.7429435483870968
test 34 score: 0.7389112903225806
start 35-th train
0 0.4239118695259094 0.90625
50 0.44341331720352173 0.875
100 0.40900176763534546 0.90625
150 0.3556329905986786 0.96875
200 0.46206340193748474 0.84375
250 0.4053317606449127 0.90625
300 0.37093085050582886 0.9375
test 35 score: 0.7358870967741935
test 35 score: 0.7379032258064516
start 36-th train
0 0.4309040606021881 0.875
50 0.38900870084762573 0.90625
100 0.45426809787750244 0.84375
150 0.4472736716270447 0.875
200 0.6103647351264954 0.6875
250 0.44730767607688904 0.90625
300 0.3910314738750458 0.90625
test 36 score: 0.7348790322580645
test 36 score: 0.7318548387096774
start 37-th train
0 0.43804338574409485 0.875
50 0.3727278709411621 0.90625
100 0.35148099064826965 0.96875
150 0.43506377935409546 0.875
200 0.4550305902957916 0.84375
250 0.3774079978466034 0.9375
300 0.38851019740104675 0.9375
test 37 score: 0.7459677419354839
test 37 score: 0.7439516129032258
start 38-th train
0 0.34790506958961487 0.96875
50 0.34912416338920593 0.96875
100 0.3877151310443878 0.9375
150 0.5118513107299805 0.75
200 0.3968420922756195 0.90625
250 0.38619253039360046 0.9375
300 0.34560462832450867 0.96875
test 38 score: 0.6784274193548387
test 38 score: 0.6713709677419355
start 39-th train
0 0.4729596972465515 0.84375
50 0.4113112986087799 0.90625
100 0.4134257435798645 0.90625
150 0.48857855796813965 0.8125
200 0.38523179292678833 0.9375
250 0.37407243251800537 0.9375
300 0.4023464024066925 0.9375
test 39 score: 0.7278225806451613
test 39 score: 0.7237903225806451
start 40-th train
0 0.4284762442111969 0.875
50 0.3773772120475769 0.9375
100 0.4169188439846039 0.90625
150 0.36901840567588806 0.96875
200 0.5662611722946167 0.71875
250 0.533431887626648 0.75
300 0.37299931049346924 0.9375
test 40 score: 0.7439516129032258
test 40 score: 0.7419354838709677
start 41-th train
0 0.4135553538799286 0.90625
50 0.37956497073173523 0.9375
100 0.39881372451782227 0.90625
150 0.426060289144516 0.90625
200 0.3575322926044464 0.96875
250 0.40331345796585083 0.90625
300 0.32050418853759766 1.0
test 41 score: 0.7308467741935484
test 41 score: 0.7318548387096774
start 42-th train
0 0.39122119545936584 0.9375
50 0.44443121552467346 0.84375
100 0.41635584831237793 0.90625
150 0.36633923649787903 0.9375
200 0.4727083742618561 0.84375
250 0.36014291644096375 0.96875
300 0.47850707173347473 0.8125
test 42 score: 0.7379032258064516
test 42 score: 0.7439516129032258
start 43-th train
0 0.3319346010684967 1.0
50 0.3640262186527252 0.9375
100 0.3151044249534607 1.0
150 0.40887516736984253 0.90625
200 0.3899827301502228 0.9375
250 0.4254360795021057 0.875
300 0.4576433598995209 0.875
test 43 score: 0.7137096774193549
test 43 score: 0.7157258064516129
start 44-th train
0 0.37485724687576294 0.96875
50 0.3826991021633148 0.90625
100 0.42795512080192566 0.84375
150 0.4543609023094177 0.84375
200 0.4434332847595215 0.875
250 0.34189456701278687 0.96875
300 0.40636956691741943 0.90625
test 44 score: 0.7368951612903226
test 44 score: 0.7399193548387096
start 45-th train
0 0.40010184049606323 0.90625
50 0.3150550127029419 1.0
100 0.37408527731895447 0.96875
150 0.387912392616272 0.9375
200 0.366872638463974 0.96875
250 0.39290401339530945 0.9375
300 0.4929092824459076 0.84375
test 45 score: 0.7338709677419355
test 45 score: 0.7318548387096774
start 46-th train
0 0.45541495084762573 0.84375
50 0.37753838300704956 0.9375
100 0.32140684127807617 1.0
150 0.3576536476612091 0.96875
200 0.39995142817497253 0.90625
250 0.36735960841178894 0.96875
300 0.33975744247436523 0.96875
test 46 score: 0.7167338709677419
test 46 score: 0.7167338709677419
start 47-th train
0 0.4338100850582123 0.875
50 0.42362135648727417 0.875
100 0.4462675452232361 0.875
150 0.4092658460140228 0.90625
200 0.42791321873664856 0.90625
250 0.4023839235305786 0.90625
300 0.4288988709449768 0.84375
test 47 score: 0.7358870967741935
test 47 score: 0.7338709677419355
start 48-th train
0 0.3996554911136627 0.90625


[0.6512096774193549, 0.6491935483870968, 0.6854838709677419, 0.6844758064516129, 0.6925403225806451, 0.688508064516129, 0.6764112903225806, 0.6774193548387096, 0.6622983870967742, 0.6693548387096774, 0.6915322580645161, 0.6945564516129032, 0.7036290322580645, 0.7076612903225806, 0.7147177419354839, 0.7157258064516129, 0.7006048387096774, 0.7006048387096774, 0.6915322580645161, 0.6935483870967742, 0.6925403225806451, 0.6895161290322581, 0.6965725806451613, 0.6975806451612904, 0.6965725806451613, 0.7006048387096774, 0.7036290322580645, 0.7076612903225806, 0.7147177419354839, 0.7157258064516129, 0.7006048387096774, 0.7006048387096774, 0.6925403225806451, 0.6895161290322581, 0.6925403225806451, 0.6895161290322581, 0.7036290322580645, 0.7076612903225806, 0.7147177419354839, 0.7157258064516129, 0.6784274193548387, 0.6713709677419355, 0.7278225806451613, 0.7237903225806451, 0.7439516129032258, 0.7419354838709677, 0.7308467741935484, 0.7318548387096774, 0.7379032258064516, 0.7439516129032258, 0.7167338709677419, 0.7167338709677419, 0.7459677419354839, 0.7439516129032258, 0.7167338709677419, 0.7167338709677419, 0.7288306451612904, 0.7308467741935484]
