work('algolet/bert-large-chinese', "algolet/bert-large-chinese", 32, 512, True, 5e-5)

start 0-th train
0 0.7356054782867432 0.40625
50 0.6357312798500061 0.65625
100 0.5913087129592896 0.71875
150 0.66109699010849 0.65625
200 0.5200610756874084 0.8125
250 0.7120940089225769 0.53125
300 0.7050629258155823 0.53125
test 0 score: 0.6794354838709677
test 0 score: 0.6794354838709677
start 1-th train
0 0.585114598274231 0.71875
50 0.6212677359580994 0.65625
100 0.5263230204582214 0.84375
150 0.5636236071586609 0.71875
200 0.7283422946929932 0.5625
250 0.5304643511772156 0.75
300 0.585231602191925 0.75
test 1 score: 0.6754032258064516
test 1 score: 0.6764112903225806
start 2-th train
0 0.5417936444282532 0.78125
50 0.577202558517456 0.75
100 0.642989993095398 0.6875
150 0.6228640675544739 0.71875
200 0.6150974035263062 0.625
250 0.5230514407157898 0.84375
300 0.635144829750061 0.65625
test 2 score: 0.6794354838709677
test 2 score: 0.6774193548387096
start 3-th train
0 0.5497575998306274 0.75
50 0.5794870257377625 0.71875
100 0.5602177381515503 0.78125
150 0.6900356411933899 0.59375
200 0.567897617816925 0.6875
250 0.5294491648674011 0.78125
300 0.6135880351066589 0.625
test 3 score: 0.6330645161290323
test 3 score: 0.6310483870967742
start 4-th train
0 0.5133251547813416 0.84375
50 0.540307343006134 0.78125
100 0.568250834941864 0.71875
150 0.5271050333976746 0.78125
200 0.592545747756958 0.71875
250 0.5221390724182129 0.8125
300 0.6193215847015381 0.6875
test 4 score: 0.6784274193548387
test 4 score: 0.6834677419354839
start 5-th train
0 0.6192699670791626 0.65625
50 0.49986228346824646 0.75
100 0.5521731972694397 0.78125
150 0.5610572099685669 0.71875
200 0.5592128038406372 0.75
250 0.5541080832481384 0.78125
300 0.5562952756881714 0.6875
test 5 score: 0.7066532258064516
test 5 score: 0.7086693548387096
start 6-th train
0 0.5199093222618103 0.75
50 0.5199423432350159 0.78125
100 0.5493629574775696 0.78125
150 0.44607770442962646 0.90625
200 0.5970467925071716 0.6875
250 0.5674129724502563 0.71875
300 0.47216737270355225 0.78125
test 6 score: 0.688508064516129
test 6 score: 0.686491935483871
start 7-th train
0 0.4669894576072693 0.84375
50 0.6416619420051575 0.65625
100 0.43700745701789856 0.9375
150 0.5158997774124146 0.78125
200 0.6045850515365601 0.65625
250 0.6571487784385681 0.5625
300 0.4681268036365509 0.875
test 7 score: 0.6965725806451613
test 7 score: 0.6965725806451613
start 8-th train
0 0.5743466019630432 0.71875
50 0.5737435221672058 0.71875
100 0.4846660792827606 0.8125
150 0.4991055130958557 0.78125
200 0.45758602023124695 0.84375
250 0.5587329268455505 0.75
300 0.5599430203437805 0.75
test 8 score: 0.6895161290322581
test 8 score: 0.686491935483871
start 9-th train
0 0.48207828402519226 0.8125
50 0.4693310558795929 0.84375
100 0.48682501912117004 0.84375
150 0.521693229675293 0.78125
200 0.5044208765029907 0.8125
250 0.4561671316623688 0.875
300 0.6000633239746094 0.71875
test 9 score: 0.6713709677419355
test 9 score: 0.6713709677419355
start 10-th train
0 0.6310640573501587 0.625
50 0.509178102016449 0.75
100 0.515306830406189 0.75
150 0.4765506982803345 0.84375
200 0.518448531627655 0.8125
250 0.5427832007408142 0.75
300 0.6032642126083374 0.625
test 10 score: 0.6955645161290323
test 10 score: 0.6975806451612904
start 11-th train
0 0.4293455183506012 0.875
50 0.6039481163024902 0.65625
100 0.48735758662223816 0.8125