'bert-base-chinese', 'allenai/longformer-base-4096', 32, 1024, True, 5e-5
start 0-th train
0 0.6825160980224609 0.53125
50 0.6560178995132446 0.625
100 0.6786744594573975 0.5625
150 0.5699853301048279 0.78125
200 0.5982196927070618 0.65625
250 0.6428731679916382 0.65625
300 0.5877446532249451 0.78125
test 0 score: 0.6653225806451613
test 0 score: 0.6673387096774194
start 1-th train
0 0.5872737765312195 0.625
50 0.6857456564903259 0.59375
100 0.6532320380210876 0.65625
150 0.6257389187812805 0.65625
200 0.5872334241867065 0.6875
250 0.5555930137634277 0.78125
300 0.6457422971725464 0.6875
test 1 score: 0.6512096774193549
test 1 score: 0.6522177419354839
start 2-th train
0 0.5099585056304932 0.8125
50 0.686164915561676 0.5625
100 0.6135904788970947 0.71875
150 0.598558247089386 0.71875
200 0.6640866994857788 0.625
250 0.5514786243438721 0.75
300 0.6484197974205017 0.65625
test 2 score: 0.6502016129032258
test 2 score: 0.6451612903225806
start 3-th train
0 0.6214326024055481 0.6875
50 0.665556013584137 0.625
100 0.6719502806663513 0.625
150 0.6526117324829102 0.625
200 0.6341877579689026 0.625
250 0.6229482293128967 0.65625
300 0.503359317779541 0.78125
test 3 score: 0.6723790322580645
test 3 score: 0.6713709677419355
start 4-th train
0 0.6099939942359924 0.6875
50 0.6298401951789856 0.625
100 0.5634233951568604 0.71875
150 0.6620984673500061 0.625
200 0.6662066578865051 0.65625
250 0.6208571195602417 0.59375
300 0.5230045318603516 0.78125
test 4 score: 0.6814516129032258
test 4 score: 0.6814516129032258
start 5-th train
0 0.6237399578094482 0.71875
50 0.5730421543121338 0.71875
100 0.6315637230873108 0.71875
150 0.6459806561470032 0.6875
200 0.5018506646156311 0.8125
250 0.51899254322052 0.8125
300 0.5298042297363281 0.75
test 5 score: 0.6723790322580645
test 5 score: 0.6784274193548387
start 6-th train
0 0.4447987973690033 0.84375
50 0.506187379360199 0.8125
100 0.564271092414856 0.71875
150 0.5389818549156189 0.75
200 0.4077853560447693 0.96875
250 0.5896701216697693 0.71875
300 0.6065177321434021 0.625
test 6 score: 0.6370967741935484
test 6 score: 0.6401209677419355
start 7-th train
0 0.5938136577606201 0.6875
50 0.46267104148864746 0.875
100 0.4974353611469269 0.78125
150 0.4796416163444519 0.875
200 0.5522440671920776 0.75
250 0.5804122090339661 0.71875
300 0.585321307182312 0.6875
test 7 score: 0.6905241935483871
test 7 score: 0.6895161290322581
start 8-th train
0 0.5109556913375854 0.75
50 0.6043580174446106 0.625
100 0.5469926595687866 0.75
150 0.5711061358451843 0.71875
200 0.444671630859375 0.84375
250 0.5076321363449097 0.78125
300 0.4329215884208679 0.875
test 8 score: 0.7066532258064516
test 8 score: 0.7056451612903226
start 9-th train
0 0.4323953092098236 0.90625
50 0.5345390439033508 0.78125
100 0.49202585220336914 0.84375
150 0.6387690305709839 0.625
200 0.6222258806228638 0.6875
250 0.4714964032173157 0.84375
300 0.5585252642631531 0.78125
test 9 score: 0.7046370967741935
test 9 score: 0.7066532258064516
start 10-th train
0 0.4168868660926819 0.90625
50 0.3987500071525574 0.9375
100 0.5860512852668762 0.59375
150 0.48166424036026 0.8125
200 0.43180710077285767 0.90625
250 0.5585463643074036 0.75
300 0.5345249176025391 0.71875
test 10 score: 0.6975806451612904
test 10 score: 0.6975806451612904
start 11-th train
0 0.48261386156082153 0.84375
50 0.5456486940383911 0.75
100 0.5159423351287842 0.8125
150 0.5433263182640076 0.71875
200 0.5189734697341919 0.8125
250 0.45939901471138 0.875
300 0.4774242043495178 0.84375
test 11 score: 0.7046370967741935
test 11 score: 0.7056451612903226
start 12-th train
0 0.4142873287200928 0.90625
50 0.46494489908218384 0.875
100 0.42401209473609924 0.90625
150 0.4403732120990753 0.875
200 0.41109246015548706 0.9375
250 0.43270203471183777 0.90625
300 0.46480628848075867 0.8125
test 12 score: 0.6854838709677419
test 12 score: 0.6905241935483871
start 13-th train
0 0.3884131908416748 0.96875
50 0.5164603590965271 0.75
100 0.4523477852344513 0.875
150 0.41058778762817383 0.9375
200 0.39638498425483704 0.84375
250 0.5062165856361389 0.8125
300 0.4127857983112335 0.84375
test 13 score: 0.7147177419354839
test 13 score: 0.719758064516129
start 14-th train
0 0.396452397108078 0.90625
50 0.4342176616191864 0.875
100 0.4240831732749939 0.90625
150 0.4490637481212616 0.90625
200 0.42553964257240295 0.9375
250 0.46343371272087097 0.84375
300 0.38445526361465454 0.96875
test 14 score: 0.7237903225806451
test 14 score: 0.7308467741935484
start 15-th train
0 0.3711007535457611 0.96875
50 0.45506712794303894 0.875
100 0.39821308851242065 0.90625
150 0.4636787474155426 0.84375
200 0.44614076614379883 0.84375
250 0.393960565328598 0.9375
300 0.4338693916797638 0.875
test 15 score: 0.7147177419354839
test 15 score: 0.7207661290322581
start 16-th train
0 0.4577452838420868 0.875
50 0.40420201420783997 0.90625
100 0.42563396692276 0.875
150 0.4022481441497803 0.9375
200 0.5199319124221802 0.78125
250 0.3500247895717621 0.96875
300 0.4555285573005676 0.875
test 16 score: 0.75
test 16 score: 0.7560483870967742
start 17-th train
0 0.36826086044311523 0.9375
50 0.3435627818107605 1.0
100 0.4952923059463501 0.8125
150 0.5049684047698975 0.78125
200 0.41436895728111267 0.90625
250 0.4617794156074524 0.84375
300 0.4206874966621399 0.84375
test 17 score: 0.7268145161290323
test 17 score: 0.7278225806451613
start 18-th train
0 0.412358820438385 0.9375
50 0.34144410490989685 0.96875