'bert-base-chinese', 'bert-base-chinese', 32, 512, True, 5e-5
start 0-th train
0 0.6710004210472107 0.5625
50 0.6624195575714111 0.5625
100 0.6347145438194275 0.75
150 0.533292829990387 0.8125
200 0.6002379655838013 0.6875
250 0.5520111322402954 0.8125
300 0.6662521362304688 0.59375
test 0 score: 0.7086693548387096
test 0 score: 0.7116935483870968
start 1-th train
0 0.586413562297821 0.71875
50 0.6192727088928223 0.6875
100 0.6109826564788818 0.625
150 0.6082502007484436 0.65625
200 0.5130760073661804 0.84375
250 0.6383041739463806 0.65625
300 0.653231680393219 0.59375
test 1 score: 0.6965725806451613
test 1 score: 0.6965725806451613
start 2-th train
0 0.5593265295028687 0.71875
50 0.5864179730415344 0.6875
100 0.5816230177879333 0.71875
150 0.5524622201919556 0.75
200 0.4762408137321472 0.8125
250 0.5198512077331543 0.75
300 0.6486300230026245 0.65625
test 2 score: 0.7227822580645161
test 2 score: 0.7247983870967742
start 3-th train
0 0.6753500699996948 0.5625
50 0.5094385147094727 0.78125
100 0.5422848463058472 0.75
150 0.5326198935508728 0.8125
200 0.49146518111228943 0.84375
250 0.591032862663269 0.65625
300 0.48662903904914856 0.75
test 3 score: 0.7056451612903226
test 3 score: 0.7036290322580645
start 4-th train
0 0.5523797273635864 0.71875
50 0.5359377861022949 0.78125
100 0.5700469613075256 0.6875
150 0.5920915007591248 0.6875
200 0.4517166018486023 0.875
250 0.48167338967323303 0.84375
300 0.5588501691818237 0.75
test 4 score: 0.7096774193548387
test 4 score: 0.7106854838709677
start 5-th train
0 0.5366135239601135 0.78125
50 0.3956489562988281 0.9375
100 0.5059061646461487 0.8125
150 0.5654063820838928 0.75
200 0.4695413112640381 0.875
250 0.45653459429740906 0.84375
300 0.49535778164863586 0.78125
test 5 score: 0.7368951612903226
test 5 score: 0.7429435483870968
start 6-th train
0 0.5199884176254272 0.8125
50 0.45968693494796753 0.90625
100 0.4352912902832031 0.875
150 0.5456839203834534 0.75
200 0.4159858524799347 0.90625
250 0.5033954381942749 0.78125
300 0.43229159712791443 0.875
test 6 score: 0.7399193548387096
test 6 score: 0.7419354838709677
start 7-th train
0 0.5461864471435547 0.75
50 0.4980819821357727 0.78125
100 0.45708978176116943 0.875
150 0.5086658596992493 0.84375
200 0.4833482801914215 0.84375
250 0.44311338663101196 0.84375
300 0.4277811646461487 0.875
test 7 score: 0.7429435483870968
test 7 score: 0.7429435483870968
start 8-th train
0 0.410643607378006 0.96875
50 0.44405514001846313 0.875
100 0.49768924713134766 0.8125
150 0.4507477283477783 0.84375
200 0.43248724937438965 0.875
250 0.5074751973152161 0.8125
300 0.3916506767272949 0.90625
test 8 score: 0.7580645161290323
test 8 score: 0.7590725806451613
start 9-th train
0 0.4263216555118561 0.875
50 0.48036834597587585 0.8125
100 0.37937402725219727 0.9375
150 0.40777587890625 0.9375
200 0.4004550278186798 0.90625
250 0.44351786375045776 0.90625
300 0.42202308773994446 0.90625
test 9 score: 0.7379032258064516
test 9 score: 0.7409274193548387
start 10-th train
0 0.4550841450691223 0.84375
50 0.40952083468437195 0.90625
100 0.4098151624202728 0.90625
150 0.43143633008003235 0.90625
200 0.37049949169158936 0.9375
250 0.382396399974823 0.9375
300 0.4551071524620056 0.84375
test 10 score: 0.7671370967741935
test 10 score: 0.7600806451612904
start 11-th train
0 0.37881532311439514 0.90625
50 0.41753634810447693 0.90625
100 0.399293452501297 0.90625
150 0.4153704047203064 0.90625
200 0.3889693021774292 0.9375
250 0.38179078698158264 0.90625
300 0.35428130626678467 0.9375
test 11 score: 0.7550403225806451
test 11 score: 0.7540322580645161
start 12-th train
0 0.4277198016643524 0.875
50 0.3656914234161377 0.9375
100 0.39827460050582886 0.9375
150 0.3966137766838074 0.90625
200 0.4643317461013794 0.8125
250 0.4036324918270111 0.90625
300 0.3810797929763794 0.9375
test 12 score: 0.7741935483870968
test 12 score: 0.7711693548387096
start 13-th train
0 0.39147433638572693 0.9375
50 0.37595921754837036 0.9375
100 0.3891115188598633 0.90625
150 0.3915327191352844 0.90625
200 0.39669808745384216 0.90625
250 0.4147741198539734 0.875
300 0.4039028584957123 0.90625
test 13 score: 0.7076612903225806
test 13 score: 0.7066532258064516
start 14-th train
0 0.47085946798324585 0.8125
50 0.39334753155708313 0.9375
100 0.4175250232219696 0.90625
150 0.38092562556266785 0.9375
200 0.3744772672653198 0.96875
250 0.37777218222618103 0.90625
300 0.37211185693740845 0.96875
test 14 score: 0.7701612903225806
test 14 score: 0.7721774193548387
start 15-th train
0 0.36906424164772034 0.9375
50 0.40453964471817017 0.875
100 0.37658393383026123 0.9375
150 0.4069855213165283 0.90625
200 0.39947402477264404 0.90625
250 0.4299635589122772 0.875
300 0.37705811858177185 0.9375
test 15 score: 0.7409274193548387
test 15 score: 0.7449596774193549
start 16-th train
0 0.4760536849498749 0.8125
50 0.36978986859321594 0.9375
100 0.41225945949554443 0.90625
150 0.3667176365852356 0.96875
200 0.38061240315437317 0.9375
250 0.4363265633583069 0.875
300 0.3831579089164734 0.9375
test 16 score: 0.780241935483871
test 16 score: 0.7762096774193549
start 17-th train
0 0.32316601276397705 1.0
50 0.3421638607978821 1.0
100 0.3482414484024048 0.96875
150 0.41812241077423096 0.90625
200 0.3607989549636841 0.9375
250 0.3757493793964386 0.96875
300 0.40408191084861755 0.90625
test 17 score: 0.7006048387096774
test 17 score: 0.7046370967741935
start 18-th train
0 0.5002841353416443 0.8125
50 0.40379735827445984 0.875
100 0.38246744871139526 0.90625
150 0.408866286277771 0.90625
200 0.35081279277801514 0.96875
250 0.42279770970344543 0.90625
300 0.32655343413352966 1.0
test 18 score: 0.7530241935483871
test 18 score: 0.7550403225806451
start 19-th train
0 0.3673674762248993 0.9375
50 0.35334956645965576 0.96875
100 0.3567882776260376 0.96875
150 0.38719096779823303 0.90625
200 0.3573923707008362 0.96875
250 0.4147317409515381 0.90625
300 0.392159640789032 0.90625
test 19 score: 0.7661290322580645
test 19 score: 0.7631048387096774
start 20-th train
0 0.35943862795829773 0.96875
50 0.4055558443069458 0.90625
100 0.47339266538619995 0.84375
150 0.35846462845802307 0.96875
200 0.36116817593574524 0.9375
250 0.37386223673820496 0.96875
300 0.3711887300014496 0.9375
test 20 score: 0.7560483870967742
test 20 score: 0.7520161290322581
start 21-th train
0 0.3507733941078186 0.96875
50 0.3312259018421173 0.96875
100 0.3154493570327759 1.0
150 0.4418075382709503 0.875
200 0.35651344060897827 0.9375
250 0.42999646067619324 0.875
300 0.3298867642879486 0.96875
test 21 score: 0.7711693548387096
test 21 score: 0.7741935483870968
start 22-th train
0 0.378568172454834 0.9375
50 0.4036441743373871 0.90625
100 0.3434596061706543 0.96875
150 0.39261072874069214 0.90625
200 0.3855094313621521 0.9375
250 0.42452293634414673 0.875
300 0.3651871085166931 0.9375
test 22 score: 0.7358870967741935
test 22 score: 0.7399193548387096
start 23-th train
0 0.34633442759513855 0.96875
50 0.3499067723751068 0.96875
100 0.3568423092365265 0.96875
150 0.37843984365463257 0.9375
200 0.32033097743988037 1.0
250 0.3543671667575836 0.96875
300 0.363675981760025 0.9375
test 23 score: 0.782258064516129
test 23 score: 0.7741935483870968
start 24-th train
0 0.3884090483188629 0.9375
50 0.34282517433166504 0.96875
100 0.3525494337081909 0.96875
150 0.31611624360084534 1.0
200 0.3842574656009674 0.9375
250 0.4342060685157776 0.84375
300 0.3604612648487091 0.96875
test 24 score: 0.7641129032258065
test 24 score: 0.7651209677419355
start 25-th train
0 0.4032875597476959 0.90625
50 0.3959961235523224 0.9375
100 0.3529624044895172 0.96875
150 0.38140052556991577 0.9375
200 0.4001641571521759 0.90625
250 0.44523346424102783 0.875
300 0.4008900821208954 0.90625
test 25 score: 0.75
test 25 score: 0.7520161290322581
start 26-th train
0 0.40906471014022827 0.90625
50 0.4123954474925995 0.90625
100 0.35150787234306335 0.96875
150 0.4340132176876068 0.875
200 0.3583378493785858 0.96875
250 0.35651102662086487 0.96875
300 0.32478785514831543 1.0
test 26 score: 0.7681451612903226
test 26 score: 0.7681451612903226
start 27-th train
0 0.3183603882789612 1.0
50 0.3161533772945404 1.0
100 0.3672665059566498 0.9375
150 0.31791484355926514 1.0
200 0.35218527913093567 0.96875
250 0.3320356011390686 1.0
300 0.32139143347740173 1.0
test 27 score: 0.782258064516129
test 27 score: 0.7852822580645161
start 28-th train
0 0.34880876541137695 0.9375
50 0.340569406747818 0.96875
100 0.40389174222946167 0.90625
150 0.4434870183467865 0.84375
200 0.37211939692497253 0.9375
250 0.439205527305603 0.875
300 0.3837658762931824 0.9375
test 28 score: 0.7883064516129032
test 28 score: 0.7923387096774194
start 29-th train
0 0.3735242187976837 0.9375
50 0.4092036187648773 0.90625
100 0.3445032835006714 0.96875
150 0.3494493365287781 0.96875
200 0.34729477763175964 0.96875
250 0.3179602026939392 1.0
300 0.3839074671268463 0.9375
test 29 score: 0.7620967741935484
test 29 score: 0.7651209677419355
start 30-th train
0 0.3600112497806549 0.96875
50 0.38296082615852356 0.9375
100 0.4832982122898102 0.84375
150 0.36734098196029663 0.96875
200 0.34512537717819214 0.96875
250 0.3455403447151184 0.96875
300 0.3452891409397125 0.96875
test 30 score: 0.7560483870967742
test 30 score: 0.7600806451612904
start 31-th train
0 0.35417452454566956 0.96875
50 0.37396061420440674 0.9375
100 0.3877725601196289 0.90625
150 0.4071706533432007 0.90625
200 0.3867344558238983 0.9375
250 0.41739729046821594 0.90625
300 0.4891519546508789 0.8125
test 31 score: 0.7792338709677419
test 31 score: 0.7762096774193549
start 32-th train
0 0.3991772532463074 0.90625
50 0.3135252594947815 1.0
100 0.33991068601608276 0.96875
150 0.3498193025588989 0.96875
200 0.38758254051208496 0.90625
250 0.3837144076824188 0.90625
300 0.34476205706596375 0.96875
test 32 score: 0.7832661290322581
test 32 score: 0.782258064516129
start 33-th train
0 0.34470611810684204 0.96875
50 0.3483866751194 0.96875
100 0.33118337392807007 1.0
150 0.33767712116241455 0.96875
200 0.3472210168838501 0.96875
250 0.3570030629634857 0.96875
300 0.39747539162635803 0.90625
test 33 score: 0.7752016129032258
test 33 score: 0.7741935483870968
start 34-th train
0 0.31828027963638306 1.0
50 0.4008925259113312 0.90625
100 0.3547777533531189 0.96875
150 0.34522777795791626 0.96875
200 0.37414321303367615 0.9375
250 0.34956324100494385 0.96875
300 0.3216611444950104 1.0
test 34 score: 0.7862903225806451
test 34 score: 0.7842741935483871
start 35-th train
0 0.3480434715747833 0.96875
50 0.441362589597702 0.84375
100 0.3242195248603821 1.0
150 0.3776024878025055 0.9375
200 0.39631548523902893 0.90625
250 0.37736329436302185 0.9375
300 0.33275896310806274 0.96875
test 35 score: 0.7671370967741935
test 35 score: 0.7671370967741935
start 36-th train
0 0.3152815103530884 1.0
50 0.35396987199783325 0.96875
100 0.39835724234580994 0.90625
150 0.49447134137153625 0.8125
200 0.3454158902168274 0.96875
250 0.35031118988990784 0.96875
300 0.34858399629592896 0.96875
test 36 score: 0.7782258064516129
test 36 score: 0.7731854838709677
start 37-th train
0 0.3445759415626526 0.96875
50 0.31665271520614624 1.0
100 0.38217976689338684 0.9375
150 0.34779444336891174 0.96875
200 0.41288137435913086 0.90625
250 0.3320150673389435 0.96875
300 0.3804421126842499 0.9375
test 37 score: 0.7782258064516129
test 37 score: 0.7792338709677419
start 38-th train
0 0.3301692605018616 1.0
50 0.3310123383998871 0.96875
100 0.4030556082725525 0.90625
150 0.35829851031303406 0.96875
200 0.3590235710144043 0.9375
250 0.32414016127586365 1.0
300 0.3211835026741028 1.0
test 38 score: 0.7560483870967742
test 38 score: 0.7540322580645161
start 39-th train
0 0.354442834854126 0.96875
50 0.34898871183395386 0.96875
100 0.3133571147918701 1.0
150 0.3486000895500183 0.96875
200 0.38245612382888794 0.9375
250 0.39759448170661926 0.90625
300 0.36842039227485657 0.9375
test 39 score: 0.7893145161290323
test 39 score: 0.7933467741935484
start 40-th train
0 0.315571665763855 1.0
50 0.372968852519989 0.9375
100 0.3419695198535919 0.96875
150 0.36609089374542236 0.9375
200 0.351701945066452 0.96875
250 0.4067460894584656 0.90625
300 0.4051988422870636 0.90625
test 40 score: 0.7872983870967742
test 40 score: 0.7842741935483871
start 41-th train
0 0.347125381231308 0.96875
50 0.3460947275161743 0.9375
100 0.3296375870704651 1.0
150 0.34030142426490784 0.96875
200 0.346119225025177 0.96875
250 0.3152752220630646 1.0
300 0.37606656551361084 0.9375
test 41 score: 0.7862903225806451
test 41 score: 0.78125
start 42-th train
0 0.37678608298301697 0.9375
50 0.3493886888027191 0.96875
100 0.3141959309577942 1.0
150 0.4028719663619995 0.90625
200 0.3597065806388855 0.9375
250 0.3884159028530121 0.9375
300 0.33670154213905334 0.96875
test 42 score: 0.7792338709677419
test 42 score: 0.782258064516129
start 43-th train
0 0.34523484110832214 0.96875
50 0.34022969007492065 0.96875
100 0.3152818977832794 1.0
150 0.32551100850105286 1.0
200 0.38977372646331787 0.90625
250 0.353293240070343 0.96875
300 0.4490978717803955 0.84375
test 43 score: 0.7741935483870968
test 43 score: 0.7711693548387096
start 44-th train
0 0.32843470573425293 0.96875
50 0.434184730052948 0.875
100 0.4037792384624481 0.90625
150 0.3175677955150604 1.0
200 0.3683072328567505 0.96875
250 0.4079180955886841 0.90625
300 0.3463868498802185 0.96875
test 44 score: 0.7731854838709677
test 44 score: 0.7741935483870968
start 45-th train
0 0.37600648403167725 0.9375
50 0.3206605911254883 1.0
100 0.3711888790130615 0.9375
150 0.4197458326816559 0.875
200 0.41536158323287964 0.90625
250 0.407350093126297 0.90625
300 0.4409063756465912 0.875
test 45 score: 0.7600806451612904
test 45 score: 0.7610887096774194
start 46-th train
0 0.36438047885894775 0.9375
50 0.3346799612045288 0.96875
100 0.3460118770599365 0.96875
150 0.34094393253326416 0.96875
200 0.3932628631591797 0.90625
250 0.39408838748931885 0.90625
300 0.3149071931838989 1.0
test 46 score: 0.7983870967741935
test 46 score: 0.7953629032258065
start 47-th train
0 0.3171778619289398 1.0
50 0.3132953345775604 1.0
100 0.3758813440799713 0.9375
150 0.3577536344528198 0.9375
200 0.3480658233165741 0.96875
250 0.374705970287323 0.9375
300 0.3768763244152069 0.9375
test 47 score: 0.7953629032258065
test 47 score: 0.7953629032258065
start 48-th train
0 0.3295065760612488 0.96875
50 0.34997719526290894 0.96875
100 0.3424634039402008 0.96875
150 0.3460218012332916 0.96875
200 0.3135828375816345 1.0
250 0.3137606084346771 1.0
300 0.35389047861099243 0.96875
test 48 score: 0.78125
test 48 score: 0.7792338709677419
start 49-th train
0 0.35488805174827576 0.96875
50 0.3463343381881714 0.96875
100 0.346706360578537 0.96875
150 0.31562164425849915 1.0
200 0.3484939634799957 0.96875
250 0.35067084431648254 0.96875
300 0.40747490525245667 0.90625
test 49 score: 0.7943548387096774
test 49 score: 0.7993951612903226
start 50-th train
0 0.3425227701663971 0.96875
50 0.3168230950832367 1.0
100 0.3602556884288788 0.96875
150 0.3874213695526123 0.9375
200 0.352878212928772 0.9375
250 0.3383665978908539 0.96875
300 0.37818822264671326 0.9375
test 50 score: 0.8064516129032258
test 50 score: 0.8044354838709677
start 51-th train
0 0.37583354115486145 0.9375
50 0.44124293327331543 0.875
100 0.3764707148075104 0.9375
150 0.3654472827911377 0.9375
200 0.3138566315174103 1.0
250 0.31340292096138 1.0
300 0.349290668964386 0.96875
test 51 score: 0.8064516129032258
test 51 score: 0.7993951612903226
start 52-th train
0 0.3444988429546356 0.96875
50 0.34528106451034546 0.96875
100 0.31406232714653015 1.0
150 0.3684447407722473 0.9375
200 0.3155953288078308 1.0
250 0.3264193832874298 0.96875
300 0.4811475872993469 0.8125
test 52 score: 0.813508064516129
test 52 score: 0.8145161290322581
start 53-th train
0 0.31706008315086365 1.0
50 0.3752537667751312 0.9375
100 0.44056829810142517 0.875
150 0.326750248670578 1.0
200 0.33419281244277954 1.0
250 0.3357504606246948 0.96875
300 0.3176337778568268 1.0
test 53 score: 0.7842741935483871
test 53 score: 0.7852822580645161
start 54-th train
0 0.3185097575187683 1.0
50 0.3459939658641815 0.96875
100 0.3134628236293793 1.0
150 0.3447937071323395 0.96875
200 0.41972535848617554 0.875
250 0.4075127840042114 0.90625
300 0.4075561463832855 0.90625
test 54 score: 0.7459677419354839
test 54 score: 0.751008064516129
start 55-th train
0 0.3202441334724426 1.0
50 0.3814064860343933 0.9375
100 0.43215399980545044 0.875
150 0.31330248713493347 1.0
200 0.3167214095592499 1.0
250 0.3162342607975006 1.0
300 0.3504049777984619 0.96875
test 55 score: 0.7721774193548387
test 55 score: 0.7651209677419355
start 56-th train
0 0.3497161865234375 0.96875
50 0.38021162152290344 0.9375
100 0.31572750210762024 1.0
150 0.3440275192260742 0.96875
200 0.3141319155693054 1.0
250 0.3513115644454956 0.96875
300 0.410510390996933 0.90625
test 56 score: 0.7610887096774194
test 56 score: 0.7620967741935484
start 57-th train
0 0.3267350494861603 1.0
50 0.329324871301651 0.96875
100 0.3719728887081146 0.9375
150 0.3133707642555237 1.0
200 0.34461870789527893 0.96875
250 0.31965985894203186 1.0
300 0.31422749161720276 1.0
test 57 score: 0.7731854838709677
test 57 score: 0.7681451612903226
start 58-th train
0 0.37635868787765503 0.9375
50 0.3494458496570587 0.96875
100 0.3471439480781555 0.96875
150 0.38686704635620117 0.9375
200 0.3139442801475525 1.0
250 0.31333282589912415 1.0
300 0.31347742676734924 1.0
test 58 score: 0.7721774193548387
test 58 score: 0.7741935483870968
start 59-th train
0 0.3562070429325104 0.96875
50 0.3584758937358856 0.9375
100 0.34684792160987854 0.96875
150 0.3467234671115875 0.96875
200 0.3138118088245392 1.0
250 0.4146502912044525 0.875
300 0.34152480959892273 0.96875
test 59 score: 0.7983870967741935
test 59 score: 0.8014112903225806
start 60-th train
0 0.36813077330589294 0.9375
50 0.4056863784790039 0.90625
100 0.31560975313186646 1.0
150 0.3178487718105316 1.0
200 0.31330016255378723 1.0
250 0.42584705352783203 0.90625
300 0.33186131715774536 0.96875
test 60 score: 0.782258064516129
test 60 score: 0.782258064516129
start 61-th train
0 0.3746551275253296 0.9375
50 0.34461072087287903 0.96875
100 0.375840961933136 0.9375
150 0.41082513332366943 0.90625
200 0.31333792209625244 1.0
250 0.3728158473968506 0.9375
300 0.3443030118942261 0.96875
test 61 score: 0.7731854838709677
test 61 score: 0.7691532258064516
start 62-th train
0 0.41134583950042725 0.875
50 0.3450029790401459 0.96875
100 0.35046419501304626 0.96875
150 0.3269074261188507 1.0
200 0.34602075815200806 0.96875
250 0.34661751985549927 0.96875
300 0.36143505573272705 0.9375
test 62 score: 0.8014112903225806
test 62 score: 0.8014112903225806
start 63-th train
0 0.31409934163093567 1.0
50 0.31428977847099304 1.0
100 0.344785213470459 0.96875
150 0.3767123818397522 0.9375
200 0.3132782280445099 1.0
250 0.34904447197914124 0.9375
300 0.387384831905365 0.9375
test 63 score: 0.7620967741935484
test 63 score: 0.7580645161290323
start 64-th train
0 0.37908831238746643 0.9375
50 0.3222957253456116 1.0
100 0.3497048020362854 0.96875
150 0.34561166167259216 0.96875
200 0.3628443777561188 0.9375
250 0.3445446789264679 0.96875
300 0.31326812505722046 1.0
test 64 score: 0.7711693548387096
test 64 score: 0.7671370967741935
start 65-th train
0 0.3760795295238495 0.9375
50 0.34674257040023804 0.96875
100 0.31936633586883545 1.0
150 0.3445136249065399 0.96875
200 0.3373366594314575 0.96875
250 0.37593594193458557 0.9375
300 0.3151360750198364 1.0
test 65 score: 0.7782258064516129
test 65 score: 0.7792338709677419
start 66-th train
0 0.3488501310348511 0.9375
50 0.409024715423584 0.90625
100 0.3141496479511261 1.0
150 0.3544860780239105 0.96875
200 0.3814373016357422 0.9375
250 0.40710997581481934 0.90625
300 0.3195822834968567 1.0
test 66 score: 0.7651209677419355
test 66 score: 0.7610887096774194
start 67-th train
0 0.39600688219070435 0.90625
50 0.3334987163543701 0.96875
100 0.35793203115463257 0.96875
150 0.34983575344085693 0.96875
200 0.37958037853240967 0.9375
250 0.31431853771209717 1.0
300 0.317171573638916 1.0
test 67 score: 0.7933467741935484
test 67 score: 0.7993951612903226
start 68-th train
0 0.31348907947540283 1.0
50 0.3463299572467804 0.96875
100 0.34533509612083435 0.96875
150 0.4071016311645508 0.90625
200 0.3147561848163605 1.0
250 0.3722072243690491 0.9375
300 0.3382057845592499 0.96875
test 68 score: 0.7953629032258065
test 68 score: 0.8004032258064516
start 69-th train
0 0.34450089931488037 0.96875
50 0.3456343710422516 0.96875
100 0.3628576099872589 0.9375
150 0.31326380372047424 1.0
200 0.31559035181999207 1.0
250 0.37488898634910583 0.9375
300 0.3718644976615906 0.9375
test 69 score: 0.7701612903225806
test 69 score: 0.7681451612903226
start 70-th train
0 0.31483620405197144 1.0
50 0.3134500980377197 1.0
100 0.4079154431819916 0.90625
150 0.31356367468833923 1.0
200 0.34617602825164795 0.96875
250 0.37752148509025574 0.9375
300 0.3651372790336609 0.9375
test 70 score: 0.7741935483870968
test 70 score: 0.7772177419354839
start 71-th train
0 0.34606316685676575 0.96875
50 0.41180726885795593 0.90625
100 0.31538403034210205 1.0
150 0.34396031498908997 0.96875
200 0.3840828835964203 0.9375
250 0.4242144227027893 0.875
300 0.3284103274345398 0.96875
test 71 score: 0.7741935483870968
test 71 score: 0.7752016129032258
start 72-th train
0 0.37573614716529846 0.9375
50 0.34930822253227234 0.96875
100 0.3180653750896454 1.0
150 0.3769994378089905 0.9375
200 0.31353268027305603 1.0
250 0.3525921106338501 0.96875
300 0.3758814036846161 0.9375
test 72 score: 0.7963709677419355
test 72 score: 0.7993951612903226
start 73-th train
0 0.4120296835899353 0.875
50 0.3552369773387909 0.96875
100 0.35066506266593933 0.96875
150 0.35991373658180237 0.96875
200 0.31402525305747986 1.0
250 0.34092074632644653 0.96875
300 0.3133200407028198 1.0
test 73 score: 0.7439516129032258
test 73 score: 0.7419354838709677
start 74-th train
0 0.3852579891681671 0.9375
50 0.34463921189308167 0.96875
100 0.39040282368659973 0.90625
150 0.3561134934425354 0.96875
200 0.3285832107067108 0.96875
250 0.3777364194393158 0.9375
300 0.3264799416065216 1.0
test 74 score: 0.7540322580645161
test 74 score: 0.7540322580645161
start 75-th train
0 0.396340936422348 0.90625
50 0.3445633351802826 0.96875
100 0.3447522521018982 0.96875
150 0.3133736848831177 1.0
200 0.3898833990097046 0.9375
250 0.32696181535720825 0.96875
300 0.3326062858104706 0.96875
test 75 score: 0.7842741935483871
test 75 score: 0.782258064516129
start 76-th train
0 0.37554723024368286 0.9375
50 0.40714913606643677 0.90625
100 0.32957273721694946 1.0
150 0.35497528314590454 0.96875
200 0.32109230756759644 1.0
250 0.37581485509872437 0.9375
300 0.3829643726348877 0.9375
test 76 score: 0.7953629032258065
test 76 score: 0.7963709677419355
start 77-th train
0 0.39630749821662903 0.90625
50 0.3140283524990082 1.0
100 0.3566228449344635 0.96875
150 0.3212909996509552 1.0
200 0.31326261162757874 1.0
250 0.3476795554161072 0.96875
300 0.3759545385837555 0.9375
test 77 score: 0.8014112903225806
test 77 score: 0.8094758064516129
start 78-th train
0 0.3133528530597687 1.0
50 0.3135392963886261 1.0
100 0.31328320503234863 1.0
150 0.355699747800827 0.96875
200 0.34680163860321045 0.96875
250 0.37410134077072144 0.9375
300 0.3240368366241455 1.0
test 78 score: 0.8034274193548387
test 78 score: 0.8014112903225806
start 79-th train
0 0.3445613384246826 0.96875
50 0.3491077721118927 0.96875
100 0.3371466100215912 0.96875
150 0.34461209177970886 0.96875
200 0.34187546372413635 0.96875
250 0.42854321002960205 0.875
300 0.37661615014076233 0.9375
test 79 score: 0.8084677419354839
test 79 score: 0.8064516129032258
start 80-th train
0 0.31377288699150085 1.0
50 0.3450011909008026 0.96875
100 0.4089067876338959 0.90625
150 0.3517325818538666 0.96875
200 0.3740379512310028 0.9375
250 0.4072660207748413 0.90625
300 0.34444814920425415 0.96875
test 80 score: 0.7590725806451613
test 80 score: 0.7610887096774194
start 81-th train
0 0.37748289108276367 0.9375
50 0.3197515308856964 1.0
100 0.3489559590816498 0.96875
150 0.3685271441936493 0.9375
200 0.32265475392341614 1.0
250 0.3501688241958618 0.96875
300 0.31455257534980774 1.0
test 81 score: 0.7953629032258065
test 81 score: 0.7953629032258065
start 82-th train
0 0.35565653443336487 0.96875
50 0.3189961612224579 1.0
100 0.34555795788764954 0.96875
150 0.37963446974754333 0.9375
200 0.31326591968536377 1.0
250 0.37558141350746155 0.9375
300 0.3458099961280823 0.96875
test 82 score: 0.7883064516129032
test 82 score: 0.7862903225806451
start 83-th train
0 0.34451791644096375 0.96875
50 0.44464266300201416 0.84375
100 0.38226422667503357 0.9375
150 0.39046671986579895 0.9375
200 0.34457239508628845 0.96875
250 0.37477022409439087 0.9375
300 0.3746456205844879 0.9375
test 83 score: 0.7943548387096774
test 83 score: 0.7943548387096774
start 84-th train
0 0.35257405042648315 0.96875
50 0.3605916500091553 0.9375
100 0.3133079707622528 1.0
150 0.37931758165359497 0.9375
200 0.3457152545452118 0.96875
250 0.3564556837081909 0.96875
300 0.33314260840415955 0.96875
test 84 score: 0.7852822580645161
test 84 score: 0.780241935483871
start 85-th train
0 0.3468709886074066 0.96875
50 0.3140413761138916 1.0
100 0.3453823924064636 0.96875
150 0.36040064692497253 0.9375
200 0.3447057604789734 0.96875
250 0.31335246562957764 1.0
300 0.31599390506744385 1.0
test 85 score: 0.7217741935483871
test 85 score: 0.7237903225806451
start 86-th train
0 0.36110788583755493 0.9375
50 0.34334102272987366 0.96875
100 0.34441980719566345 0.96875
150 0.388453871011734 0.9375
200 0.34512898325920105 0.96875
250 0.3150878846645355 1.0
300 0.34519830346107483 0.96875
test 86 score: 0.782258064516129
test 86 score: 0.7782258064516129
start 87-th train
0 0.3139655292034149 1.0
50 0.31420212984085083 1.0
100 0.3134065866470337 1.0
150 0.3253762423992157 1.0
200 0.3288486897945404 0.96875
250 0.34188517928123474 0.96875
300 0.31762704253196716 1.0
test 87 score: 0.780241935483871
test 87 score: 0.7832661290322581
start 88-th train
0 0.34202155470848083 0.96875
50 0.40019920468330383 0.90625
100 0.3138872981071472 1.0
150 0.3528527021408081 0.96875
200 0.36439573764801025 0.9375
250 0.3437556028366089 0.96875
300 0.3174293637275696 1.0
test 88 score: 0.7862903225806451
test 88 score: 0.7913306451612904
start 89-th train
0 0.33653485774993896 0.96875
50 0.3143910765647888 1.0
100 0.40452009439468384 0.90625
150 0.33027195930480957 0.96875
200 0.3142513632774353 1.0
250 0.3386213481426239 0.96875
300 0.3133748173713684 1.0
test 89 score: 0.7792338709677419
test 89 score: 0.7741935483870968
start 90-th train
0 0.3662441372871399 0.9375
50 0.3765615224838257 0.9375
100 0.33309027552604675 0.96875
150 0.31404057145118713 1.0
200 0.313274621963501 1.0
250 0.346680611371994 0.96875
300 0.3141677975654602 1.0
test 90 score: 0.7772177419354839
test 90 score: 0.7752016129032258
start 91-th train
0 0.3443964123725891 0.96875
50 0.3445247709751129 0.96875
100 0.36056214570999146 0.9375
150 0.3371194005012512 0.96875
200 0.32354867458343506 1.0
250 0.37347981333732605 0.9375
300 0.31426265835762024 1.0
test 91 score: 0.7610887096774194
test 91 score: 0.7631048387096774
start 92-th train
0 0.34568315744400024 0.96875
50 0.3434027135372162 0.96875
100 0.34486207365989685 0.96875
150 0.3758046329021454 0.9375
200 0.34581494331359863 0.96875
250 0.35431867837905884 0.96875
300 0.3447923958301544 0.96875
test 92 score: 0.8094758064516129
test 92 score: 0.8024193548387096
start 93-th train
0 0.3135950565338135 1.0
50 0.34645307064056396 0.96875
100 0.31331369280815125 1.0
150 0.36148032546043396 0.9375
200 0.3132697641849518 1.0
250 0.3160143494606018 1.0
300 0.34538665413856506 0.96875
test 93 score: 0.7278225806451613
test 93 score: 0.7298387096774194
start 94-th train
0 0.3803670108318329 0.9375
50 0.34485408663749695 0.96875
100 0.347240686416626 0.96875
150 0.31378641724586487 1.0
200 0.31327036023139954 1.0
250 0.31342771649360657 1.0
300 0.36893951892852783 0.9375
test 94 score: 0.7943548387096774
test 94 score: 0.7963709677419355
start 95-th train
0 0.34452614188194275 0.96875
50 0.31333428621292114 1.0
100 0.4181496202945709 0.875
150 0.35590746998786926 0.96875
200 0.3181770443916321 1.0
250 0.38111934065818787 0.9375
300 0.3445240259170532 0.96875
test 95 score: 0.7631048387096774
test 95 score: 0.7631048387096774
start 96-th train
0 0.34257206320762634 0.96875
50 0.34410127997398376 0.96875
100 0.3142651617527008 1.0
150 0.3136562407016754 1.0
200 0.3137427270412445 1.0
250 0.34522926807403564 0.96875
300 0.35159316658973694 0.96875
test 96 score: 0.7610887096774194
test 96 score: 0.7620967741935484
start 97-th train
0 0.3840877115726471 0.9375
50 0.38497671484947205 0.9375
100 0.3445122539997101 0.96875
150 0.3458820581436157 0.96875
200 0.34050679206848145 0.96875
250 0.3448256552219391 0.96875
300 0.34451591968536377 0.96875
test 97 score: 0.8024193548387096
test 97 score: 0.7983870967741935
start 98-th train
0 0.4228966236114502 0.875
50 0.3445945680141449 0.96875
100 0.43957579135894775 0.875
150 0.3445222079753876 0.96875
200 0.31336474418640137 1.0
250 0.3328748941421509 0.96875
300 0.3136592507362366 1.0
test 98 score: 0.8084677419354839
test 98 score: 0.8125
start 99-th train
0 0.3570612370967865 0.96875
50 0.34453344345092773 0.96875
100 0.3139455020427704 1.0
150 0.3759090304374695 0.9375
200 0.3432128131389618 0.96875
250 0.3133370280265808 1.0
300 0.37601974606513977 0.9375
test 99 score: 0.7913306451612904
test 99 score: 0.7923387096774194
[0.7086693548387096, 0.7116935483870968, 0.6965725806451613, 0.6965725806451613, 0.7227822580645161, 0.7247983870967742, 0.7056451612903226, 0.7036290322580645, 0.7096774193548387, 0.7106854838709677, 0.7368951612903226, 0.7429435483870968, 0.7399193548387096, 0.7419354838709677, 0.7429435483870968, 0.7429435483870968, 0.7580645161290323, 0.7590725806451613, 0.7379032258064516, 0.7409274193548387, 0.7671370967741935, 0.7600806451612904, 0.7550403225806451, 0.7540322580645161, 0.7741935483870968, 0.7711693548387096, 0.7076612903225806, 0.7066532258064516, 0.7701612903225806, 0.7721774193548387, 0.7409274193548387, 0.7449596774193549, 0.780241935483871, 0.7762096774193549, 0.7006048387096774, 0.7046370967741935, 0.7530241935483871, 0.7550403225806451, 0.7661290322580645, 0.7631048387096774, 0.7560483870967742, 0.7520161290322581, 0.7711693548387096, 0.7741935483870968, 0.7358870967741935, 0.7399193548387096, 0.782258064516129, 0.7741935483870968, 0.7641129032258065, 0.7651209677419355, 0.75, 0.7520161290322581, 0.7681451612903226, 0.7681451612903226, 0.782258064516129, 0.7852822580645161, 0.7883064516129032, 0.7923387096774194, 0.7620967741935484, 0.7651209677419355, 0.7560483870967742, 0.7600806451612904, 0.7792338709677419, 0.7762096774193549, 0.7832661290322581, 0.782258064516129, 0.7752016129032258, 0.7741935483870968, 0.7862903225806451, 0.7842741935483871, 0.7671370967741935, 0.7671370967741935, 0.7782258064516129, 0.7731854838709677, 0.7782258064516129, 0.7792338709677419, 0.7560483870967742, 0.7540322580645161, 0.7893145161290323, 0.7933467741935484, 0.7872983870967742, 0.7842741935483871, 0.7862903225806451, 0.78125, 0.7792338709677419, 0.782258064516129, 0.7741935483870968, 0.7711693548387096, 0.7731854838709677, 0.7741935483870968, 0.7600806451612904, 0.7610887096774194, 0.7983870967741935, 0.7953629032258065, 0.7953629032258065, 0.7953629032258065, 0.78125, 0.7792338709677419, 0.7943548387096774, 0.7993951612903226, 0.8064516129032258, 0.8044354838709677, 0.8064516129032258, 0.7993951612903226, 0.813508064516129, 0.8145161290322581, 0.7842741935483871, 0.7852822580645161, 0.7459677419354839, 0.751008064516129, 0.7721774193548387, 0.7651209677419355, 0.7610887096774194, 0.7620967741935484, 0.7731854838709677, 0.7681451612903226, 0.7721774193548387, 0.7741935483870968, 0.7983870967741935, 0.8014112903225806, 0.782258064516129, 0.782258064516129, 0.7731854838709677, 0.7691532258064516, 0.8014112903225806, 0.8014112903225806, 0.7620967741935484, 0.7580645161290323, 0.7711693548387096, 0.7671370967741935, 0.7782258064516129, 0.7792338709677419, 0.7651209677419355, 0.7610887096774194, 0.7933467741935484, 0.7993951612903226, 0.7953629032258065, 0.8004032258064516, 0.7701612903225806, 0.7681451612903226, 0.7741935483870968, 0.7772177419354839, 0.7741935483870968, 0.7752016129032258, 0.7963709677419355, 0.7993951612903226, 0.7439516129032258, 0.7419354838709677, 0.7540322580645161, 0.7540322580645161, 0.7842741935483871, 0.782258064516129, 0.7953629032258065, 0.7963709677419355, 0.8014112903225806, 0.8094758064516129, 0.8034274193548387, 0.8014112903225806, 0.8084677419354839, 0.8064516129032258, 0.7590725806451613, 0.7610887096774194, 0.7953629032258065, 0.7953629032258065, 0.7883064516129032, 0.7862903225806451, 0.7943548387096774, 0.7943548387096774, 0.7852822580645161, 0.780241935483871, 0.7217741935483871, 0.7237903225806451, 0.782258064516129, 0.7782258064516129, 0.780241935483871, 0.7832661290322581, 0.7862903225806451, 0.7913306451612904, 0.7792338709677419, 0.7741935483870968, 0.7772177419354839, 0.7752016129032258, 0.7610887096774194, 0.7631048387096774, 0.8094758064516129, 0.8024193548387096, 0.7278225806451613, 0.7298387096774194, 0.7943548387096774, 0.7963709677419355, 0.7631048387096774, 0.7631048387096774, 0.7610887096774194, 0.7620967741935484, 0.8024193548387096, 0.7983870967741935, 0.8084677419354839, 0.8125, 0.7913306451612904, 0.7923387096774194]