'bert-base-chinese', 'bert-base-chinese', 32, 512, True, 1e-3
start 0-th train
0 0.6874713897705078 0.53125
50 0.616628885269165 0.6875
100 0.5361089706420898 0.78125
150 0.6296750903129578 0.65625
200 0.6684604287147522 0.625
250 0.6851154565811157 0.5625
300 0.6076346635818481 0.71875
test 0 score: 0.6935483870967742
test 0 score: 0.6975806451612904
start 1-th train
0 0.5850964188575745 0.71875
50 0.6466778516769409 0.65625
100 0.5933048725128174 0.71875
150 0.6200897097587585 0.71875
200 0.5932660698890686 0.75
250 0.6256415843963623 0.6875
300 0.5612315535545349 0.71875
test 1 score: 0.6804435483870968
test 1 score: 0.6804435483870968
start 2-th train
0 0.5958890318870544 0.71875
50 0.6344569325447083 0.625
100 0.5171641111373901 0.84375
150 0.5803080201148987 0.71875
200 0.6366186141967773 0.65625
250 0.6220896244049072 0.6875
300 0.6230005025863647 0.6875
test 2 score: 0.7066532258064516
test 2 score: 0.7096774193548387
start 3-th train
0 0.566631555557251 0.78125
50 0.5725144147872925 0.6875
100 0.6586716175079346 0.53125
150 0.5619871020317078 0.71875
200 0.6070662140846252 0.65625
250 0.5787221789360046 0.71875
300 0.5563391447067261 0.65625
test 3 score: 0.688508064516129
test 3 score: 0.686491935483871
start 4-th train
0 0.5282192826271057 0.71875
50 0.6276500225067139 0.6875
100 0.6218140721321106 0.65625
150 0.5849514007568359 0.71875
200 0.5330759286880493 0.6875
250 0.5804888606071472 0.65625
300 0.5815996527671814 0.71875
test 4 score: 0.6804435483870968
test 4 score: 0.6804435483870968
start 5-th train
0 0.5313117504119873 0.71875
50 0.5172238945960999 0.84375
100 0.5937778353691101 0.6875
150 0.6269803047180176 0.6875
200 0.5980459451675415 0.6875
250 0.5887800455093384 0.65625
300 0.6175069808959961 0.65625
test 5 score: 0.7066532258064516
test 5 score: 0.7106854838709677
start 6-th train
0 0.535053014755249 0.78125
50 0.6227356791496277 0.6875
100 0.6087283492088318 0.71875
150 0.7061055302619934 0.5625
200 0.5999919772148132 0.75
250 0.5738421082496643 0.75
300 0.5528010129928589 0.71875
test 6 score: 0.6834677419354839
test 6 score: 0.6844758064516129
start 7-th train
0 0.524162232875824 0.8125
50 0.5122097730636597 0.75
100 0.5741302371025085 0.75
150 0.5453405380249023 0.75
200 0.5315796732902527 0.78125
250 0.5430495738983154 0.78125
300 0.5028111338615417 0.84375
test 7 score: 0.6471774193548387
test 7 score: 0.6502016129032258
start 8-th train
0 0.5832486748695374 0.6875
50 0.5871357321739197 0.71875
100 0.5289456844329834 0.75
150 0.5859086513519287 0.75
200 0.45624011754989624 0.875
250 0.525959312915802 0.78125
300 0.5765280723571777 0.71875
test 8 score: 0.7086693548387096
test 8 score: 0.7127016129032258
start 9-th train
0 0.5745753645896912 0.78125
50 0.4709565341472626 0.875
100 0.6050459146499634 0.65625
150 0.5404532551765442 0.78125
200 0.6281395554542542 0.65625
250 0.5816090703010559 0.71875
300 0.4493468701839447 0.875
test 9 score: 0.7076612903225806
test 9 score: 0.7066532258064516
start 10-th train
0 0.48590385913848877 0.84375
50 0.5760149359703064 0.71875
100 0.5157302021980286 0.8125
150 0.6916505694389343 0.59375
200 0.6243683695793152 0.65625
250 0.5943384766578674 0.6875
300 0.5178716778755188 0.75
test 10 score: 0.6784274193548387
test 10 score: 0.6754032258064516
start 11-th train
0 0.5488651990890503 0.75
50 0.5515548586845398 0.75
100 0.5452457666397095 0.78125
150 0.5552799105644226 0.6875
200 0.5094385147094727 0.8125
250 0.5048102140426636 0.8125
300 0.49316826462745667 0.84375
test 11 score: 0.7046370967741935
test 11 score: 0.7076612903225806
start 12-th train
0 0.4913172125816345 0.8125
50 0.4920075237751007 0.8125
100 0.5120516419410706 0.78125
150 0.5682238340377808 0.78125
200 0.581866443157196 0.71875
250 0.5007383227348328 0.78125
300 0.5014328956604004 0.84375
test 12 score: 0.7157258064516129
test 12 score: 0.7137096774193549
start 13-th train
0 0.5660168528556824 0.71875
50 0.5292901992797852 0.78125
100 0.5069212317466736 0.8125
150 0.4640273153781891 0.84375
200 0.6942093372344971 0.5625
250 0.5064573287963867 0.75
300 0.5062452554702759 0.78125
test 13 score: 0.6915322580645161
test 13 score: 0.6905241935483871
start 14-th train
0 0.4697324335575104 0.8125
50 0.44899648427963257 0.90625
100 0.462481826543808 0.84375
150 0.5525738596916199 0.75
200 0.6337350606918335 0.625
250 0.39016881585121155 0.9375
300 0.5647740960121155 0.6875
test 14 score: 0.7207661290322581
test 14 score: 0.719758064516129
start 15-th train
0 0.4436512291431427 0.875
50 0.5788017511367798 0.71875
100 0.5131033658981323 0.8125
150 0.6061311364173889 0.65625
200 0.4647272527217865 0.875
250 0.5721084475517273 0.71875
300 0.5176239609718323 0.8125
test 15 score: 0.7167338709677419
test 15 score: 0.719758064516129
start 16-th train
0 0.556280791759491 0.71875
50 0.4939594268798828 0.78125
100 0.47975844144821167 0.84375
150 0.671517550945282 0.59375
200 0.5092806816101074 0.8125
250 0.521003007888794 0.78125
300 0.5127876400947571 0.78125
test 16 score: 0.7046370967741935
test 16 score: 0.7076612903225806
start 17-th train
0 0.5531185269355774 0.71875
50 0.4963955283164978 0.8125
100 0.6508866548538208 0.65625
150 0.47394344210624695 0.875
200 0.5376788377761841 0.71875
250 0.5116758346557617 0.8125
300 0.5919920206069946 0.71875
test 17 score: 0.7298387096774194
test 17 score: 0.7288306451612904
start 18-th train
0 0.4362216293811798 0.875
50 0.4942290484905243 0.8125
100 0.5154365301132202 0.75
150 0.5374293327331543 0.75
200 0.45609956979751587 0.8125
250 0.5542563796043396 0.75
300 0.4043511152267456 0.90625
test 18 score: 0.7207661290322581
test 18 score: 0.7207661290322581
start 19-th train
0 0.48022666573524475 0.84375
50 0.49419164657592773 0.84375
100 0.48240551352500916 0.84375
150 0.5178130865097046 0.75
200 0.5944827198982239 0.65625
250 0.6177735328674316 0.6875
300 0.44739341735839844 0.84375
test 19 score: 0.6764112903225806
test 19 score: 0.6794354838709677
start 20-th train
0 0.6031143665313721 0.71875
50 0.5444172620773315 0.78125
100 0.44844329357147217 0.875
150 0.5275362133979797 0.78125
200 0.5904024839401245 0.71875
250 0.5304693579673767 0.84375
300 0.520274817943573 0.78125
test 20 score: 0.7278225806451613
test 20 score: 0.7258064516129032
start 21-th train
0 0.4098426401615143 0.90625
50 0.4219147264957428 0.875
100 0.41604962944984436 0.90625
150 0.5005963444709778 0.78125
200 0.4704069197177887 0.875
250 0.5326722860336304 0.75
300 0.48575708270072937 0.78125
test 21 score: 0.7207661290322581
test 21 score: 0.7217741935483871
start 22-th train
0 0.5055142045021057 0.78125
50 0.4975284934043884 0.8125
100 0.5644317865371704 0.75
150 0.6077308058738708 0.71875
200 0.40445441007614136 0.9375
250 0.425667405128479 0.90625
300 0.4723038673400879 0.78125
test 22 score: 0.7096774193548387
test 22 score: 0.7116935483870968
start 23-th train
0 0.45743706822395325 0.875
50 0.5052467584609985 0.8125
100 0.5243813395500183 0.78125
150 0.5492982268333435 0.71875
200 0.5320196747779846 0.75
250 0.5380749702453613 0.78125
300 0.5142921209335327 0.8125
test 23 score: 0.719758064516129
test 23 score: 0.7227822580645161
start 24-th train
0 0.4812094271183014 0.84375
50 0.4924822151660919 0.8125
100 0.5046725273132324 0.78125
150 0.44278180599212646 0.875
200 0.5335149168968201 0.78125
250 0.4535922110080719 0.875
300 0.41933727264404297 0.84375
test 24 score: 0.7338709677419355
test 24 score: 0.7348790322580645
start 25-th train
0 0.48433902859687805 0.8125
50 0.5681767463684082 0.71875
100 0.4086371064186096 0.9375
150 0.4691829979419708 0.8125
200 0.5046059489250183 0.78125
250 0.47801172733306885 0.84375
300 0.4478702247142792 0.875
test 25 score: 0.7046370967741935
test 25 score: 0.7106854838709677
start 26-th train
0 0.5907247066497803 0.59375
50 0.41234275698661804 0.90625
100 0.4517917335033417 0.84375
150 0.5466265678405762 0.71875
200 0.45795172452926636 0.84375
250 0.5004003047943115 0.84375
300 0.4601927101612091 0.84375
test 26 score: 0.7368951612903226
test 26 score: 0.7328629032258065
start 27-th train
0 0.48826324939727783 0.8125
50 0.5316937565803528 0.75
100 0.45403721928596497 0.84375
150 0.479077011346817 0.8125
200 0.4869453012943268 0.8125
250 0.4612801969051361 0.875
300 0.45497962832450867 0.875
test 27 score: 0.7116935483870968
test 27 score: 0.7106854838709677
start 28-th train
0 0.5804978013038635 0.75
50 0.5824511051177979 0.75
100 0.506892204284668 0.8125
150 0.38474705815315247 0.9375
200 0.6103029251098633 0.71875
250 0.5092435479164124 0.8125
300 0.5226415395736694 0.75
test 28 score: 0.7338709677419355
test 28 score: 0.7318548387096774
start 29-th train
0 0.5292843580245972 0.78125
50 0.4230289161205292 0.875
100 0.4676936864852905 0.84375
150 0.45942020416259766 0.8125
200 0.5684818029403687 0.71875
250 0.4798656702041626 0.84375
300 0.5661996006965637 0.71875
test 29 score: 0.7268145161290323
test 29 score: 0.7278225806451613
start 30-th train
0 0.4636315405368805 0.84375
50 0.38941261172294617 0.9375
100 0.4576498866081238 0.875
150 0.481076180934906 0.84375
200 0.5251515507698059 0.75
250 0.3857269287109375 0.90625
300 0.5378862023353577 0.78125
test 30 score: 0.7449596774193549
test 30 score: 0.7439516129032258
start 31-th train
0 0.5229836702346802 0.78125
50 0.5223350524902344 0.78125
100 0.5259785056114197 0.78125
150 0.42533209919929504 0.90625
200 0.5001630783081055 0.8125
250 0.5318644642829895 0.78125
300 0.4421349763870239 0.875
test 31 score: 0.751008064516129
test 31 score: 0.7429435483870968
start 32-th train
0 0.3979516923427582 0.9375
50 0.38796961307525635 0.9375
100 0.4688601493835449 0.8125
150 0.407135546207428 0.90625
200 0.5426049828529358 0.78125
250 0.40819379687309265 0.90625
300 0.5673173666000366 0.71875
test 32 score: 0.7147177419354839
test 32 score: 0.7157258064516129
start 33-th train
0 0.4631062150001526 0.84375
50 0.464248925447464 0.84375
100 0.4719141721725464 0.78125
150 0.5290584564208984 0.78125
200 0.4864247143268585 0.8125
250 0.5332061648368835 0.8125
300 0.6163870692253113 0.71875
test 33 score: 0.7338709677419355
test 33 score: 0.7348790322580645
start 34-th train
0 0.5008285045623779 0.8125
50 0.5011857151985168 0.8125
100 0.46499261260032654 0.8125
150 0.4367775619029999 0.875
200 0.37445366382598877 0.90625
250 0.44486919045448303 0.875
300 0.5031778812408447 0.8125
test 34 score: 0.7137096774193549
test 34 score: 0.7147177419354839
start 35-th train
0 0.4212910532951355 0.875
50 0.44847506284713745 0.875
100 0.4289756715297699 0.90625
150 0.5393508076667786 0.78125
200 0.6018058657646179 0.6875
250 0.4396074712276459 0.875
300 0.5239155888557434 0.78125
test 35 score: 0.6945564516129032
test 35 score: 0.6925403225806451
start 36-th train
0 0.4775385558605194 0.84375
50 0.4578445255756378 0.84375
100 0.528546929359436 0.8125
150 0.5390576720237732 0.75
200 0.5652185082435608 0.71875
250 0.6428703665733337 0.65625
300 0.4474673271179199 0.875
test 36 score: 0.7217741935483871
test 36 score: 0.7217741935483871
start 37-th train
0 0.4922837018966675 0.8125
50 0.6291371583938599 0.65625
100 0.4453178346157074 0.875
150 0.4641589820384979 0.84375
200 0.44786155223846436 0.875
250 0.5373320579528809 0.78125
300 0.38048848509788513 0.9375
test 37 score: 0.7298387096774194
test 37 score: 0.7338709677419355
start 38-th train
0 0.47705507278442383 0.8125
50 0.5338454246520996 0.75
100 0.40612339973449707 0.90625
150 0.4858863055706024 0.84375
200 0.36357080936431885 0.9375
250 0.4565153419971466 0.84375
300 0.5341044664382935 0.71875
test 38 score: 0.7338709677419355
test 38 score: 0.7399193548387096
start 39-th train
0 0.3846658766269684 0.9375
50 0.4487730860710144 0.84375
100 0.6467515230178833 0.65625
150 0.44975748658180237 0.84375
200 0.5065473318099976 0.8125
250 0.4250899851322174 0.875
300 0.4695872664451599 0.8125
test 39 score: 0.751008064516129
test 39 score: 0.7520161290322581
start 40-th train
0 0.5695561170578003 0.75
50 0.4963691830635071 0.8125
100 0.44321444630622864 0.875
150 0.6399852633476257 0.6875
200 0.42877456545829773 0.875
250 0.5011495351791382 0.8125
300 0.4980121850967407 0.8125
test 40 score: 0.7227822580645161
test 40 score: 0.7217741935483871
start 41-th train
0 0.47835224866867065 0.8125
50 0.4165405035018921 0.90625
100 0.40247493982315063 0.875
150 0.5602602958679199 0.71875
200 0.4791150689125061 0.78125
250 0.4291568994522095 0.875
300 0.41094034910202026 0.90625
test 41 score: 0.7036290322580645
test 41 score: 0.7046370967741935
start 42-th train
0 0.5802984833717346 0.71875
50 0.5071351528167725 0.8125
100 0.4165444076061249 0.875
150 0.46041354537010193 0.84375
200 0.42460599541664124 0.90625
250 0.38207343220710754 0.90625
300 0.5159833431243896 0.78125
test 42 score: 0.7056451612903226
test 42 score: 0.7056451612903226
start 43-th train
0 0.4529900848865509 0.84375
50 0.4287768006324768 0.875
100 0.3932396173477173 0.9375
150 0.48278698325157166 0.8125
200 0.5045038461685181 0.75
250 0.4316319227218628 0.875
300 0.459966778755188 0.84375
test 43 score: 0.7560483870967742
test 43 score: 0.7580645161290323
start 44-th train
0 0.4119354486465454 0.90625
50 0.42878735065460205 0.875
100 0.46406927704811096 0.84375
150 0.5063432455062866 0.8125
200 0.44006529450416565 0.875
250 0.4168985188007355 0.90625
300 0.413239061832428 0.90625
test 44 score: 0.7227822580645161
test 44 score: 0.7247983870967742
start 45-th train
0 0.4631918668746948 0.84375
50 0.4915984869003296 0.8125
100 0.39865806698799133 0.9375
150 0.4141416549682617 0.875
200 0.48783424496650696 0.8125
250 0.3915756344795227 0.90625
300 0.5364943742752075 0.78125
test 45 score: 0.7449596774193549
test 45 score: 0.7469758064516129
start 46-th train
0 0.40931573510169983 0.90625
50 0.5132889747619629 0.8125
100 0.4370364546775818 0.875
150 0.4541994631290436 0.84375
200 0.4017634689807892 0.90625
250 0.5214938521385193 0.75
300 0.4071480929851532 0.90625
test 46 score: 0.7358870967741935
test 46 score: 0.7348790322580645
start 47-th train
0 0.4757346510887146 0.84375
50 0.4972332715988159 0.8125
100 0.42585352063179016 0.90625
150 0.52988201379776 0.78125
200 0.4835279583930969 0.84375
250 0.4451439678668976 0.875
300 0.4944463074207306 0.8125
test 47 score: 0.7520161290322581
test 47 score: 0.748991935483871
start 48-th train
0 0.4293639659881592 0.875
50 0.4096216857433319 0.90625
100 0.3693838119506836 0.9375
150 0.4783567488193512 0.8125
200 0.618198573589325 0.6875
250 0.37221217155456543 0.9375
300 0.3865323066711426 0.9375
test 48 score: 0.7530241935483871
test 48 score: 0.7550403225806451
start 49-th train
0 0.4812518358230591 0.84375
50 0.394976407289505 0.90625
100 0.3806988298892975 0.9375
150 0.36335939168930054 0.9375
200 0.38281142711639404 0.9375
250 0.42214199900627136 0.90625
300 0.44740796089172363 0.875
test 49 score: 0.7459677419354839
test 49 score: 0.7469758064516129
start 50-th train
0 0.3711693286895752 0.90625
50 0.42554405331611633 0.875
100 0.529483437538147 0.75
150 0.40179869532585144 0.90625
200 0.47685569524765015 0.84375
250 0.4666513204574585 0.84375
300 0.5389967560768127 0.78125
test 50 score: 0.7167338709677419
test 50 score: 0.7106854838709677
start 51-th train
0 0.45211055874824524 0.84375
50 0.45040857791900635 0.84375
100 0.46423351764678955 0.8125
150 0.503597617149353 0.8125
200 0.4436023533344269 0.875
250 0.449665904045105 0.84375
300 0.5056275725364685 0.78125
test 51 score: 0.7409274193548387
test 51 score: 0.7368951612903226
start 52-th train
0 0.43756455183029175 0.84375
50 0.5912941694259644 0.71875
100 0.5361501574516296 0.78125
150 0.45404940843582153 0.84375
200 0.4191302955150604 0.90625
250 0.5236294865608215 0.78125
300 0.4883197247982025 0.8125
test 52 score: 0.7580645161290323
test 52 score: 0.7530241935483871
start 53-th train
0 0.39180487394332886 0.9375
50 0.4791155457496643 0.84375
100 0.40741410851478577 0.90625
150 0.46931201219558716 0.84375
200 0.49636006355285645 0.8125
250 0.41100960969924927 0.90625
300 0.44387125968933105 0.875
test 53 score: 0.6935483870967742
test 53 score: 0.6975806451612904
start 54-th train
0 0.5394717454910278 0.75
50 0.4540559947490692 0.84375
100 0.4884258508682251 0.84375
150 0.5311776995658875 0.78125
200 0.4682484567165375 0.8125
250 0.47539374232292175 0.8125
300 0.4355314373970032 0.84375
test 54 score: 0.7308467741935484
test 54 score: 0.7348790322580645
start 55-th train
0 0.4826306104660034 0.8125
50 0.5113568305969238 0.78125
100 0.353310227394104 0.96875
150 0.3850915729999542 0.9375
200 0.34480684995651245 0.96875
250 0.5310474634170532 0.75
300 0.463142067193985 0.84375
test 55 score: 0.7530241935483871
test 55 score: 0.7530241935483871
start 56-th train
0 0.46466559171676636 0.84375
50 0.4391227066516876 0.875
100 0.4160405993461609 0.90625
150 0.5117181539535522 0.8125
200 0.4247623682022095 0.875
250 0.41984882950782776 0.875
300 0.3978556990623474 0.90625
test 56 score: 0.751008064516129
test 56 score: 0.7479838709677419
start 57-th train
0 0.43570035696029663 0.875
50 0.5005449056625366 0.8125
100 0.4380786716938019 0.875
150 0.49488523602485657 0.78125
200 0.43704068660736084 0.875
250 0.38903674483299255 0.9375
300 0.4217299818992615 0.90625
test 57 score: 0.7560483870967742
test 57 score: 0.7570564516129032
start 58-th train
0 0.45831504464149475 0.84375
50 0.47236984968185425 0.84375
100 0.3767741322517395 0.9375
150 0.4524269104003906 0.875
200 0.44189217686653137 0.875
250 0.4107920229434967 0.90625
300 0.41379040479660034 0.90625
test 58 score: 0.7318548387096774
test 58 score: 0.7399193548387096
start 59-th train
0 0.39039337635040283 0.90625
50 0.4509545564651489 0.875
100 0.3839540481567383 0.90625
150 0.4546874165534973 0.84375
200 0.5202595591545105 0.75
250 0.40695613622665405 0.90625
300 0.38282305002212524 0.9375
test 59 score: 0.7671370967741935
test 59 score: 0.7651209677419355
start 60-th train
0 0.4383707046508789 0.875
50 0.43868157267570496 0.875
100 0.3714066743850708 0.9375
150 0.3555609881877899 0.96875
200 0.4373549818992615 0.875
250 0.4984191060066223 0.75
300 0.5632147789001465 0.75
test 60 score: 0.6955645161290323
test 60 score: 0.6975806451612904
start 61-th train
0 0.5022733807563782 0.8125
50 0.6885272860527039 0.625
100 0.6881604790687561 0.625
150 0.5366834402084351 0.75
200 0.453974187374115 0.8125
250 0.4767674505710602 0.8125
300 0.48739898204803467 0.8125
test 61 score: 0.6945564516129032
test 61 score: 0.6905241935483871
start 62-th train
0 0.4841329753398895 0.8125
50 0.41130635142326355 0.90625
100 0.3757994771003723 0.9375
150 0.45406293869018555 0.84375
200 0.38654476404190063 0.9375
250 0.5228980183601379 0.78125
300 0.4578608572483063 0.84375
test 62 score: 0.7520161290322581
test 62 score: 0.751008064516129
start 63-th train
0 0.3670097291469574 0.9375
50 0.538556694984436 0.75
100 0.4615292549133301 0.8125
150 0.3851375877857208 0.9375
200 0.40392959117889404 0.90625
250 0.40900444984436035 0.90625
300 0.42566168308258057 0.875
test 63 score: 0.7530241935483871
test 63 score: 0.75
start 64-th train
0 0.39756014943122864 0.90625
50 0.5052198767662048 0.78125
100 0.4134514033794403 0.90625
150 0.3199164569377899 1.0
200 0.3435400724411011 0.96875
250 0.4705568850040436 0.84375
300 0.42840319871902466 0.90625
test 64 score: 0.7379032258064516
test 64 score: 0.7389112903225806
start 65-th train
0 0.5151139497756958 0.78125
50 0.3761454224586487 0.9375
100 0.380219429731369 0.9375
150 0.42071080207824707 0.90625
200 0.4190063178539276 0.90625
250 0.34256595373153687 0.96875
300 0.468827486038208 0.84375
test 65 score: 0.7540322580645161
test 65 score: 0.7610887096774194
start 66-th train
0 0.4061647355556488 0.90625
50 0.35181888937950134 0.96875
100 0.4291244149208069 0.875
150 0.3535141348838806 0.96875
200 0.4610574245452881 0.84375
250 0.39223170280456543 0.90625
300 0.46370929479599 0.8125
test 66 score: 0.7318548387096774
test 66 score: 0.7308467741935484
start 67-th train
0 0.40643587708473206 0.90625
50 0.5090175271034241 0.8125
100 0.4329167604446411 0.875
150 0.4630361795425415 0.84375
200 0.39982870221138 0.90625
250 0.4982890784740448 0.78125
300 0.47925353050231934 0.8125
test 67 score: 0.7157258064516129
test 67 score: 0.7127016129032258
start 68-th train
0 0.4748014211654663 0.84375
50 0.3440285921096802 0.96875
100 0.31925368309020996 1.0
150 0.37235182523727417 0.96875
200 0.4104063808917999 0.875
250 0.35006389021873474 0.96875
300 0.4077790677547455 0.90625
test 68 score: 0.7268145161290323
test 68 score: 0.7278225806451613
start 69-th train
0 0.40734103322029114 0.90625
50 0.37089574337005615 0.9375
100 0.48732098937034607 0.8125
150 0.34839335083961487 0.96875
200 0.48097747564315796 0.8125
250 0.4472128450870514 0.875
300 0.42837947607040405 0.90625
test 69 score: 0.7459677419354839
test 69 score: 0.748991935483871
start 70-th train
0 0.4389379322528839 0.875
50 0.4068300127983093 0.90625
100 0.3521445393562317 0.96875
150 0.31485819816589355 1.0
200 0.3540545403957367 0.96875
250 0.3458329439163208 0.96875
300 0.44322314858436584 0.875
test 70 score: 0.751008064516129
test 70 score: 0.75
start 71-th train
0 0.4172714650630951 0.90625
50 0.4810411036014557 0.8125
100 0.5521188974380493 0.75
150 0.4668983519077301 0.84375
200 0.41675645112991333 0.90625
250 0.35990458726882935 0.96875
300 0.43973854184150696 0.875
test 71 score: 0.7237903225806451
test 71 score: 0.7268145161290323
start 72-th train
0 0.40057528018951416 0.90625
50 0.479376882314682 0.8125
100 0.3603733777999878 0.9375
150 0.4558902382850647 0.84375
200 0.49365705251693726 0.8125
250 0.3935873806476593 0.90625
300 0.45367199182510376 0.875
test 72 score: 0.7479838709677419
test 72 score: 0.7540322580645161
start 73-th train
0 0.4161241054534912 0.90625
50 0.5631267428398132 0.75
100 0.41264426708221436 0.90625
150 0.4472240209579468 0.875
200 0.43743667006492615 0.875
250 0.3193173408508301 1.0
300 0.41479453444480896 0.90625
test 73 score: 0.7600806451612904
test 73 score: 0.7620967741935484
start 74-th train
0 0.43291592597961426 0.875
50 0.3720126152038574 0.9375
100 0.4096216857433319 0.90625
150 0.3343966007232666 0.96875
200 0.4714060425758362 0.84375
250 0.4701162874698639 0.84375
300 0.35560372471809387 0.96875
test 74 score: 0.7520161290322581
test 74 score: 0.7530241935483871
start 75-th train
0 0.39876455068588257 0.90625
50 0.5099400877952576 0.8125
100 0.47842639684677124 0.84375
150 0.4543629586696625 0.84375
200 0.3904228210449219 0.90625
250 0.46516576409339905 0.84375
300 0.4323704242706299 0.875
test 75 score: 0.7268145161290323
test 75 score: 0.7237903225806451
start 76-th train
0 0.40878191590309143 0.90625
50 0.5008326172828674 0.8125
100 0.3678136169910431 0.9375
150 0.4102952182292938 0.90625
200 0.44886136054992676 0.84375
250 0.42501118779182434 0.875
300 0.37708428502082825 0.9375
test 76 score: 0.7419354838709677
test 76 score: 0.7449596774193549
start 77-th train
0 0.45310336351394653 0.84375
50 0.4088539183139801 0.90625
100 0.36814114451408386 0.96875
150 0.40955984592437744 0.875
200 0.5018884539604187 0.8125
250 0.4513789117336273 0.875
300 0.38636869192123413 0.9375
test 77 score: 0.7651209677419355
test 77 score: 0.7620967741935484
start 78-th train
0 0.412153035402298 0.90625
50 0.31692129373550415 1.0
100 0.4239845871925354 0.875
150 0.41475605964660645 0.90625
200 0.4487406015396118 0.875
250 0.3742709755897522 0.9375
300 0.4820158779621124 0.84375
test 78 score: 0.7610887096774194
test 78 score: 0.7631048387096774
start 79-th train
0 0.43603888154029846 0.875
50 0.4724832773208618 0.8125
100 0.42533639073371887 0.875
150 0.40089890360832214 0.90625
200 0.4163616895675659 0.90625
250 0.4082237780094147 0.90625
300 0.46585220098495483 0.84375
test 79 score: 0.7520161290322581
test 79 score: 0.7550403225806451
start 80-th train
0 0.44785937666893005 0.875
50 0.3808780014514923 0.9375
100 0.4135630130767822 0.90625
150 0.4315652549266815 0.875
200 0.37590280175209045 0.9375
250 0.46199724078178406 0.84375
300 0.43666872382164 0.875
test 80 score: 0.7439516129032258
test 80 score: 0.7439516129032258
start 81-th train
0 0.4671834111213684 0.84375
50 0.3973549008369446 0.90625
100 0.4082871675491333 0.90625
150 0.40771594643592834 0.90625
200 0.4579635262489319 0.84375
250 0.41213521361351013 0.90625
300 0.3311558961868286 0.96875
test 81 score: 0.7560483870967742
test 81 score: 0.7530241935483871
start 82-th train
0 0.42677855491638184 0.90625
50 0.4432213306427002 0.875
100 0.6487549543380737 0.65625
150 0.5093631744384766 0.8125
200 0.44009432196617126 0.875
250 0.38398078083992004 0.9375
300 0.37342730164527893 0.9375
test 82 score: 0.7479838709677419
test 82 score: 0.7459677419354839
start 83-th train
0 0.4380458891391754 0.875
50 0.4356485903263092 0.875
100 0.506470799446106 0.8125
150 0.46574491262435913 0.84375
200 0.34480541944503784 0.96875
250 0.4132823050022125 0.90625
300 0.35440531373023987 0.9375
test 83 score: 0.7358870967741935
test 83 score: 0.7368951612903226
start 84-th train
0 0.442284494638443 0.875
50 0.469546377658844 0.84375
100 0.4060963988304138 0.90625
150 0.43846607208251953 0.875
200 0.48480308055877686 0.8125
250 0.4582073986530304 0.8125
300 0.42831796407699585 0.875
test 84 score: 0.7610887096774194
test 84 score: 0.7540322580645161
start 85-th train
0 0.39493414759635925 0.90625
50 0.47141334414482117 0.8125
100 0.39843782782554626 0.90625
150 0.45795372128486633 0.84375
200 0.4240419566631317 0.875
250 0.4071713984012604 0.90625
300 0.40128475427627563 0.90625
test 85 score: 0.7550403225806451
test 85 score: 0.7570564516129032
start 86-th train
0 0.344621479511261 0.96875
50 0.4680526852607727 0.84375
100 0.3427974581718445 0.96875
150 0.5297595858573914 0.78125
200 0.43647751212120056 0.875
250 0.454430490732193 0.84375
300 0.46939176321029663 0.84375
test 86 score: 0.7469758064516129
test 86 score: 0.7429435483870968
start 87-th train
0 0.4563281238079071 0.84375
50 0.3792705237865448 0.9375
100 0.4473414719104767 0.875
150 0.3394160866737366 0.96875
200 0.36276715993881226 0.9375
250 0.34482595324516296 0.96875
300 0.36079394817352295 0.9375
test 87 score: 0.7439516129032258
test 87 score: 0.7449596774193549
start 88-th train
0 0.37566274404525757 0.9375
50 0.4510865807533264 0.875
100 0.3760767877101898 0.9375
150 0.4121265113353729 0.90625
200 0.35638323426246643 0.96875
250 0.4215182662010193 0.875
300 0.4542628824710846 0.84375
test 88 score: 0.7298387096774194
test 88 score: 0.7308467741935484
start 89-th train
0 0.45787355303764343 0.84375
50 0.44103214144706726 0.875
100 0.40119168162345886 0.90625
150 0.4562874436378479 0.84375
200 0.42889705300331116 0.875
250 0.46920278668403625 0.84375
300 0.32299789786338806 1.0
test 89 score: 0.7449596774193549
test 89 score: 0.7459677419354839
start 90-th train
0 0.37214869260787964 0.96875
50 0.538946807384491 0.75
100 0.3903217315673828 0.90625
150 0.5709192752838135 0.75
200 0.3834874927997589 0.9375
250 0.3856734037399292 0.9375
300 0.448377788066864 0.875
test 90 score: 0.7469758064516129
test 90 score: 0.7469758064516129
start 91-th train
0 0.5045050382614136 0.78125
50 0.3418129086494446 0.96875
100 0.35956719517707825 0.96875
150 0.4933883547782898 0.8125
200 0.36592668294906616 0.9375
250 0.37601855397224426 0.9375
300 0.34460026025772095 0.96875
test 91 score: 0.7318548387096774
test 91 score: 0.7278225806451613
start 92-th train
0 0.5498514175415039 0.75
50 0.3587784767150879 0.96875
100 0.40698811411857605 0.90625
150 0.41222795844078064 0.90625
200 0.4209305942058563 0.875
250 0.49838101863861084 0.8125
300 0.4080949127674103 0.90625
test 92 score: 0.7651209677419355
test 92 score: 0.7661290322580645
start 93-th train
0 0.39500266313552856 0.90625
50 0.34877076745033264 0.96875
100 0.41659703850746155 0.875
150 0.5349767804145813 0.78125
200 0.5022095441818237 0.8125
250 0.5580675005912781 0.71875
300 0.3942669630050659 0.90625
test 93 score: 0.7560483870967742
test 93 score: 0.7550403225806451
start 94-th train
0 0.48862147331237793 0.8125
50 0.4783378839492798 0.8125
100 0.31348615884780884 1.0
150 0.5712582468986511 0.75
200 0.5007714629173279 0.8125
250 0.426383912563324 0.875
300 0.4100177586078644 0.90625
test 94 score: 0.7520161290322581
test 94 score: 0.7560483870967742
start 95-th train
0 0.4034031331539154 0.90625
50 0.37747490406036377 0.9375
100 0.3684864640235901 0.9375
150 0.5621774792671204 0.75
200 0.5221952199935913 0.75
250 0.46959561109542847 0.84375
300 0.3571131229400635 0.9375
test 95 score: 0.7530241935483871
test 95 score: 0.7530241935483871
start 96-th train
0 0.3834550082683563 0.9375
50 0.40752267837524414 0.90625
100 0.38174569606781006 0.9375
150 0.3887464702129364 0.90625
200 0.4097384810447693 0.90625
250 0.37613150477409363 0.9375
300 0.38898855447769165 0.90625
test 96 score: 0.7772177419354839
test 96 score: 0.7731854838709677
start 97-th train
0 0.3450630307197571 0.96875
50 0.40843430161476135 0.90625
100 0.4381418824195862 0.875
150 0.4315371513366699 0.875
200 0.40562134981155396 0.90625
250 0.4529975652694702 0.84375
300 0.4658352732658386 0.84375
test 97 score: 0.7641129032258065
test 97 score: 0.7641129032258065
start 98-th train
0 0.441228449344635 0.875
50 0.4991162419319153 0.78125
100 0.38104814291000366 0.9375
150 0.406673789024353 0.90625
200 0.4899912178516388 0.8125
250 0.344772070646286 0.96875
300 0.42351263761520386 0.875
test 98 score: 0.751008064516129
test 98 score: 0.7520161290322581
start 99-th train
0 0.4001636505126953 0.90625
50 0.4982380270957947 0.8125
100 0.4709071218967438 0.84375
150 0.3600803017616272 0.9375
200 0.3156057298183441 1.0
250 0.428507000207901 0.875
300 0.323246031999588 1.0
test 99 score: 0.7721774193548387
test 99 score: 0.7721774193548387
[0.6935483870967742, 0.6975806451612904, 0.6804435483870968, 0.6804435483870968, 0.7066532258064516, 0.7096774193548387, 0.688508064516129, 0.686491935483871, 0.6804435483870968, 0.6804435483870968, 0.7066532258064516, 0.7106854838709677, 0.6834677419354839, 0.6844758064516129, 0.6471774193548387, 0.6502016129032258, 0.7086693548387096, 0.7127016129032258, 0.7076612903225806, 0.7066532258064516, 0.6784274193548387, 0.6754032258064516, 0.7046370967741935, 0.7076612903225806, 0.7157258064516129, 0.7137096774193549, 0.6915322580645161, 0.6905241935483871, 0.7207661290322581, 0.719758064516129, 0.7167338709677419, 0.719758064516129, 0.7046370967741935, 0.7076612903225806, 0.7298387096774194, 0.7288306451612904, 0.7207661290322581, 0.7207661290322581, 0.6764112903225806, 0.6794354838709677, 0.7278225806451613, 0.7258064516129032, 0.7207661290322581, 0.7217741935483871, 0.7096774193548387, 0.7116935483870968, 0.719758064516129, 0.7227822580645161, 0.7338709677419355, 0.7348790322580645, 0.7046370967741935, 0.7106854838709677, 0.7368951612903226, 0.7328629032258065, 0.7116935483870968, 0.7106854838709677, 0.7338709677419355, 0.7318548387096774, 0.7268145161290323, 0.7278225806451613, 0.7449596774193549, 0.7439516129032258, 0.751008064516129, 0.7429435483870968, 0.7147177419354839, 0.7157258064516129, 0.7338709677419355, 0.7348790322580645, 0.7137096774193549, 0.7147177419354839, 0.6945564516129032, 0.6925403225806451, 0.7217741935483871, 0.7217741935483871, 0.7298387096774194, 0.7338709677419355, 0.7338709677419355, 0.7399193548387096, 0.751008064516129, 0.7520161290322581, 0.7227822580645161, 0.7217741935483871, 0.7036290322580645, 0.7046370967741935, 0.7056451612903226, 0.7056451612903226, 0.7560483870967742, 0.7580645161290323, 0.7227822580645161, 0.7247983870967742, 0.7449596774193549, 0.7469758064516129, 0.7358870967741935, 0.7348790322580645, 0.7520161290322581, 0.748991935483871, 0.7530241935483871, 0.7550403225806451, 0.7459677419354839, 0.7469758064516129, 0.7167338709677419, 0.7106854838709677, 0.7409274193548387, 0.7368951612903226, 0.7580645161290323, 0.7530241935483871, 0.6935483870967742, 0.6975806451612904, 0.7308467741935484, 0.7348790322580645, 0.7530241935483871, 0.7530241935483871, 0.751008064516129, 0.7479838709677419, 0.7560483870967742, 0.7570564516129032, 0.7318548387096774, 0.7399193548387096, 0.7671370967741935, 0.7651209677419355, 0.6955645161290323, 0.6975806451612904, 0.6945564516129032, 0.6905241935483871, 0.7520161290322581, 0.751008064516129, 0.7530241935483871, 0.75, 0.7379032258064516, 0.7389112903225806, 0.7540322580645161, 0.7610887096774194, 0.7318548387096774, 0.7308467741935484, 0.7157258064516129, 0.7127016129032258, 0.7268145161290323, 0.7278225806451613, 0.7459677419354839, 0.748991935483871, 0.751008064516129, 0.75, 0.7237903225806451, 0.7268145161290323, 0.7479838709677419, 0.7540322580645161, 0.7600806451612904, 0.7620967741935484, 0.7520161290322581, 0.7530241935483871, 0.7268145161290323, 0.7237903225806451, 0.7419354838709677, 0.7449596774193549, 0.7651209677419355, 0.7620967741935484, 0.7610887096774194, 0.7631048387096774, 0.7520161290322581, 0.7550403225806451, 0.7439516129032258, 0.7439516129032258, 0.7560483870967742, 0.7530241935483871, 0.7479838709677419, 0.7459677419354839, 0.7358870967741935, 0.7368951612903226, 0.7610887096774194, 0.7540322580645161, 0.7550403225806451, 0.7570564516129032, 0.7469758064516129, 0.7429435483870968, 0.7439516129032258, 0.7449596774193549, 0.7298387096774194, 0.7308467741935484, 0.7449596774193549, 0.7459677419354839, 0.7469758064516129, 0.7469758064516129, 0.7318548387096774, 0.7278225806451613, 0.7651209677419355, 0.7661290322580645, 0.7560483870967742, 0.7550403225806451, 0.7520161290322581, 0.7560483870967742, 0.7530241935483871, 0.7530241935483871, 0.7772177419354839, 0.7731854838709677, 0.7641129032258065, 0.7641129032258065, 0.751008064516129, 0.7520161290322581, 0.7721774193548387, 0.7721774193548387]