'bert-base-chinese', 'bert-base-chinese', 32, 512, False, 1e-3
start 0-th train
0 0.7357690930366516 0.34375
50 0.6307743191719055 0.71875
100 0.6409444808959961 0.65625
150 0.5420750379562378 0.75
200 0.6555167436599731 0.6875
250 0.5806145071983337 0.6875
300 0.7229403853416443 0.5625
test 0 score: 0.6673387096774194
test 0 score: 0.6673387096774194
start 1-th train
0 0.5650923848152161 0.6875
50 0.6495283246040344 0.65625
100 0.6398382782936096 0.59375
150 0.6339905858039856 0.65625
200 0.6111837029457092 0.5625
250 0.5767083168029785 0.75
300 0.5574263334274292 0.75
test 1 score: 0.6673387096774194
test 1 score: 0.6683467741935484
start 2-th train
0 0.5128181576728821 0.78125
50 0.7259781360626221 0.53125
100 0.6220763325691223 0.65625
150 0.5631377696990967 0.71875
200 0.5564369559288025 0.78125
250 0.6305018067359924 0.65625
300 0.5245100855827332 0.78125
test 2 score: 0.6794354838709677
test 2 score: 0.6733870967741935
start 3-th train
0 0.4250814914703369 0.875
50 0.6014126539230347 0.71875
100 0.5699989199638367 0.78125
150 0.5945863723754883 0.625
200 0.637043833732605 0.59375
250 0.6290084719657898 0.6875
300 0.6016641855239868 0.625
test 3 score: 0.6633064516129032
test 3 score: 0.6663306451612904
start 4-th train
0 0.6332987546920776 0.6875
50 0.48416125774383545 0.875
100 0.6431567072868347 0.65625
150 0.7126038074493408 0.5
200 0.6312158107757568 0.6875
250 0.615156888961792 0.625
300 0.4799853265285492 0.8125
test 4 score: 0.6834677419354839
test 4 score: 0.6824596774193549
start 5-th train
0 0.5206450819969177 0.6875
50 0.5664994120597839 0.6875
100 0.5877312421798706 0.6875
150 0.5158206224441528 0.78125
200 0.5585228204727173 0.78125
250 0.7621156573295593 0.5
300 0.5345454216003418 0.75
test 5 score: 0.6985887096774194
test 5 score: 0.7006048387096774
start 6-th train
0 0.5958259701728821 0.71875
50 0.5965222120285034 0.6875
100 0.6053107380867004 0.65625
150 0.5477909445762634 0.78125
200 0.5915234684944153 0.6875
250 0.6135183572769165 0.6875
300 0.4210161864757538 0.84375
test 6 score: 0.7026209677419355
test 6 score: 0.7036290322580645
start 7-th train
0 0.5728880167007446 0.6875
50 0.5128650069236755 0.71875
100 0.5200012922286987 0.78125
150 0.6497030258178711 0.59375
200 0.545166552066803 0.8125
250 0.6106010675430298 0.6875
300 0.6700400114059448 0.59375
test 7 score: 0.6814516129032258
test 7 score: 0.6834677419354839
start 8-th train
0 0.48523420095443726 0.84375
50 0.5483270883560181 0.75
100 0.7024902105331421 0.59375
150 0.5847356915473938 0.6875
200 0.5607234835624695 0.71875
250 0.5835568308830261 0.6875
300 0.5461933612823486 0.75
test 8 score: 0.6743951612903226
test 8 score: 0.6754032258064516
start 9-th train
0 0.5579156875610352 0.75
50 0.5165782570838928 0.8125
100 0.5029686689376831 0.8125
150 0.4618081748485565 0.875
200 0.6261118650436401 0.71875
250 0.6483814716339111 0.5625
300 0.5323085784912109 0.84375
test 9 score: 0.7016129032258065
test 9 score: 0.6985887096774194
start 10-th train
0 0.6393805742263794 0.625
50 0.5523595213890076 0.75
100 0.589911699295044 0.59375
150 0.635093629360199 0.6875
200 0.6192219853401184 0.65625
250 0.4820168614387512 0.8125
300 0.5910114049911499 0.6875
test 10 score: 0.7066532258064516
test 10 score: 0.7086693548387096
start 11-th train
0 0.44237005710601807 0.875
50 0.5414391756057739 0.75
100 0.49154242873191833 0.78125
150 0.5090811252593994 0.75
200 0.5502915978431702 0.75
250 0.5849785804748535 0.6875
300 0.5439596772193909 0.75
test 11 score: 0.6693548387096774
test 11 score: 0.6693548387096774
start 12-th train
0 0.515967071056366 0.78125
50 0.5739244222640991 0.75
100 0.5351837873458862 0.75
150 0.4959673285484314 0.8125
200 0.4230576753616333 0.875
250 0.5040062665939331 0.78125
300 0.5272613167762756 0.78125
test 12 score: 0.719758064516129
test 12 score: 0.7157258064516129
start 13-th train
0 0.5679435729980469 0.71875
50 0.42908039689064026 0.84375
100 0.5707594752311707 0.71875
150 0.5184642672538757 0.8125
200 0.7368850111961365 0.5625
250 0.7619436979293823 0.46875
300 0.6039659976959229 0.6875
test 13 score: 0.6774193548387096
test 13 score: 0.6774193548387096
start 14-th train
0 0.4682214558124542 0.8125
50 0.5513767004013062 0.75
100 0.5642330050468445 0.71875
150 0.4351269602775574 0.875
200 0.535707414150238 0.78125
250 0.5477069616317749 0.75
300 0.4893704950809479 0.8125
test 14 score: 0.686491935483871
test 14 score: 0.686491935483871
start 15-th train
0 0.5237178206443787 0.78125
50 0.581196665763855 0.71875
100 0.4026458263397217 0.9375
150 0.5612680315971375 0.71875
200 0.5748512744903564 0.78125
250 0.5209131836891174 0.8125
300 0.39253711700439453 0.9375
test 15 score: 0.7207661290322581
test 15 score: 0.7227822580645161
start 16-th train
0 0.5087003111839294 0.84375
50 0.5696606636047363 0.75
100 0.4594898521900177 0.84375
150 0.5153635740280151 0.75
200 0.5480908751487732 0.71875
250 0.5627949237823486 0.75
300 0.4870939552783966 0.75
test 16 score: 0.7096774193548387
test 16 score: 0.7116935483870968
start 17-th train
0 0.4447987377643585 0.84375
50 0.6122592091560364 0.6875
100 0.6111710667610168 0.6875
150 0.6154043674468994 0.6875
200 0.5231134295463562 0.75
250 0.4708016812801361 0.84375
300 0.4923170208930969 0.8125
test 17 score: 0.6945564516129032
test 17 score: 0.6915322580645161
start 18-th train
0 0.5521222352981567 0.6875
50 0.5988585948944092 0.71875
100 0.5039641261100769 0.75
150 0.4891439974308014 0.8125
200 0.4991876780986786 0.84375
250 0.5059285759925842 0.78125
300 0.5863604545593262 0.71875
test 18 score: 0.7116935483870968
test 18 score: 0.7137096774193549
start 19-th train
0 0.5228689908981323 0.8125
50 0.600240170955658 0.65625
100 0.546478807926178 0.6875
150 0.4811381697654724 0.84375
200 0.525824785232544 0.75
250 0.5140371322631836 0.78125
300 0.43138787150382996 0.9375
test 19 score: 0.7348790322580645
test 19 score: 0.7358870967741935
start 20-th train
0 0.6040173172950745 0.6875
50 0.4199994206428528 0.875
100 0.46779340505599976 0.84375
150 0.5207721590995789 0.78125
200 0.45247820019721985 0.875
250 0.4531126916408539 0.84375
300 0.5444285273551941 0.78125
test 20 score: 0.7247983870967742
test 20 score: 0.7227822580645161
start 21-th train
0 0.4115227460861206 0.90625
50 0.478326678276062 0.84375
100 0.40172505378723145 0.9375
150 0.4837782084941864 0.8125
200 0.5186913013458252 0.78125
250 0.6062396764755249 0.6875
300 0.4717326760292053 0.8125
test 21 score: 0.7227822580645161
test 21 score: 0.7137096774193549
start 22-th train
0 0.5464298129081726 0.71875
50 0.5985333323478699 0.6875
100 0.557290256023407 0.78125
150 0.5521004796028137 0.75
200 0.53574538230896 0.75
250 0.525481104850769 0.78125
300 0.5556730628013611 0.75
test 22 score: 0.7247983870967742
test 22 score: 0.719758064516129
start 23-th train
0 0.5068562030792236 0.8125
50 0.45814216136932373 0.84375
100 0.47960707545280457 0.84375
150 0.5165403485298157 0.8125
200 0.4892348349094391 0.8125
250 0.4711848199367523 0.8125
300 0.6278893351554871 0.6875
test 23 score: 0.7217741935483871
test 23 score: 0.7268145161290323
start 24-th train
0 0.4914615750312805 0.78125
50 0.4988478124141693 0.78125
100 0.562052309513092 0.65625
150 0.43714940547943115 0.875
200 0.5203511714935303 0.78125
250 0.48041704297065735 0.8125
300 0.5565847158432007 0.78125
test 24 score: 0.7137096774193549
test 24 score: 0.7147177419354839
start 25-th train
0 0.4646157920360565 0.84375
50 0.5238534212112427 0.75
100 0.4121728241443634 0.90625
150 0.44765833020210266 0.875
200 0.5045508742332458 0.8125
250 0.528799831867218 0.8125
300 0.4663335084915161 0.84375
test 25 score: 0.7147177419354839
test 25 score: 0.719758064516129
start 26-th train
0 0.5511078238487244 0.71875
50 0.40025702118873596 0.875
100 0.4985125958919525 0.78125
150 0.5511721968650818 0.75
200 0.6018296480178833 0.65625
250 0.6147921085357666 0.71875
300 0.5701721906661987 0.75
test 26 score: 0.7157258064516129
test 26 score: 0.7207661290322581
start 27-th train
0 0.5494012236595154 0.75
50 0.5232736468315125 0.78125
100 0.4443987011909485 0.875
150 0.45189622044563293 0.875
200 0.4435652494430542 0.875
250 0.47236213088035583 0.84375
300 0.4730311334133148 0.78125
test 27 score: 0.7379032258064516
test 27 score: 0.7379032258064516
start 28-th train
0 0.5951521396636963 0.71875
50 0.5878753662109375 0.71875
100 0.39525988698005676 0.90625
150 0.5856732726097107 0.75
200 0.4365578293800354 0.875
250 0.5559576153755188 0.75
300 0.5122105479240417 0.78125
test 28 score: 0.7076612903225806