work('bert-base-chinese', "bert-base-chinese", 32, 512, False, 5e-5, 1e-5)
start 0-th train
0 0.6844080090522766 0.53125
50 0.6225383281707764 0.65625
100 0.5492079854011536 0.75
150 0.5876128673553467 0.65625
200 0.5462621450424194 0.78125
250 0.5374160408973694 0.78125
300 0.6241575479507446 0.59375
test 0 score: 0.6774193548387096
test 0 score: 0.6754032258064516
start 1-th train
0 0.5480815172195435 0.8125
50 0.580443799495697 0.71875
100 0.525093138217926 0.75
150 0.6595149636268616 0.625
200 0.49043574929237366 0.875
250 0.6048592329025269 0.65625
300 0.5335026979446411 0.78125
test 1 score: 0.7006048387096774
test 1 score: 0.7036290322580645
start 2-th train
0 0.5610085725784302 0.71875
50 0.5438063740730286 0.71875
100 0.7145609259605408 0.59375
150 0.5102663040161133 0.75
200 0.5318167805671692 0.78125
250 0.5560611486434937 0.71875
300 0.522648811340332 0.8125
test 2 score: 0.6320564516129032
test 2 score: 0.6320564516129032
start 3-th train
0 0.5982409715652466 0.6875
50 0.601955771446228 0.65625
100 0.4843931496143341 0.8125
150 0.5173916816711426 0.78125
200 0.4940066337585449 0.8125
250 0.5865095257759094 0.71875
300 0.6313109993934631 0.65625
test 3 score: 0.7157258064516129
test 3 score: 0.7207661290322581
start 4-th train
0 0.4750048518180847 0.8125
50 0.47004419565200806 0.8125
100 0.5264310240745544 0.78125
150 0.5037275552749634 0.8125
200 0.4800947904586792 0.78125
250 0.4884904623031616 0.8125
300 0.5357920527458191 0.78125
test 4 score: 0.6633064516129032
test 4 score: 0.6673387096774194
start 5-th train
0 0.49271970987319946 0.8125
50 0.5107230544090271 0.8125
100 0.4440910220146179 0.90625
150 0.5180647969245911 0.78125
200 0.5650769472122192 0.75
250 0.5395393967628479 0.71875
300 0.4348236918449402 0.875
test 5 score: 0.7278225806451613
test 5 score: 0.7247983870967742
start 6-th train
0 0.4519263803958893 0.90625
50 0.5051231980323792 0.78125
100 0.5672690272331238 0.71875
150 0.4802919626235962 0.8125
200 0.4501098096370697 0.84375
250 0.47024813294410706 0.84375
300 0.5530949831008911 0.75
test 6 score: 0.6804435483870968
test 6 score: 0.6794354838709677
start 7-th train
0 0.4383228123188019 0.90625
50 0.38708943128585815 0.9375
100 0.4824953079223633 0.84375
150 0.5628482699394226 0.75
200 0.4670441448688507 0.84375
250 0.5607651472091675 0.71875
300 0.5229623317718506 0.8125
test 7 score: 0.7691532258064516
test 7 score: 0.7681451612903226
start 8-th train
0 0.487985223531723 0.8125
50 0.45489630103111267 0.875
100 0.4676123261451721 0.875
150 0.4239928424358368 0.875
200 0.5303763151168823 0.71875
250 0.41853758692741394 0.90625
300 0.4880526661872864 0.84375
test 8 score: 0.751008064516129
test 8 score: 0.75
start 9-th train
0 0.45519277453422546 0.84375
50 0.43768149614334106 0.90625
100 0.44222643971443176 0.875
150 0.4695819020271301 0.84375
200 0.39822399616241455 0.90625
250 0.5059047341346741 0.8125
300 0.42827683687210083 0.875
test 9 score: 0.7429435483870968
test 9 score: 0.7469758064516129
start 10-th train
0 0.4610326588153839 0.84375
50 0.5019863247871399 0.8125
100 0.4901358485221863 0.8125
150 0.42516812682151794 0.90625
200 0.40701985359191895 0.90625
250 0.40653008222579956 0.90625
300 0.4382406771183014 0.875
test 10 score: 0.7610887096774194
test 10 score: 0.7590725806451613
start 11-th train
0 0.39223963022232056 0.96875
50 0.3933243453502655 0.9375
100 0.37342697381973267 0.96875
150 0.4521206021308899 0.84375
200 0.42940136790275574 0.90625
250 0.3726069927215576 0.96875
300 0.46332675218582153 0.84375
test 11 score: 0.7056451612903226
test 11 score: 0.7036290322580645
start 12-th train
0 0.4532438814640045 0.84375
50 0.43387743830680847 0.90625
100 0.3724365532398224 0.96875
150 0.3427105247974396 0.96875
200 0.4071289598941803 0.90625
250 0.43158721923828125 0.90625
300 0.44242775440216064 0.84375
test 12 score: 0.7600806451612904
test 12 score: 0.7620967741935484
start 13-th train
0 0.4174063503742218 0.90625
50 0.45493027567863464 0.84375
100 0.3938699960708618 0.90625
150 0.40008893609046936 0.90625
200 0.3693712651729584 0.96875
250 0.3931274712085724 0.9375
300 0.42631757259368896 0.875
test 13 score: 0.7137096774193549
test 13 score: 0.717741935483871
start 14-th train
0 0.4602620601654053 0.875
50 0.35196951031684875 0.96875
100 0.3648219406604767 0.96875
150 0.3862968981266022 0.9375
200 0.36011481285095215 0.96875
250 0.3768611252307892 0.9375
300 0.4387912154197693 0.875
test 14 score: 0.7358870967741935
test 14 score: 0.7419354838709677
start 15-th train
0 0.3890659511089325 0.9375
50 0.4538358151912689 0.84375
100 0.3676115870475769 0.96875
150 0.42300546169281006 0.9375
200 0.4600292444229126 0.84375
250 0.4646439850330353 0.84375
300 0.4470764100551605 0.84375
test 15 score: 0.7429435483870968
test 15 score: 0.7389112903225806
start 16-th train
0 0.34404635429382324 0.96875
50 0.45925888419151306 0.875
100 0.3829194903373718 0.9375
150 0.5451689958572388 0.75
200 0.34466901421546936 0.96875
250 0.3491935729980469 0.96875
300 0.3600160479545593 0.96875
test 16 score: 0.78125
test 16 score: 0.780241935483871
start 17-th train
0 0.4696362614631653 0.84375
50 0.3171207308769226 1.0
100 0.37189537286758423 0.96875
150 0.4149905741214752 0.90625
200 0.34955868124961853 0.9375
250 0.35182109475135803 0.96875
300 0.4666385352611542 0.84375
test 17 score: 0.7883064516129032
test 17 score: 0.7883064516129032
start 18-th train
0 0.34697243571281433 0.96875
50 0.3274930715560913 1.0
100 0.3823319375514984 0.9375
150 0.3845997750759125 0.9375
200 0.38776353001594543 0.90625
250 0.3650851249694824 0.9375
300 0.3503393232822418 0.96875
test 18 score: 0.7752016129032258
test 18 score: 0.7782258064516129
start 19-th train
0 0.3249828815460205 1.0
50 0.47630059719085693 0.84375
100 0.351911723613739 0.96875
150 0.3432564437389374 0.96875
200 0.35114216804504395 0.9375
250 0.3202390670776367 1.0